Traceback (most recent call last):
  File "./frankenstein.py", line 3, in <module>
    import requests
  File "e:\anaconda2\lib\site-packages\requests\__init__.py", line 52, in <module>
    from .packages.urllib3.contrib import pyopenssl
  File "e:\anaconda2\lib\site-packages\requests\packages\__init__.py", line 27, in <module>
    from . import urllib3
  File "e:\anaconda2\lib\site-packages\requests\packages\urllib3\__init__.py", line 8, in <module>
    from .connectionpool import (
  File "e:\anaconda2\lib\site-packages\requests\packages\urllib3\connectionpool.py", line 29, in <module>
    from .connection import (
  File "e:\anaconda2\lib\site-packages\requests\packages\urllib3\connection.py", line 39, in <module>
    from .util.ssl_ import (
  File "e:\anaconda2\lib\site-packages\requests\packages\urllib3\util\__init__.py", line 20, in <module>
    from .retry import Retry
  File "e:\anaconda2\lib\site-packages\requests\packages\urllib3\util\retry.py", line 6, in <module>
    import email
  File "e:\anaconda2\lib\email\__init__.py", line 5, in <module>
    """A package for parsing, handling, and generating email messages."""
KeyboardInterrupt
