return data: last bar 2017-04-27 09:35:00 last processed bar 1000-01-01 00:00:00
AES: Warning! 596 bars requested 20 bars returned.
start_idx [(19, Timestamp('2017-04-27 09:35:00'))]
start_ema 2017-04-27 08:00:00 start_vwap 2017-04-27 09:35:00 last_bar 2017-04-27 09:35:00 ET:  0.05  minutes
now 2017-04-27 09:45:00.308000 return None: last bar 2017-04-27 09:35:00 last processed bar 2017-04-27 09:35:00
AES getFeed did not return any data! last bar: 2017-04-27 09:35:00 now: 09:45:00.387000
now 2017-04-27 09:50:01.572000 return data: last bar 2017-04-27 09:40:00 last processed bar 2017-04-27 09:35:00
AES: Warning! 596 bars requested 21 bars returned.
start_idx [(19, Timestamp('2017-04-27 09:35:00'))]
start_ema 2017-04-27 08:00:00 start_vwap 2017-04-27 09:35:00 last_bar 2017-04-27 09:40:00 Writing to ./data/AES_livesignals_20170427_09_40_52.csv ./data/AES_last.csv
ET:  0.1  minutes
now 2017-04-27 09:55:00.944000 return data: last bar 2017-04-27 09:45:00 last processed bar 2017-04-27 09:40:00
AES: Warning! 596 bars requested 22 bars returned.
start_idx [(19, Timestamp('2017-04-27 09:35:00'))]
start_ema 2017-04-27 08:00:00 start_vwap 2017-04-27 09:35:00 last_bar 2017-04-27 09:45:00 Writing to ./data/AES_livesignals_20170427_09_40_52.csv ./data/AES_last.csv
ET:  0.07  minutes
now 2017-04-27 10:00:02.542000 return data: last bar 2017-04-27 09:50:00 last processed bar 2017-04-27 09:45:00
AES: Warning! 596 bars requested 23 bars returned.
start_idx [(19, Timestamp('2017-04-27 09:35:00'))]
start_ema 2017-04-27 08:00:00 start_vwap 2017-04-27 09:35:00 last_bar 2017-04-27 09:50:00 Writing to ./data/AES_livesignals_20170427_09_40_52.csv ./data/AES_last.csv
ET:  0.06  minutes
now 2017-04-27 10:05:00.114000 return data: last bar 2017-04-27 09:55:00 last processed bar 2017-04-27 09:50:00
AES: Warning! 596 bars requested 24 bars returned.
start_idx [(19, Timestamp('2017-04-27 09:35:00'))]
start_ema 2017-04-27 08:00:00 start_vwap 2017-04-27 09:35:00 last_bar 2017-04-27 09:55:00 Writing to ./data/AES_livesignals_20170427_09_40_52.csv ./data/AES_last.csv
ET:  0.06  minutes
now 2017-04-27 10:10:02.534000 return data: last bar 2017-04-27 10:00:00 last processed bar 2017-04-27 09:55:00
AES: Warning! 596 bars requested 25 bars returned.
start_idx [(19, Timestamp('2017-04-27 09:35:00'))]
start_ema 2017-04-27 08:00:00 start_vwap 2017-04-27 09:35:00 last_bar 2017-04-27 10:00:00 Writing to ./data/AES_livesignals_20170427_09_40_52.csv ./data/AES_last.csv
ET:  0.05  minutes
now 2017-04-27 10:15:00.911000 return data: last bar 2017-04-27 10:10:00 last processed bar 2017-04-27 10:00:00
AES: Warning! 596 bars requested 27 bars returned.
start_idx [(19, Timestamp('2017-04-27 09:35:00'))]
start_ema 2017-04-27 08:00:00 start_vwap 2017-04-27 09:35:00 last_bar 2017-04-27 10:10:00 Writing to ./data/AES_livesignals_20170427_09_40_52.csv ./data/AES_last.csv
ET:  0.08  minutes
now 2017-04-27 10:20:03.411000 return data: last bar 2017-04-27 10:15:00 last processed bar 2017-04-27 10:10:00
AES: Warning! 596 bars requested 28 bars returned.
start_idx [(19, Timestamp('2017-04-27 09:35:00'))]
start_ema 2017-04-27 08:00:00 start_vwap 2017-04-27 09:35:00 last_bar 2017-04-27 10:15:00 Writing to ./data/AES_livesignals_20170427_09_40_52.csv ./data/AES_last.csv
ET:  0.05  minutes
now 2017-04-27 10:25:00.372000 return data: last bar 2017-04-27 10:20:00 last processed bar 2017-04-27 10:15:00
AES: Warning! 596 bars requested 29 bars returned.
start_idx [(19, Timestamp('2017-04-27 09:35:00'))]
start_ema 2017-04-27 08:00:00 start_vwap 2017-04-27 09:35:00 last_bar 2017-04-27 10:20:00 Writing to ./data/AES_livesignals_20170427_09_40_52.csv ./data/AES_last.csv
ET:  0.1  minutes
now 2017-04-27 10:30:00.412000 return data: last bar 2017-04-27 10:25:00 last processed bar 2017-04-27 10:20:00
AES: Warning! 596 bars requested 30 bars returned.
start_idx [(19, Timestamp('2017-04-27 09:35:00'))]
start_ema 2017-04-27 08:00:00 start_vwap 2017-04-27 09:35:00 last_bar 2017-04-27 10:25:00 Writing to ./data/AES_livesignals_20170427_09_40_52.csv ./data/AES_last.csv
ET:  0.07  minutes
now 2017-04-27 10:35:01.921000 return data: last bar 2017-04-27 10:30:00 last processed bar 2017-04-27 10:25:00
AES: Warning! 596 bars requested 31 bars returned.
start_idx [(19, Timestamp('2017-04-27 09:35:00'))]
start_ema 2017-04-27 08:00:00 start_vwap 2017-04-27 09:35:00 last_bar 2017-04-27 10:30:00 Open                        11.365
High                        11.445
Low                         11.355
Close                       11.415
Volume                  1.3988e+06
ClosePC                 0.00439947
EMA9                       11.3506
EMA9PC                  0.00142132
EMA20                      11.3502
EMA9XEMA20                       1
ClosePC>0.003                    1
EMA9PC>0.001                     1
EMA9>EMA20                       1
VP                     1.59533e+07
TotalVP                8.51212e+07
TotalVolume            7.50442e+06
VWAP                       11.3428
EMA9>VWAP                        1
impulse                          1
state                            1
F                                1
_QTY                        11.415
QTY                            438
value                      4999.77
timestamp        20170427 10:35:03
Name: 2017-04-27 10:30:00, dtype: object
Signal Found! Transmitting order: {'symbol': 'AES', 'typeofsymbol': 'stock', 'quant': 438}
Saved ./data/110064634/AES.json
{
   "ok" : "1",
   "response" : [
      {
         "underlying" : null,
         "symbol" : "AES",
         "putcall" : null,
         "strike" : null,
         "typeofsymbol" : "stock",
         "quant" : "438",
         "expir" : null
      },
      {
         "underlying" : null,
         "symbol" : "AKBA",
         "putcall" : null,
         "strike" : null,
         "typeofsymbol" : "stock",
         "quant" : "381",
         "expir" : null
      },
      {
         "underlying" : null,
         "symbol" : "ATRS",
         "putcall" : null,
         "strike" : null,
         "typeofsymbol" : "stock",
         "quant" : "1555",
         "expir" : null
      }
   ]
}

sent signal to broker
Writing to ./data/AES_livesignals_20170427_09_40_52.csv ./data/AES_last.csv
ET:  0.09  minutes
now 2017-04-27 10:40:00.614000 return data: last bar 2017-04-27 10:35:00 last processed bar 2017-04-27 10:30:00
AES: Warning! 596 bars requested 32 bars returned.
start_idx [(19, Timestamp('2017-04-27 09:35:00'))]
start_ema 2017-04-27 08:00:00 start_vwap 2017-04-27 09:35:00 last_bar 2017-04-27 10:35:00 Writing to ./data/AES_livesignals_20170427_09_40_52.csv ./data/AES_last.csv
ET:  0.06  minutes
now 2017-04-27 10:45:03.570000 return data: last bar 2017-04-27 10:40:00 last processed bar 2017-04-27 10:35:00
AES: Warning! 596 bars requested 33 bars returned.
start_idx [(19, Timestamp('2017-04-27 09:35:00'))]
start_ema 2017-04-27 08:00:00 start_vwap 2017-04-27 09:35:00 last_bar 2017-04-27 10:40:00 Writing to ./data/AES_livesignals_20170427_09_40_52.csv ./data/AES_last.csv
ET:  0.07  minutes
now 2017-04-27 10:50:01.102000 return data: last bar 2017-04-27 10:45:00 last processed bar 2017-04-27 10:40:00
AES: Warning! 596 bars requested 34 bars returned.
start_idx [(19, Timestamp('2017-04-27 09:35:00'))]
start_ema 2017-04-27 08:00:00 start_vwap 2017-04-27 09:35:00 last_bar 2017-04-27 10:45:00 Writing to ./data/AES_livesignals_20170427_09_40_52.csv ./data/AES_last.csv
ET:  0.07  minutes
now 2017-04-27 10:55:01.458000 return data: last bar 2017-04-27 10:50:00 last processed bar 2017-04-27 10:45:00
AES: Warning! 596 bars requested 35 bars returned.
start_idx [(19, Timestamp('2017-04-27 09:35:00'))]
start_ema 2017-04-27 08:00:00 start_vwap 2017-04-27 09:35:00 last_bar 2017-04-27 10:50:00 Writing to ./data/AES_livesignals_20170427_09_40_52.csv ./data/AES_last.csv
ET:  0.08  minutes
now 2017-04-27 11:00:00.633000 return data: last bar 2017-04-27 10:55:00 last processed bar 2017-04-27 10:50:00
AES: Warning! 596 bars requested 36 bars returned.
start_idx [(19, Timestamp('2017-04-27 09:35:00'))]
start_ema 2017-04-27 08:00:00 start_vwap 2017-04-27 09:35:00 last_bar 2017-04-27 10:55:00 Writing to ./data/AES_livesignals_20170427_09_40_52.csv ./data/AES_last.csv
ET:  0.07  minutes
now 2017-04-27 11:05:02.388000 return data: last bar 2017-04-27 11:05:00 last processed bar 2017-04-27 10:55:00
AES: Warning! 596 bars requested 38 bars returned.
start_idx [(19, Timestamp('2017-04-27 09:35:00'))]
start_ema 2017-04-27 08:00:00 start_vwap 2017-04-27 09:35:00 last_bar 2017-04-27 11:05:00 Writing to ./data/AES_livesignals_20170427_09_40_52.csv ./data/AES_last.csv
ET:  0.05  minutes
now 2017-04-27 11:10:00.731000 return data: last bar 2017-04-27 11:10:00 last processed bar 2017-04-27 11:05:00
AES: Warning! 596 bars requested 39 bars returned.
start_idx [(19, Timestamp('2017-04-27 09:35:00'))]
start_ema 2017-04-27 08:00:00 start_vwap 2017-04-27 09:35:00 last_bar 2017-04-27 11:10:00 Writing to ./data/AES_livesignals_20170427_09_40_52.csv ./data/AES_last.csv
ET:  0.05  minutes
now 2017-04-27 11:15:01.507000 return data: last bar 2017-04-27 11:15:00 last processed bar 2017-04-27 11:10:00
AES: Warning! 596 bars requested 40 bars returned.
start_idx [(19, Timestamp('2017-04-27 09:35:00'))]
start_ema 2017-04-27 08:00:00 start_vwap 2017-04-27 09:35:00 last_bar 2017-04-27 11:15:00 Writing to ./data/AES_livesignals_20170427_09_40_52.csv ./data/AES_last.csv
ET:  0.08  minutes
now 2017-04-27 11:20:00.412000 return data: last bar 2017-04-27 11:20:00 last processed bar 2017-04-27 11:15:00
AES: Warning! 596 bars requested 41 bars returned.
start_idx [(19, Timestamp('2017-04-27 09:35:00'))]
start_ema 2017-04-27 08:00:00 start_vwap 2017-04-27 09:35:00 last_bar 2017-04-27 11:20:00 Writing to ./data/AES_livesignals_20170427_09_40_52.csv ./data/AES_last.csv
ET:  0.12  minutes
now 2017-04-27 11:25:03.951000 return data: last bar 2017-04-27 11:25:00 last processed bar 2017-04-27 11:20:00
AES: Warning! 596 bars requested 42 bars returned.
start_idx [(19, Timestamp('2017-04-27 09:35:00'))]
start_ema 2017-04-27 08:00:00 start_vwap 2017-04-27 09:35:00 last_bar 2017-04-27 11:25:00 Writing to ./data/AES_livesignals_20170427_09_40_52.csv ./data/AES_last.csv
ET:  0.05  minutes
now 2017-04-27 11:30:00.034000 return data: last bar 2017-04-27 11:30:00 last processed bar 2017-04-27 11:25:00
AES: Warning! 596 bars requested 43 bars returned.
start_idx [(19, Timestamp('2017-04-27 09:35:00'))]
start_ema 2017-04-27 08:00:00 start_vwap 2017-04-27 09:35:00 last_bar 2017-04-27 11:30:00 Writing to ./data/AES_livesignals_20170427_09_40_52.csv ./data/AES_last.csv
ET:  0.11  minutes
now 2017-04-27 11:35:01.218000 return data: last bar 2017-04-27 11:35:00 last processed bar 2017-04-27 11:30:00
AES: Warning! 596 bars requested 44 bars returned.
start_idx [(19, Timestamp('2017-04-27 09:35:00'))]
start_ema 2017-04-27 08:00:00 start_vwap 2017-04-27 09:35:00 last_bar 2017-04-27 11:35:00 Writing to ./data/AES_livesignals_20170427_09_40_52.csv ./data/AES_last.csv
ET:  0.07  minutes
now 2017-04-27 11:40:00.972000 return data: last bar 2017-04-27 11:40:00 last processed bar 2017-04-27 11:35:00
AES: Warning! 596 bars requested 45 bars returned.
start_idx [(19, Timestamp('2017-04-27 09:35:00'))]
start_ema 2017-04-27 08:00:00 start_vwap 2017-04-27 09:35:00 last_bar 2017-04-27 11:40:00 Writing to ./data/AES_livesignals_20170427_09_40_52.csv ./data/AES_last.csv
ET:  0.06  minutes
now 2017-04-27 11:45:01.302000 return data: last bar 2017-04-27 11:45:00 last processed bar 2017-04-27 11:40:00
AES: Warning! 596 bars requested 46 bars returned.
start_idx [(19, Timestamp('2017-04-27 09:35:00'))]
start_ema 2017-04-27 08:00:00 start_vwap 2017-04-27 09:35:00 last_bar 2017-04-27 11:45:00 Writing to ./data/AES_livesignals_20170427_09_40_52.csv ./data/AES_last.csv
ET:  0.07  minutes
now 2017-04-27 11:50:00.956000 return data: last bar 2017-04-27 11:50:00 last processed bar 2017-04-27 11:45:00
AES: Warning! 596 bars requested 47 bars returned.
start_idx [(19, Timestamp('2017-04-27 09:35:00'))]
start_ema 2017-04-27 08:00:00 start_vwap 2017-04-27 09:35:00 last_bar 2017-04-27 11:50:00 Writing to ./data/AES_livesignals_20170427_09_40_52.csv ./data/AES_last.csv
ET:  0.07  minutes
now 2017-04-27 11:55:00.004000 return data: last bar 2017-04-27 11:55:00 last processed bar 2017-04-27 11:50:00
AES: Warning! 596 bars requested 48 bars returned.
start_idx [(19, Timestamp('2017-04-27 09:35:00'))]
start_ema 2017-04-27 08:00:00 start_vwap 2017-04-27 09:35:00 last_bar 2017-04-27 11:55:00 Writing to ./data/AES_livesignals_20170427_09_40_52.csv ./data/AES_last.csv
ET:  0.06  minutes
now 2017-04-27 12:00:01.414000 return data: last bar 2017-04-27 12:00:00 last processed bar 2017-04-27 11:55:00
AES: Warning! 596 bars requested 49 bars returned.
start_idx [(19, Timestamp('2017-04-27 09:35:00'))]
start_ema 2017-04-27 08:00:00 start_vwap 2017-04-27 09:35:00 last_bar 2017-04-27 12:00:00 Writing to ./data/AES_livesignals_20170427_09_40_52.csv ./data/AES_last.csv
ET:  0.08  minutes
now 2017-04-27 12:05:00.839000 return data: last bar 2017-04-27 12:05:00 last processed bar 2017-04-27 12:00:00
AES: Warning! 596 bars requested 50 bars returned.
start_idx [(19, Timestamp('2017-04-27 09:35:00'))]
start_ema 2017-04-27 08:00:00 start_vwap 2017-04-27 09:35:00 last_bar 2017-04-27 12:05:00 Writing to ./data/AES_livesignals_20170427_09_40_52.csv ./data/AES_last.csv
ET:  0.05  minutes
now 2017-04-27 12:10:00.143000 return data: last bar 2017-04-27 12:10:00 last processed bar 2017-04-27 12:05:00
AES: Warning! 596 bars requested 51 bars returned.
start_idx [(19, Timestamp('2017-04-27 09:35:00'))]
start_ema 2017-04-27 08:00:00 start_vwap 2017-04-27 09:35:00 last_bar 2017-04-27 12:10:00 Writing to ./data/AES_livesignals_20170427_09_40_52.csv ./data/AES_last.csv
ET:  0.05  minutes
now 2017-04-27 12:15:00.750000 return data: last bar 2017-04-27 12:15:00 last processed bar 2017-04-27 12:10:00
AES: Warning! 596 bars requested 52 bars returned.
start_idx [(19, Timestamp('2017-04-27 09:35:00'))]
start_ema 2017-04-27 08:00:00 start_vwap 2017-04-27 09:35:00 last_bar 2017-04-27 12:15:00 Writing to ./data/AES_livesignals_20170427_09_40_52.csv ./data/AES_last.csv
ET:  0.06  minutes
now 2017-04-27 12:20:00.394000 return data: last bar 2017-04-27 12:20:00 last processed bar 2017-04-27 12:15:00
AES: Warning! 596 bars requested 53 bars returned.
start_idx [(19, Timestamp('2017-04-27 09:35:00'))]
start_ema 2017-04-27 08:00:00 start_vwap 2017-04-27 09:35:00 last_bar 2017-04-27 12:20:00 Writing to ./data/AES_livesignals_20170427_09_40_52.csv ./data/AES_last.csv
ET:  0.06  minutes
now 2017-04-27 12:25:00.137000 return data: last bar 2017-04-27 12:25:00 last processed bar 2017-04-27 12:20:00
AES: Warning! 596 bars requested 54 bars returned.
start_idx [(19, Timestamp('2017-04-27 09:35:00'))]
start_ema 2017-04-27 08:00:00 start_vwap 2017-04-27 09:35:00 last_bar 2017-04-27 12:25:00 Writing to ./data/AES_livesignals_20170427_09_40_52.csv ./data/AES_last.csv
ET:  0.05  minutes
now 2017-04-27 12:30:00.511000 return data: last bar 2017-04-27 12:30:00 last processed bar 2017-04-27 12:25:00
AES: Warning! 596 bars requested 55 bars returned.
start_idx [(19, Timestamp('2017-04-27 09:35:00'))]
start_ema 2017-04-27 08:00:00 start_vwap 2017-04-27 09:35:00 last_bar 2017-04-27 12:30:00 Writing to ./data/AES_livesignals_20170427_09_40_52.csv ./data/AES_last.csv
ET:  0.08  minutes
now 2017-04-27 12:35:00.593000 return data: last bar 2017-04-27 12:35:00 last processed bar 2017-04-27 12:30:00
AES: Warning! 596 bars requested 56 bars returned.
start_idx [(19, Timestamp('2017-04-27 09:35:00'))]
start_ema 2017-04-27 08:00:00 start_vwap 2017-04-27 09:35:00 last_bar 2017-04-27 12:35:00 Writing to ./data/AES_livesignals_20170427_09_40_52.csv ./data/AES_last.csv
ET:  0.08  minutes
now 2017-04-27 12:40:00.446000 return data: last bar 2017-04-27 12:40:00 last processed bar 2017-04-27 12:35:00
AES: Warning! 596 bars requested 57 bars returned.
start_idx [(19, Timestamp('2017-04-27 09:35:00'))]
start_ema 2017-04-27 08:00:00 start_vwap 2017-04-27 09:35:00 last_bar 2017-04-27 12:40:00 Writing to ./data/AES_livesignals_20170427_09_40_52.csv ./data/AES_last.csv
ET:  0.08  minutes
now 2017-04-27 12:45:00.262000 return data: last bar 2017-04-27 12:45:00 last processed bar 2017-04-27 12:40:00
AES: Warning! 596 bars requested 58 bars returned.
start_idx [(19, Timestamp('2017-04-27 09:35:00'))]
start_ema 2017-04-27 08:00:00 start_vwap 2017-04-27 09:35:00 last_bar 2017-04-27 12:45:00 Writing to ./data/AES_livesignals_20170427_09_40_52.csv ./data/AES_last.csv
ET:  0.09  minutes
now 2017-04-27 12:50:01.404000 return data: last bar 2017-04-27 12:50:00 last processed bar 2017-04-27 12:45:00
AES: Warning! 596 bars requested 59 bars returned.
start_idx [(19, Timestamp('2017-04-27 09:35:00'))]
start_ema 2017-04-27 08:00:00 start_vwap 2017-04-27 09:35:00 last_bar 2017-04-27 12:50:00 Writing to ./data/AES_livesignals_20170427_09_40_52.csv ./data/AES_last.csv
ET:  0.07  minutes
now 2017-04-27 12:55:00.802000 return data: last bar 2017-04-27 12:55:00 last processed bar 2017-04-27 12:50:00
AES: Warning! 596 bars requested 60 bars returned.
start_idx [(19, Timestamp('2017-04-27 09:35:00'))]
start_ema 2017-04-27 08:00:00 start_vwap 2017-04-27 09:35:00 last_bar 2017-04-27 12:55:00 Writing to ./data/AES_livesignals_20170427_09_40_52.csv ./data/AES_last.csv
ET:  0.1  minutes
now 2017-04-27 13:00:01.269000 return data: last bar 2017-04-27 13:00:00 last processed bar 2017-04-27 12:55:00
AES: Warning! 596 bars requested 61 bars returned.
start_idx [(19, Timestamp('2017-04-27 09:35:00'))]
start_ema 2017-04-27 08:00:00 start_vwap 2017-04-27 09:35:00 last_bar 2017-04-27 13:00:00 Writing to ./data/AES_livesignals_20170427_09_40_52.csv ./data/AES_last.csv
ET:  0.07  minutes
now 2017-04-27 13:05:00.675000 return data: last bar 2017-04-27 13:05:00 last processed bar 2017-04-27 13:00:00
AES: Warning! 596 bars requested 62 bars returned.
start_idx [(19, Timestamp('2017-04-27 09:35:00'))]
start_ema 2017-04-27 08:00:00 start_vwap 2017-04-27 09:35:00 last_bar 2017-04-27 13:05:00 Writing to ./data/AES_livesignals_20170427_09_40_52.csv ./data/AES_last.csv
ET:  0.07  minutes
now 2017-04-27 13:10:00.730000 return data: last bar 2017-04-27 13:10:00 last processed bar 2017-04-27 13:05:00
AES: Warning! 596 bars requested 63 bars returned.
start_idx [(19, Timestamp('2017-04-27 09:35:00'))]
start_ema 2017-04-27 08:00:00 start_vwap 2017-04-27 09:35:00 last_bar 2017-04-27 13:10:00 Writing to ./data/AES_livesignals_20170427_09_40_52.csv ./data/AES_last.csv
ET:  0.06  minutes
now 2017-04-27 13:15:01.099000 return data: last bar 2017-04-27 13:15:00 last processed bar 2017-04-27 13:10:00
AES: Warning! 596 bars requested 64 bars returned.
start_idx [(19, Timestamp('2017-04-27 09:35:00'))]
start_ema 2017-04-27 08:00:00 start_vwap 2017-04-27 09:35:00 last_bar 2017-04-27 13:15:00 Writing to ./data/AES_livesignals_20170427_09_40_52.csv ./data/AES_last.csv
ET:  0.08  minutes
now 2017-04-27 13:20:01.487000 return data: last bar 2017-04-27 13:20:00 last processed bar 2017-04-27 13:15:00
AES: Warning! 596 bars requested 65 bars returned.
start_idx [(19, Timestamp('2017-04-27 09:35:00'))]
start_ema 2017-04-27 08:00:00 start_vwap 2017-04-27 09:35:00 last_bar 2017-04-27 13:20:00 Writing to ./data/AES_livesignals_20170427_09_40_52.csv ./data/AES_last.csv
ET:  0.07  minutes
now 2017-04-27 13:25:01.306000 return data: last bar 2017-04-27 13:25:00 last processed bar 2017-04-27 13:20:00
AES: Warning! 596 bars requested 66 bars returned.
start_idx [(19, Timestamp('2017-04-27 09:35:00'))]
start_ema 2017-04-27 08:00:00 start_vwap 2017-04-27 09:35:00 last_bar 2017-04-27 13:25:00 Writing to ./data/AES_livesignals_20170427_09_40_52.csv ./data/AES_last.csv
ET:  0.08  minutes
now 2017-04-27 13:30:01.013000 return data: last bar 2017-04-27 13:30:00 last processed bar 2017-04-27 13:25:00
AES: Warning! 596 bars requested 67 bars returned.
start_idx [(19, Timestamp('2017-04-27 09:35:00'))]
start_ema 2017-04-27 08:00:00 start_vwap 2017-04-27 09:35:00 last_bar 2017-04-27 13:30:00 Writing to ./data/AES_livesignals_20170427_09_40_52.csv ./data/AES_last.csv
ET:  0.08  minutes
now 2017-04-27 13:35:00.991000 return data: last bar 2017-04-27 13:35:00 last processed bar 2017-04-27 13:30:00
AES: Warning! 596 bars requested 68 bars returned.
start_idx [(19, Timestamp('2017-04-27 09:35:00'))]
start_ema 2017-04-27 08:00:00 start_vwap 2017-04-27 09:35:00 last_bar 2017-04-27 13:35:00 Writing to ./data/AES_livesignals_20170427_09_40_52.csv ./data/AES_last.csv
ET:  0.06  minutes
now 2017-04-27 13:40:01.345000 return data: last bar 2017-04-27 13:40:00 last processed bar 2017-04-27 13:35:00
AES: Warning! 596 bars requested 69 bars returned.
start_idx [(19, Timestamp('2017-04-27 09:35:00'))]
start_ema 2017-04-27 08:00:00 start_vwap 2017-04-27 09:35:00 last_bar 2017-04-27 13:40:00 Writing to ./data/AES_livesignals_20170427_09_40_52.csv ./data/AES_last.csv
ET:  0.1  minutes
now 2017-04-27 13:45:00.104000 return data: last bar 2017-04-27 13:45:00 last processed bar 2017-04-27 13:40:00
AES: Warning! 596 bars requested 70 bars returned.
start_idx [(19, Timestamp('2017-04-27 09:35:00'))]
start_ema 2017-04-27 08:00:00 start_vwap 2017-04-27 09:35:00 last_bar 2017-04-27 13:45:00 Writing to ./data/AES_livesignals_20170427_09_40_52.csv ./data/AES_last.csv
ET:  0.07  minutes
now 2017-04-27 13:50:01.180000 return data: last bar 2017-04-27 13:50:00 last processed bar 2017-04-27 13:45:00
AES: Warning! 596 bars requested 71 bars returned.
start_idx [(19, Timestamp('2017-04-27 09:35:00'))]
start_ema 2017-04-27 08:00:00 start_vwap 2017-04-27 09:35:00 last_bar 2017-04-27 13:50:00 Writing to ./data/AES_livesignals_20170427_09_40_52.csv ./data/AES_last.csv
ET:  0.07  minutes
now 2017-04-27 13:55:00.887000 return data: last bar 2017-04-27 13:55:00 last processed bar 2017-04-27 13:50:00
AES: Warning! 596 bars requested 72 bars returned.
start_idx [(19, Timestamp('2017-04-27 09:35:00'))]
start_ema 2017-04-27 08:00:00 start_vwap 2017-04-27 09:35:00 last_bar 2017-04-27 13:55:00 Writing to ./data/AES_livesignals_20170427_09_40_52.csv ./data/AES_last.csv
ET:  0.08  minutes
now 2017-04-27 14:00:01.213000 return data: last bar 2017-04-27 14:00:00 last processed bar 2017-04-27 13:55:00
AES: Warning! 596 bars requested 73 bars returned.
start_idx [(19, Timestamp('2017-04-27 09:35:00'))]
start_ema 2017-04-27 08:00:00 start_vwap 2017-04-27 09:35:00 last_bar 2017-04-27 14:00:00 Writing to ./data/AES_livesignals_20170427_09_40_52.csv ./data/AES_last.csv
ET:  0.06  minutes
now 2017-04-27 14:05:01.529000 return data: last bar 2017-04-27 14:05:00 last processed bar 2017-04-27 14:00:00
AES: Warning! 596 bars requested 74 bars returned.
start_idx [(19, Timestamp('2017-04-27 09:35:00'))]
start_ema 2017-04-27 08:00:00 start_vwap 2017-04-27 09:35:00 last_bar 2017-04-27 14:05:00 Writing to ./data/AES_livesignals_20170427_09_40_52.csv ./data/AES_last.csv
ET:  0.04  minutes
now 2017-04-27 14:10:01.042000 return data: last bar 2017-04-27 14:10:00 last processed bar 2017-04-27 14:05:00
AES: Warning! 596 bars requested 75 bars returned.
start_idx [(19, Timestamp('2017-04-27 09:35:00'))]
start_ema 2017-04-27 08:00:00 start_vwap 2017-04-27 09:35:00 last_bar 2017-04-27 14:10:00 Writing to ./data/AES_livesignals_20170427_09_40_52.csv ./data/AES_last.csv
ET:  0.08  minutes
now 2017-04-27 14:15:00.035000 return data: last bar 2017-04-27 14:15:00 last processed bar 2017-04-27 14:10:00
AES: Warning! 596 bars requested 76 bars returned.
start_idx [(19, Timestamp('2017-04-27 09:35:00'))]
start_ema 2017-04-27 08:00:00 start_vwap 2017-04-27 09:35:00 last_bar 2017-04-27 14:15:00 Writing to ./data/AES_livesignals_20170427_09_40_52.csv ./data/AES_last.csv
ET:  0.08  minutes
now 2017-04-27 14:20:02.362000 return data: last bar 2017-04-27 14:20:00 last processed bar 2017-04-27 14:15:00
AES: Warning! 596 bars requested 77 bars returned.
start_idx [(19, Timestamp('2017-04-27 09:35:00'))]
start_ema 2017-04-27 08:00:00 start_vwap 2017-04-27 09:35:00 last_bar 2017-04-27 14:20:00 Writing to ./data/AES_livesignals_20170427_09_40_52.csv ./data/AES_last.csv
ET:  0.05  minutes
now 2017-04-27 14:25:01.124000 return data: last bar 2017-04-27 14:25:00 last processed bar 2017-04-27 14:20:00
AES: Warning! 596 bars requested 78 bars returned.
start_idx [(19, Timestamp('2017-04-27 09:35:00'))]
start_ema 2017-04-27 08:00:00 start_vwap 2017-04-27 09:35:00 last_bar 2017-04-27 14:25:00 Writing to ./data/AES_livesignals_20170427_09_40_52.csv ./data/AES_last.csv
ET:  0.08  minutes
now 2017-04-27 14:30:01.493000 return data: last bar 2017-04-27 14:30:00 last processed bar 2017-04-27 14:25:00
AES: Warning! 596 bars requested 79 bars returned.
start_idx [(19, Timestamp('2017-04-27 09:35:00'))]
start_ema 2017-04-27 08:00:00 start_vwap 2017-04-27 09:35:00 last_bar 2017-04-27 14:30:00 Writing to ./data/AES_livesignals_20170427_09_40_52.csv ./data/AES_last.csv
ET:  0.05  minutes
now 2017-04-27 14:35:01.468000 return data: last bar 2017-04-27 14:35:00 last processed bar 2017-04-27 14:30:00
AES: Warning! 596 bars requested 80 bars returned.
start_idx [(19, Timestamp('2017-04-27 09:35:00'))]
start_ema 2017-04-27 08:00:00 start_vwap 2017-04-27 09:35:00 last_bar 2017-04-27 14:35:00 Writing to ./data/AES_livesignals_20170427_09_40_52.csv ./data/AES_last.csv
ET:  0.06  minutes
now 2017-04-27 14:40:00.975000 return data: last bar 2017-04-27 14:40:00 last processed bar 2017-04-27 14:35:00
AES: Warning! 596 bars requested 81 bars returned.
start_idx [(19, Timestamp('2017-04-27 09:35:00'))]
start_ema 2017-04-27 08:00:00 start_vwap 2017-04-27 09:35:00 last_bar 2017-04-27 14:40:00 Writing to ./data/AES_livesignals_20170427_09_40_52.csv ./data/AES_last.csv
ET:  0.08  minutes
now 2017-04-27 14:45:01.661000 return data: last bar 2017-04-27 14:45:00 last processed bar 2017-04-27 14:40:00
AES: Warning! 596 bars requested 82 bars returned.
start_idx [(19, Timestamp('2017-04-27 09:35:00'))]
start_ema 2017-04-27 08:00:00 start_vwap 2017-04-27 09:35:00 last_bar 2017-04-27 14:45:00 Writing to ./data/AES_livesignals_20170427_09_40_52.csv ./data/AES_last.csv
ET:  0.02  minutes
now 2017-04-27 14:50:00.130000 return data: last bar 2017-04-27 14:50:00 last processed bar 2017-04-27 14:45:00
AES: Warning! 596 bars requested 83 bars returned.
start_idx [(19, Timestamp('2017-04-27 09:35:00'))]
start_ema 2017-04-27 08:00:00 start_vwap 2017-04-27 09:35:00 last_bar 2017-04-27 14:50:00 Writing to ./data/AES_livesignals_20170427_09_40_52.csv ./data/AES_last.csv
ET:  0.07  minutes
now 2017-04-27 14:55:00.376000 return data: last bar 2017-04-27 14:55:00 last processed bar 2017-04-27 14:50:00
AES: Warning! 596 bars requested 84 bars returned.
start_idx [(19, Timestamp('2017-04-27 09:35:00'))]
start_ema 2017-04-27 08:00:00 start_vwap 2017-04-27 09:35:00 last_bar 2017-04-27 14:55:00 Writing to ./data/AES_livesignals_20170427_09_40_52.csv ./data/AES_last.csv
ET:  0.04  minutes
now 2017-04-27 15:00:02.974000 return data: last bar 2017-04-27 15:00:00 last processed bar 2017-04-27 14:55:00
AES: Warning! 596 bars requested 85 bars returned.
start_idx [(19, Timestamp('2017-04-27 09:35:00'))]
start_ema 2017-04-27 08:00:00 start_vwap 2017-04-27 09:35:00 last_bar 2017-04-27 15:00:00 Writing to ./data/AES_livesignals_20170427_09_40_52.csv ./data/AES_last.csv
ET:  0.05  minutes
now 2017-04-27 15:05:01.423000 return data: last bar 2017-04-27 15:05:00 last processed bar 2017-04-27 15:00:00
AES: Warning! 596 bars requested 86 bars returned.
start_idx [(19, Timestamp('2017-04-27 09:35:00'))]
start_ema 2017-04-27 08:00:00 start_vwap 2017-04-27 09:35:00 last_bar 2017-04-27 15:05:00 Writing to ./data/AES_livesignals_20170427_09_40_52.csv ./data/AES_last.csv
ET:  0.06  minutes
now 2017-04-27 15:10:01.346000 return data: last bar 2017-04-27 15:10:00 last processed bar 2017-04-27 15:05:00
AES: Warning! 596 bars requested 87 bars returned.
start_idx [(19, Timestamp('2017-04-27 09:35:00'))]
start_ema 2017-04-27 08:00:00 start_vwap 2017-04-27 09:35:00 last_bar 2017-04-27 15:10:00 Writing to ./data/AES_livesignals_20170427_09_40_52.csv ./data/AES_last.csv
ET:  0.07  minutes
now 2017-04-27 15:15:01.034000 return data: last bar 2017-04-27 15:15:00 last processed bar 2017-04-27 15:10:00
AES: Warning! 596 bars requested 88 bars returned.
start_idx [(19, Timestamp('2017-04-27 09:35:00'))]
start_ema 2017-04-27 08:00:00 start_vwap 2017-04-27 09:35:00 last_bar 2017-04-27 15:15:00 Writing to ./data/AES_livesignals_20170427_09_40_52.csv ./data/AES_last.csv
ET:  0.07  minutes
now 2017-04-27 15:20:00.653000 return data: last bar 2017-04-27 15:20:00 last processed bar 2017-04-27 15:15:00
AES: Warning! 596 bars requested 89 bars returned.
start_idx [(19, Timestamp('2017-04-27 09:35:00'))]
start_ema 2017-04-27 08:00:00 start_vwap 2017-04-27 09:35:00 last_bar 2017-04-27 15:20:00 Writing to ./data/AES_livesignals_20170427_09_40_52.csv ./data/AES_last.csv
ET:  0.04  minutes
now 2017-04-27 15:25:03.105000 return data: last bar 2017-04-27 15:25:00 last processed bar 2017-04-27 15:20:00
AES: Warning! 596 bars requested 90 bars returned.
start_idx [(19, Timestamp('2017-04-27 09:35:00'))]
start_ema 2017-04-27 08:00:00 start_vwap 2017-04-27 09:35:00 last_bar 2017-04-27 15:25:00 Writing to ./data/AES_livesignals_20170427_09_40_52.csv ./data/AES_last.csv
ET:  0.05  minutes
now 2017-04-27 15:30:01.285000 return data: last bar 2017-04-27 15:30:00 last processed bar 2017-04-27 15:25:00
AES: Warning! 596 bars requested 91 bars returned.
start_idx [(19, Timestamp('2017-04-27 09:35:00'))]
start_ema 2017-04-27 08:00:00 start_vwap 2017-04-27 09:35:00 last_bar 2017-04-27 15:30:00 Writing to ./data/AES_livesignals_20170427_09_40_52.csv ./data/AES_last.csv
ET:  0.04  minutes
now 2017-04-27 15:35:01.546000 return data: last bar 2017-04-27 15:35:00 last processed bar 2017-04-27 15:30:00
AES: Warning! 596 bars requested 92 bars returned.
start_idx [(19, Timestamp('2017-04-27 09:35:00'))]
start_ema 2017-04-27 08:00:00 start_vwap 2017-04-27 09:35:00 last_bar 2017-04-27 15:35:00 Writing to ./data/AES_livesignals_20170427_09_40_52.csv ./data/AES_last.csv
ET:  0.04  minutes
now 2017-04-27 15:40:00.204000 return data: last bar 2017-04-27 15:40:00 last processed bar 2017-04-27 15:35:00
AES: Warning! 596 bars requested 93 bars returned.
start_idx [(19, Timestamp('2017-04-27 09:35:00'))]
start_ema 2017-04-27 08:00:00 start_vwap 2017-04-27 09:35:00 last_bar 2017-04-27 15:40:00 Writing to ./data/AES_livesignals_20170427_09_40_52.csv ./data/AES_last.csv
ET:  0.07  minutes
now 2017-04-27 15:45:00.437000 return data: last bar 2017-04-27 15:45:00 last processed bar 2017-04-27 15:40:00
AES: Warning! 596 bars requested 94 bars returned.
start_idx [(19, Timestamp('2017-04-27 09:35:00'))]
start_ema 2017-04-27 08:00:00 start_vwap 2017-04-27 09:35:00 last_bar 2017-04-27 15:45:00 Writing to ./data/AES_livesignals_20170427_09_40_52.csv ./data/AES_last.csv
ET:  0.07  minutes
now 2017-04-27 15:50:00.830000 return data: last bar 2017-04-27 15:50:00 last processed bar 2017-04-27 15:45:00
AES: Warning! 596 bars requested 95 bars returned.
start_idx [(19, Timestamp('2017-04-27 09:35:00'))]
start_ema 2017-04-27 08:00:00 start_vwap 2017-04-27 09:35:00 last_bar 2017-04-27 15:50:00 Writing to ./data/AES_livesignals_20170427_09_40_52.csv ./data/AES_last.csv
ET:  0.08  minutes
now 2017-04-27 15:55:01.262000
