last bar 2017-03-13 09:35:00 last processed bar 1000-01-01 00:00:00
start_ema 2017-03-10 14:35:00 start_vwap 2017-03-13 09:35:00 last_bar 2017-03-13 09:35:00 ET:  0.04  minutes
Writing to ./data/AEZS_livesignals_20170313_09_30_29.csv ./data/AEZS_last.csv
now 2017-03-13 09:30:31.930000 last bar 2017-03-13 09:35:00 last processed bar 2017-03-13 09:35:00
new bar not ready
now 2017-03-13 09:35:00.319000 last bar 2017-03-13 09:35:00 last processed bar 2017-03-13 09:35:00
new bar not ready
now 2017-03-13 09:40:00.981000 last bar 2017-03-13 09:40:00 last processed bar 2017-03-13 09:35:00
start_ema 2017-03-10 14:35:00 start_vwap 2017-03-13 09:35:00 last_bar 2017-03-13 09:40:00 ET:  9.71  minutes
now 2017-03-13 09:45:00.616000 last bar 2017-03-13 09:50:00 last processed bar 2017-03-13 09:40:00
start_ema 2017-03-10 14:35:00 start_vwap 2017-03-13 09:35:00 last_bar 2017-03-13 09:50:00 Transmitting {'symbol': 'AEZS', 'typeofsymbol': 'stock', 'quant': 1597}
Saved ./data/110064634/AEZS.json
DEBUG:requests.packages.urllib3.connectionpool:Starting new HTTPS connection (1): collective2.com
DEBUG:requests.packages.urllib3.connectionpool:https://collective2.com:443 "POST /world/apiv3/setDesiredPositions HTTP/1.1" 200 None
{
   "ok" : "1",
   "response" : [
      {
         "underlying" : null,
         "symbol" : "SWM",
         "putcall" : null,
         "strike" : null,
         "typeofsymbol" : "stock",
         "quant" : "122",
         "expir" : null
      },
      {
         "underlying" : null,
         "symbol" : "FTK",
         "putcall" : null,
         "strike" : null,
         "typeofsymbol" : "stock",
         "quant" : "412",
         "expir" : null
      },
      {
         "underlying" : null,
         "symbol" : "AKAO",
         "putcall" : null,
         "strike" : null,
         "typeofsymbol" : "stock",
         "quant" : "182",
         "expir" : null
      },
      {
         "underlying" : null,
         "symbol" : "TELL",
         "putcall" : null,
         "strike" : null,
         "typeofsymbol" : "stock",
         "quant" : "456",
         "expir" : null
      },
      {
         "underlying" : null,
         "symbol" : "NVDA",
         "putcall" : null,
         "strike" : null,
         "typeofsymbol" : "stock",
         "quant" : "49",
         "expir" : null
      },
      {
         "underlying" : null,
         "symbol" : "OAS",
         "putcall" : null,
         "strike" : null,
         "typeofsymbol" : "stock",
         "quant" : "381",
         "expir" : null
      },
      {
         "underlying" : null,
         "symbol" : "FSLR",
         "putcall" : null,
         "strike" : null,
         "typeofsymbol" : "stock",
         "quant" : "154",
         "expir" : null
      },
      {
         "underlying" : null,
         "symbol" : "AUPH",
         "putcall" : null,
         "strike" : null,
         "typeofsymbol" : "stock",
         "quant" : "1",
         "expir" : null
      },
      {
         "underlying" : null,
         "symbol" : "GPRE",
         "putcall" : null,
         "strike" : null,
         "typeofsymbol" : "stock",
         "quant" : "214",
         "expir" : null
      },
      {
         "underlying" : null,
         "symbol" : "TTPH",
         "putcall" : null,
         "strike" : null,
         "typeofsymbol" : "stock",
         "quant" : "699",
         "expir" : null
      },
      {
         "underlying" : null,
         "symbol" : "AEZS",
         "putcall" : null,
         "strike" : null,
         "typeofsymbol" : "stock",
         "quant" : "1597",
         "expir" : null
      },
      {
         "underlying" : null,
         "symbol" : "GSM",
         "putcall" : null,
         "strike" : null,
         "typeofsymbol" : "stock",
         "quant" : "485",
         "expir" : null
      },
      {
         "underlying" : null,
         "symbol" : "ZAGG",
         "putcall" : null,
         "strike" : null,
         "typeofsymbol" : "stock",
         "quant" : "714",
         "expir" : null
      },
      {
         "underlying" : null,
         "symbol" : "SHLD",
         "putcall" : null,
         "strike" : null,
         "typeofsymbol" : "stock",
         "quant" : "528",
         "expir" : null
      }
   ]
}

sent signal to broker
ET:  14.69  minutes
now 2017-03-13 09:50:00.791000
