return data: last bar 2017-04-24 10:30:00 last processed bar 1000-01-01 00:00:00
start_idx [(583, Timestamp('2017-04-24 09:35:00'))]
start_ema 2017-04-24 08:00:00 start_vwap 2017-04-24 09:35:00 last_bar 2017-04-24 10:30:00 ET:  0.02  minutes
now 2017-04-24 10:35:00.217000 return None: last bar 2017-04-24 10:30:00 last processed bar 2017-04-24 10:30:00
AKS getFeed did not return any data! last bar: 2017-04-24 10:30:00 now: 10:35:00.726000
now 2017-04-24 10:40:01.537000 return data: last bar 2017-04-24 10:35:00 last processed bar 2017-04-24 10:30:00
start_idx [(582, Timestamp('2017-04-24 09:35:00'))]
start_ema 2017-04-24 08:00:00 start_vwap 2017-04-24 09:35:00 last_bar 2017-04-24 10:35:00 Writing to ./data/AKS_livesignals_20170424_10_33_14.csv ./data/AKS_last.csv
ET:  0.19  minutes
now 2017-04-24 10:45:00.898000 return data: last bar 2017-04-24 10:40:00 last processed bar 2017-04-24 10:35:00
start_idx [(581, Timestamp('2017-04-24 09:35:00'))]
start_ema 2017-04-24 08:00:00 start_vwap 2017-04-24 09:35:00 last_bar 2017-04-24 10:40:00 Close                        6.965
High                         6.965
Low                          6.925
Open                         6.925
Volume                      702456
ClosePC                 0.00577617
EMA9                       6.92065
EMA9PC                  0.00160471
EMA20                       6.9202
EMA9XEMA20                       1
ClosePC>0.003                    1
EMA9PC>0.001                     1
EMA9>EMA20                       1
VP                     4.88324e+06
TotalVP                6.55184e+07
TotalVolume            9.45732e+06
VWAP                       6.92779
EMA9>VWAP                       -1
impulse                          1
state                            1
F                                1
_QTY                         6.965
QTY                            717
value                       4993.9
timestamp        20170424 10:45:06
Name: 2017-04-24 10:40:00, dtype: object
Signal Found! Transmitting order: {'symbol': 'AKS', 'typeofsymbol': 'stock', 'quant': 717}
Saved ./data/110064634/AKS.json
{
   "ok" : "1",
   "response" : [
      {
         "underlying" : null,
         "symbol" : "AKS",
         "putcall" : null,
         "strike" : null,
         "typeofsymbol" : "stock",
         "quant" : "717",
         "expir" : null
      }
   ]
}

sent signal to broker
Writing to ./data/AKS_livesignals_20170424_10_33_14.csv ./data/AKS_last.csv
ET:  0.26  minutes
now 2017-04-24 10:50:01.431000 return data: last bar 2017-04-24 10:45:00 last processed bar 2017-04-24 10:40:00
start_idx [(580, Timestamp('2017-04-24 09:35:00'))]
start_ema 2017-04-24 08:00:00 start_vwap 2017-04-24 09:35:00 last_bar 2017-04-24 10:45:00 Writing to ./data/AKS_livesignals_20170424_10_33_14.csv ./data/AKS_last.csv
ET:  0.16  minutes
now 2017-04-24 10:55:00.054000 return data: last bar 2017-04-24 10:50:00 last processed bar 2017-04-24 10:45:00
start_idx [(579, Timestamp('2017-04-24 09:35:00'))]
start_ema 2017-04-24 08:00:00 start_vwap 2017-04-24 09:35:00 last_bar 2017-04-24 10:50:00 Writing to ./data/AKS_livesignals_20170424_10_33_14.csv ./data/AKS_last.csv
ET:  0.06  minutes
now 2017-04-24 11:00:01.599000 return data: last bar 2017-04-24 10:55:00 last processed bar 2017-04-24 10:50:00
start_idx [(578, Timestamp('2017-04-24 09:35:00'))]
start_ema 2017-04-24 08:00:00 start_vwap 2017-04-24 09:35:00 last_bar 2017-04-24 10:55:00 Writing to ./data/AKS_livesignals_20170424_10_33_14.csv ./data/AKS_last.csv
ET:  0.25  minutes
now 2017-04-24 11:05:01.557000 return data: last bar 2017-04-24 11:00:00 last processed bar 2017-04-24 10:55:00
start_idx [(577, Timestamp('2017-04-24 09:35:00'))]
start_ema 2017-04-24 08:00:00 start_vwap 2017-04-24 09:35:00 last_bar 2017-04-24 11:00:00 Writing to ./data/AKS_livesignals_20170424_10_33_14.csv ./data/AKS_last.csv
ET:  0.25  minutes
now 2017-04-24 11:10:01.884000 return data: last bar 2017-04-24 11:10:00 last processed bar 2017-04-24 11:00:00
start_idx [(575, Timestamp('2017-04-24 09:35:00'))]
start_ema 2017-04-24 08:00:00 start_vwap 2017-04-24 09:35:00 last_bar 2017-04-24 11:10:00 Writing to ./data/AKS_livesignals_20170424_10_33_14.csv ./data/AKS_last.csv
ET:  0.23  minutes
now 2017-04-24 11:15:01.714000 return None: last bar 2017-04-24 11:10:00 last processed bar 2017-04-24 11:10:00
AKS getFeed did not return any data! last bar: 2017-04-24 11:10:00 now: 11:15:13.847000
now 2017-04-24 11:20:00.754000 return data: last bar 2017-04-24 11:15:00 last processed bar 2017-04-24 11:10:00
start_idx [(574, Timestamp('2017-04-24 09:35:00'))]
start_ema 2017-04-24 08:00:00 start_vwap 2017-04-24 09:35:00 last_bar 2017-04-24 11:15:00 Writing to ./data/AKS_livesignals_20170424_10_33_14.csv ./data/AKS_last.csv
ET:  0.17  minutes
now 2017-04-24 11:25:01.601000 return data: last bar 2017-04-24 11:20:00 last processed bar 2017-04-24 11:15:00
2 bars requested 2 bars returned
start_idx [(0, Timestamp('2017-04-24 09:35:00'))]
start_ema 2017-04-24 09:50:00 data.dropna() feed returned insufficient data
now 2017-04-24 11:30:00.021000 return data: last bar 2017-04-24 11:25:00 last processed bar 2017-04-24 11:20:00
2 bars requested 2 bars returned
start_idx [(0, Timestamp('2017-04-24 09:35:00'))]
start_ema 2017-04-24 09:50:00 data.dropna() feed returned insufficient data
now 2017-04-24 11:35:00.472000 return data: last bar 2017-04-24 11:30:00 last processed bar 2017-04-24 11:25:00
2 bars requested 2 bars returned
start_idx [(0, Timestamp('2017-04-24 09:35:00'))]
start_ema 2017-04-24 09:50:00 data.dropna() feed returned insufficient data
now 2017-04-24 11:40:00.956000 return data: last bar 2017-04-24 11:35:00 last processed bar 2017-04-24 11:30:00
2 bars requested 2 bars returned
start_idx [(0, Timestamp('2017-04-24 09:35:00'))]
start_ema 2017-04-24 09:50:00 data.dropna() feed returned insufficient data
now 2017-04-24 11:45:00.718000 return data: last bar 2017-04-24 11:40:00 last processed bar 2017-04-24 11:35:00
2 bars requested 2 bars returned
start_idx [(0, Timestamp('2017-04-24 09:35:00'))]
start_ema 2017-04-24 09:50:00 data.dropna() feed returned insufficient data
now 2017-04-24 11:50:00.963000 return data: last bar 2017-04-24 11:45:00 last processed bar 2017-04-24 11:40:00
2 bars requested 2 bars returned
start_idx [(0, Timestamp('2017-04-24 09:35:00'))]
start_ema 2017-04-24 09:50:00 data.dropna() feed returned insufficient data
now 2017-04-24 11:55:00.858000 return data: last bar 2017-04-24 11:50:00 last processed bar 2017-04-24 11:45:00
2 bars requested 2 bars returned
start_idx [(0, Timestamp('2017-04-24 09:35:00'))]
start_ema 2017-04-24 09:50:00 data.dropna() feed returned insufficient data
now 2017-04-24 12:00:00.461000 return data: last bar 2017-04-24 11:55:00 last processed bar 2017-04-24 11:50:00
2 bars requested 2 bars returned
start_idx [(0, Timestamp('2017-04-24 09:35:00'))]
start_ema 2017-04-24 09:50:00 data.dropna() feed returned insufficient data
now 2017-04-24 12:05:00.566000 return data: last bar 2017-04-24 12:00:00 last processed bar 2017-04-24 11:55:00
2 bars requested 2 bars returned
start_idx [(0, Timestamp('2017-04-24 09:35:00'))]
start_ema 2017-04-24 09:50:00 data.dropna() feed returned insufficient data
now 2017-04-24 12:10:00.235000 return data: last bar 2017-04-24 12:05:00 last processed bar 2017-04-24 12:00:00
2 bars requested 2 bars returned
start_idx [(0, Timestamp('2017-04-24 09:35:00'))]
start_ema 2017-04-24 09:50:00 data.dropna() feed returned insufficient data
now 2017-04-24 12:15:00.415000 return data: last bar 2017-04-24 12:10:00 last processed bar 2017-04-24 12:05:00
2 bars requested 2 bars returned
start_idx [(0, Timestamp('2017-04-24 09:35:00'))]
start_ema 2017-04-24 09:50:00 data.dropna() feed returned insufficient data
now 2017-04-24 12:20:00.728000 return data: last bar 2017-04-24 12:15:00 last processed bar 2017-04-24 12:10:00
2 bars requested 2 bars returned
start_idx [(0, Timestamp('2017-04-24 09:35:00'))]
start_ema 2017-04-24 09:50:00 data.dropna() feed returned insufficient data
now 2017-04-24 12:25:00.557000 return data: last bar 2017-04-24 12:20:00 last processed bar 2017-04-24 12:15:00
2 bars requested 2 bars returned
start_idx [(0, Timestamp('2017-04-24 09:35:00'))]
start_ema 2017-04-24 09:50:00 data.dropna() feed returned insufficient data
now 2017-04-24 12:30:00.868000 return data: last bar 2017-04-24 12:25:00 last processed bar 2017-04-24 12:20:00
2 bars requested 2 bars returned
start_idx [(0, Timestamp('2017-04-24 09:35:00'))]
start_ema 2017-04-24 09:50:00 data.dropna() feed returned insufficient data
now 2017-04-24 12:35:01.056000 return data: last bar 2017-04-24 12:35:00 last processed bar 2017-04-24 12:25:00
2 bars requested 2 bars returned
start_idx [(0, Timestamp('2017-04-24 09:35:00'))]
start_ema 2017-04-24 09:50:00 data.dropna() feed returned insufficient data
now 2017-04-24 12:40:00.927000 return data: last bar 2017-04-24 12:40:00 last processed bar 2017-04-24 12:35:00
2 bars requested 2 bars returned
start_idx [(0, Timestamp('2017-04-24 09:35:00'))]
start_ema 2017-04-24 09:50:00 data.dropna() feed returned insufficient data
now 2017-04-24 12:45:00.172000 return data: last bar 2017-04-24 12:45:00 last processed bar 2017-04-24 12:40:00
2 bars requested 2 bars returned
start_idx [(0, Timestamp('2017-04-24 09:35:00'))]
start_ema 2017-04-24 09:50:00 data.dropna() feed returned insufficient data
now 2017-04-24 12:50:00.020000 return None: last bar 2017-04-24 12:45:00 last processed bar 2017-04-24 12:45:00
2 bars requested None returned
AKS getFeed did not return any data! last bar: 2017-04-24 12:45:00 now: 12:50:00.036000
now 2017-04-24 12:55:00.478000 return data: last bar 2017-04-24 12:50:00 last processed bar 2017-04-24 12:45:00
2 bars requested 2 bars returned
start_idx [(0, Timestamp('2017-04-24 09:35:00'))]
start_ema 2017-04-24 09:50:00 data.dropna() feed returned insufficient data
now 2017-04-24 13:00:00.147000 return data: last bar 2017-04-24 12:55:00 last processed bar 2017-04-24 12:50:00
2 bars requested 2 bars returned
start_idx [(0, Timestamp('2017-04-24 09:35:00'))]
start_ema 2017-04-24 09:50:00 data.dropna() feed returned insufficient data
now 2017-04-24 13:05:00.759000 return data: last bar 2017-04-24 13:05:00 last processed bar 2017-04-24 12:55:00
2 bars requested 2 bars returned
start_idx [(0, Timestamp('2017-04-24 09:35:00'))]
start_ema 2017-04-24 09:50:00 data.dropna() feed returned insufficient data
now 2017-04-24 13:10:00.383000 return data: last bar 2017-04-24 13:10:00 last processed bar 2017-04-24 13:05:00
2 bars requested 2 bars returned
start_idx [(0, Timestamp('2017-04-24 09:35:00'))]
start_ema 2017-04-24 09:50:00 data.dropna() feed returned insufficient data
now 2017-04-24 13:15:00.886000 return data: last bar 2017-04-24 13:15:00 last processed bar 2017-04-24 13:10:00
2 bars requested 2 bars returned
start_idx [(0, Timestamp('2017-04-24 09:35:00'))]
start_ema 2017-04-24 09:50:00 data.dropna() feed returned insufficient data
now 2017-04-24 13:20:00.047000 return None: last bar 2017-04-24 13:15:00 last processed bar 2017-04-24 13:15:00
2 bars requested None returned
AKS getFeed did not return any data! last bar: 2017-04-24 13:15:00 now: 13:20:00.080000
now 2017-04-24 13:25:00.229000 return data: last bar 2017-04-24 13:20:00 last processed bar 2017-04-24 13:15:00
2 bars requested 2 bars returned
start_idx [(0, Timestamp('2017-04-24 09:35:00'))]
start_ema 2017-04-24 09:50:00 data.dropna() feed returned insufficient data
now 2017-04-24 13:30:01.074000 return data: last bar 2017-04-24 13:30:00 last processed bar 2017-04-24 13:20:00
2 bars requested 2 bars returned
start_idx [(0, Timestamp('2017-04-24 09:35:00'))]
start_ema 2017-04-24 09:50:00 data.dropna() feed returned insufficient data
now 2017-04-24 13:35:00.984000 return None: last bar 2017-04-24 13:30:00 last processed bar 2017-04-24 13:30:00
2 bars requested None returned
AKS getFeed did not return any data! last bar: 2017-04-24 13:30:00 now: 13:35:01.421000
now 2017-04-24 13:40:00.409000 return data: last bar 2017-04-24 13:35:00 last processed bar 2017-04-24 13:30:00
2 bars requested 2 bars returned
start_idx [(0, Timestamp('2017-04-24 09:35:00'))]
start_ema 2017-04-24 09:50:00 data.dropna() feed returned insufficient data
now 2017-04-24 13:45:00.591000 return data: last bar 2017-04-24 13:40:00 last processed bar 2017-04-24 13:35:00
2 bars requested 2 bars returned
start_idx [(0, Timestamp('2017-04-24 09:35:00'))]
start_ema 2017-04-24 09:50:00 data.dropna() feed returned insufficient data
now 2017-04-24 13:50:00.690000 return data: last bar 2017-04-24 13:45:00 last processed bar 2017-04-24 13:40:00
2 bars requested 2 bars returned
start_idx [(0, Timestamp('2017-04-24 09:35:00'))]
start_ema 2017-04-24 09:50:00 data.dropna() feed returned insufficient data
now 2017-04-24 13:55:00.334000 return data: last bar 2017-04-24 13:55:00 last processed bar 2017-04-24 13:45:00
2 bars requested 2 bars returned
start_idx [(0, Timestamp('2017-04-24 09:35:00'))]
start_ema 2017-04-24 09:50:00 data.dropna() feed returned insufficient data
now 2017-04-24 14:00:00.373000 return data: last bar 2017-04-24 14:00:00 last processed bar 2017-04-24 13:55:00
2 bars requested 2 bars returned
start_idx [(0, Timestamp('2017-04-24 09:35:00'))]
start_ema 2017-04-24 09:50:00 data.dropna() feed returned insufficient data
now 2017-04-24 14:05:00.481000 return None: last bar 2017-04-24 14:00:00 last processed bar 2017-04-24 14:00:00
2 bars requested None returned
AKS getFeed did not return any data! last bar: 2017-04-24 14:00:00 now: 14:05:01.567000
now 2017-04-24 14:10:00.403000 return data: last bar 2017-04-24 14:05:00 last processed bar 2017-04-24 14:00:00
2 bars requested 2 bars returned
start_idx [(0, Timestamp('2017-04-24 09:35:00'))]
start_ema 2017-04-24 09:50:00 data.dropna() feed returned insufficient data
now 2017-04-24 14:15:00.995000 return data: last bar 2017-04-24 14:10:00 last processed bar 2017-04-24 14:05:00
2 bars requested 2 bars returned
start_idx [(0, Timestamp('2017-04-24 09:35:00'))]
start_ema 2017-04-24 09:50:00 data.dropna() feed returned insufficient data
now 2017-04-24 14:20:00.844000 return data: last bar 2017-04-24 14:15:00 last processed bar 2017-04-24 14:10:00
2 bars requested 2 bars returned
start_idx [(0, Timestamp('2017-04-24 09:35:00'))]
start_ema 2017-04-24 09:50:00 data.dropna() feed returned insufficient data
now 2017-04-24 14:25:00.104000 return data: last bar 2017-04-24 14:20:00 last processed bar 2017-04-24 14:15:00
2 bars requested 2 bars returned
start_idx [(0, Timestamp('2017-04-24 09:35:00'))]
start_ema 2017-04-24 09:50:00 data.dropna() feed returned insufficient data
now 2017-04-24 14:30:01.087000 return data: last bar 2017-04-24 14:25:00 last processed bar 2017-04-24 14:20:00
2 bars requested 2 bars returned
start_idx [(0, Timestamp('2017-04-24 09:35:00'))]
start_ema 2017-04-24 09:50:00 data.dropna() feed returned insufficient data
now 2017-04-24 14:35:00.979000 return data: last bar 2017-04-24 14:35:00 last processed bar 2017-04-24 14:25:00
2 bars requested 2 bars returned
start_idx [(0, Timestamp('2017-04-24 09:35:00'))]
start_ema 2017-04-24 09:50:00 data.dropna() feed returned insufficient data
now 2017-04-24 14:40:00.401000 return None: last bar 2017-04-24 14:35:00 last processed bar 2017-04-24 14:35:00
2 bars requested None returned
AKS getFeed did not return any data! last bar: 2017-04-24 14:35:00 now: 14:40:00.675000
now 2017-04-24 14:45:00.735000 return data: last bar 2017-04-24 14:45:00 last processed bar 2017-04-24 14:35:00
2 bars requested 2 bars returned
start_idx [(0, Timestamp('2017-04-24 09:35:00'))]
start_ema 2017-04-24 09:50:00 data.dropna() feed returned insufficient data
now 2017-04-24 14:50:00.845000 return None: last bar 2017-04-24 14:45:00 last processed bar 2017-04-24 14:45:00
2 bars requested None returned
AKS getFeed did not return any data! last bar: 2017-04-24 14:45:00 now: 14:50:01.398000
now 2017-04-24 14:55:00.757000 return None: last bar 2017-04-24 14:45:00 last processed bar 2017-04-24 14:45:00
2 bars requested None returned
AKS getFeed did not return any data! last bar: 2017-04-24 14:45:00 now: 14:55:01.609000
now 2017-04-24 15:00:00.215000 return None: last bar 2017-04-24 14:45:00 last processed bar 2017-04-24 14:45:00
2 bars requested None returned
AKS getFeed did not return any data! last bar: 2017-04-24 14:45:00 now: 15:00:00.247000
now 2017-04-24 15:05:00.321000 return None: last bar 2017-04-24 14:45:00 last processed bar 2017-04-24 14:45:00
2 bars requested None returned
AKS getFeed did not return any data! last bar: 2017-04-24 14:45:00 now: 15:05:00.375000
now 2017-04-24 15:10:00.952000 return None: last bar 2017-04-24 14:45:00 last processed bar 2017-04-24 14:45:00
2 bars requested None returned
AKS getFeed did not return any data! last bar: 2017-04-24 14:45:00 now: 15:10:02.001000
now 2017-04-24 15:15:00.993000 return None: last bar 2017-04-24 14:45:00 last processed bar 2017-04-24 14:45:00
2 bars requested None returned
AKS getFeed did not return any data! last bar: 2017-04-24 14:45:00 now: 15:15:01.506000
now 2017-04-24 15:20:01.045000 return None: last bar 2017-04-24 14:45:00 last processed bar 2017-04-24 14:45:00
2 bars requested None returned
AKS getFeed did not return any data! last bar: 2017-04-24 14:45:00 now: 15:20:01.631000
now 2017-04-24 15:25:00.178000 return None: last bar 2017-04-24 14:45:00 last processed bar 2017-04-24 14:45:00
2 bars requested None returned
AKS getFeed did not return any data! last bar: 2017-04-24 14:45:00 now: 15:25:00.198000
now 2017-04-24 15:30:00.194000 return None: last bar 2017-04-24 14:45:00 last processed bar 2017-04-24 14:45:00
2 bars requested None returned
AKS getFeed did not return any data! last bar: 2017-04-24 14:45:00 now: 15:30:00.420000
now 2017-04-24 15:35:00.913000 return None: last bar 2017-04-24 14:45:00 last processed bar 2017-04-24 14:45:00
2 bars requested None returned
AKS getFeed did not return any data! last bar: 2017-04-24 14:45:00 now: 15:35:01.222000
now 2017-04-24 15:40:00.425000 return None: last bar 2017-04-24 14:45:00 last processed bar 2017-04-24 14:45:00
2 bars requested None returned
AKS getFeed did not return any data! last bar: 2017-04-24 14:45:00 now: 15:40:01.206000
now 2017-04-24 15:45:00.407000 return None: last bar 2017-04-24 14:45:00 last processed bar 2017-04-24 14:45:00
2 bars requested None returned
AKS getFeed did not return any data! last bar: 2017-04-24 14:45:00 now: 15:45:00.730000
now 2017-04-24 15:50:00.396000 return None: last bar 2017-04-24 14:45:00 last processed bar 2017-04-24 14:45:00
2 bars requested None returned
AKS getFeed did not return any data! last bar: 2017-04-24 14:45:00 now: 15:50:00.673000
now 2017-04-24 15:55:00.908000
