last bar 2017-03-13 09:35:00 last processed bar 1000-01-01 00:00:00
start_ema 2017-03-10 16:40:00 start_vwap 2017-03-13 09:35:00 last_bar 2017-03-13 09:35:00 ET:  0.04  minutes
Writing to ./data/AMZN_livesignals_20170313_09_30_34.csv ./data/AMZN_last.csv
now 2017-03-13 09:30:37.457000 last bar 2017-03-13 09:35:00 last processed bar 2017-03-13 09:35:00
new bar not ready
now 2017-03-13 09:35:00.197000 last bar 2017-03-13 09:35:00 last processed bar 2017-03-13 09:35:00
new bar not ready
now 2017-03-13 09:40:00.124000 last bar 2017-03-13 09:45:00 last processed bar 2017-03-13 09:35:00
start_ema 2017-03-10 16:40:00 start_vwap 2017-03-13 09:35:00 last_bar 2017-03-13 09:45:00 ET:  9.54  minutes
now 2017-03-13 09:45:00.270000 last bar 2017-03-13 09:45:00 last processed bar 2017-03-13 09:45:00
new bar not ready
now 2017-03-13 09:50:00.921000 last bar 2017-03-13 09:55:00 last processed bar 2017-03-13 09:45:00
start_ema 2017-03-10 16:40:00 start_vwap 2017-03-13 09:35:00 last_bar 2017-03-13 09:55:00 ET:  19.55  minutes
now 2017-03-13 09:55:00.565000 last bar 2017-03-13 10:00:00 last processed bar 2017-03-13 09:55:00
start_ema 2017-03-10 16:40:00 start_vwap 2017-03-13 09:35:00 last_bar 2017-03-13 10:00:00 ET:  24.58  minutes
now 2017-03-13 10:00:00.422000 last bar 2017-03-13 10:05:00 last processed bar 2017-03-13 10:00:00
start_ema 2017-03-10 16:40:00 start_vwap 2017-03-13 09:35:00 last_bar 2017-03-13 10:05:00 ET:  29.55  minutes
now 2017-03-13 10:05:00.915000 last bar 2017-03-13 10:10:00 last processed bar 2017-03-13 10:05:00
start_ema 2017-03-10 16:40:00 start_vwap 2017-03-13 09:35:00 last_bar 2017-03-13 10:10:00 ET:  34.55  minutes
now 2017-03-13 10:10:00.025000 last bar 2017-03-13 10:10:00 last processed bar 2017-03-13 10:10:00
new bar not ready
now 2017-03-13 10:15:00.032000 last bar 2017-03-13 10:15:00 last processed bar 2017-03-13 10:10:00
start_ema 2017-03-10 16:40:00 start_vwap 2017-03-13 09:35:00 last_bar 2017-03-13 10:15:00 ET:  44.52  minutes
now 2017-03-13 10:20:00.192000 last bar 2017-03-13 10:25:00 last processed bar 2017-03-13 10:15:00
start_ema 2017-03-10 16:40:00 start_vwap 2017-03-13 09:35:00 last_bar 2017-03-13 10:25:00 ET:  49.52  minutes
now 2017-03-13 10:25:00.862000 last bar 2017-03-13 10:25:00 last processed bar 2017-03-13 10:25:00
new bar not ready
now 2017-03-13 10:30:00.990000 last bar 2017-03-13 10:30:00 last processed bar 2017-03-13 10:25:00
start_ema 2017-03-10 16:40:00 start_vwap 2017-03-13 09:35:00 last_bar 2017-03-13 10:30:00 ET:  59.54  minutes
now 2017-03-13 10:35:00.450000 last bar 2017-03-13 10:40:00 last processed bar 2017-03-13 10:30:00
start_ema 2017-03-10 16:40:00 start_vwap 2017-03-13 09:35:00 last_bar 2017-03-13 10:40:00 ET:  64.53  minutes
now 2017-03-13 10:40:00.837000 last bar 2017-03-13 10:40:00 last processed bar 2017-03-13 10:40:00
new bar not ready
now 2017-03-13 10:45:00.772000 last bar 2017-03-13 10:45:00 last processed bar 2017-03-13 10:40:00
start_ema 2017-03-10 16:40:00 start_vwap 2017-03-13 09:35:00 last_bar 2017-03-13 10:45:00 ET:  74.52  minutes
now 2017-03-13 10:50:00.917000 last bar 2017-03-13 10:50:00 last processed bar 2017-03-13 10:45:00
start_ema 2017-03-10 16:40:00 start_vwap 2017-03-13 09:35:00 last_bar 2017-03-13 10:50:00 ET:  79.52  minutes
now 2017-03-13 10:55:00.880000 last bar 2017-03-13 10:55:00 last processed bar 2017-03-13 10:50:00
start_ema 2017-03-10 16:40:00 start_vwap 2017-03-13 09:35:00 last_bar 2017-03-13 10:55:00 ET:  84.53  minutes
now 2017-03-13 11:00:00.581000 last bar 2017-03-13 11:05:00 last processed bar 2017-03-13 10:55:00
start_ema 2017-03-10 16:40:00 start_vwap 2017-03-13 09:35:00 last_bar 2017-03-13 11:05:00 ET:  89.53  minutes
now 2017-03-13 11:05:00.501000 last bar 2017-03-13 11:05:00 last processed bar 2017-03-13 11:05:00
new bar not ready
now 2017-03-13 11:10:00.524000 last bar 2017-03-13 11:10:00 last processed bar 2017-03-13 11:05:00
start_ema 2017-03-10 16:40:00 start_vwap 2017-03-13 09:35:00 last_bar 2017-03-13 11:10:00 ET:  99.52  minutes
now 2017-03-13 11:15:00.228000 last bar 2017-03-13 11:15:00 last processed bar 2017-03-13 11:10:00
start_ema 2017-03-10 16:40:00 start_vwap 2017-03-13 09:35:00 last_bar 2017-03-13 11:15:00 ET:  104.51  minutes
now 2017-03-13 11:20:00.295000 last bar 2017-03-13 11:25:00 last processed bar 2017-03-13 11:15:00
start_ema 2017-03-10 16:40:00 start_vwap 2017-03-13 09:35:00 last_bar 2017-03-13 11:25:00 ET:  109.52  minutes
now 2017-03-13 11:25:00.011000 last bar 2017-03-13 11:25:00 last processed bar 2017-03-13 11:25:00
new bar not ready
now 2017-03-13 11:30:00.089000 last bar 2017-03-13 11:30:00 last processed bar 2017-03-13 11:25:00
start_ema 2017-03-10 16:40:00 start_vwap 2017-03-13 09:35:00 last_bar 2017-03-13 11:30:00 ET:  119.53  minutes
now 2017-03-13 11:35:00.316000 last bar 2017-03-13 11:35:00 last processed bar 2017-03-13 11:30:00
start_ema 2017-03-10 16:40:00 start_vwap 2017-03-13 09:35:00 last_bar 2017-03-13 11:35:00 ET:  124.53  minutes
now 2017-03-13 11:40:00.475000 last bar 2017-03-13 11:40:00 last processed bar 2017-03-13 11:35:00
start_ema 2017-03-10 16:40:00 start_vwap 2017-03-13 09:35:00 last_bar 2017-03-13 11:40:00 ET:  129.53  minutes
now 2017-03-13 11:45:00.443000 last bar 2017-03-13 11:50:00 last processed bar 2017-03-13 11:40:00
start_ema 2017-03-10 16:40:00 start_vwap 2017-03-13 09:35:00 last_bar 2017-03-13 11:50:00 ET:  134.53  minutes
now 2017-03-13 11:50:00.612000 last bar 2017-03-13 11:50:00 last processed bar 2017-03-13 11:50:00
new bar not ready
now 2017-03-13 11:55:00.728000 last bar 2017-03-13 12:00:00 last processed bar 2017-03-13 11:50:00
start_ema 2017-03-10 16:40:00 start_vwap 2017-03-13 09:35:00 last_bar 2017-03-13 12:00:00 ET:  144.54  minutes
now 2017-03-13 12:00:00.910000 last bar 2017-03-13 12:05:00 last processed bar 2017-03-13 12:00:00
start_ema 2017-03-10 16:40:00 start_vwap 2017-03-13 09:35:00 last_bar 2017-03-13 12:05:00 ET:  149.55  minutes
now 2017-03-13 12:05:00.618000 last bar 2017-03-13 12:10:00 last processed bar 2017-03-13 12:05:00
start_ema 2017-03-10 16:40:00 start_vwap 2017-03-13 09:35:00 last_bar 2017-03-13 12:10:00 ET:  154.54  minutes
now 2017-03-13 12:10:00.970000 last bar 2017-03-13 12:10:00 last processed bar 2017-03-13 12:10:00
new bar not ready
now 2017-03-13 12:15:00.553000 last bar 2017-03-13 12:20:00 last processed bar 2017-03-13 12:10:00
start_ema 2017-03-10 16:40:00 start_vwap 2017-03-13 09:35:00 last_bar 2017-03-13 12:20:00 ET:  164.53  minutes
now 2017-03-13 12:20:00.586000 last bar 2017-03-13 12:25:00 last processed bar 2017-03-13 12:20:00
start_ema 2017-03-10 16:40:00 start_vwap 2017-03-13 09:35:00 last_bar 2017-03-13 12:25:00 ET:  169.53  minutes
now 2017-03-13 12:25:00.796000 last bar 2017-03-13 12:25:00 last processed bar 2017-03-13 12:25:00
new bar not ready
now 2017-03-13 12:30:00.909000 last bar 2017-03-13 12:35:00 last processed bar 2017-03-13 12:25:00
start_ema 2017-03-10 16:40:00 start_vwap 2017-03-13 09:35:00 last_bar 2017-03-13 12:35:00 ET:  179.54  minutes
now 2017-03-13 12:35:00.912000 last bar 2017-03-13 12:40:00 last processed bar 2017-03-13 12:35:00
start_ema 2017-03-10 16:40:00 start_vwap 2017-03-13 09:35:00 last_bar 2017-03-13 12:40:00 ET:  184.54  minutes
now 2017-03-13 12:40:00.031000 last bar 2017-03-13 12:40:00 last processed bar 2017-03-13 12:40:00
new bar not ready
now 2017-03-13 12:45:00.069000 last bar 2017-03-13 12:45:00 last processed bar 2017-03-13 12:40:00
start_ema 2017-03-10 16:40:00 start_vwap 2017-03-13 09:35:00 last_bar 2017-03-13 12:45:00 ET:  194.5  minutes
now 2017-03-13 12:50:00.637000 last bar 2017-03-13 12:50:00 last processed bar 2017-03-13 12:45:00
start_ema 2017-03-10 16:40:00 start_vwap 2017-03-13 09:35:00 last_bar 2017-03-13 12:50:00 ET:  199.53  minutes
now 2017-03-13 12:55:00.500000 last bar 2017-03-13 12:55:00 last processed bar 2017-03-13 12:50:00
start_ema 2017-03-10 16:40:00 start_vwap 2017-03-13 09:35:00 last_bar 2017-03-13 12:55:00 ET:  204.53  minutes
now 2017-03-13 13:00:00.419000 last bar 2017-03-13 13:00:00 last processed bar 2017-03-13 12:55:00
start_ema 2017-03-10 16:40:00 start_vwap 2017-03-13 09:35:00 last_bar 2017-03-13 13:00:00 ET:  209.53  minutes
now 2017-03-13 13:05:00.342000 last bar 2017-03-13 13:05:00 last processed bar 2017-03-13 13:00:00
start_ema 2017-03-10 16:40:00 start_vwap 2017-03-13 09:35:00 last_bar 2017-03-13 13:05:00 ET:  214.53  minutes
now 2017-03-13 13:10:00.511000 last bar 2017-03-13 13:10:00 last processed bar 2017-03-13 13:05:00
start_ema 2017-03-10 16:40:00 start_vwap 2017-03-13 09:35:00 last_bar 2017-03-13 13:10:00 ET:  219.52  minutes
now 2017-03-13 13:15:00.044000 last bar 2017-03-13 13:15:00 last processed bar 2017-03-13 13:10:00
start_ema 2017-03-10 16:40:00 start_vwap 2017-03-13 09:35:00 last_bar 2017-03-13 13:15:00 ET:  224.54  minutes
now 2017-03-13 13:20:00.742000 last bar 2017-03-13 13:20:00 last processed bar 2017-03-13 13:15:00
start_ema 2017-03-10 16:40:00 start_vwap 2017-03-13 09:35:00 last_bar 2017-03-13 13:20:00 ET:  229.53  minutes
now 2017-03-13 13:25:00.758000 last bar 2017-03-13 13:30:00 last processed bar 2017-03-13 13:20:00
start_ema 2017-03-10 16:40:00 start_vwap 2017-03-13 09:35:00 last_bar 2017-03-13 13:30:00 ET:  234.54  minutes
now 2017-03-13 13:30:00.980000 last bar 2017-03-13 13:30:00 last processed bar 2017-03-13 13:30:00
new bar not ready
now 2017-03-13 13:35:00.851000 last bar 2017-03-13 13:35:00 last processed bar 2017-03-13 13:30:00
start_ema 2017-03-10 16:40:00 start_vwap 2017-03-13 09:35:00 last_bar 2017-03-13 13:35:00 ET:  244.54  minutes
now 2017-03-13 13:40:00.919000 last bar 2017-03-13 13:40:00 last processed bar 2017-03-13 13:35:00
start_ema 2017-03-10 16:40:00 start_vwap 2017-03-13 09:35:00 last_bar 2017-03-13 13:40:00 ET:  249.54  minutes
now 2017-03-13 13:45:00.916000 last bar 2017-03-13 13:45:00 last processed bar 2017-03-13 13:40:00
start_ema 2017-03-10 16:40:00 start_vwap 2017-03-13 09:35:00 last_bar 2017-03-13 13:45:00 ET:  254.55  minutes
now 2017-03-13 13:50:00.817000 last bar 2017-03-13 13:50:00 last processed bar 2017-03-13 13:45:00
start_ema 2017-03-10 16:40:00 start_vwap 2017-03-13 09:35:00 last_bar 2017-03-13 13:50:00 ET:  259.54  minutes
now 2017-03-13 13:55:00.060000 last bar 2017-03-13 13:55:00 last processed bar 2017-03-13 13:50:00
start_ema 2017-03-10 16:40:00 start_vwap 2017-03-13 09:35:00 last_bar 2017-03-13 13:55:00 ET:  264.57  minutes
now 2017-03-13 14:00:00.753000 last bar 2017-03-13 14:05:00 last processed bar 2017-03-13 13:55:00
start_ema 2017-03-10 16:40:00 start_vwap 2017-03-13 09:35:00 last_bar 2017-03-13 14:05:00 ET:  269.52  minutes
now 2017-03-13 14:05:00.933000 last bar 2017-03-13 14:05:00 last processed bar 2017-03-13 14:05:00
new bar not ready
now 2017-03-13 14:10:00.988000 last bar 2017-03-13 14:10:00 last processed bar 2017-03-13 14:05:00
start_ema 2017-03-10 16:40:00 start_vwap 2017-03-13 09:35:00 last_bar 2017-03-13 14:10:00 ET:  279.54  minutes
now 2017-03-13 14:15:00.888000 last bar 2017-03-13 14:15:00 last processed bar 2017-03-13 14:10:00
start_ema 2017-03-10 16:40:00 start_vwap 2017-03-13 09:35:00 last_bar 2017-03-13 14:15:00 ET:  284.54  minutes
now 2017-03-13 14:20:00.105000 last bar 2017-03-13 14:20:00 last processed bar 2017-03-13 14:15:00
start_ema 2017-03-10 16:40:00 start_vwap 2017-03-13 09:35:00 last_bar 2017-03-13 14:20:00 ET:  289.5  minutes
now 2017-03-13 14:25:00.581000 last bar 2017-03-13 14:25:00 last processed bar 2017-03-13 14:20:00
start_ema 2017-03-10 16:40:00 start_vwap 2017-03-13 09:35:00 last_bar 2017-03-13 14:25:00 ET:  294.5  minutes
now 2017-03-13 14:30:00.661000 last bar 2017-03-13 14:30:00 last processed bar 2017-03-13 14:25:00
start_ema 2017-03-10 16:40:00 start_vwap 2017-03-13 09:35:00 last_bar 2017-03-13 14:30:00 ET:  299.53  minutes
now 2017-03-13 14:35:00.668000 last bar 2017-03-13 14:35:00 last processed bar 2017-03-13 14:30:00
start_ema 2017-03-10 16:40:00 start_vwap 2017-03-13 09:35:00 last_bar 2017-03-13 14:35:00 ET:  304.53  minutes
now 2017-03-13 14:40:00.844000 last bar 2017-03-13 14:40:00 last processed bar 2017-03-13 14:35:00
start_ema 2017-03-10 16:40:00 start_vwap 2017-03-13 09:35:00 last_bar 2017-03-13 14:40:00 ET:  309.53  minutes
now 2017-03-13 14:45:00.823000 last bar 2017-03-13 14:45:00 last processed bar 2017-03-13 14:40:00
start_ema 2017-03-10 16:40:00 start_vwap 2017-03-13 09:35:00 last_bar 2017-03-13 14:45:00 ET:  314.55  minutes
now 2017-03-13 14:50:00.951000 last bar 2017-03-13 14:55:00 last processed bar 2017-03-13 14:45:00
start_ema 2017-03-10 16:40:00 start_vwap 2017-03-13 09:35:00 last_bar 2017-03-13 14:55:00 ET:  319.54  minutes
now 2017-03-13 14:55:00.972000 last bar 2017-03-13 15:00:00 last processed bar 2017-03-13 14:55:00
start_ema 2017-03-10 16:40:00 start_vwap 2017-03-13 09:35:00 last_bar 2017-03-13 15:00:00 ET:  324.53  minutes
now 2017-03-13 15:00:00.746000 last bar 2017-03-13 15:00:00 last processed bar 2017-03-13 15:00:00
new bar not ready
now 2017-03-13 15:05:00.694000 last bar 2017-03-13 15:05:00 last processed bar 2017-03-13 15:00:00
start_ema 2017-03-10 16:40:00 start_vwap 2017-03-13 09:35:00 last_bar 2017-03-13 15:05:00 ET:  334.52  minutes
now 2017-03-13 15:10:00.027000 last bar 2017-03-13 15:10:00 last processed bar 2017-03-13 15:05:00
start_ema 2017-03-10 16:40:00 start_vwap 2017-03-13 09:35:00 last_bar 2017-03-13 15:10:00 ET:  339.53  minutes
now 2017-03-13 15:15:00.408000 last bar 2017-03-13 15:15:00 last processed bar 2017-03-13 15:10:00
start_ema 2017-03-10 16:40:00 start_vwap 2017-03-13 09:35:00 last_bar 2017-03-13 15:15:00 ET:  344.53  minutes
now 2017-03-13 15:20:00.621000 last bar 2017-03-13 15:20:00 last processed bar 2017-03-13 15:15:00
start_ema 2017-03-10 16:40:00 start_vwap 2017-03-13 09:35:00 last_bar 2017-03-13 15:20:00 ET:  349.53  minutes
now 2017-03-13 15:25:00.837000 last bar 2017-03-13 15:30:00 last processed bar 2017-03-13 15:20:00
start_ema 2017-03-10 16:40:00 start_vwap 2017-03-13 09:35:00 last_bar 2017-03-13 15:30:00 ET:  354.54  minutes
now 2017-03-13 15:30:00.357000 last bar 2017-03-13 15:30:00 last processed bar 2017-03-13 15:30:00
new bar not ready
now 2017-03-13 15:35:00.418000 last bar 2017-03-13 15:40:00 last processed bar 2017-03-13 15:30:00
start_ema 2017-03-10 16:40:00 start_vwap 2017-03-13 09:35:00 last_bar 2017-03-13 15:40:00 ET:  364.52  minutes
now 2017-03-13 15:40:00.680000 last bar 2017-03-13 15:45:00 last processed bar 2017-03-13 15:40:00
start_ema 2017-03-10 16:40:00 start_vwap 2017-03-13 09:35:00 last_bar 2017-03-13 15:45:00 ET:  369.52  minutes
now 2017-03-13 15:45:00.920000 last bar 2017-03-13 15:45:00 last processed bar 2017-03-13 15:45:00
new bar not ready
now 2017-03-13 15:50:00.863000 last bar 2017-03-13 15:55:00 last processed bar 2017-03-13 15:45:00
start_ema 2017-03-10 16:40:00 start_vwap 2017-03-13 09:35:00 last_bar 2017-03-13 15:55:00 ET:  379.53  minutes
now 2017-03-13 15:55:00.686000
