return data: last bar 2017-04-14 09:40:00 last processed bar 1000-01-01 00:00:00
596 bars requested 596 bars returned
start_idx [(594, Timestamp('2017-04-14 09:35:00'))]
start_ema 2017-04-14 08:00:00 start_vwap 2017-04-14 09:35:00 last_bar 2017-04-14 09:40:00 ET:  0.01  minutes
now 2017-04-14 09:45:00.310000 return data: last bar 2017-04-14 09:45:00 last processed bar 2017-04-14 09:40:00
596 bars requested 596 bars returned
start_idx [(593, Timestamp('2017-04-14 09:35:00'))]
start_ema 2017-04-14 08:00:00 start_vwap 2017-04-14 09:35:00 last_bar 2017-04-14 09:45:00 Writing to ./data/ATI_livesignals_20170414_09_40_50.csv ./data/ATI_last.csv
ET:  0.26  minutes
now 2017-04-14 09:50:05.587000 return data: last bar 2017-04-14 09:50:00 last processed bar 2017-04-14 09:45:00
596 bars requested 596 bars returned
start_idx [(592, Timestamp('2017-04-14 09:35:00'))]
start_ema 2017-04-14 08:00:00 start_vwap 2017-04-14 09:35:00 last_bar 2017-04-14 09:50:00 Writing to ./data/ATI_livesignals_20170414_09_40_50.csv ./data/ATI_last.csv
ET:  0.13  minutes
now 2017-04-14 09:55:02.557000 return data: last bar 2017-04-14 09:55:00 last processed bar 2017-04-14 09:50:00
596 bars requested 596 bars returned
start_idx [(591, Timestamp('2017-04-14 09:35:00'))]
start_ema 2017-04-14 08:00:00 start_vwap 2017-04-14 09:35:00 last_bar 2017-04-14 09:55:00 Writing to ./data/ATI_livesignals_20170414_09_40_50.csv ./data/ATI_last.csv
ET:  0.17  minutes
now 2017-04-14 10:00:00.078000
