return data: last bar 2017-04-27 09:35:00 last processed bar 1000-01-01 00:00:00
596 bars requested 596 bars returned
start_idx [(595, Timestamp('2017-04-27 09:35:00'))]
start_ema 2017-04-27 08:00:00 start_vwap 2017-04-27 09:35:00 last_bar 2017-04-27 09:35:00 ET:  0.01  minutes
now 2017-04-27 09:45:00.059000 return None: last bar 2017-04-27 09:35:00 last processed bar 2017-04-27 09:35:00
ATRS getFeed did not return any data! last bar: 2017-04-27 09:35:00 now: 09:45:00.583000
now 2017-04-27 09:50:00.233000 return data: last bar 2017-04-27 09:40:00 last processed bar 2017-04-27 09:35:00
596 bars requested 596 bars returned
start_idx [(594, Timestamp('2017-04-27 09:35:00'))]
start_ema 2017-04-27 08:00:00 start_vwap 2017-04-27 09:35:00 last_bar 2017-04-27 09:40:00 Writing to ./data/ATRS_livesignals_20170427_09_40_54.csv ./data/ATRS_last.csv
ET:  0.08  minutes
now 2017-04-27 09:55:02.322000 return data: last bar 2017-04-27 09:45:00 last processed bar 2017-04-27 09:40:00
596 bars requested 596 bars returned
start_idx [(593, Timestamp('2017-04-27 09:35:00'))]
start_ema 2017-04-27 08:00:00 start_vwap 2017-04-27 09:35:00 last_bar 2017-04-27 09:45:00 Writing to ./data/ATRS_livesignals_20170427_09_40_54.csv ./data/ATRS_last.csv
ET:  0.07  minutes
now 2017-04-27 10:00:01.579000 return data: last bar 2017-04-27 09:50:00 last processed bar 2017-04-27 09:45:00
596 bars requested 596 bars returned
start_idx [(592, Timestamp('2017-04-27 09:35:00'))]
start_ema 2017-04-27 08:00:00 start_vwap 2017-04-27 09:35:00 last_bar 2017-04-27 09:50:00 Writing to ./data/ATRS_livesignals_20170427_09_40_54.csv ./data/ATRS_last.csv
ET:  0.08  minutes
now 2017-04-27 10:05:00.546000 return data: last bar 2017-04-27 09:55:00 last processed bar 2017-04-27 09:50:00
596 bars requested 596 bars returned
start_idx [(591, Timestamp('2017-04-27 09:35:00'))]
start_ema 2017-04-27 08:00:00 start_vwap 2017-04-27 09:35:00 last_bar 2017-04-27 09:55:00 Writing to ./data/ATRS_livesignals_20170427_09_40_54.csv ./data/ATRS_last.csv
ET:  0.1  minutes
now 2017-04-27 10:10:01.429000 return data: last bar 2017-04-27 10:00:00 last processed bar 2017-04-27 09:55:00
596 bars requested 596 bars returned
start_idx [(590, Timestamp('2017-04-27 09:35:00'))]
start_ema 2017-04-27 08:00:00 start_vwap 2017-04-27 09:35:00 last_bar 2017-04-27 10:00:00 Writing to ./data/ATRS_livesignals_20170427_09_40_54.csv ./data/ATRS_last.csv
ET:  0.09  minutes
now 2017-04-27 10:15:00.746000 return data: last bar 2017-04-27 10:10:00 last processed bar 2017-04-27 10:00:00
596 bars requested 596 bars returned
start_idx [(588, Timestamp('2017-04-27 09:35:00'))]
start_ema 2017-04-27 08:00:00 start_vwap 2017-04-27 09:35:00 last_bar 2017-04-27 10:10:00 Writing to ./data/ATRS_livesignals_20170427_09_40_54.csv ./data/ATRS_last.csv
ET:  0.1  minutes
now 2017-04-27 10:20:00.834000 return data: last bar 2017-04-27 10:15:00 last processed bar 2017-04-27 10:10:00
596 bars requested 596 bars returned
start_idx [(587, Timestamp('2017-04-27 09:35:00'))]
start_ema 2017-04-27 08:00:00 start_vwap 2017-04-27 09:35:00 last_bar 2017-04-27 10:15:00 Open                         3.175
High                         3.215
Low                          3.165
Close                        3.215
Volume                       30456
ClosePC                  0.0125984
EMA9                       3.18387
EMA9PC                  0.00245023
EMA20                      3.18052
EMA9XEMA20                       1
ClosePC>0.003                    1
EMA9PC>0.001                     1
EMA9>EMA20                       1
VP                         97408.4
TotalVP                     733067
TotalVolume                 230508
VWAP                       3.18022
EMA9>VWAP                        1
impulse                          1
state                            1
F                                1
_QTY                         3.215
QTY                           1555
value                      4999.32
timestamp        20170427 10:20:05
Name: 2017-04-27 10:15:00, dtype: object
Signal Found! Transmitting order: {'symbol': 'ATRS', 'typeofsymbol': 'stock', 'quant': 1555}
Saved ./data/110064634/ATRS.json
{
   "ok" : "1",
   "response" : [
      {
         "underlying" : null,
         "symbol" : "AKBA",
         "putcall" : null,
         "strike" : null,
         "typeofsymbol" : "stock",
         "quant" : "381",
         "expir" : null
      },
      {
         "underlying" : null,
         "symbol" : "ATRS",
         "putcall" : null,
         "strike" : null,
         "typeofsymbol" : "stock",
         "quant" : "1555",
         "expir" : null
      }
   ]
}

sent signal to broker
Writing to ./data/ATRS_livesignals_20170427_09_40_54.csv ./data/ATRS_last.csv
ET:  0.13  minutes
now 2017-04-27 10:25:00.626000 return data: last bar 2017-04-27 10:20:00 last processed bar 2017-04-27 10:15:00
596 bars requested 596 bars returned
start_idx [(586, Timestamp('2017-04-27 09:35:00'))]
start_ema 2017-04-27 08:00:00 start_vwap 2017-04-27 09:35:00 last_bar 2017-04-27 10:20:00 Writing to ./data/ATRS_livesignals_20170427_09_40_54.csv ./data/ATRS_last.csv
ET:  0.08  minutes
now 2017-04-27 10:30:00.504000 return data: last bar 2017-04-27 10:25:00 last processed bar 2017-04-27 10:20:00
596 bars requested 596 bars returned
start_idx [(585, Timestamp('2017-04-27 09:35:00'))]
start_ema 2017-04-27 08:00:00 start_vwap 2017-04-27 09:35:00 last_bar 2017-04-27 10:25:00 Writing to ./data/ATRS_livesignals_20170427_09_40_54.csv ./data/ATRS_last.csv
ET:  0.1  minutes
now 2017-04-27 10:35:03.120000 return data: last bar 2017-04-27 10:30:00 last processed bar 2017-04-27 10:25:00
596 bars requested 596 bars returned
start_idx [(584, Timestamp('2017-04-27 09:35:00'))]
start_ema 2017-04-27 08:00:00 start_vwap 2017-04-27 09:35:00 last_bar 2017-04-27 10:30:00 Writing to ./data/ATRS_livesignals_20170427_09_40_54.csv ./data/ATRS_last.csv
ET:  0.06  minutes
now 2017-04-27 10:40:01.503000 return data: last bar 2017-04-27 10:35:00 last processed bar 2017-04-27 10:30:00
596 bars requested 596 bars returned
start_idx [(583, Timestamp('2017-04-27 09:35:00'))]
start_ema 2017-04-27 08:00:00 start_vwap 2017-04-27 09:35:00 last_bar 2017-04-27 10:35:00 Writing to ./data/ATRS_livesignals_20170427_09_40_54.csv ./data/ATRS_last.csv
ET:  0.08  minutes
now 2017-04-27 10:45:00.636000 return data: last bar 2017-04-27 10:40:00 last processed bar 2017-04-27 10:35:00
596 bars requested 596 bars returned
start_idx [(582, Timestamp('2017-04-27 09:35:00'))]
start_ema 2017-04-27 08:00:00 start_vwap 2017-04-27 09:35:00 last_bar 2017-04-27 10:40:00 Writing to ./data/ATRS_livesignals_20170427_09_40_54.csv ./data/ATRS_last.csv
ET:  0.11  minutes
now 2017-04-27 10:50:00.540000 return data: last bar 2017-04-27 10:45:00 last processed bar 2017-04-27 10:40:00
596 bars requested 596 bars returned
start_idx [(581, Timestamp('2017-04-27 09:35:00'))]
start_ema 2017-04-27 08:00:00 start_vwap 2017-04-27 09:35:00 last_bar 2017-04-27 10:45:00 Writing to ./data/ATRS_livesignals_20170427_09_40_54.csv ./data/ATRS_last.csv
ET:  0.09  minutes
now 2017-04-27 10:55:00.114000 return data: last bar 2017-04-27 10:50:00 last processed bar 2017-04-27 10:45:00
596 bars requested 596 bars returned
start_idx [(580, Timestamp('2017-04-27 09:35:00'))]
start_ema 2017-04-27 08:00:00 start_vwap 2017-04-27 09:35:00 last_bar 2017-04-27 10:50:00 Writing to ./data/ATRS_livesignals_20170427_09_40_54.csv ./data/ATRS_last.csv
ET:  0.09  minutes
now 2017-04-27 11:00:00.653000 return data: last bar 2017-04-27 10:55:00 last processed bar 2017-04-27 10:50:00
596 bars requested 596 bars returned
start_idx [(579, Timestamp('2017-04-27 09:35:00'))]
start_ema 2017-04-27 08:00:00 start_vwap 2017-04-27 09:35:00 last_bar 2017-04-27 10:55:00 Writing to ./data/ATRS_livesignals_20170427_09_40_54.csv ./data/ATRS_last.csv
ET:  0.12  minutes
now 2017-04-27 11:05:00.752000 return data: last bar 2017-04-27 11:00:00 last processed bar 2017-04-27 10:55:00
596 bars requested 596 bars returned
start_idx [(578, Timestamp('2017-04-27 09:35:00'))]
start_ema 2017-04-27 08:00:00 start_vwap 2017-04-27 09:35:00 last_bar 2017-04-27 11:00:00 Writing to ./data/ATRS_livesignals_20170427_09_40_54.csv ./data/ATRS_last.csv
ET:  0.09  minutes
now 2017-04-27 11:10:00.937000 return data: last bar 2017-04-27 11:05:00 last processed bar 2017-04-27 11:00:00
596 bars requested 596 bars returned
start_idx [(577, Timestamp('2017-04-27 09:35:00'))]
start_ema 2017-04-27 08:00:00 start_vwap 2017-04-27 09:35:00 last_bar 2017-04-27 11:05:00 Writing to ./data/ATRS_livesignals_20170427_09_40_54.csv ./data/ATRS_last.csv
ET:  0.1  minutes
now 2017-04-27 11:15:00.064000 return data: last bar 2017-04-27 11:10:00 last processed bar 2017-04-27 11:05:00
596 bars requested 596 bars returned
start_idx [(576, Timestamp('2017-04-27 09:35:00'))]
start_ema 2017-04-27 08:00:00 start_vwap 2017-04-27 09:35:00 last_bar 2017-04-27 11:10:00 Writing to ./data/ATRS_livesignals_20170427_09_40_54.csv ./data/ATRS_last.csv
ET:  0.1  minutes
now 2017-04-27 11:20:03.296000 return data: last bar 2017-04-27 11:15:00 last processed bar 2017-04-27 11:10:00
596 bars requested 596 bars returned
start_idx [(575, Timestamp('2017-04-27 09:35:00'))]
start_ema 2017-04-27 08:00:00 start_vwap 2017-04-27 09:35:00 last_bar 2017-04-27 11:15:00 Writing to ./data/ATRS_livesignals_20170427_09_40_54.csv ./data/ATRS_last.csv
ET:  0.08  minutes
now 2017-04-27 11:25:00.328000 return data: last bar 2017-04-27 11:20:00 last processed bar 2017-04-27 11:15:00
596 bars requested 596 bars returned
start_idx [(574, Timestamp('2017-04-27 09:35:00'))]
start_ema 2017-04-27 08:00:00 start_vwap 2017-04-27 09:35:00 last_bar 2017-04-27 11:20:00 Writing to ./data/ATRS_livesignals_20170427_09_40_54.csv ./data/ATRS_last.csv
ET:  0.12  minutes
now 2017-04-27 11:30:01.086000 return data: last bar 2017-04-27 11:25:00 last processed bar 2017-04-27 11:20:00
2 bars requested 2 bars returned
start_idx [(0, Timestamp('2017-04-27 09:35:00'))]
start_ema 2017-04-27 09:50:00 data.dropna() feed returned insufficient data
now 2017-04-27 11:35:01.120000 return data: last bar 2017-04-27 11:30:00 last processed bar 2017-04-27 11:25:00
2 bars requested 2 bars returned
start_idx [(0, Timestamp('2017-04-27 09:35:00'))]
start_ema 2017-04-27 09:50:00 data.dropna() feed returned insufficient data
now 2017-04-27 11:40:00.311000 return data: last bar 2017-04-27 11:35:00 last processed bar 2017-04-27 11:30:00
2 bars requested 2 bars returned
start_idx [(0, Timestamp('2017-04-27 09:35:00'))]
start_ema 2017-04-27 09:50:00 data.dropna() feed returned insufficient data
now 2017-04-27 11:45:00.152000 return data: last bar 2017-04-27 11:40:00 last processed bar 2017-04-27 11:35:00
2 bars requested 2 bars returned
start_idx [(0, Timestamp('2017-04-27 09:35:00'))]
start_ema 2017-04-27 09:50:00 data.dropna() feed returned insufficient data
now 2017-04-27 11:50:00.964000 return data: last bar 2017-04-27 11:45:00 last processed bar 2017-04-27 11:40:00
2 bars requested 2 bars returned
start_idx [(0, Timestamp('2017-04-27 09:35:00'))]
start_ema 2017-04-27 09:50:00 data.dropna() feed returned insufficient data
now 2017-04-27 11:55:00.184000 return data: last bar 2017-04-27 11:50:00 last processed bar 2017-04-27 11:45:00
2 bars requested 2 bars returned
start_idx [(0, Timestamp('2017-04-27 09:35:00'))]
start_ema 2017-04-27 09:50:00 data.dropna() feed returned insufficient data
now 2017-04-27 12:00:00.854000 return data: last bar 2017-04-27 11:55:00 last processed bar 2017-04-27 11:50:00
2 bars requested 2 bars returned
start_idx [(0, Timestamp('2017-04-27 09:35:00'))]
start_ema 2017-04-27 09:50:00 data.dropna() feed returned insufficient data
now 2017-04-27 12:05:01.399000 return data: last bar 2017-04-27 12:00:00 last processed bar 2017-04-27 11:55:00
2 bars requested 2 bars returned
start_idx [(0, Timestamp('2017-04-27 09:35:00'))]
start_ema 2017-04-27 09:50:00 data.dropna() feed returned insufficient data
now 2017-04-27 12:10:00.086000 return data: last bar 2017-04-27 12:05:00 last processed bar 2017-04-27 12:00:00
2 bars requested 2 bars returned
start_idx [(0, Timestamp('2017-04-27 09:35:00'))]
start_ema 2017-04-27 09:50:00 data.dropna() feed returned insufficient data
now 2017-04-27 12:15:01.363000 return data: last bar 2017-04-27 12:10:00 last processed bar 2017-04-27 12:05:00
2 bars requested 2 bars returned
start_idx [(0, Timestamp('2017-04-27 09:35:00'))]
start_ema 2017-04-27 09:50:00 data.dropna() feed returned insufficient data
now 2017-04-27 12:20:00.477000 return data: last bar 2017-04-27 12:15:00 last processed bar 2017-04-27 12:10:00
2 bars requested 2 bars returned
start_idx [(0, Timestamp('2017-04-27 09:35:00'))]
start_ema 2017-04-27 09:50:00 data.dropna() feed returned insufficient data
now 2017-04-27 12:25:00.316000 return data: last bar 2017-04-27 12:20:00 last processed bar 2017-04-27 12:15:00
2 bars requested 2 bars returned
start_idx [(0, Timestamp('2017-04-27 09:35:00'))]
start_ema 2017-04-27 09:50:00 data.dropna() feed returned insufficient data
now 2017-04-27 12:30:00.851000 return data: last bar 2017-04-27 12:25:00 last processed bar 2017-04-27 12:20:00
2 bars requested 2 bars returned
start_idx [(0, Timestamp('2017-04-27 09:35:00'))]
start_ema 2017-04-27 09:50:00 data.dropna() feed returned insufficient data
now 2017-04-27 12:35:01.221000 return data: last bar 2017-04-27 12:30:00 last processed bar 2017-04-27 12:25:00
2 bars requested 2 bars returned
start_idx [(0, Timestamp('2017-04-27 09:35:00'))]
start_ema 2017-04-27 09:50:00 data.dropna() feed returned insufficient data
now 2017-04-27 12:40:00.031000 return data: last bar 2017-04-27 12:35:00 last processed bar 2017-04-27 12:30:00
2 bars requested 2 bars returned
start_idx [(0, Timestamp('2017-04-27 09:35:00'))]
start_ema 2017-04-27 09:50:00 data.dropna() feed returned insufficient data
now 2017-04-27 12:45:01.567000 return data: last bar 2017-04-27 12:40:00 last processed bar 2017-04-27 12:35:00
2 bars requested 2 bars returned
start_idx [(0, Timestamp('2017-04-27 09:35:00'))]
start_ema 2017-04-27 09:50:00 data.dropna() feed returned insufficient data
now 2017-04-27 12:50:00.715000 return data: last bar 2017-04-27 12:45:00 last processed bar 2017-04-27 12:40:00
2 bars requested 2 bars returned
start_idx [(0, Timestamp('2017-04-27 09:35:00'))]
start_ema 2017-04-27 09:50:00 data.dropna() feed returned insufficient data
now 2017-04-27 12:55:01.228000 return data: last bar 2017-04-27 12:50:00 last processed bar 2017-04-27 12:45:00
2 bars requested 2 bars returned
start_idx [(0, Timestamp('2017-04-27 09:35:00'))]
start_ema 2017-04-27 09:50:00 data.dropna() feed returned insufficient data
now 2017-04-27 13:00:00.633000 return data: last bar 2017-04-27 12:55:00 last processed bar 2017-04-27 12:50:00
2 bars requested 2 bars returned
start_idx [(0, Timestamp('2017-04-27 09:35:00'))]
start_ema 2017-04-27 09:50:00 data.dropna() feed returned insufficient data
now 2017-04-27 13:05:00.827000 return data: last bar 2017-04-27 13:00:00 last processed bar 2017-04-27 12:55:00
2 bars requested 2 bars returned
start_idx [(0, Timestamp('2017-04-27 09:35:00'))]
start_ema 2017-04-27 09:50:00 data.dropna() feed returned insufficient data
now 2017-04-27 13:10:00.243000 return data: last bar 2017-04-27 13:05:00 last processed bar 2017-04-27 13:00:00
2 bars requested 2 bars returned
start_idx [(0, Timestamp('2017-04-27 09:35:00'))]
start_ema 2017-04-27 09:50:00 data.dropna() feed returned insufficient data
now 2017-04-27 13:15:02.204000 return data: last bar 2017-04-27 13:10:00 last processed bar 2017-04-27 13:05:00
2 bars requested 2 bars returned
start_idx [(0, Timestamp('2017-04-27 09:35:00'))]
start_ema 2017-04-27 09:50:00 data.dropna() feed returned insufficient data
now 2017-04-27 13:20:01.596000 return data: last bar 2017-04-27 13:15:00 last processed bar 2017-04-27 13:10:00
2 bars requested 2 bars returned
start_idx [(0, Timestamp('2017-04-27 09:35:00'))]
start_ema 2017-04-27 09:50:00 data.dropna() feed returned insufficient data
now 2017-04-27 13:25:00.971000 return data: last bar 2017-04-27 13:20:00 last processed bar 2017-04-27 13:15:00
2 bars requested 2 bars returned
start_idx [(0, Timestamp('2017-04-27 09:35:00'))]
start_ema 2017-04-27 09:50:00 data.dropna() feed returned insufficient data
now 2017-04-27 13:30:01.356000 return data: last bar 2017-04-27 13:25:00 last processed bar 2017-04-27 13:20:00
2 bars requested 2 bars returned
start_idx [(0, Timestamp('2017-04-27 09:35:00'))]
start_ema 2017-04-27 09:50:00 data.dropna() feed returned insufficient data
now 2017-04-27 13:35:01.514000 return data: last bar 2017-04-27 13:30:00 last processed bar 2017-04-27 13:25:00
2 bars requested 2 bars returned
start_idx [(0, Timestamp('2017-04-27 09:35:00'))]
start_ema 2017-04-27 09:50:00 data.dropna() feed returned insufficient data
now 2017-04-27 13:40:01.395000 return data: last bar 2017-04-27 13:35:00 last processed bar 2017-04-27 13:30:00
2 bars requested 2 bars returned
start_idx [(0, Timestamp('2017-04-27 09:35:00'))]
start_ema 2017-04-27 09:50:00 data.dropna() feed returned insufficient data
now 2017-04-27 13:45:00.347000 return data: last bar 2017-04-27 13:40:00 last processed bar 2017-04-27 13:35:00
2 bars requested 2 bars returned
start_idx [(0, Timestamp('2017-04-27 09:35:00'))]
start_ema 2017-04-27 09:50:00 data.dropna() feed returned insufficient data
now 2017-04-27 13:50:01.151000 return data: last bar 2017-04-27 13:45:00 last processed bar 2017-04-27 13:40:00
2 bars requested 2 bars returned
start_idx [(0, Timestamp('2017-04-27 09:35:00'))]
start_ema 2017-04-27 09:50:00 data.dropna() feed returned insufficient data
now 2017-04-27 13:55:00.316000 return data: last bar 2017-04-27 13:50:00 last processed bar 2017-04-27 13:45:00
2 bars requested 2 bars returned
start_idx [(0, Timestamp('2017-04-27 09:35:00'))]
start_ema 2017-04-27 09:50:00 data.dropna() feed returned insufficient data
now 2017-04-27 14:00:00.815000 return data: last bar 2017-04-27 13:55:00 last processed bar 2017-04-27 13:50:00
2 bars requested 2 bars returned
start_idx [(0, Timestamp('2017-04-27 09:35:00'))]
start_ema 2017-04-27 09:50:00 data.dropna() feed returned insufficient data
now 2017-04-27 14:05:03.365000 return data: last bar 2017-04-27 14:00:00 last processed bar 2017-04-27 13:55:00
2 bars requested 2 bars returned
start_idx [(0, Timestamp('2017-04-27 09:35:00'))]
start_ema 2017-04-27 09:50:00 data.dropna() feed returned insufficient data
now 2017-04-27 14:10:00.027000 return data: last bar 2017-04-27 14:05:00 last processed bar 2017-04-27 14:00:00
2 bars requested 2 bars returned
start_idx [(0, Timestamp('2017-04-27 09:35:00'))]
start_ema 2017-04-27 09:50:00 data.dropna() feed returned insufficient data
now 2017-04-27 14:10:04.159000 return None: last bar 2017-04-27 14:05:00 last processed bar 2017-04-27 14:05:00
2 bars requested None returned
ATRS getFeed did not return any data! last bar: 2017-04-27 14:05:00 now: 14:10:04.534000
now 2017-04-27 14:15:01.173000 return data: last bar 2017-04-27 14:10:00 last processed bar 2017-04-27 14:05:00
596 bars requested 596 bars returned
start_idx [(540, Timestamp('2017-04-27 09:35:00'))]
start_ema 2017-04-27 08:00:00 start_vwap 2017-04-27 09:35:00 last_bar 2017-04-27 14:10:00 Writing to ./data/ATRS_livesignals_20170427_09_40_54.csv ./data/ATRS_last.csv
ET:  0.06  minutes
now 2017-04-27 14:20:00.069000 return data: last bar 2017-04-27 14:15:00 last processed bar 2017-04-27 14:10:00
2 bars requested 2 bars returned
start_idx [(0, Timestamp('2017-04-27 09:35:00'))]
start_ema 2017-04-27 09:55:00 data.dropna() feed returned insufficient data
now 2017-04-27 14:25:00.473000 return data: last bar 2017-04-27 14:20:00 last processed bar 2017-04-27 14:15:00
2 bars requested 2 bars returned
start_idx [(0, Timestamp('2017-04-27 09:35:00'))]
start_ema 2017-04-27 09:55:00 data.dropna() feed returned insufficient data
now 2017-04-27 14:30:01.467000 return data: last bar 2017-04-27 14:25:00 last processed bar 2017-04-27 14:20:00
2 bars requested 2 bars returned
start_idx [(0, Timestamp('2017-04-27 09:35:00'))]
start_ema 2017-04-27 09:55:00 data.dropna() feed returned insufficient data
now 2017-04-27 14:35:01.418000 return data: last bar 2017-04-27 14:30:00 last processed bar 2017-04-27 14:25:00
2 bars requested 2 bars returned
start_idx [(0, Timestamp('2017-04-27 09:35:00'))]
start_ema 2017-04-27 09:55:00 data.dropna() feed returned insufficient data
now 2017-04-27 14:40:00.163000 return data: last bar 2017-04-27 14:35:00 last processed bar 2017-04-27 14:30:00
2 bars requested 2 bars returned
start_idx [(0, Timestamp('2017-04-27 09:35:00'))]
start_ema 2017-04-27 09:55:00 data.dropna() feed returned insufficient data
now 2017-04-27 14:45:00.523000 return data: last bar 2017-04-27 14:40:00 last processed bar 2017-04-27 14:35:00
2 bars requested 2 bars returned
start_idx [(0, Timestamp('2017-04-27 09:35:00'))]
start_ema 2017-04-27 09:55:00 data.dropna() feed returned insufficient data
now 2017-04-27 14:50:00.408000 return data: last bar 2017-04-27 14:45:00 last processed bar 2017-04-27 14:40:00
2 bars requested 2 bars returned
start_idx [(0, Timestamp('2017-04-27 09:35:00'))]
start_ema 2017-04-27 09:55:00 data.dropna() feed returned insufficient data
now 2017-04-27 14:55:03.131000 return data: last bar 2017-04-27 14:50:00 last processed bar 2017-04-27 14:45:00
2 bars requested 2 bars returned
start_idx [(0, Timestamp('2017-04-27 09:35:00'))]
start_ema 2017-04-27 09:55:00 data.dropna() feed returned insufficient data
now 2017-04-27 15:00:00.146000 return data: last bar 2017-04-27 14:55:00 last processed bar 2017-04-27 14:50:00
2 bars requested 2 bars returned
start_idx [(0, Timestamp('2017-04-27 09:35:00'))]
start_ema 2017-04-27 09:55:00 data.dropna() feed returned insufficient data
now 2017-04-27 15:05:01.138000 return data: last bar 2017-04-27 15:00:00 last processed bar 2017-04-27 14:55:00
2 bars requested 2 bars returned
start_idx [(0, Timestamp('2017-04-27 09:35:00'))]
start_ema 2017-04-27 09:55:00 data.dropna() feed returned insufficient data
now 2017-04-27 15:10:03.298000 return data: last bar 2017-04-27 15:05:00 last processed bar 2017-04-27 15:00:00
2 bars requested 2 bars returned
start_idx [(0, Timestamp('2017-04-27 09:35:00'))]
start_ema 2017-04-27 09:55:00 data.dropna() feed returned insufficient data
now 2017-04-27 15:15:00.061000 return data: last bar 2017-04-27 15:10:00 last processed bar 2017-04-27 15:05:00
2 bars requested 2 bars returned
start_idx [(0, Timestamp('2017-04-27 09:35:00'))]
start_ema 2017-04-27 09:55:00 data.dropna() feed returned insufficient data
now 2017-04-27 15:20:01.041000 return data: last bar 2017-04-27 15:15:00 last processed bar 2017-04-27 15:10:00
2 bars requested 2 bars returned
start_idx [(0, Timestamp('2017-04-27 09:35:00'))]
start_ema 2017-04-27 09:55:00 data.dropna() feed returned insufficient data
now 2017-04-27 15:25:01.329000 return data: last bar 2017-04-27 15:20:00 last processed bar 2017-04-27 15:15:00
2 bars requested 2 bars returned
start_idx [(0, Timestamp('2017-04-27 09:35:00'))]
start_ema 2017-04-27 09:55:00 data.dropna() feed returned insufficient data
now 2017-04-27 15:30:00.533000 return data: last bar 2017-04-27 15:25:00 last processed bar 2017-04-27 15:20:00
2 bars requested 2 bars returned
start_idx [(0, Timestamp('2017-04-27 09:35:00'))]
start_ema 2017-04-27 09:55:00 data.dropna() feed returned insufficient data
now 2017-04-27 15:35:00.831000 return data: last bar 2017-04-27 15:30:00 last processed bar 2017-04-27 15:25:00
2 bars requested 2 bars returned
start_idx [(0, Timestamp('2017-04-27 09:35:00'))]
start_ema 2017-04-27 09:55:00 data.dropna() feed returned insufficient data
now 2017-04-27 15:40:00.422000 return data: last bar 2017-04-27 15:35:00 last processed bar 2017-04-27 15:30:00
2 bars requested 2 bars returned
start_idx [(0, Timestamp('2017-04-27 09:35:00'))]
start_ema 2017-04-27 09:55:00 data.dropna() feed returned insufficient data
now 2017-04-27 15:45:00.198000 return data: last bar 2017-04-27 15:40:00 last processed bar 2017-04-27 15:35:00
2 bars requested 2 bars returned
start_idx [(0, Timestamp('2017-04-27 09:35:00'))]
start_ema 2017-04-27 09:55:00 data.dropna() feed returned insufficient data
now 2017-04-27 15:50:00.504000 return data: last bar 2017-04-27 15:45:00 last processed bar 2017-04-27 15:40:00
2 bars requested 2 bars returned
start_idx [(0, Timestamp('2017-04-27 09:35:00'))]
start_ema 2017-04-27 09:55:00 data.dropna() feed returned insufficient data
now 2017-04-27 15:55:01.548000
