return data: last bar 2017-04-27 09:35:00 last processed bar 1000-01-01 00:00:00
596 bars requested 596 bars returned
start_idx [(595, Timestamp('2017-04-27 09:35:00'))]
start_ema 2017-04-27 08:00:00 start_vwap 2017-04-27 09:35:00 last_bar 2017-04-27 09:35:00 ET:  0.01  minutes
now 2017-04-27 09:45:00.428000 return None: last bar 2017-04-27 09:35:00 last processed bar 2017-04-27 09:35:00
AXAS getFeed did not return any data! last bar: 2017-04-27 09:35:00 now: 09:45:01.556000
now 2017-04-27 09:50:01.575000 return data: last bar 2017-04-27 09:40:00 last processed bar 2017-04-27 09:35:00
596 bars requested 596 bars returned
start_idx [(594, Timestamp('2017-04-27 09:35:00'))]
start_ema 2017-04-27 08:00:00 start_vwap 2017-04-27 09:35:00 last_bar 2017-04-27 09:40:00 Writing to ./data/AXAS_livesignals_20170427_09_40_55.csv ./data/AXAS_last.csv
ET:  0.09  minutes
now 2017-04-27 09:55:01.718000 return data: last bar 2017-04-27 09:45:00 last processed bar 2017-04-27 09:40:00
596 bars requested 596 bars returned
start_idx [(593, Timestamp('2017-04-27 09:35:00'))]
start_ema 2017-04-27 08:00:00 start_vwap 2017-04-27 09:35:00 last_bar 2017-04-27 09:45:00 Writing to ./data/AXAS_livesignals_20170427_09_40_55.csv ./data/AXAS_last.csv
ET:  0.07  minutes
now 2017-04-27 10:00:01.105000 return data: last bar 2017-04-27 09:50:00 last processed bar 2017-04-27 09:45:00
596 bars requested 596 bars returned
start_idx [(592, Timestamp('2017-04-27 09:35:00'))]
start_ema 2017-04-27 08:00:00 start_vwap 2017-04-27 09:35:00 last_bar 2017-04-27 09:50:00 Writing to ./data/AXAS_livesignals_20170427_09_40_55.csv ./data/AXAS_last.csv
ET:  0.1  minutes
now 2017-04-27 10:05:01.419000 return data: last bar 2017-04-27 09:55:00 last processed bar 2017-04-27 09:50:00
596 bars requested 596 bars returned
start_idx [(591, Timestamp('2017-04-27 09:35:00'))]
start_ema 2017-04-27 08:00:00 start_vwap 2017-04-27 09:35:00 last_bar 2017-04-27 09:55:00 Writing to ./data/AXAS_livesignals_20170427_09_40_55.csv ./data/AXAS_last.csv
ET:  0.08  minutes
now 2017-04-27 10:10:01.195000 return data: last bar 2017-04-27 10:00:00 last processed bar 2017-04-27 09:55:00
596 bars requested 596 bars returned
start_idx [(590, Timestamp('2017-04-27 09:35:00'))]
start_ema 2017-04-27 08:00:00 start_vwap 2017-04-27 09:35:00 last_bar 2017-04-27 10:00:00 Writing to ./data/AXAS_livesignals_20170427_09_40_55.csv ./data/AXAS_last.csv
ET:  0.09  minutes
now 2017-04-27 10:15:01.156000 return data: last bar 2017-04-27 10:10:00 last processed bar 2017-04-27 10:00:00
596 bars requested 596 bars returned
start_idx [(588, Timestamp('2017-04-27 09:35:00'))]
start_ema 2017-04-27 08:00:00 start_vwap 2017-04-27 09:35:00 last_bar 2017-04-27 10:10:00 Writing to ./data/AXAS_livesignals_20170427_09_40_55.csv ./data/AXAS_last.csv
ET:  0.1  minutes
now 2017-04-27 10:20:00.201000 return data: last bar 2017-04-27 10:15:00 last processed bar 2017-04-27 10:10:00
596 bars requested 596 bars returned
start_idx [(587, Timestamp('2017-04-27 09:35:00'))]
start_ema 2017-04-27 08:00:00 start_vwap 2017-04-27 09:35:00 last_bar 2017-04-27 10:15:00 Writing to ./data/AXAS_livesignals_20170427_09_40_55.csv ./data/AXAS_last.csv
ET:  0.11  minutes
now 2017-04-27 10:25:01.463000 return data: last bar 2017-04-27 10:20:00 last processed bar 2017-04-27 10:15:00
596 bars requested 596 bars returned
start_idx [(586, Timestamp('2017-04-27 09:35:00'))]
start_ema 2017-04-27 08:00:00 start_vwap 2017-04-27 09:35:00 last_bar 2017-04-27 10:20:00 Writing to ./data/AXAS_livesignals_20170427_09_40_55.csv ./data/AXAS_last.csv
ET:  0.09  minutes
now 2017-04-27 10:30:01.676000 return data: last bar 2017-04-27 10:25:00 last processed bar 2017-04-27 10:20:00
596 bars requested 596 bars returned
start_idx [(585, Timestamp('2017-04-27 09:35:00'))]
start_ema 2017-04-27 08:00:00 start_vwap 2017-04-27 09:35:00 last_bar 2017-04-27 10:25:00 Writing to ./data/AXAS_livesignals_20170427_09_40_55.csv ./data/AXAS_last.csv
ET:  0.09  minutes
now 2017-04-27 10:35:01.927000 return data: last bar 2017-04-27 10:30:00 last processed bar 2017-04-27 10:25:00
596 bars requested 596 bars returned
start_idx [(584, Timestamp('2017-04-27 09:35:00'))]
start_ema 2017-04-27 08:00:00 start_vwap 2017-04-27 09:35:00 last_bar 2017-04-27 10:30:00 Writing to ./data/AXAS_livesignals_20170427_09_40_55.csv ./data/AXAS_last.csv
ET:  0.1  minutes
now 2017-04-27 10:40:01.327000 return data: last bar 2017-04-27 10:35:00 last processed bar 2017-04-27 10:30:00
596 bars requested 596 bars returned
start_idx [(583, Timestamp('2017-04-27 09:35:00'))]
start_ema 2017-04-27 08:00:00 start_vwap 2017-04-27 09:35:00 last_bar 2017-04-27 10:35:00 Writing to ./data/AXAS_livesignals_20170427_09_40_55.csv ./data/AXAS_last.csv
ET:  0.1  minutes
now 2017-04-27 10:45:00.803000 return data: last bar 2017-04-27 10:40:00 last processed bar 2017-04-27 10:35:00
596 bars requested 596 bars returned
start_idx [(582, Timestamp('2017-04-27 09:35:00'))]
start_ema 2017-04-27 08:00:00 start_vwap 2017-04-27 09:35:00 last_bar 2017-04-27 10:40:00 Writing to ./data/AXAS_livesignals_20170427_09_40_55.csv ./data/AXAS_last.csv
ET:  0.11  minutes
now 2017-04-27 10:50:00.148000 return data: last bar 2017-04-27 10:45:00 last processed bar 2017-04-27 10:40:00
596 bars requested 596 bars returned
start_idx [(581, Timestamp('2017-04-27 09:35:00'))]
start_ema 2017-04-27 08:00:00 start_vwap 2017-04-27 09:35:00 last_bar 2017-04-27 10:45:00 Writing to ./data/AXAS_livesignals_20170427_09_40_55.csv ./data/AXAS_last.csv
ET:  0.12  minutes
now 2017-04-27 10:55:00.628000 return data: last bar 2017-04-27 10:50:00 last processed bar 2017-04-27 10:45:00
596 bars requested 596 bars returned
start_idx [(580, Timestamp('2017-04-27 09:35:00'))]
start_ema 2017-04-27 08:00:00 start_vwap 2017-04-27 09:35:00 last_bar 2017-04-27 10:50:00 Writing to ./data/AXAS_livesignals_20170427_09_40_55.csv ./data/AXAS_last.csv
ET:  0.1  minutes
now 2017-04-27 11:00:00.666000 return data: last bar 2017-04-27 10:55:00 last processed bar 2017-04-27 10:50:00
596 bars requested 596 bars returned
start_idx [(579, Timestamp('2017-04-27 09:35:00'))]
start_ema 2017-04-27 08:00:00 start_vwap 2017-04-27 09:35:00 last_bar 2017-04-27 10:55:00 Writing to ./data/AXAS_livesignals_20170427_09_40_55.csv ./data/AXAS_last.csv
ET:  0.13  minutes
now 2017-04-27 11:05:01.377000 return data: last bar 2017-04-27 11:05:00 last processed bar 2017-04-27 10:55:00
596 bars requested 596 bars returned
start_idx [(577, Timestamp('2017-04-27 09:35:00'))]
start_ema 2017-04-27 08:00:00 start_vwap 2017-04-27 09:35:00 last_bar 2017-04-27 11:05:00 Writing to ./data/AXAS_livesignals_20170427_09_40_55.csv ./data/AXAS_last.csv
ET:  0.1  minutes
now 2017-04-27 11:10:00.211000 return data: last bar 2017-04-27 11:10:00 last processed bar 2017-04-27 11:05:00
596 bars requested 596 bars returned
start_idx [(576, Timestamp('2017-04-27 09:35:00'))]
start_ema 2017-04-27 08:00:00 start_vwap 2017-04-27 09:35:00 last_bar 2017-04-27 11:10:00 Writing to ./data/AXAS_livesignals_20170427_09_40_55.csv ./data/AXAS_last.csv
ET:  0.08  minutes
now 2017-04-27 11:15:01.512000 return None: last bar 2017-04-27 11:10:00 last processed bar 2017-04-27 11:10:00
AXAS getFeed did not return any data! last bar: 2017-04-27 11:10:00 now: 11:15:06.632000
now 2017-04-27 11:20:02.337000 return data: last bar 2017-04-27 11:20:00 last processed bar 2017-04-27 11:10:00
596 bars requested 596 bars returned
start_idx [(574, Timestamp('2017-04-27 09:35:00'))]
start_ema 2017-04-27 08:00:00 start_vwap 2017-04-27 09:35:00 last_bar 2017-04-27 11:20:00 Writing to ./data/AXAS_livesignals_20170427_09_40_55.csv ./data/AXAS_last.csv
ET:  0.09  minutes
now 2017-04-27 11:25:00.852000 return data: last bar 2017-04-27 11:25:00 last processed bar 2017-04-27 11:20:00
596 bars requested 596 bars returned
start_idx [(573, Timestamp('2017-04-27 09:35:00'))]
start_ema 2017-04-27 08:00:00 start_vwap 2017-04-27 09:35:00 last_bar 2017-04-27 11:25:00 Writing to ./data/AXAS_livesignals_20170427_09_40_55.csv ./data/AXAS_last.csv
ET:  0.11  minutes
now 2017-04-27 11:30:00.648000 return None: last bar 2017-04-27 11:25:00 last processed bar 2017-04-27 11:25:00
AXAS getFeed did not return any data! last bar: 2017-04-27 11:25:00 now: 11:30:04.706000
now 2017-04-27 11:35:01.028000 return data: last bar 2017-04-27 11:35:00 last processed bar 2017-04-27 11:25:00
596 bars requested 596 bars returned
start_idx [(571, Timestamp('2017-04-27 09:35:00'))]
start_ema 2017-04-27 08:00:00 start_vwap 2017-04-27 09:35:00 last_bar 2017-04-27 11:35:00 Writing to ./data/AXAS_livesignals_20170427_09_40_55.csv ./data/AXAS_last.csv
ET:  0.08  minutes
now 2017-04-27 11:40:01.378000 return data: last bar 2017-04-27 11:40:00 last processed bar 2017-04-27 11:35:00
2 bars requested 2 bars returned
start_idx [(0, Timestamp('2017-04-27 09:35:00'))]
start_ema 2017-04-27 09:50:00 data.dropna() feed returned insufficient data
now 2017-04-27 11:45:01.293000 return data: last bar 2017-04-27 11:45:00 last processed bar 2017-04-27 11:40:00
2 bars requested 2 bars returned
start_idx [(0, Timestamp('2017-04-27 09:35:00'))]
start_ema 2017-04-27 09:50:00 data.dropna() feed returned insufficient data
now 2017-04-27 11:50:00.087000 return None: last bar 2017-04-27 11:45:00 last processed bar 2017-04-27 11:45:00
2 bars requested None returned
AXAS getFeed did not return any data! last bar: 2017-04-27 11:45:00 now: 11:50:00.442000
now 2017-04-27 11:55:00.259000 return data: last bar 2017-04-27 11:50:00 last processed bar 2017-04-27 11:45:00
596 bars requested 596 bars returned
start_idx [(568, Timestamp('2017-04-27 09:35:00'))]
start_ema 2017-04-27 08:00:00 start_vwap 2017-04-27 09:35:00 last_bar 2017-04-27 11:50:00 Writing to ./data/AXAS_livesignals_20170427_09_40_55.csv ./data/AXAS_last.csv
ET:  0.07  minutes
now 2017-04-27 12:00:00.565000 return data: last bar 2017-04-27 12:00:00 last processed bar 2017-04-27 11:50:00
2 bars requested 2 bars returned
start_idx [(0, Timestamp('2017-04-27 09:35:00'))]
start_ema 2017-04-27 09:55:00 data.dropna() feed returned insufficient data
now 2017-04-27 12:05:01.948000 return data: last bar 2017-04-27 12:05:00 last processed bar 2017-04-27 12:00:00
2 bars requested 2 bars returned
start_idx [(0, Timestamp('2017-04-27 09:35:00'))]
start_ema 2017-04-27 09:55:00 data.dropna() feed returned insufficient data
now 2017-04-27 12:10:00.145000 return None: last bar 2017-04-27 12:05:00 last processed bar 2017-04-27 12:05:00
2 bars requested None returned
AXAS getFeed did not return any data! last bar: 2017-04-27 12:05:00 now: 12:10:00.256000
now 2017-04-27 12:15:01.297000 return data: last bar 2017-04-27 12:15:00 last processed bar 2017-04-27 12:05:00
596 bars requested 596 bars returned
start_idx [(563, Timestamp('2017-04-27 09:35:00'))]
start_ema 2017-04-27 08:00:00 start_vwap 2017-04-27 09:35:00 last_bar 2017-04-27 12:15:00 Writing to ./data/AXAS_livesignals_20170427_09_40_55.csv ./data/AXAS_last.csv
ET:  0.06  minutes
now 2017-04-27 12:20:01.185000 return data: last bar 2017-04-27 12:20:00 last processed bar 2017-04-27 12:15:00
2 bars requested 2 bars returned
start_idx [(0, Timestamp('2017-04-27 09:35:00'))]
start_ema 2017-04-27 10:00:00 data.dropna() feed returned insufficient data
now 2017-04-27 12:25:01.806000 return data: last bar 2017-04-27 12:25:00 last processed bar 2017-04-27 12:20:00
2 bars requested 2 bars returned
start_idx [(0, Timestamp('2017-04-27 09:35:00'))]
start_ema 2017-04-27 10:00:00 data.dropna() feed returned insufficient data
now 2017-04-27 12:30:00.490000 return data: last bar 2017-04-27 12:30:00 last processed bar 2017-04-27 12:25:00
2 bars requested 2 bars returned
start_idx [(0, Timestamp('2017-04-27 09:35:00'))]
start_ema 2017-04-27 10:00:00 data.dropna() feed returned insufficient data
now 2017-04-27 12:35:00.219000 return data: last bar 2017-04-27 12:35:00 last processed bar 2017-04-27 12:30:00
2 bars requested 2 bars returned
start_idx [(0, Timestamp('2017-04-27 09:35:00'))]
start_ema 2017-04-27 10:00:00 data.dropna() feed returned insufficient data
now 2017-04-27 12:40:01.542000 return data: last bar 2017-04-27 12:40:00 last processed bar 2017-04-27 12:35:00
2 bars requested 2 bars returned
start_idx [(0, Timestamp('2017-04-27 09:35:00'))]
start_ema 2017-04-27 10:00:00 data.dropna() feed returned insufficient data
now 2017-04-27 12:45:01.408000 return data: last bar 2017-04-27 12:45:00 last processed bar 2017-04-27 12:40:00
2 bars requested 2 bars returned
start_idx [(0, Timestamp('2017-04-27 09:35:00'))]
start_ema 2017-04-27 10:00:00 data.dropna() feed returned insufficient data
now 2017-04-27 12:50:01.308000 return data: last bar 2017-04-27 12:50:00 last processed bar 2017-04-27 12:45:00
2 bars requested 2 bars returned
start_idx [(0, Timestamp('2017-04-27 09:35:00'))]
start_ema 2017-04-27 10:00:00 data.dropna() feed returned insufficient data
now 2017-04-27 12:55:00.062000 return data: last bar 2017-04-27 12:55:00 last processed bar 2017-04-27 12:50:00
2 bars requested 2 bars returned
start_idx [(0, Timestamp('2017-04-27 09:35:00'))]
start_ema 2017-04-27 10:00:00 data.dropna() feed returned insufficient data
now 2017-04-27 13:00:00.629000 return data: last bar 2017-04-27 13:00:00 last processed bar 2017-04-27 12:55:00
2 bars requested 2 bars returned
start_idx [(0, Timestamp('2017-04-27 09:35:00'))]
start_ema 2017-04-27 10:00:00 data.dropna() feed returned insufficient data
now 2017-04-27 13:05:00.994000 return data: last bar 2017-04-27 13:05:00 last processed bar 2017-04-27 13:00:00
2 bars requested 2 bars returned
start_idx [(0, Timestamp('2017-04-27 09:35:00'))]
start_ema 2017-04-27 10:00:00 data.dropna() feed returned insufficient data
now 2017-04-27 13:10:01.306000 return data: last bar 2017-04-27 13:10:00 last processed bar 2017-04-27 13:05:00
2 bars requested 2 bars returned
start_idx [(0, Timestamp('2017-04-27 09:35:00'))]
start_ema 2017-04-27 10:00:00 data.dropna() feed returned insufficient data
now 2017-04-27 13:15:00.060000 return data: last bar 2017-04-27 13:15:00 last processed bar 2017-04-27 13:10:00
2 bars requested 2 bars returned
start_idx [(0, Timestamp('2017-04-27 09:35:00'))]
start_ema 2017-04-27 10:00:00 data.dropna() feed returned insufficient data
now 2017-04-27 13:20:01.477000 return data: last bar 2017-04-27 13:20:00 last processed bar 2017-04-27 13:15:00
2 bars requested 2 bars returned
start_idx [(0, Timestamp('2017-04-27 09:35:00'))]
start_ema 2017-04-27 10:00:00 data.dropna() feed returned insufficient data
now 2017-04-27 13:25:00.694000 return data: last bar 2017-04-27 13:25:00 last processed bar 2017-04-27 13:20:00
2 bars requested 2 bars returned
start_idx [(0, Timestamp('2017-04-27 09:35:00'))]
start_ema 2017-04-27 10:00:00 data.dropna() feed returned insufficient data
now 2017-04-27 13:30:00.023000 return None: last bar 2017-04-27 13:25:00 last processed bar 2017-04-27 13:25:00
2 bars requested None returned
AXAS getFeed did not return any data! last bar: 2017-04-27 13:25:00 now: 13:30:00.040000
now 2017-04-27 13:35:00.994000 return data: last bar 2017-04-27 13:35:00 last processed bar 2017-04-27 13:25:00
596 bars requested 596 bars returned
start_idx [(547, Timestamp('2017-04-27 09:35:00'))]
start_ema 2017-04-27 08:00:00 start_vwap 2017-04-27 09:35:00 last_bar 2017-04-27 13:35:00 Writing to ./data/AXAS_livesignals_20170427_09_40_55.csv ./data/AXAS_last.csv
ET:  0.08  minutes
now 2017-04-27 13:40:01.337000 return data: last bar 2017-04-27 13:40:00 last processed bar 2017-04-27 13:35:00
2 bars requested 2 bars returned
start_idx [(0, Timestamp('2017-04-27 09:35:00'))]
start_ema 2017-04-27 10:10:00 data.dropna() feed returned insufficient data
now 2017-04-27 13:45:02.515000 return data: last bar 2017-04-27 13:45:00 last processed bar 2017-04-27 13:40:00
2 bars requested 2 bars returned
start_idx [(0, Timestamp('2017-04-27 09:35:00'))]
start_ema 2017-04-27 10:10:00 data.dropna() feed returned insufficient data
now 2017-04-27 13:50:01.598000 return data: last bar 2017-04-27 13:50:00 last processed bar 2017-04-27 13:45:00
2 bars requested 2 bars returned
start_idx [(0, Timestamp('2017-04-27 09:35:00'))]
start_ema 2017-04-27 10:10:00 data.dropna() feed returned insufficient data
now 2017-04-27 13:55:00.749000 return data: last bar 2017-04-27 13:55:00 last processed bar 2017-04-27 13:50:00
2 bars requested 2 bars returned
start_idx [(0, Timestamp('2017-04-27 09:35:00'))]
start_ema 2017-04-27 10:10:00 data.dropna() feed returned insufficient data
now 2017-04-27 14:00:01.626000 return data: last bar 2017-04-27 14:00:00 last processed bar 2017-04-27 13:55:00
2 bars requested 2 bars returned
start_idx [(0, Timestamp('2017-04-27 09:35:00'))]
start_ema 2017-04-27 10:10:00 data.dropna() feed returned insufficient data
now 2017-04-27 14:05:00.317000 return data: last bar 2017-04-27 14:05:00 last processed bar 2017-04-27 14:00:00
2 bars requested 2 bars returned
start_idx [(0, Timestamp('2017-04-27 09:35:00'))]
start_ema 2017-04-27 10:10:00 data.dropna() feed returned insufficient data
now 2017-04-27 14:10:01.045000 return data: last bar 2017-04-27 14:10:00 last processed bar 2017-04-27 14:05:00
2 bars requested 2 bars returned
start_idx [(0, Timestamp('2017-04-27 09:35:00'))]
start_ema 2017-04-27 10:10:00 data.dropna() feed returned insufficient data
now 2017-04-27 14:15:01.176000 return data: last bar 2017-04-27 14:15:00 last processed bar 2017-04-27 14:10:00
2 bars requested 2 bars returned
start_idx [(0, Timestamp('2017-04-27 09:35:00'))]
start_ema 2017-04-27 10:10:00 data.dropna() feed returned insufficient data
now 2017-04-27 14:20:00.800000 return data: last bar 2017-04-27 14:20:00 last processed bar 2017-04-27 14:15:00
2 bars requested 2 bars returned
start_idx [(0, Timestamp('2017-04-27 09:35:00'))]
start_ema 2017-04-27 10:10:00 data.dropna() feed returned insufficient data
now 2017-04-27 14:25:00.646000 return data: last bar 2017-04-27 14:25:00 last processed bar 2017-04-27 14:20:00
2 bars requested 2 bars returned
start_idx [(0, Timestamp('2017-04-27 09:35:00'))]
start_ema 2017-04-27 10:10:00 data.dropna() feed returned insufficient data
now 2017-04-27 14:30:02.317000 return data: last bar 2017-04-27 14:30:00 last processed bar 2017-04-27 14:25:00
2 bars requested 2 bars returned
start_idx [(0, Timestamp('2017-04-27 09:35:00'))]
start_ema 2017-04-27 10:10:00 data.dropna() feed returned insufficient data
now 2017-04-27 14:35:01.624000 return data: last bar 2017-04-27 14:35:00 last processed bar 2017-04-27 14:30:00
2 bars requested 2 bars returned
start_idx [(0, Timestamp('2017-04-27 09:35:00'))]
start_ema 2017-04-27 10:10:00 data.dropna() feed returned insufficient data
now 2017-04-27 14:40:00.237000 return data: last bar 2017-04-27 14:40:00 last processed bar 2017-04-27 14:35:00
2 bars requested 2 bars returned
start_idx [(0, Timestamp('2017-04-27 09:35:00'))]
start_ema 2017-04-27 10:10:00 data.dropna() feed returned insufficient data
now 2017-04-27 14:45:00.064000 return None: last bar 2017-04-27 14:40:00 last processed bar 2017-04-27 14:40:00
2 bars requested None returned
AXAS getFeed did not return any data! last bar: 2017-04-27 14:40:00 now: 14:45:03.950000
now 2017-04-27 14:50:00.826000 return data: last bar 2017-04-27 14:50:00 last processed bar 2017-04-27 14:40:00
596 bars requested 596 bars returned
start_idx [(532, Timestamp('2017-04-27 09:35:00'))]
start_ema 2017-04-27 08:00:00 start_vwap 2017-04-27 09:35:00 last_bar 2017-04-27 14:50:00 Writing to ./data/AXAS_livesignals_20170427_09_40_55.csv ./data/AXAS_last.csv
ET:  0.06  minutes
now 2017-04-27 14:55:00.775000 return data: last bar 2017-04-27 14:55:00 last processed bar 2017-04-27 14:50:00
2 bars requested 2 bars returned
start_idx [(0, Timestamp('2017-04-27 09:35:00'))]
start_ema 2017-04-27 10:15:00 data.dropna() feed returned insufficient data
now 2017-04-27 15:00:00.624000 return None: last bar 2017-04-27 14:55:00 last processed bar 2017-04-27 14:55:00
2 bars requested None returned
AXAS getFeed did not return any data! last bar: 2017-04-27 14:55:00 now: 15:00:00.872000
now 2017-04-27 15:05:00.070000 return data: last bar 2017-04-27 15:05:00 last processed bar 2017-04-27 14:55:00
596 bars requested 596 bars returned
start_idx [(529, Timestamp('2017-04-27 09:35:00'))]
start_ema 2017-04-27 08:00:00 start_vwap 2017-04-27 09:35:00 last_bar 2017-04-27 15:05:00 Writing to ./data/AXAS_livesignals_20170427_09_40_55.csv ./data/AXAS_last.csv
ET:  0.09  minutes
now 2017-04-27 15:10:00.736000 return data: last bar 2017-04-27 15:10:00 last processed bar 2017-04-27 15:05:00
2 bars requested 2 bars returned
start_idx [(0, Timestamp('2017-04-27 09:35:00'))]
start_ema 2017-04-27 10:20:00 data.dropna() feed returned insufficient data
now 2017-04-27 15:15:01.027000 return data: last bar 2017-04-27 15:15:00 last processed bar 2017-04-27 15:10:00
2 bars requested 2 bars returned
start_idx [(0, Timestamp('2017-04-27 09:35:00'))]
start_ema 2017-04-27 10:20:00 data.dropna() feed returned insufficient data
now 2017-04-27 15:20:00.269000 return data: last bar 2017-04-27 15:20:00 last processed bar 2017-04-27 15:15:00
2 bars requested 2 bars returned
start_idx [(0, Timestamp('2017-04-27 09:35:00'))]
start_ema 2017-04-27 10:20:00 data.dropna() feed returned insufficient data
now 2017-04-27 15:25:00.610000 return data: last bar 2017-04-27 15:25:00 last processed bar 2017-04-27 15:20:00
2 bars requested 2 bars returned
start_idx [(0, Timestamp('2017-04-27 09:35:00'))]
start_ema 2017-04-27 10:20:00 data.dropna() feed returned insufficient data
now 2017-04-27 15:30:00.942000 return data: last bar 2017-04-27 15:30:00 last processed bar 2017-04-27 15:25:00
2 bars requested 2 bars returned
start_idx [(0, Timestamp('2017-04-27 09:35:00'))]
start_ema 2017-04-27 10:20:00 data.dropna() feed returned insufficient data
now 2017-04-27 15:35:02.158000 return data: last bar 2017-04-27 15:35:00 last processed bar 2017-04-27 15:30:00
2 bars requested 2 bars returned
start_idx [(0, Timestamp('2017-04-27 09:35:00'))]
start_ema 2017-04-27 10:20:00 data.dropna() feed returned insufficient data
now 2017-04-27 15:40:00.491000 return data: last bar 2017-04-27 15:40:00 last processed bar 2017-04-27 15:35:00
2 bars requested 2 bars returned
start_idx [(0, Timestamp('2017-04-27 09:35:00'))]
start_ema 2017-04-27 10:20:00 data.dropna() feed returned insufficient data
now 2017-04-27 15:45:00.732000 return data: last bar 2017-04-27 15:45:00 last processed bar 2017-04-27 15:40:00
2 bars requested 2 bars returned
start_idx [(0, Timestamp('2017-04-27 09:35:00'))]
start_ema 2017-04-27 10:20:00 data.dropna() feed returned insufficient data
now 2017-04-27 15:50:01.120000 return data: last bar 2017-04-27 15:50:00 last processed bar 2017-04-27 15:45:00
2 bars requested 2 bars returned
start_idx [(0, Timestamp('2017-04-27 09:35:00'))]
start_ema 2017-04-27 10:20:00 data.dropna() feed returned insufficient data
now 2017-04-27 15:55:01.398000
