return data: last bar 2017-04-27 09:35:00 last processed bar 1000-01-01 00:00:00
BGCP: Warning! 596 bars requested 20 bars returned.
start_idx [(19, Timestamp('2017-04-27 09:35:00'))]
start_ema 2017-04-27 08:00:00 start_vwap 2017-04-27 09:35:00 last_bar 2017-04-27 09:35:00 ET:  0.04  minutes
now 2017-04-27 09:45:01.373000 return None: last bar 2017-04-27 09:35:00 last processed bar 2017-04-27 09:35:00
BGCP getFeed did not return any data! last bar: 2017-04-27 09:35:00 now: 09:45:01.455000
now 2017-04-27 09:50:00.518000 return data: last bar 2017-04-27 09:40:00 last processed bar 2017-04-27 09:35:00
BGCP: Warning! 596 bars requested 21 bars returned.
start_idx [(19, Timestamp('2017-04-27 09:35:00'))]
start_ema 2017-04-27 08:00:00 start_vwap 2017-04-27 09:35:00 last_bar 2017-04-27 09:40:00 Writing to ./data/BGCP_livesignals_20170427_09_40_49.csv ./data/BGCP_last.csv
ET:  0.06  minutes
now 2017-04-27 09:55:00.091000 return None: last bar 2017-04-27 09:40:00 last processed bar 2017-04-27 09:40:00
BGCP getFeed did not return any data! last bar: 2017-04-27 09:40:00 now: 09:55:00.141000
now 2017-04-27 10:00:00.086000 return data: last bar 2017-04-27 09:50:00 last processed bar 2017-04-27 09:40:00
BGCP: Warning! 596 bars requested 23 bars returned.
start_idx [(19, Timestamp('2017-04-27 09:35:00'))]
start_ema 2017-04-27 08:00:00 start_vwap 2017-04-27 09:35:00 last_bar 2017-04-27 09:50:00 Writing to ./data/BGCP_livesignals_20170427_09_40_49.csv ./data/BGCP_last.csv
ET:  0.05  minutes
now 2017-04-27 10:05:00.267000 return data: last bar 2017-04-27 09:55:00 last processed bar 2017-04-27 09:50:00
BGCP: Warning! 596 bars requested 24 bars returned.
start_idx [(19, Timestamp('2017-04-27 09:35:00'))]
start_ema 2017-04-27 08:00:00 start_vwap 2017-04-27 09:35:00 last_bar 2017-04-27 09:55:00 Writing to ./data/BGCP_livesignals_20170427_09_40_49.csv ./data/BGCP_last.csv
ET:  0.06  minutes
now 2017-04-27 10:10:00.947000 return data: last bar 2017-04-27 10:00:00 last processed bar 2017-04-27 09:55:00
BGCP: Warning! 596 bars requested 25 bars returned.
start_idx [(19, Timestamp('2017-04-27 09:35:00'))]
start_ema 2017-04-27 08:00:00 start_vwap 2017-04-27 09:35:00 last_bar 2017-04-27 10:00:00 Writing to ./data/BGCP_livesignals_20170427_09_40_49.csv ./data/BGCP_last.csv
ET:  0.06  minutes
now 2017-04-27 10:15:00.939000 return data: last bar 2017-04-27 10:10:00 last processed bar 2017-04-27 10:00:00
BGCP: Warning! 596 bars requested 27 bars returned.
start_idx [(19, Timestamp('2017-04-27 09:35:00'))]
start_ema 2017-04-27 08:00:00 start_vwap 2017-04-27 09:35:00 last_bar 2017-04-27 10:10:00 Writing to ./data/BGCP_livesignals_20170427_09_40_49.csv ./data/BGCP_last.csv
ET:  0.11  minutes
now 2017-04-27 10:20:01.045000 return data: last bar 2017-04-27 10:15:00 last processed bar 2017-04-27 10:10:00
BGCP: Warning! 596 bars requested 28 bars returned.
start_idx [(19, Timestamp('2017-04-27 09:35:00'))]
start_ema 2017-04-27 08:00:00 start_vwap 2017-04-27 09:35:00 last_bar 2017-04-27 10:15:00 Writing to ./data/BGCP_livesignals_20170427_09_40_49.csv ./data/BGCP_last.csv
ET:  0.06  minutes
now 2017-04-27 10:25:00.869000 return data: last bar 2017-04-27 10:20:00 last processed bar 2017-04-27 10:15:00
BGCP: Warning! 596 bars requested 29 bars returned.
start_idx [(19, Timestamp('2017-04-27 09:35:00'))]
start_ema 2017-04-27 08:00:00 start_vwap 2017-04-27 09:35:00 last_bar 2017-04-27 10:20:00 Writing to ./data/BGCP_livesignals_20170427_09_40_49.csv ./data/BGCP_last.csv
ET:  0.06  minutes
now 2017-04-27 10:30:00.881000 return data: last bar 2017-04-27 10:25:00 last processed bar 2017-04-27 10:20:00
BGCP: Warning! 596 bars requested 30 bars returned.
start_idx [(19, Timestamp('2017-04-27 09:35:00'))]
start_ema 2017-04-27 08:00:00 start_vwap 2017-04-27 09:35:00 last_bar 2017-04-27 10:25:00 Writing to ./data/BGCP_livesignals_20170427_09_40_49.csv ./data/BGCP_last.csv
ET:  0.06  minutes
now 2017-04-27 10:35:02.069000 return data: last bar 2017-04-27 10:30:00 last processed bar 2017-04-27 10:25:00
BGCP: Warning! 596 bars requested 31 bars returned.
start_idx [(19, Timestamp('2017-04-27 09:35:00'))]
start_ema 2017-04-27 08:00:00 start_vwap 2017-04-27 09:35:00 last_bar 2017-04-27 10:30:00 Writing to ./data/BGCP_livesignals_20170427_09_40_49.csv ./data/BGCP_last.csv
ET:  0.05  minutes
now 2017-04-27 10:40:00.157000 return data: last bar 2017-04-27 10:35:00 last processed bar 2017-04-27 10:30:00
BGCP: Warning! 596 bars requested 32 bars returned.
start_idx [(19, Timestamp('2017-04-27 09:35:00'))]
start_ema 2017-04-27 08:00:00 start_vwap 2017-04-27 09:35:00 last_bar 2017-04-27 10:35:00 Writing to ./data/BGCP_livesignals_20170427_09_40_49.csv ./data/BGCP_last.csv
ET:  0.06  minutes
now 2017-04-27 10:45:02.944000 return data: last bar 2017-04-27 10:40:00 last processed bar 2017-04-27 10:35:00
BGCP: Warning! 596 bars requested 33 bars returned.
start_idx [(19, Timestamp('2017-04-27 09:35:00'))]
start_ema 2017-04-27 08:00:00 start_vwap 2017-04-27 09:35:00 last_bar 2017-04-27 10:40:00 Writing to ./data/BGCP_livesignals_20170427_09_40_49.csv ./data/BGCP_last.csv
ET:  0.07  minutes
now 2017-04-27 10:50:02.405000 return data: last bar 2017-04-27 10:45:00 last processed bar 2017-04-27 10:40:00
BGCP: Warning! 596 bars requested 34 bars returned.
start_idx [(19, Timestamp('2017-04-27 09:35:00'))]
start_ema 2017-04-27 08:00:00 start_vwap 2017-04-27 09:35:00 last_bar 2017-04-27 10:45:00 Writing to ./data/BGCP_livesignals_20170427_09_40_49.csv ./data/BGCP_last.csv
ET:  0.05  minutes
now 2017-04-27 10:55:00.452000 return data: last bar 2017-04-27 10:50:00 last processed bar 2017-04-27 10:45:00
BGCP: Warning! 596 bars requested 35 bars returned.
start_idx [(19, Timestamp('2017-04-27 09:35:00'))]
start_ema 2017-04-27 08:00:00 start_vwap 2017-04-27 09:35:00 last_bar 2017-04-27 10:50:00 Writing to ./data/BGCP_livesignals_20170427_09_40_49.csv ./data/BGCP_last.csv
ET:  0.06  minutes
now 2017-04-27 11:00:00.313000 return data: last bar 2017-04-27 10:55:00 last processed bar 2017-04-27 10:50:00
BGCP: Warning! 596 bars requested 36 bars returned.
start_idx [(19, Timestamp('2017-04-27 09:35:00'))]
start_ema 2017-04-27 08:00:00 start_vwap 2017-04-27 09:35:00 last_bar 2017-04-27 10:55:00 Writing to ./data/BGCP_livesignals_20170427_09_40_49.csv ./data/BGCP_last.csv
ET:  0.06  minutes
now 2017-04-27 11:05:02.109000 return data: last bar 2017-04-27 11:00:00 last processed bar 2017-04-27 10:55:00
BGCP: Warning! 596 bars requested 37 bars returned.
start_idx [(19, Timestamp('2017-04-27 09:35:00'))]
start_ema 2017-04-27 08:00:00 start_vwap 2017-04-27 09:35:00 last_bar 2017-04-27 11:00:00 Writing to ./data/BGCP_livesignals_20170427_09_40_49.csv ./data/BGCP_last.csv
ET:  0.07  minutes
now 2017-04-27 11:10:00.397000 return data: last bar 2017-04-27 11:05:00 last processed bar 2017-04-27 11:00:00
BGCP: Warning! 596 bars requested 38 bars returned.
start_idx [(19, Timestamp('2017-04-27 09:35:00'))]
start_ema 2017-04-27 08:00:00 start_vwap 2017-04-27 09:35:00 last_bar 2017-04-27 11:05:00 Writing to ./data/BGCP_livesignals_20170427_09_40_49.csv ./data/BGCP_last.csv
ET:  0.06  minutes
now 2017-04-27 11:15:01.831000 return data: last bar 2017-04-27 11:10:00 last processed bar 2017-04-27 11:05:00
BGCP: Warning! 596 bars requested 39 bars returned.
start_idx [(19, Timestamp('2017-04-27 09:35:00'))]
start_ema 2017-04-27 08:00:00 start_vwap 2017-04-27 09:35:00 last_bar 2017-04-27 11:10:00 Writing to ./data/BGCP_livesignals_20170427_09_40_49.csv ./data/BGCP_last.csv
ET:  0.05  minutes
now 2017-04-27 11:20:03.153000 return data: last bar 2017-04-27 11:15:00 last processed bar 2017-04-27 11:10:00
BGCP: Warning! 596 bars requested 40 bars returned.
start_idx [(19, Timestamp('2017-04-27 09:35:00'))]
start_ema 2017-04-27 08:00:00 start_vwap 2017-04-27 09:35:00 last_bar 2017-04-27 11:15:00 Writing to ./data/BGCP_livesignals_20170427_09_40_49.csv ./data/BGCP_last.csv
ET:  0.07  minutes
now 2017-04-27 11:25:01.855000 return data: last bar 2017-04-27 11:20:00 last processed bar 2017-04-27 11:15:00
BGCP: Warning! 596 bars requested 41 bars returned.
start_idx [(19, Timestamp('2017-04-27 09:35:00'))]
start_ema 2017-04-27 08:00:00 start_vwap 2017-04-27 09:35:00 last_bar 2017-04-27 11:20:00 Writing to ./data/BGCP_livesignals_20170427_09_40_49.csv ./data/BGCP_last.csv
ET:  0.04  minutes
now 2017-04-27 11:30:00.439000 return data: last bar 2017-04-27 11:25:00 last processed bar 2017-04-27 11:20:00
BGCP: Warning! 596 bars requested 42 bars returned.
start_idx [(19, Timestamp('2017-04-27 09:35:00'))]
start_ema 2017-04-27 08:00:00 start_vwap 2017-04-27 09:35:00 last_bar 2017-04-27 11:25:00 Writing to ./data/BGCP_livesignals_20170427_09_40_49.csv ./data/BGCP_last.csv
ET:  0.09  minutes
now 2017-04-27 11:35:00.099000 return data: last bar 2017-04-27 11:30:00 last processed bar 2017-04-27 11:25:00
BGCP: Warning! 596 bars requested 43 bars returned.
start_idx [(19, Timestamp('2017-04-27 09:35:00'))]
start_ema 2017-04-27 08:00:00 start_vwap 2017-04-27 09:35:00 last_bar 2017-04-27 11:30:00 Writing to ./data/BGCP_livesignals_20170427_09_40_49.csv ./data/BGCP_last.csv
ET:  0.06  minutes
now 2017-04-27 11:40:00.930000 return data: last bar 2017-04-27 11:35:00 last processed bar 2017-04-27 11:30:00
BGCP: Warning! 596 bars requested 44 bars returned.
start_idx [(19, Timestamp('2017-04-27 09:35:00'))]
start_ema 2017-04-27 08:00:00 start_vwap 2017-04-27 09:35:00 last_bar 2017-04-27 11:35:00 Writing to ./data/BGCP_livesignals_20170427_09_40_49.csv ./data/BGCP_last.csv
ET:  0.06  minutes
now 2017-04-27 11:45:00.780000 return data: last bar 2017-04-27 11:40:00 last processed bar 2017-04-27 11:35:00
BGCP: Warning! 596 bars requested 45 bars returned.
start_idx [(19, Timestamp('2017-04-27 09:35:00'))]
start_ema 2017-04-27 08:00:00 start_vwap 2017-04-27 09:35:00 last_bar 2017-04-27 11:40:00 Writing to ./data/BGCP_livesignals_20170427_09_40_49.csv ./data/BGCP_last.csv
ET:  0.07  minutes
now 2017-04-27 11:50:00.090000 return data: last bar 2017-04-27 11:45:00 last processed bar 2017-04-27 11:40:00
BGCP: Warning! 596 bars requested 46 bars returned.
start_idx [(19, Timestamp('2017-04-27 09:35:00'))]
start_ema 2017-04-27 08:00:00 start_vwap 2017-04-27 09:35:00 last_bar 2017-04-27 11:45:00 Writing to ./data/BGCP_livesignals_20170427_09_40_49.csv ./data/BGCP_last.csv
ET:  0.07  minutes
now 2017-04-27 11:55:00.245000 return data: last bar 2017-04-27 11:50:00 last processed bar 2017-04-27 11:45:00
BGCP: Warning! 596 bars requested 47 bars returned.
start_idx [(19, Timestamp('2017-04-27 09:35:00'))]
start_ema 2017-04-27 08:00:00 start_vwap 2017-04-27 09:35:00 last_bar 2017-04-27 11:50:00 Writing to ./data/BGCP_livesignals_20170427_09_40_49.csv ./data/BGCP_last.csv
ET:  0.07  minutes
now 2017-04-27 12:00:00.469000 return data: last bar 2017-04-27 11:55:00 last processed bar 2017-04-27 11:50:00
BGCP: Warning! 596 bars requested 48 bars returned.
start_idx [(19, Timestamp('2017-04-27 09:35:00'))]
start_ema 2017-04-27 08:00:00 start_vwap 2017-04-27 09:35:00 last_bar 2017-04-27 11:55:00 Writing to ./data/BGCP_livesignals_20170427_09_40_49.csv ./data/BGCP_last.csv
ET:  0.07  minutes
now 2017-04-27 12:05:00.807000 return data: last bar 2017-04-27 12:00:00 last processed bar 2017-04-27 11:55:00
BGCP: Warning! 596 bars requested 49 bars returned.
start_idx [(19, Timestamp('2017-04-27 09:35:00'))]
start_ema 2017-04-27 08:00:00 start_vwap 2017-04-27 09:35:00 last_bar 2017-04-27 12:00:00 Writing to ./data/BGCP_livesignals_20170427_09_40_49.csv ./data/BGCP_last.csv
ET:  0.07  minutes
now 2017-04-27 12:10:01.458000 return data: last bar 2017-04-27 12:05:00 last processed bar 2017-04-27 12:00:00
BGCP: Warning! 596 bars requested 50 bars returned.
start_idx [(19, Timestamp('2017-04-27 09:35:00'))]
start_ema 2017-04-27 08:00:00 start_vwap 2017-04-27 09:35:00 last_bar 2017-04-27 12:05:00 Writing to ./data/BGCP_livesignals_20170427_09_40_49.csv ./data/BGCP_last.csv
ET:  0.07  minutes
now 2017-04-27 12:15:00.764000 return data: last bar 2017-04-27 12:10:00 last processed bar 2017-04-27 12:05:00
BGCP: Warning! 596 bars requested 51 bars returned.
start_idx [(19, Timestamp('2017-04-27 09:35:00'))]
start_ema 2017-04-27 08:00:00 start_vwap 2017-04-27 09:35:00 last_bar 2017-04-27 12:10:00 Writing to ./data/BGCP_livesignals_20170427_09_40_49.csv ./data/BGCP_last.csv
ET:  0.08  minutes
now 2017-04-27 12:20:00.413000 return data: last bar 2017-04-27 12:15:00 last processed bar 2017-04-27 12:10:00
BGCP: Warning! 596 bars requested 52 bars returned.
start_idx [(19, Timestamp('2017-04-27 09:35:00'))]
start_ema 2017-04-27 08:00:00 start_vwap 2017-04-27 09:35:00 last_bar 2017-04-27 12:15:00 Writing to ./data/BGCP_livesignals_20170427_09_40_49.csv ./data/BGCP_last.csv
ET:  0.06  minutes
now 2017-04-27 12:25:01.462000 return data: last bar 2017-04-27 12:20:00 last processed bar 2017-04-27 12:15:00
BGCP: Warning! 596 bars requested 53 bars returned.
start_idx [(19, Timestamp('2017-04-27 09:35:00'))]
start_ema 2017-04-27 08:00:00 start_vwap 2017-04-27 09:35:00 last_bar 2017-04-27 12:20:00 Writing to ./data/BGCP_livesignals_20170427_09_40_49.csv ./data/BGCP_last.csv
ET:  0.06  minutes
now 2017-04-27 12:30:00.225000 return data: last bar 2017-04-27 12:25:00 last processed bar 2017-04-27 12:20:00
BGCP: Warning! 596 bars requested 54 bars returned.
start_idx [(19, Timestamp('2017-04-27 09:35:00'))]
start_ema 2017-04-27 08:00:00 start_vwap 2017-04-27 09:35:00 last_bar 2017-04-27 12:25:00 Writing to ./data/BGCP_livesignals_20170427_09_40_49.csv ./data/BGCP_last.csv
ET:  0.05  minutes
now 2017-04-27 12:35:00.059000 return data: last bar 2017-04-27 12:30:00 last processed bar 2017-04-27 12:25:00
BGCP: Warning! 596 bars requested 55 bars returned.
start_idx [(19, Timestamp('2017-04-27 09:35:00'))]
start_ema 2017-04-27 08:00:00 start_vwap 2017-04-27 09:35:00 last_bar 2017-04-27 12:30:00 Writing to ./data/BGCP_livesignals_20170427_09_40_49.csv ./data/BGCP_last.csv
ET:  0.06  minutes
now 2017-04-27 12:40:01.276000 return data: last bar 2017-04-27 12:35:00 last processed bar 2017-04-27 12:30:00
BGCP: Warning! 596 bars requested 56 bars returned.
start_idx [(19, Timestamp('2017-04-27 09:35:00'))]
start_ema 2017-04-27 08:00:00 start_vwap 2017-04-27 09:35:00 last_bar 2017-04-27 12:35:00 Writing to ./data/BGCP_livesignals_20170427_09_40_49.csv ./data/BGCP_last.csv
ET:  0.08  minutes
now 2017-04-27 12:45:01.152000 return data: last bar 2017-04-27 12:40:00 last processed bar 2017-04-27 12:35:00
BGCP: Warning! 596 bars requested 57 bars returned.
start_idx [(19, Timestamp('2017-04-27 09:35:00'))]
start_ema 2017-04-27 08:00:00 start_vwap 2017-04-27 09:35:00 last_bar 2017-04-27 12:40:00 Writing to ./data/BGCP_livesignals_20170427_09_40_49.csv ./data/BGCP_last.csv
ET:  0.06  minutes
now 2017-04-27 12:50:00.917000 return data: last bar 2017-04-27 12:45:00 last processed bar 2017-04-27 12:40:00
BGCP: Warning! 596 bars requested 58 bars returned.
start_idx [(19, Timestamp('2017-04-27 09:35:00'))]
start_ema 2017-04-27 08:00:00 start_vwap 2017-04-27 09:35:00 last_bar 2017-04-27 12:45:00 Writing to ./data/BGCP_livesignals_20170427_09_40_49.csv ./data/BGCP_last.csv
ET:  0.08  minutes
now 2017-04-27 12:55:01.367000 return data: last bar 2017-04-27 12:50:00 last processed bar 2017-04-27 12:45:00
BGCP: Warning! 596 bars requested 59 bars returned.
start_idx [(19, Timestamp('2017-04-27 09:35:00'))]
start_ema 2017-04-27 08:00:00 start_vwap 2017-04-27 09:35:00 last_bar 2017-04-27 12:50:00 Writing to ./data/BGCP_livesignals_20170427_09_40_49.csv ./data/BGCP_last.csv
ET:  0.06  minutes
now 2017-04-27 13:00:00.960000 return data: last bar 2017-04-27 12:55:00 last processed bar 2017-04-27 12:50:00
BGCP: Warning! 596 bars requested 60 bars returned.
start_idx [(19, Timestamp('2017-04-27 09:35:00'))]
start_ema 2017-04-27 08:00:00 start_vwap 2017-04-27 09:35:00 last_bar 2017-04-27 12:55:00 Writing to ./data/BGCP_livesignals_20170427_09_40_49.csv ./data/BGCP_last.csv
ET:  0.08  minutes
now 2017-04-27 13:05:01.269000 return data: last bar 2017-04-27 13:00:00 last processed bar 2017-04-27 12:55:00
BGCP: Warning! 596 bars requested 61 bars returned.
start_idx [(19, Timestamp('2017-04-27 09:35:00'))]
start_ema 2017-04-27 08:00:00 start_vwap 2017-04-27 09:35:00 last_bar 2017-04-27 13:00:00 Writing to ./data/BGCP_livesignals_20170427_09_40_49.csv ./data/BGCP_last.csv
ET:  0.07  minutes
now 2017-04-27 13:10:01.115000 return data: last bar 2017-04-27 13:05:00 last processed bar 2017-04-27 13:00:00
BGCP: Warning! 596 bars requested 62 bars returned.
start_idx [(19, Timestamp('2017-04-27 09:35:00'))]
start_ema 2017-04-27 08:00:00 start_vwap 2017-04-27 09:35:00 last_bar 2017-04-27 13:05:00 Writing to ./data/BGCP_livesignals_20170427_09_40_49.csv ./data/BGCP_last.csv
ET:  0.05  minutes
now 2017-04-27 13:15:00.571000 return data: last bar 2017-04-27 13:10:00 last processed bar 2017-04-27 13:05:00
BGCP: Warning! 596 bars requested 63 bars returned.
start_idx [(19, Timestamp('2017-04-27 09:35:00'))]
start_ema 2017-04-27 08:00:00 start_vwap 2017-04-27 09:35:00 last_bar 2017-04-27 13:10:00 Writing to ./data/BGCP_livesignals_20170427_09_40_49.csv ./data/BGCP_last.csv
ET:  0.06  minutes
now 2017-04-27 13:20:01.047000 return data: last bar 2017-04-27 13:15:00 last processed bar 2017-04-27 13:10:00
BGCP: Warning! 596 bars requested 64 bars returned.
start_idx [(19, Timestamp('2017-04-27 09:35:00'))]
start_ema 2017-04-27 08:00:00 start_vwap 2017-04-27 09:35:00 last_bar 2017-04-27 13:15:00 Writing to ./data/BGCP_livesignals_20170427_09_40_49.csv ./data/BGCP_last.csv
ET:  0.06  minutes
now 2017-04-27 13:25:00.458000 return data: last bar 2017-04-27 13:20:00 last processed bar 2017-04-27 13:15:00
BGCP: Warning! 596 bars requested 65 bars returned.
start_idx [(19, Timestamp('2017-04-27 09:35:00'))]
start_ema 2017-04-27 08:00:00 start_vwap 2017-04-27 09:35:00 last_bar 2017-04-27 13:20:00 Writing to ./data/BGCP_livesignals_20170427_09_40_49.csv ./data/BGCP_last.csv
ET:  0.09  minutes
now 2017-04-27 13:30:00.645000 return data: last bar 2017-04-27 13:25:00 last processed bar 2017-04-27 13:20:00
BGCP: Warning! 596 bars requested 66 bars returned.
start_idx [(19, Timestamp('2017-04-27 09:35:00'))]
start_ema 2017-04-27 08:00:00 start_vwap 2017-04-27 09:35:00 last_bar 2017-04-27 13:25:00 Writing to ./data/BGCP_livesignals_20170427_09_40_49.csv ./data/BGCP_last.csv
ET:  0.08  minutes
now 2017-04-27 13:35:00.341000 return data: last bar 2017-04-27 13:30:00 last processed bar 2017-04-27 13:25:00
BGCP: Warning! 596 bars requested 67 bars returned.
start_idx [(19, Timestamp('2017-04-27 09:35:00'))]
start_ema 2017-04-27 08:00:00 start_vwap 2017-04-27 09:35:00 last_bar 2017-04-27 13:30:00 Writing to ./data/BGCP_livesignals_20170427_09_40_49.csv ./data/BGCP_last.csv
ET:  0.06  minutes
now 2017-04-27 13:40:00.158000 return data: last bar 2017-04-27 13:35:00 last processed bar 2017-04-27 13:30:00
BGCP: Warning! 596 bars requested 68 bars returned.
start_idx [(19, Timestamp('2017-04-27 09:35:00'))]
start_ema 2017-04-27 08:00:00 start_vwap 2017-04-27 09:35:00 last_bar 2017-04-27 13:35:00 Writing to ./data/BGCP_livesignals_20170427_09_40_49.csv ./data/BGCP_last.csv
ET:  0.05  minutes
now 2017-04-27 13:45:00.463000 return data: last bar 2017-04-27 13:40:00 last processed bar 2017-04-27 13:35:00
BGCP: Warning! 596 bars requested 69 bars returned.
start_idx [(19, Timestamp('2017-04-27 09:35:00'))]
start_ema 2017-04-27 08:00:00 start_vwap 2017-04-27 09:35:00 last_bar 2017-04-27 13:40:00 Writing to ./data/BGCP_livesignals_20170427_09_40_49.csv ./data/BGCP_last.csv
ET:  0.07  minutes
now 2017-04-27 13:50:00.652000 return data: last bar 2017-04-27 13:45:00 last processed bar 2017-04-27 13:40:00
BGCP: Warning! 596 bars requested 70 bars returned.
start_idx [(19, Timestamp('2017-04-27 09:35:00'))]
start_ema 2017-04-27 08:00:00 start_vwap 2017-04-27 09:35:00 last_bar 2017-04-27 13:45:00 Writing to ./data/BGCP_livesignals_20170427_09_40_49.csv ./data/BGCP_last.csv
ET:  0.06  minutes
now 2017-04-27 13:55:01.512000 return data: last bar 2017-04-27 13:50:00 last processed bar 2017-04-27 13:45:00
BGCP: Warning! 596 bars requested 71 bars returned.
start_idx [(19, Timestamp('2017-04-27 09:35:00'))]
start_ema 2017-04-27 08:00:00 start_vwap 2017-04-27 09:35:00 last_bar 2017-04-27 13:50:00 Writing to ./data/BGCP_livesignals_20170427_09_40_49.csv ./data/BGCP_last.csv
ET:  0.06  minutes
now 2017-04-27 14:00:00.179000 return data: last bar 2017-04-27 13:55:00 last processed bar 2017-04-27 13:50:00
BGCP: Warning! 596 bars requested 72 bars returned.
start_idx [(19, Timestamp('2017-04-27 09:35:00'))]
start_ema 2017-04-27 08:00:00 start_vwap 2017-04-27 09:35:00 last_bar 2017-04-27 13:55:00 Writing to ./data/BGCP_livesignals_20170427_09_40_49.csv ./data/BGCP_last.csv
ET:  0.08  minutes
now 2017-04-27 14:05:01.958000 return data: last bar 2017-04-27 14:00:00 last processed bar 2017-04-27 13:55:00
BGCP: Warning! 596 bars requested 73 bars returned.
start_idx [(19, Timestamp('2017-04-27 09:35:00'))]
start_ema 2017-04-27 08:00:00 start_vwap 2017-04-27 09:35:00 last_bar 2017-04-27 14:00:00 Writing to ./data/BGCP_livesignals_20170427_09_40_49.csv ./data/BGCP_last.csv
ET:  0.06  minutes
now 2017-04-27 14:10:01.063000 return data: last bar 2017-04-27 14:05:00 last processed bar 2017-04-27 14:00:00
BGCP: Warning! 596 bars requested 74 bars returned.
start_idx [(19, Timestamp('2017-04-27 09:35:00'))]
start_ema 2017-04-27 08:00:00 start_vwap 2017-04-27 09:35:00 last_bar 2017-04-27 14:05:00 Writing to ./data/BGCP_livesignals_20170427_09_40_49.csv ./data/BGCP_last.csv
ET:  0.08  minutes
now 2017-04-27 14:15:00.592000 return data: last bar 2017-04-27 14:10:00 last processed bar 2017-04-27 14:05:00
BGCP: Warning! 596 bars requested 75 bars returned.
start_idx [(19, Timestamp('2017-04-27 09:35:00'))]
start_ema 2017-04-27 08:00:00 start_vwap 2017-04-27 09:35:00 last_bar 2017-04-27 14:10:00 Writing to ./data/BGCP_livesignals_20170427_09_40_49.csv ./data/BGCP_last.csv
ET:  0.05  minutes
now 2017-04-27 14:20:02.111000 return data: last bar 2017-04-27 14:15:00 last processed bar 2017-04-27 14:10:00
BGCP: Warning! 596 bars requested 76 bars returned.
start_idx [(19, Timestamp('2017-04-27 09:35:00'))]
start_ema 2017-04-27 08:00:00 start_vwap 2017-04-27 09:35:00 last_bar 2017-04-27 14:15:00 Writing to ./data/BGCP_livesignals_20170427_09_40_49.csv ./data/BGCP_last.csv
ET:  0.06  minutes
now 2017-04-27 14:25:01.341000 return data: last bar 2017-04-27 14:20:00 last processed bar 2017-04-27 14:15:00
BGCP: Warning! 596 bars requested 77 bars returned.
start_idx [(19, Timestamp('2017-04-27 09:35:00'))]
start_ema 2017-04-27 08:00:00 start_vwap 2017-04-27 09:35:00 last_bar 2017-04-27 14:20:00 Writing to ./data/BGCP_livesignals_20170427_09_40_49.csv ./data/BGCP_last.csv
ET:  0.03  minutes
now 2017-04-27 14:30:00.117000 return data: last bar 2017-04-27 14:25:00 last processed bar 2017-04-27 14:20:00
BGCP: Warning! 596 bars requested 78 bars returned.
start_idx [(19, Timestamp('2017-04-27 09:35:00'))]
start_ema 2017-04-27 08:00:00 start_vwap 2017-04-27 09:35:00 last_bar 2017-04-27 14:25:00 Writing to ./data/BGCP_livesignals_20170427_09_40_49.csv ./data/BGCP_last.csv
ET:  0.06  minutes
now 2017-04-27 14:35:01.541000 return data: last bar 2017-04-27 14:30:00 last processed bar 2017-04-27 14:25:00
BGCP: Warning! 596 bars requested 79 bars returned.
start_idx [(19, Timestamp('2017-04-27 09:35:00'))]
start_ema 2017-04-27 08:00:00 start_vwap 2017-04-27 09:35:00 last_bar 2017-04-27 14:30:00 Writing to ./data/BGCP_livesignals_20170427_09_40_49.csv ./data/BGCP_last.csv
ET:  0.07  minutes
now 2017-04-27 14:40:01.262000 return data: last bar 2017-04-27 14:35:00 last processed bar 2017-04-27 14:30:00
BGCP: Warning! 596 bars requested 80 bars returned.
start_idx [(19, Timestamp('2017-04-27 09:35:00'))]
start_ema 2017-04-27 08:00:00 start_vwap 2017-04-27 09:35:00 last_bar 2017-04-27 14:35:00 Writing to ./data/BGCP_livesignals_20170427_09_40_49.csv ./data/BGCP_last.csv
ET:  0.05  minutes
now 2017-04-27 14:45:00.364000 return data: last bar 2017-04-27 14:40:00 last processed bar 2017-04-27 14:35:00
BGCP: Warning! 596 bars requested 81 bars returned.
start_idx [(19, Timestamp('2017-04-27 09:35:00'))]
start_ema 2017-04-27 08:00:00 start_vwap 2017-04-27 09:35:00 last_bar 2017-04-27 14:40:00 Writing to ./data/BGCP_livesignals_20170427_09_40_49.csv ./data/BGCP_last.csv
ET:  0.05  minutes
now 2017-04-27 14:50:00.176000 return data: last bar 2017-04-27 14:45:00 last processed bar 2017-04-27 14:40:00
BGCP: Warning! 596 bars requested 82 bars returned.
start_idx [(19, Timestamp('2017-04-27 09:35:00'))]
start_ema 2017-04-27 08:00:00 start_vwap 2017-04-27 09:35:00 last_bar 2017-04-27 14:45:00 Writing to ./data/BGCP_livesignals_20170427_09_40_49.csv ./data/BGCP_last.csv
ET:  0.03  minutes
now 2017-04-27 14:55:02.665000 return data: last bar 2017-04-27 14:50:00 last processed bar 2017-04-27 14:45:00
BGCP: Warning! 596 bars requested 83 bars returned.
start_idx [(19, Timestamp('2017-04-27 09:35:00'))]
start_ema 2017-04-27 08:00:00 start_vwap 2017-04-27 09:35:00 last_bar 2017-04-27 14:50:00 Writing to ./data/BGCP_livesignals_20170427_09_40_49.csv ./data/BGCP_last.csv
ET:  0.06  minutes
now 2017-04-27 15:00:00.582000 return data: last bar 2017-04-27 14:55:00 last processed bar 2017-04-27 14:50:00
BGCP: Warning! 596 bars requested 84 bars returned.
start_idx [(19, Timestamp('2017-04-27 09:35:00'))]
start_ema 2017-04-27 08:00:00 start_vwap 2017-04-27 09:35:00 last_bar 2017-04-27 14:55:00 Writing to ./data/BGCP_livesignals_20170427_09_40_49.csv ./data/BGCP_last.csv
ET:  0.03  minutes
now 2017-04-27 15:05:01.193000 return data: last bar 2017-04-27 15:00:00 last processed bar 2017-04-27 14:55:00
BGCP: Warning! 596 bars requested 85 bars returned.
start_idx [(19, Timestamp('2017-04-27 09:35:00'))]
start_ema 2017-04-27 08:00:00 start_vwap 2017-04-27 09:35:00 last_bar 2017-04-27 15:00:00 Writing to ./data/BGCP_livesignals_20170427_09_40_49.csv ./data/BGCP_last.csv
ET:  0.08  minutes
now 2017-04-27 15:10:00.368000 return data: last bar 2017-04-27 15:05:00 last processed bar 2017-04-27 15:00:00
BGCP: Warning! 596 bars requested 86 bars returned.
start_idx [(19, Timestamp('2017-04-27 09:35:00'))]
start_ema 2017-04-27 08:00:00 start_vwap 2017-04-27 09:35:00 last_bar 2017-04-27 15:05:00 Writing to ./data/BGCP_livesignals_20170427_09_40_49.csv ./data/BGCP_last.csv
ET:  0.05  minutes
now 2017-04-27 15:15:01.756000 return data: last bar 2017-04-27 15:10:00 last processed bar 2017-04-27 15:05:00
BGCP: Warning! 596 bars requested 87 bars returned.
start_idx [(19, Timestamp('2017-04-27 09:35:00'))]
start_ema 2017-04-27 08:00:00 start_vwap 2017-04-27 09:35:00 last_bar 2017-04-27 15:10:00 Writing to ./data/BGCP_livesignals_20170427_09_40_49.csv ./data/BGCP_last.csv
ET:  0.07  minutes
now 2017-04-27 15:20:00.968000 return data: last bar 2017-04-27 15:15:00 last processed bar 2017-04-27 15:10:00
BGCP: Warning! 596 bars requested 88 bars returned.
start_idx [(19, Timestamp('2017-04-27 09:35:00'))]
start_ema 2017-04-27 08:00:00 start_vwap 2017-04-27 09:35:00 last_bar 2017-04-27 15:15:00 Writing to ./data/BGCP_livesignals_20170427_09_40_49.csv ./data/BGCP_last.csv
ET:  0.08  minutes
now 2017-04-27 15:25:00.002000 return data: last bar 2017-04-27 15:20:00 last processed bar 2017-04-27 15:15:00
BGCP: Warning! 596 bars requested 89 bars returned.
start_idx [(19, Timestamp('2017-04-27 09:35:00'))]
start_ema 2017-04-27 08:00:00 start_vwap 2017-04-27 09:35:00 last_bar 2017-04-27 15:20:00 Writing to ./data/BGCP_livesignals_20170427_09_40_49.csv ./data/BGCP_last.csv
ET:  0.08  minutes
now 2017-04-27 15:30:01.908000 return data: last bar 2017-04-27 15:25:00 last processed bar 2017-04-27 15:20:00
BGCP: Warning! 596 bars requested 90 bars returned.
start_idx [(19, Timestamp('2017-04-27 09:35:00'))]
start_ema 2017-04-27 08:00:00 start_vwap 2017-04-27 09:35:00 last_bar 2017-04-27 15:25:00 Writing to ./data/BGCP_livesignals_20170427_09_40_49.csv ./data/BGCP_last.csv
ET:  0.07  minutes
now 2017-04-27 15:35:02.087000 return data: last bar 2017-04-27 15:30:00 last processed bar 2017-04-27 15:25:00
BGCP: Warning! 596 bars requested 91 bars returned.
start_idx [(19, Timestamp('2017-04-27 09:35:00'))]
start_ema 2017-04-27 08:00:00 start_vwap 2017-04-27 09:35:00 last_bar 2017-04-27 15:30:00 Writing to ./data/BGCP_livesignals_20170427_09_40_49.csv ./data/BGCP_last.csv
ET:  0.04  minutes
now 2017-04-27 15:40:00.791000 return data: last bar 2017-04-27 15:35:00 last processed bar 2017-04-27 15:30:00
BGCP: Warning! 596 bars requested 92 bars returned.
start_idx [(19, Timestamp('2017-04-27 09:35:00'))]
start_ema 2017-04-27 08:00:00 start_vwap 2017-04-27 09:35:00 last_bar 2017-04-27 15:35:00 Writing to ./data/BGCP_livesignals_20170427_09_40_49.csv ./data/BGCP_last.csv
ET:  0.05  minutes
now 2017-04-27 15:45:01.885000 return data: last bar 2017-04-27 15:40:00 last processed bar 2017-04-27 15:35:00
BGCP: Warning! 596 bars requested 93 bars returned.
start_idx [(19, Timestamp('2017-04-27 09:35:00'))]
start_ema 2017-04-27 08:00:00 start_vwap 2017-04-27 09:35:00 last_bar 2017-04-27 15:40:00 Writing to ./data/BGCP_livesignals_20170427_09_40_49.csv ./data/BGCP_last.csv
ET:  0.06  minutes
now 2017-04-27 15:50:00.568000 return data: last bar 2017-04-27 15:45:00 last processed bar 2017-04-27 15:40:00
BGCP: Warning! 596 bars requested 94 bars returned.
start_idx [(19, Timestamp('2017-04-27 09:35:00'))]
start_ema 2017-04-27 08:00:00 start_vwap 2017-04-27 09:35:00 last_bar 2017-04-27 15:45:00 Writing to ./data/BGCP_livesignals_20170427_09_40_49.csv ./data/BGCP_last.csv
ET:  0.03  minutes
now 2017-04-27 15:55:00.566000
