return data: last bar 2017-04-24 10:30:00 last processed bar 1000-01-01 00:00:00
start_idx [(584, Timestamp('2017-04-24 09:35:00'))]
start_ema 2017-04-23 20:35:00 start_vwap 2017-04-24 09:35:00 last_bar 2017-04-24 10:30:00 ET:  0.01  minutes
now 2017-04-24 10:35:02.315000 ConnectionTimeout caused by - ReadTimeoutError(HTTPConnectionPool(host=u'localhost', port=9200): Read timed out. (read timeout=10))
CAR getFeed did not return any data! last bar: 2017-04-24 10:30:00 now: 10:35:22.449000
now 2017-04-24 10:40:00.644000 return data: last bar 2017-04-24 10:35:00 last processed bar 2017-04-24 10:30:00
start_idx [(583, Timestamp('2017-04-24 09:35:00'))]
start_ema 2017-04-23 20:35:00 start_vwap 2017-04-24 09:35:00 last_bar 2017-04-24 10:35:00 Writing to ./data/CAR_livesignals_20170424_10_32_47.csv ./data/CAR_last.csv
ET:  0.19  minutes
now 2017-04-24 10:45:00.814000 return data: last bar 2017-04-24 10:40:00 last processed bar 2017-04-24 10:35:00
start_idx [(582, Timestamp('2017-04-24 09:35:00'))]
start_ema 2017-04-23 20:35:00 start_vwap 2017-04-24 09:35:00 last_bar 2017-04-24 10:40:00 Writing to ./data/CAR_livesignals_20170424_10_32_47.csv ./data/CAR_last.csv
ET:  0.25  minutes
now 2017-04-24 10:50:00.779000 return data: last bar 2017-04-24 10:45:00 last processed bar 2017-04-24 10:40:00
start_idx [(581, Timestamp('2017-04-24 09:35:00'))]
start_ema 2017-04-23 20:35:00 start_vwap 2017-04-24 09:35:00 last_bar 2017-04-24 10:45:00 Writing to ./data/CAR_livesignals_20170424_10_32_47.csv ./data/CAR_last.csv
ET:  0.17  minutes
now 2017-04-24 10:55:00.244000 return data: last bar 2017-04-24 10:50:00 last processed bar 2017-04-24 10:45:00
start_idx [(580, Timestamp('2017-04-24 09:35:00'))]
start_ema 2017-04-23 20:35:00 start_vwap 2017-04-24 09:35:00 last_bar 2017-04-24 10:50:00 Writing to ./data/CAR_livesignals_20170424_10_32_47.csv ./data/CAR_last.csv
ET:  0.19  minutes
now 2017-04-24 11:00:00.808000 return data: last bar 2017-04-24 10:55:00 last processed bar 2017-04-24 10:50:00
start_idx [(579, Timestamp('2017-04-24 09:35:00'))]
start_ema 2017-04-23 20:35:00 start_vwap 2017-04-24 09:35:00 last_bar 2017-04-24 10:55:00 Writing to ./data/CAR_livesignals_20170424_10_32_47.csv ./data/CAR_last.csv
ET:  0.26  minutes
now 2017-04-24 11:05:00.440000 return data: last bar 2017-04-24 11:00:00 last processed bar 2017-04-24 10:55:00
start_idx [(578, Timestamp('2017-04-24 09:35:00'))]
start_ema 2017-04-23 20:35:00 start_vwap 2017-04-24 09:35:00 last_bar 2017-04-24 11:00:00 Writing to ./data/CAR_livesignals_20170424_10_32_47.csv ./data/CAR_last.csv
ET:  0.27  minutes
now 2017-04-24 11:10:00.494000 return data: last bar 2017-04-24 11:10:00 last processed bar 2017-04-24 11:00:00
start_idx [(576, Timestamp('2017-04-24 09:35:00'))]
start_ema 2017-04-23 20:35:00 start_vwap 2017-04-24 09:35:00 last_bar 2017-04-24 11:10:00 Writing to ./data/CAR_livesignals_20170424_10_32_47.csv ./data/CAR_last.csv
ET:  0.25  minutes
now 2017-04-24 11:15:00.630000 return None: last bar 2017-04-24 11:10:00 last processed bar 2017-04-24 11:10:00
CAR getFeed did not return any data! last bar: 2017-04-24 11:10:00 now: 11:15:01.970000
now 2017-04-24 11:20:00.805000 return data: last bar 2017-04-24 11:15:00 last processed bar 2017-04-24 11:10:00
start_idx [(575, Timestamp('2017-04-24 09:35:00'))]
start_ema 2017-04-23 20:35:00 start_vwap 2017-04-24 09:35:00 last_bar 2017-04-24 11:15:00 Writing to ./data/CAR_livesignals_20170424_10_32_47.csv ./data/CAR_last.csv
ET:  0.16  minutes
now 2017-04-24 11:25:00.183000 return data: last bar 2017-04-24 11:20:00 last processed bar 2017-04-24 11:15:00
start_idx [(574, Timestamp('2017-04-24 09:35:00'))]
start_ema 2017-04-23 20:35:00 start_vwap 2017-04-24 09:35:00 last_bar 2017-04-24 11:20:00 Writing to ./data/CAR_livesignals_20170424_10_32_47.csv ./data/CAR_last.csv
ET:  0.08  minutes
now 2017-04-24 11:30:00.741000 return data: last bar 2017-04-24 11:25:00 last processed bar 2017-04-24 11:20:00
2 bars requested 2 bars returned
start_idx [(0, Timestamp('2017-04-24 09:35:00'))]
start_ema 2017-04-24 09:50:00 data.dropna() feed returned insufficient data
now 2017-04-24 11:35:00.264000 return data: last bar 2017-04-24 11:30:00 last processed bar 2017-04-24 11:25:00
2 bars requested 2 bars returned
start_idx [(0, Timestamp('2017-04-24 09:35:00'))]
start_ema 2017-04-24 09:50:00 data.dropna() feed returned insufficient data
now 2017-04-24 11:40:01.162000 return data: last bar 2017-04-24 11:35:00 last processed bar 2017-04-24 11:30:00
2 bars requested 2 bars returned
start_idx [(0, Timestamp('2017-04-24 09:35:00'))]
start_ema 2017-04-24 09:50:00 data.dropna() feed returned insufficient data
now 2017-04-24 11:45:00.025000 return data: last bar 2017-04-24 11:40:00 last processed bar 2017-04-24 11:35:00
2 bars requested 2 bars returned
start_idx [(0, Timestamp('2017-04-24 09:35:00'))]
start_ema 2017-04-24 09:50:00 data.dropna() feed returned insufficient data
now 2017-04-24 11:50:00.803000 return data: last bar 2017-04-24 11:45:00 last processed bar 2017-04-24 11:40:00
2 bars requested 2 bars returned
start_idx [(0, Timestamp('2017-04-24 09:35:00'))]
start_ema 2017-04-24 09:50:00 data.dropna() feed returned insufficient data
now 2017-04-24 11:55:00.626000 return data: last bar 2017-04-24 11:50:00 last processed bar 2017-04-24 11:45:00
2 bars requested 2 bars returned
start_idx [(0, Timestamp('2017-04-24 09:35:00'))]
start_ema 2017-04-24 09:50:00 data.dropna() feed returned insufficient data
now 2017-04-24 12:00:00.292000 return data: last bar 2017-04-24 11:55:00 last processed bar 2017-04-24 11:50:00
2 bars requested 2 bars returned
start_idx [(0, Timestamp('2017-04-24 09:35:00'))]
start_ema 2017-04-24 09:50:00 data.dropna() feed returned insufficient data
now 2017-04-24 12:05:01.006000 return data: last bar 2017-04-24 12:00:00 last processed bar 2017-04-24 11:55:00
2 bars requested 2 bars returned
start_idx [(0, Timestamp('2017-04-24 09:35:00'))]
start_ema 2017-04-24 09:50:00 data.dropna() feed returned insufficient data
now 2017-04-24 12:10:00.907000 return data: last bar 2017-04-24 12:05:00 last processed bar 2017-04-24 12:00:00
2 bars requested 2 bars returned
start_idx [(0, Timestamp('2017-04-24 09:35:00'))]
start_ema 2017-04-24 09:50:00 data.dropna() feed returned insufficient data
now 2017-04-24 12:15:01.117000 return data: last bar 2017-04-24 12:10:00 last processed bar 2017-04-24 12:05:00
2 bars requested 2 bars returned
start_idx [(0, Timestamp('2017-04-24 09:35:00'))]
start_ema 2017-04-24 09:50:00 data.dropna() feed returned insufficient data
now 2017-04-24 12:20:00.373000 return data: last bar 2017-04-24 12:15:00 last processed bar 2017-04-24 12:10:00
2 bars requested 2 bars returned
start_idx [(0, Timestamp('2017-04-24 09:35:00'))]
start_ema 2017-04-24 09:50:00 data.dropna() feed returned insufficient data
now 2017-04-24 12:25:00.834000 return data: last bar 2017-04-24 12:20:00 last processed bar 2017-04-24 12:15:00
2 bars requested 2 bars returned
start_idx [(0, Timestamp('2017-04-24 09:35:00'))]
start_ema 2017-04-24 09:50:00 data.dropna() feed returned insufficient data
now 2017-04-24 12:30:00.044000 return data: last bar 2017-04-24 12:25:00 last processed bar 2017-04-24 12:20:00
2 bars requested 2 bars returned
start_idx [(0, Timestamp('2017-04-24 09:35:00'))]
start_ema 2017-04-24 09:50:00 data.dropna() feed returned insufficient data
now 2017-04-24 12:35:00.537000 return data: last bar 2017-04-24 12:30:00 last processed bar 2017-04-24 12:25:00
2 bars requested 2 bars returned
start_idx [(0, Timestamp('2017-04-24 09:35:00'))]
start_ema 2017-04-24 09:50:00 data.dropna() feed returned insufficient data
now 2017-04-24 12:40:00.338000 return data: last bar 2017-04-24 12:35:00 last processed bar 2017-04-24 12:30:00
2 bars requested 2 bars returned
start_idx [(0, Timestamp('2017-04-24 09:35:00'))]
start_ema 2017-04-24 09:50:00 data.dropna() feed returned insufficient data
now 2017-04-24 12:45:00.884000 return data: last bar 2017-04-24 12:40:00 last processed bar 2017-04-24 12:35:00
2 bars requested 2 bars returned
start_idx [(0, Timestamp('2017-04-24 09:35:00'))]
start_ema 2017-04-24 09:50:00 data.dropna() feed returned insufficient data
now 2017-04-24 12:50:00.084000 return data: last bar 2017-04-24 12:45:00 last processed bar 2017-04-24 12:40:00
2 bars requested 2 bars returned
start_idx [(0, Timestamp('2017-04-24 09:35:00'))]
start_ema 2017-04-24 09:50:00 data.dropna() feed returned insufficient data
now 2017-04-24 12:55:01.103000 return data: last bar 2017-04-24 12:50:00 last processed bar 2017-04-24 12:45:00
2 bars requested 2 bars returned
start_idx [(0, Timestamp('2017-04-24 09:35:00'))]
start_ema 2017-04-24 09:50:00 data.dropna() feed returned insufficient data
now 2017-04-24 13:00:00.527000 return data: last bar 2017-04-24 12:55:00 last processed bar 2017-04-24 12:50:00
2 bars requested 2 bars returned
start_idx [(0, Timestamp('2017-04-24 09:35:00'))]
start_ema 2017-04-24 09:50:00 data.dropna() feed returned insufficient data
now 2017-04-24 13:05:00.871000 return data: last bar 2017-04-24 13:00:00 last processed bar 2017-04-24 12:55:00
2 bars requested 2 bars returned
start_idx [(0, Timestamp('2017-04-24 09:35:00'))]
start_ema 2017-04-24 09:50:00 data.dropna() feed returned insufficient data
now 2017-04-24 13:10:00.639000 return data: last bar 2017-04-24 13:05:00 last processed bar 2017-04-24 13:00:00
2 bars requested 2 bars returned
start_idx [(0, Timestamp('2017-04-24 09:35:00'))]
start_ema 2017-04-24 09:50:00 data.dropna() feed returned insufficient data
now 2017-04-24 13:15:00.657000 return data: last bar 2017-04-24 13:10:00 last processed bar 2017-04-24 13:05:00
2 bars requested 2 bars returned
start_idx [(0, Timestamp('2017-04-24 09:35:00'))]
start_ema 2017-04-24 09:50:00 data.dropna() feed returned insufficient data
now 2017-04-24 13:20:01.028000 return data: last bar 2017-04-24 13:15:00 last processed bar 2017-04-24 13:10:00
2 bars requested 2 bars returned
start_idx [(0, Timestamp('2017-04-24 09:35:00'))]
start_ema 2017-04-24 09:50:00 data.dropna() feed returned insufficient data
now 2017-04-24 13:25:00.718000 return data: last bar 2017-04-24 13:20:00 last processed bar 2017-04-24 13:15:00
2 bars requested 2 bars returned
start_idx [(0, Timestamp('2017-04-24 09:35:00'))]
start_ema 2017-04-24 09:50:00 data.dropna() feed returned insufficient data
now 2017-04-24 13:30:00.665000 return data: last bar 2017-04-24 13:30:00 last processed bar 2017-04-24 13:20:00
2 bars requested 2 bars returned
start_idx [(0, Timestamp('2017-04-24 09:35:00'))]
start_ema 2017-04-24 09:50:00 data.dropna() feed returned insufficient data
now 2017-04-24 13:35:00.106000 return None: last bar 2017-04-24 13:30:00 last processed bar 2017-04-24 13:30:00
2 bars requested None returned
CAR getFeed did not return any data! last bar: 2017-04-24 13:30:00 now: 13:35:00.198000
now 2017-04-24 13:40:00.462000 return data: last bar 2017-04-24 13:35:00 last processed bar 2017-04-24 13:30:00
2 bars requested 2 bars returned
start_idx [(0, Timestamp('2017-04-24 09:35:00'))]
start_ema 2017-04-24 09:50:00 data.dropna() feed returned insufficient data
now 2017-04-24 13:45:00.632000 return data: last bar 2017-04-24 13:40:00 last processed bar 2017-04-24 13:35:00
2 bars requested 2 bars returned
start_idx [(0, Timestamp('2017-04-24 09:35:00'))]
start_ema 2017-04-24 09:50:00 data.dropna() feed returned insufficient data
now 2017-04-24 13:50:00.669000 return data: last bar 2017-04-24 13:45:00 last processed bar 2017-04-24 13:40:00
2 bars requested 2 bars returned
start_idx [(0, Timestamp('2017-04-24 09:35:00'))]
start_ema 2017-04-24 09:50:00 data.dropna() feed returned insufficient data
now 2017-04-24 13:55:01.083000 return data: last bar 2017-04-24 13:50:00 last processed bar 2017-04-24 13:45:00
2 bars requested 2 bars returned
start_idx [(0, Timestamp('2017-04-24 09:35:00'))]
start_ema 2017-04-24 09:50:00 data.dropna() feed returned insufficient data
now 2017-04-24 14:00:01.069000 return data: last bar 2017-04-24 13:55:00 last processed bar 2017-04-24 13:50:00
2 bars requested 2 bars returned
start_idx [(0, Timestamp('2017-04-24 09:35:00'))]
start_ema 2017-04-24 09:50:00 data.dropna() feed returned insufficient data
now 2017-04-24 14:05:00.247000 return data: last bar 2017-04-24 14:00:00 last processed bar 2017-04-24 13:55:00
2 bars requested 2 bars returned
start_idx [(0, Timestamp('2017-04-24 09:35:00'))]
start_ema 2017-04-24 09:50:00 data.dropna() feed returned insufficient data
now 2017-04-24 14:10:00.144000 return data: last bar 2017-04-24 14:05:00 last processed bar 2017-04-24 14:00:00
2 bars requested 2 bars returned
start_idx [(0, Timestamp('2017-04-24 09:35:00'))]
start_ema 2017-04-24 09:50:00 data.dropna() feed returned insufficient data
now 2017-04-24 14:15:00.404000 return data: last bar 2017-04-24 14:10:00 last processed bar 2017-04-24 14:05:00
2 bars requested 2 bars returned
start_idx [(0, Timestamp('2017-04-24 09:35:00'))]
start_ema 2017-04-24 09:50:00 data.dropna() feed returned insufficient data
now 2017-04-24 14:20:01.167000 return data: last bar 2017-04-24 14:15:00 last processed bar 2017-04-24 14:10:00
2 bars requested 2 bars returned
start_idx [(0, Timestamp('2017-04-24 09:35:00'))]
start_ema 2017-04-24 09:50:00 data.dropna() feed returned insufficient data
now 2017-04-24 14:25:00.975000 return data: last bar 2017-04-24 14:20:00 last processed bar 2017-04-24 14:15:00
2 bars requested 2 bars returned
start_idx [(0, Timestamp('2017-04-24 09:35:00'))]
start_ema 2017-04-24 09:50:00 data.dropna() feed returned insufficient data
now 2017-04-24 14:30:00.027000 return data: last bar 2017-04-24 14:25:00 last processed bar 2017-04-24 14:20:00
2 bars requested 2 bars returned
start_idx [(0, Timestamp('2017-04-24 09:35:00'))]
start_ema 2017-04-24 09:50:00 data.dropna() feed returned insufficient data
now 2017-04-24 14:35:00.349000 return data: last bar 2017-04-24 14:30:00 last processed bar 2017-04-24 14:25:00
2 bars requested 2 bars returned
start_idx [(0, Timestamp('2017-04-24 09:35:00'))]
start_ema 2017-04-24 09:50:00 data.dropna() feed returned insufficient data
now 2017-04-24 14:40:00.692000 return data: last bar 2017-04-24 14:40:00 last processed bar 2017-04-24 14:30:00
2 bars requested 2 bars returned
start_idx [(0, Timestamp('2017-04-24 09:35:00'))]
start_ema 2017-04-24 09:50:00 data.dropna() feed returned insufficient data
now 2017-04-24 14:45:00.048000 return None: last bar 2017-04-24 14:40:00 last processed bar 2017-04-24 14:40:00
2 bars requested None returned
CAR getFeed did not return any data! last bar: 2017-04-24 14:40:00 now: 14:45:00.064000
now 2017-04-24 14:50:00.152000 return data: last bar 2017-04-24 14:45:00 last processed bar 2017-04-24 14:40:00
2 bars requested 2 bars returned
start_idx [(0, Timestamp('2017-04-24 09:35:00'))]
start_ema 2017-04-24 09:50:00 data.dropna() feed returned insufficient data
now 2017-04-24 14:55:00.462000 return data: last bar 2017-04-24 14:50:00 last processed bar 2017-04-24 14:45:00
2 bars requested 2 bars returned
start_idx [(0, Timestamp('2017-04-24 09:35:00'))]
start_ema 2017-04-24 09:50:00 data.dropna() feed returned insufficient data
now 2017-04-24 15:00:00.538000 return data: last bar 2017-04-24 15:00:00 last processed bar 2017-04-24 14:50:00
2 bars requested 2 bars returned
start_idx [(0, Timestamp('2017-04-24 09:35:00'))]
start_ema 2017-04-24 09:50:00 data.dropna() feed returned insufficient data
now 2017-04-24 15:05:00.836000 return None: last bar 2017-04-24 15:00:00 last processed bar 2017-04-24 15:00:00
2 bars requested None returned
CAR getFeed did not return any data! last bar: 2017-04-24 15:00:00 now: 15:05:01.099000
now 2017-04-24 15:10:00.256000 return data: last bar 2017-04-24 15:05:00 last processed bar 2017-04-24 15:00:00
2 bars requested 2 bars returned
start_idx [(0, Timestamp('2017-04-24 09:35:00'))]
start_ema 2017-04-24 09:50:00 data.dropna() feed returned insufficient data
now 2017-04-24 15:15:00.510000 return data: last bar 2017-04-24 15:15:00 last processed bar 2017-04-24 15:05:00
2 bars requested 2 bars returned
start_idx [(0, Timestamp('2017-04-24 09:35:00'))]
start_ema 2017-04-24 09:50:00 data.dropna() feed returned insufficient data
now 2017-04-24 15:20:01.092000 return None: last bar 2017-04-24 15:15:00 last processed bar 2017-04-24 15:15:00
2 bars requested None returned
CAR getFeed did not return any data! last bar: 2017-04-24 15:15:00 now: 15:20:01.815000
now 2017-04-24 15:25:00.681000 return data: last bar 2017-04-24 15:20:00 last processed bar 2017-04-24 15:15:00
2 bars requested 2 bars returned
start_idx [(0, Timestamp('2017-04-24 09:35:00'))]
start_ema 2017-04-24 09:50:00 data.dropna() feed returned insufficient data
now 2017-04-24 15:30:00.840000 return data: last bar 2017-04-24 15:25:00 last processed bar 2017-04-24 15:20:00
2 bars requested 2 bars returned
start_idx [(0, Timestamp('2017-04-24 09:35:00'))]
start_ema 2017-04-24 09:50:00 data.dropna() feed returned insufficient data
now 2017-04-24 15:35:00.474000 return data: last bar 2017-04-24 15:30:00 last processed bar 2017-04-24 15:25:00
2 bars requested 2 bars returned
start_idx [(0, Timestamp('2017-04-24 09:35:00'))]
start_ema 2017-04-24 09:50:00 data.dropna() feed returned insufficient data
now 2017-04-24 15:40:00.048000 return data: last bar 2017-04-24 15:35:00 last processed bar 2017-04-24 15:30:00
2 bars requested 2 bars returned
start_idx [(0, Timestamp('2017-04-24 09:35:00'))]
start_ema 2017-04-24 09:50:00 data.dropna() feed returned insufficient data
now 2017-04-24 15:45:00.546000 return data: last bar 2017-04-24 15:40:00 last processed bar 2017-04-24 15:35:00
2 bars requested 2 bars returned
start_idx [(0, Timestamp('2017-04-24 09:35:00'))]
start_ema 2017-04-24 09:50:00 data.dropna() feed returned insufficient data
now 2017-04-24 15:50:00.461000 return data: last bar 2017-04-24 15:45:00 last processed bar 2017-04-24 15:40:00
2 bars requested 2 bars returned
start_idx [(0, Timestamp('2017-04-24 09:35:00'))]
start_ema 2017-04-24 09:50:00 data.dropna() feed returned insufficient data
now 2017-04-24 15:55:00.870000
