return data: last bar 2017-04-27 09:35:00 last processed bar 1000-01-01 00:00:00
CBK: Warning! 596 bars requested 20 bars returned.
start_idx [(19, Timestamp('2017-04-27 09:35:00'))]
start_ema 2017-04-27 08:00:00 start_vwap 2017-04-27 09:35:00 last_bar 2017-04-27 09:35:00 ET:  0.05  minutes
now 2017-04-27 09:45:00.377000 return None: last bar 2017-04-27 09:35:00 last processed bar 2017-04-27 09:35:00
CBK getFeed did not return any data! last bar: 2017-04-27 09:35:00 now: 09:45:00.420000
now 2017-04-27 09:50:03.123000 return data: last bar 2017-04-27 09:40:00 last processed bar 2017-04-27 09:35:00
CBK: Warning! 596 bars requested 21 bars returned.
start_idx [(19, Timestamp('2017-04-27 09:35:00'))]
start_ema 2017-04-27 08:00:00 start_vwap 2017-04-27 09:35:00 last_bar 2017-04-27 09:40:00 Writing to ./data/CBK_livesignals_20170427_09_40_54.csv ./data/CBK_last.csv
ET:  0.06  minutes
now 2017-04-27 09:55:00.894000 return data: last bar 2017-04-27 09:45:00 last processed bar 2017-04-27 09:40:00
CBK: Warning! 596 bars requested 22 bars returned.
start_idx [(19, Timestamp('2017-04-27 09:35:00'))]
start_ema 2017-04-27 08:00:00 start_vwap 2017-04-27 09:35:00 last_bar 2017-04-27 09:45:00 Writing to ./data/CBK_livesignals_20170427_09_40_54.csv ./data/CBK_last.csv
ET:  0.07  minutes
now 2017-04-27 10:00:02.500000 return data: last bar 2017-04-27 09:50:00 last processed bar 2017-04-27 09:45:00
CBK: Warning! 596 bars requested 23 bars returned.
start_idx [(19, Timestamp('2017-04-27 09:35:00'))]
start_ema 2017-04-27 08:00:00 start_vwap 2017-04-27 09:35:00 last_bar 2017-04-27 09:50:00 Writing to ./data/CBK_livesignals_20170427_09_40_54.csv ./data/CBK_last.csv
ET:  0.06  minutes
now 2017-04-27 10:05:00.250000 return data: last bar 2017-04-27 09:55:00 last processed bar 2017-04-27 09:50:00
CBK: Warning! 596 bars requested 24 bars returned.
start_idx [(19, Timestamp('2017-04-27 09:35:00'))]
start_ema 2017-04-27 08:00:00 start_vwap 2017-04-27 09:35:00 last_bar 2017-04-27 09:55:00 Writing to ./data/CBK_livesignals_20170427_09_40_54.csv ./data/CBK_last.csv
ET:  0.06  minutes
now 2017-04-27 10:10:02.530000 return data: last bar 2017-04-27 10:00:00 last processed bar 2017-04-27 09:55:00
CBK: Warning! 596 bars requested 25 bars returned.
start_idx [(19, Timestamp('2017-04-27 09:35:00'))]
start_ema 2017-04-27 08:00:00 start_vwap 2017-04-27 09:35:00 last_bar 2017-04-27 10:00:00 Writing to ./data/CBK_livesignals_20170427_09_40_54.csv ./data/CBK_last.csv
ET:  0.05  minutes
now 2017-04-27 10:15:00.907000 return data: last bar 2017-04-27 10:10:00 last processed bar 2017-04-27 10:00:00
CBK: Warning! 596 bars requested 27 bars returned.
start_idx [(19, Timestamp('2017-04-27 09:35:00'))]
start_ema 2017-04-27 08:00:00 start_vwap 2017-04-27 09:35:00 last_bar 2017-04-27 10:10:00 Writing to ./data/CBK_livesignals_20170427_09_40_54.csv ./data/CBK_last.csv
ET:  0.09  minutes
now 2017-04-27 10:20:00.036000 return data: last bar 2017-04-27 10:15:00 last processed bar 2017-04-27 10:10:00
CBK: Warning! 596 bars requested 28 bars returned.
start_idx [(19, Timestamp('2017-04-27 09:35:00'))]
start_ema 2017-04-27 08:00:00 start_vwap 2017-04-27 09:35:00 last_bar 2017-04-27 10:15:00 Writing to ./data/CBK_livesignals_20170427_09_40_54.csv ./data/CBK_last.csv
ET:  0.06  minutes
now 2017-04-27 10:25:00.597000 return data: last bar 2017-04-27 10:20:00 last processed bar 2017-04-27 10:15:00
CBK: Warning! 596 bars requested 29 bars returned.
start_idx [(19, Timestamp('2017-04-27 09:35:00'))]
start_ema 2017-04-27 08:00:00 start_vwap 2017-04-27 09:35:00 last_bar 2017-04-27 10:20:00 Writing to ./data/CBK_livesignals_20170427_09_40_54.csv ./data/CBK_last.csv
ET:  0.1  minutes
now 2017-04-27 10:30:00.548000 return data: last bar 2017-04-27 10:25:00 last processed bar 2017-04-27 10:20:00
CBK: Warning! 596 bars requested 30 bars returned.
start_idx [(19, Timestamp('2017-04-27 09:35:00'))]
start_ema 2017-04-27 08:00:00 start_vwap 2017-04-27 09:35:00 last_bar 2017-04-27 10:25:00 Writing to ./data/CBK_livesignals_20170427_09_40_54.csv ./data/CBK_last.csv
ET:  0.07  minutes
now 2017-04-27 10:35:01.930000 return data: last bar 2017-04-27 10:30:00 last processed bar 2017-04-27 10:25:00
CBK: Warning! 596 bars requested 31 bars returned.
start_idx [(19, Timestamp('2017-04-27 09:35:00'))]
start_ema 2017-04-27 08:00:00 start_vwap 2017-04-27 09:35:00 last_bar 2017-04-27 10:30:00 Writing to ./data/CBK_livesignals_20170427_09_40_54.csv ./data/CBK_last.csv
ET:  0.05  minutes
now 2017-04-27 10:40:03.564000 return data: last bar 2017-04-27 10:35:00 last processed bar 2017-04-27 10:30:00
CBK: Warning! 596 bars requested 32 bars returned.
start_idx [(19, Timestamp('2017-04-27 09:35:00'))]
start_ema 2017-04-27 08:00:00 start_vwap 2017-04-27 09:35:00 last_bar 2017-04-27 10:35:00 Writing to ./data/CBK_livesignals_20170427_09_40_54.csv ./data/CBK_last.csv
ET:  0.04  minutes
now 2017-04-27 10:45:02.047000 return data: last bar 2017-04-27 10:40:00 last processed bar 2017-04-27 10:35:00
CBK: Warning! 596 bars requested 33 bars returned.
start_idx [(19, Timestamp('2017-04-27 09:35:00'))]
start_ema 2017-04-27 08:00:00 start_vwap 2017-04-27 09:35:00 last_bar 2017-04-27 10:40:00 Writing to ./data/CBK_livesignals_20170427_09_40_54.csv ./data/CBK_last.csv
ET:  0.09  minutes
now 2017-04-27 10:50:00.651000 return data: last bar 2017-04-27 10:45:00 last processed bar 2017-04-27 10:40:00
CBK: Warning! 596 bars requested 34 bars returned.
start_idx [(19, Timestamp('2017-04-27 09:35:00'))]
start_ema 2017-04-27 08:00:00 start_vwap 2017-04-27 09:35:00 last_bar 2017-04-27 10:45:00 Writing to ./data/CBK_livesignals_20170427_09_40_54.csv ./data/CBK_last.csv
ET:  0.08  minutes
now 2017-04-27 10:55:02.345000 return data: last bar 2017-04-27 10:50:00 last processed bar 2017-04-27 10:45:00
CBK: Warning! 596 bars requested 35 bars returned.
start_idx [(19, Timestamp('2017-04-27 09:35:00'))]
start_ema 2017-04-27 08:00:00 start_vwap 2017-04-27 09:35:00 last_bar 2017-04-27 10:50:00 Writing to ./data/CBK_livesignals_20170427_09_40_54.csv ./data/CBK_last.csv
ET:  0.06  minutes
now 2017-04-27 11:00:00.017000 return data: last bar 2017-04-27 10:55:00 last processed bar 2017-04-27 10:50:00
CBK: Warning! 596 bars requested 36 bars returned.
start_idx [(19, Timestamp('2017-04-27 09:35:00'))]
start_ema 2017-04-27 08:00:00 start_vwap 2017-04-27 09:35:00 last_bar 2017-04-27 10:55:00 Writing to ./data/CBK_livesignals_20170427_09_40_54.csv ./data/CBK_last.csv
ET:  0.05  minutes
now 2017-04-27 11:05:00.981000 return data: last bar 2017-04-27 11:00:00 last processed bar 2017-04-27 10:55:00
CBK: Warning! 596 bars requested 37 bars returned.
start_idx [(19, Timestamp('2017-04-27 09:35:00'))]
start_ema 2017-04-27 08:00:00 start_vwap 2017-04-27 09:35:00 last_bar 2017-04-27 11:00:00 Writing to ./data/CBK_livesignals_20170427_09_40_54.csv ./data/CBK_last.csv
ET:  0.12  minutes
now 2017-04-27 11:10:02.243000 return data: last bar 2017-04-27 11:05:00 last processed bar 2017-04-27 11:00:00
CBK: Warning! 596 bars requested 38 bars returned.
start_idx [(19, Timestamp('2017-04-27 09:35:00'))]
start_ema 2017-04-27 08:00:00 start_vwap 2017-04-27 09:35:00 last_bar 2017-04-27 11:05:00 Writing to ./data/CBK_livesignals_20170427_09_40_54.csv ./data/CBK_last.csv
ET:  0.07  minutes
now 2017-04-27 11:15:01.026000 return data: last bar 2017-04-27 11:10:00 last processed bar 2017-04-27 11:05:00
CBK: Warning! 596 bars requested 39 bars returned.
start_idx [(19, Timestamp('2017-04-27 09:35:00'))]
start_ema 2017-04-27 08:00:00 start_vwap 2017-04-27 09:35:00 last_bar 2017-04-27 11:10:00 Writing to ./data/CBK_livesignals_20170427_09_40_54.csv ./data/CBK_last.csv
ET:  0.09  minutes
now 2017-04-27 11:20:00.425000 return data: last bar 2017-04-27 11:15:00 last processed bar 2017-04-27 11:10:00
CBK: Warning! 596 bars requested 40 bars returned.
start_idx [(19, Timestamp('2017-04-27 09:35:00'))]
start_ema 2017-04-27 08:00:00 start_vwap 2017-04-27 09:35:00 last_bar 2017-04-27 11:15:00 Writing to ./data/CBK_livesignals_20170427_09_40_54.csv ./data/CBK_last.csv
ET:  0.11  minutes
now 2017-04-27 11:25:00.345000 return data: last bar 2017-04-27 11:20:00 last processed bar 2017-04-27 11:15:00
CBK: Warning! 596 bars requested 41 bars returned.
start_idx [(19, Timestamp('2017-04-27 09:35:00'))]
start_ema 2017-04-27 08:00:00 start_vwap 2017-04-27 09:35:00 last_bar 2017-04-27 11:20:00 Writing to ./data/CBK_livesignals_20170427_09_40_54.csv ./data/CBK_last.csv
ET:  0.11  minutes
now 2017-04-27 11:30:02.246000 return data: last bar 2017-04-27 11:25:00 last processed bar 2017-04-27 11:20:00
CBK: Warning! 596 bars requested 42 bars returned.
start_idx [(19, Timestamp('2017-04-27 09:35:00'))]
start_ema 2017-04-27 08:00:00 start_vwap 2017-04-27 09:35:00 last_bar 2017-04-27 11:25:00 Writing to ./data/CBK_livesignals_20170427_09_40_54.csv ./data/CBK_last.csv
ET:  0.07  minutes
now 2017-04-27 11:35:00.283000 return data: last bar 2017-04-27 11:30:00 last processed bar 2017-04-27 11:25:00
CBK: Warning! 596 bars requested 43 bars returned.
start_idx [(19, Timestamp('2017-04-27 09:35:00'))]
start_ema 2017-04-27 08:00:00 start_vwap 2017-04-27 09:35:00 last_bar 2017-04-27 11:30:00 Writing to ./data/CBK_livesignals_20170427_09_40_54.csv ./data/CBK_last.csv
ET:  0.07  minutes
now 2017-04-27 11:40:00.353000 return data: last bar 2017-04-27 11:35:00 last processed bar 2017-04-27 11:30:00
CBK: Warning! 596 bars requested 44 bars returned.
start_idx [(19, Timestamp('2017-04-27 09:35:00'))]
start_ema 2017-04-27 08:00:00 start_vwap 2017-04-27 09:35:00 last_bar 2017-04-27 11:35:00 Writing to ./data/CBK_livesignals_20170427_09_40_54.csv ./data/CBK_last.csv
ET:  0.05  minutes
now 2017-04-27 11:45:01.002000 return data: last bar 2017-04-27 11:40:00 last processed bar 2017-04-27 11:35:00
CBK: Warning! 596 bars requested 45 bars returned.
start_idx [(19, Timestamp('2017-04-27 09:35:00'))]
start_ema 2017-04-27 08:00:00 start_vwap 2017-04-27 09:35:00 last_bar 2017-04-27 11:40:00 Writing to ./data/CBK_livesignals_20170427_09_40_54.csv ./data/CBK_last.csv
ET:  0.07  minutes
now 2017-04-27 11:50:00.144000 return data: last bar 2017-04-27 11:45:00 last processed bar 2017-04-27 11:40:00
CBK: Warning! 596 bars requested 46 bars returned.
start_idx [(19, Timestamp('2017-04-27 09:35:00'))]
start_ema 2017-04-27 08:00:00 start_vwap 2017-04-27 09:35:00 last_bar 2017-04-27 11:45:00 Writing to ./data/CBK_livesignals_20170427_09_40_54.csv ./data/CBK_last.csv
ET:  0.05  minutes
now 2017-04-27 11:55:00.849000 return data: last bar 2017-04-27 11:50:00 last processed bar 2017-04-27 11:45:00
CBK: Warning! 596 bars requested 47 bars returned.
start_idx [(19, Timestamp('2017-04-27 09:35:00'))]
start_ema 2017-04-27 08:00:00 start_vwap 2017-04-27 09:35:00 last_bar 2017-04-27 11:50:00 Writing to ./data/CBK_livesignals_20170427_09_40_54.csv ./data/CBK_last.csv
ET:  0.08  minutes
now 2017-04-27 12:00:01.210000 return data: last bar 2017-04-27 11:55:00 last processed bar 2017-04-27 11:50:00
CBK: Warning! 596 bars requested 48 bars returned.
start_idx [(19, Timestamp('2017-04-27 09:35:00'))]
start_ema 2017-04-27 08:00:00 start_vwap 2017-04-27 09:35:00 last_bar 2017-04-27 11:55:00 Writing to ./data/CBK_livesignals_20170427_09_40_54.csv ./data/CBK_last.csv
ET:  0.08  minutes
now 2017-04-27 12:05:00.733000 return data: last bar 2017-04-27 12:00:00 last processed bar 2017-04-27 11:55:00
CBK: Warning! 596 bars requested 49 bars returned.
start_idx [(19, Timestamp('2017-04-27 09:35:00'))]
start_ema 2017-04-27 08:00:00 start_vwap 2017-04-27 09:35:00 last_bar 2017-04-27 12:00:00 Writing to ./data/CBK_livesignals_20170427_09_40_54.csv ./data/CBK_last.csv
ET:  0.06  minutes
now 2017-04-27 12:10:00.339000 return data: last bar 2017-04-27 12:05:00 last processed bar 2017-04-27 12:00:00
CBK: Warning! 596 bars requested 50 bars returned.
start_idx [(19, Timestamp('2017-04-27 09:35:00'))]
start_ema 2017-04-27 08:00:00 start_vwap 2017-04-27 09:35:00 last_bar 2017-04-27 12:05:00 Writing to ./data/CBK_livesignals_20170427_09_40_54.csv ./data/CBK_last.csv
ET:  0.07  minutes
now 2017-04-27 12:15:00.764000 return data: last bar 2017-04-27 12:10:00 last processed bar 2017-04-27 12:05:00
CBK: Warning! 596 bars requested 51 bars returned.
start_idx [(19, Timestamp('2017-04-27 09:35:00'))]
start_ema 2017-04-27 08:00:00 start_vwap 2017-04-27 09:35:00 last_bar 2017-04-27 12:10:00 Writing to ./data/CBK_livesignals_20170427_09_40_54.csv ./data/CBK_last.csv
ET:  0.05  minutes
now 2017-04-27 12:20:01.193000 return data: last bar 2017-04-27 12:15:00 last processed bar 2017-04-27 12:10:00
CBK: Warning! 596 bars requested 52 bars returned.
start_idx [(19, Timestamp('2017-04-27 09:35:00'))]
start_ema 2017-04-27 08:00:00 start_vwap 2017-04-27 09:35:00 last_bar 2017-04-27 12:15:00 Writing to ./data/CBK_livesignals_20170427_09_40_54.csv ./data/CBK_last.csv
ET:  0.09  minutes
now 2017-04-27 12:25:01.316000 return data: last bar 2017-04-27 12:20:00 last processed bar 2017-04-27 12:15:00
CBK: Warning! 596 bars requested 53 bars returned.
start_idx [(19, Timestamp('2017-04-27 09:35:00'))]
start_ema 2017-04-27 08:00:00 start_vwap 2017-04-27 09:35:00 last_bar 2017-04-27 12:20:00 Writing to ./data/CBK_livesignals_20170427_09_40_54.csv ./data/CBK_last.csv
ET:  0.06  minutes
now 2017-04-27 12:30:00.978000 return data: last bar 2017-04-27 12:25:00 last processed bar 2017-04-27 12:20:00
CBK: Warning! 596 bars requested 54 bars returned.
start_idx [(19, Timestamp('2017-04-27 09:35:00'))]
start_ema 2017-04-27 08:00:00 start_vwap 2017-04-27 09:35:00 last_bar 2017-04-27 12:25:00 Writing to ./data/CBK_livesignals_20170427_09_40_54.csv ./data/CBK_last.csv
ET:  0.08  minutes
now 2017-04-27 12:35:00.582000 return data: last bar 2017-04-27 12:30:00 last processed bar 2017-04-27 12:25:00
CBK: Warning! 596 bars requested 55 bars returned.
start_idx [(19, Timestamp('2017-04-27 09:35:00'))]
start_ema 2017-04-27 08:00:00 start_vwap 2017-04-27 09:35:00 last_bar 2017-04-27 12:30:00 Writing to ./data/CBK_livesignals_20170427_09_40_54.csv ./data/CBK_last.csv
ET:  0.08  minutes
now 2017-04-27 12:40:00.785000 return data: last bar 2017-04-27 12:35:00 last processed bar 2017-04-27 12:30:00
CBK: Warning! 596 bars requested 56 bars returned.
start_idx [(19, Timestamp('2017-04-27 09:35:00'))]
start_ema 2017-04-27 08:00:00 start_vwap 2017-04-27 09:35:00 last_bar 2017-04-27 12:35:00 Writing to ./data/CBK_livesignals_20170427_09_40_54.csv ./data/CBK_last.csv
ET:  0.09  minutes
now 2017-04-27 12:45:00.637000 return data: last bar 2017-04-27 12:40:00 last processed bar 2017-04-27 12:35:00
CBK: Warning! 596 bars requested 57 bars returned.
start_idx [(19, Timestamp('2017-04-27 09:35:00'))]
start_ema 2017-04-27 08:00:00 start_vwap 2017-04-27 09:35:00 last_bar 2017-04-27 12:40:00 Writing to ./data/CBK_livesignals_20170427_09_40_54.csv ./data/CBK_last.csv
ET:  0.05  minutes
now 2017-04-27 12:50:01.301000 return data: last bar 2017-04-27 12:45:00 last processed bar 2017-04-27 12:40:00
CBK: Warning! 596 bars requested 58 bars returned.
start_idx [(19, Timestamp('2017-04-27 09:35:00'))]
start_ema 2017-04-27 08:00:00 start_vwap 2017-04-27 09:35:00 last_bar 2017-04-27 12:45:00 Writing to ./data/CBK_livesignals_20170427_09_40_54.csv ./data/CBK_last.csv
ET:  0.07  minutes
now 2017-04-27 12:55:00.624000 return data: last bar 2017-04-27 12:50:00 last processed bar 2017-04-27 12:45:00
CBK: Warning! 596 bars requested 59 bars returned.
start_idx [(19, Timestamp('2017-04-27 09:35:00'))]
start_ema 2017-04-27 08:00:00 start_vwap 2017-04-27 09:35:00 last_bar 2017-04-27 12:50:00 Writing to ./data/CBK_livesignals_20170427_09_40_54.csv ./data/CBK_last.csv
ET:  0.1  minutes
now 2017-04-27 13:00:01.282000 return data: last bar 2017-04-27 12:55:00 last processed bar 2017-04-27 12:50:00
CBK: Warning! 596 bars requested 60 bars returned.
start_idx [(19, Timestamp('2017-04-27 09:35:00'))]
start_ema 2017-04-27 08:00:00 start_vwap 2017-04-27 09:35:00 last_bar 2017-04-27 12:55:00 Writing to ./data/CBK_livesignals_20170427_09_40_54.csv ./data/CBK_last.csv
ET:  0.07  minutes
now 2017-04-27 13:05:00.673000 return data: last bar 2017-04-27 13:00:00 last processed bar 2017-04-27 12:55:00
CBK: Warning! 596 bars requested 61 bars returned.
start_idx [(19, Timestamp('2017-04-27 09:35:00'))]
start_ema 2017-04-27 08:00:00 start_vwap 2017-04-27 09:35:00 last_bar 2017-04-27 13:00:00 Writing to ./data/CBK_livesignals_20170427_09_40_54.csv ./data/CBK_last.csv
ET:  0.07  minutes
now 2017-04-27 13:10:01.317000 return data: last bar 2017-04-27 13:05:00 last processed bar 2017-04-27 13:00:00
CBK: Warning! 596 bars requested 62 bars returned.
start_idx [(19, Timestamp('2017-04-27 09:35:00'))]
start_ema 2017-04-27 08:00:00 start_vwap 2017-04-27 09:35:00 last_bar 2017-04-27 13:05:00 Writing to ./data/CBK_livesignals_20170427_09_40_54.csv ./data/CBK_last.csv
ET:  0.07  minutes
now 2017-04-27 13:15:00.768000 return data: last bar 2017-04-27 13:10:00 last processed bar 2017-04-27 13:05:00
CBK: Warning! 596 bars requested 63 bars returned.
start_idx [(19, Timestamp('2017-04-27 09:35:00'))]
start_ema 2017-04-27 08:00:00 start_vwap 2017-04-27 09:35:00 last_bar 2017-04-27 13:10:00 Writing to ./data/CBK_livesignals_20170427_09_40_54.csv ./data/CBK_last.csv
ET:  0.07  minutes
now 2017-04-27 13:20:00.115000 return data: last bar 2017-04-27 13:15:00 last processed bar 2017-04-27 13:10:00
CBK: Warning! 596 bars requested 64 bars returned.
start_idx [(19, Timestamp('2017-04-27 09:35:00'))]
start_ema 2017-04-27 08:00:00 start_vwap 2017-04-27 09:35:00 last_bar 2017-04-27 13:15:00 Writing to ./data/CBK_livesignals_20170427_09_40_54.csv ./data/CBK_last.csv
ET:  0.08  minutes
now 2017-04-27 13:25:00.122000 return data: last bar 2017-04-27 13:20:00 last processed bar 2017-04-27 13:15:00
CBK: Warning! 596 bars requested 65 bars returned.
start_idx [(19, Timestamp('2017-04-27 09:35:00'))]
start_ema 2017-04-27 08:00:00 start_vwap 2017-04-27 09:35:00 last_bar 2017-04-27 13:20:00 Writing to ./data/CBK_livesignals_20170427_09_40_54.csv ./data/CBK_last.csv
ET:  0.09  minutes
now 2017-04-27 13:30:00.378000 return data: last bar 2017-04-27 13:25:00 last processed bar 2017-04-27 13:20:00
CBK: Warning! 596 bars requested 66 bars returned.
start_idx [(19, Timestamp('2017-04-27 09:35:00'))]
start_ema 2017-04-27 08:00:00 start_vwap 2017-04-27 09:35:00 last_bar 2017-04-27 13:25:00 Writing to ./data/CBK_livesignals_20170427_09_40_54.csv ./data/CBK_last.csv
ET:  0.08  minutes
now 2017-04-27 13:35:00.888000 return data: last bar 2017-04-27 13:30:00 last processed bar 2017-04-27 13:25:00
CBK: Warning! 596 bars requested 67 bars returned.
start_idx [(19, Timestamp('2017-04-27 09:35:00'))]
start_ema 2017-04-27 08:00:00 start_vwap 2017-04-27 09:35:00 last_bar 2017-04-27 13:30:00 Writing to ./data/CBK_livesignals_20170427_09_40_54.csv ./data/CBK_last.csv
ET:  0.07  minutes
now 2017-04-27 13:40:01.342000 return data: last bar 2017-04-27 13:35:00 last processed bar 2017-04-27 13:30:00
CBK: Warning! 596 bars requested 68 bars returned.
start_idx [(19, Timestamp('2017-04-27 09:35:00'))]
start_ema 2017-04-27 08:00:00 start_vwap 2017-04-27 09:35:00 last_bar 2017-04-27 13:35:00 Writing to ./data/CBK_livesignals_20170427_09_40_54.csv ./data/CBK_last.csv
ET:  0.1  minutes
now 2017-04-27 13:45:00.483000 return data: last bar 2017-04-27 13:40:00 last processed bar 2017-04-27 13:35:00
CBK: Warning! 596 bars requested 69 bars returned.
start_idx [(19, Timestamp('2017-04-27 09:35:00'))]
start_ema 2017-04-27 08:00:00 start_vwap 2017-04-27 09:35:00 last_bar 2017-04-27 13:40:00 Writing to ./data/CBK_livesignals_20170427_09_40_54.csv ./data/CBK_last.csv
ET:  0.07  minutes
now 2017-04-27 13:50:01.168000 return data: last bar 2017-04-27 13:45:00 last processed bar 2017-04-27 13:40:00
CBK: Warning! 596 bars requested 70 bars returned.
start_idx [(19, Timestamp('2017-04-27 09:35:00'))]
start_ema 2017-04-27 08:00:00 start_vwap 2017-04-27 09:35:00 last_bar 2017-04-27 13:45:00 Writing to ./data/CBK_livesignals_20170427_09_40_54.csv ./data/CBK_last.csv
ET:  0.07  minutes
now 2017-04-27 13:55:00.313000 return data: last bar 2017-04-27 13:50:00 last processed bar 2017-04-27 13:45:00
CBK: Warning! 596 bars requested 71 bars returned.
start_idx [(19, Timestamp('2017-04-27 09:35:00'))]
start_ema 2017-04-27 08:00:00 start_vwap 2017-04-27 09:35:00 last_bar 2017-04-27 13:50:00 Writing to ./data/CBK_livesignals_20170427_09_40_54.csv ./data/CBK_last.csv
ET:  0.07  minutes
now 2017-04-27 14:00:01.217000 return data: last bar 2017-04-27 13:55:00 last processed bar 2017-04-27 13:50:00
CBK: Warning! 596 bars requested 72 bars returned.
start_idx [(19, Timestamp('2017-04-27 09:35:00'))]
start_ema 2017-04-27 08:00:00 start_vwap 2017-04-27 09:35:00 last_bar 2017-04-27 13:55:00 Writing to ./data/CBK_livesignals_20170427_09_40_54.csv ./data/CBK_last.csv
ET:  0.06  minutes
now 2017-04-27 14:05:02.402000 return data: last bar 2017-04-27 14:00:00 last processed bar 2017-04-27 13:55:00
CBK: Warning! 596 bars requested 73 bars returned.
start_idx [(19, Timestamp('2017-04-27 09:35:00'))]
start_ema 2017-04-27 08:00:00 start_vwap 2017-04-27 09:35:00 last_bar 2017-04-27 14:00:00 Writing to ./data/CBK_livesignals_20170427_09_40_54.csv ./data/CBK_last.csv
ET:  0.04  minutes
now 2017-04-27 14:10:01.060000 return data: last bar 2017-04-27 14:05:00 last processed bar 2017-04-27 14:00:00
CBK: Warning! 596 bars requested 74 bars returned.
start_idx [(19, Timestamp('2017-04-27 09:35:00'))]
start_ema 2017-04-27 08:00:00 start_vwap 2017-04-27 09:35:00 last_bar 2017-04-27 14:05:00 Writing to ./data/CBK_livesignals_20170427_09_40_54.csv ./data/CBK_last.csv
ET:  0.08  minutes
now 2017-04-27 14:15:01.041000 return data: last bar 2017-04-27 14:10:00 last processed bar 2017-04-27 14:05:00
CBK: Warning! 596 bars requested 75 bars returned.
start_idx [(19, Timestamp('2017-04-27 09:35:00'))]
start_ema 2017-04-27 08:00:00 start_vwap 2017-04-27 09:35:00 last_bar 2017-04-27 14:10:00 Writing to ./data/CBK_livesignals_20170427_09_40_54.csv ./data/CBK_last.csv
ET:  0.08  minutes
now 2017-04-27 14:20:02.107000 return data: last bar 2017-04-27 14:15:00 last processed bar 2017-04-27 14:10:00
CBK: Warning! 596 bars requested 76 bars returned.
start_idx [(19, Timestamp('2017-04-27 09:35:00'))]
start_ema 2017-04-27 08:00:00 start_vwap 2017-04-27 09:35:00 last_bar 2017-04-27 14:15:00 Writing to ./data/CBK_livesignals_20170427_09_40_54.csv ./data/CBK_last.csv
ET:  0.06  minutes
now 2017-04-27 14:25:01.373000 return data: last bar 2017-04-27 14:20:00 last processed bar 2017-04-27 14:15:00
CBK: Warning! 596 bars requested 77 bars returned.
start_idx [(19, Timestamp('2017-04-27 09:35:00'))]
start_ema 2017-04-27 08:00:00 start_vwap 2017-04-27 09:35:00 last_bar 2017-04-27 14:20:00 Writing to ./data/CBK_livesignals_20170427_09_40_54.csv ./data/CBK_last.csv
ET:  0.03  minutes
now 2017-04-27 14:30:00.012000 return data: last bar 2017-04-27 14:25:00 last processed bar 2017-04-27 14:20:00
CBK: Warning! 596 bars requested 78 bars returned.
start_idx [(19, Timestamp('2017-04-27 09:35:00'))]
start_ema 2017-04-27 08:00:00 start_vwap 2017-04-27 09:35:00 last_bar 2017-04-27 14:25:00 Writing to ./data/CBK_livesignals_20170427_09_40_54.csv ./data/CBK_last.csv
ET:  0.08  minutes
now 2017-04-27 14:35:00.992000 return data: last bar 2017-04-27 14:30:00 last processed bar 2017-04-27 14:25:00
CBK: Warning! 596 bars requested 79 bars returned.
start_idx [(19, Timestamp('2017-04-27 09:35:00'))]
start_ema 2017-04-27 08:00:00 start_vwap 2017-04-27 09:35:00 last_bar 2017-04-27 14:30:00 Writing to ./data/CBK_livesignals_20170427_09_40_54.csv ./data/CBK_last.csv
ET:  0.07  minutes
now 2017-04-27 14:40:00.245000 return data: last bar 2017-04-27 14:35:00 last processed bar 2017-04-27 14:30:00
CBK: Warning! 596 bars requested 80 bars returned.
start_idx [(19, Timestamp('2017-04-27 09:35:00'))]
start_ema 2017-04-27 08:00:00 start_vwap 2017-04-27 09:35:00 last_bar 2017-04-27 14:35:00 Writing to ./data/CBK_livesignals_20170427_09_40_54.csv ./data/CBK_last.csv
ET:  0.05  minutes
now 2017-04-27 14:45:00.861000 return data: last bar 2017-04-27 14:40:00 last processed bar 2017-04-27 14:35:00
CBK: Warning! 596 bars requested 81 bars returned.
start_idx [(19, Timestamp('2017-04-27 09:35:00'))]
start_ema 2017-04-27 08:00:00 start_vwap 2017-04-27 09:35:00 last_bar 2017-04-27 14:40:00 Writing to ./data/CBK_livesignals_20170427_09_40_54.csv ./data/CBK_last.csv
ET:  0.04  minutes
now 2017-04-27 14:50:03.920000 return data: last bar 2017-04-27 14:45:00 last processed bar 2017-04-27 14:40:00
CBK: Warning! 596 bars requested 82 bars returned.
start_idx [(19, Timestamp('2017-04-27 09:35:00'))]
start_ema 2017-04-27 08:00:00 start_vwap 2017-04-27 09:35:00 last_bar 2017-04-27 14:45:00 Writing to ./data/CBK_livesignals_20170427_09_40_54.csv ./data/CBK_last.csv
ET:  0.03  minutes
now 2017-04-27 14:55:00.783000 return data: last bar 2017-04-27 14:50:00 last processed bar 2017-04-27 14:45:00
CBK: Warning! 596 bars requested 83 bars returned.
start_idx [(19, Timestamp('2017-04-27 09:35:00'))]
start_ema 2017-04-27 08:00:00 start_vwap 2017-04-27 09:35:00 last_bar 2017-04-27 14:50:00 Writing to ./data/CBK_livesignals_20170427_09_40_54.csv ./data/CBK_last.csv
ET:  0.07  minutes
now 2017-04-27 15:00:01.483000 return data: last bar 2017-04-27 14:55:00 last processed bar 2017-04-27 14:50:00
CBK: Warning! 596 bars requested 84 bars returned.
start_idx [(19, Timestamp('2017-04-27 09:35:00'))]
start_ema 2017-04-27 08:00:00 start_vwap 2017-04-27 09:35:00 last_bar 2017-04-27 14:55:00 Writing to ./data/CBK_livesignals_20170427_09_40_54.csv ./data/CBK_last.csv
ET:  0.03  minutes
now 2017-04-27 15:05:00.163000 return data: last bar 2017-04-27 15:00:00 last processed bar 2017-04-27 14:55:00
CBK: Warning! 596 bars requested 85 bars returned.
start_idx [(19, Timestamp('2017-04-27 09:35:00'))]
start_ema 2017-04-27 08:00:00 start_vwap 2017-04-27 09:35:00 last_bar 2017-04-27 15:00:00 Writing to ./data/CBK_livesignals_20170427_09_40_54.csv ./data/CBK_last.csv
ET:  0.09  minutes
now 2017-04-27 15:10:00.726000 return data: last bar 2017-04-27 15:05:00 last processed bar 2017-04-27 15:00:00
CBK: Warning! 596 bars requested 86 bars returned.
start_idx [(19, Timestamp('2017-04-27 09:35:00'))]
start_ema 2017-04-27 08:00:00 start_vwap 2017-04-27 09:35:00 last_bar 2017-04-27 15:05:00 Writing to ./data/CBK_livesignals_20170427_09_40_54.csv ./data/CBK_last.csv
ET:  0.09  minutes
now 2017-04-27 15:15:00.190000 return data: last bar 2017-04-27 15:10:00 last processed bar 2017-04-27 15:05:00
CBK: Warning! 596 bars requested 87 bars returned.
start_idx [(19, Timestamp('2017-04-27 09:35:00'))]
start_ema 2017-04-27 08:00:00 start_vwap 2017-04-27 09:35:00 last_bar 2017-04-27 15:10:00 Writing to ./data/CBK_livesignals_20170427_09_40_54.csv ./data/CBK_last.csv
ET:  0.04  minutes
now 2017-04-27 15:20:00.902000 return data: last bar 2017-04-27 15:15:00 last processed bar 2017-04-27 15:10:00
CBK: Warning! 596 bars requested 88 bars returned.
start_idx [(19, Timestamp('2017-04-27 09:35:00'))]
start_ema 2017-04-27 08:00:00 start_vwap 2017-04-27 09:35:00 last_bar 2017-04-27 15:15:00 Writing to ./data/CBK_livesignals_20170427_09_40_54.csv ./data/CBK_last.csv
ET:  0.06  minutes
now 2017-04-27 15:25:02.151000 return data: last bar 2017-04-27 15:20:00 last processed bar 2017-04-27 15:15:00
CBK: Warning! 596 bars requested 89 bars returned.
start_idx [(19, Timestamp('2017-04-27 09:35:00'))]
start_ema 2017-04-27 08:00:00 start_vwap 2017-04-27 09:35:00 last_bar 2017-04-27 15:20:00 Writing to ./data/CBK_livesignals_20170427_09_40_54.csv ./data/CBK_last.csv
ET:  0.04  minutes
now 2017-04-27 15:30:01.288000 return data: last bar 2017-04-27 15:25:00 last processed bar 2017-04-27 15:20:00
CBK: Warning! 596 bars requested 90 bars returned.
start_idx [(19, Timestamp('2017-04-27 09:35:00'))]
start_ema 2017-04-27 08:00:00 start_vwap 2017-04-27 09:35:00 last_bar 2017-04-27 15:25:00 Writing to ./data/CBK_livesignals_20170427_09_40_54.csv ./data/CBK_last.csv
ET:  0.04  minutes
now 2017-04-27 15:35:01.415000 return data: last bar 2017-04-27 15:30:00 last processed bar 2017-04-27 15:25:00
CBK: Warning! 596 bars requested 91 bars returned.
start_idx [(19, Timestamp('2017-04-27 09:35:00'))]
start_ema 2017-04-27 08:00:00 start_vwap 2017-04-27 09:35:00 last_bar 2017-04-27 15:30:00 Writing to ./data/CBK_livesignals_20170427_09_40_54.csv ./data/CBK_last.csv
ET:  0.06  minutes
now 2017-04-27 15:40:01.531000 return data: last bar 2017-04-27 15:35:00 last processed bar 2017-04-27 15:30:00
CBK: Warning! 596 bars requested 92 bars returned.
start_idx [(19, Timestamp('2017-04-27 09:35:00'))]
start_ema 2017-04-27 08:00:00 start_vwap 2017-04-27 09:35:00 last_bar 2017-04-27 15:35:00 Writing to ./data/CBK_livesignals_20170427_09_40_54.csv ./data/CBK_last.csv
ET:  0.04  minutes
now 2017-04-27 15:45:01.828000 return data: last bar 2017-04-27 15:40:00 last processed bar 2017-04-27 15:35:00
CBK: Warning! 596 bars requested 93 bars returned.
start_idx [(19, Timestamp('2017-04-27 09:35:00'))]
start_ema 2017-04-27 08:00:00 start_vwap 2017-04-27 09:35:00 last_bar 2017-04-27 15:40:00 Writing to ./data/CBK_livesignals_20170427_09_40_54.csv ./data/CBK_last.csv
ET:  0.06  minutes
now 2017-04-27 15:50:01.095000 return data: last bar 2017-04-27 15:45:00 last processed bar 2017-04-27 15:40:00
CBK: Warning! 596 bars requested 94 bars returned.
start_idx [(19, Timestamp('2017-04-27 09:35:00'))]
start_ema 2017-04-27 08:00:00 start_vwap 2017-04-27 09:35:00 last_bar 2017-04-27 15:45:00 Writing to ./data/CBK_livesignals_20170427_09_40_54.csv ./data/CBK_last.csv
ET:  0.07  minutes
now 2017-04-27 15:55:00.935000
