return data: last bar 2017-04-21 09:45:00 last processed bar 1000-01-01 00:00:00
596 bars requested 596 bars returned
start_idx [(590, Timestamp('2017-04-21 09:35:00')), (591, Timestamp('2017-04-21 09:35:00'))]
start_ema 2017-04-21 08:25:00 start_vwap 2017-04-21 09:35:00 last_bar 2017-04-21 09:45:00 ET:  0.02  minutes
now 2017-04-21 09:50:01.558000 return None: last bar 2017-04-21 09:45:00 last processed bar 2017-04-21 09:45:00
CBLI getFeed did not return any data! last bar: 2017-04-21 09:45:00 now: 09:50:12.039000
now 2017-04-21 09:55:00.022000 return data: last bar 2017-04-21 09:50:00 last processed bar 2017-04-21 09:45:00
596 bars requested 596 bars returned
start_idx [(589, Timestamp('2017-04-21 09:35:00')), (590, Timestamp('2017-04-21 09:35:00'))]
start_ema 2017-04-21 08:25:00 start_vwap 2017-04-21 09:35:00 last_bar 2017-04-21 09:50:00 Writing to ./data/CBLI_livesignals_20170421_09_45_57.csv ./data/CBLI_last.csv
ET:  0.06  minutes
now 2017-04-21 10:00:01.160000 return data: last bar 2017-04-21 09:55:00 last processed bar 2017-04-21 09:50:00
596 bars requested 596 bars returned
start_idx [(588, Timestamp('2017-04-21 09:35:00')), (589, Timestamp('2017-04-21 09:35:00'))]
start_ema 2017-04-21 08:25:00 start_vwap 2017-04-21 09:35:00 last_bar 2017-04-21 09:55:00 Writing to ./data/CBLI_livesignals_20170421_09_45_57.csv ./data/CBLI_last.csv
ET:  0.17  minutes
now 2017-04-21 10:05:00.264000 return data: last bar 2017-04-21 10:00:00 last processed bar 2017-04-21 09:55:00
596 bars requested 596 bars returned
start_idx [(587, Timestamp('2017-04-21 09:35:00')), (588, Timestamp('2017-04-21 09:35:00'))]
start_ema 2017-04-21 08:25:00 start_vwap 2017-04-21 09:35:00 last_bar 2017-04-21 10:00:00 Writing to ./data/CBLI_livesignals_20170421_09_45_57.csv ./data/CBLI_last.csv
ET:  0.09  minutes
now 2017-04-21 10:10:01.842000 return data: last bar 2017-04-21 10:05:00 last processed bar 2017-04-21 10:00:00
596 bars requested 596 bars returned
start_idx [(586, Timestamp('2017-04-21 09:35:00')), (587, Timestamp('2017-04-21 09:35:00'))]
start_ema 2017-04-21 08:25:00 start_vwap 2017-04-21 09:35:00 last_bar 2017-04-21 10:05:00 Writing to ./data/CBLI_livesignals_20170421_09_45_57.csv ./data/CBLI_last.csv
ET:  0.18  minutes
now 2017-04-21 10:15:01.185000 return data: last bar 2017-04-21 10:10:00 last processed bar 2017-04-21 10:05:00
596 bars requested 596 bars returned
start_idx [(585, Timestamp('2017-04-21 09:35:00')), (586, Timestamp('2017-04-21 09:35:00'))]
start_ema 2017-04-21 08:25:00 start_vwap 2017-04-21 09:35:00 last_bar 2017-04-21 10:10:00 Writing to ./data/CBLI_livesignals_20170421_09_45_57.csv ./data/CBLI_last.csv
ET:  0.21  minutes
now 2017-04-21 10:20:01.481000 return None: last bar 2017-04-21 10:10:00 last processed bar 2017-04-21 10:10:00
CBLI getFeed did not return any data! last bar: 2017-04-21 10:10:00 now: 10:20:09.608000
now 2017-04-21 10:25:00.643000 return data: last bar 2017-04-21 10:20:00 last processed bar 2017-04-21 10:10:00
596 bars requested 596 bars returned
start_idx [(584, Timestamp('2017-04-21 09:35:00')), (585, Timestamp('2017-04-21 09:35:00'))]
start_ema 2017-04-21 08:25:00 start_vwap 2017-04-21 09:35:00 last_bar 2017-04-21 10:20:00 Writing to ./data/CBLI_livesignals_20170421_09_45_57.csv ./data/CBLI_last.csv
ET:  0.19  minutes
now 2017-04-21 10:30:00.017000 return None: last bar 2017-04-21 10:20:00 last processed bar 2017-04-21 10:20:00
CBLI getFeed did not return any data! last bar: 2017-04-21 10:20:00 now: 10:30:00.400000
now 2017-04-21 10:35:00.460000 return None: last bar 2017-04-21 10:20:00 last processed bar 2017-04-21 10:20:00
CBLI getFeed did not return any data! last bar: 2017-04-21 10:20:00 now: 10:35:03.003000
now 2017-04-21 10:40:00.149000 return data: last bar 2017-04-21 10:40:00 last processed bar 2017-04-21 10:20:00
596 bars requested 596 bars returned
start_idx [(583, Timestamp('2017-04-21 09:35:00')), (584, Timestamp('2017-04-21 09:35:00'))]
start_ema 2017-04-21 08:25:00 start_vwap 2017-04-21 09:35:00 last_bar 2017-04-21 10:40:00 Writing to ./data/CBLI_livesignals_20170421_09_45_57.csv ./data/CBLI_last.csv
ET:  0.21  minutes
now 2017-04-21 10:45:01.128000 return data: last bar 2017-04-21 10:45:00 last processed bar 2017-04-21 10:40:00
596 bars requested 596 bars returned
start_idx [(582, Timestamp('2017-04-21 09:35:00')), (583, Timestamp('2017-04-21 09:35:00'))]
start_ema 2017-04-21 08:25:00 start_vwap 2017-04-21 09:35:00 last_bar 2017-04-21 10:45:00 Writing to ./data/CBLI_livesignals_20170421_09_45_57.csv ./data/CBLI_last.csv
ET:  0.2  minutes
now 2017-04-21 10:50:01.476000 return data: last bar 2017-04-21 10:50:00 last processed bar 2017-04-21 10:45:00
596 bars requested 596 bars returned
start_idx [(581, Timestamp('2017-04-21 09:35:00')), (582, Timestamp('2017-04-21 09:35:00'))]
start_ema 2017-04-21 08:25:00 start_vwap 2017-04-21 09:35:00 last_bar 2017-04-21 10:50:00 Writing to ./data/CBLI_livesignals_20170421_09_45_57.csv ./data/CBLI_last.csv
ET:  0.19  minutes
now 2017-04-21 10:55:02.153000 return data: last bar 2017-04-21 10:55:00 last processed bar 2017-04-21 10:50:00
596 bars requested 596 bars returned
start_idx [(580, Timestamp('2017-04-21 09:35:00')), (581, Timestamp('2017-04-21 09:35:00'))]
start_ema 2017-04-21 08:25:00 start_vwap 2017-04-21 09:35:00 last_bar 2017-04-21 10:55:00 Writing to ./data/CBLI_livesignals_20170421_09_45_57.csv ./data/CBLI_last.csv
ET:  0.15  minutes
now 2017-04-21 11:00:00.473000 return data: last bar 2017-04-21 11:00:00 last processed bar 2017-04-21 10:55:00
596 bars requested 596 bars returned
start_idx [(579, Timestamp('2017-04-21 09:35:00')), (580, Timestamp('2017-04-21 09:35:00'))]
start_ema 2017-04-21 08:25:00 start_vwap 2017-04-21 09:35:00 last_bar 2017-04-21 11:00:00 Writing to ./data/CBLI_livesignals_20170421_09_45_57.csv ./data/CBLI_last.csv
ET:  0.21  minutes
now 2017-04-21 11:05:00.437000 return data: last bar 2017-04-21 11:05:00 last processed bar 2017-04-21 11:00:00
596 bars requested 596 bars returned
start_idx [(578, Timestamp('2017-04-21 09:35:00')), (579, Timestamp('2017-04-21 09:35:00'))]
start_ema 2017-04-21 08:25:00 start_vwap 2017-04-21 09:35:00 last_bar 2017-04-21 11:05:00 Writing to ./data/CBLI_livesignals_20170421_09_45_57.csv ./data/CBLI_last.csv
ET:  0.17  minutes
now 2017-04-21 11:10:00.479000 return data: last bar 2017-04-21 11:10:00 last processed bar 2017-04-21 11:05:00
596 bars requested 596 bars returned
start_idx [(577, Timestamp('2017-04-21 09:35:00')), (578, Timestamp('2017-04-21 09:35:00'))]
start_ema 2017-04-21 08:25:00 start_vwap 2017-04-21 09:35:00 last_bar 2017-04-21 11:10:00 Writing to ./data/CBLI_livesignals_20170421_09_45_57.csv ./data/CBLI_last.csv
ET:  0.08  minutes
now 2017-04-21 11:15:01.855000 return None: last bar 2017-04-21 11:10:00 last processed bar 2017-04-21 11:10:00
CBLI getFeed did not return any data! last bar: 2017-04-21 11:10:00 now: 11:15:11.569000
now 2017-04-21 11:20:00.880000 return None: last bar 2017-04-21 11:10:00 last processed bar 2017-04-21 11:10:00
CBLI getFeed did not return any data! last bar: 2017-04-21 11:10:00 now: 11:20:07.058000
now 2017-04-21 11:25:00.319000 return None: last bar 2017-04-21 11:10:00 last processed bar 2017-04-21 11:10:00
CBLI getFeed did not return any data! last bar: 2017-04-21 11:10:00 now: 11:25:01.389000
now 2017-04-21 11:30:00.581000 return data: last bar 2017-04-21 11:30:00 last processed bar 2017-04-21 11:10:00
596 bars requested 596 bars returned
start_idx [(576, Timestamp('2017-04-21 09:35:00')), (577, Timestamp('2017-04-21 09:35:00'))]
start_ema 2017-04-21 08:25:00 start_vwap 2017-04-21 09:35:00 last_bar 2017-04-21 11:30:00 Writing to ./data/CBLI_livesignals_20170421_09_45_57.csv ./data/CBLI_last.csv
ET:  0.04  minutes
now 2017-04-21 11:35:00.761000 return data: last bar 2017-04-21 11:35:00 last processed bar 2017-04-21 11:30:00
596 bars requested 596 bars returned
start_idx [(575, Timestamp('2017-04-21 09:35:00')), (576, Timestamp('2017-04-21 09:35:00'))]
start_ema 2017-04-21 08:25:00 start_vwap 2017-04-21 09:35:00 last_bar 2017-04-21 11:35:00 Writing to ./data/CBLI_livesignals_20170421_09_45_57.csv ./data/CBLI_last.csv
ET:  0.03  minutes
now 2017-04-21 11:40:00.432000 return None: last bar 2017-04-21 11:35:00 last processed bar 2017-04-21 11:35:00
CBLI getFeed did not return any data! last bar: 2017-04-21 11:35:00 now: 11:40:01.996000
now 2017-04-21 11:45:00.531000 return None: last bar 2017-04-21 11:35:00 last processed bar 2017-04-21 11:35:00
CBLI getFeed did not return any data! last bar: 2017-04-21 11:35:00 now: 11:45:01.814000
now 2017-04-21 11:50:00.187000 return None: last bar 2017-04-21 11:35:00 last processed bar 2017-04-21 11:35:00
CBLI getFeed did not return any data! last bar: 2017-04-21 11:35:00 now: 11:50:00.725000
now 2017-04-21 11:55:00.985000 return data: last bar 2017-04-21 11:50:00 last processed bar 2017-04-21 11:35:00
596 bars requested 596 bars returned
start_idx [(574, Timestamp('2017-04-21 09:35:00')), (575, Timestamp('2017-04-21 09:35:00'))]
start_ema 2017-04-21 08:25:00 start_vwap 2017-04-21 09:35:00 last_bar 2017-04-21 11:50:00 Writing to ./data/CBLI_livesignals_20170421_09_45_57.csv ./data/CBLI_last.csv
ET:  0.03  minutes
now 2017-04-21 12:00:01.092000 return None: last bar 2017-04-21 09:45:00 last processed bar 2017-04-21 11:50:00
2 bars requested None returned
CBLI getFeed did not return any data! last bar: 2017-04-21 11:50:00 now: 12:00:01.749000
now 2017-04-21 12:05:00.866000 return None: last bar 2017-04-21 09:45:00 last processed bar 2017-04-21 11:50:00
2 bars requested None returned
CBLI getFeed did not return any data! last bar: 2017-04-21 11:50:00 now: 12:05:01.294000
now 2017-04-21 12:10:00.877000 return None: last bar 2017-04-21 09:45:00 last processed bar 2017-04-21 11:50:00
2 bars requested None returned
CBLI getFeed did not return any data! last bar: 2017-04-21 11:50:00 now: 12:10:01.546000
now 2017-04-21 12:15:00.560000 return None: last bar 2017-04-21 09:45:00 last processed bar 2017-04-21 11:50:00
2 bars requested None returned
CBLI getFeed did not return any data! last bar: 2017-04-21 11:50:00 now: 12:15:00.981000
now 2017-04-21 12:20:00.595000 return None: last bar 2017-04-21 09:45:00 last processed bar 2017-04-21 11:50:00
2 bars requested None returned
CBLI getFeed did not return any data! last bar: 2017-04-21 11:50:00 now: 12:20:00.786000
now 2017-04-21 12:25:00.213000 return None: last bar 2017-04-21 09:45:00 last processed bar 2017-04-21 11:50:00
2 bars requested None returned
CBLI getFeed did not return any data! last bar: 2017-04-21 11:50:00 now: 12:25:00.260000
now 2017-04-21 12:25:02.603000 return None: last bar 2017-04-21 09:45:00 last processed bar 2017-04-21 11:50:00
2 bars requested None returned
CBLI getFeed did not return any data! last bar: 2017-04-21 11:50:00 now: 12:25:02.615000
now 2017-04-21 12:30:00.963000 return None: last bar 2017-04-21 09:45:00 last processed bar 2017-04-21 11:50:00
2 bars requested None returned
CBLI getFeed did not return any data! last bar: 2017-04-21 11:50:00 now: 12:30:01.329000
now 2017-04-21 12:35:00.589000 return None: last bar 2017-04-21 09:45:00 last processed bar 2017-04-21 11:50:00
2 bars requested None returned
CBLI getFeed did not return any data! last bar: 2017-04-21 11:50:00 now: 12:35:00.841000
now 2017-04-21 12:40:00.764000 return None: last bar 2017-04-21 09:45:00 last processed bar 2017-04-21 11:50:00
2 bars requested None returned
CBLI getFeed did not return any data! last bar: 2017-04-21 11:50:00 now: 12:40:01.019000
now 2017-04-21 12:45:00.946000 return None: last bar 2017-04-21 09:45:00 last processed bar 2017-04-21 11:50:00
2 bars requested None returned
CBLI getFeed did not return any data! last bar: 2017-04-21 11:50:00 now: 12:45:01.823000
now 2017-04-21 12:50:00.410000 return None: last bar 2017-04-21 09:45:00 last processed bar 2017-04-21 11:50:00
2 bars requested None returned
CBLI getFeed did not return any data! last bar: 2017-04-21 11:50:00 now: 12:50:00.621000
now 2017-04-21 12:55:00.694000 return None: last bar 2017-04-21 09:45:00 last processed bar 2017-04-21 11:50:00
2 bars requested None returned
CBLI getFeed did not return any data! last bar: 2017-04-21 11:50:00 now: 12:55:01.504000
now 2017-04-21 13:00:00.327000 return None: last bar 2017-04-21 09:45:00 last processed bar 2017-04-21 11:50:00
2 bars requested None returned
CBLI getFeed did not return any data! last bar: 2017-04-21 11:50:00 now: 13:00:00.398000
now 2017-04-21 13:05:00.683000 return None: last bar 2017-04-21 09:45:00 last processed bar 2017-04-21 11:50:00
2 bars requested None returned
CBLI getFeed did not return any data! last bar: 2017-04-21 11:50:00 now: 13:05:01.633000
now 2017-04-21 13:10:00.159000 return None: last bar 2017-04-21 09:45:00 last processed bar 2017-04-21 11:50:00
2 bars requested None returned
CBLI getFeed did not return any data! last bar: 2017-04-21 11:50:00 now: 13:10:00.230000
now 2017-04-21 13:15:00.599000 return None: last bar 2017-04-21 09:45:00 last processed bar 2017-04-21 11:50:00
2 bars requested None returned
CBLI getFeed did not return any data! last bar: 2017-04-21 11:50:00 now: 13:15:01.186000
now 2017-04-21 13:20:00.468000 return None: last bar 2017-04-21 09:45:00 last processed bar 2017-04-21 11:50:00
2 bars requested None returned
CBLI getFeed did not return any data! last bar: 2017-04-21 11:50:00 now: 13:20:00.822000
now 2017-04-21 13:25:00.975000 return None: last bar 2017-04-21 09:45:00 last processed bar 2017-04-21 11:50:00
2 bars requested None returned
CBLI getFeed did not return any data! last bar: 2017-04-21 11:50:00 now: 13:25:01.414000
now 2017-04-21 13:30:00.407000 return None: last bar 2017-04-21 09:45:00 last processed bar 2017-04-21 11:50:00
2 bars requested None returned
CBLI getFeed did not return any data! last bar: 2017-04-21 11:50:00 now: 13:30:00.648000
now 2017-04-21 13:35:00.483000 return None: last bar 2017-04-21 09:45:00 last processed bar 2017-04-21 11:50:00
2 bars requested None returned
CBLI getFeed did not return any data! last bar: 2017-04-21 11:50:00 now: 13:35:00.495000
now 2017-04-21 13:40:00.465000 return None: last bar 2017-04-21 09:45:00 last processed bar 2017-04-21 11:50:00
2 bars requested None returned
CBLI getFeed did not return any data! last bar: 2017-04-21 11:50:00 now: 13:40:00.567000
now 2017-04-21 13:45:00.761000 return data: last bar 2017-04-21 13:40:00 last processed bar 2017-04-21 11:50:00
2 bars requested 2 bars returned
596 bars requested 22 bars returned
start_idx [(0, Timestamp('2017-04-21 09:35:00'))]
start_ema 2017-04-21 09:45:00 data.dropna() feed returned insufficient data
now 2017-04-21 13:50:00.502000 return data: last bar 2017-04-21 13:50:00 last processed bar 2017-04-21 13:40:00
2 bars requested 2 bars returned
596 bars requested 22 bars returned
start_idx [(0, Timestamp('2017-04-21 09:35:00'))]
start_ema 2017-04-21 09:45:00 data.dropna() feed returned insufficient data
now 2017-04-21 13:55:00.439000 return data: last bar 2017-04-21 13:55:00 last processed bar 2017-04-21 13:50:00
2 bars requested 2 bars returned
596 bars requested 22 bars returned
start_idx [(0, Timestamp('2017-04-21 09:35:00'))]
start_ema 2017-04-21 09:45:00 data.dropna() feed returned insufficient data
now 2017-04-21 14:00:00.928000 return data: last bar 2017-04-21 14:00:00 last processed bar 2017-04-21 13:55:00
2 bars requested 2 bars returned
596 bars requested 22 bars returned
start_idx [(0, Timestamp('2017-04-21 09:35:00'))]
start_ema 2017-04-21 09:45:00 data.dropna() feed returned insufficient data
now 2017-04-21 14:05:01.025000 return data: last bar 2017-04-21 14:05:00 last processed bar 2017-04-21 14:00:00
2 bars requested 2 bars returned
596 bars requested 22 bars returned
start_idx [(0, Timestamp('2017-04-21 09:35:00'))]
start_ema 2017-04-21 09:45:00 data.dropna() feed returned insufficient data
now 2017-04-21 14:10:00.257000 return data: last bar 2017-04-21 14:10:00 last processed bar 2017-04-21 14:05:00
2 bars requested 2 bars returned
596 bars requested 22 bars returned
start_idx [(0, Timestamp('2017-04-21 09:35:00'))]
start_ema 2017-04-21 09:45:00 data.dropna() feed returned insufficient data
now 2017-04-21 14:15:00.493000 return data: last bar 2017-04-21 14:15:00 last processed bar 2017-04-21 14:10:00
2 bars requested 2 bars returned
596 bars requested 22 bars returned
start_idx [(0, Timestamp('2017-04-21 09:35:00'))]
start_ema 2017-04-21 09:45:00 data.dropna() feed returned insufficient data
now 2017-04-21 14:20:00.570000 return data: last bar 2017-04-21 14:20:00 last processed bar 2017-04-21 14:15:00
2 bars requested 2 bars returned
596 bars requested 22 bars returned
start_idx [(0, Timestamp('2017-04-21 09:35:00'))]
start_ema 2017-04-21 09:45:00 data.dropna() feed returned insufficient data
now 2017-04-21 14:25:00.011000 return data: last bar 2017-04-21 14:25:00 last processed bar 2017-04-21 14:20:00
2 bars requested 2 bars returned
596 bars requested 22 bars returned
start_idx [(0, Timestamp('2017-04-21 09:35:00'))]
start_ema 2017-04-21 09:45:00 data.dropna() feed returned insufficient data
now 2017-04-21 14:30:00.423000 return data: last bar 2017-04-21 14:30:00 last processed bar 2017-04-21 14:25:00
2 bars requested 2 bars returned
596 bars requested 22 bars returned
start_idx [(0, Timestamp('2017-04-21 09:35:00'))]
start_ema 2017-04-21 09:45:00 data.dropna() feed returned insufficient data
now 2017-04-21 14:35:00.214000 return data: last bar 2017-04-21 14:35:00 last processed bar 2017-04-21 14:30:00
2 bars requested 2 bars returned
596 bars requested 22 bars returned
start_idx [(0, Timestamp('2017-04-21 09:35:00'))]
start_ema 2017-04-21 09:45:00 data.dropna() feed returned insufficient data
now 2017-04-21 14:40:00.715000 return data: last bar 2017-04-21 14:40:00 last processed bar 2017-04-21 14:35:00
2 bars requested 2 bars returned
596 bars requested 22 bars returned
start_idx [(0, Timestamp('2017-04-21 09:35:00'))]
start_ema 2017-04-21 09:45:00 data.dropna() feed returned insufficient data
now 2017-04-21 14:45:00.004000 return data: last bar 2017-04-21 14:45:00 last processed bar 2017-04-21 14:40:00
2 bars requested 2 bars returned
596 bars requested 22 bars returned
start_idx [(0, Timestamp('2017-04-21 09:35:00'))]
start_ema 2017-04-21 09:45:00 data.dropna() feed returned insufficient data
now 2017-04-21 14:50:00.441000 return data: last bar 2017-04-21 14:50:00 last processed bar 2017-04-21 14:45:00
2 bars requested 2 bars returned
596 bars requested 22 bars returned
start_idx [(0, Timestamp('2017-04-21 09:35:00'))]
start_ema 2017-04-21 09:45:00 data.dropna() feed returned insufficient data
now 2017-04-21 14:55:00.962000 return data: last bar 2017-04-21 14:55:00 last processed bar 2017-04-21 14:50:00
2 bars requested 2 bars returned
596 bars requested 22 bars returned
start_idx [(0, Timestamp('2017-04-21 09:35:00'))]
start_ema 2017-04-21 09:45:00 data.dropna() feed returned insufficient data
now 2017-04-21 15:00:00.961000 return data: last bar 2017-04-21 15:00:00 last processed bar 2017-04-21 14:55:00
2 bars requested 2 bars returned
596 bars requested 22 bars returned
start_idx [(0, Timestamp('2017-04-21 09:35:00'))]
start_ema 2017-04-21 09:45:00 data.dropna() feed returned insufficient data
now 2017-04-21 15:05:00.348000 return data: last bar 2017-04-21 15:05:00 last processed bar 2017-04-21 15:00:00
2 bars requested 2 bars returned
596 bars requested 22 bars returned
start_idx [(0, Timestamp('2017-04-21 09:35:00'))]
start_ema 2017-04-21 09:45:00 data.dropna() feed returned insufficient data
now 2017-04-21 15:10:00.842000 return data: last bar 2017-04-21 15:10:00 last processed bar 2017-04-21 15:05:00
2 bars requested 2 bars returned
596 bars requested 22 bars returned
start_idx [(0, Timestamp('2017-04-21 09:35:00'))]
start_ema 2017-04-21 09:45:00 data.dropna() feed returned insufficient data
now 2017-04-21 15:15:00.171000 return data: last bar 2017-04-21 15:15:00 last processed bar 2017-04-21 15:10:00
2 bars requested 2 bars returned
596 bars requested 22 bars returned
start_idx [(0, Timestamp('2017-04-21 09:35:00'))]
start_ema 2017-04-21 09:45:00 data.dropna() feed returned insufficient data
now 2017-04-21 15:20:00.245000 return data: last bar 2017-04-21 15:20:00 last processed bar 2017-04-21 15:15:00
2 bars requested 2 bars returned
596 bars requested 22 bars returned
start_idx [(0, Timestamp('2017-04-21 09:35:00'))]
start_ema 2017-04-21 09:45:00 data.dropna() feed returned insufficient data
now 2017-04-21 15:25:00.748000 return data: last bar 2017-04-21 15:25:00 last processed bar 2017-04-21 15:20:00
2 bars requested 2 bars returned
596 bars requested 22 bars returned
start_idx [(0, Timestamp('2017-04-21 09:35:00'))]
start_ema 2017-04-21 09:45:00 data.dropna() feed returned insufficient data
now 2017-04-21 15:30:00.427000 return data: last bar 2017-04-21 15:30:00 last processed bar 2017-04-21 15:25:00
2 bars requested 2 bars returned
596 bars requested 22 bars returned
start_idx [(0, Timestamp('2017-04-21 09:35:00'))]
start_ema 2017-04-21 09:45:00 data.dropna() feed returned insufficient data
now 2017-04-21 15:35:00.811000 return data: last bar 2017-04-21 15:35:00 last processed bar 2017-04-21 15:30:00
2 bars requested 2 bars returned
596 bars requested 22 bars returned
start_idx [(0, Timestamp('2017-04-21 09:35:00'))]
start_ema 2017-04-21 09:45:00 data.dropna() feed returned insufficient data
now 2017-04-21 15:40:01.002000 return data: last bar 2017-04-21 15:40:00 last processed bar 2017-04-21 15:35:00
2 bars requested 2 bars returned
596 bars requested 22 bars returned
start_idx [(0, Timestamp('2017-04-21 09:35:00'))]
start_ema 2017-04-21 09:45:00 data.dropna() feed returned insufficient data
now 2017-04-21 15:45:01.109000 return data: last bar 2017-04-21 15:45:00 last processed bar 2017-04-21 15:40:00
2 bars requested 2 bars returned
596 bars requested 22 bars returned
start_idx [(0, Timestamp('2017-04-21 09:35:00'))]
start_ema 2017-04-21 09:45:00 data.dropna() feed returned insufficient data
now 2017-04-21 15:50:00.828000 return data: last bar 2017-04-21 15:50:00 last processed bar 2017-04-21 15:45:00
2 bars requested 2 bars returned
596 bars requested 22 bars returned
start_idx [(0, Timestamp('2017-04-21 09:35:00'))]
start_ema 2017-04-21 09:45:00 data.dropna() feed returned insufficient data
now 2017-04-21 15:55:00.800000
