return data: last bar 2017-04-21 09:45:00 last processed bar 1000-01-01 00:00:00
596 bars requested 416 bars returned
start_idx [(413, Timestamp('2017-04-21 09:35:00'))]
start_ema 2017-04-21 08:00:00 start_vwap 2017-04-21 09:35:00 last_bar 2017-04-21 09:45:00 ET:  0.01  minutes
now 2017-04-21 09:50:01.492000 return None: last bar 2017-04-21 09:45:00 last processed bar 2017-04-21 09:45:00
CF getFeed did not return any data! last bar: 2017-04-21 09:45:00 now: 09:50:05.306000
now 2017-04-21 09:55:00.924000 return data: last bar 2017-04-21 09:50:00 last processed bar 2017-04-21 09:45:00
596 bars requested 417 bars returned
start_idx [(413, Timestamp('2017-04-21 09:35:00'))]
start_ema 2017-04-21 08:00:00 start_vwap 2017-04-21 09:35:00 last_bar 2017-04-21 09:50:00 Writing to ./data/CF_livesignals_20170421_09_45_45.csv ./data/CF_last.csv
ET:  0.16  minutes
now 2017-04-21 10:00:00.483000 return data: last bar 2017-04-21 09:55:00 last processed bar 2017-04-21 09:50:00
596 bars requested 418 bars returned
start_idx [(413, Timestamp('2017-04-21 09:35:00'))]
start_ema 2017-04-21 08:00:00 start_vwap 2017-04-21 09:35:00 last_bar 2017-04-21 09:55:00 Writing to ./data/CF_livesignals_20170421_09_45_45.csv ./data/CF_last.csv
ET:  0.18  minutes
now 2017-04-21 10:05:00.933000 return data: last bar 2017-04-21 10:00:00 last processed bar 2017-04-21 09:55:00
596 bars requested 419 bars returned
start_idx [(413, Timestamp('2017-04-21 09:35:00'))]
start_ema 2017-04-21 08:00:00 start_vwap 2017-04-21 09:35:00 last_bar 2017-04-21 10:00:00 Writing to ./data/CF_livesignals_20170421_09_45_45.csv ./data/CF_last.csv
ET:  0.17  minutes
now 2017-04-21 10:10:00.791000 return data: last bar 2017-04-21 10:05:00 last processed bar 2017-04-21 10:00:00
596 bars requested 596 bars returned
start_idx [(589, Timestamp('2017-04-21 09:35:00'))]
start_ema 2017-04-21 08:00:00 start_vwap 2017-04-21 09:35:00 last_bar 2017-04-21 10:05:00 Writing to ./data/CF_livesignals_20170421_09_45_45.csv ./data/CF_last.csv
ET:  0.19  minutes
now 2017-04-21 10:15:01.039000 return data: last bar 2017-04-21 10:10:00 last processed bar 2017-04-21 10:05:00
596 bars requested 596 bars returned
start_idx [(588, Timestamp('2017-04-21 09:35:00'))]
start_ema 2017-04-21 08:00:00 start_vwap 2017-04-21 09:35:00 last_bar 2017-04-21 10:10:00 Writing to ./data/CF_livesignals_20170421_09_45_45.csv ./data/CF_last.csv
ET:  0.21  minutes
now 2017-04-21 10:20:00.755000 return data: last bar 2017-04-21 10:15:00 last processed bar 2017-04-21 10:10:00
596 bars requested 596 bars returned
start_idx [(587, Timestamp('2017-04-21 09:35:00'))]
start_ema 2017-04-21 08:00:00 start_vwap 2017-04-21 09:35:00 last_bar 2017-04-21 10:15:00 Writing to ./data/CF_livesignals_20170421_09_45_45.csv ./data/CF_last.csv
ET:  0.19  minutes
now 2017-04-21 10:25:01.004000 return data: last bar 2017-04-21 10:25:00 last processed bar 2017-04-21 10:15:00
596 bars requested 596 bars returned
start_idx [(585, Timestamp('2017-04-21 09:35:00'))]
start_ema 2017-04-21 08:00:00 start_vwap 2017-04-21 09:35:00 last_bar 2017-04-21 10:25:00 Writing to ./data/CF_livesignals_20170421_09_45_45.csv ./data/CF_last.csv
ET:  0.18  minutes
now 2017-04-21 10:30:00.961000 return data: last bar 2017-04-21 10:30:00 last processed bar 2017-04-21 10:25:00
596 bars requested 596 bars returned
start_idx [(584, Timestamp('2017-04-21 09:35:00'))]
start_ema 2017-04-21 08:00:00 start_vwap 2017-04-21 09:35:00 last_bar 2017-04-21 10:30:00 Writing to ./data/CF_livesignals_20170421_09_45_45.csv ./data/CF_last.csv
ET:  0.2  minutes
now 2017-04-21 10:35:00.880000 return data: last bar 2017-04-21 10:35:00 last processed bar 2017-04-21 10:30:00
596 bars requested 596 bars returned
start_idx [(583, Timestamp('2017-04-21 09:35:00'))]
start_ema 2017-04-21 08:00:00 start_vwap 2017-04-21 09:35:00 last_bar 2017-04-21 10:35:00 Writing to ./data/CF_livesignals_20170421_09_45_45.csv ./data/CF_last.csv
ET:  0.21  minutes
now 2017-04-21 10:40:00.490000 return data: last bar 2017-04-21 10:40:00 last processed bar 2017-04-21 10:35:00
596 bars requested 596 bars returned
start_idx [(582, Timestamp('2017-04-21 09:35:00'))]
start_ema 2017-04-21 08:00:00 start_vwap 2017-04-21 09:35:00 last_bar 2017-04-21 10:40:00 Writing to ./data/CF_livesignals_20170421_09_45_45.csv ./data/CF_last.csv
ET:  0.2  minutes
now 2017-04-21 10:45:00.223000 return data: last bar 2017-04-21 10:45:00 last processed bar 2017-04-21 10:40:00
596 bars requested 596 bars returned
start_idx [(581, Timestamp('2017-04-21 09:35:00'))]
start_ema 2017-04-21 08:00:00 start_vwap 2017-04-21 09:35:00 last_bar 2017-04-21 10:45:00 Writing to ./data/CF_livesignals_20170421_09_45_45.csv ./data/CF_last.csv
ET:  0.2  minutes
now 2017-04-21 10:50:00.213000 return data: last bar 2017-04-21 10:50:00 last processed bar 2017-04-21 10:45:00
596 bars requested 596 bars returned
start_idx [(580, Timestamp('2017-04-21 09:35:00'))]
start_ema 2017-04-21 08:00:00 start_vwap 2017-04-21 09:35:00 last_bar 2017-04-21 10:50:00 Writing to ./data/CF_livesignals_20170421_09_45_45.csv ./data/CF_last.csv
ET:  0.12  minutes
now 2017-04-21 10:55:00.899000 return data: last bar 2017-04-21 10:55:00 last processed bar 2017-04-21 10:50:00
596 bars requested 596 bars returned
start_idx [(579, Timestamp('2017-04-21 09:35:00'))]
start_ema 2017-04-21 08:00:00 start_vwap 2017-04-21 09:35:00 last_bar 2017-04-21 10:55:00 Writing to ./data/CF_livesignals_20170421_09_45_45.csv ./data/CF_last.csv
ET:  0.18  minutes
now 2017-04-21 11:00:01.079000 return data: last bar 2017-04-21 11:00:00 last processed bar 2017-04-21 10:55:00
596 bars requested 596 bars returned
start_idx [(578, Timestamp('2017-04-21 09:35:00'))]
start_ema 2017-04-21 08:00:00 start_vwap 2017-04-21 09:35:00 last_bar 2017-04-21 11:00:00 Writing to ./data/CF_livesignals_20170421_09_45_45.csv ./data/CF_last.csv
ET:  0.15  minutes
now 2017-04-21 11:05:00.744000 return data: last bar 2017-04-21 11:05:00 last processed bar 2017-04-21 11:00:00
596 bars requested 596 bars returned
start_idx [(577, Timestamp('2017-04-21 09:35:00'))]
start_ema 2017-04-21 08:00:00 start_vwap 2017-04-21 09:35:00 last_bar 2017-04-21 11:05:00 Writing to ./data/CF_livesignals_20170421_09_45_45.csv ./data/CF_last.csv
ET:  0.17  minutes
now 2017-04-21 11:10:01.253000 return data: last bar 2017-04-21 11:10:00 last processed bar 2017-04-21 11:05:00
596 bars requested 596 bars returned
start_idx [(576, Timestamp('2017-04-21 09:35:00'))]
start_ema 2017-04-21 08:00:00 start_vwap 2017-04-21 09:35:00 last_bar 2017-04-21 11:10:00 Writing to ./data/CF_livesignals_20170421_09_45_45.csv ./data/CF_last.csv
ET:  0.08  minutes
now 2017-04-21 11:15:00.235000 return data: last bar 2017-04-21 11:15:00 last processed bar 2017-04-21 11:10:00
596 bars requested 596 bars returned
start_idx [(575, Timestamp('2017-04-21 09:35:00'))]
start_ema 2017-04-21 08:00:00 start_vwap 2017-04-21 09:35:00 last_bar 2017-04-21 11:15:00 Writing to ./data/CF_livesignals_20170421_09_45_45.csv ./data/CF_last.csv
ET:  0.15  minutes
now 2017-04-21 11:20:00.278000 return data: last bar 2017-04-21 11:20:00 last processed bar 2017-04-21 11:15:00
596 bars requested 596 bars returned
start_idx [(574, Timestamp('2017-04-21 09:35:00'))]
start_ema 2017-04-21 08:00:00 start_vwap 2017-04-21 09:35:00 last_bar 2017-04-21 11:20:00 Writing to ./data/CF_livesignals_20170421_09_45_45.csv ./data/CF_last.csv
ET:  0.18  minutes
now 2017-04-21 11:25:00.213000 return data: last bar 2017-04-21 11:25:00 last processed bar 2017-04-21 11:20:00
2 bars requested 2 bars returned
596 bars requested 22 bars returned
start_idx [(0, Timestamp('2017-04-21 09:35:00'))]
start_ema 2017-04-21 09:50:00 data.dropna() feed returned insufficient data
now 2017-04-21 11:30:00.999000 return data: last bar 2017-04-21 11:30:00 last processed bar 2017-04-21 11:25:00
2 bars requested 2 bars returned
596 bars requested 22 bars returned
start_idx [(0, Timestamp('2017-04-21 09:35:00'))]
start_ema 2017-04-21 09:50:00 data.dropna() feed returned insufficient data
now 2017-04-21 11:35:00.005000 return data: last bar 2017-04-21 11:35:00 last processed bar 2017-04-21 11:30:00
2 bars requested 2 bars returned
596 bars requested 22 bars returned
start_idx [(0, Timestamp('2017-04-21 09:35:00'))]
start_ema 2017-04-21 09:50:00 data.dropna() feed returned insufficient data
now 2017-04-21 11:40:00.205000 return data: last bar 2017-04-21 11:40:00 last processed bar 2017-04-21 11:35:00
2 bars requested 2 bars returned
596 bars requested 22 bars returned
start_idx [(0, Timestamp('2017-04-21 09:35:00'))]
start_ema 2017-04-21 09:50:00 data.dropna() feed returned insufficient data
now 2017-04-21 11:45:00.285000 return data: last bar 2017-04-21 11:45:00 last processed bar 2017-04-21 11:40:00
2 bars requested 2 bars returned
596 bars requested 22 bars returned
start_idx [(0, Timestamp('2017-04-21 09:35:00'))]
start_ema 2017-04-21 09:50:00 data.dropna() feed returned insufficient data
now 2017-04-21 11:50:00.138000 return data: last bar 2017-04-21 11:50:00 last processed bar 2017-04-21 11:45:00
2 bars requested 2 bars returned
596 bars requested 22 bars returned
start_idx [(0, Timestamp('2017-04-21 09:35:00'))]
start_ema 2017-04-21 09:50:00 data.dropna() feed returned insufficient data
now 2017-04-21 11:55:00.770000 return data: last bar 2017-04-21 11:55:00 last processed bar 2017-04-21 11:50:00
2 bars requested 2 bars returned
596 bars requested 22 bars returned
start_idx [(0, Timestamp('2017-04-21 09:35:00'))]
start_ema 2017-04-21 09:50:00 data.dropna() feed returned insufficient data
now 2017-04-21 12:00:00.083000 return data: last bar 2017-04-21 12:00:00 last processed bar 2017-04-21 11:55:00
2 bars requested 2 bars returned
596 bars requested 22 bars returned
start_idx [(0, Timestamp('2017-04-21 09:35:00'))]
start_ema 2017-04-21 09:50:00 data.dropna() feed returned insufficient data
now 2017-04-21 12:05:00.161000 return data: last bar 2017-04-21 12:05:00 last processed bar 2017-04-21 12:00:00
2 bars requested 2 bars returned
596 bars requested 22 bars returned
start_idx [(0, Timestamp('2017-04-21 09:35:00'))]
start_ema 2017-04-21 09:50:00 data.dropna() feed returned insufficient data
now 2017-04-21 12:10:00.416000 return data: last bar 2017-04-21 12:10:00 last processed bar 2017-04-21 12:05:00
2 bars requested 2 bars returned
596 bars requested 22 bars returned
start_idx [(0, Timestamp('2017-04-21 09:35:00'))]
start_ema 2017-04-21 09:50:00 data.dropna() feed returned insufficient data
now 2017-04-21 12:15:00.614000 return data: last bar 2017-04-21 12:15:00 last processed bar 2017-04-21 12:10:00
2 bars requested 2 bars returned
596 bars requested 22 bars returned
start_idx [(0, Timestamp('2017-04-21 09:35:00'))]
start_ema 2017-04-21 09:50:00 data.dropna() feed returned insufficient data
now 2017-04-21 12:20:00.393000 return data: last bar 2017-04-21 12:20:00 last processed bar 2017-04-21 12:15:00
2 bars requested 2 bars returned
596 bars requested 22 bars returned
start_idx [(0, Timestamp('2017-04-21 09:35:00'))]
start_ema 2017-04-21 09:50:00 data.dropna() feed returned insufficient data
now 2017-04-21 12:25:00.227000 return data: last bar 2017-04-21 12:25:00 last processed bar 2017-04-21 12:20:00
2 bars requested 2 bars returned
596 bars requested 22 bars returned
start_idx [(0, Timestamp('2017-04-21 09:35:00'))]
start_ema 2017-04-21 09:50:00 data.dropna() feed returned insufficient data
now 2017-04-21 12:30:00.176000 return data: last bar 2017-04-21 12:30:00 last processed bar 2017-04-21 12:25:00
2 bars requested 2 bars returned
596 bars requested 22 bars returned
start_idx [(0, Timestamp('2017-04-21 09:35:00'))]
start_ema 2017-04-21 09:50:00 data.dropna() feed returned insufficient data
now 2017-04-21 12:35:00.612000 return data: last bar 2017-04-21 12:35:00 last processed bar 2017-04-21 12:30:00
2 bars requested 2 bars returned
596 bars requested 22 bars returned
start_idx [(0, Timestamp('2017-04-21 09:35:00'))]
start_ema 2017-04-21 09:50:00 data.dropna() feed returned insufficient data
now 2017-04-21 12:40:00.816000 return data: last bar 2017-04-21 12:40:00 last processed bar 2017-04-21 12:35:00
2 bars requested 2 bars returned
596 bars requested 22 bars returned
start_idx [(0, Timestamp('2017-04-21 09:35:00'))]
start_ema 2017-04-21 09:50:00 data.dropna() feed returned insufficient data
now 2017-04-21 12:45:00.144000 return data: last bar 2017-04-21 12:45:00 last processed bar 2017-04-21 12:40:00
2 bars requested 2 bars returned
596 bars requested 22 bars returned
start_idx [(0, Timestamp('2017-04-21 09:35:00'))]
start_ema 2017-04-21 09:50:00 data.dropna() feed returned insufficient data
now 2017-04-21 12:50:00.842000 return data: last bar 2017-04-21 12:50:00 last processed bar 2017-04-21 12:45:00
2 bars requested 2 bars returned
596 bars requested 22 bars returned
start_idx [(0, Timestamp('2017-04-21 09:35:00'))]
start_ema 2017-04-21 09:50:00 data.dropna() feed returned insufficient data
now 2017-04-21 12:55:00.694000 return data: last bar 2017-04-21 12:55:00 last processed bar 2017-04-21 12:50:00
2 bars requested 2 bars returned
596 bars requested 22 bars returned
start_idx [(0, Timestamp('2017-04-21 09:35:00'))]
start_ema 2017-04-21 09:50:00 data.dropna() feed returned insufficient data
now 2017-04-21 13:00:00.636000 return data: last bar 2017-04-21 13:00:00 last processed bar 2017-04-21 12:55:00
2 bars requested 2 bars returned
596 bars requested 22 bars returned
start_idx [(0, Timestamp('2017-04-21 09:35:00'))]
start_ema 2017-04-21 09:50:00 data.dropna() feed returned insufficient data
now 2017-04-21 13:05:00.969000 return data: last bar 2017-04-21 13:05:00 last processed bar 2017-04-21 13:00:00
2 bars requested 2 bars returned
596 bars requested 22 bars returned
start_idx [(0, Timestamp('2017-04-21 09:35:00'))]
start_ema 2017-04-21 09:50:00 data.dropna() feed returned insufficient data
now 2017-04-21 13:10:00.272000 return data: last bar 2017-04-21 13:10:00 last processed bar 2017-04-21 13:05:00
2 bars requested 2 bars returned
596 bars requested 22 bars returned
start_idx [(0, Timestamp('2017-04-21 09:35:00'))]
start_ema 2017-04-21 09:50:00 data.dropna() feed returned insufficient data
now 2017-04-21 13:15:00.240000 return data: last bar 2017-04-21 13:15:00 last processed bar 2017-04-21 13:10:00
2 bars requested 2 bars returned
596 bars requested 22 bars returned
start_idx [(0, Timestamp('2017-04-21 09:35:00'))]
start_ema 2017-04-21 09:50:00 data.dropna() feed returned insufficient data
now 2017-04-21 13:20:00.469000 return data: last bar 2017-04-21 13:20:00 last processed bar 2017-04-21 13:15:00
2 bars requested 2 bars returned
596 bars requested 22 bars returned
start_idx [(0, Timestamp('2017-04-21 09:35:00'))]
start_ema 2017-04-21 09:50:00 data.dropna() feed returned insufficient data
now 2017-04-21 13:25:00.572000 return data: last bar 2017-04-21 13:25:00 last processed bar 2017-04-21 13:20:00
2 bars requested 2 bars returned
596 bars requested 22 bars returned
start_idx [(0, Timestamp('2017-04-21 09:35:00'))]
start_ema 2017-04-21 09:50:00 data.dropna() feed returned insufficient data
now 2017-04-21 13:30:00.831000 return data: last bar 2017-04-21 13:30:00 last processed bar 2017-04-21 13:25:00
2 bars requested 2 bars returned
596 bars requested 22 bars returned
start_idx [(0, Timestamp('2017-04-21 09:35:00'))]
start_ema 2017-04-21 09:50:00 data.dropna() feed returned insufficient data
now 2017-04-21 13:35:00.617000 return data: last bar 2017-04-21 13:35:00 last processed bar 2017-04-21 13:30:00
2 bars requested 2 bars returned
596 bars requested 22 bars returned
start_idx [(0, Timestamp('2017-04-21 09:35:00'))]
start_ema 2017-04-21 09:50:00 data.dropna() feed returned insufficient data
now 2017-04-21 13:40:00.083000 return data: last bar 2017-04-21 13:40:00 last processed bar 2017-04-21 13:35:00
2 bars requested 2 bars returned
596 bars requested 22 bars returned
start_idx [(0, Timestamp('2017-04-21 09:35:00'))]
start_ema 2017-04-21 09:50:00 data.dropna() feed returned insufficient data
now 2017-04-21 13:45:00.167000 return data: last bar 2017-04-21 13:45:00 last processed bar 2017-04-21 13:40:00
2 bars requested 2 bars returned
596 bars requested 22 bars returned
start_idx [(0, Timestamp('2017-04-21 09:35:00'))]
start_ema 2017-04-21 09:50:00 data.dropna() feed returned insufficient data
now 2017-04-21 13:45:02.571000 return None: last bar 2017-04-21 13:45:00 last processed bar 2017-04-21 13:45:00
2 bars requested None returned
CF getFeed did not return any data! last bar: 2017-04-21 13:45:00 now: 13:45:02.585000
now 2017-04-21 13:50:01.113000 return data: last bar 2017-04-21 13:50:00 last processed bar 2017-04-21 13:45:00
2 bars requested 2 bars returned
596 bars requested 22 bars returned
start_idx [(0, Timestamp('2017-04-21 09:35:00'))]
start_ema 2017-04-21 09:50:00 data.dropna() feed returned insufficient data
now 2017-04-21 13:55:00.481000 return data: last bar 2017-04-21 13:55:00 last processed bar 2017-04-21 13:50:00
2 bars requested 2 bars returned
596 bars requested 22 bars returned
start_idx [(0, Timestamp('2017-04-21 09:35:00'))]
start_ema 2017-04-21 09:50:00 data.dropna() feed returned insufficient data
now 2017-04-21 14:00:00.447000 return data: last bar 2017-04-21 14:00:00 last processed bar 2017-04-21 13:55:00
2 bars requested 2 bars returned
596 bars requested 22 bars returned
start_idx [(0, Timestamp('2017-04-21 09:35:00'))]
start_ema 2017-04-21 09:50:00 data.dropna() feed returned insufficient data
now 2017-04-21 14:05:00.501000 return data: last bar 2017-04-21 14:05:00 last processed bar 2017-04-21 14:00:00
2 bars requested 2 bars returned
596 bars requested 22 bars returned
start_idx [(0, Timestamp('2017-04-21 09:35:00'))]
start_ema 2017-04-21 09:50:00 data.dropna() feed returned insufficient data
now 2017-04-21 14:10:00.364000 return data: last bar 2017-04-21 14:10:00 last processed bar 2017-04-21 14:05:00
2 bars requested 2 bars returned
596 bars requested 22 bars returned
start_idx [(0, Timestamp('2017-04-21 09:35:00'))]
start_ema 2017-04-21 09:50:00 data.dropna() feed returned insufficient data
now 2017-04-21 14:15:00.987000 return data: last bar 2017-04-21 14:15:00 last processed bar 2017-04-21 14:10:00
2 bars requested 2 bars returned
596 bars requested 22 bars returned
start_idx [(0, Timestamp('2017-04-21 09:35:00'))]
start_ema 2017-04-21 09:50:00 data.dropna() feed returned insufficient data
now 2017-04-21 14:20:00.830000 return data: last bar 2017-04-21 14:20:00 last processed bar 2017-04-21 14:15:00
2 bars requested 2 bars returned
596 bars requested 22 bars returned
start_idx [(0, Timestamp('2017-04-21 09:35:00'))]
start_ema 2017-04-21 09:50:00 data.dropna() feed returned insufficient data
now 2017-04-21 14:25:01.072000 return data: last bar 2017-04-21 14:25:00 last processed bar 2017-04-21 14:20:00
2 bars requested 2 bars returned
596 bars requested 22 bars returned
start_idx [(0, Timestamp('2017-04-21 09:35:00'))]
start_ema 2017-04-21 09:50:00 data.dropna() feed returned insufficient data
now 2017-04-21 14:30:00.651000 return data: last bar 2017-04-21 14:30:00 last processed bar 2017-04-21 14:25:00
2 bars requested 2 bars returned
596 bars requested 22 bars returned
start_idx [(0, Timestamp('2017-04-21 09:35:00'))]
start_ema 2017-04-21 09:50:00 data.dropna() feed returned insufficient data
now 2017-04-21 14:35:01.220000 return data: last bar 2017-04-21 14:35:00 last processed bar 2017-04-21 14:30:00
2 bars requested 2 bars returned
596 bars requested 22 bars returned
start_idx [(0, Timestamp('2017-04-21 09:35:00'))]
start_ema 2017-04-21 09:50:00 data.dropna() feed returned insufficient data
now 2017-04-21 14:40:00.767000 return data: last bar 2017-04-21 14:40:00 last processed bar 2017-04-21 14:35:00
2 bars requested 2 bars returned
596 bars requested 22 bars returned
start_idx [(0, Timestamp('2017-04-21 09:35:00'))]
start_ema 2017-04-21 09:50:00 data.dropna() feed returned insufficient data
now 2017-04-21 14:45:00.105000 return data: last bar 2017-04-21 14:45:00 last processed bar 2017-04-21 14:40:00
2 bars requested 2 bars returned
596 bars requested 22 bars returned
start_idx [(0, Timestamp('2017-04-21 09:35:00'))]
start_ema 2017-04-21 09:50:00 data.dropna() feed returned insufficient data
now 2017-04-21 14:50:00.364000 return data: last bar 2017-04-21 14:50:00 last processed bar 2017-04-21 14:45:00
2 bars requested 2 bars returned
596 bars requested 22 bars returned
start_idx [(0, Timestamp('2017-04-21 09:35:00'))]
start_ema 2017-04-21 09:50:00 data.dropna() feed returned insufficient data
now 2017-04-21 14:55:00.837000 return data: last bar 2017-04-21 14:55:00 last processed bar 2017-04-21 14:50:00
2 bars requested 2 bars returned
596 bars requested 22 bars returned
start_idx [(0, Timestamp('2017-04-21 09:35:00'))]
start_ema 2017-04-21 09:50:00 data.dropna() feed returned insufficient data
now 2017-04-21 15:00:00.863000 return data: last bar 2017-04-21 15:00:00 last processed bar 2017-04-21 14:55:00
2 bars requested 2 bars returned
596 bars requested 22 bars returned
start_idx [(0, Timestamp('2017-04-21 09:35:00'))]
start_ema 2017-04-21 09:50:00 data.dropna() feed returned insufficient data
now 2017-04-21 15:05:00.218000 return data: last bar 2017-04-21 15:05:00 last processed bar 2017-04-21 15:00:00
2 bars requested 2 bars returned
596 bars requested 22 bars returned
start_idx [(0, Timestamp('2017-04-21 09:35:00'))]
start_ema 2017-04-21 09:50:00 data.dropna() feed returned insufficient data
now 2017-04-21 15:10:00.774000 return data: last bar 2017-04-21 15:10:00 last processed bar 2017-04-21 15:05:00
2 bars requested 2 bars returned
596 bars requested 22 bars returned
start_idx [(0, Timestamp('2017-04-21 09:35:00'))]
start_ema 2017-04-21 09:50:00 data.dropna() feed returned insufficient data
now 2017-04-21 15:15:00.542000 return data: last bar 2017-04-21 15:15:00 last processed bar 2017-04-21 15:10:00
2 bars requested 2 bars returned
596 bars requested 22 bars returned
start_idx [(0, Timestamp('2017-04-21 09:35:00'))]
start_ema 2017-04-21 09:50:00 data.dropna() feed returned insufficient data
now 2017-04-21 15:20:00.741000 return data: last bar 2017-04-21 15:20:00 last processed bar 2017-04-21 15:15:00
2 bars requested 2 bars returned
596 bars requested 22 bars returned
start_idx [(0, Timestamp('2017-04-21 09:35:00'))]
start_ema 2017-04-21 09:50:00 data.dropna() feed returned insufficient data
now 2017-04-21 15:25:00.284000 return data: last bar 2017-04-21 15:25:00 last processed bar 2017-04-21 15:20:00
2 bars requested 2 bars returned
596 bars requested 22 bars returned
start_idx [(0, Timestamp('2017-04-21 09:35:00'))]
start_ema 2017-04-21 09:50:00 data.dropna() feed returned insufficient data
now 2017-04-21 15:30:00.039000 return data: last bar 2017-04-21 15:30:00 last processed bar 2017-04-21 15:25:00
2 bars requested 2 bars returned
596 bars requested 22 bars returned
start_idx [(0, Timestamp('2017-04-21 09:35:00'))]
start_ema 2017-04-21 09:50:00 data.dropna() feed returned insufficient data
now 2017-04-21 15:35:00.238000 return data: last bar 2017-04-21 15:35:00 last processed bar 2017-04-21 15:30:00
2 bars requested 2 bars returned
596 bars requested 22 bars returned
start_idx [(0, Timestamp('2017-04-21 09:35:00'))]
start_ema 2017-04-21 09:50:00 data.dropna() feed returned insufficient data
now 2017-04-21 15:40:00.799000 return data: last bar 2017-04-21 15:40:00 last processed bar 2017-04-21 15:35:00
2 bars requested 2 bars returned
596 bars requested 22 bars returned
start_idx [(0, Timestamp('2017-04-21 09:35:00'))]
start_ema 2017-04-21 09:50:00 data.dropna() feed returned insufficient data
now 2017-04-21 15:45:00.600000 return data: last bar 2017-04-21 15:45:00 last processed bar 2017-04-21 15:40:00
2 bars requested 2 bars returned
596 bars requested 22 bars returned
start_idx [(0, Timestamp('2017-04-21 09:35:00'))]
start_ema 2017-04-21 09:50:00 data.dropna() feed returned insufficient data
now 2017-04-21 15:50:00.076000 return data: last bar 2017-04-21 15:50:00 last processed bar 2017-04-21 15:45:00
2 bars requested 2 bars returned
596 bars requested 22 bars returned
start_idx [(0, Timestamp('2017-04-21 09:35:00'))]
start_ema 2017-04-21 09:50:00 data.dropna() feed returned insufficient data
now 2017-04-21 15:55:00.703000
