return data: last bar 2017-04-27 09:35:00 last processed bar 1000-01-01 00:00:00
CLNS: Warning! 596 bars requested 20 bars returned.
start_idx [(19, Timestamp('2017-04-27 09:35:00'))]
start_ema 2017-04-27 08:00:00 start_vwap 2017-04-27 09:35:00 last_bar 2017-04-27 09:35:00 ET:  0.04  minutes
now 2017-04-27 09:45:00.595000 return None: last bar 2017-04-27 09:35:00 last processed bar 2017-04-27 09:35:00
CLNS getFeed did not return any data! last bar: 2017-04-27 09:35:00 now: 09:45:00.722000
now 2017-04-27 09:50:00.964000 return data: last bar 2017-04-27 09:40:00 last processed bar 2017-04-27 09:35:00
CLNS: Warning! 596 bars requested 21 bars returned.
start_idx [(19, Timestamp('2017-04-27 09:35:00'))]
start_ema 2017-04-27 08:00:00 start_vwap 2017-04-27 09:35:00 last_bar 2017-04-27 09:40:00 Writing to ./data/CLNS_livesignals_20170427_09_40_48.csv ./data/CLNS_last.csv
ET:  0.08  minutes
now 2017-04-27 09:55:02.478000 return data: last bar 2017-04-27 09:45:00 last processed bar 2017-04-27 09:40:00
CLNS: Warning! 596 bars requested 22 bars returned.
start_idx [(19, Timestamp('2017-04-27 09:35:00'))]
start_ema 2017-04-27 08:00:00 start_vwap 2017-04-27 09:35:00 last_bar 2017-04-27 09:45:00 Writing to ./data/CLNS_livesignals_20170427_09_40_48.csv ./data/CLNS_last.csv
ET:  0.05  minutes
now 2017-04-27 10:00:01.200000 return data: last bar 2017-04-27 09:50:00 last processed bar 2017-04-27 09:45:00
CLNS: Warning! 596 bars requested 23 bars returned.
start_idx [(19, Timestamp('2017-04-27 09:35:00'))]
start_ema 2017-04-27 08:00:00 start_vwap 2017-04-27 09:35:00 last_bar 2017-04-27 09:50:00 Writing to ./data/CLNS_livesignals_20170427_09_40_48.csv ./data/CLNS_last.csv
ET:  0.06  minutes
now 2017-04-27 10:05:01.161000 return data: last bar 2017-04-27 09:55:00 last processed bar 2017-04-27 09:50:00
CLNS: Warning! 596 bars requested 24 bars returned.
start_idx [(19, Timestamp('2017-04-27 09:35:00'))]
start_ema 2017-04-27 08:00:00 start_vwap 2017-04-27 09:35:00 last_bar 2017-04-27 09:55:00 Writing to ./data/CLNS_livesignals_20170427_09_40_48.csv ./data/CLNS_last.csv
ET:  0.05  minutes
now 2017-04-27 10:10:00.418000 return data: last bar 2017-04-27 10:00:00 last processed bar 2017-04-27 09:55:00
CLNS: Warning! 596 bars requested 25 bars returned.
start_idx [(19, Timestamp('2017-04-27 09:35:00'))]
start_ema 2017-04-27 08:00:00 start_vwap 2017-04-27 09:35:00 last_bar 2017-04-27 10:00:00 Writing to ./data/CLNS_livesignals_20170427_09_40_48.csv ./data/CLNS_last.csv
ET:  0.11  minutes
now 2017-04-27 10:15:02.020000 return data: last bar 2017-04-27 10:10:00 last processed bar 2017-04-27 10:00:00
CLNS: Warning! 596 bars requested 27 bars returned.
start_idx [(19, Timestamp('2017-04-27 09:35:00'))]
start_ema 2017-04-27 08:00:00 start_vwap 2017-04-27 09:35:00 last_bar 2017-04-27 10:10:00 Writing to ./data/CLNS_livesignals_20170427_09_40_48.csv ./data/CLNS_last.csv
ET:  0.07  minutes
now 2017-04-27 10:20:00.246000 return data: last bar 2017-04-27 10:15:00 last processed bar 2017-04-27 10:10:00
CLNS: Warning! 596 bars requested 28 bars returned.
start_idx [(19, Timestamp('2017-04-27 09:35:00'))]
start_ema 2017-04-27 08:00:00 start_vwap 2017-04-27 09:35:00 last_bar 2017-04-27 10:15:00 Writing to ./data/CLNS_livesignals_20170427_09_40_48.csv ./data/CLNS_last.csv
ET:  0.06  minutes
now 2017-04-27 10:25:04.042000 return data: last bar 2017-04-27 10:20:00 last processed bar 2017-04-27 10:15:00
CLNS: Warning! 596 bars requested 29 bars returned.
start_idx [(19, Timestamp('2017-04-27 09:35:00'))]
start_ema 2017-04-27 08:00:00 start_vwap 2017-04-27 09:35:00 last_bar 2017-04-27 10:20:00 Writing to ./data/CLNS_livesignals_20170427_09_40_48.csv ./data/CLNS_last.csv
ET:  0.06  minutes
now 2017-04-27 10:30:00.975000 return data: last bar 2017-04-27 10:25:00 last processed bar 2017-04-27 10:20:00
CLNS: Warning! 596 bars requested 30 bars returned.
start_idx [(19, Timestamp('2017-04-27 09:35:00'))]
start_ema 2017-04-27 08:00:00 start_vwap 2017-04-27 09:35:00 last_bar 2017-04-27 10:25:00 Writing to ./data/CLNS_livesignals_20170427_09_40_48.csv ./data/CLNS_last.csv
ET:  0.06  minutes
now 2017-04-27 10:35:01.958000 return data: last bar 2017-04-27 10:30:00 last processed bar 2017-04-27 10:25:00
CLNS: Warning! 596 bars requested 31 bars returned.
start_idx [(19, Timestamp('2017-04-27 09:35:00'))]
start_ema 2017-04-27 08:00:00 start_vwap 2017-04-27 09:35:00 last_bar 2017-04-27 10:30:00 Writing to ./data/CLNS_livesignals_20170427_09_40_48.csv ./data/CLNS_last.csv
ET:  0.08  minutes
now 2017-04-27 10:40:00.593000 return data: last bar 2017-04-27 10:35:00 last processed bar 2017-04-27 10:30:00
CLNS: Warning! 596 bars requested 32 bars returned.
start_idx [(19, Timestamp('2017-04-27 09:35:00'))]
start_ema 2017-04-27 08:00:00 start_vwap 2017-04-27 09:35:00 last_bar 2017-04-27 10:35:00 Writing to ./data/CLNS_livesignals_20170427_09_40_48.csv ./data/CLNS_last.csv
ET:  0.11  minutes
now 2017-04-27 10:45:00.692000 return data: last bar 2017-04-27 10:40:00 last processed bar 2017-04-27 10:35:00
CLNS: Warning! 596 bars requested 33 bars returned.
start_idx [(19, Timestamp('2017-04-27 09:35:00'))]
start_ema 2017-04-27 08:00:00 start_vwap 2017-04-27 09:35:00 last_bar 2017-04-27 10:40:00 Writing to ./data/CLNS_livesignals_20170427_09_40_48.csv ./data/CLNS_last.csv
ET:  0.12  minutes
now 2017-04-27 10:50:02.806000 return data: last bar 2017-04-27 10:45:00 last processed bar 2017-04-27 10:40:00
CLNS: Warning! 596 bars requested 34 bars returned.
start_idx [(19, Timestamp('2017-04-27 09:35:00'))]
start_ema 2017-04-27 08:00:00 start_vwap 2017-04-27 09:35:00 last_bar 2017-04-27 10:45:00 Writing to ./data/CLNS_livesignals_20170427_09_40_48.csv ./data/CLNS_last.csv
ET:  0.07  minutes
now 2017-04-27 10:55:05.349000 return data: last bar 2017-04-27 10:50:00 last processed bar 2017-04-27 10:45:00
CLNS: Warning! 596 bars requested 35 bars returned.
start_idx [(19, Timestamp('2017-04-27 09:35:00'))]
start_ema 2017-04-27 08:00:00 start_vwap 2017-04-27 09:35:00 last_bar 2017-04-27 10:50:00 Writing to ./data/CLNS_livesignals_20170427_09_40_48.csv ./data/CLNS_last.csv
ET:  0.04  minutes
now 2017-04-27 11:00:02.882000 return data: last bar 2017-04-27 10:55:00 last processed bar 2017-04-27 10:50:00
CLNS: Warning! 596 bars requested 36 bars returned.
start_idx [(19, Timestamp('2017-04-27 09:35:00'))]
start_ema 2017-04-27 08:00:00 start_vwap 2017-04-27 09:35:00 last_bar 2017-04-27 10:55:00 Writing to ./data/CLNS_livesignals_20170427_09_40_48.csv ./data/CLNS_last.csv
ET:  0.09  minutes
now 2017-04-27 11:05:00.530000 return data: last bar 2017-04-27 11:00:00 last processed bar 2017-04-27 10:55:00
CLNS: Warning! 596 bars requested 37 bars returned.
start_idx [(19, Timestamp('2017-04-27 09:35:00'))]
start_ema 2017-04-27 08:00:00 start_vwap 2017-04-27 09:35:00 last_bar 2017-04-27 11:00:00 Writing to ./data/CLNS_livesignals_20170427_09_40_48.csv ./data/CLNS_last.csv
ET:  0.13  minutes
now 2017-04-27 11:10:00.155000 return data: last bar 2017-04-27 11:05:00 last processed bar 2017-04-27 11:00:00
CLNS: Warning! 596 bars requested 38 bars returned.
start_idx [(19, Timestamp('2017-04-27 09:35:00'))]
start_ema 2017-04-27 08:00:00 start_vwap 2017-04-27 09:35:00 last_bar 2017-04-27 11:05:00 Writing to ./data/CLNS_livesignals_20170427_09_40_48.csv ./data/CLNS_last.csv
ET:  0.09  minutes
now 2017-04-27 11:15:01.923000 return data: last bar 2017-04-27 11:10:00 last processed bar 2017-04-27 11:05:00
CLNS: Warning! 596 bars requested 39 bars returned.
start_idx [(19, Timestamp('2017-04-27 09:35:00'))]
start_ema 2017-04-27 08:00:00 start_vwap 2017-04-27 09:35:00 last_bar 2017-04-27 11:10:00 Writing to ./data/CLNS_livesignals_20170427_09_40_48.csv ./data/CLNS_last.csv
ET:  0.08  minutes
now 2017-04-27 11:20:01.520000 return data: last bar 2017-04-27 11:15:00 last processed bar 2017-04-27 11:10:00
CLNS: Warning! 596 bars requested 40 bars returned.
start_idx [(19, Timestamp('2017-04-27 09:35:00'))]
start_ema 2017-04-27 08:00:00 start_vwap 2017-04-27 09:35:00 last_bar 2017-04-27 11:15:00 Writing to ./data/CLNS_livesignals_20170427_09_40_48.csv ./data/CLNS_last.csv
ET:  0.1  minutes
now 2017-04-27 11:25:00.387000 return data: last bar 2017-04-27 11:20:00 last processed bar 2017-04-27 11:15:00
CLNS: Warning! 596 bars requested 41 bars returned.
start_idx [(19, Timestamp('2017-04-27 09:35:00'))]
start_ema 2017-04-27 08:00:00 start_vwap 2017-04-27 09:35:00 last_bar 2017-04-27 11:20:00 Writing to ./data/CLNS_livesignals_20170427_09_40_48.csv ./data/CLNS_last.csv
ET:  0.13  minutes
now 2017-04-27 11:30:03.656000 return data: last bar 2017-04-27 11:25:00 last processed bar 2017-04-27 11:20:00
CLNS: Warning! 596 bars requested 42 bars returned.
start_idx [(19, Timestamp('2017-04-27 09:35:00'))]
start_ema 2017-04-27 08:00:00 start_vwap 2017-04-27 09:35:00 last_bar 2017-04-27 11:25:00 Writing to ./data/CLNS_livesignals_20170427_09_40_48.csv ./data/CLNS_last.csv
ET:  0.08  minutes
now 2017-04-27 11:35:02.346000 return data: last bar 2017-04-27 11:30:00 last processed bar 2017-04-27 11:25:00
CLNS: Warning! 596 bars requested 43 bars returned.
start_idx [(19, Timestamp('2017-04-27 09:35:00'))]
start_ema 2017-04-27 08:00:00 start_vwap 2017-04-27 09:35:00 last_bar 2017-04-27 11:30:00 Writing to ./data/CLNS_livesignals_20170427_09_40_48.csv ./data/CLNS_last.csv
ET:  0.06  minutes
now 2017-04-27 11:40:02.548000 return data: last bar 2017-04-27 11:35:00 last processed bar 2017-04-27 11:30:00
CLNS: Warning! 596 bars requested 44 bars returned.
start_idx [(19, Timestamp('2017-04-27 09:35:00'))]
start_ema 2017-04-27 08:00:00 start_vwap 2017-04-27 09:35:00 last_bar 2017-04-27 11:35:00 Writing to ./data/CLNS_livesignals_20170427_09_40_48.csv ./data/CLNS_last.csv
ET:  0.06  minutes
now 2017-04-27 11:45:00.330000 return data: last bar 2017-04-27 11:40:00 last processed bar 2017-04-27 11:35:00
CLNS: Warning! 596 bars requested 45 bars returned.
start_idx [(19, Timestamp('2017-04-27 09:35:00'))]
start_ema 2017-04-27 08:00:00 start_vwap 2017-04-27 09:35:00 last_bar 2017-04-27 11:40:00 Writing to ./data/CLNS_livesignals_20170427_09_40_48.csv ./data/CLNS_last.csv
ET:  0.1  minutes
now 2017-04-27 11:50:00.455000 return data: last bar 2017-04-27 11:45:00 last processed bar 2017-04-27 11:40:00
CLNS: Warning! 596 bars requested 46 bars returned.
start_idx [(19, Timestamp('2017-04-27 09:35:00'))]
start_ema 2017-04-27 08:00:00 start_vwap 2017-04-27 09:35:00 last_bar 2017-04-27 11:45:00 Writing to ./data/CLNS_livesignals_20170427_09_40_48.csv ./data/CLNS_last.csv
ET:  0.08  minutes
now 2017-04-27 11:55:00.410000 return data: last bar 2017-04-27 11:50:00 last processed bar 2017-04-27 11:45:00
CLNS: Warning! 596 bars requested 47 bars returned.
start_idx [(19, Timestamp('2017-04-27 09:35:00'))]
start_ema 2017-04-27 08:00:00 start_vwap 2017-04-27 09:35:00 last_bar 2017-04-27 11:50:00 Writing to ./data/CLNS_livesignals_20170427_09_40_48.csv ./data/CLNS_last.csv
ET:  0.09  minutes
now 2017-04-27 12:00:01.677000 return data: last bar 2017-04-27 11:55:00 last processed bar 2017-04-27 11:50:00
CLNS: Warning! 596 bars requested 48 bars returned.
start_idx [(19, Timestamp('2017-04-27 09:35:00'))]
start_ema 2017-04-27 08:00:00 start_vwap 2017-04-27 09:35:00 last_bar 2017-04-27 11:55:00 Writing to ./data/CLNS_livesignals_20170427_09_40_48.csv ./data/CLNS_last.csv
ET:  0.08  minutes
now 2017-04-27 12:05:01.604000 return data: last bar 2017-04-27 12:00:00 last processed bar 2017-04-27 11:55:00
CLNS: Warning! 596 bars requested 49 bars returned.
start_idx [(19, Timestamp('2017-04-27 09:35:00'))]
start_ema 2017-04-27 08:00:00 start_vwap 2017-04-27 09:35:00 last_bar 2017-04-27 12:00:00 Writing to ./data/CLNS_livesignals_20170427_09_40_48.csv ./data/CLNS_last.csv
ET:  0.07  minutes
now 2017-04-27 12:10:00.810000 return data: last bar 2017-04-27 12:05:00 last processed bar 2017-04-27 12:00:00
CLNS: Warning! 596 bars requested 50 bars returned.
start_idx [(19, Timestamp('2017-04-27 09:35:00'))]
start_ema 2017-04-27 08:00:00 start_vwap 2017-04-27 09:35:00 last_bar 2017-04-27 12:05:00 Writing to ./data/CLNS_livesignals_20170427_09_40_48.csv ./data/CLNS_last.csv
ET:  0.09  minutes
now 2017-04-27 12:15:00.487000 return data: last bar 2017-04-27 12:10:00 last processed bar 2017-04-27 12:05:00
CLNS: Warning! 596 bars requested 51 bars returned.
start_idx [(19, Timestamp('2017-04-27 09:35:00'))]
start_ema 2017-04-27 08:00:00 start_vwap 2017-04-27 09:35:00 last_bar 2017-04-27 12:10:00 Writing to ./data/CLNS_livesignals_20170427_09_40_48.csv ./data/CLNS_last.csv
ET:  0.07  minutes
now 2017-04-27 12:20:02.754000 return data: last bar 2017-04-27 12:15:00 last processed bar 2017-04-27 12:10:00
CLNS: Warning! 596 bars requested 52 bars returned.
start_idx [(19, Timestamp('2017-04-27 09:35:00'))]
start_ema 2017-04-27 08:00:00 start_vwap 2017-04-27 09:35:00 last_bar 2017-04-27 12:15:00 Writing to ./data/CLNS_livesignals_20170427_09_40_48.csv ./data/CLNS_last.csv
ET:  0.06  minutes
now 2017-04-27 12:25:00.334000 return data: last bar 2017-04-27 12:20:00 last processed bar 2017-04-27 12:15:00
CLNS: Warning! 596 bars requested 53 bars returned.
start_idx [(19, Timestamp('2017-04-27 09:35:00'))]
start_ema 2017-04-27 08:00:00 start_vwap 2017-04-27 09:35:00 last_bar 2017-04-27 12:20:00 Writing to ./data/CLNS_livesignals_20170427_09_40_48.csv ./data/CLNS_last.csv
ET:  0.08  minutes
now 2017-04-27 12:30:00.930000 return data: last bar 2017-04-27 12:25:00 last processed bar 2017-04-27 12:20:00
CLNS: Warning! 596 bars requested 54 bars returned.
start_idx [(19, Timestamp('2017-04-27 09:35:00'))]
start_ema 2017-04-27 08:00:00 start_vwap 2017-04-27 09:35:00 last_bar 2017-04-27 12:25:00 Writing to ./data/CLNS_livesignals_20170427_09_40_48.csv ./data/CLNS_last.csv
ET:  0.09  minutes
now 2017-04-27 12:35:00.519000 return data: last bar 2017-04-27 12:30:00 last processed bar 2017-04-27 12:25:00
CLNS: Warning! 596 bars requested 55 bars returned.
start_idx [(19, Timestamp('2017-04-27 09:35:00'))]
start_ema 2017-04-27 08:00:00 start_vwap 2017-04-27 09:35:00 last_bar 2017-04-27 12:30:00 Writing to ./data/CLNS_livesignals_20170427_09_40_48.csv ./data/CLNS_last.csv
ET:  0.08  minutes
now 2017-04-27 12:40:01.353000 return data: last bar 2017-04-27 12:35:00 last processed bar 2017-04-27 12:30:00
CLNS: Warning! 596 bars requested 56 bars returned.
start_idx [(19, Timestamp('2017-04-27 09:35:00'))]
start_ema 2017-04-27 08:00:00 start_vwap 2017-04-27 09:35:00 last_bar 2017-04-27 12:35:00 Writing to ./data/CLNS_livesignals_20170427_09_40_48.csv ./data/CLNS_last.csv
ET:  0.08  minutes
now 2017-04-27 12:45:00.537000 return data: last bar 2017-04-27 12:40:00 last processed bar 2017-04-27 12:35:00
CLNS: Warning! 596 bars requested 57 bars returned.
start_idx [(19, Timestamp('2017-04-27 09:35:00'))]
start_ema 2017-04-27 08:00:00 start_vwap 2017-04-27 09:35:00 last_bar 2017-04-27 12:40:00 Writing to ./data/CLNS_livesignals_20170427_09_40_48.csv ./data/CLNS_last.csv
ET:  0.07  minutes
now 2017-04-27 12:50:02.242000 return data: last bar 2017-04-27 12:45:00 last processed bar 2017-04-27 12:40:00
CLNS: Warning! 596 bars requested 58 bars returned.
start_idx [(19, Timestamp('2017-04-27 09:35:00'))]
start_ema 2017-04-27 08:00:00 start_vwap 2017-04-27 09:35:00 last_bar 2017-04-27 12:45:00 Writing to ./data/CLNS_livesignals_20170427_09_40_48.csv ./data/CLNS_last.csv
ET:  0.05  minutes
now 2017-04-27 12:55:00.375000 return data: last bar 2017-04-27 12:50:00 last processed bar 2017-04-27 12:45:00
CLNS: Warning! 596 bars requested 59 bars returned.
start_idx [(19, Timestamp('2017-04-27 09:35:00'))]
start_ema 2017-04-27 08:00:00 start_vwap 2017-04-27 09:35:00 last_bar 2017-04-27 12:50:00 Writing to ./data/CLNS_livesignals_20170427_09_40_48.csv ./data/CLNS_last.csv
ET:  0.11  minutes
now 2017-04-27 13:00:01.642000 return data: last bar 2017-04-27 12:55:00 last processed bar 2017-04-27 12:50:00
CLNS: Warning! 596 bars requested 60 bars returned.
start_idx [(19, Timestamp('2017-04-27 09:35:00'))]
start_ema 2017-04-27 08:00:00 start_vwap 2017-04-27 09:35:00 last_bar 2017-04-27 12:55:00 Writing to ./data/CLNS_livesignals_20170427_09_40_48.csv ./data/CLNS_last.csv
ET:  0.08  minutes
now 2017-04-27 13:05:00.394000 return data: last bar 2017-04-27 13:00:00 last processed bar 2017-04-27 12:55:00
CLNS: Warning! 596 bars requested 61 bars returned.
start_idx [(19, Timestamp('2017-04-27 09:35:00'))]
start_ema 2017-04-27 08:00:00 start_vwap 2017-04-27 09:35:00 last_bar 2017-04-27 13:00:00 Writing to ./data/CLNS_livesignals_20170427_09_40_48.csv ./data/CLNS_last.csv
ET:  0.08  minutes
now 2017-04-27 13:10:00.093000 return data: last bar 2017-04-27 13:05:00 last processed bar 2017-04-27 13:00:00
CLNS: Warning! 596 bars requested 62 bars returned.
start_idx [(19, Timestamp('2017-04-27 09:35:00'))]
start_ema 2017-04-27 08:00:00 start_vwap 2017-04-27 09:35:00 last_bar 2017-04-27 13:05:00 Writing to ./data/CLNS_livesignals_20170427_09_40_48.csv ./data/CLNS_last.csv
ET:  0.08  minutes
now 2017-04-27 13:15:03.644000 return data: last bar 2017-04-27 13:10:00 last processed bar 2017-04-27 13:05:00
CLNS: Warning! 596 bars requested 63 bars returned.
start_idx [(19, Timestamp('2017-04-27 09:35:00'))]
start_ema 2017-04-27 08:00:00 start_vwap 2017-04-27 09:35:00 last_bar 2017-04-27 13:10:00 Writing to ./data/CLNS_livesignals_20170427_09_40_48.csv ./data/CLNS_last.csv
ET:  0.05  minutes
now 2017-04-27 13:20:00.776000 return data: last bar 2017-04-27 13:15:00 last processed bar 2017-04-27 13:10:00
CLNS: Warning! 596 bars requested 64 bars returned.
start_idx [(19, Timestamp('2017-04-27 09:35:00'))]
start_ema 2017-04-27 08:00:00 start_vwap 2017-04-27 09:35:00 last_bar 2017-04-27 13:15:00 Writing to ./data/CLNS_livesignals_20170427_09_40_48.csv ./data/CLNS_last.csv
ET:  0.08  minutes
now 2017-04-27 13:25:00.706000 return data: last bar 2017-04-27 13:20:00 last processed bar 2017-04-27 13:15:00
CLNS: Warning! 596 bars requested 65 bars returned.
start_idx [(19, Timestamp('2017-04-27 09:35:00'))]
start_ema 2017-04-27 08:00:00 start_vwap 2017-04-27 09:35:00 last_bar 2017-04-27 13:20:00 Writing to ./data/CLNS_livesignals_20170427_09_40_48.csv ./data/CLNS_last.csv
ET:  0.07  minutes
now 2017-04-27 13:30:00.064000 return data: last bar 2017-04-27 13:25:00 last processed bar 2017-04-27 13:20:00
CLNS: Warning! 596 bars requested 66 bars returned.
start_idx [(19, Timestamp('2017-04-27 09:35:00'))]
start_ema 2017-04-27 08:00:00 start_vwap 2017-04-27 09:35:00 last_bar 2017-04-27 13:25:00 Writing to ./data/CLNS_livesignals_20170427_09_40_48.csv ./data/CLNS_last.csv
ET:  0.06  minutes
now 2017-04-27 13:35:00.926000 return data: last bar 2017-04-27 13:30:00 last processed bar 2017-04-27 13:25:00
CLNS: Warning! 596 bars requested 67 bars returned.
start_idx [(19, Timestamp('2017-04-27 09:35:00'))]
start_ema 2017-04-27 08:00:00 start_vwap 2017-04-27 09:35:00 last_bar 2017-04-27 13:30:00 Writing to ./data/CLNS_livesignals_20170427_09_40_48.csv ./data/CLNS_last.csv
ET:  0.08  minutes
now 2017-04-27 13:40:04.268000 return data: last bar 2017-04-27 13:35:00 last processed bar 2017-04-27 13:30:00
CLNS: Warning! 596 bars requested 68 bars returned.
start_idx [(19, Timestamp('2017-04-27 09:35:00'))]
start_ema 2017-04-27 08:00:00 start_vwap 2017-04-27 09:35:00 last_bar 2017-04-27 13:35:00 Writing to ./data/CLNS_livesignals_20170427_09_40_48.csv ./data/CLNS_last.csv
ET:  0.05  minutes
now 2017-04-27 13:45:00.929000 return data: last bar 2017-04-27 13:40:00 last processed bar 2017-04-27 13:35:00
CLNS: Warning! 596 bars requested 69 bars returned.
start_idx [(19, Timestamp('2017-04-27 09:35:00'))]
start_ema 2017-04-27 08:00:00 start_vwap 2017-04-27 09:35:00 last_bar 2017-04-27 13:40:00 Writing to ./data/CLNS_livesignals_20170427_09_40_48.csv ./data/CLNS_last.csv
ET:  0.1  minutes
now 2017-04-27 13:50:03.722000 return data: last bar 2017-04-27 13:45:00 last processed bar 2017-04-27 13:40:00
CLNS: Warning! 596 bars requested 70 bars returned.
start_idx [(19, Timestamp('2017-04-27 09:35:00'))]
start_ema 2017-04-27 08:00:00 start_vwap 2017-04-27 09:35:00 last_bar 2017-04-27 13:45:00 Writing to ./data/CLNS_livesignals_20170427_09_40_48.csv ./data/CLNS_last.csv
ET:  0.05  minutes
now 2017-04-27 13:55:00.930000 return data: last bar 2017-04-27 13:50:00 last processed bar 2017-04-27 13:45:00
CLNS: Warning! 596 bars requested 71 bars returned.
start_idx [(19, Timestamp('2017-04-27 09:35:00'))]
start_ema 2017-04-27 08:00:00 start_vwap 2017-04-27 09:35:00 last_bar 2017-04-27 13:50:00 Writing to ./data/CLNS_livesignals_20170427_09_40_48.csv ./data/CLNS_last.csv
ET:  0.1  minutes
now 2017-04-27 14:00:02.419000 return data: last bar 2017-04-27 13:55:00 last processed bar 2017-04-27 13:50:00
CLNS: Warning! 596 bars requested 72 bars returned.
start_idx [(19, Timestamp('2017-04-27 09:35:00'))]
start_ema 2017-04-27 08:00:00 start_vwap 2017-04-27 09:35:00 last_bar 2017-04-27 13:55:00 Writing to ./data/CLNS_livesignals_20170427_09_40_48.csv ./data/CLNS_last.csv
ET:  0.06  minutes
now 2017-04-27 14:05:03.338000 return data: last bar 2017-04-27 14:00:00 last processed bar 2017-04-27 13:55:00
CLNS: Warning! 596 bars requested 73 bars returned.
start_idx [(19, Timestamp('2017-04-27 09:35:00'))]
start_ema 2017-04-27 08:00:00 start_vwap 2017-04-27 09:35:00 last_bar 2017-04-27 14:00:00 Writing to ./data/CLNS_livesignals_20170427_09_40_48.csv ./data/CLNS_last.csv
ET:  0.05  minutes
now 2017-04-27 14:10:01.150000 return data: last bar 2017-04-27 14:05:00 last processed bar 2017-04-27 14:00:00
CLNS: Warning! 596 bars requested 74 bars returned.
start_idx [(19, Timestamp('2017-04-27 09:35:00'))]
start_ema 2017-04-27 08:00:00 start_vwap 2017-04-27 09:35:00 last_bar 2017-04-27 14:05:00 Writing to ./data/CLNS_livesignals_20170427_09_40_48.csv ./data/CLNS_last.csv
ET:  0.1  minutes
now 2017-04-27 14:15:00.007000 return data: last bar 2017-04-27 14:10:00 last processed bar 2017-04-27 14:05:00
CLNS: Warning! 596 bars requested 75 bars returned.
start_idx [(19, Timestamp('2017-04-27 09:35:00'))]
start_ema 2017-04-27 08:00:00 start_vwap 2017-04-27 09:35:00 last_bar 2017-04-27 14:10:00 Writing to ./data/CLNS_livesignals_20170427_09_40_48.csv ./data/CLNS_last.csv
ET:  0.04  minutes
now 2017-04-27 14:20:01.496000 return data: last bar 2017-04-27 14:15:00 last processed bar 2017-04-27 14:10:00
CLNS: Warning! 596 bars requested 76 bars returned.
start_idx [(19, Timestamp('2017-04-27 09:35:00'))]
start_ema 2017-04-27 08:00:00 start_vwap 2017-04-27 09:35:00 last_bar 2017-04-27 14:15:00 Writing to ./data/CLNS_livesignals_20170427_09_40_48.csv ./data/CLNS_last.csv
ET:  0.07  minutes
now 2017-04-27 14:25:05.434000 return data: last bar 2017-04-27 14:25:00 last processed bar 2017-04-27 14:15:00
CLNS: Warning! 596 bars requested 78 bars returned.
start_idx [(19, Timestamp('2017-04-27 09:35:00'))]
start_ema 2017-04-27 08:00:00 start_vwap 2017-04-27 09:35:00 last_bar 2017-04-27 14:25:00 Writing to ./data/CLNS_livesignals_20170427_09_40_48.csv ./data/CLNS_last.csv
ET:  0.02  minutes
now 2017-04-27 14:30:02.094000 return None: last bar 2017-04-27 14:25:00 last processed bar 2017-04-27 14:25:00
CLNS getFeed did not return any data! last bar: 2017-04-27 14:25:00 now: 14:30:03.523000
now 2017-04-27 14:35:00.557000 return data: last bar 2017-04-27 14:30:00 last processed bar 2017-04-27 14:25:00
CLNS: Warning! 596 bars requested 79 bars returned.
start_idx [(19, Timestamp('2017-04-27 09:35:00'))]
start_ema 2017-04-27 08:00:00 start_vwap 2017-04-27 09:35:00 last_bar 2017-04-27 14:30:00 Writing to ./data/CLNS_livesignals_20170427_09_40_48.csv ./data/CLNS_last.csv
ET:  0.07  minutes
now 2017-04-27 14:40:00.030000 return data: last bar 2017-04-27 14:35:00 last processed bar 2017-04-27 14:30:00
CLNS: Warning! 596 bars requested 80 bars returned.
start_idx [(19, Timestamp('2017-04-27 09:35:00'))]
start_ema 2017-04-27 08:00:00 start_vwap 2017-04-27 09:35:00 last_bar 2017-04-27 14:35:00 Writing to ./data/CLNS_livesignals_20170427_09_40_48.csv ./data/CLNS_last.csv
ET:  0.05  minutes
now 2017-04-27 14:45:00.430000 return data: last bar 2017-04-27 14:40:00 last processed bar 2017-04-27 14:35:00
CLNS: Warning! 596 bars requested 81 bars returned.
start_idx [(19, Timestamp('2017-04-27 09:35:00'))]
start_ema 2017-04-27 08:00:00 start_vwap 2017-04-27 09:35:00 last_bar 2017-04-27 14:40:00 Writing to ./data/CLNS_livesignals_20170427_09_40_48.csv ./data/CLNS_last.csv
ET:  0.09  minutes
now 2017-04-27 14:50:05.587000 return data: last bar 2017-04-27 14:50:00 last processed bar 2017-04-27 14:40:00
CLNS: Warning! 596 bars requested 83 bars returned.
start_idx [(19, Timestamp('2017-04-27 09:35:00'))]
start_ema 2017-04-27 08:00:00 start_vwap 2017-04-27 09:35:00 last_bar 2017-04-27 14:50:00 Writing to ./data/CLNS_livesignals_20170427_09_40_48.csv ./data/CLNS_last.csv
ET:  0.02  minutes
now 2017-04-27 14:55:03.950000 return None: last bar 2017-04-27 14:50:00 last processed bar 2017-04-27 14:50:00
CLNS getFeed did not return any data! last bar: 2017-04-27 14:50:00 now: 14:55:04.154000
now 2017-04-27 15:00:01.675000 return data: last bar 2017-04-27 14:55:00 last processed bar 2017-04-27 14:50:00
CLNS: Warning! 596 bars requested 84 bars returned.
start_idx [(19, Timestamp('2017-04-27 09:35:00'))]
start_ema 2017-04-27 08:00:00 start_vwap 2017-04-27 09:35:00 last_bar 2017-04-27 14:55:00 Writing to ./data/CLNS_livesignals_20170427_09_40_48.csv ./data/CLNS_last.csv
ET:  0.07  minutes
now 2017-04-27 15:05:00.371000 return data: last bar 2017-04-27 15:00:00 last processed bar 2017-04-27 14:55:00
CLNS: Warning! 596 bars requested 85 bars returned.
start_idx [(19, Timestamp('2017-04-27 09:35:00'))]
start_ema 2017-04-27 08:00:00 start_vwap 2017-04-27 09:35:00 last_bar 2017-04-27 15:00:00 Writing to ./data/CLNS_livesignals_20170427_09_40_48.csv ./data/CLNS_last.csv
ET:  0.1  minutes
now 2017-04-27 15:10:00.498000 return data: last bar 2017-04-27 15:05:00 last processed bar 2017-04-27 15:00:00
CLNS: Warning! 596 bars requested 86 bars returned.
start_idx [(19, Timestamp('2017-04-27 09:35:00'))]
start_ema 2017-04-27 08:00:00 start_vwap 2017-04-27 09:35:00 last_bar 2017-04-27 15:05:00 Writing to ./data/CLNS_livesignals_20170427_09_40_48.csv ./data/CLNS_last.csv
ET:  0.06  minutes
now 2017-04-27 15:15:01.902000 return data: last bar 2017-04-27 15:10:00 last processed bar 2017-04-27 15:05:00
CLNS: Warning! 596 bars requested 87 bars returned.
start_idx [(19, Timestamp('2017-04-27 09:35:00'))]
start_ema 2017-04-27 08:00:00 start_vwap 2017-04-27 09:35:00 last_bar 2017-04-27 15:10:00 Writing to ./data/CLNS_livesignals_20170427_09_40_48.csv ./data/CLNS_last.csv
ET:  0.07  minutes
now 2017-04-27 15:20:04.690000 return data: last bar 2017-04-27 15:15:00 last processed bar 2017-04-27 15:10:00
CLNS: Warning! 596 bars requested 88 bars returned.
start_idx [(19, Timestamp('2017-04-27 09:35:00'))]
start_ema 2017-04-27 08:00:00 start_vwap 2017-04-27 09:35:00 last_bar 2017-04-27 15:15:00 Writing to ./data/CLNS_livesignals_20170427_09_40_48.csv ./data/CLNS_last.csv
ET:  0.02  minutes
now 2017-04-27 15:25:03.668000 return data: last bar 2017-04-27 15:20:00 last processed bar 2017-04-27 15:15:00
CLNS: Warning! 596 bars requested 89 bars returned.
start_idx [(19, Timestamp('2017-04-27 09:35:00'))]
start_ema 2017-04-27 08:00:00 start_vwap 2017-04-27 09:35:00 last_bar 2017-04-27 15:20:00 Writing to ./data/CLNS_livesignals_20170427_09_40_48.csv ./data/CLNS_last.csv
ET:  0.02  minutes
now 2017-04-27 15:30:00.252000 return data: last bar 2017-04-27 15:25:00 last processed bar 2017-04-27 15:20:00
CLNS: Warning! 596 bars requested 90 bars returned.
start_idx [(19, Timestamp('2017-04-27 09:35:00'))]
start_ema 2017-04-27 08:00:00 start_vwap 2017-04-27 09:35:00 last_bar 2017-04-27 15:25:00 Writing to ./data/CLNS_livesignals_20170427_09_40_48.csv ./data/CLNS_last.csv
ET:  0.03  minutes
now 2017-04-27 15:35:02.095000 return data: last bar 2017-04-27 15:30:00 last processed bar 2017-04-27 15:25:00
CLNS: Warning! 596 bars requested 91 bars returned.
start_idx [(19, Timestamp('2017-04-27 09:35:00'))]
start_ema 2017-04-27 08:00:00 start_vwap 2017-04-27 09:35:00 last_bar 2017-04-27 15:30:00 Writing to ./data/CLNS_livesignals_20170427_09_40_48.csv ./data/CLNS_last.csv
ET:  0.05  minutes
now 2017-04-27 15:40:03.022000 return data: last bar 2017-04-27 15:35:00 last processed bar 2017-04-27 15:30:00
CLNS: Warning! 596 bars requested 92 bars returned.
start_idx [(19, Timestamp('2017-04-27 09:35:00'))]
start_ema 2017-04-27 08:00:00 start_vwap 2017-04-27 09:35:00 last_bar 2017-04-27 15:35:00 Writing to ./data/CLNS_livesignals_20170427_09_40_48.csv ./data/CLNS_last.csv
ET:  0.06  minutes
now 2017-04-27 15:45:02.073000 return data: last bar 2017-04-27 15:40:00 last processed bar 2017-04-27 15:35:00
CLNS: Warning! 596 bars requested 93 bars returned.
start_idx [(19, Timestamp('2017-04-27 09:35:00'))]
start_ema 2017-04-27 08:00:00 start_vwap 2017-04-27 09:35:00 last_bar 2017-04-27 15:40:00 Writing to ./data/CLNS_livesignals_20170427_09_40_48.csv ./data/CLNS_last.csv
ET:  0.08  minutes
now 2017-04-27 15:50:00.790000 return data: last bar 2017-04-27 15:45:00 last processed bar 2017-04-27 15:40:00
CLNS: Warning! 596 bars requested 94 bars returned.
start_idx [(19, Timestamp('2017-04-27 09:35:00'))]
start_ema 2017-04-27 08:00:00 start_vwap 2017-04-27 09:35:00 last_bar 2017-04-27 15:45:00 Writing to ./data/CLNS_livesignals_20170427_09_40_48.csv ./data/CLNS_last.csv
ET:  0.1  minutes
now 2017-04-27 15:55:02.797000
