MARKET IS CLOSING. CLEARING POSITIONS!
removed ./data/110064634/AKS.json
removed ./data/110064634/THC.json
[{u'symbol': u'AKS', u'typeofsymbol': u'stock', u'quant': 0}, {u'symbol': u'THC', u'typeofsymbol': u'stock', u'quant': 0}]
2
{
   "ok" : "1",
   "response" : [
      {
         "underlying" : null,
         "symbol" : "THC",
         "putcall" : null,
         "strike" : null,
         "typeofsymbol" : "stock",
         "quant" : "0",
         "expir" : null
      },
      {
         "underlying" : null,
         "symbol" : "AKS",
         "putcall" : null,
         "strike" : null,
         "typeofsymbol" : "stock",
         "quant" : "0",
         "expir" : null
      }
   ]
}

sent orders to broker
Elapsed time:  0.13  minutes  2017-04-24 15:59:09.916000
