MARKET IS CLOSING. CLEARING POSITIONS!
removed ./data/110064634/TELL.json
[{u'symbol': u'TELL', u'typeofsymbol': u'stock', u'quant': 0}]
1
DEBUG:requests.packages.urllib3.connectionpool:Starting new HTTPS connection (1): collective2.com
DEBUG:requests.packages.urllib3.connectionpool:https://collective2.com:443 "POST /world/apiv3/setDesiredPositions HTTP/1.1" 200 None
{
   "ok" : "1",
   "response" : [
      {
         "underlying" : null,
         "symbol" : "TELL",
         "putcall" : null,
         "strike" : null,
         "typeofsymbol" : "stock",
         "quant" : "0",
         "expir" : null
      }
   ]
}

sent orders to broker
DEBUG:requests.packages.urllib3.connectionpool:Starting new HTTPS connection (1): api.collective2.com
DEBUG:requests.packages.urllib3.connectionpool:https://api.collective2.com:443 "POST /world/apiv3/getDesiredPositions HTTP/1.1" 200 None
DEBUG:requests.packages.urllib3.connectionpool:Starting new HTTPS connection (1): api.collective2.com
DEBUG:requests.packages.urllib3.connectionpool:https://api.collective2.com:443 "POST /world/apiv3/retrieveSystemEquity HTTP/1.1" 200 None
Elapsed time:  0.11  minutes  2017-03-22 15:59:07.911000
