return data: last bar 2017-04-27 09:35:00 last processed bar 1000-01-01 00:00:00
596 bars requested 596 bars returned
start_idx [(595, Timestamp('2017-04-27 09:35:00'))]
start_ema 2017-04-27 08:00:00 start_vwap 2017-04-27 09:35:00 last_bar 2017-04-27 09:35:00 ET:  0.01  minutes
now 2017-04-27 09:45:00.277000 return None: last bar 2017-04-27 09:35:00 last processed bar 2017-04-27 09:35:00
CNAT getFeed did not return any data! last bar: 2017-04-27 09:35:00 now: 09:45:03.636000
now 2017-04-27 09:50:02.217000 return data: last bar 2017-04-27 09:40:00 last processed bar 2017-04-27 09:35:00
596 bars requested 596 bars returned
start_idx [(594, Timestamp('2017-04-27 09:35:00'))]
start_ema 2017-04-27 08:00:00 start_vwap 2017-04-27 09:35:00 last_bar 2017-04-27 09:40:00 Writing to ./data/CNAT_livesignals_20170427_09_40_23.csv ./data/CNAT_last.csv
ET:  0.08  minutes
now 2017-04-27 09:55:02.319000 return data: last bar 2017-04-27 09:45:00 last processed bar 2017-04-27 09:40:00
596 bars requested 596 bars returned
start_idx [(593, Timestamp('2017-04-27 09:35:00'))]
start_ema 2017-04-27 08:00:00 start_vwap 2017-04-27 09:35:00 last_bar 2017-04-27 09:45:00 Writing to ./data/CNAT_livesignals_20170427_09_40_23.csv ./data/CNAT_last.csv
ET:  0.09  minutes
now 2017-04-27 10:00:00.549000 return data: last bar 2017-04-27 09:50:00 last processed bar 2017-04-27 09:45:00
596 bars requested 596 bars returned
start_idx [(592, Timestamp('2017-04-27 09:35:00'))]
start_ema 2017-04-27 08:00:00 start_vwap 2017-04-27 09:35:00 last_bar 2017-04-27 09:50:00 Writing to ./data/CNAT_livesignals_20170427_09_40_23.csv ./data/CNAT_last.csv
ET:  0.1  minutes
now 2017-04-27 10:05:00.552000 return data: last bar 2017-04-27 09:55:00 last processed bar 2017-04-27 09:50:00
596 bars requested 596 bars returned
start_idx [(591, Timestamp('2017-04-27 09:35:00'))]
start_ema 2017-04-27 08:00:00 start_vwap 2017-04-27 09:35:00 last_bar 2017-04-27 09:55:00 Writing to ./data/CNAT_livesignals_20170427_09_40_23.csv ./data/CNAT_last.csv
ET:  0.11  minutes
now 2017-04-27 10:10:01.277000 return data: last bar 2017-04-27 10:00:00 last processed bar 2017-04-27 09:55:00
596 bars requested 596 bars returned
start_idx [(590, Timestamp('2017-04-27 09:35:00'))]
start_ema 2017-04-27 08:00:00 start_vwap 2017-04-27 09:35:00 last_bar 2017-04-27 10:00:00 Writing to ./data/CNAT_livesignals_20170427_09_40_23.csv ./data/CNAT_last.csv
ET:  0.1  minutes
now 2017-04-27 10:15:00.690000 return data: last bar 2017-04-27 10:10:00 last processed bar 2017-04-27 10:00:00
596 bars requested 596 bars returned
start_idx [(588, Timestamp('2017-04-27 09:35:00'))]
start_ema 2017-04-27 08:00:00 start_vwap 2017-04-27 09:35:00 last_bar 2017-04-27 10:10:00 Writing to ./data/CNAT_livesignals_20170427_09_40_23.csv ./data/CNAT_last.csv
ET:  0.11  minutes
now 2017-04-27 10:20:00.825000 return data: last bar 2017-04-27 10:15:00 last processed bar 2017-04-27 10:10:00
596 bars requested 596 bars returned
start_idx [(587, Timestamp('2017-04-27 09:35:00'))]
start_ema 2017-04-27 08:00:00 start_vwap 2017-04-27 09:35:00 last_bar 2017-04-27 10:15:00 Writing to ./data/CNAT_livesignals_20170427_09_40_23.csv ./data/CNAT_last.csv
ET:  0.1  minutes
now 2017-04-27 10:25:00.154000 return data: last bar 2017-04-27 10:20:00 last processed bar 2017-04-27 10:15:00
596 bars requested 596 bars returned
start_idx [(586, Timestamp('2017-04-27 09:35:00'))]
start_ema 2017-04-27 08:00:00 start_vwap 2017-04-27 09:35:00 last_bar 2017-04-27 10:20:00 Writing to ./data/CNAT_livesignals_20170427_09_40_23.csv ./data/CNAT_last.csv
ET:  0.11  minutes
now 2017-04-27 10:30:01.442000 return data: last bar 2017-04-27 10:25:00 last processed bar 2017-04-27 10:20:00
596 bars requested 596 bars returned
start_idx [(585, Timestamp('2017-04-27 09:35:00'))]
start_ema 2017-04-27 08:00:00 start_vwap 2017-04-27 09:35:00 last_bar 2017-04-27 10:25:00 Writing to ./data/CNAT_livesignals_20170427_09_40_23.csv ./data/CNAT_last.csv
ET:  0.1  minutes
now 2017-04-27 10:35:00.444000 return data: last bar 2017-04-27 10:30:00 last processed bar 2017-04-27 10:25:00
596 bars requested 596 bars returned
start_idx [(584, Timestamp('2017-04-27 09:35:00'))]
start_ema 2017-04-27 08:00:00 start_vwap 2017-04-27 09:35:00 last_bar 2017-04-27 10:30:00 Writing to ./data/CNAT_livesignals_20170427_09_40_23.csv ./data/CNAT_last.csv
ET:  0.12  minutes
now 2017-04-27 10:40:01.052000 return data: last bar 2017-04-27 10:35:00 last processed bar 2017-04-27 10:30:00
596 bars requested 596 bars returned
start_idx [(583, Timestamp('2017-04-27 09:35:00'))]
start_ema 2017-04-27 08:00:00 start_vwap 2017-04-27 09:35:00 last_bar 2017-04-27 10:35:00 Writing to ./data/CNAT_livesignals_20170427_09_40_23.csv ./data/CNAT_last.csv
ET:  0.11  minutes
now 2017-04-27 10:45:00.412000 return data: last bar 2017-04-27 10:40:00 last processed bar 2017-04-27 10:35:00
596 bars requested 596 bars returned
start_idx [(582, Timestamp('2017-04-27 09:35:00'))]
start_ema 2017-04-27 08:00:00 start_vwap 2017-04-27 09:35:00 last_bar 2017-04-27 10:40:00 Writing to ./data/CNAT_livesignals_20170427_09_40_23.csv ./data/CNAT_last.csv
ET:  0.11  minutes
now 2017-04-27 10:50:00.316000 return data: last bar 2017-04-27 10:45:00 last processed bar 2017-04-27 10:40:00
596 bars requested 596 bars returned
start_idx [(581, Timestamp('2017-04-27 09:35:00'))]
start_ema 2017-04-27 08:00:00 start_vwap 2017-04-27 09:35:00 last_bar 2017-04-27 10:45:00 Writing to ./data/CNAT_livesignals_20170427_09_40_23.csv ./data/CNAT_last.csv
ET:  0.11  minutes
now 2017-04-27 10:55:01.340000 return data: last bar 2017-04-27 10:50:00 last processed bar 2017-04-27 10:45:00
596 bars requested 596 bars returned
start_idx [(580, Timestamp('2017-04-27 09:35:00'))]
start_ema 2017-04-27 08:00:00 start_vwap 2017-04-27 09:35:00 last_bar 2017-04-27 10:50:00 Writing to ./data/CNAT_livesignals_20170427_09_40_23.csv ./data/CNAT_last.csv
ET:  0.1  minutes
now 2017-04-27 11:00:00.150000 return data: last bar 2017-04-27 10:55:00 last processed bar 2017-04-27 10:50:00
596 bars requested 596 bars returned
start_idx [(579, Timestamp('2017-04-27 09:35:00'))]
start_ema 2017-04-27 08:00:00 start_vwap 2017-04-27 09:35:00 last_bar 2017-04-27 10:55:00 Writing to ./data/CNAT_livesignals_20170427_09_40_23.csv ./data/CNAT_last.csv
ET:  0.14  minutes
now 2017-04-27 11:05:02.352000 return data: last bar 2017-04-27 11:05:00 last processed bar 2017-04-27 10:55:00
596 bars requested 596 bars returned
start_idx [(577, Timestamp('2017-04-27 09:35:00'))]
start_ema 2017-04-27 08:00:00 start_vwap 2017-04-27 09:35:00 last_bar 2017-04-27 11:05:00 Writing to ./data/CNAT_livesignals_20170427_09_40_23.csv ./data/CNAT_last.csv
ET:  0.09  minutes
now 2017-04-27 11:10:01.447000 return data: last bar 2017-04-27 11:10:00 last processed bar 2017-04-27 11:05:00
596 bars requested 596 bars returned
start_idx [(576, Timestamp('2017-04-27 09:35:00'))]
start_ema 2017-04-27 08:00:00 start_vwap 2017-04-27 09:35:00 last_bar 2017-04-27 11:10:00 Writing to ./data/CNAT_livesignals_20170427_09_40_23.csv ./data/CNAT_last.csv
ET:  0.11  minutes
now 2017-04-27 11:15:00.051000 return None: last bar 2017-04-27 11:10:00 last processed bar 2017-04-27 11:10:00
CNAT getFeed did not return any data! last bar: 2017-04-27 11:10:00 now: 11:15:07.168000
now 2017-04-27 11:20:00.204000 return data: last bar 2017-04-27 11:20:00 last processed bar 2017-04-27 11:10:00
596 bars requested 596 bars returned
start_idx [(574, Timestamp('2017-04-27 09:35:00'))]
start_ema 2017-04-27 08:00:00 start_vwap 2017-04-27 09:35:00 last_bar 2017-04-27 11:20:00 Writing to ./data/CNAT_livesignals_20170427_09_40_23.csv ./data/CNAT_last.csv
ET:  0.13  minutes
now 2017-04-27 11:25:01.008000 return data: last bar 2017-04-27 11:25:00 last processed bar 2017-04-27 11:20:00
596 bars requested 596 bars returned
start_idx [(573, Timestamp('2017-04-27 09:35:00'))]
start_ema 2017-04-27 08:00:00 start_vwap 2017-04-27 09:35:00 last_bar 2017-04-27 11:25:00 Writing to ./data/CNAT_livesignals_20170427_09_40_23.csv ./data/CNAT_last.csv
ET:  0.11  minutes
now 2017-04-27 11:30:01.151000 return data: last bar 2017-04-27 11:30:00 last processed bar 2017-04-27 11:25:00
596 bars requested 596 bars returned
start_idx [(572, Timestamp('2017-04-27 09:35:00'))]
start_ema 2017-04-27 08:00:00 start_vwap 2017-04-27 09:35:00 last_bar 2017-04-27 11:30:00 Writing to ./data/CNAT_livesignals_20170427_09_40_23.csv ./data/CNAT_last.csv
ET:  0.11  minutes
now 2017-04-27 11:35:01.135000 return data: last bar 2017-04-27 11:35:00 last processed bar 2017-04-27 11:30:00
2 bars requested 2 bars returned
start_idx [(0, Timestamp('2017-04-27 09:35:00'))]
start_ema 2017-04-27 09:50:00 data.dropna() feed returned insufficient data
now 2017-04-27 11:40:00.099000 return data: last bar 2017-04-27 11:40:00 last processed bar 2017-04-27 11:35:00
2 bars requested 2 bars returned
start_idx [(0, Timestamp('2017-04-27 09:35:00'))]
start_ema 2017-04-27 09:50:00 data.dropna() feed returned insufficient data
now 2017-04-27 11:45:01.509000 return data: last bar 2017-04-27 11:45:00 last processed bar 2017-04-27 11:40:00
2 bars requested 2 bars returned
start_idx [(0, Timestamp('2017-04-27 09:35:00'))]
start_ema 2017-04-27 09:50:00 data.dropna() feed returned insufficient data
now 2017-04-27 11:50:01.422000 return data: last bar 2017-04-27 11:50:00 last processed bar 2017-04-27 11:45:00
2 bars requested 2 bars returned
start_idx [(0, Timestamp('2017-04-27 09:35:00'))]
start_ema 2017-04-27 09:50:00 data.dropna() feed returned insufficient data
now 2017-04-27 11:55:00.520000 return data: last bar 2017-04-27 11:55:00 last processed bar 2017-04-27 11:50:00
2 bars requested 2 bars returned
start_idx [(0, Timestamp('2017-04-27 09:35:00'))]
start_ema 2017-04-27 09:50:00 data.dropna() feed returned insufficient data
now 2017-04-27 12:00:00.681000 return data: last bar 2017-04-27 12:00:00 last processed bar 2017-04-27 11:55:00
2 bars requested 2 bars returned
start_idx [(0, Timestamp('2017-04-27 09:35:00'))]
start_ema 2017-04-27 09:50:00 data.dropna() feed returned insufficient data
now 2017-04-27 12:05:00.050000 return data: last bar 2017-04-27 12:05:00 last processed bar 2017-04-27 12:00:00
2 bars requested 2 bars returned
start_idx [(0, Timestamp('2017-04-27 09:35:00'))]
start_ema 2017-04-27 09:50:00 data.dropna() feed returned insufficient data
now 2017-04-27 12:10:00.393000 return data: last bar 2017-04-27 12:10:00 last processed bar 2017-04-27 12:05:00
2 bars requested 2 bars returned
start_idx [(0, Timestamp('2017-04-27 09:35:00'))]
start_ema 2017-04-27 09:50:00 data.dropna() feed returned insufficient data
now 2017-04-27 12:15:01.114000 return data: last bar 2017-04-27 12:15:00 last processed bar 2017-04-27 12:10:00
2 bars requested 2 bars returned
start_idx [(0, Timestamp('2017-04-27 09:35:00'))]
start_ema 2017-04-27 09:50:00 data.dropna() feed returned insufficient data
now 2017-04-27 12:20:00.468000 return data: last bar 2017-04-27 12:20:00 last processed bar 2017-04-27 12:15:00
2 bars requested 2 bars returned
start_idx [(0, Timestamp('2017-04-27 09:35:00'))]
start_ema 2017-04-27 09:50:00 data.dropna() feed returned insufficient data
now 2017-04-27 12:25:00.319000 return data: last bar 2017-04-27 12:25:00 last processed bar 2017-04-27 12:20:00
2 bars requested 2 bars returned
start_idx [(0, Timestamp('2017-04-27 09:35:00'))]
start_ema 2017-04-27 09:50:00 data.dropna() feed returned insufficient data
now 2017-04-27 12:30:00.304000 return data: last bar 2017-04-27 12:30:00 last processed bar 2017-04-27 12:25:00
2 bars requested 2 bars returned
start_idx [(0, Timestamp('2017-04-27 09:35:00'))]
start_ema 2017-04-27 09:50:00 data.dropna() feed returned insufficient data
now 2017-04-27 12:35:00.111000 return data: last bar 2017-04-27 12:35:00 last processed bar 2017-04-27 12:30:00
2 bars requested 2 bars returned
start_idx [(0, Timestamp('2017-04-27 09:35:00'))]
start_ema 2017-04-27 09:50:00 data.dropna() feed returned insufficient data
now 2017-04-27 12:40:00.787000 return data: last bar 2017-04-27 12:40:00 last processed bar 2017-04-27 12:35:00
2 bars requested 2 bars returned
start_idx [(0, Timestamp('2017-04-27 09:35:00'))]
start_ema 2017-04-27 09:50:00 data.dropna() feed returned insufficient data
now 2017-04-27 12:45:00.181000 return data: last bar 2017-04-27 12:45:00 last processed bar 2017-04-27 12:40:00
2 bars requested 2 bars returned
start_idx [(0, Timestamp('2017-04-27 09:35:00'))]
start_ema 2017-04-27 09:50:00 data.dropna() feed returned insufficient data
now 2017-04-27 12:50:01.270000 return data: last bar 2017-04-27 12:50:00 last processed bar 2017-04-27 12:45:00
2 bars requested 2 bars returned
start_idx [(0, Timestamp('2017-04-27 09:35:00'))]
start_ema 2017-04-27 09:50:00 data.dropna() feed returned insufficient data
now 2017-04-27 12:55:01.220000 return data: last bar 2017-04-27 12:55:00 last processed bar 2017-04-27 12:50:00
2 bars requested 2 bars returned
start_idx [(0, Timestamp('2017-04-27 09:35:00'))]
start_ema 2017-04-27 09:50:00 data.dropna() feed returned insufficient data
now 2017-04-27 13:00:00.685000 return data: last bar 2017-04-27 13:00:00 last processed bar 2017-04-27 12:55:00
2 bars requested 2 bars returned
start_idx [(0, Timestamp('2017-04-27 09:35:00'))]
start_ema 2017-04-27 09:50:00 data.dropna() feed returned insufficient data
now 2017-04-27 13:05:00.943000 return data: last bar 2017-04-27 13:05:00 last processed bar 2017-04-27 13:00:00
2 bars requested 2 bars returned
start_idx [(0, Timestamp('2017-04-27 09:35:00'))]
start_ema 2017-04-27 09:50:00 data.dropna() feed returned insufficient data
now 2017-04-27 13:10:00.246000 return data: last bar 2017-04-27 13:10:00 last processed bar 2017-04-27 13:05:00
2 bars requested 2 bars returned
start_idx [(0, Timestamp('2017-04-27 09:35:00'))]
start_ema 2017-04-27 09:50:00 data.dropna() feed returned insufficient data
now 2017-04-27 13:15:03.500000 return data: last bar 2017-04-27 13:15:00 last processed bar 2017-04-27 13:10:00
2 bars requested 2 bars returned
start_idx [(0, Timestamp('2017-04-27 09:35:00'))]
start_ema 2017-04-27 09:50:00 data.dropna() feed returned insufficient data
now 2017-04-27 13:20:01.603000 return data: last bar 2017-04-27 13:20:00 last processed bar 2017-04-27 13:15:00
2 bars requested 2 bars returned
start_idx [(0, Timestamp('2017-04-27 09:35:00'))]
start_ema 2017-04-27 09:50:00 data.dropna() feed returned insufficient data
now 2017-04-27 13:25:01.081000 return data: last bar 2017-04-27 13:25:00 last processed bar 2017-04-27 13:20:00
2 bars requested 2 bars returned
start_idx [(0, Timestamp('2017-04-27 09:35:00'))]
start_ema 2017-04-27 09:50:00 data.dropna() feed returned insufficient data
now 2017-04-27 13:30:00.132000 return data: last bar 2017-04-27 13:30:00 last processed bar 2017-04-27 13:25:00
2 bars requested 2 bars returned
start_idx [(0, Timestamp('2017-04-27 09:35:00'))]
start_ema 2017-04-27 09:50:00 data.dropna() feed returned insufficient data
now 2017-04-27 13:35:00.630000 return data: last bar 2017-04-27 13:35:00 last processed bar 2017-04-27 13:30:00
2 bars requested 2 bars returned
start_idx [(0, Timestamp('2017-04-27 09:35:00'))]
start_ema 2017-04-27 09:50:00 data.dropna() feed returned insufficient data
now 2017-04-27 13:40:01.404000 return data: last bar 2017-04-27 13:40:00 last processed bar 2017-04-27 13:35:00
2 bars requested 2 bars returned
start_idx [(0, Timestamp('2017-04-27 09:35:00'))]
start_ema 2017-04-27 09:50:00 data.dropna() feed returned insufficient data
now 2017-04-27 13:45:02.428000 return data: last bar 2017-04-27 13:45:00 last processed bar 2017-04-27 13:40:00
2 bars requested 2 bars returned
start_idx [(0, Timestamp('2017-04-27 09:35:00'))]
start_ema 2017-04-27 09:50:00 data.dropna() feed returned insufficient data
now 2017-04-27 13:50:00.223000 return data: last bar 2017-04-27 13:50:00 last processed bar 2017-04-27 13:45:00
2 bars requested 2 bars returned
start_idx [(0, Timestamp('2017-04-27 09:35:00'))]
start_ema 2017-04-27 09:50:00 data.dropna() feed returned insufficient data
now 2017-04-27 13:55:01.383000 return data: last bar 2017-04-27 13:55:00 last processed bar 2017-04-27 13:50:00
2 bars requested 2 bars returned
start_idx [(0, Timestamp('2017-04-27 09:35:00'))]
start_ema 2017-04-27 09:50:00 data.dropna() feed returned insufficient data
now 2017-04-27 14:00:02.634000 return data: last bar 2017-04-27 14:00:00 last processed bar 2017-04-27 13:55:00
2 bars requested 2 bars returned
start_idx [(0, Timestamp('2017-04-27 09:35:00'))]
start_ema 2017-04-27 09:50:00 data.dropna() feed returned insufficient data
now 2017-04-27 14:05:00.724000 return data: last bar 2017-04-27 14:05:00 last processed bar 2017-04-27 14:00:00
2 bars requested 2 bars returned
start_idx [(0, Timestamp('2017-04-27 09:35:00'))]
start_ema 2017-04-27 09:50:00 data.dropna() feed returned insufficient data
now 2017-04-27 14:10:02.158000 return data: last bar 2017-04-27 14:10:00 last processed bar 2017-04-27 14:05:00
2 bars requested 2 bars returned
start_idx [(0, Timestamp('2017-04-27 09:35:00'))]
start_ema 2017-04-27 09:50:00 data.dropna() feed returned insufficient data
now 2017-04-27 14:15:01.157000 return data: last bar 2017-04-27 14:15:00 last processed bar 2017-04-27 14:10:00
2 bars requested 2 bars returned
start_idx [(0, Timestamp('2017-04-27 09:35:00'))]
start_ema 2017-04-27 09:50:00 data.dropna() feed returned insufficient data
now 2017-04-27 14:20:01.944000 return data: last bar 2017-04-27 14:20:00 last processed bar 2017-04-27 14:15:00
2 bars requested 2 bars returned
start_idx [(0, Timestamp('2017-04-27 09:35:00'))]
start_ema 2017-04-27 09:50:00 data.dropna() feed returned insufficient data
now 2017-04-27 14:25:00.253000 return data: last bar 2017-04-27 14:25:00 last processed bar 2017-04-27 14:20:00
2 bars requested 2 bars returned
start_idx [(0, Timestamp('2017-04-27 09:35:00'))]
start_ema 2017-04-27 09:50:00 data.dropna() feed returned insufficient data
now 2017-04-27 14:30:01.458000 return data: last bar 2017-04-27 14:30:00 last processed bar 2017-04-27 14:25:00
2 bars requested 2 bars returned
start_idx [(0, Timestamp('2017-04-27 09:35:00'))]
start_ema 2017-04-27 09:50:00 data.dropna() feed returned insufficient data
now 2017-04-27 14:35:01.193000 return data: last bar 2017-04-27 14:35:00 last processed bar 2017-04-27 14:30:00
2 bars requested 2 bars returned
start_idx [(0, Timestamp('2017-04-27 09:35:00'))]
start_ema 2017-04-27 09:50:00 data.dropna() feed returned insufficient data
now 2017-04-27 14:40:00.170000 return data: last bar 2017-04-27 14:40:00 last processed bar 2017-04-27 14:35:00
2 bars requested 2 bars returned
start_idx [(0, Timestamp('2017-04-27 09:35:00'))]
start_ema 2017-04-27 09:50:00 data.dropna() feed returned insufficient data
now 2017-04-27 14:45:02.381000 return data: last bar 2017-04-27 14:45:00 last processed bar 2017-04-27 14:40:00
2 bars requested 2 bars returned
start_idx [(0, Timestamp('2017-04-27 09:35:00'))]
start_ema 2017-04-27 09:50:00 data.dropna() feed returned insufficient data
now 2017-04-27 14:50:00.524000 return data: last bar 2017-04-27 14:50:00 last processed bar 2017-04-27 14:45:00
2 bars requested 2 bars returned
start_idx [(0, Timestamp('2017-04-27 09:35:00'))]
start_ema 2017-04-27 09:50:00 data.dropna() feed returned insufficient data
now 2017-04-27 14:55:03.135000 return data: last bar 2017-04-27 14:55:00 last processed bar 2017-04-27 14:50:00
2 bars requested 2 bars returned
start_idx [(0, Timestamp('2017-04-27 09:35:00'))]
start_ema 2017-04-27 09:50:00 data.dropna() feed returned insufficient data
now 2017-04-27 15:00:02.227000 return data: last bar 2017-04-27 15:00:00 last processed bar 2017-04-27 14:55:00
2 bars requested 2 bars returned
start_idx [(0, Timestamp('2017-04-27 09:35:00'))]
start_ema 2017-04-27 09:50:00 data.dropna() feed returned insufficient data
now 2017-04-27 15:05:01.344000 return data: last bar 2017-04-27 15:05:00 last processed bar 2017-04-27 15:00:00
2 bars requested 2 bars returned
start_idx [(0, Timestamp('2017-04-27 09:35:00'))]
start_ema 2017-04-27 09:50:00 data.dropna() feed returned insufficient data
now 2017-04-27 15:10:03.460000 return data: last bar 2017-04-27 15:10:00 last processed bar 2017-04-27 15:05:00
2 bars requested 2 bars returned
start_idx [(0, Timestamp('2017-04-27 09:35:00'))]
start_ema 2017-04-27 09:50:00 data.dropna() feed returned insufficient data
now 2017-04-27 15:15:00.683000 return data: last bar 2017-04-27 15:15:00 last processed bar 2017-04-27 15:10:00
2 bars requested 2 bars returned
start_idx [(0, Timestamp('2017-04-27 09:35:00'))]
start_ema 2017-04-27 09:50:00 data.dropna() feed returned insufficient data
now 2017-04-27 15:20:01.401000 return data: last bar 2017-04-27 15:20:00 last processed bar 2017-04-27 15:15:00
2 bars requested 2 bars returned
start_idx [(0, Timestamp('2017-04-27 09:35:00'))]
start_ema 2017-04-27 09:50:00 data.dropna() feed returned insufficient data
now 2017-04-27 15:25:01.333000 return data: last bar 2017-04-27 15:25:00 last processed bar 2017-04-27 15:20:00
2 bars requested 2 bars returned
start_idx [(0, Timestamp('2017-04-27 09:35:00'))]
start_ema 2017-04-27 09:50:00 data.dropna() feed returned insufficient data
now 2017-04-27 15:30:01.975000 return data: last bar 2017-04-27 15:30:00 last processed bar 2017-04-27 15:25:00
2 bars requested 2 bars returned
start_idx [(0, Timestamp('2017-04-27 09:35:00'))]
start_ema 2017-04-27 09:50:00 data.dropna() feed returned insufficient data
now 2017-04-27 15:35:00.819000 return data: last bar 2017-04-27 15:35:00 last processed bar 2017-04-27 15:30:00
2 bars requested 2 bars returned
start_idx [(0, Timestamp('2017-04-27 09:35:00'))]
start_ema 2017-04-27 09:50:00 data.dropna() feed returned insufficient data
now 2017-04-27 15:40:00.007000 return data: last bar 2017-04-27 15:40:00 last processed bar 2017-04-27 15:35:00
2 bars requested 2 bars returned
start_idx [(0, Timestamp('2017-04-27 09:35:00'))]
start_ema 2017-04-27 09:50:00 data.dropna() feed returned insufficient data
now 2017-04-27 15:45:03.980000 return data: last bar 2017-04-27 15:45:00 last processed bar 2017-04-27 15:40:00
2 bars requested 2 bars returned
start_idx [(0, Timestamp('2017-04-27 09:35:00'))]
start_ema 2017-04-27 09:50:00 data.dropna() feed returned insufficient data
now 2017-04-27 15:50:00.526000 return data: last bar 2017-04-27 15:50:00 last processed bar 2017-04-27 15:45:00
2 bars requested 2 bars returned
start_idx [(0, Timestamp('2017-04-27 09:35:00'))]
start_ema 2017-04-27 09:50:00 data.dropna() feed returned insufficient data
now 2017-04-27 15:55:00.849000
