return data: last bar 2017-04-27 09:35:00 last processed bar 1000-01-01 00:00:00
CNHI: Warning! 596 bars requested 20 bars returned.
start_idx [(19, Timestamp('2017-04-27 09:35:00'))]
start_ema 2017-04-27 08:00:00 start_vwap 2017-04-27 09:35:00 last_bar 2017-04-27 09:35:00 ET:  0.04  minutes
now 2017-04-27 09:45:00.088000 return None: last bar 2017-04-27 09:35:00 last processed bar 2017-04-27 09:35:00
CNHI getFeed did not return any data! last bar: 2017-04-27 09:35:00 now: 09:45:00.176000
now 2017-04-27 09:50:00.421000 return data: last bar 2017-04-27 09:40:00 last processed bar 2017-04-27 09:35:00
CNHI: Warning! 596 bars requested 21 bars returned.
start_idx [(19, Timestamp('2017-04-27 09:35:00'))]
start_ema 2017-04-27 08:00:00 start_vwap 2017-04-27 09:35:00 last_bar 2017-04-27 09:40:00 Writing to ./data/CNHI_livesignals_20170427_09_40_46.csv ./data/CNHI_last.csv
ET:  0.06  minutes
now 2017-04-27 09:55:02.641000 return data: last bar 2017-04-27 09:45:00 last processed bar 2017-04-27 09:40:00
CNHI: Warning! 596 bars requested 22 bars returned.
start_idx [(19, Timestamp('2017-04-27 09:35:00'))]
start_ema 2017-04-27 08:00:00 start_vwap 2017-04-27 09:35:00 last_bar 2017-04-27 09:45:00 Writing to ./data/CNHI_livesignals_20170427_09_40_46.csv ./data/CNHI_last.csv
ET:  0.04  minutes
now 2017-04-27 10:00:00.266000 return data: last bar 2017-04-27 09:50:00 last processed bar 2017-04-27 09:45:00
CNHI: Warning! 596 bars requested 23 bars returned.
start_idx [(19, Timestamp('2017-04-27 09:35:00'))]
start_ema 2017-04-27 08:00:00 start_vwap 2017-04-27 09:35:00 last_bar 2017-04-27 09:50:00 Writing to ./data/CNHI_livesignals_20170427_09_40_46.csv ./data/CNHI_last.csv
ET:  0.09  minutes
now 2017-04-27 10:05:00.913000 return data: last bar 2017-04-27 09:55:00 last processed bar 2017-04-27 09:50:00
CNHI: Warning! 596 bars requested 24 bars returned.
start_idx [(19, Timestamp('2017-04-27 09:35:00'))]
start_ema 2017-04-27 08:00:00 start_vwap 2017-04-27 09:35:00 last_bar 2017-04-27 09:55:00 Writing to ./data/CNHI_livesignals_20170427_09_40_46.csv ./data/CNHI_last.csv
ET:  0.05  minutes
now 2017-04-27 10:10:00.268000 return data: last bar 2017-04-27 10:00:00 last processed bar 2017-04-27 09:55:00
CNHI: Warning! 596 bars requested 25 bars returned.
start_idx [(19, Timestamp('2017-04-27 09:35:00'))]
start_ema 2017-04-27 08:00:00 start_vwap 2017-04-27 09:35:00 last_bar 2017-04-27 10:00:00 Writing to ./data/CNHI_livesignals_20170427_09_40_46.csv ./data/CNHI_last.csv
ET:  0.06  minutes
now 2017-04-27 10:15:00.145000 return data: last bar 2017-04-27 10:10:00 last processed bar 2017-04-27 10:00:00
CNHI: Warning! 596 bars requested 27 bars returned.
start_idx [(19, Timestamp('2017-04-27 09:35:00'))]
start_ema 2017-04-27 08:00:00 start_vwap 2017-04-27 09:35:00 last_bar 2017-04-27 10:10:00 Writing to ./data/CNHI_livesignals_20170427_09_40_46.csv ./data/CNHI_last.csv
ET:  0.07  minutes
now 2017-04-27 10:20:00.428000 return data: last bar 2017-04-27 10:15:00 last processed bar 2017-04-27 10:10:00
CNHI: Warning! 596 bars requested 28 bars returned.
start_idx [(19, Timestamp('2017-04-27 09:35:00'))]
start_ema 2017-04-27 08:00:00 start_vwap 2017-04-27 09:35:00 last_bar 2017-04-27 10:15:00 Writing to ./data/CNHI_livesignals_20170427_09_40_46.csv ./data/CNHI_last.csv
ET:  0.06  minutes
now 2017-04-27 10:25:02.294000 return data: last bar 2017-04-27 10:20:00 last processed bar 2017-04-27 10:15:00
CNHI: Warning! 596 bars requested 29 bars returned.
start_idx [(19, Timestamp('2017-04-27 09:35:00'))]
start_ema 2017-04-27 08:00:00 start_vwap 2017-04-27 09:35:00 last_bar 2017-04-27 10:20:00 Writing to ./data/CNHI_livesignals_20170427_09_40_46.csv ./data/CNHI_last.csv
ET:  0.06  minutes
now 2017-04-27 10:30:00.031000 return data: last bar 2017-04-27 10:25:00 last processed bar 2017-04-27 10:20:00
CNHI: Warning! 596 bars requested 30 bars returned.
start_idx [(19, Timestamp('2017-04-27 09:35:00'))]
start_ema 2017-04-27 08:00:00 start_vwap 2017-04-27 09:35:00 last_bar 2017-04-27 10:25:00 Writing to ./data/CNHI_livesignals_20170427_09_40_46.csv ./data/CNHI_last.csv
ET:  0.06  minutes
now 2017-04-27 10:35:00.922000 return data: last bar 2017-04-27 10:30:00 last processed bar 2017-04-27 10:25:00
CNHI: Warning! 596 bars requested 31 bars returned.
start_idx [(19, Timestamp('2017-04-27 09:35:00'))]
start_ema 2017-04-27 08:00:00 start_vwap 2017-04-27 09:35:00 last_bar 2017-04-27 10:30:00 Writing to ./data/CNHI_livesignals_20170427_09_40_46.csv ./data/CNHI_last.csv
ET:  0.06  minutes
now 2017-04-27 10:40:01.042000 return data: last bar 2017-04-27 10:35:00 last processed bar 2017-04-27 10:30:00
CNHI: Warning! 596 bars requested 32 bars returned.
start_idx [(19, Timestamp('2017-04-27 09:35:00'))]
start_ema 2017-04-27 08:00:00 start_vwap 2017-04-27 09:35:00 last_bar 2017-04-27 10:35:00 Writing to ./data/CNHI_livesignals_20170427_09_40_46.csv ./data/CNHI_last.csv
ET:  0.06  minutes
now 2017-04-27 10:45:00.663000 return data: last bar 2017-04-27 10:40:00 last processed bar 2017-04-27 10:35:00
CNHI: Warning! 596 bars requested 33 bars returned.
start_idx [(19, Timestamp('2017-04-27 09:35:00'))]
start_ema 2017-04-27 08:00:00 start_vwap 2017-04-27 09:35:00 last_bar 2017-04-27 10:40:00 Writing to ./data/CNHI_livesignals_20170427_09_40_46.csv ./data/CNHI_last.csv
ET:  0.06  minutes
now 2017-04-27 10:50:00.226000 return data: last bar 2017-04-27 10:45:00 last processed bar 2017-04-27 10:40:00
CNHI: Warning! 596 bars requested 34 bars returned.
start_idx [(19, Timestamp('2017-04-27 09:35:00'))]
start_ema 2017-04-27 08:00:00 start_vwap 2017-04-27 09:35:00 last_bar 2017-04-27 10:45:00 Writing to ./data/CNHI_livesignals_20170427_09_40_46.csv ./data/CNHI_last.csv
ET:  0.11  minutes
now 2017-04-27 10:55:02.396000 return data: last bar 2017-04-27 10:50:00 last processed bar 2017-04-27 10:45:00
CNHI: Warning! 596 bars requested 35 bars returned.
start_idx [(19, Timestamp('2017-04-27 09:35:00'))]
start_ema 2017-04-27 08:00:00 start_vwap 2017-04-27 09:35:00 last_bar 2017-04-27 10:50:00 Writing to ./data/CNHI_livesignals_20170427_09_40_46.csv ./data/CNHI_last.csv
ET:  0.07  minutes
now 2017-04-27 11:00:00.310000 return data: last bar 2017-04-27 10:55:00 last processed bar 2017-04-27 10:50:00
CNHI: Warning! 596 bars requested 36 bars returned.
start_idx [(19, Timestamp('2017-04-27 09:35:00'))]
start_ema 2017-04-27 08:00:00 start_vwap 2017-04-27 09:35:00 last_bar 2017-04-27 10:55:00 Writing to ./data/CNHI_livesignals_20170427_09_40_46.csv ./data/CNHI_last.csv
ET:  0.08  minutes
now 2017-04-27 11:05:00.117000 return data: last bar 2017-04-27 11:05:00 last processed bar 2017-04-27 10:55:00
CNHI: Warning! 596 bars requested 38 bars returned.
start_idx [(19, Timestamp('2017-04-27 09:35:00'))]
start_ema 2017-04-27 08:00:00 start_vwap 2017-04-27 09:35:00 last_bar 2017-04-27 11:05:00 Writing to ./data/CNHI_livesignals_20170427_09_40_46.csv ./data/CNHI_last.csv
ET:  0.11  minutes
now 2017-04-27 11:10:01.056000 return data: last bar 2017-04-27 11:10:00 last processed bar 2017-04-27 11:05:00
CNHI: Warning! 596 bars requested 39 bars returned.
start_idx [(19, Timestamp('2017-04-27 09:35:00'))]
start_ema 2017-04-27 08:00:00 start_vwap 2017-04-27 09:35:00 last_bar 2017-04-27 11:10:00 Writing to ./data/CNHI_livesignals_20170427_09_40_46.csv ./data/CNHI_last.csv
ET:  0.07  minutes
now 2017-04-27 11:15:00.943000 return None: last bar 2017-04-27 11:10:00 last processed bar 2017-04-27 11:10:00
CNHI getFeed did not return any data! last bar: 2017-04-27 11:10:00 now: 11:15:01.050000
now 2017-04-27 11:20:01.960000 return data: last bar 2017-04-27 11:20:00 last processed bar 2017-04-27 11:10:00
CNHI: Warning! 596 bars requested 41 bars returned.
start_idx [(19, Timestamp('2017-04-27 09:35:00'))]
start_ema 2017-04-27 08:00:00 start_vwap 2017-04-27 09:35:00 last_bar 2017-04-27 11:20:00 Writing to ./data/CNHI_livesignals_20170427_09_40_46.csv ./data/CNHI_last.csv
ET:  0.09  minutes
now 2017-04-27 11:25:01.844000 return data: last bar 2017-04-27 11:25:00 last processed bar 2017-04-27 11:20:00
CNHI: Warning! 596 bars requested 42 bars returned.
start_idx [(19, Timestamp('2017-04-27 09:35:00'))]
start_ema 2017-04-27 08:00:00 start_vwap 2017-04-27 09:35:00 last_bar 2017-04-27 11:25:00 Writing to ./data/CNHI_livesignals_20170427_09_40_46.csv ./data/CNHI_last.csv
ET:  0.06  minutes
now 2017-04-27 11:30:01.715000 return data: last bar 2017-04-27 11:30:00 last processed bar 2017-04-27 11:25:00
CNHI: Warning! 596 bars requested 43 bars returned.
start_idx [(19, Timestamp('2017-04-27 09:35:00'))]
start_ema 2017-04-27 08:00:00 start_vwap 2017-04-27 09:35:00 last_bar 2017-04-27 11:30:00 Writing to ./data/CNHI_livesignals_20170427_09_40_46.csv ./data/CNHI_last.csv
ET:  0.07  minutes
now 2017-04-27 11:35:01.218000 return data: last bar 2017-04-27 11:35:00 last processed bar 2017-04-27 11:30:00
CNHI: Warning! 596 bars requested 44 bars returned.
start_idx [(19, Timestamp('2017-04-27 09:35:00'))]
start_ema 2017-04-27 08:00:00 start_vwap 2017-04-27 09:35:00 last_bar 2017-04-27 11:35:00 Writing to ./data/CNHI_livesignals_20170427_09_40_46.csv ./data/CNHI_last.csv
ET:  0.09  minutes
now 2017-04-27 11:40:00.432000 return data: last bar 2017-04-27 11:40:00 last processed bar 2017-04-27 11:35:00
CNHI: Warning! 596 bars requested 45 bars returned.
start_idx [(19, Timestamp('2017-04-27 09:35:00'))]
start_ema 2017-04-27 08:00:00 start_vwap 2017-04-27 09:35:00 last_bar 2017-04-27 11:40:00 Writing to ./data/CNHI_livesignals_20170427_09_40_46.csv ./data/CNHI_last.csv
ET:  0.07  minutes
now 2017-04-27 11:45:00.428000 return data: last bar 2017-04-27 11:45:00 last processed bar 2017-04-27 11:40:00
CNHI: Warning! 596 bars requested 46 bars returned.
start_idx [(19, Timestamp('2017-04-27 09:35:00'))]
start_ema 2017-04-27 08:00:00 start_vwap 2017-04-27 09:35:00 last_bar 2017-04-27 11:45:00 Writing to ./data/CNHI_livesignals_20170427_09_40_46.csv ./data/CNHI_last.csv
ET:  0.08  minutes
now 2017-04-27 11:50:00.187000 return None: last bar 2017-04-27 11:45:00 last processed bar 2017-04-27 11:45:00
CNHI getFeed did not return any data! last bar: 2017-04-27 11:45:00 now: 11:50:00.998000
now 2017-04-27 11:55:00.408000 return data: last bar 2017-04-27 11:50:00 last processed bar 2017-04-27 11:45:00
CNHI: Warning! 596 bars requested 47 bars returned.
start_idx [(19, Timestamp('2017-04-27 09:35:00'))]
start_ema 2017-04-27 08:00:00 start_vwap 2017-04-27 09:35:00 last_bar 2017-04-27 11:50:00 Writing to ./data/CNHI_livesignals_20170427_09_40_46.csv ./data/CNHI_last.csv
ET:  0.08  minutes
now 2017-04-27 12:00:01.244000 return data: last bar 2017-04-27 12:00:00 last processed bar 2017-04-27 11:50:00
CNHI: Warning! 596 bars requested 49 bars returned.
start_idx [(19, Timestamp('2017-04-27 09:35:00'))]
start_ema 2017-04-27 08:00:00 start_vwap 2017-04-27 09:35:00 last_bar 2017-04-27 12:00:00 Writing to ./data/CNHI_livesignals_20170427_09_40_46.csv ./data/CNHI_last.csv
ET:  0.07  minutes
now 2017-04-27 12:05:00.173000 return data: last bar 2017-04-27 12:05:00 last processed bar 2017-04-27 12:00:00
CNHI: Warning! 596 bars requested 50 bars returned.
start_idx [(19, Timestamp('2017-04-27 09:35:00'))]
start_ema 2017-04-27 08:00:00 start_vwap 2017-04-27 09:35:00 last_bar 2017-04-27 12:05:00 Writing to ./data/CNHI_livesignals_20170427_09_40_46.csv ./data/CNHI_last.csv
ET:  0.06  minutes
now 2017-04-27 12:10:01.385000 return data: last bar 2017-04-27 12:10:00 last processed bar 2017-04-27 12:05:00
CNHI: Warning! 596 bars requested 51 bars returned.
start_idx [(19, Timestamp('2017-04-27 09:35:00'))]
start_ema 2017-04-27 08:00:00 start_vwap 2017-04-27 09:35:00 last_bar 2017-04-27 12:10:00 Writing to ./data/CNHI_livesignals_20170427_09_40_46.csv ./data/CNHI_last.csv
ET:  0.07  minutes
now 2017-04-27 12:15:00.637000 return data: last bar 2017-04-27 12:15:00 last processed bar 2017-04-27 12:10:00
CNHI: Warning! 596 bars requested 52 bars returned.
start_idx [(19, Timestamp('2017-04-27 09:35:00'))]
start_ema 2017-04-27 08:00:00 start_vwap 2017-04-27 09:35:00 last_bar 2017-04-27 12:15:00 Writing to ./data/CNHI_livesignals_20170427_09_40_46.csv ./data/CNHI_last.csv
ET:  0.08  minutes
now 2017-04-27 12:20:00.162000 return None: last bar 2017-04-27 12:15:00 last processed bar 2017-04-27 12:15:00
CNHI getFeed did not return any data! last bar: 2017-04-27 12:15:00 now: 12:20:00.376000
now 2017-04-27 12:25:00.238000 return data: last bar 2017-04-27 12:25:00 last processed bar 2017-04-27 12:15:00
CNHI: Warning! 596 bars requested 54 bars returned.
start_idx [(19, Timestamp('2017-04-27 09:35:00'))]
start_ema 2017-04-27 08:00:00 start_vwap 2017-04-27 09:35:00 last_bar 2017-04-27 12:25:00 Writing to ./data/CNHI_livesignals_20170427_09_40_46.csv ./data/CNHI_last.csv
ET:  0.05  minutes
now 2017-04-27 12:30:00.628000 return data: last bar 2017-04-27 12:30:00 last processed bar 2017-04-27 12:25:00
CNHI: Warning! 596 bars requested 55 bars returned.
start_idx [(19, Timestamp('2017-04-27 09:35:00'))]
start_ema 2017-04-27 08:00:00 start_vwap 2017-04-27 09:35:00 last_bar 2017-04-27 12:30:00 Writing to ./data/CNHI_livesignals_20170427_09_40_46.csv ./data/CNHI_last.csv
ET:  0.05  minutes
now 2017-04-27 12:35:00.979000 return data: last bar 2017-04-27 12:35:00 last processed bar 2017-04-27 12:30:00
CNHI: Warning! 596 bars requested 56 bars returned.
start_idx [(19, Timestamp('2017-04-27 09:35:00'))]
start_ema 2017-04-27 08:00:00 start_vwap 2017-04-27 09:35:00 last_bar 2017-04-27 12:35:00 Writing to ./data/CNHI_livesignals_20170427_09_40_46.csv ./data/CNHI_last.csv
ET:  0.08  minutes
now 2017-04-27 12:40:01.301000 return data: last bar 2017-04-27 12:40:00 last processed bar 2017-04-27 12:35:00
CNHI: Warning! 596 bars requested 57 bars returned.
start_idx [(19, Timestamp('2017-04-27 09:35:00'))]
start_ema 2017-04-27 08:00:00 start_vwap 2017-04-27 09:35:00 last_bar 2017-04-27 12:40:00 Writing to ./data/CNHI_livesignals_20170427_09_40_46.csv ./data/CNHI_last.csv
ET:  0.08  minutes
now 2017-04-27 12:45:00.561000 return data: last bar 2017-04-27 12:45:00 last processed bar 2017-04-27 12:40:00
CNHI: Warning! 596 bars requested 58 bars returned.
start_idx [(19, Timestamp('2017-04-27 09:35:00'))]
start_ema 2017-04-27 08:00:00 start_vwap 2017-04-27 09:35:00 last_bar 2017-04-27 12:45:00 Writing to ./data/CNHI_livesignals_20170427_09_40_46.csv ./data/CNHI_last.csv
ET:  0.07  minutes
now 2017-04-27 12:50:00.624000 return data: last bar 2017-04-27 12:50:00 last processed bar 2017-04-27 12:45:00
CNHI: Warning! 596 bars requested 59 bars returned.
start_idx [(19, Timestamp('2017-04-27 09:35:00'))]
start_ema 2017-04-27 08:00:00 start_vwap 2017-04-27 09:35:00 last_bar 2017-04-27 12:50:00 Writing to ./data/CNHI_livesignals_20170427_09_40_46.csv ./data/CNHI_last.csv
ET:  0.06  minutes
now 2017-04-27 12:55:00.320000 return data: last bar 2017-04-27 12:55:00 last processed bar 2017-04-27 12:50:00
CNHI: Warning! 596 bars requested 60 bars returned.
start_idx [(19, Timestamp('2017-04-27 09:35:00'))]
start_ema 2017-04-27 08:00:00 start_vwap 2017-04-27 09:35:00 last_bar 2017-04-27 12:55:00 Writing to ./data/CNHI_livesignals_20170427_09_40_46.csv ./data/CNHI_last.csv
ET:  0.07  minutes
now 2017-04-27 13:00:00.387000 return data: last bar 2017-04-27 13:00:00 last processed bar 2017-04-27 12:55:00
CNHI: Warning! 596 bars requested 61 bars returned.
start_idx [(19, Timestamp('2017-04-27 09:35:00'))]
start_ema 2017-04-27 08:00:00 start_vwap 2017-04-27 09:35:00 last_bar 2017-04-27 13:00:00 Writing to ./data/CNHI_livesignals_20170427_09_40_46.csv ./data/CNHI_last.csv
ET:  0.07  minutes
now 2017-04-27 13:05:01.250000 return data: last bar 2017-04-27 13:05:00 last processed bar 2017-04-27 13:00:00
CNHI: Warning! 596 bars requested 62 bars returned.
start_idx [(19, Timestamp('2017-04-27 09:35:00'))]
start_ema 2017-04-27 08:00:00 start_vwap 2017-04-27 09:35:00 last_bar 2017-04-27 13:05:00 Writing to ./data/CNHI_livesignals_20170427_09_40_46.csv ./data/CNHI_last.csv
ET:  0.07  minutes
now 2017-04-27 13:10:00.494000 return data: last bar 2017-04-27 13:10:00 last processed bar 2017-04-27 13:05:00
CNHI: Warning! 596 bars requested 63 bars returned.
start_idx [(19, Timestamp('2017-04-27 09:35:00'))]
start_ema 2017-04-27 08:00:00 start_vwap 2017-04-27 09:35:00 last_bar 2017-04-27 13:10:00 Writing to ./data/CNHI_livesignals_20170427_09_40_46.csv ./data/CNHI_last.csv
ET:  0.08  minutes
now 2017-04-27 13:15:00.766000 return data: last bar 2017-04-27 13:15:00 last processed bar 2017-04-27 13:10:00
CNHI: Warning! 596 bars requested 64 bars returned.
start_idx [(19, Timestamp('2017-04-27 09:35:00'))]
start_ema 2017-04-27 08:00:00 start_vwap 2017-04-27 09:35:00 last_bar 2017-04-27 13:15:00 Writing to ./data/CNHI_livesignals_20170427_09_40_46.csv ./data/CNHI_last.csv
ET:  0.06  minutes
now 2017-04-27 13:20:01.150000 return data: last bar 2017-04-27 13:20:00 last processed bar 2017-04-27 13:15:00
CNHI: Warning! 596 bars requested 65 bars returned.
start_idx [(19, Timestamp('2017-04-27 09:35:00'))]
start_ema 2017-04-27 08:00:00 start_vwap 2017-04-27 09:35:00 last_bar 2017-04-27 13:20:00 Writing to ./data/CNHI_livesignals_20170427_09_40_46.csv ./data/CNHI_last.csv
ET:  0.07  minutes
now 2017-04-27 13:25:00.467000 return data: last bar 2017-04-27 13:25:00 last processed bar 2017-04-27 13:20:00
CNHI: Warning! 596 bars requested 66 bars returned.
start_idx [(19, Timestamp('2017-04-27 09:35:00'))]
start_ema 2017-04-27 08:00:00 start_vwap 2017-04-27 09:35:00 last_bar 2017-04-27 13:25:00 Writing to ./data/CNHI_livesignals_20170427_09_40_46.csv ./data/CNHI_last.csv
ET:  0.09  minutes
now 2017-04-27 13:30:01.732000 return data: last bar 2017-04-27 13:30:00 last processed bar 2017-04-27 13:25:00
CNHI: Warning! 596 bars requested 67 bars returned.
start_idx [(19, Timestamp('2017-04-27 09:35:00'))]
start_ema 2017-04-27 08:00:00 start_vwap 2017-04-27 09:35:00 last_bar 2017-04-27 13:30:00 Writing to ./data/CNHI_livesignals_20170427_09_40_46.csv ./data/CNHI_last.csv
ET:  0.06  minutes
now 2017-04-27 13:35:00.810000 return data: last bar 2017-04-27 13:35:00 last processed bar 2017-04-27 13:30:00
CNHI: Warning! 596 bars requested 68 bars returned.
start_idx [(19, Timestamp('2017-04-27 09:35:00'))]
start_ema 2017-04-27 08:00:00 start_vwap 2017-04-27 09:35:00 last_bar 2017-04-27 13:35:00 Writing to ./data/CNHI_livesignals_20170427_09_40_46.csv ./data/CNHI_last.csv
ET:  0.08  minutes
now 2017-04-27 13:40:01.331000 return data: last bar 2017-04-27 13:40:00 last processed bar 2017-04-27 13:35:00
CNHI: Warning! 596 bars requested 69 bars returned.
start_idx [(19, Timestamp('2017-04-27 09:35:00'))]
start_ema 2017-04-27 08:00:00 start_vwap 2017-04-27 09:35:00 last_bar 2017-04-27 13:40:00 Writing to ./data/CNHI_livesignals_20170427_09_40_46.csv ./data/CNHI_last.csv
ET:  0.09  minutes
now 2017-04-27 13:45:01.363000 return data: last bar 2017-04-27 13:45:00 last processed bar 2017-04-27 13:40:00
CNHI: Warning! 596 bars requested 70 bars returned.
start_idx [(19, Timestamp('2017-04-27 09:35:00'))]
start_ema 2017-04-27 08:00:00 start_vwap 2017-04-27 09:35:00 last_bar 2017-04-27 13:45:00 Writing to ./data/CNHI_livesignals_20170427_09_40_46.csv ./data/CNHI_last.csv
ET:  0.09  minutes
now 2017-04-27 13:50:01.088000 return data: last bar 2017-04-27 13:50:00 last processed bar 2017-04-27 13:45:00
CNHI: Warning! 596 bars requested 71 bars returned.
start_idx [(19, Timestamp('2017-04-27 09:35:00'))]
start_ema 2017-04-27 08:00:00 start_vwap 2017-04-27 09:35:00 last_bar 2017-04-27 13:50:00 Writing to ./data/CNHI_livesignals_20170427_09_40_46.csv ./data/CNHI_last.csv
ET:  0.09  minutes
now 2017-04-27 13:55:00.583000 return data: last bar 2017-04-27 13:55:00 last processed bar 2017-04-27 13:50:00
CNHI: Warning! 596 bars requested 72 bars returned.
start_idx [(19, Timestamp('2017-04-27 09:35:00'))]
start_ema 2017-04-27 08:00:00 start_vwap 2017-04-27 09:35:00 last_bar 2017-04-27 13:55:00 Writing to ./data/CNHI_livesignals_20170427_09_40_46.csv ./data/CNHI_last.csv
ET:  0.06  minutes
now 2017-04-27 14:00:00.353000 return data: last bar 2017-04-27 14:00:00 last processed bar 2017-04-27 13:55:00
CNHI: Warning! 596 bars requested 73 bars returned.
start_idx [(19, Timestamp('2017-04-27 09:35:00'))]
start_ema 2017-04-27 08:00:00 start_vwap 2017-04-27 09:35:00 last_bar 2017-04-27 14:00:00 Writing to ./data/CNHI_livesignals_20170427_09_40_46.csv ./data/CNHI_last.csv
ET:  0.07  minutes
now 2017-04-27 14:05:01.854000 return data: last bar 2017-04-27 14:05:00 last processed bar 2017-04-27 14:00:00
CNHI: Warning! 596 bars requested 74 bars returned.
start_idx [(19, Timestamp('2017-04-27 09:35:00'))]
start_ema 2017-04-27 08:00:00 start_vwap 2017-04-27 09:35:00 last_bar 2017-04-27 14:05:00 Writing to ./data/CNHI_livesignals_20170427_09_40_46.csv ./data/CNHI_last.csv
ET:  0.06  minutes
now 2017-04-27 14:10:00.578000 return data: last bar 2017-04-27 14:10:00 last processed bar 2017-04-27 14:05:00
CNHI: Warning! 596 bars requested 75 bars returned.
start_idx [(19, Timestamp('2017-04-27 09:35:00'))]
start_ema 2017-04-27 08:00:00 start_vwap 2017-04-27 09:35:00 last_bar 2017-04-27 14:10:00 Writing to ./data/CNHI_livesignals_20170427_09_40_46.csv ./data/CNHI_last.csv
ET:  0.04  minutes
now 2017-04-27 14:15:00.070000 return data: last bar 2017-04-27 14:15:00 last processed bar 2017-04-27 14:10:00
CNHI: Warning! 596 bars requested 76 bars returned.
start_idx [(19, Timestamp('2017-04-27 09:35:00'))]
start_ema 2017-04-27 08:00:00 start_vwap 2017-04-27 09:35:00 last_bar 2017-04-27 14:15:00 Writing to ./data/CNHI_livesignals_20170427_09_40_46.csv ./data/CNHI_last.csv
ET:  0.03  minutes
now 2017-04-27 14:20:00.004000 return data: last bar 2017-04-27 14:20:00 last processed bar 2017-04-27 14:15:00
CNHI: Warning! 596 bars requested 77 bars returned.
start_idx [(19, Timestamp('2017-04-27 09:35:00'))]
start_ema 2017-04-27 08:00:00 start_vwap 2017-04-27 09:35:00 last_bar 2017-04-27 14:20:00 Writing to ./data/CNHI_livesignals_20170427_09_40_46.csv ./data/CNHI_last.csv
ET:  0.06  minutes
now 2017-04-27 14:25:01.495000 return data: last bar 2017-04-27 14:25:00 last processed bar 2017-04-27 14:20:00
CNHI: Warning! 596 bars requested 78 bars returned.
start_idx [(19, Timestamp('2017-04-27 09:35:00'))]
start_ema 2017-04-27 08:00:00 start_vwap 2017-04-27 09:35:00 last_bar 2017-04-27 14:25:00 Writing to ./data/CNHI_livesignals_20170427_09_40_46.csv ./data/CNHI_last.csv
ET:  0.06  minutes
now 2017-04-27 14:30:01.428000 return data: last bar 2017-04-27 14:30:00 last processed bar 2017-04-27 14:25:00
CNHI: Warning! 596 bars requested 79 bars returned.
start_idx [(19, Timestamp('2017-04-27 09:35:00'))]
start_ema 2017-04-27 08:00:00 start_vwap 2017-04-27 09:35:00 last_bar 2017-04-27 14:30:00 Writing to ./data/CNHI_livesignals_20170427_09_40_46.csv ./data/CNHI_last.csv
ET:  0.07  minutes
now 2017-04-27 14:35:01.334000 return data: last bar 2017-04-27 14:35:00 last processed bar 2017-04-27 14:30:00
CNHI: Warning! 596 bars requested 80 bars returned.
start_idx [(19, Timestamp('2017-04-27 09:35:00'))]
start_ema 2017-04-27 08:00:00 start_vwap 2017-04-27 09:35:00 last_bar 2017-04-27 14:35:00 Writing to ./data/CNHI_livesignals_20170427_09_40_46.csv ./data/CNHI_last.csv
ET:  0.07  minutes
now 2017-04-27 14:40:01.452000 return data: last bar 2017-04-27 14:40:00 last processed bar 2017-04-27 14:35:00
CNHI: Warning! 596 bars requested 81 bars returned.
start_idx [(19, Timestamp('2017-04-27 09:35:00'))]
start_ema 2017-04-27 08:00:00 start_vwap 2017-04-27 09:35:00 last_bar 2017-04-27 14:40:00 Writing to ./data/CNHI_livesignals_20170427_09_40_46.csv ./data/CNHI_last.csv
ET:  0.05  minutes
now 2017-04-27 14:45:00.379000 return data: last bar 2017-04-27 14:45:00 last processed bar 2017-04-27 14:40:00
CNHI: Warning! 596 bars requested 82 bars returned.
start_idx [(19, Timestamp('2017-04-27 09:35:00'))]
start_ema 2017-04-27 08:00:00 start_vwap 2017-04-27 09:35:00 last_bar 2017-04-27 14:45:00 Writing to ./data/CNHI_livesignals_20170427_09_40_46.csv ./data/CNHI_last.csv
ET:  0.06  minutes
now 2017-04-27 14:50:02.190000 return data: last bar 2017-04-27 14:50:00 last processed bar 2017-04-27 14:45:00
CNHI: Warning! 596 bars requested 83 bars returned.
start_idx [(19, Timestamp('2017-04-27 09:35:00'))]
start_ema 2017-04-27 08:00:00 start_vwap 2017-04-27 09:35:00 last_bar 2017-04-27 14:50:00 Writing to ./data/CNHI_livesignals_20170427_09_40_46.csv ./data/CNHI_last.csv
ET:  0.04  minutes
now 2017-04-27 14:55:01.260000 return data: last bar 2017-04-27 14:55:00 last processed bar 2017-04-27 14:50:00
CNHI: Warning! 596 bars requested 84 bars returned.
start_idx [(19, Timestamp('2017-04-27 09:35:00'))]
start_ema 2017-04-27 08:00:00 start_vwap 2017-04-27 09:35:00 last_bar 2017-04-27 14:55:00 Writing to ./data/CNHI_livesignals_20170427_09_40_46.csv ./data/CNHI_last.csv
ET:  0.09  minutes
now 2017-04-27 15:00:00.586000 return None: last bar 2017-04-27 14:55:00 last processed bar 2017-04-27 14:55:00
CNHI getFeed did not return any data! last bar: 2017-04-27 14:55:00 now: 15:00:00.832000
now 2017-04-27 15:05:00.466000 return data: last bar 2017-04-27 15:05:00 last processed bar 2017-04-27 14:55:00
CNHI: Warning! 596 bars requested 86 bars returned.
start_idx [(19, Timestamp('2017-04-27 09:35:00'))]
start_ema 2017-04-27 08:00:00 start_vwap 2017-04-27 09:35:00 last_bar 2017-04-27 15:05:00 Writing to ./data/CNHI_livesignals_20170427_09_40_46.csv ./data/CNHI_last.csv
ET:  0.07  minutes
now 2017-04-27 15:10:01.143000 return data: last bar 2017-04-27 15:10:00 last processed bar 2017-04-27 15:05:00
CNHI: Warning! 596 bars requested 87 bars returned.
start_idx [(19, Timestamp('2017-04-27 09:35:00'))]
start_ema 2017-04-27 08:00:00 start_vwap 2017-04-27 09:35:00 last_bar 2017-04-27 15:10:00 Writing to ./data/CNHI_livesignals_20170427_09_40_46.csv ./data/CNHI_last.csv
ET:  0.05  minutes
now 2017-04-27 15:15:00.305000 return data: last bar 2017-04-27 15:15:00 last processed bar 2017-04-27 15:10:00
CNHI: Warning! 596 bars requested 88 bars returned.
start_idx [(19, Timestamp('2017-04-27 09:35:00'))]
start_ema 2017-04-27 08:00:00 start_vwap 2017-04-27 09:35:00 last_bar 2017-04-27 15:15:00 Writing to ./data/CNHI_livesignals_20170427_09_40_46.csv ./data/CNHI_last.csv
ET:  0.08  minutes
now 2017-04-27 15:20:00.311000 return None: last bar 2017-04-27 15:15:00 last processed bar 2017-04-27 15:15:00
CNHI getFeed did not return any data! last bar: 2017-04-27 15:15:00 now: 15:20:00.640000
now 2017-04-27 15:25:00.221000 return data: last bar 2017-04-27 15:20:00 last processed bar 2017-04-27 15:15:00
CNHI: Warning! 596 bars requested 89 bars returned.
start_idx [(19, Timestamp('2017-04-27 09:35:00'))]
start_ema 2017-04-27 08:00:00 start_vwap 2017-04-27 09:35:00 last_bar 2017-04-27 15:20:00 Writing to ./data/CNHI_livesignals_20170427_09_40_46.csv ./data/CNHI_last.csv
ET:  0.04  minutes
now 2017-04-27 15:30:00.536000 return data: last bar 2017-04-27 15:30:00 last processed bar 2017-04-27 15:20:00
CNHI: Warning! 596 bars requested 91 bars returned.
start_idx [(19, Timestamp('2017-04-27 09:35:00'))]
start_ema 2017-04-27 08:00:00 start_vwap 2017-04-27 09:35:00 last_bar 2017-04-27 15:30:00 Writing to ./data/CNHI_livesignals_20170427_09_40_46.csv ./data/CNHI_last.csv
ET:  0.03  minutes
now 2017-04-27 15:35:01.499000 return data: last bar 2017-04-27 15:35:00 last processed bar 2017-04-27 15:30:00
CNHI: Warning! 596 bars requested 92 bars returned.
start_idx [(19, Timestamp('2017-04-27 09:35:00'))]
start_ema 2017-04-27 08:00:00 start_vwap 2017-04-27 09:35:00 last_bar 2017-04-27 15:35:00 Writing to ./data/CNHI_livesignals_20170427_09_40_46.csv ./data/CNHI_last.csv
ET:  0.05  minutes
now 2017-04-27 15:40:00.240000 return data: last bar 2017-04-27 15:40:00 last processed bar 2017-04-27 15:35:00
CNHI: Warning! 596 bars requested 93 bars returned.
start_idx [(19, Timestamp('2017-04-27 09:35:00'))]
start_ema 2017-04-27 08:00:00 start_vwap 2017-04-27 09:35:00 last_bar 2017-04-27 15:40:00 Writing to ./data/CNHI_livesignals_20170427_09_40_46.csv ./data/CNHI_last.csv
ET:  0.05  minutes
now 2017-04-27 15:45:00.198000 return None: last bar 2017-04-27 15:40:00 last processed bar 2017-04-27 15:40:00
CNHI getFeed did not return any data! last bar: 2017-04-27 15:40:00 now: 15:45:00.416000
now 2017-04-27 15:50:00.968000 return data: last bar 2017-04-27 15:50:00 last processed bar 2017-04-27 15:40:00
CNHI: Warning! 596 bars requested 95 bars returned.
start_idx [(19, Timestamp('2017-04-27 09:35:00'))]
start_ema 2017-04-27 08:00:00 start_vwap 2017-04-27 09:35:00 last_bar 2017-04-27 15:50:00 Writing to ./data/CNHI_livesignals_20170427_09_40_46.csv ./data/CNHI_last.csv
ET:  0.05  minutes
now 2017-04-27 15:55:00.715000
