return data: last bar 2017-04-27 09:35:00 last processed bar 1000-01-01 00:00:00
CROX: Warning! 596 bars requested 20 bars returned.
start_idx [(19, Timestamp('2017-04-27 09:35:00'))]
start_ema 2017-04-27 08:00:00 start_vwap 2017-04-27 09:35:00 last_bar 2017-04-27 09:35:00 ET:  0.04  minutes
now 2017-04-27 09:45:00.907000 return None: last bar 2017-04-27 09:35:00 last processed bar 2017-04-27 09:35:00
CROX getFeed did not return any data! last bar: 2017-04-27 09:35:00 now: 09:45:01.173000
now 2017-04-27 09:50:01.952000 return data: last bar 2017-04-27 09:40:00 last processed bar 2017-04-27 09:35:00
CROX: Warning! 596 bars requested 21 bars returned.
start_idx [(19, Timestamp('2017-04-27 09:35:00'))]
start_ema 2017-04-27 08:00:00 start_vwap 2017-04-27 09:35:00 last_bar 2017-04-27 09:40:00 Writing to ./data/CROX_livesignals_20170427_09_40_50.csv ./data/CROX_last.csv
ET:  0.05  minutes
now 2017-04-27 09:55:01.186000 return data: last bar 2017-04-27 09:45:00 last processed bar 2017-04-27 09:40:00
CROX: Warning! 596 bars requested 22 bars returned.
start_idx [(19, Timestamp('2017-04-27 09:35:00'))]
start_ema 2017-04-27 08:00:00 start_vwap 2017-04-27 09:35:00 last_bar 2017-04-27 09:45:00 Writing to ./data/CROX_livesignals_20170427_09_40_50.csv ./data/CROX_last.csv
ET:  0.06  minutes
now 2017-04-27 10:00:01.588000 return data: last bar 2017-04-27 09:50:00 last processed bar 2017-04-27 09:45:00
CROX: Warning! 596 bars requested 23 bars returned.
start_idx [(19, Timestamp('2017-04-27 09:35:00'))]
start_ema 2017-04-27 08:00:00 start_vwap 2017-04-27 09:35:00 last_bar 2017-04-27 09:50:00 Writing to ./data/CROX_livesignals_20170427_09_40_50.csv ./data/CROX_last.csv
ET:  0.07  minutes
now 2017-04-27 10:05:01.658000 return data: last bar 2017-04-27 09:55:00 last processed bar 2017-04-27 09:50:00
CROX: Warning! 596 bars requested 24 bars returned.
start_idx [(19, Timestamp('2017-04-27 09:35:00'))]
start_ema 2017-04-27 08:00:00 start_vwap 2017-04-27 09:35:00 last_bar 2017-04-27 09:55:00 Writing to ./data/CROX_livesignals_20170427_09_40_50.csv ./data/CROX_last.csv
ET:  0.06  minutes
now 2017-04-27 10:10:00.430000 return data: last bar 2017-04-27 10:00:00 last processed bar 2017-04-27 09:55:00
CROX: Warning! 596 bars requested 25 bars returned.
start_idx [(19, Timestamp('2017-04-27 09:35:00'))]
start_ema 2017-04-27 08:00:00 start_vwap 2017-04-27 09:35:00 last_bar 2017-04-27 10:00:00 Writing to ./data/CROX_livesignals_20170427_09_40_50.csv ./data/CROX_last.csv
ET:  0.07  minutes
now 2017-04-27 10:15:00.694000 return data: last bar 2017-04-27 10:10:00 last processed bar 2017-04-27 10:00:00
CROX: Warning! 596 bars requested 27 bars returned.
start_idx [(19, Timestamp('2017-04-27 09:35:00'))]
start_ema 2017-04-27 08:00:00 start_vwap 2017-04-27 09:35:00 last_bar 2017-04-27 10:10:00 Writing to ./data/CROX_livesignals_20170427_09_40_50.csv ./data/CROX_last.csv
ET:  0.08  minutes
now 2017-04-27 10:20:01.568000 return data: last bar 2017-04-27 10:15:00 last processed bar 2017-04-27 10:10:00
CROX: Warning! 596 bars requested 28 bars returned.
start_idx [(19, Timestamp('2017-04-27 09:35:00'))]
start_ema 2017-04-27 08:00:00 start_vwap 2017-04-27 09:35:00 last_bar 2017-04-27 10:15:00 Writing to ./data/CROX_livesignals_20170427_09_40_50.csv ./data/CROX_last.csv
ET:  0.08  minutes
now 2017-04-27 10:25:00.617000 return data: last bar 2017-04-27 10:20:00 last processed bar 2017-04-27 10:15:00
CROX: Warning! 596 bars requested 29 bars returned.
start_idx [(19, Timestamp('2017-04-27 09:35:00'))]
start_ema 2017-04-27 08:00:00 start_vwap 2017-04-27 09:35:00 last_bar 2017-04-27 10:20:00 Writing to ./data/CROX_livesignals_20170427_09_40_50.csv ./data/CROX_last.csv
ET:  0.05  minutes
now 2017-04-27 10:30:02.799000 return data: last bar 2017-04-27 10:25:00 last processed bar 2017-04-27 10:20:00
CROX: Warning! 596 bars requested 30 bars returned.
start_idx [(19, Timestamp('2017-04-27 09:35:00'))]
start_ema 2017-04-27 08:00:00 start_vwap 2017-04-27 09:35:00 last_bar 2017-04-27 10:25:00 Writing to ./data/CROX_livesignals_20170427_09_40_50.csv ./data/CROX_last.csv
ET:  0.06  minutes
now 2017-04-27 10:35:00.323000 return data: last bar 2017-04-27 10:30:00 last processed bar 2017-04-27 10:25:00
CROX: Warning! 596 bars requested 31 bars returned.
start_idx [(19, Timestamp('2017-04-27 09:35:00'))]
start_ema 2017-04-27 08:00:00 start_vwap 2017-04-27 09:35:00 last_bar 2017-04-27 10:30:00 Writing to ./data/CROX_livesignals_20170427_09_40_50.csv ./data/CROX_last.csv
ET:  0.06  minutes
now 2017-04-27 10:40:01.229000 return data: last bar 2017-04-27 10:35:00 last processed bar 2017-04-27 10:30:00
CROX: Warning! 596 bars requested 32 bars returned.
start_idx [(19, Timestamp('2017-04-27 09:35:00'))]
start_ema 2017-04-27 08:00:00 start_vwap 2017-04-27 09:35:00 last_bar 2017-04-27 10:35:00 Writing to ./data/CROX_livesignals_20170427_09_40_50.csv ./data/CROX_last.csv
ET:  0.07  minutes
now 2017-04-27 10:45:00.324000 return data: last bar 2017-04-27 10:40:00 last processed bar 2017-04-27 10:35:00
CROX: Warning! 596 bars requested 33 bars returned.
start_idx [(19, Timestamp('2017-04-27 09:35:00'))]
start_ema 2017-04-27 08:00:00 start_vwap 2017-04-27 09:35:00 last_bar 2017-04-27 10:40:00 Writing to ./data/CROX_livesignals_20170427_09_40_50.csv ./data/CROX_last.csv
ET:  0.05  minutes
now 2017-04-27 10:50:01.092000 return data: last bar 2017-04-27 10:45:00 last processed bar 2017-04-27 10:40:00
CROX: Warning! 596 bars requested 34 bars returned.
start_idx [(19, Timestamp('2017-04-27 09:35:00'))]
start_ema 2017-04-27 08:00:00 start_vwap 2017-04-27 09:35:00 last_bar 2017-04-27 10:45:00 Writing to ./data/CROX_livesignals_20170427_09_40_50.csv ./data/CROX_last.csv
ET:  0.07  minutes
now 2017-04-27 10:55:00.408000 return data: last bar 2017-04-27 10:50:00 last processed bar 2017-04-27 10:45:00
CROX: Warning! 596 bars requested 35 bars returned.
start_idx [(19, Timestamp('2017-04-27 09:35:00'))]
start_ema 2017-04-27 08:00:00 start_vwap 2017-04-27 09:35:00 last_bar 2017-04-27 10:50:00 Writing to ./data/CROX_livesignals_20170427_09_40_50.csv ./data/CROX_last.csv
ET:  0.06  minutes
now 2017-04-27 11:00:00.160000 return data: last bar 2017-04-27 10:55:00 last processed bar 2017-04-27 10:50:00
CROX: Warning! 596 bars requested 36 bars returned.
start_idx [(19, Timestamp('2017-04-27 09:35:00'))]
start_ema 2017-04-27 08:00:00 start_vwap 2017-04-27 09:35:00 last_bar 2017-04-27 10:55:00 Writing to ./data/CROX_livesignals_20170427_09_40_50.csv ./data/CROX_last.csv
ET:  0.1  minutes
now 2017-04-27 11:05:04.154000 return data: last bar 2017-04-27 11:05:00 last processed bar 2017-04-27 10:55:00
CROX: Warning! 596 bars requested 38 bars returned.
start_idx [(19, Timestamp('2017-04-27 09:35:00'))]
start_ema 2017-04-27 08:00:00 start_vwap 2017-04-27 09:35:00 last_bar 2017-04-27 11:05:00 Writing to ./data/CROX_livesignals_20170427_09_40_50.csv ./data/CROX_last.csv
ET:  0.06  minutes
now 2017-04-27 11:10:01.434000 return data: last bar 2017-04-27 11:10:00 last processed bar 2017-04-27 11:05:00
CROX: Warning! 596 bars requested 39 bars returned.
start_idx [(19, Timestamp('2017-04-27 09:35:00'))]
start_ema 2017-04-27 08:00:00 start_vwap 2017-04-27 09:35:00 last_bar 2017-04-27 11:10:00 Writing to ./data/CROX_livesignals_20170427_09_40_50.csv ./data/CROX_last.csv
ET:  0.09  minutes
now 2017-04-27 11:15:04.516000 return None: last bar 2017-04-27 11:10:00 last processed bar 2017-04-27 11:10:00
CROX getFeed did not return any data! last bar: 2017-04-27 11:10:00 now: 11:15:05.035000
now 2017-04-27 11:20:00.739000 return data: last bar 2017-04-27 11:20:00 last processed bar 2017-04-27 11:10:00
CROX: Warning! 596 bars requested 41 bars returned.
start_idx [(19, Timestamp('2017-04-27 09:35:00'))]
start_ema 2017-04-27 08:00:00 start_vwap 2017-04-27 09:35:00 last_bar 2017-04-27 11:20:00 Writing to ./data/CROX_livesignals_20170427_09_40_50.csv ./data/CROX_last.csv
ET:  0.11  minutes
now 2017-04-27 11:25:00.093000 return data: last bar 2017-04-27 11:25:00 last processed bar 2017-04-27 11:20:00
CROX: Warning! 596 bars requested 42 bars returned.
start_idx [(19, Timestamp('2017-04-27 09:35:00'))]
start_ema 2017-04-27 08:00:00 start_vwap 2017-04-27 09:35:00 last_bar 2017-04-27 11:25:00 Writing to ./data/CROX_livesignals_20170427_09_40_50.csv ./data/CROX_last.csv
ET:  0.09  minutes
now 2017-04-27 11:30:00.927000 return data: last bar 2017-04-27 11:30:00 last processed bar 2017-04-27 11:25:00
CROX: Warning! 596 bars requested 43 bars returned.
start_idx [(19, Timestamp('2017-04-27 09:35:00'))]
start_ema 2017-04-27 08:00:00 start_vwap 2017-04-27 09:35:00 last_bar 2017-04-27 11:30:00 Writing to ./data/CROX_livesignals_20170427_09_40_50.csv ./data/CROX_last.csv
ET:  0.08  minutes
now 2017-04-27 11:35:01.145000 return data: last bar 2017-04-27 11:35:00 last processed bar 2017-04-27 11:30:00
CROX: Warning! 596 bars requested 44 bars returned.
start_idx [(19, Timestamp('2017-04-27 09:35:00'))]
start_ema 2017-04-27 08:00:00 start_vwap 2017-04-27 09:35:00 last_bar 2017-04-27 11:35:00 Writing to ./data/CROX_livesignals_20170427_09_40_50.csv ./data/CROX_last.csv
ET:  0.08  minutes
now 2017-04-27 11:40:00.241000 return data: last bar 2017-04-27 11:40:00 last processed bar 2017-04-27 11:35:00
CROX: Warning! 596 bars requested 45 bars returned.
start_idx [(19, Timestamp('2017-04-27 09:35:00'))]
start_ema 2017-04-27 08:00:00 start_vwap 2017-04-27 09:35:00 last_bar 2017-04-27 11:40:00 Writing to ./data/CROX_livesignals_20170427_09_40_50.csv ./data/CROX_last.csv
ET:  0.07  minutes
now 2017-04-27 11:45:00.374000 return data: last bar 2017-04-27 11:45:00 last processed bar 2017-04-27 11:40:00
CROX: Warning! 596 bars requested 46 bars returned.
start_idx [(19, Timestamp('2017-04-27 09:35:00'))]
start_ema 2017-04-27 08:00:00 start_vwap 2017-04-27 09:35:00 last_bar 2017-04-27 11:45:00 Writing to ./data/CROX_livesignals_20170427_09_40_50.csv ./data/CROX_last.csv
ET:  0.07  minutes
now 2017-04-27 11:50:01.419000 return data: last bar 2017-04-27 11:50:00 last processed bar 2017-04-27 11:45:00
CROX: Warning! 596 bars requested 47 bars returned.
start_idx [(19, Timestamp('2017-04-27 09:35:00'))]
start_ema 2017-04-27 08:00:00 start_vwap 2017-04-27 09:35:00 last_bar 2017-04-27 11:50:00 Writing to ./data/CROX_livesignals_20170427_09_40_50.csv ./data/CROX_last.csv
ET:  0.06  minutes
now 2017-04-27 11:55:00.441000 return data: last bar 2017-04-27 11:55:00 last processed bar 2017-04-27 11:50:00
CROX: Warning! 596 bars requested 48 bars returned.
start_idx [(19, Timestamp('2017-04-27 09:35:00'))]
start_ema 2017-04-27 08:00:00 start_vwap 2017-04-27 09:35:00 last_bar 2017-04-27 11:55:00 Writing to ./data/CROX_livesignals_20170427_09_40_50.csv ./data/CROX_last.csv
ET:  0.07  minutes
now 2017-04-27 12:00:01.158000 return data: last bar 2017-04-27 12:00:00 last processed bar 2017-04-27 11:55:00
CROX: Warning! 596 bars requested 49 bars returned.
start_idx [(19, Timestamp('2017-04-27 09:35:00'))]
start_ema 2017-04-27 08:00:00 start_vwap 2017-04-27 09:35:00 last_bar 2017-04-27 12:00:00 Writing to ./data/CROX_livesignals_20170427_09_40_50.csv ./data/CROX_last.csv
ET:  0.09  minutes
now 2017-04-27 12:05:00.516000 return data: last bar 2017-04-27 12:05:00 last processed bar 2017-04-27 12:00:00
CROX: Warning! 596 bars requested 50 bars returned.
start_idx [(19, Timestamp('2017-04-27 09:35:00'))]
start_ema 2017-04-27 08:00:00 start_vwap 2017-04-27 09:35:00 last_bar 2017-04-27 12:05:00 Writing to ./data/CROX_livesignals_20170427_09_40_50.csv ./data/CROX_last.csv
ET:  0.08  minutes
now 2017-04-27 12:10:00.072000 return data: last bar 2017-04-27 12:10:00 last processed bar 2017-04-27 12:05:00
CROX: Warning! 596 bars requested 51 bars returned.
start_idx [(19, Timestamp('2017-04-27 09:35:00'))]
start_ema 2017-04-27 08:00:00 start_vwap 2017-04-27 09:35:00 last_bar 2017-04-27 12:10:00 Writing to ./data/CROX_livesignals_20170427_09_40_50.csv ./data/CROX_last.csv
ET:  0.05  minutes
now 2017-04-27 12:15:01.099000 return data: last bar 2017-04-27 12:15:00 last processed bar 2017-04-27 12:10:00
CROX: Warning! 596 bars requested 52 bars returned.
start_idx [(19, Timestamp('2017-04-27 09:35:00'))]
start_ema 2017-04-27 08:00:00 start_vwap 2017-04-27 09:35:00 last_bar 2017-04-27 12:15:00 Writing to ./data/CROX_livesignals_20170427_09_40_50.csv ./data/CROX_last.csv
ET:  0.05  minutes
now 2017-04-27 12:20:00.662000 return data: last bar 2017-04-27 12:20:00 last processed bar 2017-04-27 12:15:00
CROX: Warning! 596 bars requested 53 bars returned.
start_idx [(19, Timestamp('2017-04-27 09:35:00'))]
start_ema 2017-04-27 08:00:00 start_vwap 2017-04-27 09:35:00 last_bar 2017-04-27 12:20:00 Writing to ./data/CROX_livesignals_20170427_09_40_50.csv ./data/CROX_last.csv
ET:  0.06  minutes
now 2017-04-27 12:25:00.345000 return data: last bar 2017-04-27 12:25:00 last processed bar 2017-04-27 12:20:00
CROX: Warning! 596 bars requested 54 bars returned.
start_idx [(19, Timestamp('2017-04-27 09:35:00'))]
start_ema 2017-04-27 08:00:00 start_vwap 2017-04-27 09:35:00 last_bar 2017-04-27 12:25:00 Writing to ./data/CROX_livesignals_20170427_09_40_50.csv ./data/CROX_last.csv
ET:  0.06  minutes
now 2017-04-27 12:30:00.971000 return data: last bar 2017-04-27 12:30:00 last processed bar 2017-04-27 12:25:00
CROX: Warning! 596 bars requested 55 bars returned.
start_idx [(19, Timestamp('2017-04-27 09:35:00'))]
start_ema 2017-04-27 08:00:00 start_vwap 2017-04-27 09:35:00 last_bar 2017-04-27 12:30:00 Writing to ./data/CROX_livesignals_20170427_09_40_50.csv ./data/CROX_last.csv
ET:  0.08  minutes
now 2017-04-27 12:35:00.031000 return data: last bar 2017-04-27 12:35:00 last processed bar 2017-04-27 12:30:00
CROX: Warning! 596 bars requested 56 bars returned.
start_idx [(19, Timestamp('2017-04-27 09:35:00'))]
start_ema 2017-04-27 08:00:00 start_vwap 2017-04-27 09:35:00 last_bar 2017-04-27 12:35:00 Writing to ./data/CROX_livesignals_20170427_09_40_50.csv ./data/CROX_last.csv
ET:  0.06  minutes
now 2017-04-27 12:40:00.344000 return data: last bar 2017-04-27 12:40:00 last processed bar 2017-04-27 12:35:00
CROX: Warning! 596 bars requested 57 bars returned.
start_idx [(19, Timestamp('2017-04-27 09:35:00'))]
start_ema 2017-04-27 08:00:00 start_vwap 2017-04-27 09:35:00 last_bar 2017-04-27 12:40:00 Writing to ./data/CROX_livesignals_20170427_09_40_50.csv ./data/CROX_last.csv
ET:  0.08  minutes
now 2017-04-27 12:45:00.178000 return data: last bar 2017-04-27 12:45:00 last processed bar 2017-04-27 12:40:00
CROX: Warning! 596 bars requested 58 bars returned.
start_idx [(19, Timestamp('2017-04-27 09:35:00'))]
start_ema 2017-04-27 08:00:00 start_vwap 2017-04-27 09:35:00 last_bar 2017-04-27 12:45:00 Writing to ./data/CROX_livesignals_20170427_09_40_50.csv ./data/CROX_last.csv
ET:  0.05  minutes
now 2017-04-27 12:50:01.061000 return data: last bar 2017-04-27 12:50:00 last processed bar 2017-04-27 12:45:00
CROX: Warning! 596 bars requested 59 bars returned.
start_idx [(19, Timestamp('2017-04-27 09:35:00'))]
start_ema 2017-04-27 08:00:00 start_vwap 2017-04-27 09:35:00 last_bar 2017-04-27 12:50:00 Writing to ./data/CROX_livesignals_20170427_09_40_50.csv ./data/CROX_last.csv
ET:  0.08  minutes
now 2017-04-27 12:55:01.500000 return data: last bar 2017-04-27 12:55:00 last processed bar 2017-04-27 12:50:00
CROX: Warning! 596 bars requested 60 bars returned.
start_idx [(19, Timestamp('2017-04-27 09:35:00'))]
start_ema 2017-04-27 08:00:00 start_vwap 2017-04-27 09:35:00 last_bar 2017-04-27 12:55:00 Writing to ./data/CROX_livesignals_20170427_09_40_50.csv ./data/CROX_last.csv
ET:  0.07  minutes
now 2017-04-27 13:00:00.676000 return data: last bar 2017-04-27 13:00:00 last processed bar 2017-04-27 12:55:00
CROX: Warning! 596 bars requested 61 bars returned.
start_idx [(19, Timestamp('2017-04-27 09:35:00'))]
start_ema 2017-04-27 08:00:00 start_vwap 2017-04-27 09:35:00 last_bar 2017-04-27 13:00:00 Writing to ./data/CROX_livesignals_20170427_09_40_50.csv ./data/CROX_last.csv
ET:  0.06  minutes
now 2017-04-27 13:05:00.948000 return data: last bar 2017-04-27 13:05:00 last processed bar 2017-04-27 13:00:00
CROX: Warning! 596 bars requested 62 bars returned.
start_idx [(19, Timestamp('2017-04-27 09:35:00'))]
start_ema 2017-04-27 08:00:00 start_vwap 2017-04-27 09:35:00 last_bar 2017-04-27 13:05:00 Writing to ./data/CROX_livesignals_20170427_09_40_50.csv ./data/CROX_last.csv
ET:  0.06  minutes
now 2017-04-27 13:10:01.472000 return data: last bar 2017-04-27 13:10:00 last processed bar 2017-04-27 13:05:00
CROX: Warning! 596 bars requested 63 bars returned.
start_idx [(19, Timestamp('2017-04-27 09:35:00'))]
start_ema 2017-04-27 08:00:00 start_vwap 2017-04-27 09:35:00 last_bar 2017-04-27 13:10:00 Writing to ./data/CROX_livesignals_20170427_09_40_50.csv ./data/CROX_last.csv
ET:  0.07  minutes
now 2017-04-27 13:15:00.553000 return data: last bar 2017-04-27 13:15:00 last processed bar 2017-04-27 13:10:00
CROX: Warning! 596 bars requested 64 bars returned.
start_idx [(19, Timestamp('2017-04-27 09:35:00'))]
start_ema 2017-04-27 08:00:00 start_vwap 2017-04-27 09:35:00 last_bar 2017-04-27 13:15:00 Writing to ./data/CROX_livesignals_20170427_09_40_50.csv ./data/CROX_last.csv
ET:  0.1  minutes
now 2017-04-27 13:20:01.174000 return data: last bar 2017-04-27 13:20:00 last processed bar 2017-04-27 13:15:00
CROX: Warning! 596 bars requested 65 bars returned.
start_idx [(19, Timestamp('2017-04-27 09:35:00'))]
start_ema 2017-04-27 08:00:00 start_vwap 2017-04-27 09:35:00 last_bar 2017-04-27 13:20:00 Writing to ./data/CROX_livesignals_20170427_09_40_50.csv ./data/CROX_last.csv
ET:  0.07  minutes
now 2017-04-27 13:25:00.442000 return data: last bar 2017-04-27 13:25:00 last processed bar 2017-04-27 13:20:00
CROX: Warning! 596 bars requested 66 bars returned.
start_idx [(19, Timestamp('2017-04-27 09:35:00'))]
start_ema 2017-04-27 08:00:00 start_vwap 2017-04-27 09:35:00 last_bar 2017-04-27 13:25:00 Writing to ./data/CROX_livesignals_20170427_09_40_50.csv ./data/CROX_last.csv
ET:  0.09  minutes
now 2017-04-27 13:30:00.892000 return data: last bar 2017-04-27 13:30:00 last processed bar 2017-04-27 13:25:00
CROX: Warning! 596 bars requested 67 bars returned.
start_idx [(19, Timestamp('2017-04-27 09:35:00'))]
start_ema 2017-04-27 08:00:00 start_vwap 2017-04-27 09:35:00 last_bar 2017-04-27 13:30:00 Writing to ./data/CROX_livesignals_20170427_09_40_50.csv ./data/CROX_last.csv
ET:  0.08  minutes
now 2017-04-27 13:35:01.504000 return data: last bar 2017-04-27 13:35:00 last processed bar 2017-04-27 13:30:00
CROX: Warning! 596 bars requested 68 bars returned.
start_idx [(19, Timestamp('2017-04-27 09:35:00'))]
start_ema 2017-04-27 08:00:00 start_vwap 2017-04-27 09:35:00 last_bar 2017-04-27 13:35:00 Writing to ./data/CROX_livesignals_20170427_09_40_50.csv ./data/CROX_last.csv
ET:  0.08  minutes
now 2017-04-27 13:40:00.230000 return data: last bar 2017-04-27 13:40:00 last processed bar 2017-04-27 13:35:00
CROX: Warning! 596 bars requested 69 bars returned.
start_idx [(19, Timestamp('2017-04-27 09:35:00'))]
start_ema 2017-04-27 08:00:00 start_vwap 2017-04-27 09:35:00 last_bar 2017-04-27 13:40:00 Writing to ./data/CROX_livesignals_20170427_09_40_50.csv ./data/CROX_last.csv
ET:  0.06  minutes
now 2017-04-27 13:45:01.232000 return data: last bar 2017-04-27 13:45:00 last processed bar 2017-04-27 13:40:00
CROX: Warning! 596 bars requested 70 bars returned.
start_idx [(19, Timestamp('2017-04-27 09:35:00'))]
start_ema 2017-04-27 08:00:00 start_vwap 2017-04-27 09:35:00 last_bar 2017-04-27 13:45:00 Writing to ./data/CROX_livesignals_20170427_09_40_50.csv ./data/CROX_last.csv
ET:  0.09  minutes
now 2017-04-27 13:50:01.035000 return data: last bar 2017-04-27 13:50:00 last processed bar 2017-04-27 13:45:00
CROX: Warning! 596 bars requested 71 bars returned.
start_idx [(19, Timestamp('2017-04-27 09:35:00'))]
start_ema 2017-04-27 08:00:00 start_vwap 2017-04-27 09:35:00 last_bar 2017-04-27 13:50:00 Writing to ./data/CROX_livesignals_20170427_09_40_50.csv ./data/CROX_last.csv
ET:  0.06  minutes
now 2017-04-27 13:55:00.788000 return data: last bar 2017-04-27 13:55:00 last processed bar 2017-04-27 13:50:00
CROX: Warning! 596 bars requested 72 bars returned.
start_idx [(19, Timestamp('2017-04-27 09:35:00'))]
start_ema 2017-04-27 08:00:00 start_vwap 2017-04-27 09:35:00 last_bar 2017-04-27 13:55:00 Writing to ./data/CROX_livesignals_20170427_09_40_50.csv ./data/CROX_last.csv
ET:  0.09  minutes
now 2017-04-27 14:00:00.031000 return data: last bar 2017-04-27 14:00:00 last processed bar 2017-04-27 13:55:00
CROX: Warning! 596 bars requested 73 bars returned.
start_idx [(19, Timestamp('2017-04-27 09:35:00'))]
start_ema 2017-04-27 08:00:00 start_vwap 2017-04-27 09:35:00 last_bar 2017-04-27 14:00:00 Writing to ./data/CROX_livesignals_20170427_09_40_50.csv ./data/CROX_last.csv
ET:  0.06  minutes
now 2017-04-27 14:05:01.141000 return data: last bar 2017-04-27 14:05:00 last processed bar 2017-04-27 14:00:00
CROX: Warning! 596 bars requested 74 bars returned.
start_idx [(19, Timestamp('2017-04-27 09:35:00'))]
start_ema 2017-04-27 08:00:00 start_vwap 2017-04-27 09:35:00 last_bar 2017-04-27 14:05:00 Writing to ./data/CROX_livesignals_20170427_09_40_50.csv ./data/CROX_last.csv
ET:  0.03  minutes
now 2017-04-27 14:10:01.149000 return data: last bar 2017-04-27 14:10:00 last processed bar 2017-04-27 14:05:00
CROX: Warning! 596 bars requested 75 bars returned.
start_idx [(19, Timestamp('2017-04-27 09:35:00'))]
start_ema 2017-04-27 08:00:00 start_vwap 2017-04-27 09:35:00 last_bar 2017-04-27 14:10:00 Writing to ./data/CROX_livesignals_20170427_09_40_50.csv ./data/CROX_last.csv
ET:  0.05  minutes
now 2017-04-27 14:15:00.134000 return data: last bar 2017-04-27 14:15:00 last processed bar 2017-04-27 14:10:00
CROX: Warning! 596 bars requested 76 bars returned.
start_idx [(19, Timestamp('2017-04-27 09:35:00'))]
start_ema 2017-04-27 08:00:00 start_vwap 2017-04-27 09:35:00 last_bar 2017-04-27 14:15:00 Writing to ./data/CROX_livesignals_20170427_09_40_50.csv ./data/CROX_last.csv
ET:  0.06  minutes
now 2017-04-27 14:20:01.022000 return data: last bar 2017-04-27 14:20:00 last processed bar 2017-04-27 14:15:00
CROX: Warning! 596 bars requested 77 bars returned.
start_idx [(19, Timestamp('2017-04-27 09:35:00'))]
start_ema 2017-04-27 08:00:00 start_vwap 2017-04-27 09:35:00 last_bar 2017-04-27 14:20:00 Writing to ./data/CROX_livesignals_20170427_09_40_50.csv ./data/CROX_last.csv
ET:  0.07  minutes
now 2017-04-27 14:25:01.168000 return data: last bar 2017-04-27 14:25:00 last processed bar 2017-04-27 14:20:00
CROX: Warning! 596 bars requested 78 bars returned.
start_idx [(19, Timestamp('2017-04-27 09:35:00'))]
start_ema 2017-04-27 08:00:00 start_vwap 2017-04-27 09:35:00 last_bar 2017-04-27 14:25:00 Writing to ./data/CROX_livesignals_20170427_09_40_50.csv ./data/CROX_last.csv
ET:  0.04  minutes
now 2017-04-27 14:30:01.235000 return data: last bar 2017-04-27 14:30:00 last processed bar 2017-04-27 14:25:00
CROX: Warning! 596 bars requested 79 bars returned.
start_idx [(19, Timestamp('2017-04-27 09:35:00'))]
start_ema 2017-04-27 08:00:00 start_vwap 2017-04-27 09:35:00 last_bar 2017-04-27 14:30:00 Writing to ./data/CROX_livesignals_20170427_09_40_50.csv ./data/CROX_last.csv
ET:  0.06  minutes
now 2017-04-27 14:35:01.184000 return data: last bar 2017-04-27 14:35:00 last processed bar 2017-04-27 14:30:00
CROX: Warning! 596 bars requested 80 bars returned.
start_idx [(19, Timestamp('2017-04-27 09:35:00'))]
start_ema 2017-04-27 08:00:00 start_vwap 2017-04-27 09:35:00 last_bar 2017-04-27 14:35:00 Writing to ./data/CROX_livesignals_20170427_09_40_50.csv ./data/CROX_last.csv
ET:  0.06  minutes
now 2017-04-27 14:40:03.416000 return data: last bar 2017-04-27 14:40:00 last processed bar 2017-04-27 14:35:00
CROX: Warning! 596 bars requested 81 bars returned.
start_idx [(19, Timestamp('2017-04-27 09:35:00'))]
start_ema 2017-04-27 08:00:00 start_vwap 2017-04-27 09:35:00 last_bar 2017-04-27 14:40:00 Writing to ./data/CROX_livesignals_20170427_09_40_50.csv ./data/CROX_last.csv
ET:  0.02  minutes
now 2017-04-27 14:45:02.215000 return data: last bar 2017-04-27 14:45:00 last processed bar 2017-04-27 14:40:00
CROX: Warning! 596 bars requested 82 bars returned.
start_idx [(19, Timestamp('2017-04-27 09:35:00'))]
start_ema 2017-04-27 08:00:00 start_vwap 2017-04-27 09:35:00 last_bar 2017-04-27 14:45:00 Writing to ./data/CROX_livesignals_20170427_09_40_50.csv ./data/CROX_last.csv
ET:  0.05  minutes
now 2017-04-27 14:50:00.530000 return data: last bar 2017-04-27 14:50:00 last processed bar 2017-04-27 14:45:00
CROX: Warning! 596 bars requested 83 bars returned.
start_idx [(19, Timestamp('2017-04-27 09:35:00'))]
start_ema 2017-04-27 08:00:00 start_vwap 2017-04-27 09:35:00 last_bar 2017-04-27 14:50:00 Writing to ./data/CROX_livesignals_20170427_09_40_50.csv ./data/CROX_last.csv
ET:  0.1  minutes
now 2017-04-27 14:55:00.516000 return data: last bar 2017-04-27 14:55:00 last processed bar 2017-04-27 14:50:00
CROX: Warning! 596 bars requested 84 bars returned.
start_idx [(19, Timestamp('2017-04-27 09:35:00'))]
start_ema 2017-04-27 08:00:00 start_vwap 2017-04-27 09:35:00 last_bar 2017-04-27 14:55:00 Writing to ./data/CROX_livesignals_20170427_09_40_50.csv ./data/CROX_last.csv
ET:  0.03  minutes
now 2017-04-27 15:00:00.090000 return data: last bar 2017-04-27 15:00:00 last processed bar 2017-04-27 14:55:00
CROX: Warning! 596 bars requested 85 bars returned.
start_idx [(19, Timestamp('2017-04-27 09:35:00'))]
start_ema 2017-04-27 08:00:00 start_vwap 2017-04-27 09:35:00 last_bar 2017-04-27 15:00:00 Writing to ./data/CROX_livesignals_20170427_09_40_50.csv ./data/CROX_last.csv
ET:  0.09  minutes
now 2017-04-27 15:05:01.252000 return data: last bar 2017-04-27 15:05:00 last processed bar 2017-04-27 15:00:00
CROX: Warning! 596 bars requested 86 bars returned.
start_idx [(19, Timestamp('2017-04-27 09:35:00'))]
start_ema 2017-04-27 08:00:00 start_vwap 2017-04-27 09:35:00 last_bar 2017-04-27 15:05:00 Writing to ./data/CROX_livesignals_20170427_09_40_50.csv ./data/CROX_last.csv
ET:  0.08  minutes
now 2017-04-27 15:10:00.114000 return data: last bar 2017-04-27 15:10:00 last processed bar 2017-04-27 15:05:00
CROX: Warning! 596 bars requested 87 bars returned.
start_idx [(19, Timestamp('2017-04-27 09:35:00'))]
start_ema 2017-04-27 08:00:00 start_vwap 2017-04-27 09:35:00 last_bar 2017-04-27 15:10:00 Writing to ./data/CROX_livesignals_20170427_09_40_50.csv ./data/CROX_last.csv
ET:  0.06  minutes
now 2017-04-27 15:15:01.339000 return data: last bar 2017-04-27 15:15:00 last processed bar 2017-04-27 15:10:00
CROX: Warning! 596 bars requested 88 bars returned.
start_idx [(19, Timestamp('2017-04-27 09:35:00'))]
start_ema 2017-04-27 08:00:00 start_vwap 2017-04-27 09:35:00 last_bar 2017-04-27 15:15:00 Writing to ./data/CROX_livesignals_20170427_09_40_50.csv ./data/CROX_last.csv
ET:  0.02  minutes
now 2017-04-27 15:20:01.403000 return data: last bar 2017-04-27 15:20:00 last processed bar 2017-04-27 15:15:00
CROX: Warning! 596 bars requested 89 bars returned.
start_idx [(19, Timestamp('2017-04-27 09:35:00'))]
start_ema 2017-04-27 08:00:00 start_vwap 2017-04-27 09:35:00 last_bar 2017-04-27 15:20:00 Writing to ./data/CROX_livesignals_20170427_09_40_50.csv ./data/CROX_last.csv
ET:  0.05  minutes
now 2017-04-27 15:25:00.397000 return data: last bar 2017-04-27 15:25:00 last processed bar 2017-04-27 15:20:00
CROX: Warning! 596 bars requested 90 bars returned.
start_idx [(19, Timestamp('2017-04-27 09:35:00'))]
start_ema 2017-04-27 08:00:00 start_vwap 2017-04-27 09:35:00 last_bar 2017-04-27 15:25:00 Writing to ./data/CROX_livesignals_20170427_09_40_50.csv ./data/CROX_last.csv
ET:  0.04  minutes
now 2017-04-27 15:30:01.987000 return data: last bar 2017-04-27 15:30:00 last processed bar 2017-04-27 15:25:00
CROX: Warning! 596 bars requested 91 bars returned.
start_idx [(19, Timestamp('2017-04-27 09:35:00'))]
start_ema 2017-04-27 08:00:00 start_vwap 2017-04-27 09:35:00 last_bar 2017-04-27 15:30:00 Writing to ./data/CROX_livesignals_20170427_09_40_50.csv ./data/CROX_last.csv
ET:  0.07  minutes
now 2017-04-27 15:35:00.326000 return data: last bar 2017-04-27 15:35:00 last processed bar 2017-04-27 15:30:00
CROX: Warning! 596 bars requested 92 bars returned.
start_idx [(19, Timestamp('2017-04-27 09:35:00'))]
start_ema 2017-04-27 08:00:00 start_vwap 2017-04-27 09:35:00 last_bar 2017-04-27 15:35:00 Writing to ./data/CROX_livesignals_20170427_09_40_50.csv ./data/CROX_last.csv
ET:  0.08  minutes
now 2017-04-27 15:40:00.273000 return data: last bar 2017-04-27 15:40:00 last processed bar 2017-04-27 15:35:00
CROX: Warning! 596 bars requested 93 bars returned.
start_idx [(19, Timestamp('2017-04-27 09:35:00'))]
start_ema 2017-04-27 08:00:00 start_vwap 2017-04-27 09:35:00 last_bar 2017-04-27 15:40:00 Writing to ./data/CROX_livesignals_20170427_09_40_50.csv ./data/CROX_last.csv
ET:  0.07  minutes
now 2017-04-27 15:45:01.481000 return data: last bar 2017-04-27 15:45:00 last processed bar 2017-04-27 15:40:00
CROX: Warning! 596 bars requested 94 bars returned.
start_idx [(19, Timestamp('2017-04-27 09:35:00'))]
start_ema 2017-04-27 08:00:00 start_vwap 2017-04-27 09:35:00 last_bar 2017-04-27 15:45:00 Writing to ./data/CROX_livesignals_20170427_09_40_50.csv ./data/CROX_last.csv
ET:  0.07  minutes
now 2017-04-27 15:50:01.335000 return data: last bar 2017-04-27 15:50:00 last processed bar 2017-04-27 15:45:00
CROX: Warning! 596 bars requested 95 bars returned.
start_idx [(19, Timestamp('2017-04-27 09:35:00'))]
start_ema 2017-04-27 08:00:00 start_vwap 2017-04-27 09:35:00 last_bar 2017-04-27 15:50:00 Writing to ./data/CROX_livesignals_20170427_09_40_50.csv ./data/CROX_last.csv
ET:  0.06  minutes
now 2017-04-27 15:55:00.240000
