Traceback (most recent call last):
  File "./frankenstein.py", line 3, in <module>
    import requests
  File "e:\anaconda2\lib\site-packages\requests\__init__.py", line 52, in <module>
    from .packages.urllib3.contrib import pyopenssl
  File "e:\anaconda2\lib\site-packages\requests\packages\urllib3\contrib\pyopenssl.py", line 47, in <module>
    import OpenSSL.SSL
  File "e:\anaconda2\lib\site-packages\OpenSSL\__init__.py", line 8, in <module>
    from OpenSSL import rand, crypto, SSL
  File "e:\anaconda2\lib\site-packages\OpenSSL\crypto.py", line 13, in <module>
    from cryptography.hazmat.primitives.asymmetric import dsa, rsa
  File "e:\anaconda2\lib\site-packages\cryptography\hazmat\primitives\asymmetric\rsa.py", line 14, in <module>
    from cryptography.hazmat.backends.interfaces import RSABackend
  File "e:\anaconda2\lib\site-packages\cryptography\hazmat\backends\__init__.py", line 7, in <module>
    import pkg_resources
  File "e:\anaconda2\lib\site-packages\setuptools-27.2.0-py2.7.egg\pkg_resources\__init__.py", line 2985, in <module>
    
  File "e:\anaconda2\lib\site-packages\setuptools-27.2.0-py2.7.egg\pkg_resources\__init__.py", line 2971, in _call_aside
    
  File "e:\anaconda2\lib\site-packages\setuptools-27.2.0-py2.7.egg\pkg_resources\__init__.py", line 3018, in _initialize_master_working_set
    
  File "e:\anaconda2\lib\site-packages\setuptools-27.2.0-py2.7.egg\pkg_resources\__init__.py", line 700, in add_entry
    
  File "e:\anaconda2\lib\site-packages\setuptools-27.2.0-py2.7.egg\pkg_resources\__init__.py", line 1971, in find_on_path
    
KeyboardInterrupt
