return data: last bar 2017-04-21 09:45:00 last processed bar 1000-01-01 00:00:00
596 bars requested 7 bars returned
start_idx [(4, Timestamp('2017-04-21 09:35:00'))]
start_ema 2017-04-20 16:00:00 data.dropna() feed returned insufficient data
now 2017-04-21 09:50:00.088000 return None: last bar 2017-04-21 09:45:00 last processed bar 2017-04-21 09:45:00
CSRA getFeed did not return any data! last bar: 2017-04-21 09:45:00 now: 09:50:00.135000
now 2017-04-21 09:55:01.509000 return data: last bar 2017-04-21 09:50:00 last processed bar 2017-04-21 09:45:00
596 bars requested 8 bars returned
start_idx [(4, Timestamp('2017-04-21 09:35:00'))]
start_ema 2017-04-20 16:00:00 data.dropna() feed returned insufficient data
now 2017-04-21 10:00:00.479000 return data: last bar 2017-04-21 09:55:00 last processed bar 2017-04-21 09:50:00
596 bars requested 596 bars returned
start_idx [(591, Timestamp('2017-04-21 09:35:00'))]
start_ema 2017-04-20 14:45:00 start_vwap 2017-04-21 09:35:00 last_bar 2017-04-21 09:55:00 ET:  0.08  minutes
now 2017-04-21 10:05:03.987000 return data: last bar 2017-04-21 10:00:00 last processed bar 2017-04-21 09:55:00
596 bars requested 596 bars returned
start_idx [(590, Timestamp('2017-04-21 09:35:00'))]
start_ema 2017-04-20 14:45:00 start_vwap 2017-04-21 09:35:00 last_bar 2017-04-21 10:00:00 Writing to ./data/CSRA_livesignals_20170421_09_46_16.csv ./data/CSRA_last.csv
ET:  0.13  minutes
now 2017-04-21 10:10:00.984000 return data: last bar 2017-04-21 10:05:00 last processed bar 2017-04-21 10:00:00
596 bars requested 596 bars returned
start_idx [(589, Timestamp('2017-04-21 09:35:00'))]
start_ema 2017-04-20 14:45:00 start_vwap 2017-04-21 09:35:00 last_bar 2017-04-21 10:05:00 Writing to ./data/CSRA_livesignals_20170421_09_46_16.csv ./data/CSRA_last.csv
ET:  0.18  minutes
now 2017-04-21 10:15:01.029000 return data: last bar 2017-04-21 10:10:00 last processed bar 2017-04-21 10:05:00
596 bars requested 596 bars returned
start_idx [(588, Timestamp('2017-04-21 09:35:00'))]
start_ema 2017-04-20 14:45:00 start_vwap 2017-04-21 09:35:00 last_bar 2017-04-21 10:10:00 Writing to ./data/CSRA_livesignals_20170421_09_46_16.csv ./data/CSRA_last.csv
ET:  0.21  minutes
now 2017-04-21 10:20:00.763000 return data: last bar 2017-04-21 10:15:00 last processed bar 2017-04-21 10:10:00
596 bars requested 596 bars returned
start_idx [(587, Timestamp('2017-04-21 09:35:00'))]
start_ema 2017-04-20 14:45:00 start_vwap 2017-04-21 09:35:00 last_bar 2017-04-21 10:15:00
