return data: last bar 2017-04-21 09:45:00 last processed bar 1000-01-01 00:00:00
596 bars requested 6 bars returned
start_idx [(3, Timestamp('2017-04-21 09:35:00'))]
start_ema 2017-04-20 15:55:00 data.dropna() feed returned insufficient data
now 2017-04-21 09:50:01.066000 return None: last bar 2017-04-21 09:45:00 last processed bar 2017-04-21 09:45:00
CVGI getFeed did not return any data! last bar: 2017-04-21 09:45:00 now: 09:50:01.998000
now 2017-04-21 09:55:00.417000 return data: last bar 2017-04-21 09:50:00 last processed bar 2017-04-21 09:45:00
596 bars requested 7 bars returned
start_idx [(3, Timestamp('2017-04-21 09:35:00'))]
start_ema 2017-04-20 15:55:00 data.dropna() feed returned insufficient data
now 2017-04-21 10:00:00.484000 return data: last bar 2017-04-21 09:55:00 last processed bar 2017-04-21 09:50:00
596 bars requested 8 bars returned
start_idx [(3, Timestamp('2017-04-21 09:35:00'))]
start_ema 2017-04-20 15:55:00 data.dropna() feed returned insufficient data
now 2017-04-21 10:05:01.751000 return data: last bar 2017-04-21 10:00:00 last processed bar 2017-04-21 09:55:00
596 bars requested 596 bars returned
start_idx [(590, Timestamp('2017-04-21 09:35:00'))]
start_ema 2017-04-20 14:35:00 start_vwap 2017-04-21 09:35:00 last_bar 2017-04-21 10:00:00 ET:  0.14  minutes
now 2017-04-21 10:10:00.800000 return data: last bar 2017-04-21 10:05:00 last processed bar 2017-04-21 10:00:00
596 bars requested 596 bars returned
start_idx [(589, Timestamp('2017-04-21 09:35:00'))]
start_ema 2017-04-20 14:35:00 start_vwap 2017-04-21 09:35:00 last_bar 2017-04-21 10:05:00 Writing to ./data/CVGI_livesignals_20170421_09_46_16.csv ./data/CVGI_last.csv
ET:  0.19  minutes
now 2017-04-21 10:15:01.036000 return data: last bar 2017-04-21 10:10:00 last processed bar 2017-04-21 10:05:00
596 bars requested 596 bars returned
start_idx [(588, Timestamp('2017-04-21 09:35:00'))]
start_ema 2017-04-20 14:35:00 start_vwap 2017-04-21 09:35:00 last_bar 2017-04-21 10:10:00 Writing to ./data/CVGI_livesignals_20170421_09_46_16.csv ./data/CVGI_last.csv
ET:  0.21  minutes
now 2017-04-21 10:20:00.768000 return data: last bar 2017-04-21 10:15:00 last processed bar 2017-04-21 10:10:00
596 bars requested 596 bars returned
start_idx [(587, Timestamp('2017-04-21 09:35:00'))]
start_ema 2017-04-20 14:35:00 start_vwap 2017-04-21 09:35:00 last_bar 2017-04-21 10:15:00
