return data: last bar 2017-04-27 09:35:00 last processed bar 1000-01-01 00:00:00
CZZ: Warning! 596 bars requested 20 bars returned.
start_idx [(19, Timestamp('2017-04-27 09:35:00'))]
start_ema 2017-04-27 08:00:00 start_vwap 2017-04-27 09:35:00 last_bar 2017-04-27 09:35:00 ET:  0.04  minutes
now 2017-04-27 09:45:00.747000 return None: last bar 2017-04-27 09:35:00 last processed bar 2017-04-27 09:35:00
CZZ getFeed did not return any data! last bar: 2017-04-27 09:35:00 now: 09:45:00.819000
now 2017-04-27 09:50:03.218000 return data: last bar 2017-04-27 09:40:00 last processed bar 2017-04-27 09:35:00
CZZ: Warning! 596 bars requested 21 bars returned.
start_idx [(19, Timestamp('2017-04-27 09:35:00'))]
start_ema 2017-04-27 08:00:00 start_vwap 2017-04-27 09:35:00 last_bar 2017-04-27 09:40:00 Writing to ./data/CZZ_livesignals_20170427_09_40_39.csv ./data/CZZ_last.csv
ET:  0.05  minutes
now 2017-04-27 09:55:00.879000 return data: last bar 2017-04-27 09:45:00 last processed bar 2017-04-27 09:40:00
CZZ: Warning! 596 bars requested 22 bars returned.
start_idx [(19, Timestamp('2017-04-27 09:35:00'))]
start_ema 2017-04-27 08:00:00 start_vwap 2017-04-27 09:35:00 last_bar 2017-04-27 09:45:00 Writing to ./data/CZZ_livesignals_20170427_09_40_39.csv ./data/CZZ_last.csv
ET:  0.06  minutes
now 2017-04-27 10:00:00.744000 return data: last bar 2017-04-27 09:50:00 last processed bar 2017-04-27 09:45:00
CZZ: Warning! 596 bars requested 23 bars returned.
start_idx [(19, Timestamp('2017-04-27 09:35:00'))]
start_ema 2017-04-27 08:00:00 start_vwap 2017-04-27 09:35:00 last_bar 2017-04-27 09:50:00 Writing to ./data/CZZ_livesignals_20170427_09_40_39.csv ./data/CZZ_last.csv
ET:  0.07  minutes
now 2017-04-27 10:05:01.330000 return data: last bar 2017-04-27 09:55:00 last processed bar 2017-04-27 09:50:00
CZZ: Warning! 596 bars requested 24 bars returned.
start_idx [(19, Timestamp('2017-04-27 09:35:00'))]
start_ema 2017-04-27 08:00:00 start_vwap 2017-04-27 09:35:00 last_bar 2017-04-27 09:55:00 Writing to ./data/CZZ_livesignals_20170427_09_40_39.csv ./data/CZZ_last.csv
ET:  0.06  minutes
now 2017-04-27 10:10:00.088000 return data: last bar 2017-04-27 10:00:00 last processed bar 2017-04-27 09:55:00
CZZ: Warning! 596 bars requested 25 bars returned.
start_idx [(19, Timestamp('2017-04-27 09:35:00'))]
start_ema 2017-04-27 08:00:00 start_vwap 2017-04-27 09:35:00 last_bar 2017-04-27 10:00:00 Writing to ./data/CZZ_livesignals_20170427_09_40_39.csv ./data/CZZ_last.csv
ET:  0.07  minutes
now 2017-04-27 10:15:00.555000 return data: last bar 2017-04-27 10:10:00 last processed bar 2017-04-27 10:00:00
CZZ: Warning! 596 bars requested 27 bars returned.
start_idx [(19, Timestamp('2017-04-27 09:35:00'))]
start_ema 2017-04-27 08:00:00 start_vwap 2017-04-27 09:35:00 last_bar 2017-04-27 10:10:00 Writing to ./data/CZZ_livesignals_20170427_09_40_39.csv ./data/CZZ_last.csv
ET:  0.08  minutes
now 2017-04-27 10:20:01.107000 return data: last bar 2017-04-27 10:15:00 last processed bar 2017-04-27 10:10:00
CZZ: Warning! 596 bars requested 28 bars returned.
start_idx [(19, Timestamp('2017-04-27 09:35:00'))]
start_ema 2017-04-27 08:00:00 start_vwap 2017-04-27 09:35:00 last_bar 2017-04-27 10:15:00 Writing to ./data/CZZ_livesignals_20170427_09_40_39.csv ./data/CZZ_last.csv
ET:  0.09  minutes
now 2017-04-27 10:25:01.079000 return data: last bar 2017-04-27 10:20:00 last processed bar 2017-04-27 10:15:00
CZZ: Warning! 596 bars requested 29 bars returned.
start_idx [(19, Timestamp('2017-04-27 09:35:00'))]
start_ema 2017-04-27 08:00:00 start_vwap 2017-04-27 09:35:00 last_bar 2017-04-27 10:20:00 Writing to ./data/CZZ_livesignals_20170427_09_40_39.csv ./data/CZZ_last.csv
ET:  0.08  minutes
now 2017-04-27 10:30:01.060000 return data: last bar 2017-04-27 10:25:00 last processed bar 2017-04-27 10:20:00
CZZ: Warning! 596 bars requested 30 bars returned.
start_idx [(19, Timestamp('2017-04-27 09:35:00'))]
start_ema 2017-04-27 08:00:00 start_vwap 2017-04-27 09:35:00 last_bar 2017-04-27 10:25:00 Writing to ./data/CZZ_livesignals_20170427_09_40_39.csv ./data/CZZ_last.csv
ET:  0.08  minutes
now 2017-04-27 10:35:00.987000 return data: last bar 2017-04-27 10:30:00 last processed bar 2017-04-27 10:25:00
CZZ: Warning! 596 bars requested 31 bars returned.
start_idx [(19, Timestamp('2017-04-27 09:35:00'))]
start_ema 2017-04-27 08:00:00 start_vwap 2017-04-27 09:35:00 last_bar 2017-04-27 10:30:00 Writing to ./data/CZZ_livesignals_20170427_09_40_39.csv ./data/CZZ_last.csv
ET:  0.06  minutes
now 2017-04-27 10:40:00.652000 return data: last bar 2017-04-27 10:35:00 last processed bar 2017-04-27 10:30:00
CZZ: Warning! 596 bars requested 32 bars returned.
start_idx [(19, Timestamp('2017-04-27 09:35:00'))]
start_ema 2017-04-27 08:00:00 start_vwap 2017-04-27 09:35:00 last_bar 2017-04-27 10:35:00 Writing to ./data/CZZ_livesignals_20170427_09_40_39.csv ./data/CZZ_last.csv
ET:  0.07  minutes
now 2017-04-27 10:45:00.051000 return data: last bar 2017-04-27 10:40:00 last processed bar 2017-04-27 10:35:00
CZZ: Warning! 596 bars requested 33 bars returned.
start_idx [(19, Timestamp('2017-04-27 09:35:00'))]
start_ema 2017-04-27 08:00:00 start_vwap 2017-04-27 09:35:00 last_bar 2017-04-27 10:40:00 Writing to ./data/CZZ_livesignals_20170427_09_40_39.csv ./data/CZZ_last.csv
ET:  0.05  minutes
now 2017-04-27 10:50:00.260000 return data: last bar 2017-04-27 10:45:00 last processed bar 2017-04-27 10:40:00
CZZ: Warning! 596 bars requested 34 bars returned.
start_idx [(19, Timestamp('2017-04-27 09:35:00'))]
start_ema 2017-04-27 08:00:00 start_vwap 2017-04-27 09:35:00 last_bar 2017-04-27 10:45:00 Writing to ./data/CZZ_livesignals_20170427_09_40_39.csv ./data/CZZ_last.csv
ET:  0.1  minutes
now 2017-04-27 10:55:00.263000 return data: last bar 2017-04-27 10:50:00 last processed bar 2017-04-27 10:45:00
CZZ: Warning! 596 bars requested 35 bars returned.
start_idx [(19, Timestamp('2017-04-27 09:35:00'))]
start_ema 2017-04-27 08:00:00 start_vwap 2017-04-27 09:35:00 last_bar 2017-04-27 10:50:00 Writing to ./data/CZZ_livesignals_20170427_09_40_39.csv ./data/CZZ_last.csv
ET:  0.05  minutes
now 2017-04-27 11:00:00.491000 return data: last bar 2017-04-27 10:55:00 last processed bar 2017-04-27 10:50:00
CZZ: Warning! 596 bars requested 36 bars returned.
start_idx [(19, Timestamp('2017-04-27 09:35:00'))]
start_ema 2017-04-27 08:00:00 start_vwap 2017-04-27 09:35:00 last_bar 2017-04-27 10:55:00 Writing to ./data/CZZ_livesignals_20170427_09_40_39.csv ./data/CZZ_last.csv
ET:  0.08  minutes
now 2017-04-27 11:05:00.101000 return data: last bar 2017-04-27 11:00:00 last processed bar 2017-04-27 10:55:00
CZZ: Warning! 596 bars requested 37 bars returned.
start_idx [(19, Timestamp('2017-04-27 09:35:00'))]
start_ema 2017-04-27 08:00:00 start_vwap 2017-04-27 09:35:00 last_bar 2017-04-27 11:00:00 Writing to ./data/CZZ_livesignals_20170427_09_40_39.csv ./data/CZZ_last.csv
ET:  0.08  minutes
now 2017-04-27 11:10:02.323000 return data: last bar 2017-04-27 11:05:00 last processed bar 2017-04-27 11:00:00
CZZ: Warning! 596 bars requested 38 bars returned.
start_idx [(19, Timestamp('2017-04-27 09:35:00'))]
start_ema 2017-04-27 08:00:00 start_vwap 2017-04-27 09:35:00 last_bar 2017-04-27 11:05:00 Writing to ./data/CZZ_livesignals_20170427_09_40_39.csv ./data/CZZ_last.csv
ET:  0.07  minutes
now 2017-04-27 11:15:02.793000 return data: last bar 2017-04-27 11:10:00 last processed bar 2017-04-27 11:05:00
CZZ: Warning! 596 bars requested 39 bars returned.
start_idx [(19, Timestamp('2017-04-27 09:35:00'))]
start_ema 2017-04-27 08:00:00 start_vwap 2017-04-27 09:35:00 last_bar 2017-04-27 11:10:00 Writing to ./data/CZZ_livesignals_20170427_09_40_39.csv ./data/CZZ_last.csv
ET:  0.04  minutes
now 2017-04-27 11:20:00.448000 return data: last bar 2017-04-27 11:15:00 last processed bar 2017-04-27 11:10:00
CZZ: Warning! 596 bars requested 40 bars returned.
start_idx [(19, Timestamp('2017-04-27 09:35:00'))]
start_ema 2017-04-27 08:00:00 start_vwap 2017-04-27 09:35:00 last_bar 2017-04-27 11:15:00 Writing to ./data/CZZ_livesignals_20170427_09_40_39.csv ./data/CZZ_last.csv
ET:  0.11  minutes
now 2017-04-27 11:25:02.065000 return data: last bar 2017-04-27 11:20:00 last processed bar 2017-04-27 11:15:00
CZZ: Warning! 596 bars requested 41 bars returned.
start_idx [(19, Timestamp('2017-04-27 09:35:00'))]
start_ema 2017-04-27 08:00:00 start_vwap 2017-04-27 09:35:00 last_bar 2017-04-27 11:20:00 Writing to ./data/CZZ_livesignals_20170427_09_40_39.csv ./data/CZZ_last.csv
ET:  0.06  minutes
now 2017-04-27 11:30:01.232000 return data: last bar 2017-04-27 11:25:00 last processed bar 2017-04-27 11:20:00
CZZ: Warning! 596 bars requested 42 bars returned.
start_idx [(19, Timestamp('2017-04-27 09:35:00'))]
start_ema 2017-04-27 08:00:00 start_vwap 2017-04-27 09:35:00 last_bar 2017-04-27 11:25:00 Writing to ./data/CZZ_livesignals_20170427_09_40_39.csv ./data/CZZ_last.csv
ET:  0.06  minutes
now 2017-04-27 11:35:01.088000 return data: last bar 2017-04-27 11:35:00 last processed bar 2017-04-27 11:25:00
CZZ: Warning! 596 bars requested 44 bars returned.
start_idx [(19, Timestamp('2017-04-27 09:35:00'))]
start_ema 2017-04-27 08:00:00 start_vwap 2017-04-27 09:35:00 last_bar 2017-04-27 11:35:00 Writing to ./data/CZZ_livesignals_20170427_09_40_39.csv ./data/CZZ_last.csv
ET:  0.08  minutes
now 2017-04-27 11:40:01.150000 return None: last bar 2017-04-27 11:35:00 last processed bar 2017-04-27 11:35:00
CZZ getFeed did not return any data! last bar: 2017-04-27 11:35:00 now: 11:40:01.484000
now 2017-04-27 11:45:00.519000 return data: last bar 2017-04-27 11:40:00 last processed bar 2017-04-27 11:35:00
CZZ: Warning! 596 bars requested 45 bars returned.
start_idx [(19, Timestamp('2017-04-27 09:35:00'))]
start_ema 2017-04-27 08:00:00 start_vwap 2017-04-27 09:35:00 last_bar 2017-04-27 11:40:00 Writing to ./data/CZZ_livesignals_20170427_09_40_39.csv ./data/CZZ_last.csv
ET:  0.08  minutes
now 2017-04-27 11:50:00.135000 return data: last bar 2017-04-27 11:45:00 last processed bar 2017-04-27 11:40:00
CZZ: Warning! 596 bars requested 46 bars returned.
start_idx [(19, Timestamp('2017-04-27 09:35:00'))]
start_ema 2017-04-27 08:00:00 start_vwap 2017-04-27 09:35:00 last_bar 2017-04-27 11:45:00 Writing to ./data/CZZ_livesignals_20170427_09_40_39.csv ./data/CZZ_last.csv
ET:  0.07  minutes
now 2017-04-27 11:55:00.421000 return data: last bar 2017-04-27 11:50:00 last processed bar 2017-04-27 11:45:00
CZZ: Warning! 596 bars requested 47 bars returned.
start_idx [(19, Timestamp('2017-04-27 09:35:00'))]
start_ema 2017-04-27 08:00:00 start_vwap 2017-04-27 09:35:00 last_bar 2017-04-27 11:50:00 Writing to ./data/CZZ_livesignals_20170427_09_40_39.csv ./data/CZZ_last.csv
ET:  0.08  minutes
now 2017-04-27 12:00:00.148000 return data: last bar 2017-04-27 11:55:00 last processed bar 2017-04-27 11:50:00
CZZ: Warning! 596 bars requested 48 bars returned.
start_idx [(19, Timestamp('2017-04-27 09:35:00'))]
start_ema 2017-04-27 08:00:00 start_vwap 2017-04-27 09:35:00 last_bar 2017-04-27 11:55:00 Writing to ./data/CZZ_livesignals_20170427_09_40_39.csv ./data/CZZ_last.csv
ET:  0.08  minutes
now 2017-04-27 12:05:01.457000 return data: last bar 2017-04-27 12:00:00 last processed bar 2017-04-27 11:55:00
CZZ: Warning! 596 bars requested 49 bars returned.
start_idx [(19, Timestamp('2017-04-27 09:35:00'))]
start_ema 2017-04-27 08:00:00 start_vwap 2017-04-27 09:35:00 last_bar 2017-04-27 12:00:00 Writing to ./data/CZZ_livesignals_20170427_09_40_39.csv ./data/CZZ_last.csv
ET:  0.07  minutes
now 2017-04-27 12:10:01.073000 return data: last bar 2017-04-27 12:10:00 last processed bar 2017-04-27 12:00:00
CZZ: Warning! 596 bars requested 51 bars returned.
start_idx [(19, Timestamp('2017-04-27 09:35:00'))]
start_ema 2017-04-27 08:00:00 start_vwap 2017-04-27 09:35:00 last_bar 2017-04-27 12:10:00 Writing to ./data/CZZ_livesignals_20170427_09_40_39.csv ./data/CZZ_last.csv
ET:  0.07  minutes
now 2017-04-27 12:15:00.350000 return None: last bar 2017-04-27 12:10:00 last processed bar 2017-04-27 12:10:00
CZZ getFeed did not return any data! last bar: 2017-04-27 12:10:00 now: 12:15:03.058000
now 2017-04-27 12:20:01.102000 return data: last bar 2017-04-27 12:15:00 last processed bar 2017-04-27 12:10:00
CZZ: Warning! 596 bars requested 52 bars returned.
start_idx [(19, Timestamp('2017-04-27 09:35:00'))]
start_ema 2017-04-27 08:00:00 start_vwap 2017-04-27 09:35:00 last_bar 2017-04-27 12:15:00 Writing to ./data/CZZ_livesignals_20170427_09_40_39.csv ./data/CZZ_last.csv
ET:  0.09  minutes
now 2017-04-27 12:25:00.473000 return data: last bar 2017-04-27 12:20:00 last processed bar 2017-04-27 12:15:00
CZZ: Warning! 596 bars requested 53 bars returned.
start_idx [(19, Timestamp('2017-04-27 09:35:00'))]
start_ema 2017-04-27 08:00:00 start_vwap 2017-04-27 09:35:00 last_bar 2017-04-27 12:20:00 Writing to ./data/CZZ_livesignals_20170427_09_40_39.csv ./data/CZZ_last.csv
ET:  0.06  minutes
now 2017-04-27 12:30:01.488000 return data: last bar 2017-04-27 12:25:00 last processed bar 2017-04-27 12:20:00
CZZ: Warning! 596 bars requested 54 bars returned.
start_idx [(19, Timestamp('2017-04-27 09:35:00'))]
start_ema 2017-04-27 08:00:00 start_vwap 2017-04-27 09:35:00 last_bar 2017-04-27 12:25:00 Writing to ./data/CZZ_livesignals_20170427_09_40_39.csv ./data/CZZ_last.csv
ET:  0.07  minutes
now 2017-04-27 12:35:00.490000 return data: last bar 2017-04-27 12:30:00 last processed bar 2017-04-27 12:25:00
CZZ: Warning! 596 bars requested 55 bars returned.
start_idx [(19, Timestamp('2017-04-27 09:35:00'))]
start_ema 2017-04-27 08:00:00 start_vwap 2017-04-27 09:35:00 last_bar 2017-04-27 12:30:00 Writing to ./data/CZZ_livesignals_20170427_09_40_39.csv ./data/CZZ_last.csv
ET:  0.08  minutes
now 2017-04-27 12:40:00.320000 return data: last bar 2017-04-27 12:35:00 last processed bar 2017-04-27 12:30:00
CZZ: Warning! 596 bars requested 56 bars returned.
start_idx [(19, Timestamp('2017-04-27 09:35:00'))]
start_ema 2017-04-27 08:00:00 start_vwap 2017-04-27 09:35:00 last_bar 2017-04-27 12:35:00 Writing to ./data/CZZ_livesignals_20170427_09_40_39.csv ./data/CZZ_last.csv
ET:  0.08  minutes
now 2017-04-27 12:45:00.558000 return data: last bar 2017-04-27 12:40:00 last processed bar 2017-04-27 12:35:00
CZZ: Warning! 596 bars requested 57 bars returned.
start_idx [(19, Timestamp('2017-04-27 09:35:00'))]
start_ema 2017-04-27 08:00:00 start_vwap 2017-04-27 09:35:00 last_bar 2017-04-27 12:40:00 Writing to ./data/CZZ_livesignals_20170427_09_40_39.csv ./data/CZZ_last.csv
ET:  0.06  minutes
now 2017-04-27 12:50:00.114000 return data: last bar 2017-04-27 12:45:00 last processed bar 2017-04-27 12:40:00
CZZ: Warning! 596 bars requested 58 bars returned.
start_idx [(19, Timestamp('2017-04-27 09:35:00'))]
start_ema 2017-04-27 08:00:00 start_vwap 2017-04-27 09:35:00 last_bar 2017-04-27 12:45:00 Writing to ./data/CZZ_livesignals_20170427_09_40_39.csv ./data/CZZ_last.csv
ET:  0.06  minutes
now 2017-04-27 12:55:01.186000 return data: last bar 2017-04-27 12:50:00 last processed bar 2017-04-27 12:45:00
CZZ: Warning! 596 bars requested 59 bars returned.
start_idx [(19, Timestamp('2017-04-27 09:35:00'))]
start_ema 2017-04-27 08:00:00 start_vwap 2017-04-27 09:35:00 last_bar 2017-04-27 12:50:00 Writing to ./data/CZZ_livesignals_20170427_09_40_39.csv ./data/CZZ_last.csv
ET:  0.06  minutes
now 2017-04-27 13:00:00.770000 return data: last bar 2017-04-27 12:55:00 last processed bar 2017-04-27 12:50:00
CZZ: Warning! 596 bars requested 60 bars returned.
start_idx [(19, Timestamp('2017-04-27 09:35:00'))]
start_ema 2017-04-27 08:00:00 start_vwap 2017-04-27 09:35:00 last_bar 2017-04-27 12:55:00 Writing to ./data/CZZ_livesignals_20170427_09_40_39.csv ./data/CZZ_last.csv
ET:  0.09  minutes
now 2017-04-27 13:05:00.111000 return data: last bar 2017-04-27 13:00:00 last processed bar 2017-04-27 12:55:00
CZZ: Warning! 596 bars requested 61 bars returned.
start_idx [(19, Timestamp('2017-04-27 09:35:00'))]
start_ema 2017-04-27 08:00:00 start_vwap 2017-04-27 09:35:00 last_bar 2017-04-27 13:00:00 Writing to ./data/CZZ_livesignals_20170427_09_40_39.csv ./data/CZZ_last.csv
ET:  0.08  minutes
now 2017-04-27 13:10:02.107000 return data: last bar 2017-04-27 13:10:00 last processed bar 2017-04-27 13:00:00
CZZ: Warning! 596 bars requested 63 bars returned.
start_idx [(19, Timestamp('2017-04-27 09:35:00'))]
start_ema 2017-04-27 08:00:00 start_vwap 2017-04-27 09:35:00 last_bar 2017-04-27 13:10:00 Writing to ./data/CZZ_livesignals_20170427_09_40_39.csv ./data/CZZ_last.csv
ET:  0.06  minutes
now 2017-04-27 13:15:00.578000 return data: last bar 2017-04-27 13:15:00 last processed bar 2017-04-27 13:10:00
CZZ: Warning! 596 bars requested 64 bars returned.
start_idx [(19, Timestamp('2017-04-27 09:35:00'))]
start_ema 2017-04-27 08:00:00 start_vwap 2017-04-27 09:35:00 last_bar 2017-04-27 13:15:00 Writing to ./data/CZZ_livesignals_20170427_09_40_39.csv ./data/CZZ_last.csv
ET:  0.07  minutes
now 2017-04-27 13:20:00.004000 return None: last bar 2017-04-27 13:15:00 last processed bar 2017-04-27 13:15:00
CZZ getFeed did not return any data! last bar: 2017-04-27 13:15:00 now: 13:20:00.155000
now 2017-04-27 13:25:01.133000 return data: last bar 2017-04-27 13:25:00 last processed bar 2017-04-27 13:15:00
CZZ: Warning! 596 bars requested 66 bars returned.
start_idx [(19, Timestamp('2017-04-27 09:35:00'))]
start_ema 2017-04-27 08:00:00 start_vwap 2017-04-27 09:35:00 last_bar 2017-04-27 13:25:00 Writing to ./data/CZZ_livesignals_20170427_09_40_39.csv ./data/CZZ_last.csv
ET:  0.08  minutes
now 2017-04-27 13:30:01.735000 return data: last bar 2017-04-27 13:30:00 last processed bar 2017-04-27 13:25:00
CZZ: Warning! 596 bars requested 67 bars returned.
start_idx [(19, Timestamp('2017-04-27 09:35:00'))]
start_ema 2017-04-27 08:00:00 start_vwap 2017-04-27 09:35:00 last_bar 2017-04-27 13:30:00 Writing to ./data/CZZ_livesignals_20170427_09_40_39.csv ./data/CZZ_last.csv
ET:  0.06  minutes
now 2017-04-27 13:35:00.802000 return None: last bar 2017-04-27 13:30:00 last processed bar 2017-04-27 13:30:00
CZZ getFeed did not return any data! last bar: 2017-04-27 13:30:00 now: 13:35:01.717000
now 2017-04-27 13:40:01.313000 return data: last bar 2017-04-27 13:35:00 last processed bar 2017-04-27 13:30:00
CZZ: Warning! 596 bars requested 68 bars returned.
start_idx [(19, Timestamp('2017-04-27 09:35:00'))]
start_ema 2017-04-27 08:00:00 start_vwap 2017-04-27 09:35:00 last_bar 2017-04-27 13:35:00 Writing to ./data/CZZ_livesignals_20170427_09_40_39.csv ./data/CZZ_last.csv
ET:  0.09  minutes
now 2017-04-27 13:45:02.248000 return data: last bar 2017-04-27 13:40:00 last processed bar 2017-04-27 13:35:00
CZZ: Warning! 596 bars requested 69 bars returned.
start_idx [(19, Timestamp('2017-04-27 09:35:00'))]
start_ema 2017-04-27 08:00:00 start_vwap 2017-04-27 09:35:00 last_bar 2017-04-27 13:40:00 Writing to ./data/CZZ_livesignals_20170427_09_40_39.csv ./data/CZZ_last.csv
ET:  0.07  minutes
now 2017-04-27 13:50:01.069000 return data: last bar 2017-04-27 13:45:00 last processed bar 2017-04-27 13:40:00
CZZ: Warning! 596 bars requested 70 bars returned.
start_idx [(19, Timestamp('2017-04-27 09:35:00'))]
start_ema 2017-04-27 08:00:00 start_vwap 2017-04-27 09:35:00 last_bar 2017-04-27 13:45:00 Writing to ./data/CZZ_livesignals_20170427_09_40_39.csv ./data/CZZ_last.csv
ET:  0.07  minutes
now 2017-04-27 13:55:00.013000 return data: last bar 2017-04-27 13:50:00 last processed bar 2017-04-27 13:45:00
CZZ: Warning! 596 bars requested 71 bars returned.
start_idx [(19, Timestamp('2017-04-27 09:35:00'))]
start_ema 2017-04-27 08:00:00 start_vwap 2017-04-27 09:35:00 last_bar 2017-04-27 13:50:00 Writing to ./data/CZZ_livesignals_20170427_09_40_39.csv ./data/CZZ_last.csv
ET:  0.08  minutes
now 2017-04-27 14:00:00.107000 return data: last bar 2017-04-27 13:55:00 last processed bar 2017-04-27 13:50:00
CZZ: Warning! 596 bars requested 72 bars returned.
start_idx [(19, Timestamp('2017-04-27 09:35:00'))]
start_ema 2017-04-27 08:00:00 start_vwap 2017-04-27 09:35:00 last_bar 2017-04-27 13:55:00 Writing to ./data/CZZ_livesignals_20170427_09_40_39.csv ./data/CZZ_last.csv
ET:  0.08  minutes
now 2017-04-27 14:05:00.105000 return data: last bar 2017-04-27 14:00:00 last processed bar 2017-04-27 13:55:00
CZZ: Warning! 596 bars requested 73 bars returned.
start_idx [(19, Timestamp('2017-04-27 09:35:00'))]
start_ema 2017-04-27 08:00:00 start_vwap 2017-04-27 09:35:00 last_bar 2017-04-27 14:00:00 Writing to ./data/CZZ_livesignals_20170427_09_40_39.csv ./data/CZZ_last.csv
ET:  0.08  minutes
now 2017-04-27 14:10:00.103000 return data: last bar 2017-04-27 14:05:00 last processed bar 2017-04-27 14:00:00
CZZ: Warning! 596 bars requested 74 bars returned.
start_idx [(19, Timestamp('2017-04-27 09:35:00'))]
start_ema 2017-04-27 08:00:00 start_vwap 2017-04-27 09:35:00 last_bar 2017-04-27 14:05:00 Writing to ./data/CZZ_livesignals_20170427_09_40_39.csv ./data/CZZ_last.csv
ET:  0.04  minutes
now 2017-04-27 14:15:00.595000 return data: last bar 2017-04-27 14:10:00 last processed bar 2017-04-27 14:05:00
CZZ: Warning! 596 bars requested 75 bars returned.
start_idx [(19, Timestamp('2017-04-27 09:35:00'))]
start_ema 2017-04-27 08:00:00 start_vwap 2017-04-27 09:35:00 last_bar 2017-04-27 14:10:00 Writing to ./data/CZZ_livesignals_20170427_09_40_39.csv ./data/CZZ_last.csv
ET:  0.08  minutes
now 2017-04-27 14:20:00.218000 return data: last bar 2017-04-27 14:15:00 last processed bar 2017-04-27 14:10:00
CZZ: Warning! 596 bars requested 76 bars returned.
start_idx [(19, Timestamp('2017-04-27 09:35:00'))]
start_ema 2017-04-27 08:00:00 start_vwap 2017-04-27 09:35:00 last_bar 2017-04-27 14:15:00 Writing to ./data/CZZ_livesignals_20170427_09_40_39.csv ./data/CZZ_last.csv
ET:  0.09  minutes
now 2017-04-27 14:25:01.130000 return data: last bar 2017-04-27 14:20:00 last processed bar 2017-04-27 14:15:00
CZZ: Warning! 596 bars requested 77 bars returned.
start_idx [(19, Timestamp('2017-04-27 09:35:00'))]
start_ema 2017-04-27 08:00:00 start_vwap 2017-04-27 09:35:00 last_bar 2017-04-27 14:20:00 Writing to ./data/CZZ_livesignals_20170427_09_40_39.csv ./data/CZZ_last.csv
ET:  0.06  minutes
now 2017-04-27 14:30:02.242000 return data: last bar 2017-04-27 14:25:00 last processed bar 2017-04-27 14:20:00
CZZ: Warning! 596 bars requested 78 bars returned.
start_idx [(19, Timestamp('2017-04-27 09:35:00'))]
start_ema 2017-04-27 08:00:00 start_vwap 2017-04-27 09:35:00 last_bar 2017-04-27 14:25:00 Writing to ./data/CZZ_livesignals_20170427_09_40_39.csv ./data/CZZ_last.csv
ET:  0.02  minutes
now 2017-04-27 14:35:00.827000 return data: last bar 2017-04-27 14:30:00 last processed bar 2017-04-27 14:25:00
CZZ: Warning! 596 bars requested 79 bars returned.
start_idx [(19, Timestamp('2017-04-27 09:35:00'))]
start_ema 2017-04-27 08:00:00 start_vwap 2017-04-27 09:35:00 last_bar 2017-04-27 14:30:00 Writing to ./data/CZZ_livesignals_20170427_09_40_39.csv ./data/CZZ_last.csv
ET:  0.07  minutes
now 2017-04-27 14:40:00.260000 return data: last bar 2017-04-27 14:35:00 last processed bar 2017-04-27 14:30:00
CZZ: Warning! 596 bars requested 80 bars returned.
start_idx [(19, Timestamp('2017-04-27 09:35:00'))]
start_ema 2017-04-27 08:00:00 start_vwap 2017-04-27 09:35:00 last_bar 2017-04-27 14:35:00 Writing to ./data/CZZ_livesignals_20170427_09_40_39.csv ./data/CZZ_last.csv
ET:  0.05  minutes
now 2017-04-27 14:45:01.932000 return data: last bar 2017-04-27 14:45:00 last processed bar 2017-04-27 14:35:00
CZZ: Warning! 596 bars requested 82 bars returned.
start_idx [(19, Timestamp('2017-04-27 09:35:00'))]
start_ema 2017-04-27 08:00:00 start_vwap 2017-04-27 09:35:00 last_bar 2017-04-27 14:45:00 Writing to ./data/CZZ_livesignals_20170427_09_40_39.csv ./data/CZZ_last.csv
ET:  0.05  minutes
now 2017-04-27 14:50:01.229000 return None: last bar 2017-04-27 14:45:00 last processed bar 2017-04-27 14:45:00
CZZ getFeed did not return any data! last bar: 2017-04-27 14:45:00 now: 14:50:01.801000
now 2017-04-27 14:55:02.218000 return data: last bar 2017-04-27 14:50:00 last processed bar 2017-04-27 14:45:00
CZZ: Warning! 596 bars requested 83 bars returned.
start_idx [(19, Timestamp('2017-04-27 09:35:00'))]
start_ema 2017-04-27 08:00:00 start_vwap 2017-04-27 09:35:00 last_bar 2017-04-27 14:50:00 Writing to ./data/CZZ_livesignals_20170427_09_40_39.csv ./data/CZZ_last.csv
ET:  0.08  minutes
now 2017-04-27 15:00:01.334000 return data: last bar 2017-04-27 14:55:00 last processed bar 2017-04-27 14:50:00
CZZ: Warning! 596 bars requested 84 bars returned.
start_idx [(19, Timestamp('2017-04-27 09:35:00'))]
start_ema 2017-04-27 08:00:00 start_vwap 2017-04-27 09:35:00 last_bar 2017-04-27 14:55:00 Writing to ./data/CZZ_livesignals_20170427_09_40_39.csv ./data/CZZ_last.csv
ET:  0.05  minutes
now 2017-04-27 15:05:00.344000 return data: last bar 2017-04-27 15:05:00 last processed bar 2017-04-27 14:55:00
CZZ: Warning! 596 bars requested 86 bars returned.
start_idx [(19, Timestamp('2017-04-27 09:35:00'))]
start_ema 2017-04-27 08:00:00 start_vwap 2017-04-27 09:35:00 last_bar 2017-04-27 15:05:00 Writing to ./data/CZZ_livesignals_20170427_09_40_39.csv ./data/CZZ_last.csv
ET:  0.1  minutes
now 2017-04-27 15:10:01.114000 return None: last bar 2017-04-27 15:05:00 last processed bar 2017-04-27 15:05:00
CZZ getFeed did not return any data! last bar: 2017-04-27 15:05:00 now: 15:10:01.477000
now 2017-04-27 15:15:01.759000 return data: last bar 2017-04-27 15:10:00 last processed bar 2017-04-27 15:05:00
CZZ: Warning! 596 bars requested 87 bars returned.
start_idx [(19, Timestamp('2017-04-27 09:35:00'))]
start_ema 2017-04-27 08:00:00 start_vwap 2017-04-27 09:35:00 last_bar 2017-04-27 15:10:00 Writing to ./data/CZZ_livesignals_20170427_09_40_39.csv ./data/CZZ_last.csv
ET:  0.05  minutes
now 2017-04-27 15:20:01.124000 return data: last bar 2017-04-27 15:20:00 last processed bar 2017-04-27 15:10:00
CZZ: Warning! 596 bars requested 89 bars returned.
start_idx [(19, Timestamp('2017-04-27 09:35:00'))]
start_ema 2017-04-27 08:00:00 start_vwap 2017-04-27 09:35:00 last_bar 2017-04-27 15:20:00 Writing to ./data/CZZ_livesignals_20170427_09_40_39.csv ./data/CZZ_last.csv
ET:  0.06  minutes
now 2017-04-27 15:25:01.985000 return None: last bar 2017-04-27 15:20:00 last processed bar 2017-04-27 15:20:00
CZZ getFeed did not return any data! last bar: 2017-04-27 15:20:00 now: 15:25:03.526000
now 2017-04-27 15:30:01.761000 return data: last bar 2017-04-27 15:30:00 last processed bar 2017-04-27 15:20:00
CZZ: Warning! 596 bars requested 91 bars returned.
start_idx [(19, Timestamp('2017-04-27 09:35:00'))]
start_ema 2017-04-27 08:00:00 start_vwap 2017-04-27 09:35:00 last_bar 2017-04-27 15:30:00 Writing to ./data/CZZ_livesignals_20170427_09_40_39.csv ./data/CZZ_last.csv
ET:  0.07  minutes
now 2017-04-27 15:35:02.106000 return data: last bar 2017-04-27 15:35:00 last processed bar 2017-04-27 15:30:00
CZZ: Warning! 596 bars requested 92 bars returned.
start_idx [(19, Timestamp('2017-04-27 09:35:00'))]
start_ema 2017-04-27 08:00:00 start_vwap 2017-04-27 09:35:00 last_bar 2017-04-27 15:35:00 Writing to ./data/CZZ_livesignals_20170427_09_40_39.csv ./data/CZZ_last.csv
ET:  0.04  minutes
now 2017-04-27 15:40:00.774000 return None: last bar 2017-04-27 15:35:00 last processed bar 2017-04-27 15:35:00
CZZ getFeed did not return any data! last bar: 2017-04-27 15:35:00 now: 15:40:01.243000
now 2017-04-27 15:45:01.151000 return data: last bar 2017-04-27 15:40:00 last processed bar 2017-04-27 15:35:00
CZZ: Warning! 596 bars requested 93 bars returned.
start_idx [(19, Timestamp('2017-04-27 09:35:00'))]
start_ema 2017-04-27 08:00:00 start_vwap 2017-04-27 09:35:00 last_bar 2017-04-27 15:40:00 Writing to ./data/CZZ_livesignals_20170427_09_40_39.csv ./data/CZZ_last.csv
ET:  0.05  minutes
now 2017-04-27 15:50:00.036000 return data: last bar 2017-04-27 15:45:00 last processed bar 2017-04-27 15:40:00
CZZ: Warning! 596 bars requested 94 bars returned.
start_idx [(19, Timestamp('2017-04-27 09:35:00'))]
start_ema 2017-04-27 08:00:00 start_vwap 2017-04-27 09:35:00 last_bar 2017-04-27 15:45:00 Writing to ./data/CZZ_livesignals_20170427_09_40_39.csv ./data/CZZ_last.csv
ET:  0.05  minutes
now 2017-04-27 15:55:01.712000
