last bar 2017-03-13 09:35:00 last processed bar 1000-01-01 00:00:00
start_ema 2017-03-10 14:50:00 start_vwap 2017-03-13 09:35:00 last_bar 2017-03-13 09:35:00 ET:  0.08  minutes
Writing to ./data/DDD_livesignals_20170313_09_31_03.csv ./data/DDD_last.csv
now 2017-03-13 09:31:08.063000 last bar 2017-03-13 09:35:00 last processed bar 2017-03-13 09:35:00
new bar not ready
now 2017-03-13 09:35:00.244000 last bar 2017-03-13 09:35:00 last processed bar 2017-03-13 09:35:00
new bar not ready
now 2017-03-13 09:40:00.355000 last bar 2017-03-13 09:40:00 last processed bar 2017-03-13 09:35:00
start_ema 2017-03-10 14:50:00 start_vwap 2017-03-13 09:35:00 last_bar 2017-03-13 09:40:00 ET:  9.15  minutes
now 2017-03-13 09:45:00.940000 last bar 2017-03-13 09:45:00 last processed bar 2017-03-13 09:40:00
start_ema 2017-03-10 14:50:00 start_vwap 2017-03-13 09:35:00 last_bar 2017-03-13 09:45:00 ET:  14.13  minutes
now 2017-03-13 09:50:00.642000 last bar 2017-03-13 09:50:00 last processed bar 2017-03-13 09:45:00
start_ema 2017-03-10 14:50:00 start_vwap 2017-03-13 09:35:00 last_bar 2017-03-13 09:50:00 ET:  19.12  minutes
now 2017-03-13 09:55:00.119000 last bar 2017-03-13 09:55:00 last processed bar 2017-03-13 09:50:00
start_ema 2017-03-10 14:50:00 start_vwap 2017-03-13 09:35:00 last_bar 2017-03-13 09:55:00 ET:  24.15  minutes
now 2017-03-13 10:00:00.809000 last bar 2017-03-13 10:05:00 last processed bar 2017-03-13 09:55:00
start_ema 2017-03-10 14:50:00 start_vwap 2017-03-13 09:35:00 last_bar 2017-03-13 10:05:00 ET:  29.15  minutes
now 2017-03-13 10:05:00.886000 last bar 2017-03-13 10:10:00 last processed bar 2017-03-13 10:05:00
start_ema 2017-03-10 14:50:00 start_vwap 2017-03-13 09:35:00 last_bar 2017-03-13 10:10:00 ET:  34.15  minutes
now 2017-03-13 10:10:00.868000
