return data: last bar 2017-04-27 09:35:00 last processed bar 1000-01-01 00:00:00
ECA: Warning! 596 bars requested 20 bars returned.
start_idx [(19, Timestamp('2017-04-27 09:35:00'))]
start_ema 2017-04-27 08:00:00 start_vwap 2017-04-27 09:35:00 last_bar 2017-04-27 09:35:00 ET:  0.04  minutes
now 2017-04-27 09:45:00.192000 return None: last bar 2017-04-27 09:35:00 last processed bar 2017-04-27 09:35:00
ECA getFeed did not return any data! last bar: 2017-04-27 09:35:00 now: 09:45:00.280000
now 2017-04-27 09:50:00.400000 return data: last bar 2017-04-27 09:40:00 last processed bar 2017-04-27 09:35:00
ECA: Warning! 596 bars requested 21 bars returned.
start_idx [(19, Timestamp('2017-04-27 09:35:00'))]
start_ema 2017-04-27 08:00:00 start_vwap 2017-04-27 09:35:00 last_bar 2017-04-27 09:40:00 Writing to ./data/ECA_livesignals_20170427_09_40_32.csv ./data/ECA_last.csv
ET:  0.07  minutes
now 2017-04-27 09:55:00.907000 return data: last bar 2017-04-27 09:45:00 last processed bar 2017-04-27 09:40:00
ECA: Warning! 596 bars requested 22 bars returned.
start_idx [(19, Timestamp('2017-04-27 09:35:00'))]
start_ema 2017-04-27 08:00:00 start_vwap 2017-04-27 09:35:00 last_bar 2017-04-27 09:45:00 Writing to ./data/ECA_livesignals_20170427_09_40_32.csv ./data/ECA_last.csv
ET:  0.09  minutes
now 2017-04-27 10:00:00.379000 return data: last bar 2017-04-27 09:50:00 last processed bar 2017-04-27 09:45:00
ECA: Warning! 596 bars requested 23 bars returned.
start_idx [(19, Timestamp('2017-04-27 09:35:00'))]
start_ema 2017-04-27 08:00:00 start_vwap 2017-04-27 09:35:00 last_bar 2017-04-27 09:50:00 Writing to ./data/ECA_livesignals_20170427_09_40_32.csv ./data/ECA_last.csv
ET:  0.06  minutes
now 2017-04-27 10:05:00.188000 return data: last bar 2017-04-27 09:55:00 last processed bar 2017-04-27 09:50:00
ECA: Warning! 596 bars requested 24 bars returned.
start_idx [(19, Timestamp('2017-04-27 09:35:00'))]
start_ema 2017-04-27 08:00:00 start_vwap 2017-04-27 09:35:00 last_bar 2017-04-27 09:55:00 Writing to ./data/ECA_livesignals_20170427_09_40_32.csv ./data/ECA_last.csv
ET:  0.06  minutes
now 2017-04-27 10:10:02.702000 return data: last bar 2017-04-27 10:00:00 last processed bar 2017-04-27 09:55:00
ECA: Warning! 596 bars requested 25 bars returned.
start_idx [(19, Timestamp('2017-04-27 09:35:00'))]
start_ema 2017-04-27 08:00:00 start_vwap 2017-04-27 09:35:00 last_bar 2017-04-27 10:00:00 Writing to ./data/ECA_livesignals_20170427_09_40_32.csv ./data/ECA_last.csv
ET:  0.05  minutes
now 2017-04-27 10:15:02.078000 return data: last bar 2017-04-27 10:10:00 last processed bar 2017-04-27 10:00:00
ECA: Warning! 596 bars requested 27 bars returned.
start_idx [(19, Timestamp('2017-04-27 09:35:00'))]
start_ema 2017-04-27 08:00:00 start_vwap 2017-04-27 09:35:00 last_bar 2017-04-27 10:10:00 Writing to ./data/ECA_livesignals_20170427_09_40_32.csv ./data/ECA_last.csv
ET:  0.09  minutes
now 2017-04-27 10:20:00.365000 return data: last bar 2017-04-27 10:15:00 last processed bar 2017-04-27 10:10:00
ECA: Warning! 596 bars requested 28 bars returned.
start_idx [(19, Timestamp('2017-04-27 09:35:00'))]
start_ema 2017-04-27 08:00:00 start_vwap 2017-04-27 09:35:00 last_bar 2017-04-27 10:15:00 Writing to ./data/ECA_livesignals_20170427_09_40_32.csv ./data/ECA_last.csv
ET:  0.11  minutes
now 2017-04-27 10:25:00.089000 return data: last bar 2017-04-27 10:20:00 last processed bar 2017-04-27 10:15:00
ECA: Warning! 596 bars requested 29 bars returned.
start_idx [(19, Timestamp('2017-04-27 09:35:00'))]
start_ema 2017-04-27 08:00:00 start_vwap 2017-04-27 09:35:00 last_bar 2017-04-27 10:20:00 Writing to ./data/ECA_livesignals_20170427_09_40_32.csv ./data/ECA_last.csv
ET:  0.07  minutes
now 2017-04-27 10:30:00.328000 return data: last bar 2017-04-27 10:25:00 last processed bar 2017-04-27 10:20:00
ECA: Warning! 596 bars requested 30 bars returned.
start_idx [(19, Timestamp('2017-04-27 09:35:00'))]
start_ema 2017-04-27 08:00:00 start_vwap 2017-04-27 09:35:00 last_bar 2017-04-27 10:25:00 Writing to ./data/ECA_livesignals_20170427_09_40_32.csv ./data/ECA_last.csv
ET:  0.1  minutes
now 2017-04-27 10:35:00.740000 return data: last bar 2017-04-27 10:30:00 last processed bar 2017-04-27 10:25:00
ECA: Warning! 596 bars requested 31 bars returned.
start_idx [(19, Timestamp('2017-04-27 09:35:00'))]
start_ema 2017-04-27 08:00:00 start_vwap 2017-04-27 09:35:00 last_bar 2017-04-27 10:30:00 Writing to ./data/ECA_livesignals_20170427_09_40_32.csv ./data/ECA_last.csv
ET:  0.1  minutes
now 2017-04-27 10:40:02.487000 return data: last bar 2017-04-27 10:35:00 last processed bar 2017-04-27 10:30:00
ECA: Warning! 596 bars requested 32 bars returned.
start_idx [(19, Timestamp('2017-04-27 09:35:00'))]
start_ema 2017-04-27 08:00:00 start_vwap 2017-04-27 09:35:00 last_bar 2017-04-27 10:35:00 Writing to ./data/ECA_livesignals_20170427_09_40_32.csv ./data/ECA_last.csv
ET:  0.06  minutes
now 2017-04-27 10:45:01.432000 return data: last bar 2017-04-27 10:40:00 last processed bar 2017-04-27 10:35:00
ECA: Warning! 596 bars requested 33 bars returned.
start_idx [(19, Timestamp('2017-04-27 09:35:00'))]
start_ema 2017-04-27 08:00:00 start_vwap 2017-04-27 09:35:00 last_bar 2017-04-27 10:40:00 Writing to ./data/ECA_livesignals_20170427_09_40_32.csv ./data/ECA_last.csv
ET:  0.11  minutes
now 2017-04-27 10:50:00.252000 return data: last bar 2017-04-27 10:45:00 last processed bar 2017-04-27 10:40:00
ECA: Warning! 596 bars requested 34 bars returned.
start_idx [(19, Timestamp('2017-04-27 09:35:00'))]
start_ema 2017-04-27 08:00:00 start_vwap 2017-04-27 09:35:00 last_bar 2017-04-27 10:45:00 Writing to ./data/ECA_livesignals_20170427_09_40_32.csv ./data/ECA_last.csv
ET:  0.12  minutes
now 2017-04-27 10:55:00.678000 return data: last bar 2017-04-27 10:50:00 last processed bar 2017-04-27 10:45:00
ECA: Warning! 596 bars requested 35 bars returned.
start_idx [(19, Timestamp('2017-04-27 09:35:00'))]
start_ema 2017-04-27 08:00:00 start_vwap 2017-04-27 09:35:00 last_bar 2017-04-27 10:50:00 Writing to ./data/ECA_livesignals_20170427_09_40_32.csv ./data/ECA_last.csv
ET:  0.12  minutes
now 2017-04-27 11:00:02.025000 return data: last bar 2017-04-27 10:55:00 last processed bar 2017-04-27 10:50:00
ECA: Warning! 596 bars requested 36 bars returned.
start_idx [(19, Timestamp('2017-04-27 09:35:00'))]
start_ema 2017-04-27 08:00:00 start_vwap 2017-04-27 09:35:00 last_bar 2017-04-27 10:55:00 Writing to ./data/ECA_livesignals_20170427_09_40_32.csv ./data/ECA_last.csv
ET:  0.1  minutes
now 2017-04-27 11:05:01.663000 return data: last bar 2017-04-27 11:05:00 last processed bar 2017-04-27 10:55:00
ECA: Warning! 596 bars requested 38 bars returned.
start_idx [(19, Timestamp('2017-04-27 09:35:00'))]
start_ema 2017-04-27 08:00:00 start_vwap 2017-04-27 09:35:00 last_bar 2017-04-27 11:05:00 Writing to ./data/ECA_livesignals_20170427_09_40_32.csv ./data/ECA_last.csv
ET:  0.11  minutes
now 2017-04-27 11:10:05.050000 return data: last bar 2017-04-27 11:10:00 last processed bar 2017-04-27 11:05:00
ECA: Warning! 596 bars requested 39 bars returned.
start_idx [(19, Timestamp('2017-04-27 09:35:00'))]
start_ema 2017-04-27 08:00:00 start_vwap 2017-04-27 09:35:00 last_bar 2017-04-27 11:10:00 Writing to ./data/ECA_livesignals_20170427_09_40_32.csv ./data/ECA_last.csv
ET:  0.05  minutes
now 2017-04-27 11:15:00.274000 return None: last bar 2017-04-27 11:10:00 last processed bar 2017-04-27 11:10:00
ECA getFeed did not return any data! last bar: 2017-04-27 11:10:00 now: 11:15:00.978000
now 2017-04-27 11:20:00.981000 return data: last bar 2017-04-27 11:20:00 last processed bar 2017-04-27 11:10:00
ECA: Warning! 596 bars requested 41 bars returned.
start_idx [(19, Timestamp('2017-04-27 09:35:00'))]
start_ema 2017-04-27 08:00:00 start_vwap 2017-04-27 09:35:00 last_bar 2017-04-27 11:20:00 Writing to ./data/ECA_livesignals_20170427_09_40_32.csv ./data/ECA_last.csv
ET:  0.11  minutes
now 2017-04-27 11:25:00.371000 return None: last bar 2017-04-27 11:20:00 last processed bar 2017-04-27 11:20:00
ECA getFeed did not return any data! last bar: 2017-04-27 11:20:00 now: 11:25:04.841000
now 2017-04-27 11:30:02.914000 return data: last bar 2017-04-27 11:25:00 last processed bar 2017-04-27 11:20:00
ECA: Warning! 596 bars requested 42 bars returned.
start_idx [(19, Timestamp('2017-04-27 09:35:00'))]
start_ema 2017-04-27 08:00:00 start_vwap 2017-04-27 09:35:00 last_bar 2017-04-27 11:25:00 Writing to ./data/ECA_livesignals_20170427_09_40_32.csv ./data/ECA_last.csv
ET:  0.06  minutes
now 2017-04-27 11:35:02.363000 return data: last bar 2017-04-27 11:35:00 last processed bar 2017-04-27 11:25:00
ECA: Warning! 596 bars requested 44 bars returned.
start_idx [(19, Timestamp('2017-04-27 09:35:00'))]
start_ema 2017-04-27 08:00:00 start_vwap 2017-04-27 09:35:00 last_bar 2017-04-27 11:35:00 Writing to ./data/ECA_livesignals_20170427_09_40_32.csv ./data/ECA_last.csv
ET:  0.05  minutes
now 2017-04-27 11:40:00.551000 return None: last bar 2017-04-27 11:35:00 last processed bar 2017-04-27 11:35:00
ECA getFeed did not return any data! last bar: 2017-04-27 11:35:00 now: 11:40:00.871000
now 2017-04-27 11:45:03.906000 return data: last bar 2017-04-27 11:45:00 last processed bar 2017-04-27 11:35:00
ECA: Warning! 596 bars requested 46 bars returned.
start_idx [(19, Timestamp('2017-04-27 09:35:00'))]
start_ema 2017-04-27 08:00:00 start_vwap 2017-04-27 09:35:00 last_bar 2017-04-27 11:45:00 Writing to ./data/ECA_livesignals_20170427_09_40_32.csv ./data/ECA_last.csv
ET:  0.05  minutes
now 2017-04-27 11:50:00.010000 return None: last bar 2017-04-27 11:45:00 last processed bar 2017-04-27 11:45:00
ECA getFeed did not return any data! last bar: 2017-04-27 11:45:00 now: 11:50:00.240000
now 2017-04-27 11:55:03.022000 return data: last bar 2017-04-27 11:55:00 last processed bar 2017-04-27 11:45:00
ECA: Warning! 596 bars requested 48 bars returned.
start_idx [(19, Timestamp('2017-04-27 09:35:00'))]
start_ema 2017-04-27 08:00:00 start_vwap 2017-04-27 09:35:00 last_bar 2017-04-27 11:55:00 Writing to ./data/ECA_livesignals_20170427_09_40_32.csv ./data/ECA_last.csv
ET:  0.05  minutes
now 2017-04-27 12:00:00.456000 return data: last bar 2017-04-27 12:00:00 last processed bar 2017-04-27 11:55:00
ECA: Warning! 596 bars requested 49 bars returned.
start_idx [(19, Timestamp('2017-04-27 09:35:00'))]
start_ema 2017-04-27 08:00:00 start_vwap 2017-04-27 09:35:00 last_bar 2017-04-27 12:00:00 Writing to ./data/ECA_livesignals_20170427_09_40_32.csv ./data/ECA_last.csv
ET:  0.1  minutes
now 2017-04-27 12:05:01.616000 return data: last bar 2017-04-27 12:05:00 last processed bar 2017-04-27 12:00:00
ECA: Warning! 596 bars requested 50 bars returned.
start_idx [(19, Timestamp('2017-04-27 09:35:00'))]
start_ema 2017-04-27 08:00:00 start_vwap 2017-04-27 09:35:00 last_bar 2017-04-27 12:05:00 Writing to ./data/ECA_livesignals_20170427_09_40_32.csv ./data/ECA_last.csv
ET:  0.08  minutes
now 2017-04-27 12:10:00.371000 return None: last bar 2017-04-27 12:05:00 last processed bar 2017-04-27 12:05:00
ECA getFeed did not return any data! last bar: 2017-04-27 12:05:00 now: 12:10:02.859000
now 2017-04-27 12:15:00.911000 return data: last bar 2017-04-27 12:15:00 last processed bar 2017-04-27 12:05:00
ECA: Warning! 596 bars requested 52 bars returned.
start_idx [(19, Timestamp('2017-04-27 09:35:00'))]
start_ema 2017-04-27 08:00:00 start_vwap 2017-04-27 09:35:00 last_bar 2017-04-27 12:15:00 Writing to ./data/ECA_livesignals_20170427_09_40_32.csv ./data/ECA_last.csv
ET:  0.08  minutes
now 2017-04-27 12:20:02.757000 return data: last bar 2017-04-27 12:20:00 last processed bar 2017-04-27 12:15:00
ECA: Warning! 596 bars requested 53 bars returned.
start_idx [(19, Timestamp('2017-04-27 09:35:00'))]
start_ema 2017-04-27 08:00:00 start_vwap 2017-04-27 09:35:00 last_bar 2017-04-27 12:20:00 Writing to ./data/ECA_livesignals_20170427_09_40_32.csv ./data/ECA_last.csv
ET:  0.07  minutes
now 2017-04-27 12:25:00.925000 return data: last bar 2017-04-27 12:25:00 last processed bar 2017-04-27 12:20:00
ECA: Warning! 596 bars requested 54 bars returned.
start_idx [(19, Timestamp('2017-04-27 09:35:00'))]
start_ema 2017-04-27 08:00:00 start_vwap 2017-04-27 09:35:00 last_bar 2017-04-27 12:25:00 Writing to ./data/ECA_livesignals_20170427_09_40_32.csv ./data/ECA_last.csv
ET:  0.08  minutes
now 2017-04-27 12:30:00.865000 return None: last bar 2017-04-27 12:25:00 last processed bar 2017-04-27 12:25:00
ECA getFeed did not return any data! last bar: 2017-04-27 12:25:00 now: 12:30:02.816000
now 2017-04-27 12:35:01.903000 return data: last bar 2017-04-27 12:35:00 last processed bar 2017-04-27 12:25:00
ECA: Warning! 596 bars requested 56 bars returned.
start_idx [(19, Timestamp('2017-04-27 09:35:00'))]
start_ema 2017-04-27 08:00:00 start_vwap 2017-04-27 09:35:00 last_bar 2017-04-27 12:35:00 Writing to ./data/ECA_livesignals_20170427_09_40_32.csv ./data/ECA_last.csv
ET:  0.07  minutes
now 2017-04-27 12:40:00.211000 return data: last bar 2017-04-27 12:40:00 last processed bar 2017-04-27 12:35:00
ECA: Warning! 596 bars requested 57 bars returned.
start_idx [(19, Timestamp('2017-04-27 09:35:00'))]
start_ema 2017-04-27 08:00:00 start_vwap 2017-04-27 09:35:00 last_bar 2017-04-27 12:40:00 Writing to ./data/ECA_livesignals_20170427_09_40_32.csv ./data/ECA_last.csv
ET:  0.08  minutes
now 2017-04-27 12:45:00.961000 return data: last bar 2017-04-27 12:45:00 last processed bar 2017-04-27 12:40:00
ECA: Warning! 596 bars requested 58 bars returned.
start_idx [(19, Timestamp('2017-04-27 09:35:00'))]
start_ema 2017-04-27 08:00:00 start_vwap 2017-04-27 09:35:00 last_bar 2017-04-27 12:45:00 Writing to ./data/ECA_livesignals_20170427_09_40_32.csv ./data/ECA_last.csv
ET:  0.09  minutes
now 2017-04-27 12:50:00.311000 return data: last bar 2017-04-27 12:50:00 last processed bar 2017-04-27 12:45:00
ECA: Warning! 596 bars requested 59 bars returned.
start_idx [(19, Timestamp('2017-04-27 09:35:00'))]
start_ema 2017-04-27 08:00:00 start_vwap 2017-04-27 09:35:00 last_bar 2017-04-27 12:50:00 Writing to ./data/ECA_livesignals_20170427_09_40_32.csv ./data/ECA_last.csv
ET:  0.07  minutes
now 2017-04-27 12:55:00.572000 return data: last bar 2017-04-27 12:55:00 last processed bar 2017-04-27 12:50:00
ECA: Warning! 596 bars requested 60 bars returned.
start_idx [(19, Timestamp('2017-04-27 09:35:00'))]
start_ema 2017-04-27 08:00:00 start_vwap 2017-04-27 09:35:00 last_bar 2017-04-27 12:55:00 Writing to ./data/ECA_livesignals_20170427_09_40_32.csv ./data/ECA_last.csv
ET:  0.1  minutes
now 2017-04-27 13:00:01.640000 return data: last bar 2017-04-27 13:00:00 last processed bar 2017-04-27 12:55:00
ECA: Warning! 596 bars requested 61 bars returned.
start_idx [(19, Timestamp('2017-04-27 09:35:00'))]
start_ema 2017-04-27 08:00:00 start_vwap 2017-04-27 09:35:00 last_bar 2017-04-27 13:00:00 Writing to ./data/ECA_livesignals_20170427_09_40_32.csv ./data/ECA_last.csv
ET:  0.08  minutes
now 2017-04-27 13:05:00.279000 return None: last bar 2017-04-27 13:00:00 last processed bar 2017-04-27 13:00:00
ECA getFeed did not return any data! last bar: 2017-04-27 13:00:00 now: 13:05:00.380000
now 2017-04-27 13:10:00.368000 return data: last bar 2017-04-27 13:05:00 last processed bar 2017-04-27 13:00:00
ECA: Warning! 596 bars requested 62 bars returned.
start_idx [(19, Timestamp('2017-04-27 09:35:00'))]
start_ema 2017-04-27 08:00:00 start_vwap 2017-04-27 09:35:00 last_bar 2017-04-27 13:05:00 Writing to ./data/ECA_livesignals_20170427_09_40_32.csv ./data/ECA_last.csv
ET:  0.07  minutes
now 2017-04-27 13:15:00.720000 return data: last bar 2017-04-27 13:15:00 last processed bar 2017-04-27 13:05:00
ECA: Warning! 596 bars requested 64 bars returned.
start_idx [(19, Timestamp('2017-04-27 09:35:00'))]
start_ema 2017-04-27 08:00:00 start_vwap 2017-04-27 09:35:00 last_bar 2017-04-27 13:15:00 Writing to ./data/ECA_livesignals_20170427_09_40_32.csv ./data/ECA_last.csv
ET:  0.1  minutes
now 2017-04-27 13:20:00.769000 return data: last bar 2017-04-27 13:20:00 last processed bar 2017-04-27 13:15:00
ECA: Warning! 596 bars requested 65 bars returned.
start_idx [(19, Timestamp('2017-04-27 09:35:00'))]
start_ema 2017-04-27 08:00:00 start_vwap 2017-04-27 09:35:00 last_bar 2017-04-27 13:20:00 Writing to ./data/ECA_livesignals_20170427_09_40_32.csv ./data/ECA_last.csv
ET:  0.08  minutes
now 2017-04-27 13:25:02.432000 return data: last bar 2017-04-27 13:25:00 last processed bar 2017-04-27 13:20:00
ECA: Warning! 596 bars requested 66 bars returned.
start_idx [(19, Timestamp('2017-04-27 09:35:00'))]
start_ema 2017-04-27 08:00:00 start_vwap 2017-04-27 09:35:00 last_bar 2017-04-27 13:25:00 Writing to ./data/ECA_livesignals_20170427_09_40_32.csv ./data/ECA_last.csv
ET:  0.07  minutes
now 2017-04-27 13:30:00.700000 return data: last bar 2017-04-27 13:30:00 last processed bar 2017-04-27 13:25:00
ECA: Warning! 596 bars requested 67 bars returned.
start_idx [(19, Timestamp('2017-04-27 09:35:00'))]
start_ema 2017-04-27 08:00:00 start_vwap 2017-04-27 09:35:00 last_bar 2017-04-27 13:30:00 Writing to ./data/ECA_livesignals_20170427_09_40_32.csv ./data/ECA_last.csv
ET:  0.09  minutes
now 2017-04-27 13:35:02.077000 return data: last bar 2017-04-27 13:35:00 last processed bar 2017-04-27 13:30:00
ECA: Warning! 596 bars requested 68 bars returned.
start_idx [(19, Timestamp('2017-04-27 09:35:00'))]
start_ema 2017-04-27 08:00:00 start_vwap 2017-04-27 09:35:00 last_bar 2017-04-27 13:35:00 Writing to ./data/ECA_livesignals_20170427_09_40_32.csv ./data/ECA_last.csv
ET:  0.08  minutes
now 2017-04-27 13:40:04.260000 return data: last bar 2017-04-27 13:40:00 last processed bar 2017-04-27 13:35:00
ECA: Warning! 596 bars requested 69 bars returned.
start_idx [(19, Timestamp('2017-04-27 09:35:00'))]
start_ema 2017-04-27 08:00:00 start_vwap 2017-04-27 09:35:00 last_bar 2017-04-27 13:40:00 Writing to ./data/ECA_livesignals_20170427_09_40_32.csv ./data/ECA_last.csv
ET:  0.06  minutes
now 2017-04-27 13:45:00.953000 return data: last bar 2017-04-27 13:45:00 last processed bar 2017-04-27 13:40:00
ECA: Warning! 596 bars requested 70 bars returned.
start_idx [(19, Timestamp('2017-04-27 09:35:00'))]
start_ema 2017-04-27 08:00:00 start_vwap 2017-04-27 09:35:00 last_bar 2017-04-27 13:45:00 Writing to ./data/ECA_livesignals_20170427_09_40_32.csv ./data/ECA_last.csv
ET:  0.1  minutes
now 2017-04-27 13:50:00.339000 return data: last bar 2017-04-27 13:50:00 last processed bar 2017-04-27 13:45:00
ECA: Warning! 596 bars requested 71 bars returned.
start_idx [(19, Timestamp('2017-04-27 09:35:00'))]
start_ema 2017-04-27 08:00:00 start_vwap 2017-04-27 09:35:00 last_bar 2017-04-27 13:50:00 Writing to ./data/ECA_livesignals_20170427_09_40_32.csv ./data/ECA_last.csv
ET:  0.07  minutes
now 2017-04-27 13:55:02.085000 return data: last bar 2017-04-27 13:55:00 last processed bar 2017-04-27 13:50:00
ECA: Warning! 596 bars requested 72 bars returned.
start_idx [(19, Timestamp('2017-04-27 09:35:00'))]
start_ema 2017-04-27 08:00:00 start_vwap 2017-04-27 09:35:00 last_bar 2017-04-27 13:55:00 Writing to ./data/ECA_livesignals_20170427_09_40_32.csv ./data/ECA_last.csv
ET:  0.07  minutes
now 2017-04-27 14:00:00.563000 return data: last bar 2017-04-27 14:00:00 last processed bar 2017-04-27 13:55:00
ECA: Warning! 596 bars requested 73 bars returned.
start_idx [(19, Timestamp('2017-04-27 09:35:00'))]
start_ema 2017-04-27 08:00:00 start_vwap 2017-04-27 09:35:00 last_bar 2017-04-27 14:00:00 Writing to ./data/ECA_livesignals_20170427_09_40_32.csv ./data/ECA_last.csv
ET:  0.11  minutes
now 2017-04-27 14:05:00.681000 return data: last bar 2017-04-27 14:05:00 last processed bar 2017-04-27 14:00:00
ECA: Warning! 596 bars requested 74 bars returned.
start_idx [(19, Timestamp('2017-04-27 09:35:00'))]
start_ema 2017-04-27 08:00:00 start_vwap 2017-04-27 09:35:00 last_bar 2017-04-27 14:05:00 Writing to ./data/ECA_livesignals_20170427_09_40_32.csv ./data/ECA_last.csv
ET:  0.04  minutes
now 2017-04-27 14:10:03.809000 return data: last bar 2017-04-27 14:10:00 last processed bar 2017-04-27 14:05:00
ECA: Warning! 596 bars requested 75 bars returned.
start_idx [(19, Timestamp('2017-04-27 09:35:00'))]
start_ema 2017-04-27 08:00:00 start_vwap 2017-04-27 09:35:00 last_bar 2017-04-27 14:10:00 Writing to ./data/ECA_livesignals_20170427_09_40_32.csv ./data/ECA_last.csv
ET:  0.04  minutes
now 2017-04-27 14:15:00.286000 return data: last bar 2017-04-27 14:15:00 last processed bar 2017-04-27 14:10:00
ECA: Warning! 596 bars requested 76 bars returned.
start_idx [(19, Timestamp('2017-04-27 09:35:00'))]
start_ema 2017-04-27 08:00:00 start_vwap 2017-04-27 09:35:00 last_bar 2017-04-27 14:15:00 Writing to ./data/ECA_livesignals_20170427_09_40_32.csv ./data/ECA_last.csv
ET:  0.1  minutes
now 2017-04-27 14:20:01.249000 return data: last bar 2017-04-27 14:20:00 last processed bar 2017-04-27 14:15:00
ECA: Warning! 596 bars requested 77 bars returned.
start_idx [(19, Timestamp('2017-04-27 09:35:00'))]
start_ema 2017-04-27 08:00:00 start_vwap 2017-04-27 09:35:00 last_bar 2017-04-27 14:20:00 Writing to ./data/ECA_livesignals_20170427_09_40_32.csv ./data/ECA_last.csv
ET:  0.08  minutes
now 2017-04-27 14:25:03.957000 return data: last bar 2017-04-27 14:25:00 last processed bar 2017-04-27 14:20:00
ECA: Warning! 596 bars requested 78 bars returned.
start_idx [(19, Timestamp('2017-04-27 09:35:00'))]
start_ema 2017-04-27 08:00:00 start_vwap 2017-04-27 09:35:00 last_bar 2017-04-27 14:25:00 Writing to ./data/ECA_livesignals_20170427_09_40_32.csv ./data/ECA_last.csv
ET:  0.05  minutes
now 2017-04-27 14:30:00.292000 return data: last bar 2017-04-27 14:30:00 last processed bar 2017-04-27 14:25:00
ECA: Warning! 596 bars requested 79 bars returned.
start_idx [(19, Timestamp('2017-04-27 09:35:00'))]
start_ema 2017-04-27 08:00:00 start_vwap 2017-04-27 09:35:00 last_bar 2017-04-27 14:30:00 Writing to ./data/ECA_livesignals_20170427_09_40_32.csv ./data/ECA_last.csv
ET:  0.04  minutes
now 2017-04-27 14:35:01.939000 return data: last bar 2017-04-27 14:35:00 last processed bar 2017-04-27 14:30:00
ECA: Warning! 596 bars requested 80 bars returned.
start_idx [(19, Timestamp('2017-04-27 09:35:00'))]
start_ema 2017-04-27 08:00:00 start_vwap 2017-04-27 09:35:00 last_bar 2017-04-27 14:35:00 Writing to ./data/ECA_livesignals_20170427_09_40_32.csv ./data/ECA_last.csv
ET:  0.08  minutes
now 2017-04-27 14:40:00.596000 return data: last bar 2017-04-27 14:40:00 last processed bar 2017-04-27 14:35:00
ECA: Warning! 596 bars requested 81 bars returned.
start_idx [(19, Timestamp('2017-04-27 09:35:00'))]
start_ema 2017-04-27 08:00:00 start_vwap 2017-04-27 09:35:00 last_bar 2017-04-27 14:40:00 Writing to ./data/ECA_livesignals_20170427_09_40_32.csv ./data/ECA_last.csv
ET:  0.07  minutes
now 2017-04-27 14:45:02.315000 return data: last bar 2017-04-27 14:45:00 last processed bar 2017-04-27 14:40:00
ECA: Warning! 596 bars requested 82 bars returned.
start_idx [(19, Timestamp('2017-04-27 09:35:00'))]
start_ema 2017-04-27 08:00:00 start_vwap 2017-04-27 09:35:00 last_bar 2017-04-27 14:45:00 Writing to ./data/ECA_livesignals_20170427_09_40_32.csv ./data/ECA_last.csv
ET:  0.06  minutes
now 2017-04-27 14:50:04.675000 return data: last bar 2017-04-27 14:50:00 last processed bar 2017-04-27 14:45:00
ECA: Warning! 596 bars requested 83 bars returned.
start_idx [(19, Timestamp('2017-04-27 09:35:00'))]
start_ema 2017-04-27 08:00:00 start_vwap 2017-04-27 09:35:00 last_bar 2017-04-27 14:50:00 Writing to ./data/ECA_livesignals_20170427_09_40_32.csv ./data/ECA_last.csv
ET:  0.03  minutes
now 2017-04-27 14:55:00.459000 return data: last bar 2017-04-27 14:55:00 last processed bar 2017-04-27 14:50:00
ECA: Warning! 596 bars requested 84 bars returned.
start_idx [(19, Timestamp('2017-04-27 09:35:00'))]
start_ema 2017-04-27 08:00:00 start_vwap 2017-04-27 09:35:00 last_bar 2017-04-27 14:55:00 Writing to ./data/ECA_livesignals_20170427_09_40_32.csv ./data/ECA_last.csv
ET:  0.08  minutes
now 2017-04-27 15:00:02.880000 return data: last bar 2017-04-27 15:00:00 last processed bar 2017-04-27 14:55:00
ECA: Warning! 596 bars requested 85 bars returned.
start_idx [(19, Timestamp('2017-04-27 09:35:00'))]
start_ema 2017-04-27 08:00:00 start_vwap 2017-04-27 09:35:00 last_bar 2017-04-27 15:00:00 Writing to ./data/ECA_livesignals_20170427_09_40_32.csv ./data/ECA_last.csv
ET:  0.06  minutes
now 2017-04-27 15:05:01.904000 return data: last bar 2017-04-27 15:05:00 last processed bar 2017-04-27 15:00:00
ECA: Warning! 596 bars requested 86 bars returned.
start_idx [(19, Timestamp('2017-04-27 09:35:00'))]
start_ema 2017-04-27 08:00:00 start_vwap 2017-04-27 09:35:00 last_bar 2017-04-27 15:05:00 Writing to ./data/ECA_livesignals_20170427_09_40_32.csv ./data/ECA_last.csv
ET:  0.07  minutes
now 2017-04-27 15:10:00.346000 return data: last bar 2017-04-27 15:10:00 last processed bar 2017-04-27 15:05:00
ECA: Warning! 596 bars requested 87 bars returned.
start_idx [(19, Timestamp('2017-04-27 09:35:00'))]
start_ema 2017-04-27 08:00:00 start_vwap 2017-04-27 09:35:00 last_bar 2017-04-27 15:10:00 Writing to ./data/ECA_livesignals_20170427_09_40_32.csv ./data/ECA_last.csv
ET:  0.06  minutes
now 2017-04-27 15:15:01.897000 return data: last bar 2017-04-27 15:15:00 last processed bar 2017-04-27 15:10:00
ECA: Warning! 596 bars requested 88 bars returned.
start_idx [(19, Timestamp('2017-04-27 09:35:00'))]
start_ema 2017-04-27 08:00:00 start_vwap 2017-04-27 09:35:00 last_bar 2017-04-27 15:15:00 Writing to ./data/ECA_livesignals_20170427_09_40_32.csv ./data/ECA_last.csv
ET:  0.08  minutes
now 2017-04-27 15:20:03.952000 return data: last bar 2017-04-27 15:20:00 last processed bar 2017-04-27 15:15:00
ECA: Warning! 596 bars requested 89 bars returned.
start_idx [(19, Timestamp('2017-04-27 09:35:00'))]
start_ema 2017-04-27 08:00:00 start_vwap 2017-04-27 09:35:00 last_bar 2017-04-27 15:20:00 Writing to ./data/ECA_livesignals_20170427_09_40_32.csv ./data/ECA_last.csv
ET:  0.03  minutes
now 2017-04-27 15:25:02.750000 return data: last bar 2017-04-27 15:25:00 last processed bar 2017-04-27 15:20:00
ECA: Warning! 596 bars requested 90 bars returned.
start_idx [(19, Timestamp('2017-04-27 09:35:00'))]
start_ema 2017-04-27 08:00:00 start_vwap 2017-04-27 09:35:00 last_bar 2017-04-27 15:25:00 Writing to ./data/ECA_livesignals_20170427_09_40_32.csv ./data/ECA_last.csv
ET:  0.04  minutes
now 2017-04-27 15:30:00.440000 return None: last bar 2017-04-27 15:25:00 last processed bar 2017-04-27 15:25:00
ECA getFeed did not return any data! last bar: 2017-04-27 15:25:00 now: 15:30:01.039000
now 2017-04-27 15:35:00.235000 return data: last bar 2017-04-27 15:35:00 last processed bar 2017-04-27 15:25:00
ECA: Warning! 596 bars requested 92 bars returned.
start_idx [(19, Timestamp('2017-04-27 09:35:00'))]
start_ema 2017-04-27 08:00:00 start_vwap 2017-04-27 09:35:00 last_bar 2017-04-27 15:35:00 Writing to ./data/ECA_livesignals_20170427_09_40_32.csv ./data/ECA_last.csv
ET:  0.06  minutes
now 2017-04-27 15:40:00.094000 return None: last bar 2017-04-27 15:35:00 last processed bar 2017-04-27 15:35:00
ECA getFeed did not return any data! last bar: 2017-04-27 15:35:00 now: 15:40:00.851000
now 2017-04-27 15:45:00.652000 return data: last bar 2017-04-27 15:45:00 last processed bar 2017-04-27 15:35:00
ECA: Warning! 596 bars requested 94 bars returned.
start_idx [(19, Timestamp('2017-04-27 09:35:00'))]
start_ema 2017-04-27 08:00:00 start_vwap 2017-04-27 09:35:00 last_bar 2017-04-27 15:45:00 Writing to ./data/ECA_livesignals_20170427_09_40_32.csv ./data/ECA_last.csv
ET:  0.1  minutes
now 2017-04-27 15:50:00.929000 return data: last bar 2017-04-27 15:50:00 last processed bar 2017-04-27 15:45:00
ECA: Warning! 596 bars requested 95 bars returned.
start_idx [(19, Timestamp('2017-04-27 09:35:00'))]
start_ema 2017-04-27 08:00:00 start_vwap 2017-04-27 09:35:00 last_bar 2017-04-27 15:50:00 Writing to ./data/ECA_livesignals_20170427_09_40_32.csv ./data/ECA_last.csv
ET:  0.09  minutes
now 2017-04-27 15:55:02.499000
