return data: last bar 2017-04-27 09:35:00 last processed bar 1000-01-01 00:00:00
ETSY: Warning! 596 bars requested 20 bars returned.
start_idx [(19, Timestamp('2017-04-27 09:35:00'))]
start_ema 2017-04-27 08:00:00 start_vwap 2017-04-27 09:35:00 last_bar 2017-04-27 09:35:00 ET:  0.04  minutes
now 2017-04-27 09:45:00.086000 return None: last bar 2017-04-27 09:35:00 last processed bar 2017-04-27 09:35:00
ETSY getFeed did not return any data! last bar: 2017-04-27 09:35:00 now: 09:45:00.137000
now 2017-04-27 09:50:00.657000 return data: last bar 2017-04-27 09:40:00 last processed bar 2017-04-27 09:35:00
ETSY: Warning! 596 bars requested 21 bars returned.
start_idx [(19, Timestamp('2017-04-27 09:35:00'))]
start_ema 2017-04-27 08:00:00 start_vwap 2017-04-27 09:35:00 last_bar 2017-04-27 09:40:00 Writing to ./data/ETSY_livesignals_20170427_09_40_32.csv ./data/ETSY_last.csv
ET:  0.05  minutes
now 2017-04-27 09:55:01.192000 return data: last bar 2017-04-27 09:45:00 last processed bar 2017-04-27 09:40:00
ETSY: Warning! 596 bars requested 22 bars returned.
start_idx [(19, Timestamp('2017-04-27 09:35:00'))]
start_ema 2017-04-27 08:00:00 start_vwap 2017-04-27 09:35:00 last_bar 2017-04-27 09:45:00 Writing to ./data/ETSY_livesignals_20170427_09_40_32.csv ./data/ETSY_last.csv
ET:  0.09  minutes
now 2017-04-27 10:00:00.845000 return data: last bar 2017-04-27 09:50:00 last processed bar 2017-04-27 09:45:00
ETSY: Warning! 596 bars requested 23 bars returned.
start_idx [(19, Timestamp('2017-04-27 09:35:00'))]
start_ema 2017-04-27 08:00:00 start_vwap 2017-04-27 09:35:00 last_bar 2017-04-27 09:50:00 Writing to ./data/ETSY_livesignals_20170427_09_40_32.csv ./data/ETSY_last.csv
ET:  0.05  minutes
now 2017-04-27 10:05:00.045000 return data: last bar 2017-04-27 09:55:00 last processed bar 2017-04-27 09:50:00
ETSY: Warning! 596 bars requested 24 bars returned.
start_idx [(19, Timestamp('2017-04-27 09:35:00'))]
start_ema 2017-04-27 08:00:00 start_vwap 2017-04-27 09:35:00 last_bar 2017-04-27 09:55:00 Writing to ./data/ETSY_livesignals_20170427_09_40_32.csv ./data/ETSY_last.csv
ET:  0.08  minutes
now 2017-04-27 10:10:01.328000 return data: last bar 2017-04-27 10:00:00 last processed bar 2017-04-27 09:55:00
ETSY: Warning! 596 bars requested 25 bars returned.
start_idx [(19, Timestamp('2017-04-27 09:35:00'))]
start_ema 2017-04-27 08:00:00 start_vwap 2017-04-27 09:35:00 last_bar 2017-04-27 10:00:00 Writing to ./data/ETSY_livesignals_20170427_09_40_32.csv ./data/ETSY_last.csv
ET:  0.1  minutes
now 2017-04-27 10:15:00.412000 return data: last bar 2017-04-27 10:10:00 last processed bar 2017-04-27 10:00:00
ETSY: Warning! 596 bars requested 27 bars returned.
start_idx [(19, Timestamp('2017-04-27 09:35:00'))]
start_ema 2017-04-27 08:00:00 start_vwap 2017-04-27 09:35:00 last_bar 2017-04-27 10:10:00 Writing to ./data/ETSY_livesignals_20170427_09_40_32.csv ./data/ETSY_last.csv
ET:  0.11  minutes
now 2017-04-27 10:20:02.239000 return data: last bar 2017-04-27 10:15:00 last processed bar 2017-04-27 10:10:00
ETSY: Warning! 596 bars requested 28 bars returned.
start_idx [(19, Timestamp('2017-04-27 09:35:00'))]
start_ema 2017-04-27 08:00:00 start_vwap 2017-04-27 09:35:00 last_bar 2017-04-27 10:15:00 Writing to ./data/ETSY_livesignals_20170427_09_40_32.csv ./data/ETSY_last.csv
ET:  0.09  minutes
now 2017-04-27 10:25:00.620000 return data: last bar 2017-04-27 10:20:00 last processed bar 2017-04-27 10:15:00
ETSY: Warning! 596 bars requested 29 bars returned.
start_idx [(19, Timestamp('2017-04-27 09:35:00'))]
start_ema 2017-04-27 08:00:00 start_vwap 2017-04-27 09:35:00 last_bar 2017-04-27 10:20:00 Writing to ./data/ETSY_livesignals_20170427_09_40_32.csv ./data/ETSY_last.csv
ET:  0.06  minutes
now 2017-04-27 10:30:03.787000 return data: last bar 2017-04-27 10:25:00 last processed bar 2017-04-27 10:20:00
ETSY: Warning! 596 bars requested 30 bars returned.
start_idx [(19, Timestamp('2017-04-27 09:35:00'))]
start_ema 2017-04-27 08:00:00 start_vwap 2017-04-27 09:35:00 last_bar 2017-04-27 10:25:00 Writing to ./data/ETSY_livesignals_20170427_09_40_32.csv ./data/ETSY_last.csv
ET:  0.04  minutes
now 2017-04-27 10:35:00.326000 return data: last bar 2017-04-27 10:30:00 last processed bar 2017-04-27 10:25:00
ETSY: Warning! 596 bars requested 31 bars returned.
start_idx [(19, Timestamp('2017-04-27 09:35:00'))]
start_ema 2017-04-27 08:00:00 start_vwap 2017-04-27 09:35:00 last_bar 2017-04-27 10:30:00 Writing to ./data/ETSY_livesignals_20170427_09_40_32.csv ./data/ETSY_last.csv
ET:  0.06  minutes
now 2017-04-27 10:40:01.238000 return data: last bar 2017-04-27 10:35:00 last processed bar 2017-04-27 10:30:00
ETSY: Warning! 596 bars requested 32 bars returned.
start_idx [(19, Timestamp('2017-04-27 09:35:00'))]
start_ema 2017-04-27 08:00:00 start_vwap 2017-04-27 09:35:00 last_bar 2017-04-27 10:35:00 Writing to ./data/ETSY_livesignals_20170427_09_40_32.csv ./data/ETSY_last.csv
ET:  0.09  minutes
now 2017-04-27 10:45:02.170000 return data: last bar 2017-04-27 10:40:00 last processed bar 2017-04-27 10:35:00
ETSY: Warning! 596 bars requested 33 bars returned.
start_idx [(19, Timestamp('2017-04-27 09:35:00'))]
start_ema 2017-04-27 08:00:00 start_vwap 2017-04-27 09:35:00 last_bar 2017-04-27 10:40:00 Writing to ./data/ETSY_livesignals_20170427_09_40_32.csv ./data/ETSY_last.csv
ET:  0.08  minutes
now 2017-04-27 10:50:03.154000 return data: last bar 2017-04-27 10:45:00 last processed bar 2017-04-27 10:40:00
ETSY: Warning! 596 bars requested 34 bars returned.
start_idx [(19, Timestamp('2017-04-27 09:35:00'))]
start_ema 2017-04-27 08:00:00 start_vwap 2017-04-27 09:35:00 last_bar 2017-04-27 10:45:00 Writing to ./data/ETSY_livesignals_20170427_09_40_32.csv ./data/ETSY_last.csv
ET:  0.04  minutes
now 2017-04-27 10:55:01.269000 return data: last bar 2017-04-27 10:50:00 last processed bar 2017-04-27 10:45:00
ETSY: Warning! 596 bars requested 35 bars returned.
start_idx [(19, Timestamp('2017-04-27 09:35:00'))]
start_ema 2017-04-27 08:00:00 start_vwap 2017-04-27 09:35:00 last_bar 2017-04-27 10:50:00 Writing to ./data/ETSY_livesignals_20170427_09_40_32.csv ./data/ETSY_last.csv
ET:  0.06  minutes
now 2017-04-27 11:00:02.293000 return data: last bar 2017-04-27 10:55:00 last processed bar 2017-04-27 10:50:00
ETSY: Warning! 596 bars requested 36 bars returned.
start_idx [(19, Timestamp('2017-04-27 09:35:00'))]
start_ema 2017-04-27 08:00:00 start_vwap 2017-04-27 09:35:00 last_bar 2017-04-27 10:55:00 Writing to ./data/ETSY_livesignals_20170427_09_40_32.csv ./data/ETSY_last.csv
ET:  0.05  minutes
now 2017-04-27 11:05:00.281000 return data: last bar 2017-04-27 11:00:00 last processed bar 2017-04-27 10:55:00
ETSY: Warning! 596 bars requested 37 bars returned.
start_idx [(19, Timestamp('2017-04-27 09:35:00'))]
start_ema 2017-04-27 08:00:00 start_vwap 2017-04-27 09:35:00 last_bar 2017-04-27 11:00:00 Writing to ./data/ETSY_livesignals_20170427_09_40_32.csv ./data/ETSY_last.csv
ET:  0.08  minutes
now 2017-04-27 11:10:01.459000 return data: last bar 2017-04-27 11:05:00 last processed bar 2017-04-27 11:00:00
ETSY: Warning! 596 bars requested 38 bars returned.
start_idx [(19, Timestamp('2017-04-27 09:35:00'))]
start_ema 2017-04-27 08:00:00 start_vwap 2017-04-27 09:35:00 last_bar 2017-04-27 11:05:00 Writing to ./data/ETSY_livesignals_20170427_09_40_32.csv ./data/ETSY_last.csv
ET:  0.09  minutes
now 2017-04-27 11:15:00.587000 return data: last bar 2017-04-27 11:10:00 last processed bar 2017-04-27 11:05:00
ETSY: Warning! 596 bars requested 39 bars returned.
start_idx [(19, Timestamp('2017-04-27 09:35:00'))]
start_ema 2017-04-27 08:00:00 start_vwap 2017-04-27 09:35:00 last_bar 2017-04-27 11:10:00 Writing to ./data/ETSY_livesignals_20170427_09_40_32.csv ./data/ETSY_last.csv
ET:  0.09  minutes
now 2017-04-27 11:20:03.210000 return data: last bar 2017-04-27 11:15:00 last processed bar 2017-04-27 11:10:00
ETSY: Warning! 596 bars requested 40 bars returned.
start_idx [(19, Timestamp('2017-04-27 09:35:00'))]
start_ema 2017-04-27 08:00:00 start_vwap 2017-04-27 09:35:00 last_bar 2017-04-27 11:15:00 Writing to ./data/ETSY_livesignals_20170427_09_40_32.csv ./data/ETSY_last.csv
ET:  0.08  minutes
now 2017-04-27 11:25:01.194000 return data: last bar 2017-04-27 11:20:00 last processed bar 2017-04-27 11:15:00
ETSY: Warning! 596 bars requested 41 bars returned.
start_idx [(19, Timestamp('2017-04-27 09:35:00'))]
start_ema 2017-04-27 08:00:00 start_vwap 2017-04-27 09:35:00 last_bar 2017-04-27 11:20:00 Writing to ./data/ETSY_livesignals_20170427_09_40_32.csv ./data/ETSY_last.csv
ET:  0.07  minutes
now 2017-04-27 11:30:01.580000 return data: last bar 2017-04-27 11:25:00 last processed bar 2017-04-27 11:20:00
ETSY: Warning! 596 bars requested 42 bars returned.
start_idx [(19, Timestamp('2017-04-27 09:35:00'))]
start_ema 2017-04-27 08:00:00 start_vwap 2017-04-27 09:35:00 last_bar 2017-04-27 11:25:00 Writing to ./data/ETSY_livesignals_20170427_09_40_32.csv ./data/ETSY_last.csv
ET:  0.08  minutes
now 2017-04-27 11:35:00.167000 return data: last bar 2017-04-27 11:30:00 last processed bar 2017-04-27 11:25:00
ETSY: Warning! 596 bars requested 43 bars returned.
start_idx [(19, Timestamp('2017-04-27 09:35:00'))]
start_ema 2017-04-27 08:00:00 start_vwap 2017-04-27 09:35:00 last_bar 2017-04-27 11:30:00 Writing to ./data/ETSY_livesignals_20170427_09_40_32.csv ./data/ETSY_last.csv
ET:  0.07  minutes
now 2017-04-27 11:40:00.534000 return data: last bar 2017-04-27 11:35:00 last processed bar 2017-04-27 11:30:00
ETSY: Warning! 596 bars requested 44 bars returned.
start_idx [(19, Timestamp('2017-04-27 09:35:00'))]
start_ema 2017-04-27 08:00:00 start_vwap 2017-04-27 09:35:00 last_bar 2017-04-27 11:35:00 Writing to ./data/ETSY_livesignals_20170427_09_40_32.csv ./data/ETSY_last.csv
ET:  0.07  minutes
now 2017-04-27 11:45:00.809000 return data: last bar 2017-04-27 11:40:00 last processed bar 2017-04-27 11:35:00
ETSY: Warning! 596 bars requested 45 bars returned.
start_idx [(19, Timestamp('2017-04-27 09:35:00'))]
start_ema 2017-04-27 08:00:00 start_vwap 2017-04-27 09:35:00 last_bar 2017-04-27 11:40:00 Writing to ./data/ETSY_livesignals_20170427_09_40_32.csv ./data/ETSY_last.csv
ET:  0.09  minutes
now 2017-04-27 11:50:01.509000 return data: last bar 2017-04-27 11:45:00 last processed bar 2017-04-27 11:40:00
ETSY: Warning! 596 bars requested 46 bars returned.
start_idx [(19, Timestamp('2017-04-27 09:35:00'))]
start_ema 2017-04-27 08:00:00 start_vwap 2017-04-27 09:35:00 last_bar 2017-04-27 11:45:00 Writing to ./data/ETSY_livesignals_20170427_09_40_32.csv ./data/ETSY_last.csv
ET:  0.06  minutes
now 2017-04-27 11:55:01.097000 return data: last bar 2017-04-27 11:50:00 last processed bar 2017-04-27 11:45:00
ETSY: Warning! 596 bars requested 47 bars returned.
start_idx [(19, Timestamp('2017-04-27 09:35:00'))]
start_ema 2017-04-27 08:00:00 start_vwap 2017-04-27 09:35:00 last_bar 2017-04-27 11:50:00 Writing to ./data/ETSY_livesignals_20170427_09_40_32.csv ./data/ETSY_last.csv
ET:  0.07  minutes
now 2017-04-27 12:00:00.383000 return data: last bar 2017-04-27 11:55:00 last processed bar 2017-04-27 11:50:00
ETSY: Warning! 596 bars requested 48 bars returned.
start_idx [(19, Timestamp('2017-04-27 09:35:00'))]
start_ema 2017-04-27 08:00:00 start_vwap 2017-04-27 09:35:00 last_bar 2017-04-27 11:55:00 Writing to ./data/ETSY_livesignals_20170427_09_40_32.csv ./data/ETSY_last.csv
ET:  0.1  minutes
now 2017-04-27 12:05:00.165000 return data: last bar 2017-04-27 12:00:00 last processed bar 2017-04-27 11:55:00
ETSY: Warning! 596 bars requested 49 bars returned.
start_idx [(19, Timestamp('2017-04-27 09:35:00'))]
start_ema 2017-04-27 08:00:00 start_vwap 2017-04-27 09:35:00 last_bar 2017-04-27 12:00:00 Writing to ./data/ETSY_livesignals_20170427_09_40_32.csv ./data/ETSY_last.csv
ET:  0.06  minutes
now 2017-04-27 12:10:01.667000 return data: last bar 2017-04-27 12:05:00 last processed bar 2017-04-27 12:00:00
ETSY: Warning! 596 bars requested 50 bars returned.
start_idx [(19, Timestamp('2017-04-27 09:35:00'))]
start_ema 2017-04-27 08:00:00 start_vwap 2017-04-27 09:35:00 last_bar 2017-04-27 12:05:00 Writing to ./data/ETSY_livesignals_20170427_09_40_32.csv ./data/ETSY_last.csv
ET:  0.07  minutes
now 2017-04-27 12:15:01.559000 return data: last bar 2017-04-27 12:10:00 last processed bar 2017-04-27 12:05:00
ETSY: Warning! 596 bars requested 51 bars returned.
start_idx [(19, Timestamp('2017-04-27 09:35:00'))]
start_ema 2017-04-27 08:00:00 start_vwap 2017-04-27 09:35:00 last_bar 2017-04-27 12:10:00 Writing to ./data/ETSY_livesignals_20170427_09_40_32.csv ./data/ETSY_last.csv
ET:  0.06  minutes
now 2017-04-27 12:20:00.071000 return data: last bar 2017-04-27 12:15:00 last processed bar 2017-04-27 12:10:00
ETSY: Warning! 596 bars requested 52 bars returned.
start_idx [(19, Timestamp('2017-04-27 09:35:00'))]
start_ema 2017-04-27 08:00:00 start_vwap 2017-04-27 09:35:00 last_bar 2017-04-27 12:15:00 Writing to ./data/ETSY_livesignals_20170427_09_40_32.csv ./data/ETSY_last.csv
ET:  0.06  minutes
now 2017-04-27 12:25:01.337000 return data: last bar 2017-04-27 12:20:00 last processed bar 2017-04-27 12:15:00
ETSY: Warning! 596 bars requested 53 bars returned.
start_idx [(19, Timestamp('2017-04-27 09:35:00'))]
start_ema 2017-04-27 08:00:00 start_vwap 2017-04-27 09:35:00 last_bar 2017-04-27 12:20:00 Writing to ./data/ETSY_livesignals_20170427_09_40_32.csv ./data/ETSY_last.csv
ET:  0.06  minutes
now 2017-04-27 12:30:00.950000 return data: last bar 2017-04-27 12:25:00 last processed bar 2017-04-27 12:20:00
ETSY: Warning! 596 bars requested 54 bars returned.
start_idx [(19, Timestamp('2017-04-27 09:35:00'))]
start_ema 2017-04-27 08:00:00 start_vwap 2017-04-27 09:35:00 last_bar 2017-04-27 12:25:00 Writing to ./data/ETSY_livesignals_20170427_09_40_32.csv ./data/ETSY_last.csv
ET:  0.08  minutes
now 2017-04-27 12:35:01.564000 return data: last bar 2017-04-27 12:30:00 last processed bar 2017-04-27 12:25:00
ETSY: Warning! 596 bars requested 55 bars returned.
start_idx [(19, Timestamp('2017-04-27 09:35:00'))]
start_ema 2017-04-27 08:00:00 start_vwap 2017-04-27 09:35:00 last_bar 2017-04-27 12:30:00 Writing to ./data/ETSY_livesignals_20170427_09_40_32.csv ./data/ETSY_last.csv
ET:  0.07  minutes
now 2017-04-27 12:40:00.775000 return data: last bar 2017-04-27 12:35:00 last processed bar 2017-04-27 12:30:00
ETSY: Warning! 596 bars requested 56 bars returned.
start_idx [(19, Timestamp('2017-04-27 09:35:00'))]
start_ema 2017-04-27 08:00:00 start_vwap 2017-04-27 09:35:00 last_bar 2017-04-27 12:35:00 Writing to ./data/ETSY_livesignals_20170427_09_40_32.csv ./data/ETSY_last.csv
ET:  0.07  minutes
now 2017-04-27 12:45:00.018000 return data: last bar 2017-04-27 12:40:00 last processed bar 2017-04-27 12:35:00
ETSY: Warning! 596 bars requested 57 bars returned.
start_idx [(19, Timestamp('2017-04-27 09:35:00'))]
start_ema 2017-04-27 08:00:00 start_vwap 2017-04-27 09:35:00 last_bar 2017-04-27 12:40:00 Writing to ./data/ETSY_livesignals_20170427_09_40_32.csv ./data/ETSY_last.csv
ET:  0.06  minutes
now 2017-04-27 12:50:01.090000 return data: last bar 2017-04-27 12:45:00 last processed bar 2017-04-27 12:40:00
ETSY: Warning! 596 bars requested 58 bars returned.
start_idx [(19, Timestamp('2017-04-27 09:35:00'))]
start_ema 2017-04-27 08:00:00 start_vwap 2017-04-27 09:35:00 last_bar 2017-04-27 12:45:00 Writing to ./data/ETSY_livesignals_20170427_09_40_32.csv ./data/ETSY_last.csv
ET:  0.09  minutes
now 2017-04-27 12:55:00.855000 return data: last bar 2017-04-27 12:50:00 last processed bar 2017-04-27 12:45:00
ETSY: Warning! 596 bars requested 59 bars returned.
start_idx [(19, Timestamp('2017-04-27 09:35:00'))]
start_ema 2017-04-27 08:00:00 start_vwap 2017-04-27 09:35:00 last_bar 2017-04-27 12:50:00 Writing to ./data/ETSY_livesignals_20170427_09_40_32.csv ./data/ETSY_last.csv
ET:  0.1  minutes
now 2017-04-27 13:00:04.837000 return data: last bar 2017-04-27 12:55:00 last processed bar 2017-04-27 12:50:00
ETSY: Warning! 596 bars requested 60 bars returned.
start_idx [(19, Timestamp('2017-04-27 09:35:00'))]
start_ema 2017-04-27 08:00:00 start_vwap 2017-04-27 09:35:00 last_bar 2017-04-27 12:55:00 Writing to ./data/ETSY_livesignals_20170427_09_40_32.csv ./data/ETSY_last.csv
ET:  0.05  minutes
now 2017-04-27 13:05:00.185000 return data: last bar 2017-04-27 13:00:00 last processed bar 2017-04-27 12:55:00
ETSY: Warning! 596 bars requested 61 bars returned.
start_idx [(19, Timestamp('2017-04-27 09:35:00'))]
start_ema 2017-04-27 08:00:00 start_vwap 2017-04-27 09:35:00 last_bar 2017-04-27 13:00:00 Writing to ./data/ETSY_livesignals_20170427_09_40_32.csv ./data/ETSY_last.csv
ET:  0.08  minutes
now 2017-04-27 13:10:01.460000 return data: last bar 2017-04-27 13:05:00 last processed bar 2017-04-27 13:00:00
ETSY: Warning! 596 bars requested 62 bars returned.
start_idx [(19, Timestamp('2017-04-27 09:35:00'))]
start_ema 2017-04-27 08:00:00 start_vwap 2017-04-27 09:35:00 last_bar 2017-04-27 13:05:00 Writing to ./data/ETSY_livesignals_20170427_09_40_32.csv ./data/ETSY_last.csv
ET:  0.07  minutes
now 2017-04-27 13:15:00.557000 return data: last bar 2017-04-27 13:10:00 last processed bar 2017-04-27 13:05:00
ETSY: Warning! 596 bars requested 63 bars returned.
start_idx [(19, Timestamp('2017-04-27 09:35:00'))]
start_ema 2017-04-27 08:00:00 start_vwap 2017-04-27 09:35:00 last_bar 2017-04-27 13:10:00 Writing to ./data/ETSY_livesignals_20170427_09_40_32.csv ./data/ETSY_last.csv
ET:  0.06  minutes
now 2017-04-27 13:20:00.514000 return data: last bar 2017-04-27 13:15:00 last processed bar 2017-04-27 13:10:00
ETSY: Warning! 596 bars requested 64 bars returned.
start_idx [(19, Timestamp('2017-04-27 09:35:00'))]
start_ema 2017-04-27 08:00:00 start_vwap 2017-04-27 09:35:00 last_bar 2017-04-27 13:15:00 Writing to ./data/ETSY_livesignals_20170427_09_40_32.csv ./data/ETSY_last.csv
ET:  0.09  minutes
now 2017-04-27 13:25:01.102000 return data: last bar 2017-04-27 13:20:00 last processed bar 2017-04-27 13:15:00
ETSY: Warning! 596 bars requested 65 bars returned.
start_idx [(19, Timestamp('2017-04-27 09:35:00'))]
start_ema 2017-04-27 08:00:00 start_vwap 2017-04-27 09:35:00 last_bar 2017-04-27 13:20:00 Writing to ./data/ETSY_livesignals_20170427_09_40_32.csv ./data/ETSY_last.csv
ET:  0.07  minutes
now 2017-04-27 13:30:00.525000 return data: last bar 2017-04-27 13:25:00 last processed bar 2017-04-27 13:20:00
ETSY: Warning! 596 bars requested 66 bars returned.
start_idx [(19, Timestamp('2017-04-27 09:35:00'))]
start_ema 2017-04-27 08:00:00 start_vwap 2017-04-27 09:35:00 last_bar 2017-04-27 13:25:00 Writing to ./data/ETSY_livesignals_20170427_09_40_32.csv ./data/ETSY_last.csv
ET:  0.08  minutes
now 2017-04-27 13:35:00.504000 return data: last bar 2017-04-27 13:30:00 last processed bar 2017-04-27 13:25:00
ETSY: Warning! 596 bars requested 67 bars returned.
start_idx [(19, Timestamp('2017-04-27 09:35:00'))]
start_ema 2017-04-27 08:00:00 start_vwap 2017-04-27 09:35:00 last_bar 2017-04-27 13:30:00 Writing to ./data/ETSY_livesignals_20170427_09_40_32.csv ./data/ETSY_last.csv
ET:  0.06  minutes
now 2017-04-27 13:40:00.225000 return data: last bar 2017-04-27 13:35:00 last processed bar 2017-04-27 13:30:00
ETSY: Warning! 596 bars requested 68 bars returned.
start_idx [(19, Timestamp('2017-04-27 09:35:00'))]
start_ema 2017-04-27 08:00:00 start_vwap 2017-04-27 09:35:00 last_bar 2017-04-27 13:35:00 Writing to ./data/ETSY_livesignals_20170427_09_40_32.csv ./data/ETSY_last.csv
ET:  0.07  minutes
now 2017-04-27 13:45:00.697000 return data: last bar 2017-04-27 13:40:00 last processed bar 2017-04-27 13:35:00
ETSY: Warning! 596 bars requested 69 bars returned.
start_idx [(19, Timestamp('2017-04-27 09:35:00'))]
start_ema 2017-04-27 08:00:00 start_vwap 2017-04-27 09:35:00 last_bar 2017-04-27 13:40:00 Writing to ./data/ETSY_livesignals_20170427_09_40_32.csv ./data/ETSY_last.csv
ET:  0.09  minutes
now 2017-04-27 13:50:00.363000 return data: last bar 2017-04-27 13:45:00 last processed bar 2017-04-27 13:40:00
ETSY: Warning! 596 bars requested 70 bars returned.
start_idx [(19, Timestamp('2017-04-27 09:35:00'))]
start_ema 2017-04-27 08:00:00 start_vwap 2017-04-27 09:35:00 last_bar 2017-04-27 13:45:00 Writing to ./data/ETSY_livesignals_20170427_09_40_32.csv ./data/ETSY_last.csv
ET:  0.06  minutes
now 2017-04-27 13:55:00.228000 return data: last bar 2017-04-27 13:50:00 last processed bar 2017-04-27 13:45:00
ETSY: Warning! 596 bars requested 71 bars returned.
start_idx [(19, Timestamp('2017-04-27 09:35:00'))]
start_ema 2017-04-27 08:00:00 start_vwap 2017-04-27 09:35:00 last_bar 2017-04-27 13:50:00 Writing to ./data/ETSY_livesignals_20170427_09_40_32.csv ./data/ETSY_last.csv
ET:  0.07  minutes
now 2017-04-27 14:00:00.819000 return data: last bar 2017-04-27 13:55:00 last processed bar 2017-04-27 13:50:00
ETSY: Warning! 596 bars requested 72 bars returned.
start_idx [(19, Timestamp('2017-04-27 09:35:00'))]
start_ema 2017-04-27 08:00:00 start_vwap 2017-04-27 09:35:00 last_bar 2017-04-27 13:55:00 Writing to ./data/ETSY_livesignals_20170427_09_40_32.csv ./data/ETSY_last.csv
ET:  0.05  minutes
now 2017-04-27 14:05:03.369000 return data: last bar 2017-04-27 14:00:00 last processed bar 2017-04-27 13:55:00
ETSY: Warning! 596 bars requested 73 bars returned.
start_idx [(19, Timestamp('2017-04-27 09:35:00'))]
start_ema 2017-04-27 08:00:00 start_vwap 2017-04-27 09:35:00 last_bar 2017-04-27 14:00:00 Writing to ./data/ETSY_livesignals_20170427_09_40_32.csv ./data/ETSY_last.csv
ET:  0.04  minutes
now 2017-04-27 14:10:00.821000 return data: last bar 2017-04-27 14:05:00 last processed bar 2017-04-27 14:00:00
ETSY: Warning! 596 bars requested 74 bars returned.
start_idx [(19, Timestamp('2017-04-27 09:35:00'))]
start_ema 2017-04-27 08:00:00 start_vwap 2017-04-27 09:35:00 last_bar 2017-04-27 14:05:00 Writing to ./data/ETSY_livesignals_20170427_09_40_32.csv ./data/ETSY_last.csv
ET:  0.08  minutes
now 2017-04-27 14:15:01.170000 return data: last bar 2017-04-27 14:10:00 last processed bar 2017-04-27 14:05:00
ETSY: Warning! 596 bars requested 75 bars returned.
start_idx [(19, Timestamp('2017-04-27 09:35:00'))]
start_ema 2017-04-27 08:00:00 start_vwap 2017-04-27 09:35:00 last_bar 2017-04-27 14:10:00 Writing to ./data/ETSY_livesignals_20170427_09_40_32.csv ./data/ETSY_last.csv
ET:  0.07  minutes
now 2017-04-27 14:20:00.466000 return data: last bar 2017-04-27 14:15:00 last processed bar 2017-04-27 14:10:00
ETSY: Warning! 596 bars requested 76 bars returned.
start_idx [(19, Timestamp('2017-04-27 09:35:00'))]
start_ema 2017-04-27 08:00:00 start_vwap 2017-04-27 09:35:00 last_bar 2017-04-27 14:15:00 Writing to ./data/ETSY_livesignals_20170427_09_40_32.csv ./data/ETSY_last.csv
ET:  0.07  minutes
now 2017-04-27 14:25:00.456000 return data: last bar 2017-04-27 14:20:00 last processed bar 2017-04-27 14:15:00
ETSY: Warning! 596 bars requested 77 bars returned.
start_idx [(19, Timestamp('2017-04-27 09:35:00'))]
start_ema 2017-04-27 08:00:00 start_vwap 2017-04-27 09:35:00 last_bar 2017-04-27 14:20:00 Writing to ./data/ETSY_livesignals_20170427_09_40_32.csv ./data/ETSY_last.csv
ET:  0.06  minutes
now 2017-04-27 14:30:01.246000 return data: last bar 2017-04-27 14:25:00 last processed bar 2017-04-27 14:20:00
ETSY: Warning! 596 bars requested 78 bars returned.
start_idx [(19, Timestamp('2017-04-27 09:35:00'))]
start_ema 2017-04-27 08:00:00 start_vwap 2017-04-27 09:35:00 last_bar 2017-04-27 14:25:00 Writing to ./data/ETSY_livesignals_20170427_09_40_32.csv ./data/ETSY_last.csv
ET:  0.04  minutes
now 2017-04-27 14:35:00.582000 return data: last bar 2017-04-27 14:30:00 last processed bar 2017-04-27 14:25:00
ETSY: Warning! 596 bars requested 79 bars returned.
start_idx [(19, Timestamp('2017-04-27 09:35:00'))]
start_ema 2017-04-27 08:00:00 start_vwap 2017-04-27 09:35:00 last_bar 2017-04-27 14:30:00 Writing to ./data/ETSY_livesignals_20170427_09_40_32.csv ./data/ETSY_last.csv
ET:  0.07  minutes
now 2017-04-27 14:40:03.527000 return data: last bar 2017-04-27 14:35:00 last processed bar 2017-04-27 14:30:00
ETSY: Warning! 596 bars requested 80 bars returned.
start_idx [(19, Timestamp('2017-04-27 09:35:00'))]
start_ema 2017-04-27 08:00:00 start_vwap 2017-04-27 09:35:00 last_bar 2017-04-27 14:35:00 Writing to ./data/ETSY_livesignals_20170427_09_40_32.csv ./data/ETSY_last.csv
ET:  0.04  minutes
now 2017-04-27 14:45:01.728000 return data: last bar 2017-04-27 14:40:00 last processed bar 2017-04-27 14:35:00
ETSY: Warning! 596 bars requested 81 bars returned.
start_idx [(19, Timestamp('2017-04-27 09:35:00'))]
start_ema 2017-04-27 08:00:00 start_vwap 2017-04-27 09:35:00 last_bar 2017-04-27 14:40:00 Writing to ./data/ETSY_livesignals_20170427_09_40_32.csv ./data/ETSY_last.csv
ET:  0.07  minutes
now 2017-04-27 14:50:02.329000 return data: last bar 2017-04-27 14:45:00 last processed bar 2017-04-27 14:40:00
ETSY: Warning! 596 bars requested 82 bars returned.
start_idx [(19, Timestamp('2017-04-27 09:35:00'))]
start_ema 2017-04-27 08:00:00 start_vwap 2017-04-27 09:35:00 last_bar 2017-04-27 14:45:00 Writing to ./data/ETSY_livesignals_20170427_09_40_32.csv ./data/ETSY_last.csv
ET:  0.02  minutes
now 2017-04-27 14:55:01.696000 return data: last bar 2017-04-27 14:50:00 last processed bar 2017-04-27 14:45:00
ETSY: Warning! 596 bars requested 83 bars returned.
start_idx [(19, Timestamp('2017-04-27 09:35:00'))]
start_ema 2017-04-27 08:00:00 start_vwap 2017-04-27 09:35:00 last_bar 2017-04-27 14:50:00 Writing to ./data/ETSY_livesignals_20170427_09_40_32.csv ./data/ETSY_last.csv
ET:  0.05  minutes
now 2017-04-27 15:00:00.554000 return data: last bar 2017-04-27 14:55:00 last processed bar 2017-04-27 14:50:00
ETSY: Warning! 596 bars requested 84 bars returned.
start_idx [(19, Timestamp('2017-04-27 09:35:00'))]
start_ema 2017-04-27 08:00:00 start_vwap 2017-04-27 09:35:00 last_bar 2017-04-27 14:55:00 Writing to ./data/ETSY_livesignals_20170427_09_40_32.csv ./data/ETSY_last.csv
ET:  0.08  minutes
now 2017-04-27 15:05:01.249000 return data: last bar 2017-04-27 15:00:00 last processed bar 2017-04-27 14:55:00
ETSY: Warning! 596 bars requested 85 bars returned.
start_idx [(19, Timestamp('2017-04-27 09:35:00'))]
start_ema 2017-04-27 08:00:00 start_vwap 2017-04-27 09:35:00 last_bar 2017-04-27 15:00:00 Writing to ./data/ETSY_livesignals_20170427_09_40_32.csv ./data/ETSY_last.csv
ET:  0.08  minutes
now 2017-04-27 15:10:00.115000 return data: last bar 2017-04-27 15:05:00 last processed bar 2017-04-27 15:00:00
ETSY: Warning! 596 bars requested 86 bars returned.
start_idx [(19, Timestamp('2017-04-27 09:35:00'))]
start_ema 2017-04-27 08:00:00 start_vwap 2017-04-27 09:35:00 last_bar 2017-04-27 15:05:00 Writing to ./data/ETSY_livesignals_20170427_09_40_32.csv ./data/ETSY_last.csv
ET:  0.05  minutes
now 2017-04-27 15:15:00.115000 return data: last bar 2017-04-27 15:10:00 last processed bar 2017-04-27 15:05:00
ETSY: Warning! 596 bars requested 87 bars returned.
start_idx [(19, Timestamp('2017-04-27 09:35:00'))]
start_ema 2017-04-27 08:00:00 start_vwap 2017-04-27 09:35:00 last_bar 2017-04-27 15:10:00 Writing to ./data/ETSY_livesignals_20170427_09_40_32.csv ./data/ETSY_last.csv
ET:  0.04  minutes
now 2017-04-27 15:20:01.162000 return data: last bar 2017-04-27 15:15:00 last processed bar 2017-04-27 15:10:00
ETSY: Warning! 596 bars requested 88 bars returned.
start_idx [(19, Timestamp('2017-04-27 09:35:00'))]
start_ema 2017-04-27 08:00:00 start_vwap 2017-04-27 09:35:00 last_bar 2017-04-27 15:15:00 Writing to ./data/ETSY_livesignals_20170427_09_40_32.csv ./data/ETSY_last.csv
ET:  0.07  minutes
now 2017-04-27 15:25:00.595000 return data: last bar 2017-04-27 15:20:00 last processed bar 2017-04-27 15:15:00
ETSY: Warning! 596 bars requested 89 bars returned.
start_idx [(19, Timestamp('2017-04-27 09:35:00'))]
start_ema 2017-04-27 08:00:00 start_vwap 2017-04-27 09:35:00 last_bar 2017-04-27 15:20:00 Writing to ./data/ETSY_livesignals_20170427_09_40_32.csv ./data/ETSY_last.csv
ET:  0.05  minutes
now 2017-04-27 15:30:01.460000 return data: last bar 2017-04-27 15:25:00 last processed bar 2017-04-27 15:20:00
ETSY: Warning! 596 bars requested 90 bars returned.
start_idx [(19, Timestamp('2017-04-27 09:35:00'))]
start_ema 2017-04-27 08:00:00 start_vwap 2017-04-27 09:35:00 last_bar 2017-04-27 15:25:00 Writing to ./data/ETSY_livesignals_20170427_09_40_32.csv ./data/ETSY_last.csv
ET:  0.05  minutes
now 2017-04-27 15:35:01.533000 return data: last bar 2017-04-27 15:30:00 last processed bar 2017-04-27 15:25:00
ETSY: Warning! 596 bars requested 91 bars returned.
start_idx [(19, Timestamp('2017-04-27 09:35:00'))]
start_ema 2017-04-27 08:00:00 start_vwap 2017-04-27 09:35:00 last_bar 2017-04-27 15:30:00 Writing to ./data/ETSY_livesignals_20170427_09_40_32.csv ./data/ETSY_last.csv
ET:  0.07  minutes
now 2017-04-27 15:40:01.368000 return data: last bar 2017-04-27 15:35:00 last processed bar 2017-04-27 15:30:00
ETSY: Warning! 596 bars requested 92 bars returned.
start_idx [(19, Timestamp('2017-04-27 09:35:00'))]
start_ema 2017-04-27 08:00:00 start_vwap 2017-04-27 09:35:00 last_bar 2017-04-27 15:35:00 Writing to ./data/ETSY_livesignals_20170427_09_40_32.csv ./data/ETSY_last.csv
ET:  0.03  minutes
now 2017-04-27 15:45:00.408000 return data: last bar 2017-04-27 15:40:00 last processed bar 2017-04-27 15:35:00
ETSY: Warning! 596 bars requested 93 bars returned.
start_idx [(19, Timestamp('2017-04-27 09:35:00'))]
start_ema 2017-04-27 08:00:00 start_vwap 2017-04-27 09:35:00 last_bar 2017-04-27 15:40:00 Writing to ./data/ETSY_livesignals_20170427_09_40_32.csv ./data/ETSY_last.csv
ET:  0.08  minutes
now 2017-04-27 15:50:00.199000 return data: last bar 2017-04-27 15:45:00 last processed bar 2017-04-27 15:40:00
ETSY: Warning! 596 bars requested 94 bars returned.
start_idx [(19, Timestamp('2017-04-27 09:35:00'))]
start_ema 2017-04-27 08:00:00 start_vwap 2017-04-27 09:35:00 last_bar 2017-04-27 15:45:00 Writing to ./data/ETSY_livesignals_20170427_09_40_32.csv ./data/ETSY_last.csv
ET:  0.07  minutes
now 2017-04-27 15:55:02.375000
