return data: last bar 2017-04-27 09:35:00 last processed bar 1000-01-01 00:00:00
F: Warning! 596 bars requested 20 bars returned.
start_idx [(19, Timestamp('2017-04-27 09:35:00'))]
start_ema 2017-04-27 08:00:00 start_vwap 2017-04-27 09:35:00 last_bar 2017-04-27 09:35:00 ET:  0.05  minutes
now 2017-04-27 09:45:00.922000 return None: last bar 2017-04-27 09:35:00 last processed bar 2017-04-27 09:35:00
F getFeed did not return any data! last bar: 2017-04-27 09:35:00 now: 09:45:01.377000
now 2017-04-27 09:50:00.007000 return data: last bar 2017-04-27 09:40:00 last processed bar 2017-04-27 09:35:00
F: Warning! 596 bars requested 21 bars returned.
start_idx [(19, Timestamp('2017-04-27 09:35:00'))]
start_ema 2017-04-27 08:00:00 start_vwap 2017-04-27 09:35:00 last_bar 2017-04-27 09:40:00 Writing to ./data/F_livesignals_20170427_09_40_52.csv ./data/F_last.csv
ET:  0.06  minutes
now 2017-04-27 09:55:00.591000 return None: last bar 2017-04-27 09:40:00 last processed bar 2017-04-27 09:40:00
F getFeed did not return any data! last bar: 2017-04-27 09:40:00 now: 09:55:00.631000
now 2017-04-27 10:00:03.157000 return data: last bar 2017-04-27 09:50:00 last processed bar 2017-04-27 09:40:00
F: Warning! 596 bars requested 23 bars returned.
start_idx [(19, Timestamp('2017-04-27 09:35:00'))]
start_ema 2017-04-27 08:00:00 start_vwap 2017-04-27 09:35:00 last_bar 2017-04-27 09:50:00 Writing to ./data/F_livesignals_20170427_09_40_52.csv ./data/F_last.csv
ET:  0.05  minutes
now 2017-04-27 10:05:00.528000 return data: last bar 2017-04-27 09:55:00 last processed bar 2017-04-27 09:50:00
F: Warning! 596 bars requested 24 bars returned.
start_idx [(19, Timestamp('2017-04-27 09:35:00'))]
start_ema 2017-04-27 08:00:00 start_vwap 2017-04-27 09:35:00 last_bar 2017-04-27 09:55:00 Writing to ./data/F_livesignals_20170427_09_40_52.csv ./data/F_last.csv
ET:  0.11  minutes
now 2017-04-27 10:10:00.739000 return data: last bar 2017-04-27 10:00:00 last processed bar 2017-04-27 09:55:00
F: Warning! 596 bars requested 25 bars returned.
start_idx [(19, Timestamp('2017-04-27 09:35:00'))]
start_ema 2017-04-27 08:00:00 start_vwap 2017-04-27 09:35:00 last_bar 2017-04-27 10:00:00 Writing to ./data/F_livesignals_20170427_09_40_52.csv ./data/F_last.csv
ET:  0.06  minutes
now 2017-04-27 10:15:00.255000 return data: last bar 2017-04-27 10:10:00 last processed bar 2017-04-27 10:00:00
F: Warning! 596 bars requested 27 bars returned.
start_idx [(19, Timestamp('2017-04-27 09:35:00'))]
start_ema 2017-04-27 08:00:00 start_vwap 2017-04-27 09:35:00 last_bar 2017-04-27 10:10:00 Writing to ./data/F_livesignals_20170427_09_40_52.csv ./data/F_last.csv
ET:  0.06  minutes
now 2017-04-27 10:20:00.852000 return data: last bar 2017-04-27 10:15:00 last processed bar 2017-04-27 10:10:00
F: Warning! 596 bars requested 28 bars returned.
start_idx [(19, Timestamp('2017-04-27 09:35:00'))]
start_ema 2017-04-27 08:00:00 start_vwap 2017-04-27 09:35:00 last_bar 2017-04-27 10:15:00 Writing to ./data/F_livesignals_20170427_09_40_52.csv ./data/F_last.csv
ET:  0.07  minutes
now 2017-04-27 10:25:02.831000 return data: last bar 2017-04-27 10:20:00 last processed bar 2017-04-27 10:15:00
F: Warning! 596 bars requested 29 bars returned.
start_idx [(19, Timestamp('2017-04-27 09:35:00'))]
start_ema 2017-04-27 08:00:00 start_vwap 2017-04-27 09:35:00 last_bar 2017-04-27 10:20:00 Writing to ./data/F_livesignals_20170427_09_40_52.csv ./data/F_last.csv
ET:  0.04  minutes
now 2017-04-27 10:30:00.535000 return data: last bar 2017-04-27 10:25:00 last processed bar 2017-04-27 10:20:00
F: Warning! 596 bars requested 30 bars returned.
start_idx [(19, Timestamp('2017-04-27 09:35:00'))]
start_ema 2017-04-27 08:00:00 start_vwap 2017-04-27 09:35:00 last_bar 2017-04-27 10:25:00 Writing to ./data/F_livesignals_20170427_09_40_52.csv ./data/F_last.csv
ET:  0.07  minutes
now 2017-04-27 10:35:03.129000 return data: last bar 2017-04-27 10:30:00 last processed bar 2017-04-27 10:25:00
F: Warning! 596 bars requested 31 bars returned.
start_idx [(19, Timestamp('2017-04-27 09:35:00'))]
start_ema 2017-04-27 08:00:00 start_vwap 2017-04-27 09:35:00 last_bar 2017-04-27 10:30:00 Writing to ./data/F_livesignals_20170427_09_40_52.csv ./data/F_last.csv
ET:  0.06  minutes
now 2017-04-27 10:40:01.226000 return data: last bar 2017-04-27 10:35:00 last processed bar 2017-04-27 10:30:00
F: Warning! 596 bars requested 32 bars returned.
start_idx [(19, Timestamp('2017-04-27 09:35:00'))]
start_ema 2017-04-27 08:00:00 start_vwap 2017-04-27 09:35:00 last_bar 2017-04-27 10:35:00 Writing to ./data/F_livesignals_20170427_09_40_52.csv ./data/F_last.csv
ET:  0.1  minutes
now 2017-04-27 10:45:03.529000 return data: last bar 2017-04-27 10:40:00 last processed bar 2017-04-27 10:35:00
F: Warning! 596 bars requested 33 bars returned.
start_idx [(19, Timestamp('2017-04-27 09:35:00'))]
start_ema 2017-04-27 08:00:00 start_vwap 2017-04-27 09:35:00 last_bar 2017-04-27 10:40:00 Writing to ./data/F_livesignals_20170427_09_40_52.csv ./data/F_last.csv
ET:  0.05  minutes
now 2017-04-27 10:50:01.159000 return data: last bar 2017-04-27 10:45:00 last processed bar 2017-04-27 10:40:00
F: Warning! 596 bars requested 34 bars returned.
start_idx [(19, Timestamp('2017-04-27 09:35:00'))]
start_ema 2017-04-27 08:00:00 start_vwap 2017-04-27 09:35:00 last_bar 2017-04-27 10:45:00 Writing to ./data/F_livesignals_20170427_09_40_52.csv ./data/F_last.csv
ET:  0.07  minutes
now 2017-04-27 10:55:00.534000 return data: last bar 2017-04-27 10:50:00 last processed bar 2017-04-27 10:45:00
F: Warning! 596 bars requested 35 bars returned.
start_idx [(19, Timestamp('2017-04-27 09:35:00'))]
start_ema 2017-04-27 08:00:00 start_vwap 2017-04-27 09:35:00 last_bar 2017-04-27 10:50:00 Writing to ./data/F_livesignals_20170427_09_40_52.csv ./data/F_last.csv
ET:  0.08  minutes
now 2017-04-27 11:00:00.650000 return data: last bar 2017-04-27 10:55:00 last processed bar 2017-04-27 10:50:00
F: Warning! 596 bars requested 36 bars returned.
start_idx [(19, Timestamp('2017-04-27 09:35:00'))]
start_ema 2017-04-27 08:00:00 start_vwap 2017-04-27 09:35:00 last_bar 2017-04-27 10:55:00 Writing to ./data/F_livesignals_20170427_09_40_52.csv ./data/F_last.csv
ET:  0.09  minutes
now 2017-04-27 11:05:00.032000 return data: last bar 2017-04-27 11:00:00 last processed bar 2017-04-27 10:55:00
F: Warning! 596 bars requested 37 bars returned.
start_idx [(19, Timestamp('2017-04-27 09:35:00'))]
start_ema 2017-04-27 08:00:00 start_vwap 2017-04-27 09:35:00 last_bar 2017-04-27 11:00:00 Writing to ./data/F_livesignals_20170427_09_40_52.csv ./data/F_last.csv
ET:  0.08  minutes
now 2017-04-27 11:10:01.453000 return data: last bar 2017-04-27 11:05:00 last processed bar 2017-04-27 11:00:00
F: Warning! 596 bars requested 38 bars returned.
start_idx [(19, Timestamp('2017-04-27 09:35:00'))]
start_ema 2017-04-27 08:00:00 start_vwap 2017-04-27 09:35:00 last_bar 2017-04-27 11:05:00 Writing to ./data/F_livesignals_20170427_09_40_52.csv ./data/F_last.csv
ET:  0.1  minutes
now 2017-04-27 11:15:01.254000 return data: last bar 2017-04-27 11:10:00 last processed bar 2017-04-27 11:05:00
F: Warning! 596 bars requested 39 bars returned.
start_idx [(19, Timestamp('2017-04-27 09:35:00'))]
start_ema 2017-04-27 08:00:00 start_vwap 2017-04-27 09:35:00 last_bar 2017-04-27 11:10:00 Writing to ./data/F_livesignals_20170427_09_40_52.csv ./data/F_last.csv
ET:  0.06  minutes
now 2017-04-27 11:20:00.124000 return data: last bar 2017-04-27 11:15:00 last processed bar 2017-04-27 11:10:00
F: Warning! 596 bars requested 40 bars returned.
start_idx [(19, Timestamp('2017-04-27 09:35:00'))]
start_ema 2017-04-27 08:00:00 start_vwap 2017-04-27 09:35:00 last_bar 2017-04-27 11:15:00 Writing to ./data/F_livesignals_20170427_09_40_52.csv ./data/F_last.csv
ET:  0.12  minutes
now 2017-04-27 11:25:00.106000 return data: last bar 2017-04-27 11:20:00 last processed bar 2017-04-27 11:15:00
F: Warning! 596 bars requested 41 bars returned.
start_idx [(19, Timestamp('2017-04-27 09:35:00'))]
start_ema 2017-04-27 08:00:00 start_vwap 2017-04-27 09:35:00 last_bar 2017-04-27 11:20:00 Writing to ./data/F_livesignals_20170427_09_40_52.csv ./data/F_last.csv
ET:  0.09  minutes
now 2017-04-27 11:30:00.913000 return data: last bar 2017-04-27 11:25:00 last processed bar 2017-04-27 11:20:00
F: Warning! 596 bars requested 42 bars returned.
start_idx [(19, Timestamp('2017-04-27 09:35:00'))]
start_ema 2017-04-27 08:00:00 start_vwap 2017-04-27 09:35:00 last_bar 2017-04-27 11:25:00 Writing to ./data/F_livesignals_20170427_09_40_52.csv ./data/F_last.csv
ET:  0.05  minutes
now 2017-04-27 11:35:00.170000 return data: last bar 2017-04-27 11:30:00 last processed bar 2017-04-27 11:25:00
F: Warning! 596 bars requested 43 bars returned.
start_idx [(19, Timestamp('2017-04-27 09:35:00'))]
start_ema 2017-04-27 08:00:00 start_vwap 2017-04-27 09:35:00 last_bar 2017-04-27 11:30:00 Writing to ./data/F_livesignals_20170427_09_40_52.csv ./data/F_last.csv
ET:  0.07  minutes
now 2017-04-27 11:40:00.870000 return data: last bar 2017-04-27 11:35:00 last processed bar 2017-04-27 11:30:00
F: Warning! 596 bars requested 44 bars returned.
start_idx [(19, Timestamp('2017-04-27 09:35:00'))]
start_ema 2017-04-27 08:00:00 start_vwap 2017-04-27 09:35:00 last_bar 2017-04-27 11:35:00 Writing to ./data/F_livesignals_20170427_09_40_52.csv ./data/F_last.csv
ET:  0.07  minutes
now 2017-04-27 11:45:01.506000 return data: last bar 2017-04-27 11:40:00 last processed bar 2017-04-27 11:35:00
F: Warning! 596 bars requested 45 bars returned.
start_idx [(19, Timestamp('2017-04-27 09:35:00'))]
start_ema 2017-04-27 08:00:00 start_vwap 2017-04-27 09:35:00 last_bar 2017-04-27 11:40:00 Writing to ./data/F_livesignals_20170427_09_40_52.csv ./data/F_last.csv
ET:  0.08  minutes
now 2017-04-27 11:50:00.609000 return data: last bar 2017-04-27 11:45:00 last processed bar 2017-04-27 11:40:00
F: Warning! 596 bars requested 46 bars returned.
start_idx [(19, Timestamp('2017-04-27 09:35:00'))]
start_ema 2017-04-27 08:00:00 start_vwap 2017-04-27 09:35:00 last_bar 2017-04-27 11:45:00 Writing to ./data/F_livesignals_20170427_09_40_52.csv ./data/F_last.csv
ET:  0.08  minutes
now 2017-04-27 11:55:00.287000 return data: last bar 2017-04-27 11:50:00 last processed bar 2017-04-27 11:45:00
F: Warning! 596 bars requested 47 bars returned.
start_idx [(19, Timestamp('2017-04-27 09:35:00'))]
start_ema 2017-04-27 08:00:00 start_vwap 2017-04-27 09:35:00 last_bar 2017-04-27 11:50:00 Writing to ./data/F_livesignals_20170427_09_40_52.csv ./data/F_last.csv
ET:  0.08  minutes
now 2017-04-27 12:00:00.023000 return data: last bar 2017-04-27 11:55:00 last processed bar 2017-04-27 11:50:00
F: Warning! 596 bars requested 48 bars returned.
start_idx [(19, Timestamp('2017-04-27 09:35:00'))]
start_ema 2017-04-27 08:00:00 start_vwap 2017-04-27 09:35:00 last_bar 2017-04-27 11:55:00 Writing to ./data/F_livesignals_20170427_09_40_52.csv ./data/F_last.csv
ET:  0.07  minutes
now 2017-04-27 12:05:00.952000 return data: last bar 2017-04-27 12:00:00 last processed bar 2017-04-27 11:55:00
F: Warning! 596 bars requested 49 bars returned.
start_idx [(19, Timestamp('2017-04-27 09:35:00'))]
start_ema 2017-04-27 08:00:00 start_vwap 2017-04-27 09:35:00 last_bar 2017-04-27 12:00:00 Writing to ./data/F_livesignals_20170427_09_40_52.csv ./data/F_last.csv
ET:  0.06  minutes
now 2017-04-27 12:10:00.659000 return data: last bar 2017-04-27 12:05:00 last processed bar 2017-04-27 12:00:00
F: Warning! 596 bars requested 50 bars returned.
start_idx [(19, Timestamp('2017-04-27 09:35:00'))]
start_ema 2017-04-27 08:00:00 start_vwap 2017-04-27 09:35:00 last_bar 2017-04-27 12:05:00 Writing to ./data/F_livesignals_20170427_09_40_52.csv ./data/F_last.csv
ET:  0.09  minutes
now 2017-04-27 12:15:00.586000 return data: last bar 2017-04-27 12:10:00 last processed bar 2017-04-27 12:05:00
F: Warning! 596 bars requested 51 bars returned.
start_idx [(19, Timestamp('2017-04-27 09:35:00'))]
start_ema 2017-04-27 08:00:00 start_vwap 2017-04-27 09:35:00 last_bar 2017-04-27 12:10:00 Writing to ./data/F_livesignals_20170427_09_40_52.csv ./data/F_last.csv
ET:  0.05  minutes
now 2017-04-27 12:20:01.391000 return data: last bar 2017-04-27 12:15:00 last processed bar 2017-04-27 12:10:00
F: Warning! 596 bars requested 52 bars returned.
start_idx [(19, Timestamp('2017-04-27 09:35:00'))]
start_ema 2017-04-27 08:00:00 start_vwap 2017-04-27 09:35:00 last_bar 2017-04-27 12:15:00 Writing to ./data/F_livesignals_20170427_09_40_52.csv ./data/F_last.csv
ET:  0.09  minutes
now 2017-04-27 12:25:00.955000 return data: last bar 2017-04-27 12:20:00 last processed bar 2017-04-27 12:15:00
F: Warning! 596 bars requested 53 bars returned.
start_idx [(19, Timestamp('2017-04-27 09:35:00'))]
start_ema 2017-04-27 08:00:00 start_vwap 2017-04-27 09:35:00 last_bar 2017-04-27 12:20:00 Writing to ./data/F_livesignals_20170427_09_40_52.csv ./data/F_last.csv
ET:  0.08  minutes
now 2017-04-27 12:30:00.691000 return data: last bar 2017-04-27 12:25:00 last processed bar 2017-04-27 12:20:00
F: Warning! 596 bars requested 54 bars returned.
start_idx [(19, Timestamp('2017-04-27 09:35:00'))]
start_ema 2017-04-27 08:00:00 start_vwap 2017-04-27 09:35:00 last_bar 2017-04-27 12:25:00 Writing to ./data/F_livesignals_20170427_09_40_52.csv ./data/F_last.csv
ET:  0.08  minutes
now 2017-04-27 12:35:01.539000 return data: last bar 2017-04-27 12:30:00 last processed bar 2017-04-27 12:25:00
F: Warning! 596 bars requested 55 bars returned.
start_idx [(19, Timestamp('2017-04-27 09:35:00'))]
start_ema 2017-04-27 08:00:00 start_vwap 2017-04-27 09:35:00 last_bar 2017-04-27 12:30:00 Writing to ./data/F_livesignals_20170427_09_40_52.csv ./data/F_last.csv
ET:  0.07  minutes
now 2017-04-27 12:40:00.672000 return data: last bar 2017-04-27 12:35:00 last processed bar 2017-04-27 12:30:00
F: Warning! 596 bars requested 56 bars returned.
start_idx [(19, Timestamp('2017-04-27 09:35:00'))]
start_ema 2017-04-27 08:00:00 start_vwap 2017-04-27 09:35:00 last_bar 2017-04-27 12:35:00 Writing to ./data/F_livesignals_20170427_09_40_52.csv ./data/F_last.csv
ET:  0.08  minutes
now 2017-04-27 12:45:00.288000 return data: last bar 2017-04-27 12:40:00 last processed bar 2017-04-27 12:35:00
F: Warning! 596 bars requested 57 bars returned.
start_idx [(19, Timestamp('2017-04-27 09:35:00'))]
start_ema 2017-04-27 08:00:00 start_vwap 2017-04-27 09:35:00 last_bar 2017-04-27 12:40:00 Writing to ./data/F_livesignals_20170427_09_40_52.csv ./data/F_last.csv
ET:  0.06  minutes
now 2017-04-27 12:50:01.272000 return data: last bar 2017-04-27 12:45:00 last processed bar 2017-04-27 12:40:00
F: Warning! 596 bars requested 58 bars returned.
start_idx [(19, Timestamp('2017-04-27 09:35:00'))]
start_ema 2017-04-27 08:00:00 start_vwap 2017-04-27 09:35:00 last_bar 2017-04-27 12:45:00 Writing to ./data/F_livesignals_20170427_09_40_52.csv ./data/F_last.csv
ET:  0.08  minutes
now 2017-04-27 12:55:00.107000 return data: last bar 2017-04-27 12:50:00 last processed bar 2017-04-27 12:45:00
F: Warning! 596 bars requested 59 bars returned.
start_idx [(19, Timestamp('2017-04-27 09:35:00'))]
start_ema 2017-04-27 08:00:00 start_vwap 2017-04-27 09:35:00 last_bar 2017-04-27 12:50:00 Writing to ./data/F_livesignals_20170427_09_40_52.csv ./data/F_last.csv
ET:  0.06  minutes
now 2017-04-27 13:00:04.594000 return data: last bar 2017-04-27 12:55:00 last processed bar 2017-04-27 12:50:00
F: Warning! 596 bars requested 60 bars returned.
start_idx [(19, Timestamp('2017-04-27 09:35:00'))]
start_ema 2017-04-27 08:00:00 start_vwap 2017-04-27 09:35:00 last_bar 2017-04-27 12:55:00 Writing to ./data/F_livesignals_20170427_09_40_52.csv ./data/F_last.csv
ET:  0.05  minutes
now 2017-04-27 13:05:01.318000 return data: last bar 2017-04-27 13:00:00 last processed bar 2017-04-27 12:55:00
F: Warning! 596 bars requested 61 bars returned.
start_idx [(19, Timestamp('2017-04-27 09:35:00'))]
start_ema 2017-04-27 08:00:00 start_vwap 2017-04-27 09:35:00 last_bar 2017-04-27 13:00:00 Writing to ./data/F_livesignals_20170427_09_40_52.csv ./data/F_last.csv
ET:  0.08  minutes
now 2017-04-27 13:10:01.320000 return data: last bar 2017-04-27 13:05:00 last processed bar 2017-04-27 13:00:00
F: Warning! 596 bars requested 62 bars returned.
start_idx [(19, Timestamp('2017-04-27 09:35:00'))]
start_ema 2017-04-27 08:00:00 start_vwap 2017-04-27 09:35:00 last_bar 2017-04-27 13:05:00 Writing to ./data/F_livesignals_20170427_09_40_52.csv ./data/F_last.csv
ET:  0.07  minutes
now 2017-04-27 13:15:00.841000 return data: last bar 2017-04-27 13:10:00 last processed bar 2017-04-27 13:05:00
F: Warning! 596 bars requested 63 bars returned.
start_idx [(19, Timestamp('2017-04-27 09:35:00'))]
start_ema 2017-04-27 08:00:00 start_vwap 2017-04-27 09:35:00 last_bar 2017-04-27 13:10:00 Writing to ./data/F_livesignals_20170427_09_40_52.csv ./data/F_last.csv
ET:  0.06  minutes
now 2017-04-27 13:20:00.612000 return data: last bar 2017-04-27 13:15:00 last processed bar 2017-04-27 13:10:00
F: Warning! 596 bars requested 64 bars returned.
start_idx [(19, Timestamp('2017-04-27 09:35:00'))]
start_ema 2017-04-27 08:00:00 start_vwap 2017-04-27 09:35:00 last_bar 2017-04-27 13:15:00 Writing to ./data/F_livesignals_20170427_09_40_52.csv ./data/F_last.csv
ET:  0.06  minutes
now 2017-04-27 13:25:00.251000 return data: last bar 2017-04-27 13:20:00 last processed bar 2017-04-27 13:15:00
F: Warning! 596 bars requested 65 bars returned.
start_idx [(19, Timestamp('2017-04-27 09:35:00'))]
start_ema 2017-04-27 08:00:00 start_vwap 2017-04-27 09:35:00 last_bar 2017-04-27 13:20:00 Writing to ./data/F_livesignals_20170427_09_40_52.csv ./data/F_last.csv
ET:  0.08  minutes
now 2017-04-27 13:30:01.363000 return data: last bar 2017-04-27 13:25:00 last processed bar 2017-04-27 13:20:00
F: Warning! 596 bars requested 66 bars returned.
start_idx [(19, Timestamp('2017-04-27 09:35:00'))]
start_ema 2017-04-27 08:00:00 start_vwap 2017-04-27 09:35:00 last_bar 2017-04-27 13:25:00 Writing to ./data/F_livesignals_20170427_09_40_52.csv ./data/F_last.csv
ET:  0.07  minutes
now 2017-04-27 13:35:00.519000 return data: last bar 2017-04-27 13:30:00 last processed bar 2017-04-27 13:25:00
F: Warning! 596 bars requested 67 bars returned.
start_idx [(19, Timestamp('2017-04-27 09:35:00'))]
start_ema 2017-04-27 08:00:00 start_vwap 2017-04-27 09:35:00 last_bar 2017-04-27 13:30:00 Writing to ./data/F_livesignals_20170427_09_40_52.csv ./data/F_last.csv
ET:  0.06  minutes
now 2017-04-27 13:40:00.343000 return data: last bar 2017-04-27 13:35:00 last processed bar 2017-04-27 13:30:00
F: Warning! 596 bars requested 68 bars returned.
start_idx [(19, Timestamp('2017-04-27 09:35:00'))]
start_ema 2017-04-27 08:00:00 start_vwap 2017-04-27 09:35:00 last_bar 2017-04-27 13:35:00 Writing to ./data/F_livesignals_20170427_09_40_52.csv ./data/F_last.csv
ET:  0.06  minutes
now 2017-04-27 13:45:01.229000 return data: last bar 2017-04-27 13:40:00 last processed bar 2017-04-27 13:35:00
F: Warning! 596 bars requested 69 bars returned.
start_idx [(19, Timestamp('2017-04-27 09:35:00'))]
start_ema 2017-04-27 08:00:00 start_vwap 2017-04-27 09:35:00 last_bar 2017-04-27 13:40:00 Writing to ./data/F_livesignals_20170427_09_40_52.csv ./data/F_last.csv
ET:  0.09  minutes
now 2017-04-27 13:50:01.542000 return data: last bar 2017-04-27 13:45:00 last processed bar 2017-04-27 13:40:00
F: Warning! 596 bars requested 70 bars returned.
start_idx [(19, Timestamp('2017-04-27 09:35:00'))]
start_ema 2017-04-27 08:00:00 start_vwap 2017-04-27 09:35:00 last_bar 2017-04-27 13:45:00 Writing to ./data/F_livesignals_20170427_09_40_52.csv ./data/F_last.csv
ET:  0.08  minutes
now 2017-04-27 13:55:00.778000 return data: last bar 2017-04-27 13:50:00 last processed bar 2017-04-27 13:45:00
F: Warning! 596 bars requested 71 bars returned.
start_idx [(19, Timestamp('2017-04-27 09:35:00'))]
start_ema 2017-04-27 08:00:00 start_vwap 2017-04-27 09:35:00 last_bar 2017-04-27 13:50:00 Writing to ./data/F_livesignals_20170427_09_40_52.csv ./data/F_last.csv
ET:  0.07  minutes
now 2017-04-27 14:00:00.099000 return data: last bar 2017-04-27 13:55:00 last processed bar 2017-04-27 13:50:00
F: Warning! 596 bars requested 72 bars returned.
start_idx [(19, Timestamp('2017-04-27 09:35:00'))]
start_ema 2017-04-27 08:00:00 start_vwap 2017-04-27 09:35:00 last_bar 2017-04-27 13:55:00 Writing to ./data/F_livesignals_20170427_09_40_52.csv ./data/F_last.csv
ET:  0.08  minutes
now 2017-04-27 14:05:01.741000 return data: last bar 2017-04-27 14:00:00 last processed bar 2017-04-27 13:55:00
F: Warning! 596 bars requested 73 bars returned.
start_idx [(19, Timestamp('2017-04-27 09:35:00'))]
start_ema 2017-04-27 08:00:00 start_vwap 2017-04-27 09:35:00 last_bar 2017-04-27 14:00:00 Writing to ./data/F_livesignals_20170427_09_40_52.csv ./data/F_last.csv
ET:  0.06  minutes
now 2017-04-27 14:10:00.234000 return data: last bar 2017-04-27 14:05:00 last processed bar 2017-04-27 14:00:00
F: Warning! 596 bars requested 74 bars returned.
start_idx [(19, Timestamp('2017-04-27 09:35:00'))]
start_ema 2017-04-27 08:00:00 start_vwap 2017-04-27 09:35:00 last_bar 2017-04-27 14:05:00 Writing to ./data/F_livesignals_20170427_09_40_52.csv ./data/F_last.csv
ET:  0.07  minutes
now 2017-04-27 14:15:01.149000 return data: last bar 2017-04-27 14:10:00 last processed bar 2017-04-27 14:05:00
F: Warning! 596 bars requested 75 bars returned.
start_idx [(19, Timestamp('2017-04-27 09:35:00'))]
start_ema 2017-04-27 08:00:00 start_vwap 2017-04-27 09:35:00 last_bar 2017-04-27 14:10:00 Writing to ./data/F_livesignals_20170427_09_40_52.csv ./data/F_last.csv
ET:  0.05  minutes
now 2017-04-27 14:20:00.456000 return data: last bar 2017-04-27 14:15:00 last processed bar 2017-04-27 14:10:00
F: Warning! 596 bars requested 76 bars returned.
start_idx [(19, Timestamp('2017-04-27 09:35:00'))]
start_ema 2017-04-27 08:00:00 start_vwap 2017-04-27 09:35:00 last_bar 2017-04-27 14:15:00 Writing to ./data/F_livesignals_20170427_09_40_52.csv ./data/F_last.csv
ET:  0.07  minutes
now 2017-04-27 14:25:03.410000 return data: last bar 2017-04-27 14:20:00 last processed bar 2017-04-27 14:15:00
F: Warning! 596 bars requested 77 bars returned.
start_idx [(19, Timestamp('2017-04-27 09:35:00'))]
start_ema 2017-04-27 08:00:00 start_vwap 2017-04-27 09:35:00 last_bar 2017-04-27 14:20:00 Writing to ./data/F_livesignals_20170427_09_40_52.csv ./data/F_last.csv
ET:  0.02  minutes
now 2017-04-27 14:30:01.603000 return data: last bar 2017-04-27 14:25:00 last processed bar 2017-04-27 14:20:00
F: Warning! 596 bars requested 78 bars returned.
start_idx [(19, Timestamp('2017-04-27 09:35:00'))]
start_ema 2017-04-27 08:00:00 start_vwap 2017-04-27 09:35:00 last_bar 2017-04-27 14:25:00 Writing to ./data/F_livesignals_20170427_09_40_52.csv ./data/F_last.csv
ET:  0.04  minutes
now 2017-04-27 14:35:00.248000 return data: last bar 2017-04-27 14:30:00 last processed bar 2017-04-27 14:25:00
F: Warning! 596 bars requested 79 bars returned.
start_idx [(19, Timestamp('2017-04-27 09:35:00'))]
start_ema 2017-04-27 08:00:00 start_vwap 2017-04-27 09:35:00 last_bar 2017-04-27 14:30:00 Writing to ./data/F_livesignals_20170427_09_40_52.csv ./data/F_last.csv
ET:  0.03  minutes
now 2017-04-27 14:40:00.286000 return data: last bar 2017-04-27 14:35:00 last processed bar 2017-04-27 14:30:00
F: Warning! 596 bars requested 80 bars returned.
start_idx [(19, Timestamp('2017-04-27 09:35:00'))]
start_ema 2017-04-27 08:00:00 start_vwap 2017-04-27 09:35:00 last_bar 2017-04-27 14:35:00 Writing to ./data/F_livesignals_20170427_09_40_52.csv ./data/F_last.csv
ET:  0.05  minutes
now 2017-04-27 14:45:00.049000 return data: last bar 2017-04-27 14:40:00 last processed bar 2017-04-27 14:35:00
F: Warning! 596 bars requested 81 bars returned.
start_idx [(19, Timestamp('2017-04-27 09:35:00'))]
start_ema 2017-04-27 08:00:00 start_vwap 2017-04-27 09:35:00 last_bar 2017-04-27 14:40:00 Writing to ./data/F_livesignals_20170427_09_40_52.csv ./data/F_last.csv
ET:  0.03  minutes
now 2017-04-27 14:50:01.718000 return data: last bar 2017-04-27 14:45:00 last processed bar 2017-04-27 14:40:00
F: Warning! 596 bars requested 82 bars returned.
start_idx [(19, Timestamp('2017-04-27 09:35:00'))]
start_ema 2017-04-27 08:00:00 start_vwap 2017-04-27 09:35:00 last_bar 2017-04-27 14:45:00 Writing to ./data/F_livesignals_20170427_09_40_52.csv ./data/F_last.csv
ET:  0.05  minutes
now 2017-04-27 14:55:00.525000 return data: last bar 2017-04-27 14:50:00 last processed bar 2017-04-27 14:45:00
F: Warning! 596 bars requested 83 bars returned.
start_idx [(19, Timestamp('2017-04-27 09:35:00'))]
start_ema 2017-04-27 08:00:00 start_vwap 2017-04-27 09:35:00 last_bar 2017-04-27 14:50:00 Writing to ./data/F_livesignals_20170427_09_40_52.csv ./data/F_last.csv
ET:  0.06  minutes
now 2017-04-27 15:00:00.410000 return data: last bar 2017-04-27 14:55:00 last processed bar 2017-04-27 14:50:00
F: Warning! 596 bars requested 84 bars returned.
start_idx [(19, Timestamp('2017-04-27 09:35:00'))]
start_ema 2017-04-27 08:00:00 start_vwap 2017-04-27 09:35:00 last_bar 2017-04-27 14:55:00 Writing to ./data/F_livesignals_20170427_09_40_52.csv ./data/F_last.csv
ET:  0.06  minutes
now 2017-04-27 15:05:01.110000 return data: last bar 2017-04-27 15:00:00 last processed bar 2017-04-27 14:55:00
F: Warning! 596 bars requested 85 bars returned.
start_idx [(19, Timestamp('2017-04-27 09:35:00'))]
start_ema 2017-04-27 08:00:00 start_vwap 2017-04-27 09:35:00 last_bar 2017-04-27 15:00:00 Writing to ./data/F_livesignals_20170427_09_40_52.csv ./data/F_last.csv
ET:  0.08  minutes
now 2017-04-27 15:10:00.212000 return data: last bar 2017-04-27 15:05:00 last processed bar 2017-04-27 15:00:00
F: Warning! 596 bars requested 86 bars returned.
start_idx [(19, Timestamp('2017-04-27 09:35:00'))]
start_ema 2017-04-27 08:00:00 start_vwap 2017-04-27 09:35:00 last_bar 2017-04-27 15:05:00 Writing to ./data/F_livesignals_20170427_09_40_52.csv ./data/F_last.csv
ET:  0.06  minutes
now 2017-04-27 15:15:01.336000 return data: last bar 2017-04-27 15:10:00 last processed bar 2017-04-27 15:05:00
F: Warning! 596 bars requested 87 bars returned.
start_idx [(19, Timestamp('2017-04-27 09:35:00'))]
start_ema 2017-04-27 08:00:00 start_vwap 2017-04-27 09:35:00 last_bar 2017-04-27 15:10:00 Writing to ./data/F_livesignals_20170427_09_40_52.csv ./data/F_last.csv
ET:  0.09  minutes
now 2017-04-27 15:20:01.409000 return data: last bar 2017-04-27 15:15:00 last processed bar 2017-04-27 15:10:00
F: Warning! 596 bars requested 88 bars returned.
start_idx [(19, Timestamp('2017-04-27 09:35:00'))]
start_ema 2017-04-27 08:00:00 start_vwap 2017-04-27 09:35:00 last_bar 2017-04-27 15:15:00 Writing to ./data/F_livesignals_20170427_09_40_52.csv ./data/F_last.csv
ET:  0.05  minutes
now 2017-04-27 15:25:01.326000 return data: last bar 2017-04-27 15:20:00 last processed bar 2017-04-27 15:15:00
F: Warning! 596 bars requested 89 bars returned.
start_idx [(19, Timestamp('2017-04-27 09:35:00'))]
start_ema 2017-04-27 08:00:00 start_vwap 2017-04-27 09:35:00 last_bar 2017-04-27 15:20:00 Writing to ./data/F_livesignals_20170427_09_40_52.csv ./data/F_last.csv
ET:  0.06  minutes
now 2017-04-27 15:30:01.131000 return data: last bar 2017-04-27 15:25:00 last processed bar 2017-04-27 15:20:00
F: Warning! 596 bars requested 90 bars returned.
start_idx [(19, Timestamp('2017-04-27 09:35:00'))]
start_ema 2017-04-27 08:00:00 start_vwap 2017-04-27 09:35:00 last_bar 2017-04-27 15:25:00 Writing to ./data/F_livesignals_20170427_09_40_52.csv ./data/F_last.csv
ET:  0.04  minutes
now 2017-04-27 15:35:01.813000 return data: last bar 2017-04-27 15:30:00 last processed bar 2017-04-27 15:25:00
F: Warning! 596 bars requested 91 bars returned.
start_idx [(19, Timestamp('2017-04-27 09:35:00'))]
start_ema 2017-04-27 08:00:00 start_vwap 2017-04-27 09:35:00 last_bar 2017-04-27 15:30:00 Writing to ./data/F_livesignals_20170427_09_40_52.csv ./data/F_last.csv
ET:  0.04  minutes
now 2017-04-27 15:40:00.235000 return data: last bar 2017-04-27 15:35:00 last processed bar 2017-04-27 15:30:00
F: Warning! 596 bars requested 92 bars returned.
start_idx [(19, Timestamp('2017-04-27 09:35:00'))]
start_ema 2017-04-27 08:00:00 start_vwap 2017-04-27 09:35:00 last_bar 2017-04-27 15:35:00 Writing to ./data/F_livesignals_20170427_09_40_52.csv ./data/F_last.csv
ET:  0.08  minutes
now 2017-04-27 15:45:01.354000 return data: last bar 2017-04-27 15:40:00 last processed bar 2017-04-27 15:35:00
F: Warning! 596 bars requested 93 bars returned.
start_idx [(19, Timestamp('2017-04-27 09:35:00'))]
start_ema 2017-04-27 08:00:00 start_vwap 2017-04-27 09:35:00 last_bar 2017-04-27 15:40:00 Writing to ./data/F_livesignals_20170427_09_40_52.csv ./data/F_last.csv
ET:  0.07  minutes
now 2017-04-27 15:50:00.513000 return data: last bar 2017-04-27 15:45:00 last processed bar 2017-04-27 15:40:00
F: Warning! 596 bars requested 94 bars returned.
start_idx [(19, Timestamp('2017-04-27 09:35:00'))]
start_ema 2017-04-27 08:00:00 start_vwap 2017-04-27 09:35:00 last_bar 2017-04-27 15:45:00 Writing to ./data/F_livesignals_20170427_09_40_52.csv ./data/F_last.csv
ET:  0.08  minutes
now 2017-04-27 15:55:02.256000
