return data: last bar 2017-04-27 09:35:00 last processed bar 1000-01-01 00:00:00
FBP: Warning! 596 bars requested 18 bars returned.
start_idx [(17, Timestamp('2017-04-27 09:35:00'))]
start_ema 2017-04-27 09:30:00 data.dropna() feed returned insufficient data
now 2017-04-27 09:45:00.588000 return None: last bar 2017-04-27 09:35:00 last processed bar 2017-04-27 09:35:00
FBP getFeed did not return any data! last bar: 2017-04-27 09:35:00 now: 09:45:00.634000
now 2017-04-27 09:50:00.222000 return data: last bar 2017-04-27 09:40:00 last processed bar 2017-04-27 09:35:00
FBP: Warning! 596 bars requested 19 bars returned.
start_idx [(17, Timestamp('2017-04-27 09:35:00'))]
start_ema 2017-04-27 09:35:00 data.dropna() feed returned insufficient data
now 2017-04-27 09:55:00.503000 return data: last bar 2017-04-27 09:45:00 last processed bar 2017-04-27 09:40:00
FBP: Warning! 596 bars requested 20 bars returned.
start_idx [(17, Timestamp('2017-04-27 09:35:00'))]
start_ema 2017-04-27 09:40:00 data.dropna() feed returned insufficient data
now 2017-04-27 10:00:01.039000 return data: last bar 2017-04-27 09:50:00 last processed bar 2017-04-27 09:45:00
FBP: Warning! 596 bars requested 21 bars returned.
start_idx [(17, Timestamp('2017-04-27 09:35:00'))]
start_ema 2017-04-27 09:45:00 data.dropna() feed returned insufficient data
now 2017-04-27 10:05:01.147000 return data: last bar 2017-04-27 09:55:00 last processed bar 2017-04-27 09:50:00
FBP: Warning! 596 bars requested 22 bars returned.
start_idx [(17, Timestamp('2017-04-27 09:35:00'))]
start_ema 2017-04-27 09:50:00 data.dropna() feed returned insufficient data
now 2017-04-27 10:10:00.816000 return data: last bar 2017-04-27 10:00:00 last processed bar 2017-04-27 09:55:00
FBP: Warning! 596 bars requested 23 bars returned.
start_idx [(17, Timestamp('2017-04-27 09:35:00'))]
start_ema 2017-04-27 09:55:00 data.dropna() feed returned insufficient data
now 2017-04-27 10:15:00.927000 return data: last bar 2017-04-27 10:10:00 last processed bar 2017-04-27 10:00:00
FBP: Warning! 596 bars requested 25 bars returned.
start_idx [(17, Timestamp('2017-04-27 09:35:00'))]
start_ema 2017-04-27 10:05:00 data.dropna() feed returned insufficient data
now 2017-04-27 10:20:02.700000 return data: last bar 2017-04-27 10:15:00 last processed bar 2017-04-27 10:10:00
FBP: Warning! 596 bars requested 26 bars returned.
start_idx [(17, Timestamp('2017-04-27 09:35:00'))]
start_ema 2017-04-27 10:10:00 data.dropna() feed returned insufficient data
now 2017-04-27 10:25:00.299000 return data: last bar 2017-04-27 10:20:00 last processed bar 2017-04-27 10:15:00
FBP: Warning! 596 bars requested 27 bars returned.
start_idx [(17, Timestamp('2017-04-27 09:35:00'))]
start_ema 2017-04-27 10:15:00 data.dropna() feed returned insufficient data
now 2017-04-27 10:30:00.849000 return data: last bar 2017-04-27 10:25:00 last processed bar 2017-04-27 10:20:00
FBP: Warning! 596 bars requested 28 bars returned.
start_idx [(17, Timestamp('2017-04-27 09:35:00'))]
start_ema 2017-04-27 10:20:00 data.dropna() feed returned insufficient data
now 2017-04-27 10:35:00.803000 return data: last bar 2017-04-27 10:30:00 last processed bar 2017-04-27 10:25:00
FBP: Warning! 596 bars requested 29 bars returned.
start_idx [(17, Timestamp('2017-04-27 09:35:00'))]
start_ema 2017-04-27 10:25:00 data.dropna() feed returned insufficient data
now 2017-04-27 10:40:02.551000 return data: last bar 2017-04-27 10:35:00 last processed bar 2017-04-27 10:30:00
FBP: Warning! 596 bars requested 30 bars returned.
start_idx [(17, Timestamp('2017-04-27 09:35:00'))]
start_ema 2017-04-27 10:30:00 data.dropna() feed returned insufficient data
now 2017-04-27 10:45:00.011000 return data: last bar 2017-04-27 10:40:00 last processed bar 2017-04-27 10:35:00
FBP: Warning! 596 bars requested 31 bars returned.
start_idx [(17, Timestamp('2017-04-27 09:35:00'))]
start_ema 2017-04-27 10:35:00 data.dropna() feed returned insufficient data
now 2017-04-27 10:50:00.205000 return data: last bar 2017-04-27 10:45:00 last processed bar 2017-04-27 10:40:00
FBP: Warning! 596 bars requested 32 bars returned.
start_idx [(17, Timestamp('2017-04-27 09:35:00'))]
start_ema 2017-04-27 10:40:00 data.dropna() feed returned insufficient data
now 2017-04-27 10:55:05.347000 return data: last bar 2017-04-27 10:50:00 last processed bar 2017-04-27 10:45:00
FBP: Warning! 596 bars requested 33 bars returned.
start_idx [(17, Timestamp('2017-04-27 09:35:00'))]
start_ema 2017-04-27 10:45:00 data.dropna() feed returned insufficient data
now 2017-04-27 11:00:02.029000 return data: last bar 2017-04-27 10:55:00 last processed bar 2017-04-27 10:50:00
FBP: Warning! 596 bars requested 34 bars returned.
start_idx [(17, Timestamp('2017-04-27 09:35:00'))]
start_ema 2017-04-27 10:50:00 data.dropna() feed returned insufficient data
now 2017-04-27 11:05:01.671000 return data: last bar 2017-04-27 11:00:00 last processed bar 2017-04-27 10:55:00
FBP: Warning! 596 bars requested 35 bars returned.
start_idx [(17, Timestamp('2017-04-27 09:35:00'))]
start_ema 2017-04-27 10:55:00 data.dropna() feed returned insufficient data
now 2017-04-27 11:10:01.081000 return data: last bar 2017-04-27 11:05:00 last processed bar 2017-04-27 11:00:00
FBP: Warning! 596 bars requested 36 bars returned.
start_idx [(17, Timestamp('2017-04-27 09:35:00'))]
start_ema 2017-04-27 11:00:00 data.dropna() feed returned insufficient data
now 2017-04-27 11:15:03.691000 return data: last bar 2017-04-27 11:10:00 last processed bar 2017-04-27 11:05:00
FBP: Warning! 596 bars requested 37 bars returned.
start_idx [(17, Timestamp('2017-04-27 09:35:00'))]
start_ema 2017-04-27 11:05:00 data.dropna() feed returned insufficient data
now 2017-04-27 11:20:00.014000 return data: last bar 2017-04-27 11:15:00 last processed bar 2017-04-27 11:10:00
FBP: Warning! 596 bars requested 38 bars returned.
start_idx [(17, Timestamp('2017-04-27 09:35:00'))]
start_ema 2017-04-27 11:10:00 data.dropna() feed returned insufficient data
now 2017-04-27 11:25:00.030000 return data: last bar 2017-04-27 11:20:00 last processed bar 2017-04-27 11:15:00
FBP: Warning! 596 bars requested 39 bars returned.
start_idx [(17, Timestamp('2017-04-27 09:35:00'))]
start_ema 2017-04-27 11:15:00 data.dropna() feed returned insufficient data
now 2017-04-27 11:30:01.836000 return data: last bar 2017-04-27 11:25:00 last processed bar 2017-04-27 11:20:00
FBP: Warning! 596 bars requested 40 bars returned.
start_idx [(17, Timestamp('2017-04-27 09:35:00'))]
start_ema 2017-04-27 11:20:00 data.dropna() feed returned insufficient data
now 2017-04-27 11:35:01.072000 return data: last bar 2017-04-27 11:30:00 last processed bar 2017-04-27 11:25:00
FBP: Warning! 596 bars requested 41 bars returned.
start_idx [(17, Timestamp('2017-04-27 09:35:00'))]
start_ema 2017-04-27 11:25:00 data.dropna() feed returned insufficient data
now 2017-04-27 11:40:00.698000 return data: last bar 2017-04-27 11:35:00 last processed bar 2017-04-27 11:30:00
FBP: Warning! 596 bars requested 42 bars returned.
start_idx [(17, Timestamp('2017-04-27 09:35:00'))]
start_ema 2017-04-27 11:30:00 data.dropna() feed returned insufficient data
now 2017-04-27 11:45:03.458000 return data: last bar 2017-04-27 11:40:00 last processed bar 2017-04-27 11:35:00
FBP: Warning! 596 bars requested 43 bars returned.
start_idx [(17, Timestamp('2017-04-27 09:35:00'))]
start_ema 2017-04-27 11:35:00 data.dropna() feed returned insufficient data
now 2017-04-27 11:50:01.018000 return data: last bar 2017-04-27 11:45:00 last processed bar 2017-04-27 11:40:00
FBP: Warning! 596 bars requested 44 bars returned.
start_idx [(17, Timestamp('2017-04-27 09:35:00'))]
start_ema 2017-04-27 11:40:00 data.dropna() feed returned insufficient data
now 2017-04-27 11:55:00.613000 return data: last bar 2017-04-27 11:50:00 last processed bar 2017-04-27 11:45:00
FBP: Warning! 596 bars requested 45 bars returned.
start_idx [(17, Timestamp('2017-04-27 09:35:00'))]
start_ema 2017-04-27 11:45:00 data.dropna() feed returned insufficient data
now 2017-04-27 12:00:00.183000 return data: last bar 2017-04-27 11:55:00 last processed bar 2017-04-27 11:50:00
FBP: Warning! 596 bars requested 46 bars returned.
start_idx [(17, Timestamp('2017-04-27 09:35:00'))]
start_ema 2017-04-27 11:50:00 data.dropna() feed returned insufficient data
now 2017-04-27 12:05:00.275000 return data: last bar 2017-04-27 12:00:00 last processed bar 2017-04-27 11:55:00
FBP: Warning! 596 bars requested 47 bars returned.
start_idx [(17, Timestamp('2017-04-27 09:35:00'))]
start_ema 2017-04-27 11:55:00 data.dropna() feed returned insufficient data
now 2017-04-27 12:10:01.979000 return data: last bar 2017-04-27 12:05:00 last processed bar 2017-04-27 12:00:00
FBP: Warning! 596 bars requested 48 bars returned.
start_idx [(17, Timestamp('2017-04-27 09:35:00'))]
start_ema 2017-04-27 12:00:00 data.dropna() feed returned insufficient data
now 2017-04-27 12:15:00.093000 return data: last bar 2017-04-27 12:10:00 last processed bar 2017-04-27 12:05:00
FBP: Warning! 596 bars requested 49 bars returned.
start_idx [(17, Timestamp('2017-04-27 09:35:00'))]
start_ema 2017-04-27 12:05:00 data.dropna() feed returned insufficient data
now 2017-04-27 12:20:00.732000 return data: last bar 2017-04-27 12:15:00 last processed bar 2017-04-27 12:10:00
FBP: Warning! 596 bars requested 50 bars returned.
start_idx [(17, Timestamp('2017-04-27 09:35:00'))]
start_ema 2017-04-27 12:10:00 data.dropna() feed returned insufficient data
now 2017-04-27 12:25:00.675000 return data: last bar 2017-04-27 12:20:00 last processed bar 2017-04-27 12:15:00
FBP: Warning! 596 bars requested 51 bars returned.
start_idx [(17, Timestamp('2017-04-27 09:35:00'))]
start_ema 2017-04-27 12:15:00 data.dropna() feed returned insufficient data
now 2017-04-27 12:30:00.980000 return data: last bar 2017-04-27 12:25:00 last processed bar 2017-04-27 12:20:00
FBP: Warning! 596 bars requested 52 bars returned.
start_idx [(17, Timestamp('2017-04-27 09:35:00'))]
start_ema 2017-04-27 12:20:00 data.dropna() feed returned insufficient data
now 2017-04-27 12:35:00.987000 return data: last bar 2017-04-27 12:30:00 last processed bar 2017-04-27 12:25:00
FBP: Warning! 596 bars requested 53 bars returned.
start_idx [(17, Timestamp('2017-04-27 09:35:00'))]
start_ema 2017-04-27 12:25:00 data.dropna() feed returned insufficient data
now 2017-04-27 12:40:00.928000 return data: last bar 2017-04-27 12:35:00 last processed bar 2017-04-27 12:30:00
FBP: Warning! 596 bars requested 54 bars returned.
start_idx [(17, Timestamp('2017-04-27 09:35:00'))]
start_ema 2017-04-27 12:30:00 data.dropna() feed returned insufficient data
now 2017-04-27 12:45:01.844000 return data: last bar 2017-04-27 12:40:00 last processed bar 2017-04-27 12:35:00
FBP: Warning! 596 bars requested 55 bars returned.
start_idx [(17, Timestamp('2017-04-27 09:35:00'))]
start_ema 2017-04-27 12:35:00 data.dropna() feed returned insufficient data
now 2017-04-27 12:50:00.307000 return data: last bar 2017-04-27 12:45:00 last processed bar 2017-04-27 12:40:00
FBP: Warning! 596 bars requested 56 bars returned.
start_idx [(17, Timestamp('2017-04-27 09:35:00'))]
start_ema 2017-04-27 12:40:00 data.dropna() feed returned insufficient data
now 2017-04-27 12:55:00.420000 return data: last bar 2017-04-27 12:50:00 last processed bar 2017-04-27 12:45:00
FBP: Warning! 596 bars requested 57 bars returned.
start_idx [(17, Timestamp('2017-04-27 09:35:00'))]
start_ema 2017-04-27 12:45:00 data.dropna() feed returned insufficient data
now 2017-04-27 13:00:00.687000 return data: last bar 2017-04-27 12:55:00 last processed bar 2017-04-27 12:50:00
FBP: Warning! 596 bars requested 58 bars returned.
start_idx [(17, Timestamp('2017-04-27 09:35:00'))]
start_ema 2017-04-27 12:50:00 data.dropna() feed returned insufficient data
now 2017-04-27 13:05:00.768000 return data: last bar 2017-04-27 13:00:00 last processed bar 2017-04-27 12:55:00
FBP: Warning! 596 bars requested 59 bars returned.
start_idx [(17, Timestamp('2017-04-27 09:35:00'))]
start_ema 2017-04-27 12:55:00 data.dropna() feed returned insufficient data
now 2017-04-27 13:10:00.813000 return data: last bar 2017-04-27 13:05:00 last processed bar 2017-04-27 13:00:00
FBP: Warning! 596 bars requested 60 bars returned.
start_idx [(17, Timestamp('2017-04-27 09:35:00'))]
start_ema 2017-04-27 13:00:00 data.dropna() feed returned insufficient data
now 2017-04-27 13:15:00.328000 return data: last bar 2017-04-27 13:10:00 last processed bar 2017-04-27 13:05:00
FBP: Warning! 596 bars requested 61 bars returned.
start_idx [(17, Timestamp('2017-04-27 09:35:00'))]
start_ema 2017-04-27 13:05:00 data.dropna() feed returned insufficient data
now 2017-04-27 13:20:00.192000 return data: last bar 2017-04-27 13:15:00 last processed bar 2017-04-27 13:10:00
FBP: Warning! 596 bars requested 62 bars returned.
start_idx [(17, Timestamp('2017-04-27 09:35:00'))]
start_ema 2017-04-27 13:10:00 data.dropna() feed returned insufficient data
now 2017-04-27 13:25:00.038000 return data: last bar 2017-04-27 13:20:00 last processed bar 2017-04-27 13:15:00
FBP: Warning! 596 bars requested 63 bars returned.
start_idx [(17, Timestamp('2017-04-27 09:35:00'))]
start_ema 2017-04-27 13:15:00 data.dropna() feed returned insufficient data
now 2017-04-27 13:30:00.075000 return data: last bar 2017-04-27 13:25:00 last processed bar 2017-04-27 13:20:00
FBP: Warning! 596 bars requested 64 bars returned.
start_idx [(17, Timestamp('2017-04-27 09:35:00'))]
start_ema 2017-04-27 13:20:00 data.dropna() feed returned insufficient data
now 2017-04-27 13:35:02.080000 return data: last bar 2017-04-27 13:30:00 last processed bar 2017-04-27 13:25:00
FBP: Warning! 596 bars requested 65 bars returned.
start_idx [(17, Timestamp('2017-04-27 09:35:00'))]
start_ema 2017-04-27 13:25:00 data.dropna() feed returned insufficient data
now 2017-04-27 13:40:00.177000 return data: last bar 2017-04-27 13:35:00 last processed bar 2017-04-27 13:30:00
FBP: Warning! 596 bars requested 66 bars returned.
start_idx [(17, Timestamp('2017-04-27 09:35:00'))]
start_ema 2017-04-27 13:30:00 data.dropna() feed returned insufficient data
now 2017-04-27 13:45:00.389000 return data: last bar 2017-04-27 13:40:00 last processed bar 2017-04-27 13:35:00
FBP: Warning! 596 bars requested 67 bars returned.
start_idx [(17, Timestamp('2017-04-27 09:35:00'))]
start_ema 2017-04-27 13:35:00 data.dropna() feed returned insufficient data
now 2017-04-27 13:50:02.079000 return data: last bar 2017-04-27 13:45:00 last processed bar 2017-04-27 13:40:00
FBP: Warning! 596 bars requested 68 bars returned.
start_idx [(17, Timestamp('2017-04-27 09:35:00'))]
start_ema 2017-04-27 13:40:00 data.dropna() feed returned insufficient data
now 2017-04-27 13:55:00.696000 return data: last bar 2017-04-27 13:50:00 last processed bar 2017-04-27 13:45:00
FBP: Warning! 596 bars requested 69 bars returned.
start_idx [(17, Timestamp('2017-04-27 09:35:00'))]
start_ema 2017-04-27 13:45:00 data.dropna() feed returned insufficient data
now 2017-04-27 14:00:01.086000 return data: last bar 2017-04-27 13:55:00 last processed bar 2017-04-27 13:50:00
FBP: Warning! 596 bars requested 70 bars returned.
start_idx [(17, Timestamp('2017-04-27 09:35:00'))]
start_ema 2017-04-27 13:50:00 data.dropna() feed returned insufficient data
now 2017-04-27 14:05:01.064000 return data: last bar 2017-04-27 14:00:00 last processed bar 2017-04-27 13:55:00
FBP: Warning! 596 bars requested 71 bars returned.
start_idx [(17, Timestamp('2017-04-27 09:35:00'))]
start_ema 2017-04-27 13:55:00 data.dropna() feed returned insufficient data
now 2017-04-27 14:10:00.017000 return data: last bar 2017-04-27 14:05:00 last processed bar 2017-04-27 14:00:00
FBP: Warning! 596 bars requested 72 bars returned.
start_idx [(17, Timestamp('2017-04-27 09:35:00'))]
start_ema 2017-04-27 14:00:00 data.dropna() feed returned insufficient data
now 2017-04-27 14:15:00.715000 return data: last bar 2017-04-27 14:10:00 last processed bar 2017-04-27 14:05:00
FBP: Warning! 596 bars requested 73 bars returned.
start_idx [(17, Timestamp('2017-04-27 09:35:00'))]
start_ema 2017-04-27 14:05:00 data.dropna() feed returned insufficient data
now 2017-04-27 14:20:01.466000 return data: last bar 2017-04-27 14:15:00 last processed bar 2017-04-27 14:10:00
FBP: Warning! 596 bars requested 74 bars returned.
start_idx [(17, Timestamp('2017-04-27 09:35:00'))]
start_ema 2017-04-27 14:10:00 data.dropna() feed returned insufficient data
now 2017-04-27 14:25:03.984000 return data: last bar 2017-04-27 14:20:00 last processed bar 2017-04-27 14:15:00
FBP: Warning! 596 bars requested 75 bars returned.
start_idx [(17, Timestamp('2017-04-27 09:35:00'))]
start_ema 2017-04-27 14:15:00 data.dropna() feed returned insufficient data
now 2017-04-27 14:30:00.553000 return data: last bar 2017-04-27 14:25:00 last processed bar 2017-04-27 14:20:00
FBP: Warning! 596 bars requested 76 bars returned.
start_idx [(17, Timestamp('2017-04-27 09:35:00'))]
start_ema 2017-04-27 14:20:00 data.dropna() feed returned insufficient data
now 2017-04-27 14:35:02.852000 return data: last bar 2017-04-27 14:30:00 last processed bar 2017-04-27 14:25:00
FBP: Warning! 596 bars requested 77 bars returned.
start_idx [(17, Timestamp('2017-04-27 09:35:00'))]
start_ema 2017-04-27 14:25:00 data.dropna() feed returned insufficient data
now 2017-04-27 14:40:00.858000 return data: last bar 2017-04-27 14:35:00 last processed bar 2017-04-27 14:30:00
FBP: Warning! 596 bars requested 78 bars returned.
start_idx [(17, Timestamp('2017-04-27 09:35:00'))]
start_ema 2017-04-27 14:30:00 data.dropna() feed returned insufficient data
now 2017-04-27 14:45:00.149000 return data: last bar 2017-04-27 14:40:00 last processed bar 2017-04-27 14:35:00
FBP: Warning! 596 bars requested 79 bars returned.
start_idx [(17, Timestamp('2017-04-27 09:35:00'))]
start_ema 2017-04-27 14:35:00 data.dropna() feed returned insufficient data
now 2017-04-27 14:50:00.514000 return data: last bar 2017-04-27 14:45:00 last processed bar 2017-04-27 14:40:00
FBP: Warning! 596 bars requested 80 bars returned.
start_idx [(17, Timestamp('2017-04-27 09:35:00'))]
start_ema 2017-04-27 14:40:00 data.dropna() feed returned insufficient data
now 2017-04-27 14:55:02.911000 return data: last bar 2017-04-27 14:50:00 last processed bar 2017-04-27 14:45:00
FBP: Warning! 596 bars requested 81 bars returned.
start_idx [(17, Timestamp('2017-04-27 09:35:00'))]
start_ema 2017-04-27 14:45:00 data.dropna() feed returned insufficient data
now 2017-04-27 15:00:02.624000 return data: last bar 2017-04-27 14:55:00 last processed bar 2017-04-27 14:50:00
FBP: Warning! 596 bars requested 82 bars returned.
start_idx [(17, Timestamp('2017-04-27 09:35:00'))]
start_ema 2017-04-27 14:50:00 data.dropna() feed returned insufficient data
now 2017-04-27 15:05:02.333000 return data: last bar 2017-04-27 15:00:00 last processed bar 2017-04-27 14:55:00
FBP: Warning! 596 bars requested 83 bars returned.
start_idx [(17, Timestamp('2017-04-27 09:35:00'))]
start_ema 2017-04-27 14:55:00 data.dropna() feed returned insufficient data
now 2017-04-27 15:10:00.501000 return data: last bar 2017-04-27 15:05:00 last processed bar 2017-04-27 15:00:00
FBP: Warning! 596 bars requested 84 bars returned.
start_idx [(17, Timestamp('2017-04-27 09:35:00'))]
start_ema 2017-04-27 15:00:00 data.dropna() feed returned insufficient data
now 2017-04-27 15:15:00.573000 return data: last bar 2017-04-27 15:10:00 last processed bar 2017-04-27 15:05:00
FBP: Warning! 596 bars requested 85 bars returned.
start_idx [(17, Timestamp('2017-04-27 09:35:00'))]
start_ema 2017-04-27 15:05:00 data.dropna() feed returned insufficient data
now 2017-04-27 15:20:00.841000 return data: last bar 2017-04-27 15:15:00 last processed bar 2017-04-27 15:10:00
FBP: Warning! 596 bars requested 86 bars returned.
start_idx [(17, Timestamp('2017-04-27 09:35:00'))]
start_ema 2017-04-27 15:10:00 data.dropna() feed returned insufficient data
now 2017-04-27 15:25:00.383000 return data: last bar 2017-04-27 15:20:00 last processed bar 2017-04-27 15:15:00
FBP: Warning! 596 bars requested 87 bars returned.
start_idx [(17, Timestamp('2017-04-27 09:35:00'))]
start_ema 2017-04-27 15:15:00 data.dropna() feed returned insufficient data
now 2017-04-27 15:30:02.679000 return data: last bar 2017-04-27 15:25:00 last processed bar 2017-04-27 15:20:00
FBP: Warning! 596 bars requested 88 bars returned.
start_idx [(17, Timestamp('2017-04-27 09:35:00'))]
start_ema 2017-04-27 15:20:00 data.dropna() feed returned insufficient data
now 2017-04-27 15:35:00.875000 return data: last bar 2017-04-27 15:30:00 last processed bar 2017-04-27 15:25:00
FBP: Warning! 596 bars requested 89 bars returned.
start_idx [(17, Timestamp('2017-04-27 09:35:00'))]
start_ema 2017-04-27 15:25:00 data.dropna() feed returned insufficient data
now 2017-04-27 15:40:00.017000 return data: last bar 2017-04-27 15:35:00 last processed bar 2017-04-27 15:30:00
FBP: Warning! 596 bars requested 90 bars returned.
start_idx [(17, Timestamp('2017-04-27 09:35:00'))]
start_ema 2017-04-27 15:30:00 data.dropna() feed returned insufficient data
now 2017-04-27 15:45:02.069000 return data: last bar 2017-04-27 15:40:00 last processed bar 2017-04-27 15:35:00
FBP: Warning! 596 bars requested 91 bars returned.
start_idx [(17, Timestamp('2017-04-27 09:35:00'))]
start_ema 2017-04-27 15:35:00 data.dropna() feed returned insufficient data
now 2017-04-27 15:50:00.641000 return data: last bar 2017-04-27 15:45:00 last processed bar 2017-04-27 15:40:00
FBP: Warning! 596 bars requested 92 bars returned.
start_idx [(17, Timestamp('2017-04-27 09:35:00'))]
start_ema 2017-04-27 15:40:00 data.dropna() feed returned insufficient data
now 2017-04-27 15:55:02.628000
