return data: last bar 2017-04-27 09:35:00 last processed bar 1000-01-01 00:00:00
FCH: Warning! 596 bars requested 20 bars returned.
start_idx [(19, Timestamp('2017-04-27 09:35:00'))]
start_ema 2017-04-27 08:00:00 start_vwap 2017-04-27 09:35:00 last_bar 2017-04-27 09:35:00 ET:  0.04  minutes
now 2017-04-27 09:45:00.533000 return None: last bar 2017-04-27 09:35:00 last processed bar 2017-04-27 09:35:00
FCH getFeed did not return any data! last bar: 2017-04-27 09:35:00 now: 09:45:00.639000
now 2017-04-27 09:50:03.305000 return data: last bar 2017-04-27 09:40:00 last processed bar 2017-04-27 09:35:00
FCH: Warning! 596 bars requested 21 bars returned.
start_idx [(19, Timestamp('2017-04-27 09:35:00'))]
start_ema 2017-04-27 08:00:00 start_vwap 2017-04-27 09:35:00 last_bar 2017-04-27 09:40:00 Writing to ./data/FCH_livesignals_20170427_09_40_51.csv ./data/FCH_last.csv
ET:  0.04  minutes
now 2017-04-27 09:55:03.146000 return data: last bar 2017-04-27 09:45:00 last processed bar 2017-04-27 09:40:00
FCH: Warning! 596 bars requested 22 bars returned.
start_idx [(19, Timestamp('2017-04-27 09:35:00'))]
start_ema 2017-04-27 08:00:00 start_vwap 2017-04-27 09:35:00 last_bar 2017-04-27 09:45:00 Writing to ./data/FCH_livesignals_20170427_09_40_51.csv ./data/FCH_last.csv
ET:  0.04  minutes
now 2017-04-27 10:00:01.888000 return data: last bar 2017-04-27 09:50:00 last processed bar 2017-04-27 09:45:00
FCH: Warning! 596 bars requested 23 bars returned.
start_idx [(19, Timestamp('2017-04-27 09:35:00'))]
start_ema 2017-04-27 08:00:00 start_vwap 2017-04-27 09:35:00 last_bar 2017-04-27 09:50:00 Writing to ./data/FCH_livesignals_20170427_09_40_51.csv ./data/FCH_last.csv
ET:  0.06  minutes
now 2017-04-27 10:05:00.277000 return data: last bar 2017-04-27 09:55:00 last processed bar 2017-04-27 09:50:00
FCH: Warning! 596 bars requested 24 bars returned.
start_idx [(19, Timestamp('2017-04-27 09:35:00'))]
start_ema 2017-04-27 08:00:00 start_vwap 2017-04-27 09:35:00 last_bar 2017-04-27 09:55:00 Writing to ./data/FCH_livesignals_20170427_09_40_51.csv ./data/FCH_last.csv
ET:  0.09  minutes
now 2017-04-27 10:10:00.961000 return data: last bar 2017-04-27 10:00:00 last processed bar 2017-04-27 09:55:00
FCH: Warning! 596 bars requested 25 bars returned.
start_idx [(19, Timestamp('2017-04-27 09:35:00'))]
start_ema 2017-04-27 08:00:00 start_vwap 2017-04-27 09:35:00 last_bar 2017-04-27 10:00:00 Writing to ./data/FCH_livesignals_20170427_09_40_51.csv ./data/FCH_last.csv
ET:  0.09  minutes
now 2017-04-27 10:15:00.563000 return data: last bar 2017-04-27 10:10:00 last processed bar 2017-04-27 10:00:00
FCH: Warning! 596 bars requested 27 bars returned.
start_idx [(19, Timestamp('2017-04-27 09:35:00'))]
start_ema 2017-04-27 08:00:00 start_vwap 2017-04-27 09:35:00 last_bar 2017-04-27 10:10:00 Writing to ./data/FCH_livesignals_20170427_09_40_51.csv ./data/FCH_last.csv
ET:  0.07  minutes
now 2017-04-27 10:20:01.455000 return data: last bar 2017-04-27 10:15:00 last processed bar 2017-04-27 10:10:00
FCH: Warning! 596 bars requested 28 bars returned.
start_idx [(19, Timestamp('2017-04-27 09:35:00'))]
start_ema 2017-04-27 08:00:00 start_vwap 2017-04-27 09:35:00 last_bar 2017-04-27 10:15:00 Writing to ./data/FCH_livesignals_20170427_09_40_51.csv ./data/FCH_last.csv
ET:  0.05  minutes
now 2017-04-27 10:25:00.295000 return data: last bar 2017-04-27 10:20:00 last processed bar 2017-04-27 10:15:00
FCH: Warning! 596 bars requested 29 bars returned.
start_idx [(19, Timestamp('2017-04-27 09:35:00'))]
start_ema 2017-04-27 08:00:00 start_vwap 2017-04-27 09:35:00 last_bar 2017-04-27 10:20:00 Writing to ./data/FCH_livesignals_20170427_09_40_51.csv ./data/FCH_last.csv
ET:  0.05  minutes
now 2017-04-27 10:30:00.571000 return data: last bar 2017-04-27 10:25:00 last processed bar 2017-04-27 10:20:00
FCH: Warning! 596 bars requested 30 bars returned.
start_idx [(19, Timestamp('2017-04-27 09:35:00'))]
start_ema 2017-04-27 08:00:00 start_vwap 2017-04-27 09:35:00 last_bar 2017-04-27 10:25:00 Writing to ./data/FCH_livesignals_20170427_09_40_51.csv ./data/FCH_last.csv
ET:  0.06  minutes
now 2017-04-27 10:35:00.231000 return data: last bar 2017-04-27 10:30:00 last processed bar 2017-04-27 10:25:00
FCH: Warning! 596 bars requested 31 bars returned.
start_idx [(19, Timestamp('2017-04-27 09:35:00'))]
start_ema 2017-04-27 08:00:00 start_vwap 2017-04-27 09:35:00 last_bar 2017-04-27 10:30:00 Writing to ./data/FCH_livesignals_20170427_09_40_51.csv ./data/FCH_last.csv
ET:  0.09  minutes
now 2017-04-27 10:40:00.648000 return data: last bar 2017-04-27 10:35:00 last processed bar 2017-04-27 10:30:00
FCH: Warning! 596 bars requested 32 bars returned.
start_idx [(19, Timestamp('2017-04-27 09:35:00'))]
start_ema 2017-04-27 08:00:00 start_vwap 2017-04-27 09:35:00 last_bar 2017-04-27 10:35:00 Writing to ./data/FCH_livesignals_20170427_09_40_51.csv ./data/FCH_last.csv
ET:  0.06  minutes
now 2017-04-27 10:45:00.281000 return data: last bar 2017-04-27 10:40:00 last processed bar 2017-04-27 10:35:00
FCH: Warning! 596 bars requested 33 bars returned.
start_idx [(19, Timestamp('2017-04-27 09:35:00'))]
start_ema 2017-04-27 08:00:00 start_vwap 2017-04-27 09:35:00 last_bar 2017-04-27 10:40:00 Writing to ./data/FCH_livesignals_20170427_09_40_51.csv ./data/FCH_last.csv
ET:  0.06  minutes
now 2017-04-27 10:50:01.296000 return data: last bar 2017-04-27 10:45:00 last processed bar 2017-04-27 10:40:00
FCH: Warning! 596 bars requested 34 bars returned.
start_idx [(19, Timestamp('2017-04-27 09:35:00'))]
start_ema 2017-04-27 08:00:00 start_vwap 2017-04-27 09:35:00 last_bar 2017-04-27 10:45:00 Writing to ./data/FCH_livesignals_20170427_09_40_51.csv ./data/FCH_last.csv
ET:  0.07  minutes
now 2017-04-27 10:55:02.255000 return data: last bar 2017-04-27 10:50:00 last processed bar 2017-04-27 10:45:00
FCH: Warning! 596 bars requested 35 bars returned.
start_idx [(19, Timestamp('2017-04-27 09:35:00'))]
start_ema 2017-04-27 08:00:00 start_vwap 2017-04-27 09:35:00 last_bar 2017-04-27 10:50:00 Writing to ./data/FCH_livesignals_20170427_09_40_51.csv ./data/FCH_last.csv
ET:  0.06  minutes
now 2017-04-27 11:00:01.130000 return data: last bar 2017-04-27 10:55:00 last processed bar 2017-04-27 10:50:00
FCH: Warning! 596 bars requested 36 bars returned.
start_idx [(19, Timestamp('2017-04-27 09:35:00'))]
start_ema 2017-04-27 08:00:00 start_vwap 2017-04-27 09:35:00 last_bar 2017-04-27 10:55:00 Writing to ./data/FCH_livesignals_20170427_09_40_51.csv ./data/FCH_last.csv
ET:  0.07  minutes
now 2017-04-27 11:05:01.367000 return data: last bar 2017-04-27 11:00:00 last processed bar 2017-04-27 10:55:00
FCH: Warning! 596 bars requested 37 bars returned.
start_idx [(19, Timestamp('2017-04-27 09:35:00'))]
start_ema 2017-04-27 08:00:00 start_vwap 2017-04-27 09:35:00 last_bar 2017-04-27 11:00:00 Writing to ./data/FCH_livesignals_20170427_09_40_51.csv ./data/FCH_last.csv
ET:  0.09  minutes
now 2017-04-27 11:10:01.136000 return data: last bar 2017-04-27 11:05:00 last processed bar 2017-04-27 11:00:00
FCH: Warning! 596 bars requested 38 bars returned.
start_idx [(19, Timestamp('2017-04-27 09:35:00'))]
start_ema 2017-04-27 08:00:00 start_vwap 2017-04-27 09:35:00 last_bar 2017-04-27 11:05:00 Writing to ./data/FCH_livesignals_20170427_09_40_51.csv ./data/FCH_last.csv
ET:  0.1  minutes
now 2017-04-27 11:15:00.579000 return data: last bar 2017-04-27 11:10:00 last processed bar 2017-04-27 11:05:00
FCH: Warning! 596 bars requested 39 bars returned.
start_idx [(19, Timestamp('2017-04-27 09:35:00'))]
start_ema 2017-04-27 08:00:00 start_vwap 2017-04-27 09:35:00 last_bar 2017-04-27 11:10:00 Writing to ./data/FCH_livesignals_20170427_09_40_51.csv ./data/FCH_last.csv
ET:  0.05  minutes
now 2017-04-27 11:20:02.027000 return data: last bar 2017-04-27 11:15:00 last processed bar 2017-04-27 11:10:00
FCH: Warning! 596 bars requested 40 bars returned.
start_idx [(19, Timestamp('2017-04-27 09:35:00'))]
start_ema 2017-04-27 08:00:00 start_vwap 2017-04-27 09:35:00 last_bar 2017-04-27 11:15:00 Writing to ./data/FCH_livesignals_20170427_09_40_51.csv ./data/FCH_last.csv
ET:  0.09  minutes
now 2017-04-27 11:25:00.274000 return data: last bar 2017-04-27 11:20:00 last processed bar 2017-04-27 11:15:00
FCH: Warning! 596 bars requested 41 bars returned.
start_idx [(19, Timestamp('2017-04-27 09:35:00'))]
start_ema 2017-04-27 08:00:00 start_vwap 2017-04-27 09:35:00 last_bar 2017-04-27 11:20:00 Writing to ./data/FCH_livesignals_20170427_09_40_51.csv ./data/FCH_last.csv
ET:  0.07  minutes
now 2017-04-27 11:30:01.728000 return data: last bar 2017-04-27 11:25:00 last processed bar 2017-04-27 11:20:00
FCH: Warning! 596 bars requested 42 bars returned.
start_idx [(19, Timestamp('2017-04-27 09:35:00'))]
start_ema 2017-04-27 08:00:00 start_vwap 2017-04-27 09:35:00 last_bar 2017-04-27 11:25:00 Writing to ./data/FCH_livesignals_20170427_09_40_51.csv ./data/FCH_last.csv
ET:  0.07  minutes
now 2017-04-27 11:35:01.221000 return data: last bar 2017-04-27 11:30:00 last processed bar 2017-04-27 11:25:00
FCH: Warning! 596 bars requested 43 bars returned.
start_idx [(19, Timestamp('2017-04-27 09:35:00'))]
start_ema 2017-04-27 08:00:00 start_vwap 2017-04-27 09:35:00 last_bar 2017-04-27 11:30:00 Writing to ./data/FCH_livesignals_20170427_09_40_51.csv ./data/FCH_last.csv
ET:  0.08  minutes
now 2017-04-27 11:40:01.146000 return data: last bar 2017-04-27 11:35:00 last processed bar 2017-04-27 11:30:00
FCH: Warning! 596 bars requested 44 bars returned.
start_idx [(19, Timestamp('2017-04-27 09:35:00'))]
start_ema 2017-04-27 08:00:00 start_vwap 2017-04-27 09:35:00 last_bar 2017-04-27 11:35:00 Writing to ./data/FCH_livesignals_20170427_09_40_51.csv ./data/FCH_last.csv
ET:  0.06  minutes
now 2017-04-27 11:45:00.898000 return data: last bar 2017-04-27 11:40:00 last processed bar 2017-04-27 11:35:00
FCH: Warning! 596 bars requested 45 bars returned.
start_idx [(19, Timestamp('2017-04-27 09:35:00'))]
start_ema 2017-04-27 08:00:00 start_vwap 2017-04-27 09:35:00 last_bar 2017-04-27 11:40:00 Writing to ./data/FCH_livesignals_20170427_09_40_51.csv ./data/FCH_last.csv
ET:  0.07  minutes
now 2017-04-27 11:50:00.129000 return data: last bar 2017-04-27 11:45:00 last processed bar 2017-04-27 11:40:00
FCH: Warning! 596 bars requested 46 bars returned.
start_idx [(19, Timestamp('2017-04-27 09:35:00'))]
start_ema 2017-04-27 08:00:00 start_vwap 2017-04-27 09:35:00 last_bar 2017-04-27 11:45:00 Writing to ./data/FCH_livesignals_20170427_09_40_51.csv ./data/FCH_last.csv
ET:  0.04  minutes
now 2017-04-27 11:55:01.066000 return data: last bar 2017-04-27 11:50:00 last processed bar 2017-04-27 11:45:00
FCH: Warning! 596 bars requested 47 bars returned.
start_idx [(19, Timestamp('2017-04-27 09:35:00'))]
start_ema 2017-04-27 08:00:00 start_vwap 2017-04-27 09:35:00 last_bar 2017-04-27 11:50:00 Writing to ./data/FCH_livesignals_20170427_09_40_51.csv ./data/FCH_last.csv
ET:  0.08  minutes
now 2017-04-27 12:00:01.023000 return data: last bar 2017-04-27 11:55:00 last processed bar 2017-04-27 11:50:00
FCH: Warning! 596 bars requested 48 bars returned.
start_idx [(19, Timestamp('2017-04-27 09:35:00'))]
start_ema 2017-04-27 08:00:00 start_vwap 2017-04-27 09:35:00 last_bar 2017-04-27 11:55:00 Writing to ./data/FCH_livesignals_20170427_09_40_51.csv ./data/FCH_last.csv
ET:  0.09  minutes
now 2017-04-27 12:05:00.492000 return data: last bar 2017-04-27 12:00:00 last processed bar 2017-04-27 11:55:00
FCH: Warning! 596 bars requested 49 bars returned.
start_idx [(19, Timestamp('2017-04-27 09:35:00'))]
start_ema 2017-04-27 08:00:00 start_vwap 2017-04-27 09:35:00 last_bar 2017-04-27 12:00:00 Writing to ./data/FCH_livesignals_20170427_09_40_51.csv ./data/FCH_last.csv
ET:  0.06  minutes
now 2017-04-27 12:10:00.399000 return data: last bar 2017-04-27 12:05:00 last processed bar 2017-04-27 12:00:00
FCH: Warning! 596 bars requested 50 bars returned.
start_idx [(19, Timestamp('2017-04-27 09:35:00'))]
start_ema 2017-04-27 08:00:00 start_vwap 2017-04-27 09:35:00 last_bar 2017-04-27 12:05:00 Writing to ./data/FCH_livesignals_20170427_09_40_51.csv ./data/FCH_last.csv
ET:  0.07  minutes
now 2017-04-27 12:15:00.810000 return data: last bar 2017-04-27 12:10:00 last processed bar 2017-04-27 12:05:00
FCH: Warning! 596 bars requested 51 bars returned.
start_idx [(19, Timestamp('2017-04-27 09:35:00'))]
start_ema 2017-04-27 08:00:00 start_vwap 2017-04-27 09:35:00 last_bar 2017-04-27 12:10:00 Writing to ./data/FCH_livesignals_20170427_09_40_51.csv ./data/FCH_last.csv
ET:  0.06  minutes
now 2017-04-27 12:20:00.909000 return data: last bar 2017-04-27 12:15:00 last processed bar 2017-04-27 12:10:00
FCH: Warning! 596 bars requested 52 bars returned.
start_idx [(19, Timestamp('2017-04-27 09:35:00'))]
start_ema 2017-04-27 08:00:00 start_vwap 2017-04-27 09:35:00 last_bar 2017-04-27 12:15:00 Writing to ./data/FCH_livesignals_20170427_09_40_51.csv ./data/FCH_last.csv
ET:  0.08  minutes
now 2017-04-27 12:25:01.241000 return data: last bar 2017-04-27 12:20:00 last processed bar 2017-04-27 12:15:00
FCH: Warning! 596 bars requested 53 bars returned.
start_idx [(19, Timestamp('2017-04-27 09:35:00'))]
start_ema 2017-04-27 08:00:00 start_vwap 2017-04-27 09:35:00 last_bar 2017-04-27 12:20:00 Writing to ./data/FCH_livesignals_20170427_09_40_51.csv ./data/FCH_last.csv
ET:  0.06  minutes
now 2017-04-27 12:30:01.312000 return data: last bar 2017-04-27 12:25:00 last processed bar 2017-04-27 12:20:00
FCH: Warning! 596 bars requested 54 bars returned.
start_idx [(19, Timestamp('2017-04-27 09:35:00'))]
start_ema 2017-04-27 08:00:00 start_vwap 2017-04-27 09:35:00 last_bar 2017-04-27 12:25:00 Writing to ./data/FCH_livesignals_20170427_09_40_51.csv ./data/FCH_last.csv
ET:  0.05  minutes
now 2017-04-27 12:35:01.140000 return data: last bar 2017-04-27 12:30:00 last processed bar 2017-04-27 12:25:00
FCH: Warning! 596 bars requested 55 bars returned.
start_idx [(19, Timestamp('2017-04-27 09:35:00'))]
start_ema 2017-04-27 08:00:00 start_vwap 2017-04-27 09:35:00 last_bar 2017-04-27 12:30:00 Writing to ./data/FCH_livesignals_20170427_09_40_51.csv ./data/FCH_last.csv
ET:  0.07  minutes
now 2017-04-27 12:40:00.330000 return data: last bar 2017-04-27 12:35:00 last processed bar 2017-04-27 12:30:00
FCH: Warning! 596 bars requested 56 bars returned.
start_idx [(19, Timestamp('2017-04-27 09:35:00'))]
start_ema 2017-04-27 08:00:00 start_vwap 2017-04-27 09:35:00 last_bar 2017-04-27 12:35:00 Writing to ./data/FCH_livesignals_20170427_09_40_51.csv ./data/FCH_last.csv
ET:  0.08  minutes
now 2017-04-27 12:45:00.115000 return data: last bar 2017-04-27 12:40:00 last processed bar 2017-04-27 12:35:00
FCH: Warning! 596 bars requested 57 bars returned.
start_idx [(19, Timestamp('2017-04-27 09:35:00'))]
start_ema 2017-04-27 08:00:00 start_vwap 2017-04-27 09:35:00 last_bar 2017-04-27 12:40:00 Writing to ./data/FCH_livesignals_20170427_09_40_51.csv ./data/FCH_last.csv
ET:  0.07  minutes
now 2017-04-27 12:50:00.306000 return data: last bar 2017-04-27 12:45:00 last processed bar 2017-04-27 12:40:00
FCH: Warning! 596 bars requested 58 bars returned.
start_idx [(19, Timestamp('2017-04-27 09:35:00'))]
start_ema 2017-04-27 08:00:00 start_vwap 2017-04-27 09:35:00 last_bar 2017-04-27 12:45:00 Writing to ./data/FCH_livesignals_20170427_09_40_51.csv ./data/FCH_last.csv
ET:  0.06  minutes
now 2017-04-27 12:55:01.239000 return data: last bar 2017-04-27 12:50:00 last processed bar 2017-04-27 12:45:00
FCH: Warning! 596 bars requested 59 bars returned.
start_idx [(19, Timestamp('2017-04-27 09:35:00'))]
start_ema 2017-04-27 08:00:00 start_vwap 2017-04-27 09:35:00 last_bar 2017-04-27 12:50:00 Writing to ./data/FCH_livesignals_20170427_09_40_51.csv ./data/FCH_last.csv
ET:  0.07  minutes
now 2017-04-27 13:00:00.526000 return data: last bar 2017-04-27 12:55:00 last processed bar 2017-04-27 12:50:00
FCH: Warning! 596 bars requested 60 bars returned.
start_idx [(19, Timestamp('2017-04-27 09:35:00'))]
start_ema 2017-04-27 08:00:00 start_vwap 2017-04-27 09:35:00 last_bar 2017-04-27 12:55:00 Writing to ./data/FCH_livesignals_20170427_09_40_51.csv ./data/FCH_last.csv
ET:  0.08  minutes
now 2017-04-27 13:05:01.227000 return data: last bar 2017-04-27 13:00:00 last processed bar 2017-04-27 12:55:00
FCH: Warning! 596 bars requested 61 bars returned.
start_idx [(19, Timestamp('2017-04-27 09:35:00'))]
start_ema 2017-04-27 08:00:00 start_vwap 2017-04-27 09:35:00 last_bar 2017-04-27 13:00:00 Writing to ./data/FCH_livesignals_20170427_09_40_51.csv ./data/FCH_last.csv
ET:  0.07  minutes
now 2017-04-27 13:10:00.488000 return data: last bar 2017-04-27 13:05:00 last processed bar 2017-04-27 13:00:00
FCH: Warning! 596 bars requested 62 bars returned.
start_idx [(19, Timestamp('2017-04-27 09:35:00'))]
start_ema 2017-04-27 08:00:00 start_vwap 2017-04-27 09:35:00 last_bar 2017-04-27 13:05:00 Writing to ./data/FCH_livesignals_20170427_09_40_51.csv ./data/FCH_last.csv
ET:  0.08  minutes
now 2017-04-27 13:15:00.440000 return data: last bar 2017-04-27 13:10:00 last processed bar 2017-04-27 13:05:00
FCH: Warning! 596 bars requested 63 bars returned.
start_idx [(19, Timestamp('2017-04-27 09:35:00'))]
start_ema 2017-04-27 08:00:00 start_vwap 2017-04-27 09:35:00 last_bar 2017-04-27 13:10:00 Writing to ./data/FCH_livesignals_20170427_09_40_51.csv ./data/FCH_last.csv
ET:  0.06  minutes
now 2017-04-27 13:20:00.189000 return data: last bar 2017-04-27 13:15:00 last processed bar 2017-04-27 13:10:00
FCH: Warning! 596 bars requested 64 bars returned.
start_idx [(19, Timestamp('2017-04-27 09:35:00'))]
start_ema 2017-04-27 08:00:00 start_vwap 2017-04-27 09:35:00 last_bar 2017-04-27 13:15:00 Writing to ./data/FCH_livesignals_20170427_09_40_51.csv ./data/FCH_last.csv
ET:  0.05  minutes
now 2017-04-27 13:25:00.813000 return data: last bar 2017-04-27 13:20:00 last processed bar 2017-04-27 13:15:00
FCH: Warning! 596 bars requested 65 bars returned.
start_idx [(19, Timestamp('2017-04-27 09:35:00'))]
start_ema 2017-04-27 08:00:00 start_vwap 2017-04-27 09:35:00 last_bar 2017-04-27 13:20:00 Writing to ./data/FCH_livesignals_20170427_09_40_51.csv ./data/FCH_last.csv
ET:  0.1  minutes
now 2017-04-27 13:30:01.141000 return data: last bar 2017-04-27 13:25:00 last processed bar 2017-04-27 13:20:00
FCH: Warning! 596 bars requested 66 bars returned.
start_idx [(19, Timestamp('2017-04-27 09:35:00'))]
start_ema 2017-04-27 08:00:00 start_vwap 2017-04-27 09:35:00 last_bar 2017-04-27 13:25:00 Writing to ./data/FCH_livesignals_20170427_09_40_51.csv ./data/FCH_last.csv
ET:  0.05  minutes
now 2017-04-27 13:35:00.240000 return data: last bar 2017-04-27 13:30:00 last processed bar 2017-04-27 13:25:00
FCH: Warning! 596 bars requested 67 bars returned.
start_idx [(19, Timestamp('2017-04-27 09:35:00'))]
start_ema 2017-04-27 08:00:00 start_vwap 2017-04-27 09:35:00 last_bar 2017-04-27 13:30:00 Writing to ./data/FCH_livesignals_20170427_09_40_51.csv ./data/FCH_last.csv
ET:  0.07  minutes
now 2017-04-27 13:40:00.142000 return data: last bar 2017-04-27 13:35:00 last processed bar 2017-04-27 13:30:00
FCH: Warning! 596 bars requested 68 bars returned.
start_idx [(19, Timestamp('2017-04-27 09:35:00'))]
start_ema 2017-04-27 08:00:00 start_vwap 2017-04-27 09:35:00 last_bar 2017-04-27 13:35:00 Writing to ./data/FCH_livesignals_20170427_09_40_51.csv ./data/FCH_last.csv
ET:  0.06  minutes
now 2017-04-27 13:45:01.210000 return data: last bar 2017-04-27 13:40:00 last processed bar 2017-04-27 13:35:00
FCH: Warning! 596 bars requested 69 bars returned.
start_idx [(19, Timestamp('2017-04-27 09:35:00'))]
start_ema 2017-04-27 08:00:00 start_vwap 2017-04-27 09:35:00 last_bar 2017-04-27 13:40:00 Writing to ./data/FCH_livesignals_20170427_09_40_51.csv ./data/FCH_last.csv
ET:  0.09  minutes
now 2017-04-27 13:50:01.915000 return data: last bar 2017-04-27 13:45:00 last processed bar 2017-04-27 13:40:00
FCH: Warning! 596 bars requested 70 bars returned.
start_idx [(19, Timestamp('2017-04-27 09:35:00'))]
start_ema 2017-04-27 08:00:00 start_vwap 2017-04-27 09:35:00 last_bar 2017-04-27 13:45:00 Writing to ./data/FCH_livesignals_20170427_09_40_51.csv ./data/FCH_last.csv
ET:  0.05  minutes
now 2017-04-27 13:55:01.515000 return data: last bar 2017-04-27 13:50:00 last processed bar 2017-04-27 13:45:00
FCH: Warning! 596 bars requested 71 bars returned.
start_idx [(19, Timestamp('2017-04-27 09:35:00'))]
start_ema 2017-04-27 08:00:00 start_vwap 2017-04-27 09:35:00 last_bar 2017-04-27 13:50:00 Writing to ./data/FCH_livesignals_20170427_09_40_51.csv ./data/FCH_last.csv
ET:  0.06  minutes
now 2017-04-27 14:00:01.961000 return data: last bar 2017-04-27 13:55:00 last processed bar 2017-04-27 13:50:00
FCH: Warning! 596 bars requested 72 bars returned.
start_idx [(19, Timestamp('2017-04-27 09:35:00'))]
start_ema 2017-04-27 08:00:00 start_vwap 2017-04-27 09:35:00 last_bar 2017-04-27 13:55:00 Writing to ./data/FCH_livesignals_20170427_09_40_51.csv ./data/FCH_last.csv
ET:  0.08  minutes
now 2017-04-27 14:05:01.272000 return data: last bar 2017-04-27 14:00:00 last processed bar 2017-04-27 13:55:00
FCH: Warning! 596 bars requested 73 bars returned.
start_idx [(19, Timestamp('2017-04-27 09:35:00'))]
start_ema 2017-04-27 08:00:00 start_vwap 2017-04-27 09:35:00 last_bar 2017-04-27 14:00:00 Writing to ./data/FCH_livesignals_20170427_09_40_51.csv ./data/FCH_last.csv
ET:  0.03  minutes
now 2017-04-27 14:10:01.067000 return data: last bar 2017-04-27 14:05:00 last processed bar 2017-04-27 14:00:00
FCH: Warning! 596 bars requested 74 bars returned.
start_idx [(19, Timestamp('2017-04-27 09:35:00'))]
start_ema 2017-04-27 08:00:00 start_vwap 2017-04-27 09:35:00 last_bar 2017-04-27 14:05:00 Writing to ./data/FCH_livesignals_20170427_09_40_51.csv ./data/FCH_last.csv
ET:  0.06  minutes
now 2017-04-27 14:15:00.705000 return data: last bar 2017-04-27 14:10:00 last processed bar 2017-04-27 14:05:00
FCH: Warning! 596 bars requested 75 bars returned.
start_idx [(19, Timestamp('2017-04-27 09:35:00'))]
start_ema 2017-04-27 08:00:00 start_vwap 2017-04-27 09:35:00 last_bar 2017-04-27 14:10:00 Writing to ./data/FCH_livesignals_20170427_09_40_51.csv ./data/FCH_last.csv
ET:  0.04  minutes
now 2017-04-27 14:20:00.221000 return data: last bar 2017-04-27 14:15:00 last processed bar 2017-04-27 14:10:00
FCH: Warning! 596 bars requested 76 bars returned.
start_idx [(19, Timestamp('2017-04-27 09:35:00'))]
start_ema 2017-04-27 08:00:00 start_vwap 2017-04-27 09:35:00 last_bar 2017-04-27 14:15:00 Writing to ./data/FCH_livesignals_20170427_09_40_51.csv ./data/FCH_last.csv
ET:  0.09  minutes
now 2017-04-27 14:25:01.604000 return data: last bar 2017-04-27 14:20:00 last processed bar 2017-04-27 14:15:00
FCH: Warning! 596 bars requested 77 bars returned.
start_idx [(19, Timestamp('2017-04-27 09:35:00'))]
start_ema 2017-04-27 08:00:00 start_vwap 2017-04-27 09:35:00 last_bar 2017-04-27 14:20:00 Writing to ./data/FCH_livesignals_20170427_09_40_51.csv ./data/FCH_last.csv
ET:  0.02  minutes
now 2017-04-27 14:30:01.418000 return data: last bar 2017-04-27 14:25:00 last processed bar 2017-04-27 14:20:00
FCH: Warning! 596 bars requested 78 bars returned.
start_idx [(19, Timestamp('2017-04-27 09:35:00'))]
start_ema 2017-04-27 08:00:00 start_vwap 2017-04-27 09:35:00 last_bar 2017-04-27 14:25:00 Writing to ./data/FCH_livesignals_20170427_09_40_51.csv ./data/FCH_last.csv
ET:  0.05  minutes
now 2017-04-27 14:35:00.831000 return data: last bar 2017-04-27 14:30:00 last processed bar 2017-04-27 14:25:00
FCH: Warning! 596 bars requested 79 bars returned.
start_idx [(19, Timestamp('2017-04-27 09:35:00'))]
start_ema 2017-04-27 08:00:00 start_vwap 2017-04-27 09:35:00 last_bar 2017-04-27 14:30:00 Writing to ./data/FCH_livesignals_20170427_09_40_51.csv ./data/FCH_last.csv
ET:  0.07  minutes
now 2017-04-27 14:40:01.310000 return data: last bar 2017-04-27 14:35:00 last processed bar 2017-04-27 14:30:00
FCH: Warning! 596 bars requested 80 bars returned.
start_idx [(19, Timestamp('2017-04-27 09:35:00'))]
start_ema 2017-04-27 08:00:00 start_vwap 2017-04-27 09:35:00 last_bar 2017-04-27 14:35:00 Writing to ./data/FCH_livesignals_20170427_09_40_51.csv ./data/FCH_last.csv
ET:  0.05  minutes
now 2017-04-27 14:45:00.317000 return data: last bar 2017-04-27 14:40:00 last processed bar 2017-04-27 14:35:00
FCH: Warning! 596 bars requested 81 bars returned.
start_idx [(19, Timestamp('2017-04-27 09:35:00'))]
start_ema 2017-04-27 08:00:00 start_vwap 2017-04-27 09:35:00 last_bar 2017-04-27 14:40:00 Writing to ./data/FCH_livesignals_20170427_09_40_51.csv ./data/FCH_last.csv
ET:  0.06  minutes
now 2017-04-27 14:50:02.193000 return data: last bar 2017-04-27 14:45:00 last processed bar 2017-04-27 14:40:00
FCH: Warning! 596 bars requested 82 bars returned.
start_idx [(19, Timestamp('2017-04-27 09:35:00'))]
start_ema 2017-04-27 08:00:00 start_vwap 2017-04-27 09:35:00 last_bar 2017-04-27 14:45:00 Writing to ./data/FCH_livesignals_20170427_09_40_51.csv ./data/FCH_last.csv
ET:  0.04  minutes
now 2017-04-27 14:55:01.143000 return data: last bar 2017-04-27 14:50:00 last processed bar 2017-04-27 14:45:00
FCH: Warning! 596 bars requested 83 bars returned.
start_idx [(19, Timestamp('2017-04-27 09:35:00'))]
start_ema 2017-04-27 08:00:00 start_vwap 2017-04-27 09:35:00 last_bar 2017-04-27 14:50:00 Writing to ./data/FCH_livesignals_20170427_09_40_51.csv ./data/FCH_last.csv
ET:  0.07  minutes
now 2017-04-27 15:00:01.104000 return data: last bar 2017-04-27 14:55:00 last processed bar 2017-04-27 14:50:00
FCH: Warning! 596 bars requested 84 bars returned.
start_idx [(19, Timestamp('2017-04-27 09:35:00'))]
start_ema 2017-04-27 08:00:00 start_vwap 2017-04-27 09:35:00 last_bar 2017-04-27 14:55:00 Writing to ./data/FCH_livesignals_20170427_09_40_51.csv ./data/FCH_last.csv
ET:  0.07  minutes
now 2017-04-27 15:05:00.328000 return data: last bar 2017-04-27 15:00:00 last processed bar 2017-04-27 14:55:00
FCH: Warning! 596 bars requested 85 bars returned.
start_idx [(19, Timestamp('2017-04-27 09:35:00'))]
start_ema 2017-04-27 08:00:00 start_vwap 2017-04-27 09:35:00 last_bar 2017-04-27 15:00:00 Writing to ./data/FCH_livesignals_20170427_09_40_51.csv ./data/FCH_last.csv
ET:  0.07  minutes
now 2017-04-27 15:10:02.132000 return data: last bar 2017-04-27 15:05:00 last processed bar 2017-04-27 15:00:00
FCH: Warning! 596 bars requested 86 bars returned.
start_idx [(19, Timestamp('2017-04-27 09:35:00'))]
start_ema 2017-04-27 08:00:00 start_vwap 2017-04-27 09:35:00 last_bar 2017-04-27 15:05:00 Writing to ./data/FCH_livesignals_20170427_09_40_51.csv ./data/FCH_last.csv
ET:  0.04  minutes
now 2017-04-27 15:15:00.719000 return data: last bar 2017-04-27 15:10:00 last processed bar 2017-04-27 15:05:00
FCH: Warning! 596 bars requested 87 bars returned.
start_idx [(19, Timestamp('2017-04-27 09:35:00'))]
start_ema 2017-04-27 08:00:00 start_vwap 2017-04-27 09:35:00 last_bar 2017-04-27 15:10:00 Writing to ./data/FCH_livesignals_20170427_09_40_51.csv ./data/FCH_last.csv
ET:  0.08  minutes
now 2017-04-27 15:20:00.304000 return data: last bar 2017-04-27 15:15:00 last processed bar 2017-04-27 15:10:00
FCH: Warning! 596 bars requested 88 bars returned.
start_idx [(19, Timestamp('2017-04-27 09:35:00'))]
start_ema 2017-04-27 08:00:00 start_vwap 2017-04-27 09:35:00 last_bar 2017-04-27 15:15:00 Writing to ./data/FCH_livesignals_20170427_09_40_51.csv ./data/FCH_last.csv
ET:  0.08  minutes
now 2017-04-27 15:25:02.128000 return data: last bar 2017-04-27 15:20:00 last processed bar 2017-04-27 15:15:00
FCH: Warning! 596 bars requested 89 bars returned.
start_idx [(19, Timestamp('2017-04-27 09:35:00'))]
start_ema 2017-04-27 08:00:00 start_vwap 2017-04-27 09:35:00 last_bar 2017-04-27 15:20:00 Writing to ./data/FCH_livesignals_20170427_09_40_51.csv ./data/FCH_last.csv
ET:  0.06  minutes
now 2017-04-27 15:30:00.811000 return data: last bar 2017-04-27 15:25:00 last processed bar 2017-04-27 15:20:00
FCH: Warning! 596 bars requested 90 bars returned.
start_idx [(19, Timestamp('2017-04-27 09:35:00'))]
start_ema 2017-04-27 08:00:00 start_vwap 2017-04-27 09:35:00 last_bar 2017-04-27 15:25:00 Writing to ./data/FCH_livesignals_20170427_09_40_51.csv ./data/FCH_last.csv
ET:  0.06  minutes
now 2017-04-27 15:35:01.491000 return data: last bar 2017-04-27 15:30:00 last processed bar 2017-04-27 15:25:00
FCH: Warning! 596 bars requested 91 bars returned.
start_idx [(19, Timestamp('2017-04-27 09:35:00'))]
start_ema 2017-04-27 08:00:00 start_vwap 2017-04-27 09:35:00 last_bar 2017-04-27 15:30:00 Writing to ./data/FCH_livesignals_20170427_09_40_51.csv ./data/FCH_last.csv
ET:  0.05  minutes
now 2017-04-27 15:40:01.024000 return data: last bar 2017-04-27 15:35:00 last processed bar 2017-04-27 15:30:00
FCH: Warning! 596 bars requested 92 bars returned.
start_idx [(19, Timestamp('2017-04-27 09:35:00'))]
start_ema 2017-04-27 08:00:00 start_vwap 2017-04-27 09:35:00 last_bar 2017-04-27 15:35:00 Writing to ./data/FCH_livesignals_20170427_09_40_51.csv ./data/FCH_last.csv
ET:  0.04  minutes
now 2017-04-27 15:45:01.475000 return data: last bar 2017-04-27 15:40:00 last processed bar 2017-04-27 15:35:00
FCH: Warning! 596 bars requested 93 bars returned.
start_idx [(19, Timestamp('2017-04-27 09:35:00'))]
start_ema 2017-04-27 08:00:00 start_vwap 2017-04-27 09:35:00 last_bar 2017-04-27 15:40:00 Writing to ./data/FCH_livesignals_20170427_09_40_51.csv ./data/FCH_last.csv
ET:  0.04  minutes
now 2017-04-27 15:50:00.961000 return data: last bar 2017-04-27 15:45:00 last processed bar 2017-04-27 15:40:00
FCH: Warning! 596 bars requested 94 bars returned.
start_idx [(19, Timestamp('2017-04-27 09:35:00'))]
start_ema 2017-04-27 08:00:00 start_vwap 2017-04-27 09:35:00 last_bar 2017-04-27 15:45:00 Writing to ./data/FCH_livesignals_20170427_09_40_51.csv ./data/FCH_last.csv
ET:  0.07  minutes
now 2017-04-27 15:55:02.045000
