return data: last bar 2017-04-27 09:35:00 last processed bar 1000-01-01 00:00:00
FCX: Warning! 596 bars requested 20 bars returned.
start_idx [(19, Timestamp('2017-04-27 09:35:00'))]
start_ema 2017-04-27 08:00:00 start_vwap 2017-04-27 09:35:00 last_bar 2017-04-27 09:35:00 ET:  0.04  minutes
now 2017-04-27 09:45:00.228000 return None: last bar 2017-04-27 09:35:00 last processed bar 2017-04-27 09:35:00
FCX getFeed did not return any data! last bar: 2017-04-27 09:35:00 now: 09:45:00.402000
now 2017-04-27 09:50:00.011000 return data: last bar 2017-04-27 09:40:00 last processed bar 2017-04-27 09:35:00
FCX: Warning! 596 bars requested 21 bars returned.
start_idx [(19, Timestamp('2017-04-27 09:35:00'))]
start_ema 2017-04-27 08:00:00 start_vwap 2017-04-27 09:35:00 last_bar 2017-04-27 09:40:00 Writing to ./data/FCX_livesignals_20170427_09_40_23.csv ./data/FCX_last.csv
ET:  0.05  minutes
now 2017-04-27 09:55:00.079000 return data: last bar 2017-04-27 09:45:00 last processed bar 2017-04-27 09:40:00
FCX: Warning! 596 bars requested 22 bars returned.
start_idx [(19, Timestamp('2017-04-27 09:35:00'))]
start_ema 2017-04-27 08:00:00 start_vwap 2017-04-27 09:35:00 last_bar 2017-04-27 09:45:00 Writing to ./data/FCX_livesignals_20170427_09_40_23.csv ./data/FCX_last.csv
ET:  0.05  minutes
now 2017-04-27 10:00:00.736000 return data: last bar 2017-04-27 09:50:00 last processed bar 2017-04-27 09:45:00
FCX: Warning! 596 bars requested 23 bars returned.
start_idx [(19, Timestamp('2017-04-27 09:35:00'))]
start_ema 2017-04-27 08:00:00 start_vwap 2017-04-27 09:35:00 last_bar 2017-04-27 09:50:00 Writing to ./data/FCX_livesignals_20170427_09_40_23.csv ./data/FCX_last.csv
ET:  0.07  minutes
now 2017-04-27 10:05:01.340000 return data: last bar 2017-04-27 09:55:00 last processed bar 2017-04-27 09:50:00
FCX: Warning! 596 bars requested 24 bars returned.
start_idx [(19, Timestamp('2017-04-27 09:35:00'))]
start_ema 2017-04-27 08:00:00 start_vwap 2017-04-27 09:35:00 last_bar 2017-04-27 09:55:00 Writing to ./data/FCX_livesignals_20170427_09_40_23.csv ./data/FCX_last.csv
ET:  0.06  minutes
now 2017-04-27 10:10:00.160000 return data: last bar 2017-04-27 10:00:00 last processed bar 2017-04-27 09:55:00
FCX: Warning! 596 bars requested 25 bars returned.
start_idx [(19, Timestamp('2017-04-27 09:35:00'))]
start_ema 2017-04-27 08:00:00 start_vwap 2017-04-27 09:35:00 last_bar 2017-04-27 10:00:00 Writing to ./data/FCX_livesignals_20170427_09_40_23.csv ./data/FCX_last.csv
ET:  0.07  minutes
now 2017-04-27 10:15:00.558000 return data: last bar 2017-04-27 10:10:00 last processed bar 2017-04-27 10:00:00
FCX: Warning! 596 bars requested 27 bars returned.
start_idx [(19, Timestamp('2017-04-27 09:35:00'))]
start_ema 2017-04-27 08:00:00 start_vwap 2017-04-27 09:35:00 last_bar 2017-04-27 10:10:00 Writing to ./data/FCX_livesignals_20170427_09_40_23.csv ./data/FCX_last.csv
ET:  0.1  minutes
now 2017-04-27 10:20:03.910000 return data: last bar 2017-04-27 10:15:00 last processed bar 2017-04-27 10:10:00
FCX: Warning! 596 bars requested 28 bars returned.
start_idx [(19, Timestamp('2017-04-27 09:35:00'))]
start_ema 2017-04-27 08:00:00 start_vwap 2017-04-27 09:35:00 last_bar 2017-04-27 10:15:00 Writing to ./data/FCX_livesignals_20170427_09_40_23.csv ./data/FCX_last.csv
ET:  0.05  minutes
now 2017-04-27 10:25:01.082000 return data: last bar 2017-04-27 10:20:00 last processed bar 2017-04-27 10:15:00
FCX: Warning! 596 bars requested 29 bars returned.
start_idx [(19, Timestamp('2017-04-27 09:35:00'))]
start_ema 2017-04-27 08:00:00 start_vwap 2017-04-27 09:35:00 last_bar 2017-04-27 10:20:00 Writing to ./data/FCX_livesignals_20170427_09_40_23.csv ./data/FCX_last.csv
ET:  0.1  minutes
now 2017-04-27 10:30:01.133000 return data: last bar 2017-04-27 10:25:00 last processed bar 2017-04-27 10:20:00
FCX: Warning! 596 bars requested 30 bars returned.
start_idx [(19, Timestamp('2017-04-27 09:35:00'))]
start_ema 2017-04-27 08:00:00 start_vwap 2017-04-27 09:35:00 last_bar 2017-04-27 10:25:00 Writing to ./data/FCX_livesignals_20170427_09_40_23.csv ./data/FCX_last.csv
ET:  0.06  minutes
now 2017-04-27 10:35:02.072000 return data: last bar 2017-04-27 10:30:00 last processed bar 2017-04-27 10:25:00
FCX: Warning! 596 bars requested 31 bars returned.
start_idx [(19, Timestamp('2017-04-27 09:35:00'))]
start_ema 2017-04-27 08:00:00 start_vwap 2017-04-27 09:35:00 last_bar 2017-04-27 10:30:00 Writing to ./data/FCX_livesignals_20170427_09_40_23.csv ./data/FCX_last.csv
ET:  0.06  minutes
now 2017-04-27 10:40:02.692000 return data: last bar 2017-04-27 10:35:00 last processed bar 2017-04-27 10:30:00
FCX: Warning! 596 bars requested 32 bars returned.
start_idx [(19, Timestamp('2017-04-27 09:35:00'))]
start_ema 2017-04-27 08:00:00 start_vwap 2017-04-27 09:35:00 last_bar 2017-04-27 10:35:00 Writing to ./data/FCX_livesignals_20170427_09_40_23.csv ./data/FCX_last.csv
ET:  0.05  minutes
now 2017-04-27 10:45:02.928000 return data: last bar 2017-04-27 10:40:00 last processed bar 2017-04-27 10:35:00
FCX: Warning! 596 bars requested 33 bars returned.
start_idx [(19, Timestamp('2017-04-27 09:35:00'))]
start_ema 2017-04-27 08:00:00 start_vwap 2017-04-27 09:35:00 last_bar 2017-04-27 10:40:00 Writing to ./data/FCX_livesignals_20170427_09_40_23.csv ./data/FCX_last.csv
ET:  0.07  minutes
now 2017-04-27 10:50:00.092000 return data: last bar 2017-04-27 10:45:00 last processed bar 2017-04-27 10:40:00
FCX: Warning! 596 bars requested 34 bars returned.
start_idx [(19, Timestamp('2017-04-27 09:35:00'))]
start_ema 2017-04-27 08:00:00 start_vwap 2017-04-27 09:35:00 last_bar 2017-04-27 10:45:00 Writing to ./data/FCX_livesignals_20170427_09_40_23.csv ./data/FCX_last.csv
ET:  0.1  minutes
now 2017-04-27 10:55:00.337000 return data: last bar 2017-04-27 10:50:00 last processed bar 2017-04-27 10:45:00
FCX: Warning! 596 bars requested 35 bars returned.
start_idx [(19, Timestamp('2017-04-27 09:35:00'))]
start_ema 2017-04-27 08:00:00 start_vwap 2017-04-27 09:35:00 last_bar 2017-04-27 10:50:00 Writing to ./data/FCX_livesignals_20170427_09_40_23.csv ./data/FCX_last.csv
ET:  0.06  minutes
now 2017-04-27 11:00:00.023000 return data: last bar 2017-04-27 10:55:00 last processed bar 2017-04-27 10:50:00
FCX: Warning! 596 bars requested 36 bars returned.
start_idx [(19, Timestamp('2017-04-27 09:35:00'))]
start_ema 2017-04-27 08:00:00 start_vwap 2017-04-27 09:35:00 last_bar 2017-04-27 10:55:00 Writing to ./data/FCX_livesignals_20170427_09_40_23.csv ./data/FCX_last.csv
ET:  0.06  minutes
now 2017-04-27 11:05:01.533000 return data: last bar 2017-04-27 11:05:00 last processed bar 2017-04-27 10:55:00
FCX: Warning! 596 bars requested 38 bars returned.
start_idx [(19, Timestamp('2017-04-27 09:35:00'))]
start_ema 2017-04-27 08:00:00 start_vwap 2017-04-27 09:35:00 last_bar 2017-04-27 11:05:00 Writing to ./data/FCX_livesignals_20170427_09_40_23.csv ./data/FCX_last.csv
ET:  0.08  minutes
now 2017-04-27 11:10:01.337000 return data: last bar 2017-04-27 11:10:00 last processed bar 2017-04-27 11:05:00
FCX: Warning! 596 bars requested 39 bars returned.
start_idx [(19, Timestamp('2017-04-27 09:35:00'))]
start_ema 2017-04-27 08:00:00 start_vwap 2017-04-27 09:35:00 last_bar 2017-04-27 11:10:00 Writing to ./data/FCX_livesignals_20170427_09_40_23.csv ./data/FCX_last.csv
ET:  0.1  minutes
now 2017-04-27 11:15:00.100000 return None: last bar 2017-04-27 11:10:00 last processed bar 2017-04-27 11:10:00
FCX getFeed did not return any data! last bar: 2017-04-27 11:10:00 now: 11:15:00.268000
now 2017-04-27 11:20:00.080000 return data: last bar 2017-04-27 11:15:00 last processed bar 2017-04-27 11:10:00
FCX: Warning! 596 bars requested 40 bars returned.
start_idx [(19, Timestamp('2017-04-27 09:35:00'))]
start_ema 2017-04-27 08:00:00 start_vwap 2017-04-27 09:35:00 last_bar 2017-04-27 11:15:00 Writing to ./data/FCX_livesignals_20170427_09_40_23.csv ./data/FCX_last.csv
ET:  0.11  minutes
now 2017-04-27 11:25:01.003000 return data: last bar 2017-04-27 11:25:00 last processed bar 2017-04-27 11:15:00
FCX: Warning! 596 bars requested 42 bars returned.
start_idx [(19, Timestamp('2017-04-27 09:35:00'))]
start_ema 2017-04-27 08:00:00 start_vwap 2017-04-27 09:35:00 last_bar 2017-04-27 11:25:00 Writing to ./data/FCX_livesignals_20170427_09_40_23.csv ./data/FCX_last.csv
ET:  0.09  minutes
now 2017-04-27 11:30:01.221000 return None: last bar 2017-04-27 11:25:00 last processed bar 2017-04-27 11:25:00
FCX getFeed did not return any data! last bar: 2017-04-27 11:25:00 now: 11:30:01.500000
now 2017-04-27 11:35:00.259000 return data: last bar 2017-04-27 11:35:00 last processed bar 2017-04-27 11:25:00
FCX: Warning! 596 bars requested 44 bars returned.
start_idx [(19, Timestamp('2017-04-27 09:35:00'))]
start_ema 2017-04-27 08:00:00 start_vwap 2017-04-27 09:35:00 last_bar 2017-04-27 11:35:00 Writing to ./data/FCX_livesignals_20170427_09_40_23.csv ./data/FCX_last.csv
ET:  0.07  minutes
now 2017-04-27 11:40:00.639000 return None: last bar 2017-04-27 11:35:00 last processed bar 2017-04-27 11:35:00
FCX getFeed did not return any data! last bar: 2017-04-27 11:35:00 now: 11:40:00.825000
now 2017-04-27 11:45:00.266000 return data: last bar 2017-04-27 11:40:00 last processed bar 2017-04-27 11:35:00
FCX: Warning! 596 bars requested 45 bars returned.
start_idx [(19, Timestamp('2017-04-27 09:35:00'))]
start_ema 2017-04-27 08:00:00 start_vwap 2017-04-27 09:35:00 last_bar 2017-04-27 11:40:00 Writing to ./data/FCX_livesignals_20170427_09_40_23.csv ./data/FCX_last.csv
ET:  0.06  minutes
now 2017-04-27 11:50:00.635000 return data: last bar 2017-04-27 11:45:00 last processed bar 2017-04-27 11:40:00
FCX: Warning! 596 bars requested 46 bars returned.
start_idx [(19, Timestamp('2017-04-27 09:35:00'))]
start_ema 2017-04-27 08:00:00 start_vwap 2017-04-27 09:35:00 last_bar 2017-04-27 11:45:00 Writing to ./data/FCX_livesignals_20170427_09_40_23.csv ./data/FCX_last.csv
ET:  0.08  minutes
now 2017-04-27 11:55:00.268000 return data: last bar 2017-04-27 11:50:00 last processed bar 2017-04-27 11:45:00
FCX: Warning! 596 bars requested 47 bars returned.
start_idx [(19, Timestamp('2017-04-27 09:35:00'))]
start_ema 2017-04-27 08:00:00 start_vwap 2017-04-27 09:35:00 last_bar 2017-04-27 11:50:00 Writing to ./data/FCX_livesignals_20170427_09_40_23.csv ./data/FCX_last.csv
ET:  0.06  minutes
now 2017-04-27 12:00:01.238000 return data: last bar 2017-04-27 12:00:00 last processed bar 2017-04-27 11:50:00
FCX: Warning! 596 bars requested 49 bars returned.
start_idx [(19, Timestamp('2017-04-27 09:35:00'))]
start_ema 2017-04-27 08:00:00 start_vwap 2017-04-27 09:35:00 last_bar 2017-04-27 12:00:00 Writing to ./data/FCX_livesignals_20170427_09_40_23.csv ./data/FCX_last.csv
ET:  0.08  minutes
now 2017-04-27 12:05:00.209000 return data: last bar 2017-04-27 12:05:00 last processed bar 2017-04-27 12:00:00
FCX: Warning! 596 bars requested 50 bars returned.
start_idx [(19, Timestamp('2017-04-27 09:35:00'))]
start_ema 2017-04-27 08:00:00 start_vwap 2017-04-27 09:35:00 last_bar 2017-04-27 12:05:00 Writing to ./data/FCX_livesignals_20170427_09_40_23.csv ./data/FCX_last.csv
ET:  0.07  minutes
now 2017-04-27 12:10:00.133000 return None: last bar 2017-04-27 12:05:00 last processed bar 2017-04-27 12:05:00
FCX getFeed did not return any data! last bar: 2017-04-27 12:05:00 now: 12:10:00.392000
now 2017-04-27 12:15:00.822000 return data: last bar 2017-04-27 12:15:00 last processed bar 2017-04-27 12:05:00
FCX: Warning! 596 bars requested 52 bars returned.
start_idx [(19, Timestamp('2017-04-27 09:35:00'))]
start_ema 2017-04-27 08:00:00 start_vwap 2017-04-27 09:35:00 last_bar 2017-04-27 12:15:00 Writing to ./data/FCX_livesignals_20170427_09_40_23.csv ./data/FCX_last.csv
ET:  0.06  minutes
now 2017-04-27 12:20:01.071000 return data: last bar 2017-04-27 12:20:00 last processed bar 2017-04-27 12:15:00
FCX: Warning! 596 bars requested 53 bars returned.
start_idx [(19, Timestamp('2017-04-27 09:35:00'))]
start_ema 2017-04-27 08:00:00 start_vwap 2017-04-27 09:35:00 last_bar 2017-04-27 12:20:00 Writing to ./data/FCX_livesignals_20170427_09_40_23.csv ./data/FCX_last.csv
ET:  0.08  minutes
now 2017-04-27 12:25:01.134000 return None: last bar 2017-04-27 12:20:00 last processed bar 2017-04-27 12:20:00
FCX getFeed did not return any data! last bar: 2017-04-27 12:20:00 now: 12:25:01.303000
now 2017-04-27 12:30:00.108000 return data: last bar 2017-04-27 12:25:00 last processed bar 2017-04-27 12:20:00
FCX: Warning! 596 bars requested 54 bars returned.
start_idx [(19, Timestamp('2017-04-27 09:35:00'))]
start_ema 2017-04-27 08:00:00 start_vwap 2017-04-27 09:35:00 last_bar 2017-04-27 12:25:00 Writing to ./data/FCX_livesignals_20170427_09_40_23.csv ./data/FCX_last.csv
ET:  0.06  minutes
now 2017-04-27 12:35:01.143000 return data: last bar 2017-04-27 12:30:00 last processed bar 2017-04-27 12:25:00
FCX: Warning! 596 bars requested 55 bars returned.
start_idx [(19, Timestamp('2017-04-27 09:35:00'))]
start_ema 2017-04-27 08:00:00 start_vwap 2017-04-27 09:35:00 last_bar 2017-04-27 12:30:00 Writing to ./data/FCX_livesignals_20170427_09_40_23.csv ./data/FCX_last.csv
ET:  0.07  minutes
now 2017-04-27 12:40:00.318000 return data: last bar 2017-04-27 12:40:00 last processed bar 2017-04-27 12:30:00
FCX: Warning! 596 bars requested 57 bars returned.
start_idx [(19, Timestamp('2017-04-27 09:35:00'))]
start_ema 2017-04-27 08:00:00 start_vwap 2017-04-27 09:35:00 last_bar 2017-04-27 12:40:00 Writing to ./data/FCX_livesignals_20170427_09_40_23.csv ./data/FCX_last.csv
ET:  0.08  minutes
now 2017-04-27 12:45:00.031000 return None: last bar 2017-04-27 12:40:00 last processed bar 2017-04-27 12:40:00
FCX getFeed did not return any data! last bar: 2017-04-27 12:40:00 now: 12:45:00.108000
now 2017-04-27 12:50:00.199000 return data: last bar 2017-04-27 12:50:00 last processed bar 2017-04-27 12:40:00
FCX: Warning! 596 bars requested 59 bars returned.
start_idx [(19, Timestamp('2017-04-27 09:35:00'))]
start_ema 2017-04-27 08:00:00 start_vwap 2017-04-27 09:35:00 last_bar 2017-04-27 12:50:00 Writing to ./data/FCX_livesignals_20170427_09_40_23.csv ./data/FCX_last.csv
ET:  0.05  minutes
now 2017-04-27 12:55:00.496000 return None: last bar 2017-04-27 12:50:00 last processed bar 2017-04-27 12:50:00
FCX getFeed did not return any data! last bar: 2017-04-27 12:50:00 now: 12:55:01.348000
now 2017-04-27 13:00:00.363000 return data: last bar 2017-04-27 12:55:00 last processed bar 2017-04-27 12:50:00
FCX: Warning! 596 bars requested 60 bars returned.
start_idx [(19, Timestamp('2017-04-27 09:35:00'))]
start_ema 2017-04-27 08:00:00 start_vwap 2017-04-27 09:35:00 last_bar 2017-04-27 12:55:00 Writing to ./data/FCX_livesignals_20170427_09_40_23.csv ./data/FCX_last.csv
ET:  0.07  minutes
now 2017-04-27 13:05:01.248000 return data: last bar 2017-04-27 13:05:00 last processed bar 2017-04-27 12:55:00
FCX: Warning! 596 bars requested 62 bars returned.
start_idx [(19, Timestamp('2017-04-27 09:35:00'))]
start_ema 2017-04-27 08:00:00 start_vwap 2017-04-27 09:35:00 last_bar 2017-04-27 13:05:00 Writing to ./data/FCX_livesignals_20170427_09_40_23.csv ./data/FCX_last.csv
ET:  0.07  minutes
now 2017-04-27 13:10:00.467000 return None: last bar 2017-04-27 13:05:00 last processed bar 2017-04-27 13:05:00
FCX getFeed did not return any data! last bar: 2017-04-27 13:05:00 now: 13:10:01.009000
now 2017-04-27 13:15:00.460000 return data: last bar 2017-04-27 13:15:00 last processed bar 2017-04-27 13:05:00
FCX: Warning! 596 bars requested 64 bars returned.
start_idx [(19, Timestamp('2017-04-27 09:35:00'))]
start_ema 2017-04-27 08:00:00 start_vwap 2017-04-27 09:35:00 last_bar 2017-04-27 13:15:00 Writing to ./data/FCX_livesignals_20170427_09_40_23.csv ./data/FCX_last.csv
ET:  0.06  minutes
now 2017-04-27 13:20:02.166000 return data: last bar 2017-04-27 13:20:00 last processed bar 2017-04-27 13:15:00
FCX: Warning! 596 bars requested 65 bars returned.
start_idx [(19, Timestamp('2017-04-27 09:35:00'))]
start_ema 2017-04-27 08:00:00 start_vwap 2017-04-27 09:35:00 last_bar 2017-04-27 13:20:00 Writing to ./data/FCX_livesignals_20170427_09_40_23.csv ./data/FCX_last.csv
ET:  0.05  minutes
now 2017-04-27 13:25:01.282000 return data: last bar 2017-04-27 13:25:00 last processed bar 2017-04-27 13:20:00
FCX: Warning! 596 bars requested 66 bars returned.
start_idx [(19, Timestamp('2017-04-27 09:35:00'))]
start_ema 2017-04-27 08:00:00 start_vwap 2017-04-27 09:35:00 last_bar 2017-04-27 13:25:00 Writing to ./data/FCX_livesignals_20170427_09_40_23.csv ./data/FCX_last.csv
ET:  0.09  minutes
now 2017-04-27 13:30:00.434000 return data: last bar 2017-04-27 13:30:00 last processed bar 2017-04-27 13:25:00
FCX: Warning! 596 bars requested 67 bars returned.
start_idx [(19, Timestamp('2017-04-27 09:35:00'))]
start_ema 2017-04-27 08:00:00 start_vwap 2017-04-27 09:35:00 last_bar 2017-04-27 13:30:00 Writing to ./data/FCX_livesignals_20170427_09_40_23.csv ./data/FCX_last.csv
ET:  0.05  minutes
now 2017-04-27 13:35:00.828000 return None: last bar 2017-04-27 13:30:00 last processed bar 2017-04-27 13:30:00
FCX getFeed did not return any data! last bar: 2017-04-27 13:30:00 now: 13:35:01.331000
now 2017-04-27 13:40:00.257000 return data: last bar 2017-04-27 13:40:00 last processed bar 2017-04-27 13:30:00
FCX: Warning! 596 bars requested 69 bars returned.
start_idx [(19, Timestamp('2017-04-27 09:35:00'))]
start_ema 2017-04-27 08:00:00 start_vwap 2017-04-27 09:35:00 last_bar 2017-04-27 13:40:00 Writing to ./data/FCX_livesignals_20170427_09_40_23.csv ./data/FCX_last.csv
ET:  0.07  minutes
now 2017-04-27 13:45:00.528000 return data: last bar 2017-04-27 13:45:00 last processed bar 2017-04-27 13:40:00
FCX: Warning! 596 bars requested 70 bars returned.
start_idx [(19, Timestamp('2017-04-27 09:35:00'))]
start_ema 2017-04-27 08:00:00 start_vwap 2017-04-27 09:35:00 last_bar 2017-04-27 13:45:00 Writing to ./data/FCX_livesignals_20170427_09_40_23.csv ./data/FCX_last.csv
ET:  0.07  minutes
now 2017-04-27 13:50:02.192000 return data: last bar 2017-04-27 13:50:00 last processed bar 2017-04-27 13:45:00
FCX: Warning! 596 bars requested 71 bars returned.
start_idx [(19, Timestamp('2017-04-27 09:35:00'))]
start_ema 2017-04-27 08:00:00 start_vwap 2017-04-27 09:35:00 last_bar 2017-04-27 13:50:00 Writing to ./data/FCX_livesignals_20170427_09_40_23.csv ./data/FCX_last.csv
ET:  0.07  minutes
now 2017-04-27 13:55:01.259000 return data: last bar 2017-04-27 13:55:00 last processed bar 2017-04-27 13:50:00
FCX: Warning! 596 bars requested 72 bars returned.
start_idx [(19, Timestamp('2017-04-27 09:35:00'))]
start_ema 2017-04-27 08:00:00 start_vwap 2017-04-27 09:35:00 last_bar 2017-04-27 13:55:00 Writing to ./data/FCX_livesignals_20170427_09_40_23.csv ./data/FCX_last.csv
ET:  0.06  minutes
now 2017-04-27 14:00:01.522000 return data: last bar 2017-04-27 14:00:00 last processed bar 2017-04-27 13:55:00
FCX: Warning! 596 bars requested 73 bars returned.
start_idx [(19, Timestamp('2017-04-27 09:35:00'))]
start_ema 2017-04-27 08:00:00 start_vwap 2017-04-27 09:35:00 last_bar 2017-04-27 14:00:00 Writing to ./data/FCX_livesignals_20170427_09_40_23.csv ./data/FCX_last.csv
ET:  0.07  minutes
now 2017-04-27 14:05:01.850000 return data: last bar 2017-04-27 14:05:00 last processed bar 2017-04-27 14:00:00
FCX: Warning! 596 bars requested 74 bars returned.
start_idx [(19, Timestamp('2017-04-27 09:35:00'))]
start_ema 2017-04-27 08:00:00 start_vwap 2017-04-27 09:35:00 last_bar 2017-04-27 14:05:00 Writing to ./data/FCX_livesignals_20170427_09_40_23.csv ./data/FCX_last.csv
ET:  0.02  minutes
now 2017-04-27 14:10:00.029000 return data: last bar 2017-04-27 14:10:00 last processed bar 2017-04-27 14:05:00
FCX: Warning! 596 bars requested 75 bars returned.
start_idx [(19, Timestamp('2017-04-27 09:35:00'))]
start_ema 2017-04-27 08:00:00 start_vwap 2017-04-27 09:35:00 last_bar 2017-04-27 14:10:00 Writing to ./data/FCX_livesignals_20170427_09_40_23.csv ./data/FCX_last.csv
ET:  0.03  minutes
now 2017-04-27 14:15:00.143000 return data: last bar 2017-04-27 14:15:00 last processed bar 2017-04-27 14:10:00
FCX: Warning! 596 bars requested 76 bars returned.
start_idx [(19, Timestamp('2017-04-27 09:35:00'))]
start_ema 2017-04-27 08:00:00 start_vwap 2017-04-27 09:35:00 last_bar 2017-04-27 14:15:00 Writing to ./data/FCX_livesignals_20170427_09_40_23.csv ./data/FCX_last.csv
ET:  0.03  minutes
now 2017-04-27 14:20:00.092000 return data: last bar 2017-04-27 14:20:00 last processed bar 2017-04-27 14:15:00
FCX: Warning! 596 bars requested 77 bars returned.
start_idx [(19, Timestamp('2017-04-27 09:35:00'))]
start_ema 2017-04-27 08:00:00 start_vwap 2017-04-27 09:35:00 last_bar 2017-04-27 14:20:00 Writing to ./data/FCX_livesignals_20170427_09_40_23.csv ./data/FCX_last.csv
ET:  0.07  minutes
now 2017-04-27 14:25:00.070000 return None: last bar 2017-04-27 14:20:00 last processed bar 2017-04-27 14:20:00
FCX getFeed did not return any data! last bar: 2017-04-27 14:20:00 now: 14:25:00.178000
now 2017-04-27 14:30:00.633000 return data: last bar 2017-04-27 14:30:00 last processed bar 2017-04-27 14:20:00
FCX: Warning! 596 bars requested 79 bars returned.
start_idx [(19, Timestamp('2017-04-27 09:35:00'))]
start_ema 2017-04-27 08:00:00 start_vwap 2017-04-27 09:35:00 last_bar 2017-04-27 14:30:00 Writing to ./data/FCX_livesignals_20170427_09_40_23.csv ./data/FCX_last.csv
ET:  0.06  minutes
now 2017-04-27 14:35:00.206000 return data: last bar 2017-04-27 14:35:00 last processed bar 2017-04-27 14:30:00
FCX: Warning! 596 bars requested 80 bars returned.
start_idx [(19, Timestamp('2017-04-27 09:35:00'))]
start_ema 2017-04-27 08:00:00 start_vwap 2017-04-27 09:35:00 last_bar 2017-04-27 14:35:00 Writing to ./data/FCX_livesignals_20170427_09_40_23.csv ./data/FCX_last.csv
ET:  0.07  minutes
now 2017-04-27 14:40:01.455000 return data: last bar 2017-04-27 14:40:00 last processed bar 2017-04-27 14:35:00
FCX: Warning! 596 bars requested 81 bars returned.
start_idx [(19, Timestamp('2017-04-27 09:35:00'))]
start_ema 2017-04-27 08:00:00 start_vwap 2017-04-27 09:35:00 last_bar 2017-04-27 14:40:00 Writing to ./data/FCX_livesignals_20170427_09_40_23.csv ./data/FCX_last.csv
ET:  0.05  minutes
now 2017-04-27 14:45:01.942000 return data: last bar 2017-04-27 14:45:00 last processed bar 2017-04-27 14:40:00
FCX: Warning! 596 bars requested 82 bars returned.
start_idx [(19, Timestamp('2017-04-27 09:35:00'))]
start_ema 2017-04-27 08:00:00 start_vwap 2017-04-27 09:35:00 last_bar 2017-04-27 14:45:00 Writing to ./data/FCX_livesignals_20170427_09_40_23.csv ./data/FCX_last.csv
ET:  0.06  minutes
now 2017-04-27 14:50:02.181000 return data: last bar 2017-04-27 14:50:00 last processed bar 2017-04-27 14:45:00
FCX: Warning! 596 bars requested 83 bars returned.
start_idx [(19, Timestamp('2017-04-27 09:35:00'))]
start_ema 2017-04-27 08:00:00 start_vwap 2017-04-27 09:35:00 last_bar 2017-04-27 14:50:00 Writing to ./data/FCX_livesignals_20170427_09_40_23.csv ./data/FCX_last.csv
ET:  0.02  minutes
now 2017-04-27 14:55:00.482000 return data: last bar 2017-04-27 14:55:00 last processed bar 2017-04-27 14:50:00
FCX: Warning! 596 bars requested 84 bars returned.
start_idx [(19, Timestamp('2017-04-27 09:35:00'))]
start_ema 2017-04-27 08:00:00 start_vwap 2017-04-27 09:35:00 last_bar 2017-04-27 14:55:00 Writing to ./data/FCX_livesignals_20170427_09_40_23.csv ./data/FCX_last.csv
ET:  0.05  minutes
now 2017-04-27 15:00:00.265000 return None: last bar 2017-04-27 14:55:00 last processed bar 2017-04-27 14:55:00
FCX getFeed did not return any data! last bar: 2017-04-27 14:55:00 now: 15:00:00.507000
now 2017-04-27 15:05:01.361000 return data: last bar 2017-04-27 15:05:00 last processed bar 2017-04-27 14:55:00
FCX: Warning! 596 bars requested 86 bars returned.
start_idx [(19, Timestamp('2017-04-27 09:35:00'))]
start_ema 2017-04-27 08:00:00 start_vwap 2017-04-27 09:35:00 last_bar 2017-04-27 15:05:00 Writing to ./data/FCX_livesignals_20170427_09_40_23.csv ./data/FCX_last.csv
ET:  0.08  minutes
now 2017-04-27 15:10:00.381000 return None: last bar 2017-04-27 15:05:00 last processed bar 2017-04-27 15:05:00
FCX getFeed did not return any data! last bar: 2017-04-27 15:05:00 now: 15:10:00.508000
now 2017-04-27 15:15:00.754000 return data: last bar 2017-04-27 15:15:00 last processed bar 2017-04-27 15:05:00
FCX: Warning! 596 bars requested 88 bars returned.
start_idx [(19, Timestamp('2017-04-27 09:35:00'))]
start_ema 2017-04-27 08:00:00 start_vwap 2017-04-27 09:35:00 last_bar 2017-04-27 15:15:00 Writing to ./data/FCX_livesignals_20170427_09_40_23.csv ./data/FCX_last.csv
ET:  0.07  minutes
now 2017-04-27 15:20:01.984000 return data: last bar 2017-04-27 15:20:00 last processed bar 2017-04-27 15:15:00
FCX: Warning! 596 bars requested 89 bars returned.
start_idx [(19, Timestamp('2017-04-27 09:35:00'))]
start_ema 2017-04-27 08:00:00 start_vwap 2017-04-27 09:35:00 last_bar 2017-04-27 15:20:00 Writing to ./data/FCX_livesignals_20170427_09_40_23.csv ./data/FCX_last.csv
ET:  0.07  minutes
now 2017-04-27 15:25:02.489000 return data: last bar 2017-04-27 15:25:00 last processed bar 2017-04-27 15:20:00
FCX: Warning! 596 bars requested 90 bars returned.
start_idx [(19, Timestamp('2017-04-27 09:35:00'))]
start_ema 2017-04-27 08:00:00 start_vwap 2017-04-27 09:35:00 last_bar 2017-04-27 15:25:00 Writing to ./data/FCX_livesignals_20170427_09_40_23.csv ./data/FCX_last.csv
ET:  0.04  minutes
now 2017-04-27 15:30:01.759000 return None: last bar 2017-04-27 15:25:00 last processed bar 2017-04-27 15:25:00
FCX getFeed did not return any data! last bar: 2017-04-27 15:25:00 now: 15:30:01.869000
now 2017-04-27 15:35:00.355000 return data: last bar 2017-04-27 15:30:00 last processed bar 2017-04-27 15:25:00
FCX: Warning! 596 bars requested 91 bars returned.
start_idx [(19, Timestamp('2017-04-27 09:35:00'))]
start_ema 2017-04-27 08:00:00 start_vwap 2017-04-27 09:35:00 last_bar 2017-04-27 15:30:00 Writing to ./data/FCX_livesignals_20170427_09_40_23.csv ./data/FCX_last.csv
ET:  0.04  minutes
now 2017-04-27 15:40:03.851000 return data: last bar 2017-04-27 15:40:00 last processed bar 2017-04-27 15:30:00
FCX: Warning! 596 bars requested 93 bars returned.
start_idx [(19, Timestamp('2017-04-27 09:35:00'))]
start_ema 2017-04-27 08:00:00 start_vwap 2017-04-27 09:35:00 last_bar 2017-04-27 15:40:00 Writing to ./data/FCX_livesignals_20170427_09_40_23.csv ./data/FCX_last.csv
ET:  0.04  minutes
now 2017-04-27 15:45:00.558000 return data: last bar 2017-04-27 15:45:00 last processed bar 2017-04-27 15:40:00
FCX: Warning! 596 bars requested 94 bars returned.
start_idx [(19, Timestamp('2017-04-27 09:35:00'))]
start_ema 2017-04-27 08:00:00 start_vwap 2017-04-27 09:35:00 last_bar 2017-04-27 15:45:00 Writing to ./data/FCX_livesignals_20170427_09_40_23.csv ./data/FCX_last.csv
ET:  0.06  minutes
now 2017-04-27 15:50:00.964000 return data: last bar 2017-04-27 15:50:00 last processed bar 2017-04-27 15:45:00
FCX: Warning! 596 bars requested 95 bars returned.
start_idx [(19, Timestamp('2017-04-27 09:35:00'))]
start_ema 2017-04-27 08:00:00 start_vwap 2017-04-27 09:35:00 last_bar 2017-04-27 15:50:00 Writing to ./data/FCX_livesignals_20170427_09_40_23.csv ./data/FCX_last.csv
ET:  0.07  minutes
now 2017-04-27 15:55:01.930000
