return data: last bar 2017-04-21 09:45:00 last processed bar 1000-01-01 00:00:00
596 bars requested 596 bars returned
start_idx [(593, Timestamp('2017-04-21 09:35:00'))]
start_ema 2017-04-19 15:15:00 start_vwap 2017-04-21 09:35:00 last_bar 2017-04-21 09:45:00 ET:  0.06  minutes
now 2017-04-21 09:50:00.364000 return None: last bar 2017-04-21 09:45:00 last processed bar 2017-04-21 09:45:00
FMSA getFeed did not return any data! last bar: 2017-04-21 09:45:00 now: 09:50:01.613000
now 2017-04-21 09:55:00.931000 return data: last bar 2017-04-21 09:50:00 last processed bar 2017-04-21 09:45:00
596 bars requested 596 bars returned
start_idx [(592, Timestamp('2017-04-21 09:35:00'))]
start_ema 2017-04-19 15:15:00 start_vwap 2017-04-21 09:35:00 last_bar 2017-04-21 09:50:00 Writing to ./data/FMSA_livesignals_20170421_09_46_10.csv ./data/FMSA_last.csv
ET:  0.16  minutes
now 2017-04-21 10:00:00.469000 return data: last bar 2017-04-21 09:55:00 last processed bar 2017-04-21 09:50:00
596 bars requested 596 bars returned
start_idx [(591, Timestamp('2017-04-21 09:35:00'))]
start_ema 2017-04-19 15:15:00 start_vwap 2017-04-21 09:35:00 last_bar 2017-04-21 09:55:00 Writing to ./data/FMSA_livesignals_20170421_09_46_10.csv ./data/FMSA_last.csv
ET:  0.18  minutes
now 2017-04-21 10:05:00.927000 return data: last bar 2017-04-21 10:00:00 last processed bar 2017-04-21 09:55:00
596 bars requested 596 bars returned
start_idx [(590, Timestamp('2017-04-21 09:35:00'))]
start_ema 2017-04-19 15:15:00 start_vwap 2017-04-21 09:35:00 last_bar 2017-04-21 10:00:00 Writing to ./data/FMSA_livesignals_20170421_09_46_10.csv ./data/FMSA_last.csv
ET:  0.18  minutes
now 2017-04-21 10:10:00.980000 return data: last bar 2017-04-21 10:05:00 last processed bar 2017-04-21 10:00:00
596 bars requested 596 bars returned
start_idx [(589, Timestamp('2017-04-21 09:35:00'))]
start_ema 2017-04-20 15:20:00 start_vwap 2017-04-21 09:35:00 last_bar 2017-04-21 10:05:00 Writing to ./data/FMSA_livesignals_20170421_09_46_10.csv ./data/FMSA_last.csv
ET:  0.19  minutes
now 2017-04-21 10:15:00.643000 return data: last bar 2017-04-21 10:10:00 last processed bar 2017-04-21 10:05:00
596 bars requested 596 bars returned
start_idx [(588, Timestamp('2017-04-21 09:35:00'))]
start_ema 2017-04-20 15:20:00 start_vwap 2017-04-21 09:35:00 last_bar 2017-04-21 10:10:00 Writing to ./data/FMSA_livesignals_20170421_09_46_10.csv ./data/FMSA_last.csv
ET:  0.22  minutes
now 2017-04-21 10:20:00.764000 return data: last bar 2017-04-21 10:15:00 last processed bar 2017-04-21 10:10:00
596 bars requested 596 bars returned
start_idx [(587, Timestamp('2017-04-21 09:35:00'))]
start_ema 2017-04-20 15:20:00 start_vwap 2017-04-21 09:35:00 last_bar 2017-04-21 10:15:00 Writing to ./data/FMSA_livesignals_20170421_09_46_10.csv ./data/FMSA_last.csv
ET:  0.19  minutes
now 2017-04-21 10:25:00.093000 return data: last bar 2017-04-21 10:25:00 last processed bar 2017-04-21 10:15:00
596 bars requested 596 bars returned
start_idx [(585, Timestamp('2017-04-21 09:35:00'))]
start_ema 2017-04-20 15:20:00 start_vwap 2017-04-21 09:35:00 last_bar 2017-04-21 10:25:00 Writing to ./data/FMSA_livesignals_20170421_09_46_10.csv ./data/FMSA_last.csv
ET:  0.17  minutes
now 2017-04-21 10:30:00.755000 return data: last bar 2017-04-21 10:30:00 last processed bar 2017-04-21 10:25:00
596 bars requested 596 bars returned
start_idx [(584, Timestamp('2017-04-21 09:35:00'))]
start_ema 2017-04-20 15:20:00 start_vwap 2017-04-21 09:35:00 last_bar 2017-04-21 10:30:00 Writing to ./data/FMSA_livesignals_20170421_09_46_10.csv ./data/FMSA_last.csv
ET:  0.2  minutes
now 2017-04-21 10:35:00.032000 return data: last bar 2017-04-21 10:35:00 last processed bar 2017-04-21 10:30:00
596 bars requested 596 bars returned
start_idx [(583, Timestamp('2017-04-21 09:35:00'))]
start_ema 2017-04-20 15:20:00 start_vwap 2017-04-21 09:35:00 last_bar 2017-04-21 10:35:00 Writing to ./data/FMSA_livesignals_20170421_09_46_10.csv ./data/FMSA_last.csv
ET:  0.04  minutes
now 2017-04-21 10:40:00.269000 return data: last bar 2017-04-21 10:40:00 last processed bar 2017-04-21 10:35:00
596 bars requested 596 bars returned
start_idx [(582, Timestamp('2017-04-21 09:35:00'))]
start_ema 2017-04-20 15:20:00 start_vwap 2017-04-21 09:35:00 last_bar 2017-04-21 10:40:00 Writing to ./data/FMSA_livesignals_20170421_09_46_10.csv ./data/FMSA_last.csv
ET:  0.2  minutes
now 2017-04-21 10:45:00.197000 return data: last bar 2017-04-21 10:45:00 last processed bar 2017-04-21 10:40:00
596 bars requested 596 bars returned
start_idx [(581, Timestamp('2017-04-21 09:35:00'))]
start_ema 2017-04-20 15:20:00 start_vwap 2017-04-21 09:35:00 last_bar 2017-04-21 10:45:00 Writing to ./data/FMSA_livesignals_20170421_09_46_10.csv ./data/FMSA_last.csv
ET:  0.1  minutes
now 2017-04-21 10:50:00.061000 return data: last bar 2017-04-21 10:50:00 last processed bar 2017-04-21 10:45:00
596 bars requested 596 bars returned
start_idx [(580, Timestamp('2017-04-21 09:35:00'))]
start_ema 2017-04-20 15:20:00 start_vwap 2017-04-21 09:35:00 last_bar 2017-04-21 10:50:00 Writing to ./data/FMSA_livesignals_20170421_09_46_10.csv ./data/FMSA_last.csv
ET:  0.09  minutes
now 2017-04-21 10:55:03.679000 return data: last bar 2017-04-21 10:55:00 last processed bar 2017-04-21 10:50:00
596 bars requested 596 bars returned
start_idx [(579, Timestamp('2017-04-21 09:35:00'))]
start_ema 2017-04-20 15:20:00 start_vwap 2017-04-21 09:35:00 last_bar 2017-04-21 10:55:00 Writing to ./data/FMSA_livesignals_20170421_09_46_10.csv ./data/FMSA_last.csv
ET:  0.14  minutes
now 2017-04-21 11:00:01.082000 return data: last bar 2017-04-21 11:00:00 last processed bar 2017-04-21 10:55:00
596 bars requested 596 bars returned
start_idx [(578, Timestamp('2017-04-21 09:35:00'))]
start_ema 2017-04-20 15:20:00 start_vwap 2017-04-21 09:35:00 last_bar 2017-04-21 11:00:00 Writing to ./data/FMSA_livesignals_20170421_09_46_10.csv ./data/FMSA_last.csv
ET:  0.13  minutes
now 2017-04-21 11:05:00.970000 return data: last bar 2017-04-21 11:05:00 last processed bar 2017-04-21 11:00:00
596 bars requested 596 bars returned
start_idx [(577, Timestamp('2017-04-21 09:35:00'))]
start_ema 2017-04-20 15:20:00 start_vwap 2017-04-21 09:35:00 last_bar 2017-04-21 11:05:00 Writing to ./data/FMSA_livesignals_20170421_09_46_10.csv ./data/FMSA_last.csv
ET:  0.16  minutes
now 2017-04-21 11:10:01.247000 return data: last bar 2017-04-21 11:10:00 last processed bar 2017-04-21 11:05:00
596 bars requested 596 bars returned
start_idx [(576, Timestamp('2017-04-21 09:35:00'))]
start_ema 2017-04-20 15:20:00 start_vwap 2017-04-21 09:35:00 last_bar 2017-04-21 11:10:00 Writing to ./data/FMSA_livesignals_20170421_09_46_10.csv ./data/FMSA_last.csv
ET:  0.08  minutes
now 2017-04-21 11:15:01.866000 return data: last bar 2017-04-21 11:15:00 last processed bar 2017-04-21 11:10:00
596 bars requested 596 bars returned
start_idx [(575, Timestamp('2017-04-21 09:35:00'))]
start_ema 2017-04-20 15:20:00 start_vwap 2017-04-21 09:35:00 last_bar 2017-04-21 11:15:00 Writing to ./data/FMSA_livesignals_20170421_09_46_10.csv ./data/FMSA_last.csv
ET:  0.14  minutes
now 2017-04-21 11:20:00.964000 return data: last bar 2017-04-21 11:20:00 last processed bar 2017-04-21 11:15:00
596 bars requested 596 bars returned
start_idx [(574, Timestamp('2017-04-21 09:35:00'))]
start_ema 2017-04-20 15:20:00 start_vwap 2017-04-21 09:35:00 last_bar 2017-04-21 11:20:00 Writing to ./data/FMSA_livesignals_20170421_09_46_10.csv ./data/FMSA_last.csv
ET:  0.16  minutes
now 2017-04-21 11:25:01.176000 return data: last bar 2017-04-21 11:25:00 last processed bar 2017-04-21 11:20:00
2 bars requested 2 bars returned
596 bars requested 22 bars returned
start_idx [(0, Timestamp('2017-04-21 09:35:00'))]
start_ema 2017-04-21 09:50:00 data.dropna() feed returned insufficient data
now 2017-04-21 11:30:00.052000 return data: last bar 2017-04-21 11:30:00 last processed bar 2017-04-21 11:25:00
2 bars requested 2 bars returned
596 bars requested 22 bars returned
start_idx [(0, Timestamp('2017-04-21 09:35:00'))]
start_ema 2017-04-21 09:50:00 data.dropna() feed returned insufficient data
now 2017-04-21 11:35:00.554000 return data: last bar 2017-04-21 11:35:00 last processed bar 2017-04-21 11:30:00
2 bars requested 2 bars returned
596 bars requested 22 bars returned
start_idx [(0, Timestamp('2017-04-21 09:35:00'))]
start_ema 2017-04-21 09:50:00 data.dropna() feed returned insufficient data
now 2017-04-21 11:40:00.790000 return data: last bar 2017-04-21 11:40:00 last processed bar 2017-04-21 11:35:00
2 bars requested 2 bars returned
596 bars requested 22 bars returned
start_idx [(0, Timestamp('2017-04-21 09:35:00'))]
start_ema 2017-04-21 09:50:00 data.dropna() feed returned insufficient data
now 2017-04-21 11:45:00.283000 return data: last bar 2017-04-21 11:45:00 last processed bar 2017-04-21 11:40:00
2 bars requested 2 bars returned
596 bars requested 22 bars returned
start_idx [(0, Timestamp('2017-04-21 09:35:00'))]
start_ema 2017-04-21 09:50:00 data.dropna() feed returned insufficient data
now 2017-04-21 11:50:00.577000 return data: last bar 2017-04-21 11:50:00 last processed bar 2017-04-21 11:45:00
2 bars requested 2 bars returned
596 bars requested 22 bars returned
start_idx [(0, Timestamp('2017-04-21 09:35:00'))]
start_ema 2017-04-21 09:50:00 data.dropna() feed returned insufficient data
now 2017-04-21 11:55:00.444000 return data: last bar 2017-04-21 11:55:00 last processed bar 2017-04-21 11:50:00
2 bars requested 2 bars returned
596 bars requested 22 bars returned
start_idx [(0, Timestamp('2017-04-21 09:35:00'))]
start_ema 2017-04-21 09:50:00 data.dropna() feed returned insufficient data
now 2017-04-21 12:00:00.590000 return data: last bar 2017-04-21 12:00:00 last processed bar 2017-04-21 11:55:00
2 bars requested 2 bars returned
596 bars requested 22 bars returned
start_idx [(0, Timestamp('2017-04-21 09:35:00'))]
start_ema 2017-04-21 09:50:00 data.dropna() feed returned insufficient data
now 2017-04-21 12:05:00.939000 return data: last bar 2017-04-21 12:05:00 last processed bar 2017-04-21 12:00:00
2 bars requested 2 bars returned
596 bars requested 22 bars returned
start_idx [(0, Timestamp('2017-04-21 09:35:00'))]
start_ema 2017-04-21 09:50:00 data.dropna() feed returned insufficient data
now 2017-04-21 12:10:00.632000 return data: last bar 2017-04-21 12:10:00 last processed bar 2017-04-21 12:05:00
2 bars requested 2 bars returned
596 bars requested 22 bars returned
start_idx [(0, Timestamp('2017-04-21 09:35:00'))]
start_ema 2017-04-21 09:50:00 data.dropna() feed returned insufficient data
now 2017-04-21 12:15:00.826000 return data: last bar 2017-04-21 12:15:00 last processed bar 2017-04-21 12:10:00
2 bars requested 2 bars returned
596 bars requested 22 bars returned
start_idx [(0, Timestamp('2017-04-21 09:35:00'))]
start_ema 2017-04-21 09:50:00 data.dropna() feed returned insufficient data
now 2017-04-21 12:20:00.395000 return data: last bar 2017-04-21 12:20:00 last processed bar 2017-04-21 12:15:00
2 bars requested 2 bars returned
596 bars requested 22 bars returned
start_idx [(0, Timestamp('2017-04-21 09:35:00'))]
start_ema 2017-04-21 09:50:00 data.dropna() feed returned insufficient data
now 2017-04-21 12:25:00.658000 return data: last bar 2017-04-21 12:25:00 last processed bar 2017-04-21 12:20:00
2 bars requested 2 bars returned
596 bars requested 22 bars returned
start_idx [(0, Timestamp('2017-04-21 09:35:00'))]
start_ema 2017-04-21 09:50:00 data.dropna() feed returned insufficient data
now 2017-04-21 12:30:00.814000 return data: last bar 2017-04-21 12:30:00 last processed bar 2017-04-21 12:25:00
2 bars requested 2 bars returned
596 bars requested 22 bars returned
start_idx [(0, Timestamp('2017-04-21 09:35:00'))]
start_ema 2017-04-21 09:50:00 data.dropna() feed returned insufficient data
now 2017-04-21 12:35:00.970000 return data: last bar 2017-04-21 12:35:00 last processed bar 2017-04-21 12:30:00
2 bars requested 2 bars returned
596 bars requested 22 bars returned
start_idx [(0, Timestamp('2017-04-21 09:35:00'))]
start_ema 2017-04-21 09:50:00 data.dropna() feed returned insufficient data
now 2017-04-21 12:40:00.409000 return data: last bar 2017-04-21 12:40:00 last processed bar 2017-04-21 12:35:00
2 bars requested 2 bars returned
596 bars requested 22 bars returned
start_idx [(0, Timestamp('2017-04-21 09:35:00'))]
start_ema 2017-04-21 09:50:00 data.dropna() feed returned insufficient data
now 2017-04-21 12:45:00.237000 return data: last bar 2017-04-21 12:45:00 last processed bar 2017-04-21 12:40:00
2 bars requested 2 bars returned
596 bars requested 22 bars returned
start_idx [(0, Timestamp('2017-04-21 09:35:00'))]
start_ema 2017-04-21 09:50:00 data.dropna() feed returned insufficient data
now 2017-04-21 12:50:00.843000 return data: last bar 2017-04-21 12:50:00 last processed bar 2017-04-21 12:45:00
2 bars requested 2 bars returned
596 bars requested 22 bars returned
start_idx [(0, Timestamp('2017-04-21 09:35:00'))]
start_ema 2017-04-21 09:50:00 data.dropna() feed returned insufficient data
now 2017-04-21 12:55:00.696000 return data: last bar 2017-04-21 12:55:00 last processed bar 2017-04-21 12:50:00
2 bars requested 2 bars returned
596 bars requested 22 bars returned
start_idx [(0, Timestamp('2017-04-21 09:35:00'))]
start_ema 2017-04-21 09:50:00 data.dropna() feed returned insufficient data
now 2017-04-21 13:00:00.859000 return data: last bar 2017-04-21 13:00:00 last processed bar 2017-04-21 12:55:00
2 bars requested 2 bars returned
596 bars requested 22 bars returned
start_idx [(0, Timestamp('2017-04-21 09:35:00'))]
start_ema 2017-04-21 09:50:00 data.dropna() feed returned insufficient data
now 2017-04-21 13:05:00.577000 return data: last bar 2017-04-21 13:05:00 last processed bar 2017-04-21 13:00:00
2 bars requested 2 bars returned
596 bars requested 22 bars returned
start_idx [(0, Timestamp('2017-04-21 09:35:00'))]
start_ema 2017-04-21 09:50:00 data.dropna() feed returned insufficient data
now 2017-04-21 13:10:00.040000 return data: last bar 2017-04-21 13:10:00 last processed bar 2017-04-21 13:05:00
2 bars requested 2 bars returned
596 bars requested 22 bars returned
start_idx [(0, Timestamp('2017-04-21 09:35:00'))]
start_ema 2017-04-21 09:50:00 data.dropna() feed returned insufficient data
now 2017-04-21 13:15:00.117000 return data: last bar 2017-04-21 13:15:00 last processed bar 2017-04-21 13:10:00
2 bars requested 2 bars returned
596 bars requested 22 bars returned
start_idx [(0, Timestamp('2017-04-21 09:35:00'))]
start_ema 2017-04-21 09:50:00 data.dropna() feed returned insufficient data
now 2017-04-21 13:20:00.470000 return data: last bar 2017-04-21 13:20:00 last processed bar 2017-04-21 13:15:00
2 bars requested 2 bars returned
596 bars requested 22 bars returned
start_idx [(0, Timestamp('2017-04-21 09:35:00'))]
start_ema 2017-04-21 09:50:00 data.dropna() feed returned insufficient data
now 2017-04-21 13:25:00.172000 return data: last bar 2017-04-21 13:25:00 last processed bar 2017-04-21 13:20:00
2 bars requested 2 bars returned
596 bars requested 22 bars returned
start_idx [(0, Timestamp('2017-04-21 09:35:00'))]
start_ema 2017-04-21 09:50:00 data.dropna() feed returned insufficient data
now 2017-04-21 13:30:00.478000 return data: last bar 2017-04-21 13:30:00 last processed bar 2017-04-21 13:25:00
2 bars requested 2 bars returned
596 bars requested 22 bars returned
start_idx [(0, Timestamp('2017-04-21 09:35:00'))]
start_ema 2017-04-21 09:50:00 data.dropna() feed returned insufficient data
now 2017-04-21 13:35:00.531000 return data: last bar 2017-04-21 13:35:00 last processed bar 2017-04-21 13:30:00
2 bars requested 2 bars returned
596 bars requested 22 bars returned
start_idx [(0, Timestamp('2017-04-21 09:35:00'))]
start_ema 2017-04-21 09:50:00 data.dropna() feed returned insufficient data
now 2017-04-21 13:40:01.010000 return data: last bar 2017-04-21 13:40:00 last processed bar 2017-04-21 13:35:00
2 bars requested 2 bars returned
596 bars requested 22 bars returned
start_idx [(0, Timestamp('2017-04-21 09:35:00'))]
start_ema 2017-04-21 09:50:00 data.dropna() feed returned insufficient data
now 2017-04-21 13:45:01.238000 return data: last bar 2017-04-21 13:45:00 last processed bar 2017-04-21 13:40:00
2 bars requested 2 bars returned
596 bars requested 22 bars returned
start_idx [(0, Timestamp('2017-04-21 09:35:00'))]
start_ema 2017-04-21 09:50:00 data.dropna() feed returned insufficient data
now 2017-04-21 13:50:01.111000 return data: last bar 2017-04-21 13:50:00 last processed bar 2017-04-21 13:45:00
2 bars requested 2 bars returned
596 bars requested 22 bars returned
start_idx [(0, Timestamp('2017-04-21 09:35:00'))]
start_ema 2017-04-21 09:50:00 data.dropna() feed returned insufficient data
now 2017-04-21 13:55:00.919000 return data: last bar 2017-04-21 13:55:00 last processed bar 2017-04-21 13:50:00
2 bars requested 2 bars returned
596 bars requested 22 bars returned
start_idx [(0, Timestamp('2017-04-21 09:35:00'))]
start_ema 2017-04-21 09:50:00 data.dropna() feed returned insufficient data
now 2017-04-21 14:00:00.942000 return data: last bar 2017-04-21 14:00:00 last processed bar 2017-04-21 13:55:00
2 bars requested 2 bars returned
596 bars requested 22 bars returned
start_idx [(0, Timestamp('2017-04-21 09:35:00'))]
start_ema 2017-04-21 09:50:00 data.dropna() feed returned insufficient data
now 2017-04-21 14:05:01.077000 return data: last bar 2017-04-21 14:05:00 last processed bar 2017-04-21 14:00:00
2 bars requested 2 bars returned
596 bars requested 22 bars returned
start_idx [(0, Timestamp('2017-04-21 09:35:00'))]
start_ema 2017-04-21 09:50:00 data.dropna() feed returned insufficient data
now 2017-04-21 14:10:01.225000 return data: last bar 2017-04-21 14:10:00 last processed bar 2017-04-21 14:05:00
2 bars requested 2 bars returned
596 bars requested 22 bars returned
start_idx [(0, Timestamp('2017-04-21 09:35:00'))]
start_ema 2017-04-21 09:50:00 data.dropna() feed returned insufficient data
now 2017-04-21 14:15:00.166000 return data: last bar 2017-04-21 14:15:00 last processed bar 2017-04-21 14:10:00
2 bars requested 2 bars returned
596 bars requested 22 bars returned
start_idx [(0, Timestamp('2017-04-21 09:35:00'))]
start_ema 2017-04-21 09:50:00 data.dropna() feed returned insufficient data
now 2017-04-21 14:20:00.374000 return data: last bar 2017-04-21 14:20:00 last processed bar 2017-04-21 14:15:00
2 bars requested 2 bars returned
596 bars requested 22 bars returned
start_idx [(0, Timestamp('2017-04-21 09:35:00'))]
start_ema 2017-04-21 09:50:00 data.dropna() feed returned insufficient data
now 2017-04-21 14:25:00.459000 return data: last bar 2017-04-21 14:25:00 last processed bar 2017-04-21 14:20:00
2 bars requested 2 bars returned
596 bars requested 22 bars returned
start_idx [(0, Timestamp('2017-04-21 09:35:00'))]
start_ema 2017-04-21 09:50:00 data.dropna() feed returned insufficient data
now 2017-04-21 14:30:00.614000 return data: last bar 2017-04-21 14:30:00 last processed bar 2017-04-21 14:25:00
2 bars requested 2 bars returned
596 bars requested 22 bars returned
start_idx [(0, Timestamp('2017-04-21 09:35:00'))]
start_ema 2017-04-21 09:50:00 data.dropna() feed returned insufficient data
now 2017-04-21 14:35:00.863000 return data: last bar 2017-04-21 14:35:00 last processed bar 2017-04-21 14:30:00
2 bars requested 2 bars returned
596 bars requested 22 bars returned
start_idx [(0, Timestamp('2017-04-21 09:35:00'))]
start_ema 2017-04-21 09:50:00 data.dropna() feed returned insufficient data
now 2017-04-21 14:40:00.107000 return data: last bar 2017-04-21 14:40:00 last processed bar 2017-04-21 14:35:00
2 bars requested 2 bars returned
596 bars requested 22 bars returned
start_idx [(0, Timestamp('2017-04-21 09:35:00'))]
start_ema 2017-04-21 09:50:00 data.dropna() feed returned insufficient data
now 2017-04-21 14:45:00.591000 return data: last bar 2017-04-21 14:45:00 last processed bar 2017-04-21 14:40:00
2 bars requested 2 bars returned
596 bars requested 22 bars returned
start_idx [(0, Timestamp('2017-04-21 09:35:00'))]
start_ema 2017-04-21 09:50:00 data.dropna() feed returned insufficient data
now 2017-04-21 14:50:00.251000 return data: last bar 2017-04-21 14:50:00 last processed bar 2017-04-21 14:45:00
2 bars requested 2 bars returned
596 bars requested 22 bars returned
start_idx [(0, Timestamp('2017-04-21 09:35:00'))]
start_ema 2017-04-21 09:50:00 data.dropna() feed returned insufficient data
now 2017-04-21 14:55:00.012000 return data: last bar 2017-04-21 14:55:00 last processed bar 2017-04-21 14:50:00
2 bars requested 2 bars returned
596 bars requested 22 bars returned
start_idx [(0, Timestamp('2017-04-21 09:35:00'))]
start_ema 2017-04-21 09:50:00 data.dropna() feed returned insufficient data
now 2017-04-21 15:00:00.695000 return data: last bar 2017-04-21 15:00:00 last processed bar 2017-04-21 14:55:00
2 bars requested 2 bars returned
596 bars requested 22 bars returned
start_idx [(0, Timestamp('2017-04-21 09:35:00'))]
start_ema 2017-04-21 09:50:00 data.dropna() feed returned insufficient data
now 2017-04-21 15:05:01.046000 return data: last bar 2017-04-21 15:05:00 last processed bar 2017-04-21 15:00:00
2 bars requested 2 bars returned
596 bars requested 22 bars returned
start_idx [(0, Timestamp('2017-04-21 09:35:00'))]
start_ema 2017-04-21 09:50:00 data.dropna() feed returned insufficient data
now 2017-04-21 15:10:00.787000 return data: last bar 2017-04-21 15:10:00 last processed bar 2017-04-21 15:05:00
2 bars requested 2 bars returned
596 bars requested 22 bars returned
start_idx [(0, Timestamp('2017-04-21 09:35:00'))]
start_ema 2017-04-21 09:50:00 data.dropna() feed returned insufficient data
now 2017-04-21 15:15:00.733000 return data: last bar 2017-04-21 15:15:00 last processed bar 2017-04-21 15:10:00
2 bars requested 2 bars returned
596 bars requested 22 bars returned
start_idx [(0, Timestamp('2017-04-21 09:35:00'))]
start_ema 2017-04-21 09:50:00 data.dropna() feed returned insufficient data
now 2017-04-21 15:20:00.740000 return data: last bar 2017-04-21 15:20:00 last processed bar 2017-04-21 15:15:00
2 bars requested 2 bars returned
596 bars requested 22 bars returned
start_idx [(0, Timestamp('2017-04-21 09:35:00'))]
start_ema 2017-04-21 09:50:00 data.dropna() feed returned insufficient data
now 2017-04-21 15:25:01.062000 return data: last bar 2017-04-21 15:25:00 last processed bar 2017-04-21 15:20:00
2 bars requested 2 bars returned
596 bars requested 22 bars returned
start_idx [(0, Timestamp('2017-04-21 09:35:00'))]
start_ema 2017-04-21 09:50:00 data.dropna() feed returned insufficient data
now 2017-04-21 15:30:00.681000 return data: last bar 2017-04-21 15:30:00 last processed bar 2017-04-21 15:25:00
2 bars requested 2 bars returned
596 bars requested 22 bars returned
start_idx [(0, Timestamp('2017-04-21 09:35:00'))]
start_ema 2017-04-21 09:50:00 data.dropna() feed returned insufficient data
now 2017-04-21 15:35:00.601000 return data: last bar 2017-04-21 15:35:00 last processed bar 2017-04-21 15:30:00
2 bars requested 2 bars returned
596 bars requested 22 bars returned
start_idx [(0, Timestamp('2017-04-21 09:35:00'))]
start_ema 2017-04-21 09:50:00 data.dropna() feed returned insufficient data
now 2017-04-21 15:40:00.093000 return data: last bar 2017-04-21 15:40:00 last processed bar 2017-04-21 15:35:00
2 bars requested 2 bars returned
596 bars requested 22 bars returned
start_idx [(0, Timestamp('2017-04-21 09:35:00'))]
start_ema 2017-04-21 09:50:00 data.dropna() feed returned insufficient data
now 2017-04-21 15:45:00.523000 return data: last bar 2017-04-21 15:45:00 last processed bar 2017-04-21 15:40:00
2 bars requested 2 bars returned
596 bars requested 22 bars returned
start_idx [(0, Timestamp('2017-04-21 09:35:00'))]
start_ema 2017-04-21 09:50:00 data.dropna() feed returned insufficient data
now 2017-04-21 15:50:00.592000 return data: last bar 2017-04-21 15:50:00 last processed bar 2017-04-21 15:45:00
2 bars requested 2 bars returned
596 bars requested 22 bars returned
start_idx [(0, Timestamp('2017-04-21 09:35:00'))]
start_ema 2017-04-21 09:50:00 data.dropna() feed returned insufficient data
now 2017-04-21 15:55:01.152000
