return data: last bar 2017-04-27 09:35:00 last processed bar 1000-01-01 00:00:00
FNB: Warning! 596 bars requested 20 bars returned.
start_idx [(19, Timestamp('2017-04-27 09:35:00'))]
start_ema 2017-04-27 08:00:00 start_vwap 2017-04-27 09:35:00 last_bar 2017-04-27 09:35:00 ET:  0.04  minutes
now 2017-04-27 09:45:01.574000 return None: last bar 2017-04-27 09:35:00 last processed bar 2017-04-27 09:35:00
FNB getFeed did not return any data! last bar: 2017-04-27 09:35:00 now: 09:45:02.254000
now 2017-04-27 09:50:00.406000 return data: last bar 2017-04-27 09:40:00 last processed bar 2017-04-27 09:35:00
FNB: Warning! 596 bars requested 21 bars returned.
start_idx [(19, Timestamp('2017-04-27 09:35:00'))]
start_ema 2017-04-27 08:00:00 start_vwap 2017-04-27 09:35:00 last_bar 2017-04-27 09:40:00 Writing to ./data/FNB_livesignals_20170427_09_40_30.csv ./data/FNB_last.csv
ET:  0.07  minutes
now 2017-04-27 09:55:01.101000 return data: last bar 2017-04-27 09:45:00 last processed bar 2017-04-27 09:40:00
FNB: Warning! 596 bars requested 22 bars returned.
start_idx [(19, Timestamp('2017-04-27 09:35:00'))]
start_ema 2017-04-27 08:00:00 start_vwap 2017-04-27 09:35:00 last_bar 2017-04-27 09:45:00 Writing to ./data/FNB_livesignals_20170427_09_40_30.csv ./data/FNB_last.csv
ET:  0.06  minutes
now 2017-04-27 10:00:02.491000 return data: last bar 2017-04-27 09:50:00 last processed bar 2017-04-27 09:45:00
FNB: Warning! 596 bars requested 23 bars returned.
start_idx [(19, Timestamp('2017-04-27 09:35:00'))]
start_ema 2017-04-27 08:00:00 start_vwap 2017-04-27 09:35:00 last_bar 2017-04-27 09:50:00 Writing to ./data/FNB_livesignals_20170427_09_40_30.csv ./data/FNB_last.csv
ET:  0.05  minutes
now 2017-04-27 10:05:00.919000 return data: last bar 2017-04-27 09:55:00 last processed bar 2017-04-27 09:50:00
FNB: Warning! 596 bars requested 24 bars returned.
start_idx [(19, Timestamp('2017-04-27 09:35:00'))]
start_ema 2017-04-27 08:00:00 start_vwap 2017-04-27 09:35:00 last_bar 2017-04-27 09:55:00 Writing to ./data/FNB_livesignals_20170427_09_40_30.csv ./data/FNB_last.csv
ET:  0.06  minutes
now 2017-04-27 10:10:01.425000 return data: last bar 2017-04-27 10:00:00 last processed bar 2017-04-27 09:55:00
FNB: Warning! 596 bars requested 25 bars returned.
start_idx [(19, Timestamp('2017-04-27 09:35:00'))]
start_ema 2017-04-27 08:00:00 start_vwap 2017-04-27 09:35:00 last_bar 2017-04-27 10:00:00 Writing to ./data/FNB_livesignals_20170427_09_40_30.csv ./data/FNB_last.csv
ET:  0.07  minutes
now 2017-04-27 10:15:00.916000 return data: last bar 2017-04-27 10:10:00 last processed bar 2017-04-27 10:00:00
FNB: Warning! 596 bars requested 27 bars returned.
start_idx [(19, Timestamp('2017-04-27 09:35:00'))]
start_ema 2017-04-27 08:00:00 start_vwap 2017-04-27 09:35:00 last_bar 2017-04-27 10:10:00 Writing to ./data/FNB_livesignals_20170427_09_40_30.csv ./data/FNB_last.csv
ET:  0.08  minutes
now 2017-04-27 10:20:02.656000 return data: last bar 2017-04-27 10:15:00 last processed bar 2017-04-27 10:10:00
FNB: Warning! 596 bars requested 28 bars returned.
start_idx [(19, Timestamp('2017-04-27 09:35:00'))]
start_ema 2017-04-27 08:00:00 start_vwap 2017-04-27 09:35:00 last_bar 2017-04-27 10:15:00 Writing to ./data/FNB_livesignals_20170427_09_40_30.csv ./data/FNB_last.csv
ET:  0.06  minutes
now 2017-04-27 10:25:00.369000 return data: last bar 2017-04-27 10:20:00 last processed bar 2017-04-27 10:15:00
FNB: Warning! 596 bars requested 29 bars returned.
start_idx [(19, Timestamp('2017-04-27 09:35:00'))]
start_ema 2017-04-27 08:00:00 start_vwap 2017-04-27 09:35:00 last_bar 2017-04-27 10:20:00 Writing to ./data/FNB_livesignals_20170427_09_40_30.csv ./data/FNB_last.csv
ET:  0.07  minutes
now 2017-04-27 10:30:01.586000 return data: last bar 2017-04-27 10:25:00 last processed bar 2017-04-27 10:20:00
FNB: Warning! 596 bars requested 30 bars returned.
start_idx [(19, Timestamp('2017-04-27 09:35:00'))]
start_ema 2017-04-27 08:00:00 start_vwap 2017-04-27 09:35:00 last_bar 2017-04-27 10:25:00 Writing to ./data/FNB_livesignals_20170427_09_40_30.csv ./data/FNB_last.csv
ET:  0.06  minutes
now 2017-04-27 10:35:00.633000 return data: last bar 2017-04-27 10:30:00 last processed bar 2017-04-27 10:25:00
FNB: Warning! 596 bars requested 31 bars returned.
start_idx [(19, Timestamp('2017-04-27 09:35:00'))]
start_ema 2017-04-27 08:00:00 start_vwap 2017-04-27 09:35:00 last_bar 2017-04-27 10:30:00 Writing to ./data/FNB_livesignals_20170427_09_40_30.csv ./data/FNB_last.csv
ET:  0.11  minutes
now 2017-04-27 10:40:00.608000 return data: last bar 2017-04-27 10:35:00 last processed bar 2017-04-27 10:30:00
FNB: Warning! 596 bars requested 32 bars returned.
start_idx [(19, Timestamp('2017-04-27 09:35:00'))]
start_ema 2017-04-27 08:00:00 start_vwap 2017-04-27 09:35:00 last_bar 2017-04-27 10:35:00 Writing to ./data/FNB_livesignals_20170427_09_40_30.csv ./data/FNB_last.csv
ET:  0.1  minutes
now 2017-04-27 10:45:00.415000 return data: last bar 2017-04-27 10:40:00 last processed bar 2017-04-27 10:35:00
FNB: Warning! 596 bars requested 33 bars returned.
start_idx [(19, Timestamp('2017-04-27 09:35:00'))]
start_ema 2017-04-27 08:00:00 start_vwap 2017-04-27 09:35:00 last_bar 2017-04-27 10:40:00 Writing to ./data/FNB_livesignals_20170427_09_40_30.csv ./data/FNB_last.csv
ET:  0.12  minutes
now 2017-04-27 10:50:00.486000 return data: last bar 2017-04-27 10:45:00 last processed bar 2017-04-27 10:40:00
FNB: Warning! 596 bars requested 34 bars returned.
start_idx [(19, Timestamp('2017-04-27 09:35:00'))]
start_ema 2017-04-27 08:00:00 start_vwap 2017-04-27 09:35:00 last_bar 2017-04-27 10:45:00 Writing to ./data/FNB_livesignals_20170427_09_40_30.csv ./data/FNB_last.csv
ET:  0.08  minutes
now 2017-04-27 10:55:01.476000 return data: last bar 2017-04-27 10:50:00 last processed bar 2017-04-27 10:45:00
FNB: Warning! 596 bars requested 35 bars returned.
start_idx [(19, Timestamp('2017-04-27 09:35:00'))]
start_ema 2017-04-27 08:00:00 start_vwap 2017-04-27 09:35:00 last_bar 2017-04-27 10:50:00 Writing to ./data/FNB_livesignals_20170427_09_40_30.csv ./data/FNB_last.csv
ET:  0.09  minutes
now 2017-04-27 11:00:01.951000 return data: last bar 2017-04-27 10:55:00 last processed bar 2017-04-27 10:50:00
FNB: Warning! 596 bars requested 36 bars returned.
start_idx [(19, Timestamp('2017-04-27 09:35:00'))]
start_ema 2017-04-27 08:00:00 start_vwap 2017-04-27 09:35:00 last_bar 2017-04-27 10:55:00 Writing to ./data/FNB_livesignals_20170427_09_40_30.csv ./data/FNB_last.csv
ET:  0.05  minutes
now 2017-04-27 11:05:00.732000 return data: last bar 2017-04-27 11:05:00 last processed bar 2017-04-27 10:55:00
FNB: Warning! 596 bars requested 38 bars returned.
start_idx [(19, Timestamp('2017-04-27 09:35:00'))]
start_ema 2017-04-27 08:00:00 start_vwap 2017-04-27 09:35:00 last_bar 2017-04-27 11:05:00 Writing to ./data/FNB_livesignals_20170427_09_40_30.csv ./data/FNB_last.csv
ET:  0.12  minutes
now 2017-04-27 11:10:02.305000 return data: last bar 2017-04-27 11:10:00 last processed bar 2017-04-27 11:05:00
FNB: Warning! 596 bars requested 39 bars returned.
start_idx [(19, Timestamp('2017-04-27 09:35:00'))]
start_ema 2017-04-27 08:00:00 start_vwap 2017-04-27 09:35:00 last_bar 2017-04-27 11:10:00 Writing to ./data/FNB_livesignals_20170427_09_40_30.csv ./data/FNB_last.csv
ET:  0.08  minutes
now 2017-04-27 11:15:00.057000 return None: last bar 2017-04-27 11:10:00 last processed bar 2017-04-27 11:10:00
FNB getFeed did not return any data! last bar: 2017-04-27 11:10:00 now: 11:15:00.250000
now 2017-04-27 11:20:00.100000 return data: last bar 2017-04-27 11:20:00 last processed bar 2017-04-27 11:10:00
FNB: Warning! 596 bars requested 41 bars returned.
start_idx [(19, Timestamp('2017-04-27 09:35:00'))]
start_ema 2017-04-27 08:00:00 start_vwap 2017-04-27 09:35:00 last_bar 2017-04-27 11:20:00 Writing to ./data/FNB_livesignals_20170427_09_40_30.csv ./data/FNB_last.csv
ET:  0.12  minutes
now 2017-04-27 11:25:00.341000 return data: last bar 2017-04-27 11:25:00 last processed bar 2017-04-27 11:20:00
FNB: Warning! 596 bars requested 42 bars returned.
start_idx [(19, Timestamp('2017-04-27 09:35:00'))]
start_ema 2017-04-27 08:00:00 start_vwap 2017-04-27 09:35:00 last_bar 2017-04-27 11:25:00 Writing to ./data/FNB_livesignals_20170427_09_40_30.csv ./data/FNB_last.csv
ET:  0.12  minutes
now 2017-04-27 11:30:00.620000 return data: last bar 2017-04-27 11:30:00 last processed bar 2017-04-27 11:25:00
FNB: Warning! 596 bars requested 43 bars returned.
start_idx [(19, Timestamp('2017-04-27 09:35:00'))]
start_ema 2017-04-27 08:00:00 start_vwap 2017-04-27 09:35:00 last_bar 2017-04-27 11:30:00 Writing to ./data/FNB_livesignals_20170427_09_40_30.csv ./data/FNB_last.csv
ET:  0.08  minutes
now 2017-04-27 11:35:00.470000 return data: last bar 2017-04-27 11:35:00 last processed bar 2017-04-27 11:30:00
FNB: Warning! 596 bars requested 44 bars returned.
start_idx [(19, Timestamp('2017-04-27 09:35:00'))]
start_ema 2017-04-27 08:00:00 start_vwap 2017-04-27 09:35:00 last_bar 2017-04-27 11:35:00 Writing to ./data/FNB_livesignals_20170427_09_40_30.csv ./data/FNB_last.csv
ET:  0.07  minutes
now 2017-04-27 11:40:00.937000 return data: last bar 2017-04-27 11:40:00 last processed bar 2017-04-27 11:35:00
FNB: Warning! 596 bars requested 45 bars returned.
start_idx [(19, Timestamp('2017-04-27 09:35:00'))]
start_ema 2017-04-27 08:00:00 start_vwap 2017-04-27 09:35:00 last_bar 2017-04-27 11:40:00 Writing to ./data/FNB_livesignals_20170427_09_40_30.csv ./data/FNB_last.csv
ET:  0.07  minutes
now 2017-04-27 11:45:01.439000 return data: last bar 2017-04-27 11:45:00 last processed bar 2017-04-27 11:40:00
FNB: Warning! 596 bars requested 46 bars returned.
start_idx [(19, Timestamp('2017-04-27 09:35:00'))]
start_ema 2017-04-27 08:00:00 start_vwap 2017-04-27 09:35:00 last_bar 2017-04-27 11:45:00 Writing to ./data/FNB_livesignals_20170427_09_40_30.csv ./data/FNB_last.csv
ET:  0.09  minutes
now 2017-04-27 11:50:00.805000 return None: last bar 2017-04-27 11:45:00 last processed bar 2017-04-27 11:45:00
FNB getFeed did not return any data! last bar: 2017-04-27 11:45:00 now: 11:50:01.792000
now 2017-04-27 11:55:00.612000 return data: last bar 2017-04-27 11:50:00 last processed bar 2017-04-27 11:45:00
FNB: Warning! 596 bars requested 47 bars returned.
start_idx [(19, Timestamp('2017-04-27 09:35:00'))]
start_ema 2017-04-27 08:00:00 start_vwap 2017-04-27 09:35:00 last_bar 2017-04-27 11:50:00 Writing to ./data/FNB_livesignals_20170427_09_40_30.csv ./data/FNB_last.csv
ET:  0.08  minutes
now 2017-04-27 12:00:00.171000 return data: last bar 2017-04-27 12:00:00 last processed bar 2017-04-27 11:50:00
FNB: Warning! 596 bars requested 49 bars returned.
start_idx [(19, Timestamp('2017-04-27 09:35:00'))]
start_ema 2017-04-27 08:00:00 start_vwap 2017-04-27 09:35:00 last_bar 2017-04-27 12:00:00 Writing to ./data/FNB_livesignals_20170427_09_40_30.csv ./data/FNB_last.csv
ET:  0.08  minutes
now 2017-04-27 12:05:00.468000 return data: last bar 2017-04-27 12:05:00 last processed bar 2017-04-27 12:00:00
FNB: Warning! 596 bars requested 50 bars returned.
start_idx [(19, Timestamp('2017-04-27 09:35:00'))]
start_ema 2017-04-27 08:00:00 start_vwap 2017-04-27 09:35:00 last_bar 2017-04-27 12:05:00 Writing to ./data/FNB_livesignals_20170427_09_40_30.csv ./data/FNB_last.csv
ET:  0.05  minutes
now 2017-04-27 12:10:00.955000 return data: last bar 2017-04-27 12:10:00 last processed bar 2017-04-27 12:05:00
FNB: Warning! 596 bars requested 51 bars returned.
start_idx [(19, Timestamp('2017-04-27 09:35:00'))]
start_ema 2017-04-27 08:00:00 start_vwap 2017-04-27 09:35:00 last_bar 2017-04-27 12:10:00 Writing to ./data/FNB_livesignals_20170427_09_40_30.csv ./data/FNB_last.csv
ET:  0.08  minutes
now 2017-04-27 12:15:01.291000 return data: last bar 2017-04-27 12:15:00 last processed bar 2017-04-27 12:10:00
FNB: Warning! 596 bars requested 52 bars returned.
start_idx [(19, Timestamp('2017-04-27 09:35:00'))]
start_ema 2017-04-27 08:00:00 start_vwap 2017-04-27 09:35:00 last_bar 2017-04-27 12:15:00 Writing to ./data/FNB_livesignals_20170427_09_40_30.csv ./data/FNB_last.csv
ET:  0.07  minutes
now 2017-04-27 12:20:01.167000 return data: last bar 2017-04-27 12:20:00 last processed bar 2017-04-27 12:15:00
FNB: Warning! 596 bars requested 53 bars returned.
start_idx [(19, Timestamp('2017-04-27 09:35:00'))]
start_ema 2017-04-27 08:00:00 start_vwap 2017-04-27 09:35:00 last_bar 2017-04-27 12:20:00 Writing to ./data/FNB_livesignals_20170427_09_40_30.csv ./data/FNB_last.csv
ET:  0.07  minutes
now 2017-04-27 12:25:00.528000 return data: last bar 2017-04-27 12:25:00 last processed bar 2017-04-27 12:20:00
FNB: Warning! 596 bars requested 54 bars returned.
start_idx [(19, Timestamp('2017-04-27 09:35:00'))]
start_ema 2017-04-27 08:00:00 start_vwap 2017-04-27 09:35:00 last_bar 2017-04-27 12:25:00 Writing to ./data/FNB_livesignals_20170427_09_40_30.csv ./data/FNB_last.csv
ET:  0.06  minutes
now 2017-04-27 12:30:00.044000 return data: last bar 2017-04-27 12:30:00 last processed bar 2017-04-27 12:25:00
FNB: Warning! 596 bars requested 55 bars returned.
start_idx [(19, Timestamp('2017-04-27 09:35:00'))]
start_ema 2017-04-27 08:00:00 start_vwap 2017-04-27 09:35:00 last_bar 2017-04-27 12:30:00 Writing to ./data/FNB_livesignals_20170427_09_40_30.csv ./data/FNB_last.csv
ET:  0.07  minutes
now 2017-04-27 12:35:00.421000 return data: last bar 2017-04-27 12:35:00 last processed bar 2017-04-27 12:30:00
FNB: Warning! 596 bars requested 56 bars returned.
start_idx [(19, Timestamp('2017-04-27 09:35:00'))]
start_ema 2017-04-27 08:00:00 start_vwap 2017-04-27 09:35:00 last_bar 2017-04-27 12:35:00 Writing to ./data/FNB_livesignals_20170427_09_40_30.csv ./data/FNB_last.csv
ET:  0.07  minutes
now 2017-04-27 12:40:00.549000 return data: last bar 2017-04-27 12:40:00 last processed bar 2017-04-27 12:35:00
FNB: Warning! 596 bars requested 57 bars returned.
start_idx [(19, Timestamp('2017-04-27 09:35:00'))]
start_ema 2017-04-27 08:00:00 start_vwap 2017-04-27 09:35:00 last_bar 2017-04-27 12:40:00 Writing to ./data/FNB_livesignals_20170427_09_40_30.csv ./data/FNB_last.csv
ET:  0.08  minutes
now 2017-04-27 12:45:00.899000 return data: last bar 2017-04-27 12:45:00 last processed bar 2017-04-27 12:40:00
FNB: Warning! 596 bars requested 58 bars returned.
start_idx [(19, Timestamp('2017-04-27 09:35:00'))]
start_ema 2017-04-27 08:00:00 start_vwap 2017-04-27 09:35:00 last_bar 2017-04-27 12:45:00 Writing to ./data/FNB_livesignals_20170427_09_40_30.csv ./data/FNB_last.csv
ET:  0.06  minutes
now 2017-04-27 12:50:00.298000 return data: last bar 2017-04-27 12:50:00 last processed bar 2017-04-27 12:45:00
FNB: Warning! 596 bars requested 59 bars returned.
start_idx [(19, Timestamp('2017-04-27 09:35:00'))]
start_ema 2017-04-27 08:00:00 start_vwap 2017-04-27 09:35:00 last_bar 2017-04-27 12:50:00 Writing to ./data/FNB_livesignals_20170427_09_40_30.csv ./data/FNB_last.csv
ET:  0.06  minutes
now 2017-04-27 12:55:01.295000 return data: last bar 2017-04-27 12:55:00 last processed bar 2017-04-27 12:50:00
FNB: Warning! 596 bars requested 60 bars returned.
start_idx [(19, Timestamp('2017-04-27 09:35:00'))]
start_ema 2017-04-27 08:00:00 start_vwap 2017-04-27 09:35:00 last_bar 2017-04-27 12:55:00 Writing to ./data/FNB_livesignals_20170427_09_40_30.csv ./data/FNB_last.csv
ET:  0.09  minutes
now 2017-04-27 13:00:01.292000 return data: last bar 2017-04-27 13:00:00 last processed bar 2017-04-27 12:55:00
FNB: Warning! 596 bars requested 61 bars returned.
start_idx [(19, Timestamp('2017-04-27 09:35:00'))]
start_ema 2017-04-27 08:00:00 start_vwap 2017-04-27 09:35:00 last_bar 2017-04-27 13:00:00 Writing to ./data/FNB_livesignals_20170427_09_40_30.csv ./data/FNB_last.csv
ET:  0.08  minutes
now 2017-04-27 13:05:00.116000 return data: last bar 2017-04-27 13:05:00 last processed bar 2017-04-27 13:00:00
FNB: Warning! 596 bars requested 62 bars returned.
start_idx [(19, Timestamp('2017-04-27 09:35:00'))]
start_ema 2017-04-27 08:00:00 start_vwap 2017-04-27 09:35:00 last_bar 2017-04-27 13:05:00 Writing to ./data/FNB_livesignals_20170427_09_40_30.csv ./data/FNB_last.csv
ET:  0.08  minutes
now 2017-04-27 13:10:01.309000 return data: last bar 2017-04-27 13:10:00 last processed bar 2017-04-27 13:05:00
FNB: Warning! 596 bars requested 63 bars returned.
start_idx [(19, Timestamp('2017-04-27 09:35:00'))]
start_ema 2017-04-27 08:00:00 start_vwap 2017-04-27 09:35:00 last_bar 2017-04-27 13:10:00 Writing to ./data/FNB_livesignals_20170427_09_40_30.csv ./data/FNB_last.csv
ET:  0.07  minutes
now 2017-04-27 13:15:01.133000 return data: last bar 2017-04-27 13:15:00 last processed bar 2017-04-27 13:10:00
FNB: Warning! 596 bars requested 64 bars returned.
start_idx [(19, Timestamp('2017-04-27 09:35:00'))]
start_ema 2017-04-27 08:00:00 start_vwap 2017-04-27 09:35:00 last_bar 2017-04-27 13:15:00 Writing to ./data/FNB_livesignals_20170427_09_40_30.csv ./data/FNB_last.csv
ET:  0.08  minutes
now 2017-04-27 13:20:01.480000 return data: last bar 2017-04-27 13:20:00 last processed bar 2017-04-27 13:15:00
FNB: Warning! 596 bars requested 65 bars returned.
start_idx [(19, Timestamp('2017-04-27 09:35:00'))]
start_ema 2017-04-27 08:00:00 start_vwap 2017-04-27 09:35:00 last_bar 2017-04-27 13:20:00 Writing to ./data/FNB_livesignals_20170427_09_40_30.csv ./data/FNB_last.csv
ET:  0.07  minutes
now 2017-04-27 13:25:01.037000 return data: last bar 2017-04-27 13:25:00 last processed bar 2017-04-27 13:20:00
FNB: Warning! 596 bars requested 66 bars returned.
start_idx [(19, Timestamp('2017-04-27 09:35:00'))]
start_ema 2017-04-27 08:00:00 start_vwap 2017-04-27 09:35:00 last_bar 2017-04-27 13:25:00 Writing to ./data/FNB_livesignals_20170427_09_40_30.csv ./data/FNB_last.csv
ET:  0.09  minutes
now 2017-04-27 13:30:00.586000 return data: last bar 2017-04-27 13:30:00 last processed bar 2017-04-27 13:25:00
FNB: Warning! 596 bars requested 67 bars returned.
start_idx [(19, Timestamp('2017-04-27 09:35:00'))]
start_ema 2017-04-27 08:00:00 start_vwap 2017-04-27 09:35:00 last_bar 2017-04-27 13:30:00 Writing to ./data/FNB_livesignals_20170427_09_40_30.csv ./data/FNB_last.csv
ET:  0.08  minutes
now 2017-04-27 13:35:00.548000 return data: last bar 2017-04-27 13:35:00 last processed bar 2017-04-27 13:30:00
FNB: Warning! 596 bars requested 68 bars returned.
start_idx [(19, Timestamp('2017-04-27 09:35:00'))]
start_ema 2017-04-27 08:00:00 start_vwap 2017-04-27 09:35:00 last_bar 2017-04-27 13:35:00 Writing to ./data/FNB_livesignals_20170427_09_40_30.csv ./data/FNB_last.csv
ET:  0.07  minutes
now 2017-04-27 13:40:01.079000 return data: last bar 2017-04-27 13:40:00 last processed bar 2017-04-27 13:35:00
FNB: Warning! 596 bars requested 69 bars returned.
start_idx [(19, Timestamp('2017-04-27 09:35:00'))]
start_ema 2017-04-27 08:00:00 start_vwap 2017-04-27 09:35:00 last_bar 2017-04-27 13:40:00 Writing to ./data/FNB_livesignals_20170427_09_40_30.csv ./data/FNB_last.csv
ET:  0.1  minutes
now 2017-04-27 13:45:00.607000 return data: last bar 2017-04-27 13:45:00 last processed bar 2017-04-27 13:40:00
FNB: Warning! 596 bars requested 70 bars returned.
start_idx [(19, Timestamp('2017-04-27 09:35:00'))]
start_ema 2017-04-27 08:00:00 start_vwap 2017-04-27 09:35:00 last_bar 2017-04-27 13:45:00 Writing to ./data/FNB_livesignals_20170427_09_40_30.csv ./data/FNB_last.csv
ET:  0.08  minutes
now 2017-04-27 13:50:01.593000 return data: last bar 2017-04-27 13:50:00 last processed bar 2017-04-27 13:45:00
FNB: Warning! 596 bars requested 71 bars returned.
start_idx [(19, Timestamp('2017-04-27 09:35:00'))]
start_ema 2017-04-27 08:00:00 start_vwap 2017-04-27 09:35:00 last_bar 2017-04-27 13:50:00 Writing to ./data/FNB_livesignals_20170427_09_40_30.csv ./data/FNB_last.csv
ET:  0.07  minutes
now 2017-04-27 13:55:01.142000 return data: last bar 2017-04-27 13:55:00 last processed bar 2017-04-27 13:50:00
FNB: Warning! 596 bars requested 72 bars returned.
start_idx [(19, Timestamp('2017-04-27 09:35:00'))]
start_ema 2017-04-27 08:00:00 start_vwap 2017-04-27 09:35:00 last_bar 2017-04-27 13:55:00 Writing to ./data/FNB_livesignals_20170427_09_40_30.csv ./data/FNB_last.csv
ET:  0.07  minutes
now 2017-04-27 14:00:00.119000 return data: last bar 2017-04-27 14:00:00 last processed bar 2017-04-27 13:55:00
FNB: Warning! 596 bars requested 73 bars returned.
start_idx [(19, Timestamp('2017-04-27 09:35:00'))]
start_ema 2017-04-27 08:00:00 start_vwap 2017-04-27 09:35:00 last_bar 2017-04-27 14:00:00 Writing to ./data/FNB_livesignals_20170427_09_40_30.csv ./data/FNB_last.csv
ET:  0.08  minutes
now 2017-04-27 14:05:01.418000 return data: last bar 2017-04-27 14:05:00 last processed bar 2017-04-27 14:00:00
FNB: Warning! 596 bars requested 74 bars returned.
start_idx [(19, Timestamp('2017-04-27 09:35:00'))]
start_ema 2017-04-27 08:00:00 start_vwap 2017-04-27 09:35:00 last_bar 2017-04-27 14:05:00 Writing to ./data/FNB_livesignals_20170427_09_40_30.csv ./data/FNB_last.csv
ET:  0.07  minutes
now 2017-04-27 14:10:01.030000 return data: last bar 2017-04-27 14:10:00 last processed bar 2017-04-27 14:05:00
FNB: Warning! 596 bars requested 75 bars returned.
start_idx [(19, Timestamp('2017-04-27 09:35:00'))]
start_ema 2017-04-27 08:00:00 start_vwap 2017-04-27 09:35:00 last_bar 2017-04-27 14:10:00 Writing to ./data/FNB_livesignals_20170427_09_40_30.csv ./data/FNB_last.csv
ET:  0.09  minutes
now 2017-04-27 14:15:00.209000 return data: last bar 2017-04-27 14:15:00 last processed bar 2017-04-27 14:10:00
FNB: Warning! 596 bars requested 76 bars returned.
start_idx [(19, Timestamp('2017-04-27 09:35:00'))]
start_ema 2017-04-27 08:00:00 start_vwap 2017-04-27 09:35:00 last_bar 2017-04-27 14:15:00 Writing to ./data/FNB_livesignals_20170427_09_40_30.csv ./data/FNB_last.csv
ET:  0.03  minutes
now 2017-04-27 14:20:00.019000 return data: last bar 2017-04-27 14:20:00 last processed bar 2017-04-27 14:15:00
FNB: Warning! 596 bars requested 77 bars returned.
start_idx [(19, Timestamp('2017-04-27 09:35:00'))]
start_ema 2017-04-27 08:00:00 start_vwap 2017-04-27 09:35:00 last_bar 2017-04-27 14:20:00 Writing to ./data/FNB_livesignals_20170427_09_40_30.csv ./data/FNB_last.csv
ET:  0.07  minutes
now 2017-04-27 14:25:02.748000 return data: last bar 2017-04-27 14:25:00 last processed bar 2017-04-27 14:20:00
FNB: Warning! 596 bars requested 78 bars returned.
start_idx [(19, Timestamp('2017-04-27 09:35:00'))]
start_ema 2017-04-27 08:00:00 start_vwap 2017-04-27 09:35:00 last_bar 2017-04-27 14:25:00 Writing to ./data/FNB_livesignals_20170427_09_40_30.csv ./data/FNB_last.csv
ET:  0.06  minutes
now 2017-04-27 14:30:00.985000 return data: last bar 2017-04-27 14:30:00 last processed bar 2017-04-27 14:25:00
FNB: Warning! 596 bars requested 79 bars returned.
start_idx [(19, Timestamp('2017-04-27 09:35:00'))]
start_ema 2017-04-27 08:00:00 start_vwap 2017-04-27 09:35:00 last_bar 2017-04-27 14:30:00 Writing to ./data/FNB_livesignals_20170427_09_40_30.csv ./data/FNB_last.csv
ET:  0.07  minutes
now 2017-04-27 14:35:00.264000 return data: last bar 2017-04-27 14:35:00 last processed bar 2017-04-27 14:30:00
FNB: Warning! 596 bars requested 80 bars returned.
start_idx [(19, Timestamp('2017-04-27 09:35:00'))]
start_ema 2017-04-27 08:00:00 start_vwap 2017-04-27 09:35:00 last_bar 2017-04-27 14:35:00 Writing to ./data/FNB_livesignals_20170427_09_40_30.csv ./data/FNB_last.csv
ET:  0.07  minutes
now 2017-04-27 14:40:00.576000 return data: last bar 2017-04-27 14:40:00 last processed bar 2017-04-27 14:35:00
FNB: Warning! 596 bars requested 81 bars returned.
start_idx [(19, Timestamp('2017-04-27 09:35:00'))]
start_ema 2017-04-27 08:00:00 start_vwap 2017-04-27 09:35:00 last_bar 2017-04-27 14:40:00 Writing to ./data/FNB_livesignals_20170427_09_40_30.csv ./data/FNB_last.csv
ET:  0.08  minutes
now 2017-04-27 14:45:00.226000 return data: last bar 2017-04-27 14:45:00 last processed bar 2017-04-27 14:40:00
FNB: Warning! 596 bars requested 82 bars returned.
start_idx [(19, Timestamp('2017-04-27 09:35:00'))]
start_ema 2017-04-27 08:00:00 start_vwap 2017-04-27 09:35:00 last_bar 2017-04-27 14:45:00 Writing to ./data/FNB_livesignals_20170427_09_40_30.csv ./data/FNB_last.csv
ET:  0.07  minutes
now 2017-04-27 14:50:00.437000 return data: last bar 2017-04-27 14:50:00 last processed bar 2017-04-27 14:45:00
FNB: Warning! 596 bars requested 83 bars returned.
start_idx [(19, Timestamp('2017-04-27 09:35:00'))]
start_ema 2017-04-27 08:00:00 start_vwap 2017-04-27 09:35:00 last_bar 2017-04-27 14:50:00 Writing to ./data/FNB_livesignals_20170427_09_40_30.csv ./data/FNB_last.csv
ET:  0.07  minutes
now 2017-04-27 14:55:03.354000 return data: last bar 2017-04-27 14:55:00 last processed bar 2017-04-27 14:50:00
FNB: Warning! 596 bars requested 84 bars returned.
start_idx [(19, Timestamp('2017-04-27 09:35:00'))]
start_ema 2017-04-27 08:00:00 start_vwap 2017-04-27 09:35:00 last_bar 2017-04-27 14:55:00 Writing to ./data/FNB_livesignals_20170427_09_40_30.csv ./data/FNB_last.csv
ET:  0.06  minutes
now 2017-04-27 15:00:02.959000 return data: last bar 2017-04-27 15:00:00 last processed bar 2017-04-27 14:55:00
FNB: Warning! 596 bars requested 85 bars returned.
start_idx [(19, Timestamp('2017-04-27 09:35:00'))]
start_ema 2017-04-27 08:00:00 start_vwap 2017-04-27 09:35:00 last_bar 2017-04-27 15:00:00 Writing to ./data/FNB_livesignals_20170427_09_40_30.csv ./data/FNB_last.csv
ET:  0.04  minutes
now 2017-04-27 15:05:00.968000 return data: last bar 2017-04-27 15:05:00 last processed bar 2017-04-27 15:00:00
FNB: Warning! 596 bars requested 86 bars returned.
start_idx [(19, Timestamp('2017-04-27 09:35:00'))]
start_ema 2017-04-27 08:00:00 start_vwap 2017-04-27 09:35:00 last_bar 2017-04-27 15:05:00 Writing to ./data/FNB_livesignals_20170427_09_40_30.csv ./data/FNB_last.csv
ET:  0.07  minutes
now 2017-04-27 15:10:00.181000 return data: last bar 2017-04-27 15:10:00 last processed bar 2017-04-27 15:05:00
FNB: Warning! 596 bars requested 87 bars returned.
start_idx [(19, Timestamp('2017-04-27 09:35:00'))]
start_ema 2017-04-27 08:00:00 start_vwap 2017-04-27 09:35:00 last_bar 2017-04-27 15:10:00 Writing to ./data/FNB_livesignals_20170427_09_40_30.csv ./data/FNB_last.csv
ET:  0.06  minutes
now 2017-04-27 15:15:02.034000 return data: last bar 2017-04-27 15:15:00 last processed bar 2017-04-27 15:10:00
FNB: Warning! 596 bars requested 88 bars returned.
start_idx [(19, Timestamp('2017-04-27 09:35:00'))]
start_ema 2017-04-27 08:00:00 start_vwap 2017-04-27 09:35:00 last_bar 2017-04-27 15:15:00 Writing to ./data/FNB_livesignals_20170427_09_40_30.csv ./data/FNB_last.csv
ET:  0.07  minutes
now 2017-04-27 15:20:00.645000 return data: last bar 2017-04-27 15:20:00 last processed bar 2017-04-27 15:15:00
FNB: Warning! 596 bars requested 89 bars returned.
start_idx [(19, Timestamp('2017-04-27 09:35:00'))]
start_ema 2017-04-27 08:00:00 start_vwap 2017-04-27 09:35:00 last_bar 2017-04-27 15:20:00 Writing to ./data/FNB_livesignals_20170427_09_40_30.csv ./data/FNB_last.csv
ET:  0.06  minutes
now 2017-04-27 15:25:00.116000 return data: last bar 2017-04-27 15:25:00 last processed bar 2017-04-27 15:20:00
FNB: Warning! 596 bars requested 90 bars returned.
start_idx [(19, Timestamp('2017-04-27 09:35:00'))]
start_ema 2017-04-27 08:00:00 start_vwap 2017-04-27 09:35:00 last_bar 2017-04-27 15:25:00 Writing to ./data/FNB_livesignals_20170427_09_40_30.csv ./data/FNB_last.csv
ET:  0.04  minutes
now 2017-04-27 15:30:01.156000 return data: last bar 2017-04-27 15:30:00 last processed bar 2017-04-27 15:25:00
FNB: Warning! 596 bars requested 91 bars returned.
start_idx [(19, Timestamp('2017-04-27 09:35:00'))]
start_ema 2017-04-27 08:00:00 start_vwap 2017-04-27 09:35:00 last_bar 2017-04-27 15:30:00 Writing to ./data/FNB_livesignals_20170427_09_40_30.csv ./data/FNB_last.csv
ET:  0.06  minutes
now 2017-04-27 15:35:01.915000 return data: last bar 2017-04-27 15:35:00 last processed bar 2017-04-27 15:30:00
FNB: Warning! 596 bars requested 92 bars returned.
start_idx [(19, Timestamp('2017-04-27 09:35:00'))]
start_ema 2017-04-27 08:00:00 start_vwap 2017-04-27 09:35:00 last_bar 2017-04-27 15:35:00 Writing to ./data/FNB_livesignals_20170427_09_40_30.csv ./data/FNB_last.csv
ET:  0.05  minutes
now 2017-04-27 15:40:00.676000 return data: last bar 2017-04-27 15:40:00 last processed bar 2017-04-27 15:35:00
FNB: Warning! 596 bars requested 93 bars returned.
start_idx [(19, Timestamp('2017-04-27 09:35:00'))]
start_ema 2017-04-27 08:00:00 start_vwap 2017-04-27 09:35:00 last_bar 2017-04-27 15:40:00 Writing to ./data/FNB_livesignals_20170427_09_40_30.csv ./data/FNB_last.csv
ET:  0.1  minutes
now 2017-04-27 15:45:00.751000 return data: last bar 2017-04-27 15:45:00 last processed bar 2017-04-27 15:40:00
FNB: Warning! 596 bars requested 94 bars returned.
start_idx [(19, Timestamp('2017-04-27 09:35:00'))]
start_ema 2017-04-27 08:00:00 start_vwap 2017-04-27 09:35:00 last_bar 2017-04-27 15:45:00 Writing to ./data/FNB_livesignals_20170427_09_40_30.csv ./data/FNB_last.csv
ET:  0.08  minutes
now 2017-04-27 15:50:01.099000 return data: last bar 2017-04-27 15:50:00 last processed bar 2017-04-27 15:45:00
FNB: Warning! 596 bars requested 95 bars returned.
start_idx [(19, Timestamp('2017-04-27 09:35:00'))]
start_ema 2017-04-27 08:00:00 start_vwap 2017-04-27 09:35:00 last_bar 2017-04-27 15:50:00 Writing to ./data/FNB_livesignals_20170427_09_40_30.csv ./data/FNB_last.csv
ET:  0.07  minutes
now 2017-04-27 15:55:01.163000
