return data: last bar 2017-04-27 09:35:00 last processed bar 1000-01-01 00:00:00
GCI: Warning! 596 bars requested 20 bars returned.
start_idx [(19, Timestamp('2017-04-27 09:35:00'))]
start_ema 2017-04-27 08:00:00 start_vwap 2017-04-27 09:35:00 last_bar 2017-04-27 09:35:00 ET:  0.05  minutes
now 2017-04-27 09:45:02.759000 return None: last bar 2017-04-27 09:35:00 last processed bar 2017-04-27 09:35:00
GCI getFeed did not return any data! last bar: 2017-04-27 09:35:00 now: 09:45:03
now 2017-04-27 09:50:02.785000 return data: last bar 2017-04-27 09:40:00 last processed bar 2017-04-27 09:35:00
GCI: Warning! 596 bars requested 21 bars returned.
start_idx [(19, Timestamp('2017-04-27 09:35:00'))]
start_ema 2017-04-27 08:00:00 start_vwap 2017-04-27 09:35:00 last_bar 2017-04-27 09:40:00 Writing to ./data/GCI_livesignals_20170427_09_40_37.csv ./data/GCI_last.csv
ET:  0.05  minutes
now 2017-04-27 09:55:01.184000 return data: last bar 2017-04-27 09:45:00 last processed bar 2017-04-27 09:40:00
GCI: Warning! 596 bars requested 22 bars returned.
start_idx [(19, Timestamp('2017-04-27 09:35:00'))]
start_ema 2017-04-27 08:00:00 start_vwap 2017-04-27 09:35:00 last_bar 2017-04-27 09:45:00 Writing to ./data/GCI_livesignals_20170427_09_40_37.csv ./data/GCI_last.csv
ET:  0.07  minutes
now 2017-04-27 10:00:00.368000 return data: last bar 2017-04-27 09:50:00 last processed bar 2017-04-27 09:45:00
GCI: Warning! 596 bars requested 23 bars returned.
start_idx [(19, Timestamp('2017-04-27 09:35:00'))]
start_ema 2017-04-27 08:00:00 start_vwap 2017-04-27 09:35:00 last_bar 2017-04-27 09:50:00 Writing to ./data/GCI_livesignals_20170427_09_40_37.csv ./data/GCI_last.csv
ET:  0.06  minutes
now 2017-04-27 10:05:00.040000 return data: last bar 2017-04-27 09:55:00 last processed bar 2017-04-27 09:50:00
GCI: Warning! 596 bars requested 24 bars returned.
start_idx [(19, Timestamp('2017-04-27 09:35:00'))]
start_ema 2017-04-27 08:00:00 start_vwap 2017-04-27 09:35:00 last_bar 2017-04-27 09:55:00 Writing to ./data/GCI_livesignals_20170427_09_40_37.csv ./data/GCI_last.csv
ET:  0.06  minutes
now 2017-04-27 10:10:01.433000 return data: last bar 2017-04-27 10:00:00 last processed bar 2017-04-27 09:55:00
GCI: Warning! 596 bars requested 25 bars returned.
start_idx [(19, Timestamp('2017-04-27 09:35:00'))]
start_ema 2017-04-27 08:00:00 start_vwap 2017-04-27 09:35:00 last_bar 2017-04-27 10:00:00 Writing to ./data/GCI_livesignals_20170427_09_40_37.csv ./data/GCI_last.csv
ET:  0.07  minutes
now 2017-04-27 10:15:01.805000 return data: last bar 2017-04-27 10:10:00 last processed bar 2017-04-27 10:00:00
GCI: Warning! 596 bars requested 27 bars returned.
start_idx [(19, Timestamp('2017-04-27 09:35:00'))]
start_ema 2017-04-27 08:00:00 start_vwap 2017-04-27 09:35:00 last_bar 2017-04-27 10:10:00 Writing to ./data/GCI_livesignals_20170427_09_40_37.csv ./data/GCI_last.csv
ET:  0.09  minutes
now 2017-04-27 10:20:00.822000 return data: last bar 2017-04-27 10:15:00 last processed bar 2017-04-27 10:10:00
GCI: Warning! 596 bars requested 28 bars returned.
start_idx [(19, Timestamp('2017-04-27 09:35:00'))]
start_ema 2017-04-27 08:00:00 start_vwap 2017-04-27 09:35:00 last_bar 2017-04-27 10:15:00 Writing to ./data/GCI_livesignals_20170427_09_40_37.csv ./data/GCI_last.csv
ET:  0.07  minutes
now 2017-04-27 10:25:01.437000 return data: last bar 2017-04-27 10:20:00 last processed bar 2017-04-27 10:15:00
GCI: Warning! 596 bars requested 29 bars returned.
start_idx [(19, Timestamp('2017-04-27 09:35:00'))]
start_ema 2017-04-27 08:00:00 start_vwap 2017-04-27 09:35:00 last_bar 2017-04-27 10:20:00 Writing to ./data/GCI_livesignals_20170427_09_40_37.csv ./data/GCI_last.csv
ET:  0.07  minutes
now 2017-04-27 10:30:00.523000 return data: last bar 2017-04-27 10:25:00 last processed bar 2017-04-27 10:20:00
GCI: Warning! 596 bars requested 30 bars returned.
start_idx [(19, Timestamp('2017-04-27 09:35:00'))]
start_ema 2017-04-27 08:00:00 start_vwap 2017-04-27 09:35:00 last_bar 2017-04-27 10:25:00 Writing to ./data/GCI_livesignals_20170427_09_40_37.csv ./data/GCI_last.csv
ET:  0.07  minutes
now 2017-04-27 10:35:03.133000 return data: last bar 2017-04-27 10:30:00 last processed bar 2017-04-27 10:25:00
GCI: Warning! 596 bars requested 31 bars returned.
start_idx [(19, Timestamp('2017-04-27 09:35:00'))]
start_ema 2017-04-27 08:00:00 start_vwap 2017-04-27 09:35:00 last_bar 2017-04-27 10:30:00 Writing to ./data/GCI_livesignals_20170427_09_40_37.csv ./data/GCI_last.csv
ET:  0.05  minutes
now 2017-04-27 10:40:00.225000 return data: last bar 2017-04-27 10:35:00 last processed bar 2017-04-27 10:30:00
GCI: Warning! 596 bars requested 32 bars returned.
start_idx [(19, Timestamp('2017-04-27 09:35:00'))]
start_ema 2017-04-27 08:00:00 start_vwap 2017-04-27 09:35:00 last_bar 2017-04-27 10:35:00 Writing to ./data/GCI_livesignals_20170427_09_40_37.csv ./data/GCI_last.csv
ET:  0.07  minutes
now 2017-04-27 10:45:00.197000 return data: last bar 2017-04-27 10:40:00 last processed bar 2017-04-27 10:35:00
GCI: Warning! 596 bars requested 33 bars returned.
start_idx [(19, Timestamp('2017-04-27 09:35:00'))]
start_ema 2017-04-27 08:00:00 start_vwap 2017-04-27 09:35:00 last_bar 2017-04-27 10:40:00 Writing to ./data/GCI_livesignals_20170427_09_40_37.csv ./data/GCI_last.csv
ET:  0.06  minutes
now 2017-04-27 10:50:01.905000 return data: last bar 2017-04-27 10:45:00 last processed bar 2017-04-27 10:40:00
GCI: Warning! 596 bars requested 34 bars returned.
start_idx [(19, Timestamp('2017-04-27 09:35:00'))]
start_ema 2017-04-27 08:00:00 start_vwap 2017-04-27 09:35:00 last_bar 2017-04-27 10:45:00 Writing to ./data/GCI_livesignals_20170427_09_40_37.csv ./data/GCI_last.csv
ET:  0.05  minutes
now 2017-04-27 10:55:00.470000 return data: last bar 2017-04-27 10:50:00 last processed bar 2017-04-27 10:45:00
GCI: Warning! 596 bars requested 35 bars returned.
start_idx [(19, Timestamp('2017-04-27 09:35:00'))]
start_ema 2017-04-27 08:00:00 start_vwap 2017-04-27 09:35:00 last_bar 2017-04-27 10:50:00 Writing to ./data/GCI_livesignals_20170427_09_40_37.csv ./data/GCI_last.csv
ET:  0.06  minutes
now 2017-04-27 11:00:00.647000 return data: last bar 2017-04-27 10:55:00 last processed bar 2017-04-27 10:50:00
GCI: Warning! 596 bars requested 36 bars returned.
start_idx [(19, Timestamp('2017-04-27 09:35:00'))]
start_ema 2017-04-27 08:00:00 start_vwap 2017-04-27 09:35:00 last_bar 2017-04-27 10:55:00 Writing to ./data/GCI_livesignals_20170427_09_40_37.csv ./data/GCI_last.csv
ET:  0.12  minutes
now 2017-04-27 11:05:01.087000 return data: last bar 2017-04-27 11:00:00 last processed bar 2017-04-27 10:55:00
GCI: Warning! 596 bars requested 37 bars returned.
start_idx [(19, Timestamp('2017-04-27 09:35:00'))]
start_ema 2017-04-27 08:00:00 start_vwap 2017-04-27 09:35:00 last_bar 2017-04-27 11:00:00 Writing to ./data/GCI_livesignals_20170427_09_40_37.csv ./data/GCI_last.csv
ET:  0.11  minutes
now 2017-04-27 11:10:00.880000 return data: last bar 2017-04-27 11:05:00 last processed bar 2017-04-27 11:00:00
GCI: Warning! 596 bars requested 38 bars returned.
start_idx [(19, Timestamp('2017-04-27 09:35:00'))]
start_ema 2017-04-27 08:00:00 start_vwap 2017-04-27 09:35:00 last_bar 2017-04-27 11:05:00 Writing to ./data/GCI_livesignals_20170427_09_40_37.csv ./data/GCI_last.csv
ET:  0.08  minutes
now 2017-04-27 11:15:00.919000 return data: last bar 2017-04-27 11:10:00 last processed bar 2017-04-27 11:05:00
GCI: Warning! 596 bars requested 39 bars returned.
start_idx [(19, Timestamp('2017-04-27 09:35:00'))]
start_ema 2017-04-27 08:00:00 start_vwap 2017-04-27 09:35:00 last_bar 2017-04-27 11:10:00 Writing to ./data/GCI_livesignals_20170427_09_40_37.csv ./data/GCI_last.csv
ET:  0.06  minutes
now 2017-04-27 11:20:01.098000 return data: last bar 2017-04-27 11:15:00 last processed bar 2017-04-27 11:10:00
GCI: Warning! 596 bars requested 40 bars returned.
start_idx [(19, Timestamp('2017-04-27 09:35:00'))]
start_ema 2017-04-27 08:00:00 start_vwap 2017-04-27 09:35:00 last_bar 2017-04-27 11:15:00 Writing to ./data/GCI_livesignals_20170427_09_40_37.csv ./data/GCI_last.csv
ET:  0.1  minutes
now 2017-04-27 11:25:00.099000 return data: last bar 2017-04-27 11:20:00 last processed bar 2017-04-27 11:15:00
GCI: Warning! 596 bars requested 41 bars returned.
start_idx [(19, Timestamp('2017-04-27 09:35:00'))]
start_ema 2017-04-27 08:00:00 start_vwap 2017-04-27 09:35:00 last_bar 2017-04-27 11:20:00 Writing to ./data/GCI_livesignals_20170427_09_40_37.csv ./data/GCI_last.csv
ET:  0.09  minutes
now 2017-04-27 11:30:01.158000 return data: last bar 2017-04-27 11:25:00 last processed bar 2017-04-27 11:20:00
GCI: Warning! 596 bars requested 42 bars returned.
start_idx [(19, Timestamp('2017-04-27 09:35:00'))]
start_ema 2017-04-27 08:00:00 start_vwap 2017-04-27 09:35:00 last_bar 2017-04-27 11:25:00 Writing to ./data/GCI_livesignals_20170427_09_40_37.csv ./data/GCI_last.csv
ET:  0.05  minutes
now 2017-04-27 11:35:00.178000 return data: last bar 2017-04-27 11:30:00 last processed bar 2017-04-27 11:25:00
GCI: Warning! 596 bars requested 43 bars returned.
start_idx [(19, Timestamp('2017-04-27 09:35:00'))]
start_ema 2017-04-27 08:00:00 start_vwap 2017-04-27 09:35:00 last_bar 2017-04-27 11:30:00 Writing to ./data/GCI_livesignals_20170427_09_40_37.csv ./data/GCI_last.csv
ET:  0.07  minutes
now 2017-04-27 11:40:00.214000 return data: last bar 2017-04-27 11:35:00 last processed bar 2017-04-27 11:30:00
GCI: Warning! 596 bars requested 44 bars returned.
start_idx [(19, Timestamp('2017-04-27 09:35:00'))]
start_ema 2017-04-27 08:00:00 start_vwap 2017-04-27 09:35:00 last_bar 2017-04-27 11:35:00 Writing to ./data/GCI_livesignals_20170427_09_40_37.csv ./data/GCI_last.csv
ET:  0.06  minutes
now 2017-04-27 11:45:01.503000 return data: last bar 2017-04-27 11:40:00 last processed bar 2017-04-27 11:35:00
GCI: Warning! 596 bars requested 45 bars returned.
start_idx [(19, Timestamp('2017-04-27 09:35:00'))]
start_ema 2017-04-27 08:00:00 start_vwap 2017-04-27 09:35:00 last_bar 2017-04-27 11:40:00 Writing to ./data/GCI_livesignals_20170427_09_40_37.csv ./data/GCI_last.csv
ET:  0.08  minutes
now 2017-04-27 11:50:00.737000 return data: last bar 2017-04-27 11:45:00 last processed bar 2017-04-27 11:40:00
GCI: Warning! 596 bars requested 46 bars returned.
start_idx [(19, Timestamp('2017-04-27 09:35:00'))]
start_ema 2017-04-27 08:00:00 start_vwap 2017-04-27 09:35:00 last_bar 2017-04-27 11:45:00 Writing to ./data/GCI_livesignals_20170427_09_40_37.csv ./data/GCI_last.csv
ET:  0.08  minutes
now 2017-04-27 11:55:00.259000 return data: last bar 2017-04-27 11:50:00 last processed bar 2017-04-27 11:45:00
GCI: Warning! 596 bars requested 47 bars returned.
start_idx [(19, Timestamp('2017-04-27 09:35:00'))]
start_ema 2017-04-27 08:00:00 start_vwap 2017-04-27 09:35:00 last_bar 2017-04-27 11:50:00 Writing to ./data/GCI_livesignals_20170427_09_40_37.csv ./data/GCI_last.csv
ET:  0.08  minutes
now 2017-04-27 12:00:00.372000 return data: last bar 2017-04-27 11:55:00 last processed bar 2017-04-27 11:50:00
GCI: Warning! 596 bars requested 48 bars returned.
start_idx [(19, Timestamp('2017-04-27 09:35:00'))]
start_ema 2017-04-27 08:00:00 start_vwap 2017-04-27 09:35:00 last_bar 2017-04-27 11:55:00 Writing to ./data/GCI_livesignals_20170427_09_40_37.csv ./data/GCI_last.csv
ET:  0.07  minutes
now 2017-04-27 12:05:01.360000 return data: last bar 2017-04-27 12:00:00 last processed bar 2017-04-27 11:55:00
GCI: Warning! 596 bars requested 49 bars returned.
start_idx [(19, Timestamp('2017-04-27 09:35:00'))]
start_ema 2017-04-27 08:00:00 start_vwap 2017-04-27 09:35:00 last_bar 2017-04-27 12:00:00 Writing to ./data/GCI_livesignals_20170427_09_40_37.csv ./data/GCI_last.csv
ET:  0.07  minutes
now 2017-04-27 12:10:00.914000 return data: last bar 2017-04-27 12:05:00 last processed bar 2017-04-27 12:00:00
GCI: Warning! 596 bars requested 50 bars returned.
start_idx [(19, Timestamp('2017-04-27 09:35:00'))]
start_ema 2017-04-27 08:00:00 start_vwap 2017-04-27 09:35:00 last_bar 2017-04-27 12:05:00 Writing to ./data/GCI_livesignals_20170427_09_40_37.csv ./data/GCI_last.csv
ET:  0.09  minutes
now 2017-04-27 12:15:00.785000 return data: last bar 2017-04-27 12:10:00 last processed bar 2017-04-27 12:05:00
GCI: Warning! 596 bars requested 51 bars returned.
start_idx [(19, Timestamp('2017-04-27 09:35:00'))]
start_ema 2017-04-27 08:00:00 start_vwap 2017-04-27 09:35:00 last_bar 2017-04-27 12:10:00 Writing to ./data/GCI_livesignals_20170427_09_40_37.csv ./data/GCI_last.csv
ET:  0.05  minutes
now 2017-04-27 12:20:01.404000 return data: last bar 2017-04-27 12:15:00 last processed bar 2017-04-27 12:10:00
GCI: Warning! 596 bars requested 52 bars returned.
start_idx [(19, Timestamp('2017-04-27 09:35:00'))]
start_ema 2017-04-27 08:00:00 start_vwap 2017-04-27 09:35:00 last_bar 2017-04-27 12:15:00 Writing to ./data/GCI_livesignals_20170427_09_40_37.csv ./data/GCI_last.csv
ET:  0.09  minutes
now 2017-04-27 12:25:01.154000 return data: last bar 2017-04-27 12:20:00 last processed bar 2017-04-27 12:15:00
GCI: Warning! 596 bars requested 53 bars returned.
start_idx [(19, Timestamp('2017-04-27 09:35:00'))]
start_ema 2017-04-27 08:00:00 start_vwap 2017-04-27 09:35:00 last_bar 2017-04-27 12:20:00 Writing to ./data/GCI_livesignals_20170427_09_40_37.csv ./data/GCI_last.csv
ET:  0.06  minutes
now 2017-04-27 12:30:00.941000 return data: last bar 2017-04-27 12:25:00 last processed bar 2017-04-27 12:20:00
GCI: Warning! 596 bars requested 54 bars returned.
start_idx [(19, Timestamp('2017-04-27 09:35:00'))]
start_ema 2017-04-27 08:00:00 start_vwap 2017-04-27 09:35:00 last_bar 2017-04-27 12:25:00 Writing to ./data/GCI_livesignals_20170427_09_40_37.csv ./data/GCI_last.csv
ET:  0.08  minutes
now 2017-04-27 12:35:01.542000 return data: last bar 2017-04-27 12:30:00 last processed bar 2017-04-27 12:25:00
GCI: Warning! 596 bars requested 55 bars returned.
start_idx [(19, Timestamp('2017-04-27 09:35:00'))]
start_ema 2017-04-27 08:00:00 start_vwap 2017-04-27 09:35:00 last_bar 2017-04-27 12:30:00 Writing to ./data/GCI_livesignals_20170427_09_40_37.csv ./data/GCI_last.csv
ET:  0.07  minutes
now 2017-04-27 12:40:00.678000 return data: last bar 2017-04-27 12:35:00 last processed bar 2017-04-27 12:30:00
GCI: Warning! 596 bars requested 56 bars returned.
start_idx [(19, Timestamp('2017-04-27 09:35:00'))]
start_ema 2017-04-27 08:00:00 start_vwap 2017-04-27 09:35:00 last_bar 2017-04-27 12:35:00 Writing to ./data/GCI_livesignals_20170427_09_40_37.csv ./data/GCI_last.csv
ET:  0.08  minutes
now 2017-04-27 12:45:01.177000 return data: last bar 2017-04-27 12:40:00 last processed bar 2017-04-27 12:35:00
GCI: Warning! 596 bars requested 57 bars returned.
start_idx [(19, Timestamp('2017-04-27 09:35:00'))]
start_ema 2017-04-27 08:00:00 start_vwap 2017-04-27 09:35:00 last_bar 2017-04-27 12:40:00 Writing to ./data/GCI_livesignals_20170427_09_40_37.csv ./data/GCI_last.csv
ET:  0.05  minutes
now 2017-04-27 12:50:00.708000 return data: last bar 2017-04-27 12:45:00 last processed bar 2017-04-27 12:40:00
GCI: Warning! 596 bars requested 58 bars returned.
start_idx [(19, Timestamp('2017-04-27 09:35:00'))]
start_ema 2017-04-27 08:00:00 start_vwap 2017-04-27 09:35:00 last_bar 2017-04-27 12:45:00 Writing to ./data/GCI_livesignals_20170427_09_40_37.csv ./data/GCI_last.csv
ET:  0.05  minutes
now 2017-04-27 12:55:01.485000 return data: last bar 2017-04-27 12:50:00 last processed bar 2017-04-27 12:45:00
GCI: Warning! 596 bars requested 59 bars returned.
start_idx [(19, Timestamp('2017-04-27 09:35:00'))]
start_ema 2017-04-27 08:00:00 start_vwap 2017-04-27 09:35:00 last_bar 2017-04-27 12:50:00 Writing to ./data/GCI_livesignals_20170427_09_40_37.csv ./data/GCI_last.csv
ET:  0.05  minutes
now 2017-04-27 13:00:00.292000 return data: last bar 2017-04-27 12:55:00 last processed bar 2017-04-27 12:50:00
GCI: Warning! 596 bars requested 60 bars returned.
start_idx [(19, Timestamp('2017-04-27 09:35:00'))]
start_ema 2017-04-27 08:00:00 start_vwap 2017-04-27 09:35:00 last_bar 2017-04-27 12:55:00 Writing to ./data/GCI_livesignals_20170427_09_40_37.csv ./data/GCI_last.csv
ET:  0.11  minutes
now 2017-04-27 13:05:01.321000 return data: last bar 2017-04-27 13:00:00 last processed bar 2017-04-27 12:55:00
GCI: Warning! 596 bars requested 61 bars returned.
start_idx [(19, Timestamp('2017-04-27 09:35:00'))]
start_ema 2017-04-27 08:00:00 start_vwap 2017-04-27 09:35:00 last_bar 2017-04-27 13:00:00 Writing to ./data/GCI_livesignals_20170427_09_40_37.csv ./data/GCI_last.csv
ET:  0.07  minutes
now 2017-04-27 13:10:00.485000 return data: last bar 2017-04-27 13:05:00 last processed bar 2017-04-27 13:00:00
GCI: Warning! 596 bars requested 62 bars returned.
start_idx [(19, Timestamp('2017-04-27 09:35:00'))]
start_ema 2017-04-27 08:00:00 start_vwap 2017-04-27 09:35:00 last_bar 2017-04-27 13:05:00 Writing to ./data/GCI_livesignals_20170427_09_40_37.csv ./data/GCI_last.csv
ET:  0.08  minutes
now 2017-04-27 13:15:00.072000 return data: last bar 2017-04-27 13:10:00 last processed bar 2017-04-27 13:05:00
GCI: Warning! 596 bars requested 63 bars returned.
start_idx [(19, Timestamp('2017-04-27 09:35:00'))]
start_ema 2017-04-27 08:00:00 start_vwap 2017-04-27 09:35:00 last_bar 2017-04-27 13:10:00 Writing to ./data/GCI_livesignals_20170427_09_40_37.csv ./data/GCI_last.csv
ET:  0.06  minutes
now 2017-04-27 13:20:01.178000 return data: last bar 2017-04-27 13:15:00 last processed bar 2017-04-27 13:10:00
GCI: Warning! 596 bars requested 64 bars returned.
start_idx [(19, Timestamp('2017-04-27 09:35:00'))]
start_ema 2017-04-27 08:00:00 start_vwap 2017-04-27 09:35:00 last_bar 2017-04-27 13:15:00 Writing to ./data/GCI_livesignals_20170427_09_40_37.csv ./data/GCI_last.csv
ET:  0.05  minutes
now 2017-04-27 13:25:00.544000 return data: last bar 2017-04-27 13:20:00 last processed bar 2017-04-27 13:15:00
GCI: Warning! 596 bars requested 65 bars returned.
start_idx [(19, Timestamp('2017-04-27 09:35:00'))]
start_ema 2017-04-27 08:00:00 start_vwap 2017-04-27 09:35:00 last_bar 2017-04-27 13:20:00 Writing to ./data/GCI_livesignals_20170427_09_40_37.csv ./data/GCI_last.csv
ET:  0.09  minutes
now 2017-04-27 13:30:00.855000 return data: last bar 2017-04-27 13:25:00 last processed bar 2017-04-27 13:20:00
GCI: Warning! 596 bars requested 66 bars returned.
start_idx [(19, Timestamp('2017-04-27 09:35:00'))]
start_ema 2017-04-27 08:00:00 start_vwap 2017-04-27 09:35:00 last_bar 2017-04-27 13:25:00 Writing to ./data/GCI_livesignals_20170427_09_40_37.csv ./data/GCI_last.csv
ET:  0.08  minutes
now 2017-04-27 13:35:01.510000 return data: last bar 2017-04-27 13:30:00 last processed bar 2017-04-27 13:25:00
GCI: Warning! 596 bars requested 67 bars returned.
start_idx [(19, Timestamp('2017-04-27 09:35:00'))]
start_ema 2017-04-27 08:00:00 start_vwap 2017-04-27 09:35:00 last_bar 2017-04-27 13:30:00 Writing to ./data/GCI_livesignals_20170427_09_40_37.csv ./data/GCI_last.csv
ET:  0.08  minutes
now 2017-04-27 13:40:00.656000 return data: last bar 2017-04-27 13:35:00 last processed bar 2017-04-27 13:30:00
GCI: Warning! 596 bars requested 68 bars returned.
start_idx [(19, Timestamp('2017-04-27 09:35:00'))]
start_ema 2017-04-27 08:00:00 start_vwap 2017-04-27 09:35:00 last_bar 2017-04-27 13:35:00 Writing to ./data/GCI_livesignals_20170427_09_40_37.csv ./data/GCI_last.csv
ET:  0.06  minutes
now 2017-04-27 13:45:00.028000 return data: last bar 2017-04-27 13:40:00 last processed bar 2017-04-27 13:35:00
GCI: Warning! 596 bars requested 69 bars returned.
start_idx [(19, Timestamp('2017-04-27 09:35:00'))]
start_ema 2017-04-27 08:00:00 start_vwap 2017-04-27 09:35:00 last_bar 2017-04-27 13:40:00 Writing to ./data/GCI_livesignals_20170427_09_40_37.csv ./data/GCI_last.csv
ET:  0.08  minutes
now 2017-04-27 13:50:01.550000 return data: last bar 2017-04-27 13:45:00 last processed bar 2017-04-27 13:40:00
GCI: Warning! 596 bars requested 70 bars returned.
start_idx [(19, Timestamp('2017-04-27 09:35:00'))]
start_ema 2017-04-27 08:00:00 start_vwap 2017-04-27 09:35:00 last_bar 2017-04-27 13:45:00 Writing to ./data/GCI_livesignals_20170427_09_40_37.csv ./data/GCI_last.csv
ET:  0.06  minutes
now 2017-04-27 13:55:00.103000 return data: last bar 2017-04-27 13:50:00 last processed bar 2017-04-27 13:45:00
GCI: Warning! 596 bars requested 71 bars returned.
start_idx [(19, Timestamp('2017-04-27 09:35:00'))]
start_ema 2017-04-27 08:00:00 start_vwap 2017-04-27 09:35:00 last_bar 2017-04-27 13:50:00 Writing to ./data/GCI_livesignals_20170427_09_40_37.csv ./data/GCI_last.csv
ET:  0.06  minutes
now 2017-04-27 14:00:00.823000 return data: last bar 2017-04-27 13:55:00 last processed bar 2017-04-27 13:50:00
GCI: Warning! 596 bars requested 72 bars returned.
start_idx [(19, Timestamp('2017-04-27 09:35:00'))]
start_ema 2017-04-27 08:00:00 start_vwap 2017-04-27 09:35:00 last_bar 2017-04-27 13:55:00 Writing to ./data/GCI_livesignals_20170427_09_40_37.csv ./data/GCI_last.csv
ET:  0.05  minutes
now 2017-04-27 14:05:01.738000 return data: last bar 2017-04-27 14:00:00 last processed bar 2017-04-27 13:55:00
GCI: Warning! 596 bars requested 73 bars returned.
start_idx [(19, Timestamp('2017-04-27 09:35:00'))]
start_ema 2017-04-27 08:00:00 start_vwap 2017-04-27 09:35:00 last_bar 2017-04-27 14:00:00 Writing to ./data/GCI_livesignals_20170427_09_40_37.csv ./data/GCI_last.csv
ET:  0.04  minutes
now 2017-04-27 14:10:01.468000 return data: last bar 2017-04-27 14:05:00 last processed bar 2017-04-27 14:00:00
GCI: Warning! 596 bars requested 74 bars returned.
start_idx [(19, Timestamp('2017-04-27 09:35:00'))]
start_ema 2017-04-27 08:00:00 start_vwap 2017-04-27 09:35:00 last_bar 2017-04-27 14:05:00 Writing to ./data/GCI_livesignals_20170427_09_40_37.csv ./data/GCI_last.csv
ET:  0.04  minutes
now 2017-04-27 14:15:01.154000 return data: last bar 2017-04-27 14:10:00 last processed bar 2017-04-27 14:05:00
GCI: Warning! 596 bars requested 75 bars returned.
start_idx [(19, Timestamp('2017-04-27 09:35:00'))]
start_ema 2017-04-27 08:00:00 start_vwap 2017-04-27 09:35:00 last_bar 2017-04-27 14:10:00 Writing to ./data/GCI_livesignals_20170427_09_40_37.csv ./data/GCI_last.csv
ET:  0.05  minutes
now 2017-04-27 14:20:00.228000 return data: last bar 2017-04-27 14:15:00 last processed bar 2017-04-27 14:10:00
GCI: Warning! 596 bars requested 76 bars returned.
start_idx [(19, Timestamp('2017-04-27 09:35:00'))]
start_ema 2017-04-27 08:00:00 start_vwap 2017-04-27 09:35:00 last_bar 2017-04-27 14:15:00 Writing to ./data/GCI_livesignals_20170427_09_40_37.csv ./data/GCI_last.csv
ET:  0.05  minutes
now 2017-04-27 14:25:01.155000 return data: last bar 2017-04-27 14:20:00 last processed bar 2017-04-27 14:15:00
GCI: Warning! 596 bars requested 77 bars returned.
start_idx [(19, Timestamp('2017-04-27 09:35:00'))]
start_ema 2017-04-27 08:00:00 start_vwap 2017-04-27 09:35:00 last_bar 2017-04-27 14:20:00 Writing to ./data/GCI_livesignals_20170427_09_40_37.csv ./data/GCI_last.csv
ET:  0.02  minutes
now 2017-04-27 14:30:00.668000 return data: last bar 2017-04-27 14:25:00 last processed bar 2017-04-27 14:20:00
GCI: Warning! 596 bars requested 78 bars returned.
start_idx [(19, Timestamp('2017-04-27 09:35:00'))]
start_ema 2017-04-27 08:00:00 start_vwap 2017-04-27 09:35:00 last_bar 2017-04-27 14:25:00 Writing to ./data/GCI_livesignals_20170427_09_40_37.csv ./data/GCI_last.csv
ET:  0.07  minutes
now 2017-04-27 14:35:01.187000 return data: last bar 2017-04-27 14:30:00 last processed bar 2017-04-27 14:25:00
GCI: Warning! 596 bars requested 79 bars returned.
start_idx [(19, Timestamp('2017-04-27 09:35:00'))]
start_ema 2017-04-27 08:00:00 start_vwap 2017-04-27 09:35:00 last_bar 2017-04-27 14:30:00 Writing to ./data/GCI_livesignals_20170427_09_40_37.csv ./data/GCI_last.csv
ET:  0.05  minutes
now 2017-04-27 14:40:03.412000 return data: last bar 2017-04-27 14:35:00 last processed bar 2017-04-27 14:30:00
GCI: Warning! 596 bars requested 80 bars returned.
start_idx [(19, Timestamp('2017-04-27 09:35:00'))]
start_ema 2017-04-27 08:00:00 start_vwap 2017-04-27 09:35:00 last_bar 2017-04-27 14:35:00 Writing to ./data/GCI_livesignals_20170427_09_40_37.csv ./data/GCI_last.csv
ET:  0.04  minutes
now 2017-04-27 14:45:01.721000 return data: last bar 2017-04-27 14:40:00 last processed bar 2017-04-27 14:35:00
GCI: Warning! 596 bars requested 81 bars returned.
start_idx [(19, Timestamp('2017-04-27 09:35:00'))]
start_ema 2017-04-27 08:00:00 start_vwap 2017-04-27 09:35:00 last_bar 2017-04-27 14:40:00 Writing to ./data/GCI_livesignals_20170427_09_40_37.csv ./data/GCI_last.csv
ET:  0.03  minutes
now 2017-04-27 14:50:00.404000 return data: last bar 2017-04-27 14:45:00 last processed bar 2017-04-27 14:40:00
GCI: Warning! 596 bars requested 82 bars returned.
start_idx [(19, Timestamp('2017-04-27 09:35:00'))]
start_ema 2017-04-27 08:00:00 start_vwap 2017-04-27 09:35:00 last_bar 2017-04-27 14:45:00 Writing to ./data/GCI_livesignals_20170427_09_40_37.csv ./data/GCI_last.csv
ET:  0.07  minutes
now 2017-04-27 14:55:00.389000 return data: last bar 2017-04-27 14:50:00 last processed bar 2017-04-27 14:45:00
GCI: Warning! 596 bars requested 83 bars returned.
start_idx [(19, Timestamp('2017-04-27 09:35:00'))]
start_ema 2017-04-27 08:00:00 start_vwap 2017-04-27 09:35:00 last_bar 2017-04-27 14:50:00 Writing to ./data/GCI_livesignals_20170427_09_40_37.csv ./data/GCI_last.csv
ET:  0.02  minutes
now 2017-04-27 15:00:01.411000 return data: last bar 2017-04-27 14:55:00 last processed bar 2017-04-27 14:50:00
GCI: Warning! 596 bars requested 84 bars returned.
start_idx [(19, Timestamp('2017-04-27 09:35:00'))]
start_ema 2017-04-27 08:00:00 start_vwap 2017-04-27 09:35:00 last_bar 2017-04-27 14:55:00 Writing to ./data/GCI_livesignals_20170427_09_40_37.csv ./data/GCI_last.csv
ET:  0.07  minutes
now 2017-04-27 15:05:00.483000 return data: last bar 2017-04-27 15:00:00 last processed bar 2017-04-27 14:55:00
GCI: Warning! 596 bars requested 85 bars returned.
start_idx [(19, Timestamp('2017-04-27 09:35:00'))]
start_ema 2017-04-27 08:00:00 start_vwap 2017-04-27 09:35:00 last_bar 2017-04-27 15:00:00 Writing to ./data/GCI_livesignals_20170427_09_40_37.csv ./data/GCI_last.csv
ET:  0.07  minutes
now 2017-04-27 15:10:01.401000 return data: last bar 2017-04-27 15:05:00 last processed bar 2017-04-27 15:00:00
GCI: Warning! 596 bars requested 86 bars returned.
start_idx [(19, Timestamp('2017-04-27 09:35:00'))]
start_ema 2017-04-27 08:00:00 start_vwap 2017-04-27 09:35:00 last_bar 2017-04-27 15:05:00 Writing to ./data/GCI_livesignals_20170427_09_40_37.csv ./data/GCI_last.csv
ET:  0.02  minutes
now 2017-04-27 15:15:01.203000 return data: last bar 2017-04-27 15:10:00 last processed bar 2017-04-27 15:05:00
GCI: Warning! 596 bars requested 87 bars returned.
start_idx [(19, Timestamp('2017-04-27 09:35:00'))]
start_ema 2017-04-27 08:00:00 start_vwap 2017-04-27 09:35:00 last_bar 2017-04-27 15:10:00 Writing to ./data/GCI_livesignals_20170427_09_40_37.csv ./data/GCI_last.csv
ET:  0.07  minutes
now 2017-04-27 15:20:00.240000 return data: last bar 2017-04-27 15:15:00 last processed bar 2017-04-27 15:10:00
GCI: Warning! 596 bars requested 88 bars returned.
start_idx [(19, Timestamp('2017-04-27 09:35:00'))]
start_ema 2017-04-27 08:00:00 start_vwap 2017-04-27 09:35:00 last_bar 2017-04-27 15:15:00 Writing to ./data/GCI_livesignals_20170427_09_40_37.csv ./data/GCI_last.csv
ET:  0.07  minutes
now 2017-04-27 15:25:00.841000 return data: last bar 2017-04-27 15:20:00 last processed bar 2017-04-27 15:15:00
GCI: Warning! 596 bars requested 89 bars returned.
start_idx [(19, Timestamp('2017-04-27 09:35:00'))]
start_ema 2017-04-27 08:00:00 start_vwap 2017-04-27 09:35:00 last_bar 2017-04-27 15:20:00 Writing to ./data/GCI_livesignals_20170427_09_40_37.csv ./data/GCI_last.csv
ET:  0.06  minutes
now 2017-04-27 15:30:01.122000 return data: last bar 2017-04-27 15:30:00 last processed bar 2017-04-27 15:20:00
GCI: Warning! 596 bars requested 91 bars returned.
start_idx [(19, Timestamp('2017-04-27 09:35:00'))]
start_ema 2017-04-27 08:00:00 start_vwap 2017-04-27 09:35:00 last_bar 2017-04-27 15:30:00 Writing to ./data/GCI_livesignals_20170427_09_40_37.csv ./data/GCI_last.csv
ET:  0.03  minutes
now 2017-04-27 15:35:01.808000 return None: last bar 2017-04-27 15:30:00 last processed bar 2017-04-27 15:30:00
GCI getFeed did not return any data! last bar: 2017-04-27 15:30:00 now: 15:35:02.274000
now 2017-04-27 15:40:03.672000 return data: last bar 2017-04-27 15:35:00 last processed bar 2017-04-27 15:30:00
GCI: Warning! 596 bars requested 92 bars returned.
start_idx [(19, Timestamp('2017-04-27 09:35:00'))]
start_ema 2017-04-27 08:00:00 start_vwap 2017-04-27 09:35:00 last_bar 2017-04-27 15:35:00 Writing to ./data/GCI_livesignals_20170427_09_40_37.csv ./data/GCI_last.csv
ET:  0.04  minutes
now 2017-04-27 15:45:01.753000 return data: last bar 2017-04-27 15:40:00 last processed bar 2017-04-27 15:35:00
GCI: Warning! 596 bars requested 93 bars returned.
start_idx [(19, Timestamp('2017-04-27 09:35:00'))]
start_ema 2017-04-27 08:00:00 start_vwap 2017-04-27 09:35:00 last_bar 2017-04-27 15:40:00 Writing to ./data/GCI_livesignals_20170427_09_40_37.csv ./data/GCI_last.csv
ET:  0.08  minutes
now 2017-04-27 15:50:00.595000 return data: last bar 2017-04-27 15:45:00 last processed bar 2017-04-27 15:40:00
GCI: Warning! 596 bars requested 94 bars returned.
start_idx [(19, Timestamp('2017-04-27 09:35:00'))]
start_ema 2017-04-27 08:00:00 start_vwap 2017-04-27 09:35:00 last_bar 2017-04-27 15:45:00 Writing to ./data/GCI_livesignals_20170427_09_40_37.csv ./data/GCI_last.csv
ET:  0.07  minutes
now 2017-04-27 15:55:01.917000
