return data: last bar 2017-04-27 09:35:00 last processed bar 1000-01-01 00:00:00
GPK: Warning! 596 bars requested 20 bars returned.
start_idx [(19, Timestamp('2017-04-27 09:35:00'))]
start_ema 2017-04-27 08:00:00 start_vwap 2017-04-27 09:35:00 last_bar 2017-04-27 09:35:00 ET:  0.04  minutes
now 2017-04-27 09:45:00.472000 return None: last bar 2017-04-27 09:35:00 last processed bar 2017-04-27 09:35:00
GPK getFeed did not return any data! last bar: 2017-04-27 09:35:00 now: 09:45:00.672000
now 2017-04-27 09:50:02.786000 return data: last bar 2017-04-27 09:40:00 last processed bar 2017-04-27 09:35:00
GPK: Warning! 596 bars requested 21 bars returned.
start_idx [(19, Timestamp('2017-04-27 09:35:00'))]
start_ema 2017-04-27 08:00:00 start_vwap 2017-04-27 09:35:00 last_bar 2017-04-27 09:40:00 Writing to ./data/GPK_livesignals_20170427_09_40_45.csv ./data/GPK_last.csv
ET:  0.05  minutes
now 2017-04-27 09:55:00.059000 return data: last bar 2017-04-27 09:45:00 last processed bar 2017-04-27 09:40:00
GPK: Warning! 596 bars requested 22 bars returned.
start_idx [(19, Timestamp('2017-04-27 09:35:00'))]
start_ema 2017-04-27 08:00:00 start_vwap 2017-04-27 09:35:00 last_bar 2017-04-27 09:45:00 Writing to ./data/GPK_livesignals_20170427_09_40_45.csv ./data/GPK_last.csv
ET:  0.06  minutes
now 2017-04-27 10:00:00.965000 return data: last bar 2017-04-27 09:50:00 last processed bar 2017-04-27 09:45:00
GPK: Warning! 596 bars requested 23 bars returned.
start_idx [(19, Timestamp('2017-04-27 09:35:00'))]
start_ema 2017-04-27 08:00:00 start_vwap 2017-04-27 09:35:00 last_bar 2017-04-27 09:50:00 Writing to ./data/GPK_livesignals_20170427_09_40_45.csv ./data/GPK_last.csv
ET:  0.06  minutes
now 2017-04-27 10:05:02.551000 return data: last bar 2017-04-27 09:55:00 last processed bar 2017-04-27 09:50:00
GPK: Warning! 596 bars requested 24 bars returned.
start_idx [(19, Timestamp('2017-04-27 09:35:00'))]
start_ema 2017-04-27 08:00:00 start_vwap 2017-04-27 09:35:00 last_bar 2017-04-27 09:55:00 Writing to ./data/GPK_livesignals_20170427_09_40_45.csv ./data/GPK_last.csv
ET:  0.05  minutes
now 2017-04-27 10:10:00.796000 return data: last bar 2017-04-27 10:00:00 last processed bar 2017-04-27 09:55:00
GPK: Warning! 596 bars requested 25 bars returned.
start_idx [(19, Timestamp('2017-04-27 09:35:00'))]
start_ema 2017-04-27 08:00:00 start_vwap 2017-04-27 09:35:00 last_bar 2017-04-27 10:00:00 Writing to ./data/GPK_livesignals_20170427_09_40_45.csv ./data/GPK_last.csv
ET:  0.07  minutes
now 2017-04-27 10:15:01.915000 return data: last bar 2017-04-27 10:10:00 last processed bar 2017-04-27 10:00:00
GPK: Warning! 596 bars requested 27 bars returned.
start_idx [(19, Timestamp('2017-04-27 09:35:00'))]
start_ema 2017-04-27 08:00:00 start_vwap 2017-04-27 09:35:00 last_bar 2017-04-27 10:10:00 Writing to ./data/GPK_livesignals_20170427_09_40_45.csv ./data/GPK_last.csv
ET:  0.04  minutes
now 2017-04-27 10:20:00.828000 return data: last bar 2017-04-27 10:15:00 last processed bar 2017-04-27 10:10:00
GPK: Warning! 596 bars requested 28 bars returned.
start_idx [(19, Timestamp('2017-04-27 09:35:00'))]
start_ema 2017-04-27 08:00:00 start_vwap 2017-04-27 09:35:00 last_bar 2017-04-27 10:15:00 Writing to ./data/GPK_livesignals_20170427_09_40_45.csv ./data/GPK_last.csv
ET:  0.07  minutes
now 2017-04-27 10:25:02.824000 return data: last bar 2017-04-27 10:20:00 last processed bar 2017-04-27 10:15:00
GPK: Warning! 596 bars requested 29 bars returned.
start_idx [(19, Timestamp('2017-04-27 09:35:00'))]
start_ema 2017-04-27 08:00:00 start_vwap 2017-04-27 09:35:00 last_bar 2017-04-27 10:20:00 Writing to ./data/GPK_livesignals_20170427_09_40_45.csv ./data/GPK_last.csv
ET:  0.05  minutes
now 2017-04-27 10:30:00.087000 return data: last bar 2017-04-27 10:25:00 last processed bar 2017-04-27 10:20:00
GPK: Warning! 596 bars requested 30 bars returned.
start_idx [(19, Timestamp('2017-04-27 09:35:00'))]
start_ema 2017-04-27 08:00:00 start_vwap 2017-04-27 09:35:00 last_bar 2017-04-27 10:25:00 Writing to ./data/GPK_livesignals_20170427_09_40_45.csv ./data/GPK_last.csv
ET:  0.07  minutes
now 2017-04-27 10:35:00.144000 return data: last bar 2017-04-27 10:30:00 last processed bar 2017-04-27 10:25:00
GPK: Warning! 596 bars requested 31 bars returned.
start_idx [(19, Timestamp('2017-04-27 09:35:00'))]
start_ema 2017-04-27 08:00:00 start_vwap 2017-04-27 09:35:00 last_bar 2017-04-27 10:30:00 Writing to ./data/GPK_livesignals_20170427_09_40_45.csv ./data/GPK_last.csv
ET:  0.06  minutes
now 2017-04-27 10:40:01.506000 return data: last bar 2017-04-27 10:35:00 last processed bar 2017-04-27 10:30:00
GPK: Warning! 596 bars requested 32 bars returned.
start_idx [(19, Timestamp('2017-04-27 09:35:00'))]
start_ema 2017-04-27 08:00:00 start_vwap 2017-04-27 09:35:00 last_bar 2017-04-27 10:35:00 Writing to ./data/GPK_livesignals_20170427_09_40_45.csv ./data/GPK_last.csv
ET:  0.06  minutes
now 2017-04-27 10:45:03.379000 return data: last bar 2017-04-27 10:40:00 last processed bar 2017-04-27 10:35:00
GPK: Warning! 596 bars requested 33 bars returned.
start_idx [(19, Timestamp('2017-04-27 09:35:00'))]
start_ema 2017-04-27 08:00:00 start_vwap 2017-04-27 09:35:00 last_bar 2017-04-27 10:40:00 Writing to ./data/GPK_livesignals_20170427_09_40_45.csv ./data/GPK_last.csv
ET:  0.05  minutes
now 2017-04-27 10:50:01.166000 return data: last bar 2017-04-27 10:45:00 last processed bar 2017-04-27 10:40:00
GPK: Warning! 596 bars requested 34 bars returned.
start_idx [(19, Timestamp('2017-04-27 09:35:00'))]
start_ema 2017-04-27 08:00:00 start_vwap 2017-04-27 09:35:00 last_bar 2017-04-27 10:45:00 Writing to ./data/GPK_livesignals_20170427_09_40_45.csv ./data/GPK_last.csv
ET:  0.07  minutes
now 2017-04-27 10:55:00.530000 return data: last bar 2017-04-27 10:50:00 last processed bar 2017-04-27 10:45:00
GPK: Warning! 596 bars requested 35 bars returned.
start_idx [(19, Timestamp('2017-04-27 09:35:00'))]
start_ema 2017-04-27 08:00:00 start_vwap 2017-04-27 09:35:00 last_bar 2017-04-27 10:50:00 Writing to ./data/GPK_livesignals_20170427_09_40_45.csv ./data/GPK_last.csv
ET:  0.06  minutes
now 2017-04-27 11:00:00.078000 return data: last bar 2017-04-27 10:55:00 last processed bar 2017-04-27 10:50:00
GPK: Warning! 596 bars requested 36 bars returned.
start_idx [(19, Timestamp('2017-04-27 09:35:00'))]
start_ema 2017-04-27 08:00:00 start_vwap 2017-04-27 09:35:00 last_bar 2017-04-27 10:55:00 Writing to ./data/GPK_livesignals_20170427_09_40_45.csv ./data/GPK_last.csv
ET:  0.11  minutes
now 2017-04-27 11:05:02.343000 return data: last bar 2017-04-27 11:00:00 last processed bar 2017-04-27 10:55:00
GPK: Warning! 596 bars requested 37 bars returned.
start_idx [(19, Timestamp('2017-04-27 09:35:00'))]
start_ema 2017-04-27 08:00:00 start_vwap 2017-04-27 09:35:00 last_bar 2017-04-27 11:00:00 Writing to ./data/GPK_livesignals_20170427_09_40_45.csv ./data/GPK_last.csv
ET:  0.05  minutes
now 2017-04-27 11:10:00.048000 return data: last bar 2017-04-27 11:05:00 last processed bar 2017-04-27 11:00:00
GPK: Warning! 596 bars requested 38 bars returned.
start_idx [(19, Timestamp('2017-04-27 09:35:00'))]
start_ema 2017-04-27 08:00:00 start_vwap 2017-04-27 09:35:00 last_bar 2017-04-27 11:05:00 Writing to ./data/GPK_livesignals_20170427_09_40_45.csv ./data/GPK_last.csv
ET:  0.06  minutes
now 2017-04-27 11:15:01.481000 return data: last bar 2017-04-27 11:10:00 last processed bar 2017-04-27 11:05:00
GPK: Warning! 596 bars requested 39 bars returned.
start_idx [(19, Timestamp('2017-04-27 09:35:00'))]
start_ema 2017-04-27 08:00:00 start_vwap 2017-04-27 09:35:00 last_bar 2017-04-27 11:10:00 Writing to ./data/GPK_livesignals_20170427_09_40_45.csv ./data/GPK_last.csv
ET:  0.06  minutes
now 2017-04-27 11:20:00.748000 return data: last bar 2017-04-27 11:15:00 last processed bar 2017-04-27 11:10:00
GPK: Warning! 596 bars requested 40 bars returned.
start_idx [(19, Timestamp('2017-04-27 09:35:00'))]
start_ema 2017-04-27 08:00:00 start_vwap 2017-04-27 09:35:00 last_bar 2017-04-27 11:15:00 Writing to ./data/GPK_livesignals_20170427_09_40_45.csv ./data/GPK_last.csv
ET:  0.11  minutes
now 2017-04-27 11:25:00.114000 return data: last bar 2017-04-27 11:20:00 last processed bar 2017-04-27 11:15:00
GPK: Warning! 596 bars requested 41 bars returned.
start_idx [(19, Timestamp('2017-04-27 09:35:00'))]
start_ema 2017-04-27 08:00:00 start_vwap 2017-04-27 09:35:00 last_bar 2017-04-27 11:20:00 Writing to ./data/GPK_livesignals_20170427_09_40_45.csv ./data/GPK_last.csv
ET:  0.06  minutes
now 2017-04-27 11:30:03.181000 return data: last bar 2017-04-27 11:25:00 last processed bar 2017-04-27 11:20:00
GPK: Warning! 596 bars requested 42 bars returned.
start_idx [(19, Timestamp('2017-04-27 09:35:00'))]
start_ema 2017-04-27 08:00:00 start_vwap 2017-04-27 09:35:00 last_bar 2017-04-27 11:25:00 Writing to ./data/GPK_livesignals_20170427_09_40_45.csv ./data/GPK_last.csv
ET:  0.05  minutes
now 2017-04-27 11:35:00.561000 return data: last bar 2017-04-27 11:35:00 last processed bar 2017-04-27 11:25:00
GPK: Warning! 596 bars requested 44 bars returned.
start_idx [(19, Timestamp('2017-04-27 09:35:00'))]
start_ema 2017-04-27 08:00:00 start_vwap 2017-04-27 09:35:00 last_bar 2017-04-27 11:35:00 Writing to ./data/GPK_livesignals_20170427_09_40_45.csv ./data/GPK_last.csv
ET:  0.07  minutes
now 2017-04-27 11:40:00.893000 return None: last bar 2017-04-27 11:35:00 last processed bar 2017-04-27 11:35:00
GPK getFeed did not return any data! last bar: 2017-04-27 11:35:00 now: 11:40:01.352000
now 2017-04-27 11:45:00.150000 return data: last bar 2017-04-27 11:40:00 last processed bar 2017-04-27 11:35:00
GPK: Warning! 596 bars requested 45 bars returned.
start_idx [(19, Timestamp('2017-04-27 09:35:00'))]
start_ema 2017-04-27 08:00:00 start_vwap 2017-04-27 09:35:00 last_bar 2017-04-27 11:40:00 Writing to ./data/GPK_livesignals_20170427_09_40_45.csv ./data/GPK_last.csv
ET:  0.06  minutes
now 2017-04-27 11:50:00.977000 return data: last bar 2017-04-27 11:45:00 last processed bar 2017-04-27 11:40:00
GPK: Warning! 596 bars requested 46 bars returned.
start_idx [(19, Timestamp('2017-04-27 09:35:00'))]
start_ema 2017-04-27 08:00:00 start_vwap 2017-04-27 09:35:00 last_bar 2017-04-27 11:45:00 Writing to ./data/GPK_livesignals_20170427_09_40_45.csv ./data/GPK_last.csv
ET:  0.06  minutes
now 2017-04-27 11:55:00.766000 return data: last bar 2017-04-27 11:50:00 last processed bar 2017-04-27 11:45:00
GPK: Warning! 596 bars requested 47 bars returned.
start_idx [(19, Timestamp('2017-04-27 09:35:00'))]
start_ema 2017-04-27 08:00:00 start_vwap 2017-04-27 09:35:00 last_bar 2017-04-27 11:50:00 Writing to ./data/GPK_livesignals_20170427_09_40_45.csv ./data/GPK_last.csv
ET:  0.08  minutes
now 2017-04-27 12:00:00.698000 return data: last bar 2017-04-27 11:55:00 last processed bar 2017-04-27 11:50:00
GPK: Warning! 596 bars requested 48 bars returned.
start_idx [(19, Timestamp('2017-04-27 09:35:00'))]
start_ema 2017-04-27 08:00:00 start_vwap 2017-04-27 09:35:00 last_bar 2017-04-27 11:55:00 Writing to ./data/GPK_livesignals_20170427_09_40_45.csv ./data/GPK_last.csv
ET:  0.1  minutes
now 2017-04-27 12:05:00.973000 return data: last bar 2017-04-27 12:00:00 last processed bar 2017-04-27 11:55:00
GPK: Warning! 596 bars requested 49 bars returned.
start_idx [(19, Timestamp('2017-04-27 09:35:00'))]
start_ema 2017-04-27 08:00:00 start_vwap 2017-04-27 09:35:00 last_bar 2017-04-27 12:00:00 Writing to ./data/GPK_livesignals_20170427_09_40_45.csv ./data/GPK_last.csv
ET:  0.07  minutes
now 2017-04-27 12:10:01.150000 return data: last bar 2017-04-27 12:05:00 last processed bar 2017-04-27 12:00:00
GPK: Warning! 596 bars requested 50 bars returned.
start_idx [(19, Timestamp('2017-04-27 09:35:00'))]
start_ema 2017-04-27 08:00:00 start_vwap 2017-04-27 09:35:00 last_bar 2017-04-27 12:05:00 Writing to ./data/GPK_livesignals_20170427_09_40_45.csv ./data/GPK_last.csv
ET:  0.09  minutes
now 2017-04-27 12:15:01.103000 return data: last bar 2017-04-27 12:10:00 last processed bar 2017-04-27 12:05:00
GPK: Warning! 596 bars requested 51 bars returned.
start_idx [(19, Timestamp('2017-04-27 09:35:00'))]
start_ema 2017-04-27 08:00:00 start_vwap 2017-04-27 09:35:00 last_bar 2017-04-27 12:10:00 Writing to ./data/GPK_livesignals_20170427_09_40_45.csv ./data/GPK_last.csv
ET:  0.05  minutes
now 2017-04-27 12:20:00.465000 return data: last bar 2017-04-27 12:15:00 last processed bar 2017-04-27 12:10:00
GPK: Warning! 596 bars requested 52 bars returned.
start_idx [(19, Timestamp('2017-04-27 09:35:00'))]
start_ema 2017-04-27 08:00:00 start_vwap 2017-04-27 09:35:00 last_bar 2017-04-27 12:15:00 Writing to ./data/GPK_livesignals_20170427_09_40_45.csv ./data/GPK_last.csv
ET:  0.06  minutes
now 2017-04-27 12:25:01.893000 return data: last bar 2017-04-27 12:20:00 last processed bar 2017-04-27 12:15:00
GPK: Warning! 596 bars requested 53 bars returned.
start_idx [(19, Timestamp('2017-04-27 09:35:00'))]
start_ema 2017-04-27 08:00:00 start_vwap 2017-04-27 09:35:00 last_bar 2017-04-27 12:20:00 Writing to ./data/GPK_livesignals_20170427_09_40_45.csv ./data/GPK_last.csv
ET:  0.06  minutes
now 2017-04-27 12:30:00.285000 return data: last bar 2017-04-27 12:25:00 last processed bar 2017-04-27 12:20:00
GPK: Warning! 596 bars requested 54 bars returned.
start_idx [(19, Timestamp('2017-04-27 09:35:00'))]
start_ema 2017-04-27 08:00:00 start_vwap 2017-04-27 09:35:00 last_bar 2017-04-27 12:25:00 Writing to ./data/GPK_livesignals_20170427_09_40_45.csv ./data/GPK_last.csv
ET:  0.07  minutes
now 2017-04-27 12:35:01.225000 return data: last bar 2017-04-27 12:30:00 last processed bar 2017-04-27 12:25:00
GPK: Warning! 596 bars requested 55 bars returned.
start_idx [(19, Timestamp('2017-04-27 09:35:00'))]
start_ema 2017-04-27 08:00:00 start_vwap 2017-04-27 09:35:00 last_bar 2017-04-27 12:30:00 Writing to ./data/GPK_livesignals_20170427_09_40_45.csv ./data/GPK_last.csv
ET:  0.07  minutes
now 2017-04-27 12:40:00.764000 return data: last bar 2017-04-27 12:35:00 last processed bar 2017-04-27 12:30:00
GPK: Warning! 596 bars requested 56 bars returned.
start_idx [(19, Timestamp('2017-04-27 09:35:00'))]
start_ema 2017-04-27 08:00:00 start_vwap 2017-04-27 09:35:00 last_bar 2017-04-27 12:35:00 Writing to ./data/GPK_livesignals_20170427_09_40_45.csv ./data/GPK_last.csv
ET:  0.07  minutes
now 2017-04-27 12:45:00.273000 return data: last bar 2017-04-27 12:40:00 last processed bar 2017-04-27 12:35:00
GPK: Warning! 596 bars requested 57 bars returned.
start_idx [(19, Timestamp('2017-04-27 09:35:00'))]
start_ema 2017-04-27 08:00:00 start_vwap 2017-04-27 09:35:00 last_bar 2017-04-27 12:40:00 Writing to ./data/GPK_livesignals_20170427_09_40_45.csv ./data/GPK_last.csv
ET:  0.06  minutes
now 2017-04-27 12:50:01.174000 return data: last bar 2017-04-27 12:45:00 last processed bar 2017-04-27 12:40:00
GPK: Warning! 596 bars requested 58 bars returned.
start_idx [(19, Timestamp('2017-04-27 09:35:00'))]
start_ema 2017-04-27 08:00:00 start_vwap 2017-04-27 09:35:00 last_bar 2017-04-27 12:45:00 Writing to ./data/GPK_livesignals_20170427_09_40_45.csv ./data/GPK_last.csv
ET:  0.08  minutes
now 2017-04-27 12:55:00.845000 return data: last bar 2017-04-27 12:50:00 last processed bar 2017-04-27 12:45:00
GPK: Warning! 596 bars requested 59 bars returned.
start_idx [(19, Timestamp('2017-04-27 09:35:00'))]
start_ema 2017-04-27 08:00:00 start_vwap 2017-04-27 09:35:00 last_bar 2017-04-27 12:50:00 Writing to ./data/GPK_livesignals_20170427_09_40_45.csv ./data/GPK_last.csv
ET:  0.1  minutes
now 2017-04-27 13:00:04.584000 return data: last bar 2017-04-27 12:55:00 last processed bar 2017-04-27 12:50:00
GPK: Warning! 596 bars requested 60 bars returned.
start_idx [(19, Timestamp('2017-04-27 09:35:00'))]
start_ema 2017-04-27 08:00:00 start_vwap 2017-04-27 09:35:00 last_bar 2017-04-27 12:55:00 Writing to ./data/GPK_livesignals_20170427_09_40_45.csv ./data/GPK_last.csv
ET:  0.05  minutes
now 2017-04-27 13:05:00.595000 return data: last bar 2017-04-27 13:00:00 last processed bar 2017-04-27 12:55:00
GPK: Warning! 596 bars requested 61 bars returned.
start_idx [(19, Timestamp('2017-04-27 09:35:00'))]
start_ema 2017-04-27 08:00:00 start_vwap 2017-04-27 09:35:00 last_bar 2017-04-27 13:00:00 Writing to ./data/GPK_livesignals_20170427_09_40_45.csv ./data/GPK_last.csv
ET:  0.07  minutes
now 2017-04-27 13:10:01.474000 return data: last bar 2017-04-27 13:05:00 last processed bar 2017-04-27 13:00:00
GPK: Warning! 596 bars requested 62 bars returned.
start_idx [(19, Timestamp('2017-04-27 09:35:00'))]
start_ema 2017-04-27 08:00:00 start_vwap 2017-04-27 09:35:00 last_bar 2017-04-27 13:05:00 Writing to ./data/GPK_livesignals_20170427_09_40_45.csv ./data/GPK_last.csv
ET:  0.06  minutes
now 2017-04-27 13:15:00.272000 return data: last bar 2017-04-27 13:10:00 last processed bar 2017-04-27 13:05:00
GPK: Warning! 596 bars requested 63 bars returned.
start_idx [(19, Timestamp('2017-04-27 09:35:00'))]
start_ema 2017-04-27 08:00:00 start_vwap 2017-04-27 09:35:00 last_bar 2017-04-27 13:10:00 Writing to ./data/GPK_livesignals_20170427_09_40_45.csv ./data/GPK_last.csv
ET:  0.07  minutes
now 2017-04-27 13:20:00.709000 return data: last bar 2017-04-27 13:15:00 last processed bar 2017-04-27 13:10:00
GPK: Warning! 596 bars requested 64 bars returned.
start_idx [(19, Timestamp('2017-04-27 09:35:00'))]
start_ema 2017-04-27 08:00:00 start_vwap 2017-04-27 09:35:00 last_bar 2017-04-27 13:15:00 Writing to ./data/GPK_livesignals_20170427_09_40_45.csv ./data/GPK_last.csv
ET:  0.06  minutes
now 2017-04-27 13:25:00.541000 return data: last bar 2017-04-27 13:20:00 last processed bar 2017-04-27 13:15:00
GPK: Warning! 596 bars requested 65 bars returned.
start_idx [(19, Timestamp('2017-04-27 09:35:00'))]
start_ema 2017-04-27 08:00:00 start_vwap 2017-04-27 09:35:00 last_bar 2017-04-27 13:20:00 Writing to ./data/GPK_livesignals_20170427_09_40_45.csv ./data/GPK_last.csv
ET:  0.1  minutes
now 2017-04-27 13:30:00.407000 return data: last bar 2017-04-27 13:25:00 last processed bar 2017-04-27 13:20:00
GPK: Warning! 596 bars requested 66 bars returned.
start_idx [(19, Timestamp('2017-04-27 09:35:00'))]
start_ema 2017-04-27 08:00:00 start_vwap 2017-04-27 09:35:00 last_bar 2017-04-27 13:25:00 Writing to ./data/GPK_livesignals_20170427_09_40_45.csv ./data/GPK_last.csv
ET:  0.05  minutes
now 2017-04-27 13:35:00.839000 return data: last bar 2017-04-27 13:30:00 last processed bar 2017-04-27 13:25:00
GPK: Warning! 596 bars requested 67 bars returned.
start_idx [(19, Timestamp('2017-04-27 09:35:00'))]
start_ema 2017-04-27 08:00:00 start_vwap 2017-04-27 09:35:00 last_bar 2017-04-27 13:30:00 Writing to ./data/GPK_livesignals_20170427_09_40_45.csv ./data/GPK_last.csv
ET:  0.06  minutes
now 2017-04-27 13:40:01.081000 return data: last bar 2017-04-27 13:35:00 last processed bar 2017-04-27 13:30:00
GPK: Warning! 596 bars requested 68 bars returned.
start_idx [(19, Timestamp('2017-04-27 09:35:00'))]
start_ema 2017-04-27 08:00:00 start_vwap 2017-04-27 09:35:00 last_bar 2017-04-27 13:35:00 Writing to ./data/GPK_livesignals_20170427_09_40_45.csv ./data/GPK_last.csv
ET:  0.05  minutes
now 2017-04-27 13:45:00.139000 return data: last bar 2017-04-27 13:40:00 last processed bar 2017-04-27 13:35:00
GPK: Warning! 596 bars requested 69 bars returned.
start_idx [(19, Timestamp('2017-04-27 09:35:00'))]
start_ema 2017-04-27 08:00:00 start_vwap 2017-04-27 09:35:00 last_bar 2017-04-27 13:40:00 Writing to ./data/GPK_livesignals_20170427_09_40_45.csv ./data/GPK_last.csv
ET:  0.09  minutes
now 2017-04-27 13:50:01.547000 return data: last bar 2017-04-27 13:45:00 last processed bar 2017-04-27 13:40:00
GPK: Warning! 596 bars requested 70 bars returned.
start_idx [(19, Timestamp('2017-04-27 09:35:00'))]
start_ema 2017-04-27 08:00:00 start_vwap 2017-04-27 09:35:00 last_bar 2017-04-27 13:45:00 Writing to ./data/GPK_livesignals_20170427_09_40_45.csv ./data/GPK_last.csv
ET:  0.07  minutes
now 2017-04-27 13:55:01.381000 return data: last bar 2017-04-27 13:50:00 last processed bar 2017-04-27 13:45:00
GPK: Warning! 596 bars requested 71 bars returned.
start_idx [(19, Timestamp('2017-04-27 09:35:00'))]
start_ema 2017-04-27 08:00:00 start_vwap 2017-04-27 09:35:00 last_bar 2017-04-27 13:50:00 Writing to ./data/GPK_livesignals_20170427_09_40_45.csv ./data/GPK_last.csv
ET:  0.06  minutes
now 2017-04-27 14:00:02.948000 return data: last bar 2017-04-27 13:55:00 last processed bar 2017-04-27 13:50:00
GPK: Warning! 596 bars requested 72 bars returned.
start_idx [(19, Timestamp('2017-04-27 09:35:00'))]
start_ema 2017-04-27 08:00:00 start_vwap 2017-04-27 09:35:00 last_bar 2017-04-27 13:55:00 Writing to ./data/GPK_livesignals_20170427_09_40_45.csv ./data/GPK_last.csv
ET:  0.05  minutes
now 2017-04-27 14:05:00.112000 return data: last bar 2017-04-27 14:00:00 last processed bar 2017-04-27 13:55:00
GPK: Warning! 596 bars requested 73 bars returned.
start_idx [(19, Timestamp('2017-04-27 09:35:00'))]
start_ema 2017-04-27 08:00:00 start_vwap 2017-04-27 09:35:00 last_bar 2017-04-27 14:00:00 Writing to ./data/GPK_livesignals_20170427_09_40_45.csv ./data/GPK_last.csv
ET:  0.07  minutes
now 2017-04-27 14:10:00.909000 return data: last bar 2017-04-27 14:05:00 last processed bar 2017-04-27 14:00:00
GPK: Warning! 596 bars requested 74 bars returned.
start_idx [(19, Timestamp('2017-04-27 09:35:00'))]
start_ema 2017-04-27 08:00:00 start_vwap 2017-04-27 09:35:00 last_bar 2017-04-27 14:05:00 Writing to ./data/GPK_livesignals_20170427_09_40_45.csv ./data/GPK_last.csv
ET:  0.06  minutes
now 2017-04-27 14:15:01.152000 return data: last bar 2017-04-27 14:10:00 last processed bar 2017-04-27 14:05:00
GPK: Warning! 596 bars requested 75 bars returned.
start_idx [(19, Timestamp('2017-04-27 09:35:00'))]
start_ema 2017-04-27 08:00:00 start_vwap 2017-04-27 09:35:00 last_bar 2017-04-27 14:10:00 Writing to ./data/GPK_livesignals_20170427_09_40_45.csv ./data/GPK_last.csv
ET:  0.07  minutes
now 2017-04-27 14:20:00.459000 return data: last bar 2017-04-27 14:15:00 last processed bar 2017-04-27 14:10:00
GPK: Warning! 596 bars requested 76 bars returned.
start_idx [(19, Timestamp('2017-04-27 09:35:00'))]
start_ema 2017-04-27 08:00:00 start_vwap 2017-04-27 09:35:00 last_bar 2017-04-27 14:15:00 Writing to ./data/GPK_livesignals_20170427_09_40_45.csv ./data/GPK_last.csv
ET:  0.08  minutes
now 2017-04-27 14:25:00.452000 return data: last bar 2017-04-27 14:20:00 last processed bar 2017-04-27 14:15:00
GPK: Warning! 596 bars requested 77 bars returned.
start_idx [(19, Timestamp('2017-04-27 09:35:00'))]
start_ema 2017-04-27 08:00:00 start_vwap 2017-04-27 09:35:00 last_bar 2017-04-27 14:20:00 Writing to ./data/GPK_livesignals_20170427_09_40_45.csv ./data/GPK_last.csv
ET:  0.06  minutes
now 2017-04-27 14:30:01.238000 return data: last bar 2017-04-27 14:25:00 last processed bar 2017-04-27 14:20:00
GPK: Warning! 596 bars requested 78 bars returned.
start_idx [(19, Timestamp('2017-04-27 09:35:00'))]
start_ema 2017-04-27 08:00:00 start_vwap 2017-04-27 09:35:00 last_bar 2017-04-27 14:25:00 Writing to ./data/GPK_livesignals_20170427_09_40_45.csv ./data/GPK_last.csv
ET:  0.04  minutes
now 2017-04-27 14:35:01.562000 return data: last bar 2017-04-27 14:35:00 last processed bar 2017-04-27 14:25:00
GPK: Warning! 596 bars requested 80 bars returned.
start_idx [(19, Timestamp('2017-04-27 09:35:00'))]
start_ema 2017-04-27 08:00:00 start_vwap 2017-04-27 09:35:00 last_bar 2017-04-27 14:35:00 Writing to ./data/GPK_livesignals_20170427_09_40_45.csv ./data/GPK_last.csv
ET:  0.05  minutes
now 2017-04-27 14:40:02.527000 return None: last bar 2017-04-27 14:35:00 last processed bar 2017-04-27 14:35:00
GPK getFeed did not return any data! last bar: 2017-04-27 14:35:00 now: 14:40:03.513000
now 2017-04-27 14:45:02.385000 return data: last bar 2017-04-27 14:45:00 last processed bar 2017-04-27 14:35:00
GPK: Warning! 596 bars requested 82 bars returned.
start_idx [(19, Timestamp('2017-04-27 09:35:00'))]
start_ema 2017-04-27 08:00:00 start_vwap 2017-04-27 09:35:00 last_bar 2017-04-27 14:45:00 Writing to ./data/GPK_livesignals_20170427_09_40_45.csv ./data/GPK_last.csv
ET:  0.03  minutes
now 2017-04-27 14:50:02.915000 return None: last bar 2017-04-27 14:45:00 last processed bar 2017-04-27 14:45:00
GPK getFeed did not return any data! last bar: 2017-04-27 14:45:00 now: 14:50:03.340000
now 2017-04-27 14:55:01.693000 return data: last bar 2017-04-27 14:50:00 last processed bar 2017-04-27 14:45:00
GPK: Warning! 596 bars requested 83 bars returned.
start_idx [(19, Timestamp('2017-04-27 09:35:00'))]
start_ema 2017-04-27 08:00:00 start_vwap 2017-04-27 09:35:00 last_bar 2017-04-27 14:50:00 Writing to ./data/GPK_livesignals_20170427_09_40_45.csv ./data/GPK_last.csv
ET:  0.07  minutes
now 2017-04-27 15:00:01.158000 return data: last bar 2017-04-27 14:55:00 last processed bar 2017-04-27 14:50:00
GPK: Warning! 596 bars requested 84 bars returned.
start_idx [(19, Timestamp('2017-04-27 09:35:00'))]
start_ema 2017-04-27 08:00:00 start_vwap 2017-04-27 09:35:00 last_bar 2017-04-27 14:55:00 Writing to ./data/GPK_livesignals_20170427_09_40_45.csv ./data/GPK_last.csv
ET:  0.02  minutes
now 2017-04-27 15:05:00.570000 return data: last bar 2017-04-27 15:00:00 last processed bar 2017-04-27 14:55:00
GPK: Warning! 596 bars requested 85 bars returned.
start_idx [(19, Timestamp('2017-04-27 09:35:00'))]
start_ema 2017-04-27 08:00:00 start_vwap 2017-04-27 09:35:00 last_bar 2017-04-27 15:00:00 Writing to ./data/GPK_livesignals_20170427_09_40_45.csv ./data/GPK_last.csv
ET:  0.04  minutes
now 2017-04-27 15:10:00.371000 return data: last bar 2017-04-27 15:05:00 last processed bar 2017-04-27 15:00:00
GPK: Warning! 596 bars requested 86 bars returned.
start_idx [(19, Timestamp('2017-04-27 09:35:00'))]
start_ema 2017-04-27 08:00:00 start_vwap 2017-04-27 09:35:00 last_bar 2017-04-27 15:05:00 Writing to ./data/GPK_livesignals_20170427_09_40_45.csv ./data/GPK_last.csv
ET:  0.06  minutes
now 2017-04-27 15:15:00.058000 return data: last bar 2017-04-27 15:10:00 last processed bar 2017-04-27 15:05:00
GPK: Warning! 596 bars requested 87 bars returned.
start_idx [(19, Timestamp('2017-04-27 09:35:00'))]
start_ema 2017-04-27 08:00:00 start_vwap 2017-04-27 09:35:00 last_bar 2017-04-27 15:10:00 Writing to ./data/GPK_livesignals_20170427_09_40_45.csv ./data/GPK_last.csv
ET:  0.03  minutes
now 2017-04-27 15:20:02.458000 return data: last bar 2017-04-27 15:15:00 last processed bar 2017-04-27 15:10:00
GPK: Warning! 596 bars requested 88 bars returned.
start_idx [(19, Timestamp('2017-04-27 09:35:00'))]
start_ema 2017-04-27 08:00:00 start_vwap 2017-04-27 09:35:00 last_bar 2017-04-27 15:15:00 Writing to ./data/GPK_livesignals_20170427_09_40_45.csv ./data/GPK_last.csv
ET:  0.05  minutes
now 2017-04-27 15:25:01.345000 return data: last bar 2017-04-27 15:20:00 last processed bar 2017-04-27 15:15:00
GPK: Warning! 596 bars requested 89 bars returned.
start_idx [(19, Timestamp('2017-04-27 09:35:00'))]
start_ema 2017-04-27 08:00:00 start_vwap 2017-04-27 09:35:00 last_bar 2017-04-27 15:20:00 Writing to ./data/GPK_livesignals_20170427_09_40_45.csv ./data/GPK_last.csv
ET:  0.05  minutes
now 2017-04-27 15:30:00.538000 return data: last bar 2017-04-27 15:25:00 last processed bar 2017-04-27 15:20:00
GPK: Warning! 596 bars requested 90 bars returned.
start_idx [(19, Timestamp('2017-04-27 09:35:00'))]
start_ema 2017-04-27 08:00:00 start_vwap 2017-04-27 09:35:00 last_bar 2017-04-27 15:25:00 Writing to ./data/GPK_livesignals_20170427_09_40_45.csv ./data/GPK_last.csv
ET:  0.05  minutes
now 2017-04-27 15:35:01.810000 return data: last bar 2017-04-27 15:30:00 last processed bar 2017-04-27 15:25:00
GPK: Warning! 596 bars requested 91 bars returned.
start_idx [(19, Timestamp('2017-04-27 09:35:00'))]
start_ema 2017-04-27 08:00:00 start_vwap 2017-04-27 09:35:00 last_bar 2017-04-27 15:30:00 Writing to ./data/GPK_livesignals_20170427_09_40_45.csv ./data/GPK_last.csv
ET:  0.04  minutes
now 2017-04-27 15:40:00.243000 return data: last bar 2017-04-27 15:35:00 last processed bar 2017-04-27 15:30:00
GPK: Warning! 596 bars requested 92 bars returned.
start_idx [(19, Timestamp('2017-04-27 09:35:00'))]
start_ema 2017-04-27 08:00:00 start_vwap 2017-04-27 09:35:00 last_bar 2017-04-27 15:35:00 Writing to ./data/GPK_livesignals_20170427_09_40_45.csv ./data/GPK_last.csv
ET:  0.06  minutes
now 2017-04-27 15:45:01.346000 return data: last bar 2017-04-27 15:40:00 last processed bar 2017-04-27 15:35:00
GPK: Warning! 596 bars requested 93 bars returned.
start_idx [(19, Timestamp('2017-04-27 09:35:00'))]
start_ema 2017-04-27 08:00:00 start_vwap 2017-04-27 09:35:00 last_bar 2017-04-27 15:40:00 Writing to ./data/GPK_livesignals_20170427_09_40_45.csv ./data/GPK_last.csv
ET:  0.07  minutes
now 2017-04-27 15:50:01.338000 return data: last bar 2017-04-27 15:45:00 last processed bar 2017-04-27 15:40:00
GPK: Warning! 596 bars requested 94 bars returned.
start_idx [(19, Timestamp('2017-04-27 09:35:00'))]
start_ema 2017-04-27 08:00:00 start_vwap 2017-04-27 09:35:00 last_bar 2017-04-27 15:45:00 Writing to ./data/GPK_livesignals_20170427_09_40_45.csv ./data/GPK_last.csv
ET:  0.08  minutes
now 2017-04-27 15:55:00.511000
