return data: last bar 2017-04-21 09:50:00 last processed bar 1000-01-01 00:00:00
596 bars requested 596 bars returned
start_idx [(590, Timestamp('2017-04-21 09:35:00')), (591, Timestamp('2017-04-21 09:35:00'))]
start_ema 2017-04-21 08:10:00 start_vwap 2017-04-21 09:35:00 last_bar 2017-04-21 09:50:00 ET:  0.03  minutes
now 2017-04-21 09:50:00.656000 return None: last bar 2017-04-21 09:50:00 last processed bar 2017-04-21 09:50:00
GPOR getFeed did not return any data! last bar: 2017-04-21 09:50:00 now: 09:50:04.375000
now 2017-04-21 09:55:01.269000 return None: last bar 2017-04-21 09:50:00 last processed bar 2017-04-21 09:50:00
GPOR getFeed did not return any data! last bar: 2017-04-21 09:50:00 now: 09:55:07.935000
now 2017-04-21 10:00:00.686000 return data: last bar 2017-04-21 09:55:00 last processed bar 2017-04-21 09:50:00
596 bars requested 596 bars returned
start_idx [(587, Timestamp('2017-04-21 09:35:00')), (588, Timestamp('2017-04-21 09:35:00'))]
start_ema 2017-04-21 08:10:00 start_vwap 2017-04-21 09:35:00 last_bar 2017-04-21 09:55:00 Writing to ./data/GPOR_livesignals_20170421_09_46_05.csv ./data/GPOR_last.csv
ET:  0.18  minutes
now 2017-04-21 10:05:00.742000 return data: last bar 2017-04-21 10:00:00 last processed bar 2017-04-21 09:55:00
596 bars requested 596 bars returned
start_idx [(586, Timestamp('2017-04-21 09:35:00')), (587, Timestamp('2017-04-21 09:35:00'))]
start_ema 2017-04-21 08:10:00 start_vwap 2017-04-21 09:35:00 last_bar 2017-04-21 10:00:00 Writing to ./data/GPOR_livesignals_20170421_09_46_05.csv ./data/GPOR_last.csv
ET:  0.17  minutes
now 2017-04-21 10:10:00.234000 return data: last bar 2017-04-21 10:05:00 last processed bar 2017-04-21 10:00:00
596 bars requested 596 bars returned
start_idx [(585, Timestamp('2017-04-21 09:35:00')), (586, Timestamp('2017-04-21 09:35:00'))]
start_ema 2017-04-21 08:10:00 start_vwap 2017-04-21 09:35:00 last_bar 2017-04-21 10:05:00 Writing to ./data/GPOR_livesignals_20170421_09_46_05.csv ./data/GPOR_last.csv
ET:  0.13  minutes
now 2017-04-21 10:15:01.382000 return data: last bar 2017-04-21 10:10:00 last processed bar 2017-04-21 10:05:00
596 bars requested 596 bars returned
start_idx [(584, Timestamp('2017-04-21 09:35:00')), (585, Timestamp('2017-04-21 09:35:00'))]
start_ema 2017-04-21 08:10:00 start_vwap 2017-04-21 09:35:00 last_bar 2017-04-21 10:10:00 Writing to ./data/GPOR_livesignals_20170421_09_46_05.csv ./data/GPOR_last.csv
ET:  0.2  minutes
now 2017-04-21 10:20:01.474000 return data: last bar 2017-04-21 10:15:00 last processed bar 2017-04-21 10:10:00
596 bars requested 596 bars returned
start_idx [(583, Timestamp('2017-04-21 09:35:00')), (584, Timestamp('2017-04-21 09:35:00'))]
start_ema 2017-04-21 08:10:00 start_vwap 2017-04-21 09:35:00 last_bar 2017-04-21 10:15:00 Writing to ./data/GPOR_livesignals_20170421_09_46_05.csv ./data/GPOR_last.csv
ET:  0.2  minutes
now 2017-04-21 10:25:00.878000 return data: last bar 2017-04-21 10:25:00 last processed bar 2017-04-21 10:15:00
596 bars requested 596 bars returned
start_idx [(580, Timestamp('2017-04-21 09:35:00')), (581, Timestamp('2017-04-21 09:35:00'))]
start_ema 2017-04-21 08:10:00 start_vwap 2017-04-21 09:35:00 last_bar 2017-04-21 10:25:00 Writing to ./data/GPOR_livesignals_20170421_09_46_05.csv ./data/GPOR_last.csv
ET:  0.2  minutes
now 2017-04-21 10:30:01.681000 return data: last bar 2017-04-21 10:30:00 last processed bar 2017-04-21 10:25:00
596 bars requested 596 bars returned
start_idx [(579, Timestamp('2017-04-21 09:35:00')), (580, Timestamp('2017-04-21 09:35:00'))]
start_ema 2017-04-21 08:10:00 start_vwap 2017-04-21 09:35:00 last_bar 2017-04-21 10:30:00 Writing to ./data/GPOR_livesignals_20170421_09_46_05.csv ./data/GPOR_last.csv
ET:  0.18  minutes
now 2017-04-21 10:35:00.784000 return data: last bar 2017-04-21 10:35:00 last processed bar 2017-04-21 10:30:00
596 bars requested 596 bars returned
start_idx [(578, Timestamp('2017-04-21 09:35:00')), (579, Timestamp('2017-04-21 09:35:00'))]
start_ema 2017-04-21 08:10:00 start_vwap 2017-04-21 09:35:00 last_bar 2017-04-21 10:35:00 Writing to ./data/GPOR_livesignals_20170421_09_46_05.csv ./data/GPOR_last.csv
ET:  0.21  minutes
now 2017-04-21 10:40:00.563000 return data: last bar 2017-04-21 10:40:00 last processed bar 2017-04-21 10:35:00
596 bars requested 596 bars returned
start_idx [(577, Timestamp('2017-04-21 09:35:00')), (578, Timestamp('2017-04-21 09:35:00'))]
start_ema 2017-04-21 08:10:00 start_vwap 2017-04-21 09:35:00 last_bar 2017-04-21 10:40:00 Writing to ./data/GPOR_livesignals_20170421_09_46_05.csv ./data/GPOR_last.csv
ET:  0.21  minutes
now 2017-04-21 10:45:01.146000 return data: last bar 2017-04-21 10:45:00 last processed bar 2017-04-21 10:40:00
596 bars requested 596 bars returned
start_idx [(576, Timestamp('2017-04-21 09:35:00')), (577, Timestamp('2017-04-21 09:35:00'))]
start_ema 2017-04-21 08:10:00 start_vwap 2017-04-21 09:35:00 last_bar 2017-04-21 10:45:00 Writing to ./data/GPOR_livesignals_20170421_09_46_05.csv ./data/GPOR_last.csv
ET:  0.2  minutes
now 2017-04-21 10:50:00.270000 return data: last bar 2017-04-21 10:50:00 last processed bar 2017-04-21 10:45:00
596 bars requested 596 bars returned
start_idx [(575, Timestamp('2017-04-21 09:35:00')), (576, Timestamp('2017-04-21 09:35:00'))]
start_ema 2017-04-21 08:10:00 start_vwap 2017-04-21 09:35:00 last_bar 2017-04-21 10:50:00 Writing to ./data/GPOR_livesignals_20170421_09_46_05.csv ./data/GPOR_last.csv
ET:  0.19  minutes
now 2017-04-21 10:55:01.760000 return data: last bar 2017-04-21 10:55:00 last processed bar 2017-04-21 10:50:00
596 bars requested 596 bars returned
start_idx [(574, Timestamp('2017-04-21 09:35:00')), (575, Timestamp('2017-04-21 09:35:00'))]
start_ema 2017-04-21 08:10:00 start_vwap 2017-04-21 09:35:00 last_bar 2017-04-21 10:55:00 Writing to ./data/GPOR_livesignals_20170421_09_46_05.csv ./data/GPOR_last.csv
ET:  0.15  minutes
now 2017-04-21 11:00:00.975000 return data: last bar 2017-04-21 11:00:00 last processed bar 2017-04-21 10:55:00
596 bars requested 596 bars returned
start_idx [(573, Timestamp('2017-04-21 09:35:00')), (574, Timestamp('2017-04-21 09:35:00'))]
start_ema 2017-04-21 08:10:00 start_vwap 2017-04-21 09:35:00 last_bar 2017-04-21 11:00:00 Writing to ./data/GPOR_livesignals_20170421_09_46_05.csv ./data/GPOR_last.csv
ET:  0.21  minutes
now 2017-04-21 11:05:00.439000 return data: last bar 2017-04-21 11:05:00 last processed bar 2017-04-21 11:00:00
596 bars requested 596 bars returned
start_idx [(572, Timestamp('2017-04-21 09:35:00')), (573, Timestamp('2017-04-21 09:35:00'))]
start_ema 2017-04-21 08:10:00 start_vwap 2017-04-21 09:35:00 last_bar 2017-04-21 11:05:00 Writing to ./data/GPOR_livesignals_20170421_09_46_05.csv ./data/GPOR_last.csv
ET:  0.11  minutes
now 2017-04-21 11:10:02.125000 return data: last bar 2017-04-21 11:10:00 last processed bar 2017-04-21 11:05:00
596 bars requested 596 bars returned
start_idx [(571, Timestamp('2017-04-21 09:35:00')), (572, Timestamp('2017-04-21 09:35:00'))]
start_ema 2017-04-21 08:10:00 start_vwap 2017-04-21 09:35:00 last_bar 2017-04-21 11:10:00 Writing to ./data/GPOR_livesignals_20170421_09_46_05.csv ./data/GPOR_last.csv
ET:  0.18  minutes
now 2017-04-21 11:15:00.235000 return data: last bar 2017-04-21 11:15:00 last processed bar 2017-04-21 11:10:00
596 bars requested 596 bars returned
start_idx [(570, Timestamp('2017-04-21 09:35:00')), (571, Timestamp('2017-04-21 09:35:00'))]
start_ema 2017-04-21 08:10:00 start_vwap 2017-04-21 09:35:00 last_bar 2017-04-21 11:15:00 Writing to ./data/GPOR_livesignals_20170421_09_46_05.csv ./data/GPOR_last.csv
ET:  0.19  minutes
now 2017-04-21 11:20:01.189000 return None: last bar 2017-04-21 09:50:00 last processed bar 2017-04-21 11:15:00
2 bars requested None returned
GPOR getFeed did not return any data! last bar: 2017-04-21 11:15:00 now: 11:20:02.020000
now 2017-04-21 11:25:01.395000 return None: last bar 2017-04-21 09:50:00 last processed bar 2017-04-21 11:15:00
2 bars requested None returned
GPOR getFeed did not return any data! last bar: 2017-04-21 11:15:00 now: 11:25:02.492000
now 2017-04-21 11:30:00.806000 return None: last bar 2017-04-21 09:50:00 last processed bar 2017-04-21 11:15:00
2 bars requested None returned
GPOR getFeed did not return any data! last bar: 2017-04-21 11:15:00 now: 11:30:02.054000
now 2017-04-21 11:35:00.424000 return None: last bar 2017-04-21 09:50:00 last processed bar 2017-04-21 11:15:00
2 bars requested None returned
GPOR getFeed did not return any data! last bar: 2017-04-21 11:15:00 now: 11:35:00.557000
now 2017-04-21 11:40:00.577000 return None: last bar 2017-04-21 09:50:00 last processed bar 2017-04-21 11:15:00
2 bars requested None returned
GPOR getFeed did not return any data! last bar: 2017-04-21 11:15:00 now: 11:40:00.619000
now 2017-04-21 11:45:01.595000 return None: last bar 2017-04-21 09:50:00 last processed bar 2017-04-21 11:15:00
2 bars requested None returned
GPOR getFeed did not return any data! last bar: 2017-04-21 11:15:00 now: 11:45:01.804000
now 2017-04-21 11:50:00.735000 return None: last bar 2017-04-21 09:50:00 last processed bar 2017-04-21 11:15:00
2 bars requested None returned
GPOR getFeed did not return any data! last bar: 2017-04-21 11:15:00 now: 11:50:01.418000
now 2017-04-21 11:55:00.250000 return None: last bar 2017-04-21 09:50:00 last processed bar 2017-04-21 11:15:00
2 bars requested None returned
GPOR getFeed did not return any data! last bar: 2017-04-21 11:15:00 now: 11:55:00.339000
now 2017-04-21 12:00:00.406000 return None: last bar 2017-04-21 09:50:00 last processed bar 2017-04-21 11:15:00
2 bars requested None returned
GPOR getFeed did not return any data! last bar: 2017-04-21 11:15:00 now: 12:00:00.867000
now 2017-04-21 12:05:00.864000 return None: last bar 2017-04-21 09:50:00 last processed bar 2017-04-21 11:15:00
2 bars requested None returned
GPOR getFeed did not return any data! last bar: 2017-04-21 11:15:00 now: 12:05:01.507000
now 2017-04-21 12:10:00.723000 return None: last bar 2017-04-21 09:50:00 last processed bar 2017-04-21 11:15:00
2 bars requested None returned
GPOR getFeed did not return any data! last bar: 2017-04-21 11:15:00 now: 12:10:01.374000
now 2017-04-21 12:15:00.790000 return None: last bar 2017-04-21 09:50:00 last processed bar 2017-04-21 11:15:00
2 bars requested None returned
GPOR getFeed did not return any data! last bar: 2017-04-21 11:15:00 now: 12:15:01.120000
now 2017-04-21 12:20:01.055000 return None: last bar 2017-04-21 09:50:00 last processed bar 2017-04-21 11:15:00
2 bars requested None returned
GPOR getFeed did not return any data! last bar: 2017-04-21 11:15:00 now: 12:20:01.586000
now 2017-04-21 12:25:00.996000 return None: last bar 2017-04-21 09:50:00 last processed bar 2017-04-21 11:15:00
2 bars requested None returned
GPOR getFeed did not return any data! last bar: 2017-04-21 11:15:00 now: 12:25:01.412000
now 2017-04-21 12:30:00.413000 return None: last bar 2017-04-21 09:50:00 last processed bar 2017-04-21 11:15:00
2 bars requested None returned
GPOR getFeed did not return any data! last bar: 2017-04-21 11:15:00 now: 12:30:00.494000
now 2017-04-21 12:35:00.132000 return None: last bar 2017-04-21 09:50:00 last processed bar 2017-04-21 11:15:00
2 bars requested None returned
GPOR getFeed did not return any data! last bar: 2017-04-21 11:15:00 now: 12:35:00.144000
now 2017-04-21 12:40:00.113000 return None: last bar 2017-04-21 09:50:00 last processed bar 2017-04-21 11:15:00
2 bars requested None returned
GPOR getFeed did not return any data! last bar: 2017-04-21 11:15:00 now: 12:40:00.156000
now 2017-04-21 12:40:02.502000 return None: last bar 2017-04-21 09:50:00 last processed bar 2017-04-21 11:15:00
2 bars requested None returned
GPOR getFeed did not return any data! last bar: 2017-04-21 11:15:00 now: 12:40:02.513000
now 2017-04-21 12:45:00.854000 return None: last bar 2017-04-21 09:50:00 last processed bar 2017-04-21 11:15:00
2 bars requested None returned
GPOR getFeed did not return any data! last bar: 2017-04-21 11:15:00 now: 12:45:01.588000
now 2017-04-21 12:50:00.728000 return None: last bar 2017-04-21 09:50:00 last processed bar 2017-04-21 11:15:00
2 bars requested None returned
GPOR getFeed did not return any data! last bar: 2017-04-21 11:15:00 now: 12:50:01.234000
now 2017-04-21 12:55:00.596000 return None: last bar 2017-04-21 09:50:00 last processed bar 2017-04-21 11:15:00
2 bars requested None returned
GPOR getFeed did not return any data! last bar: 2017-04-21 11:15:00 now: 12:55:01.150000
now 2017-04-21 13:00:01.028000 return None: last bar 2017-04-21 09:50:00 last processed bar 2017-04-21 11:15:00
2 bars requested None returned
GPOR getFeed did not return any data! last bar: 2017-04-21 11:15:00 now: 13:00:01.379000
now 2017-04-21 13:05:00.300000 return None: last bar 2017-04-21 09:50:00 last processed bar 2017-04-21 11:15:00
2 bars requested None returned
GPOR getFeed did not return any data! last bar: 2017-04-21 11:15:00 now: 13:05:00.539000
now 2017-04-21 13:10:00.585000 return None: last bar 2017-04-21 09:50:00 last processed bar 2017-04-21 11:15:00
2 bars requested None returned
GPOR getFeed did not return any data! last bar: 2017-04-21 11:15:00 now: 13:10:00.683000
now 2017-04-21 13:15:00.908000 return None: last bar 2017-04-21 09:50:00 last processed bar 2017-04-21 11:15:00
2 bars requested None returned
GPOR getFeed did not return any data! last bar: 2017-04-21 11:15:00 now: 13:15:01.745000
now 2017-04-21 13:20:00.150000 return None: last bar 2017-04-21 09:50:00 last processed bar 2017-04-21 11:15:00
2 bars requested None returned
GPOR getFeed did not return any data! last bar: 2017-04-21 11:15:00 now: 13:20:00.168000
now 2017-04-21 13:20:02.550000 return None: last bar 2017-04-21 09:50:00 last processed bar 2017-04-21 11:15:00
2 bars requested None returned
GPOR getFeed did not return any data! last bar: 2017-04-21 11:15:00 now: 13:20:02.561000
now 2017-04-21 13:25:00.987000 return None: last bar 2017-04-21 09:50:00 last processed bar 2017-04-21 11:15:00
2 bars requested None returned
GPOR getFeed did not return any data! last bar: 2017-04-21 11:15:00 now: 13:25:01.769000
now 2017-04-21 13:30:00.866000 return None: last bar 2017-04-21 09:50:00 last processed bar 2017-04-21 11:15:00
2 bars requested None returned
GPOR getFeed did not return any data! last bar: 2017-04-21 11:15:00 now: 13:30:01.496000
now 2017-04-21 13:35:00.610000 return None: last bar 2017-04-21 09:50:00 last processed bar 2017-04-21 11:15:00
2 bars requested None returned
GPOR getFeed did not return any data! last bar: 2017-04-21 11:15:00 now: 13:35:00.933000
now 2017-04-21 13:40:00.041000 return None: last bar 2017-04-21 09:50:00 last processed bar 2017-04-21 11:15:00
2 bars requested None returned
GPOR getFeed did not return any data! last bar: 2017-04-21 11:15:00 now: 13:40:00.055000
now 2017-04-21 13:45:00.129000 return None: last bar 2017-04-21 09:50:00 last processed bar 2017-04-21 11:15:00
2 bars requested None returned
GPOR getFeed did not return any data! last bar: 2017-04-21 11:15:00 now: 13:45:00.187000
now 2017-04-21 13:50:00.049000 return None: last bar 2017-04-21 09:50:00 last processed bar 2017-04-21 11:15:00
2 bars requested None returned
GPOR getFeed did not return any data! last bar: 2017-04-21 11:15:00 now: 13:50:00.062000
now 2017-04-21 13:55:00.316000 return data: last bar 2017-04-21 13:55:00 last processed bar 2017-04-21 11:15:00
2 bars requested 2 bars returned
596 bars requested 22 bars returned
start_idx [(0, Timestamp('2017-04-21 09:35:00'))]
start_ema 2017-04-21 09:45:00 data.dropna() feed returned insufficient data
now 2017-04-21 14:00:00.931000 return data: last bar 2017-04-21 14:00:00 last processed bar 2017-04-21 13:55:00
2 bars requested 2 bars returned
596 bars requested 22 bars returned
start_idx [(0, Timestamp('2017-04-21 09:35:00'))]
start_ema 2017-04-21 09:45:00 data.dropna() feed returned insufficient data
now 2017-04-21 14:05:00.345000 return data: last bar 2017-04-21 14:05:00 last processed bar 2017-04-21 14:00:00
2 bars requested 2 bars returned
596 bars requested 22 bars returned
start_idx [(0, Timestamp('2017-04-21 09:35:00'))]
start_ema 2017-04-21 09:45:00 data.dropna() feed returned insufficient data
now 2017-04-21 14:10:01.086000 return data: last bar 2017-04-21 14:10:00 last processed bar 2017-04-21 14:05:00
2 bars requested 2 bars returned
596 bars requested 22 bars returned
start_idx [(0, Timestamp('2017-04-21 09:35:00'))]
start_ema 2017-04-21 09:45:00 data.dropna() feed returned insufficient data
now 2017-04-21 14:15:01.284000 return data: last bar 2017-04-21 14:15:00 last processed bar 2017-04-21 14:10:00
2 bars requested 2 bars returned
596 bars requested 22 bars returned
start_idx [(0, Timestamp('2017-04-21 09:35:00'))]
start_ema 2017-04-21 09:45:00 data.dropna() feed returned insufficient data
now 2017-04-21 14:20:00.913000 return data: last bar 2017-04-21 14:20:00 last processed bar 2017-04-21 14:15:00
2 bars requested 2 bars returned
596 bars requested 22 bars returned
start_idx [(0, Timestamp('2017-04-21 09:35:00'))]
start_ema 2017-04-21 09:45:00 data.dropna() feed returned insufficient data
now 2017-04-21 14:25:00.079000 return data: last bar 2017-04-21 14:25:00 last processed bar 2017-04-21 14:20:00
2 bars requested 2 bars returned
596 bars requested 22 bars returned
start_idx [(0, Timestamp('2017-04-21 09:35:00'))]
start_ema 2017-04-21 09:45:00 data.dropna() feed returned insufficient data
now 2017-04-21 14:30:00.425000 return data: last bar 2017-04-21 14:30:00 last processed bar 2017-04-21 14:25:00
2 bars requested 2 bars returned
596 bars requested 22 bars returned
start_idx [(0, Timestamp('2017-04-21 09:35:00'))]
start_ema 2017-04-21 09:45:00 data.dropna() feed returned insufficient data
now 2017-04-21 14:35:00.598000 return data: last bar 2017-04-21 14:35:00 last processed bar 2017-04-21 14:30:00
2 bars requested 2 bars returned
596 bars requested 22 bars returned
start_idx [(0, Timestamp('2017-04-21 09:35:00'))]
start_ema 2017-04-21 09:45:00 data.dropna() feed returned insufficient data
now 2017-04-21 14:40:00.675000 return data: last bar 2017-04-21 14:40:00 last processed bar 2017-04-21 14:35:00
2 bars requested 2 bars returned
596 bars requested 22 bars returned
start_idx [(0, Timestamp('2017-04-21 09:35:00'))]
start_ema 2017-04-21 09:45:00 data.dropna() feed returned insufficient data
now 2017-04-21 14:45:00.858000 return data: last bar 2017-04-21 14:45:00 last processed bar 2017-04-21 14:40:00
2 bars requested 2 bars returned
596 bars requested 22 bars returned
start_idx [(0, Timestamp('2017-04-21 09:35:00'))]
start_ema 2017-04-21 09:45:00 data.dropna() feed returned insufficient data
now 2017-04-21 14:50:00.998000 return data: last bar 2017-04-21 14:50:00 last processed bar 2017-04-21 14:45:00
2 bars requested 2 bars returned
596 bars requested 22 bars returned
start_idx [(0, Timestamp('2017-04-21 09:35:00'))]
start_ema 2017-04-21 09:45:00 data.dropna() feed returned insufficient data
now 2017-04-21 14:55:00.358000 return data: last bar 2017-04-21 14:55:00 last processed bar 2017-04-21 14:50:00
2 bars requested 2 bars returned
596 bars requested 22 bars returned
start_idx [(0, Timestamp('2017-04-21 09:35:00'))]
start_ema 2017-04-21 09:45:00 data.dropna() feed returned insufficient data
now 2017-04-21 15:00:00.529000 return data: last bar 2017-04-21 15:00:00 last processed bar 2017-04-21 14:55:00
2 bars requested 2 bars returned
596 bars requested 22 bars returned
start_idx [(0, Timestamp('2017-04-21 09:35:00'))]
start_ema 2017-04-21 09:45:00 data.dropna() feed returned insufficient data
now 2017-04-21 15:05:00.342000 return data: last bar 2017-04-21 15:05:00 last processed bar 2017-04-21 15:00:00
2 bars requested 2 bars returned
596 bars requested 22 bars returned
start_idx [(0, Timestamp('2017-04-21 09:35:00'))]
start_ema 2017-04-21 09:45:00 data.dropna() feed returned insufficient data
now 2017-04-21 15:10:00.023000 return data: last bar 2017-04-21 15:10:00 last processed bar 2017-04-21 15:05:00
2 bars requested 2 bars returned
596 bars requested 22 bars returned
start_idx [(0, Timestamp('2017-04-21 09:35:00'))]
start_ema 2017-04-21 09:45:00 data.dropna() feed returned insufficient data
now 2017-04-21 15:15:00.189000 return data: last bar 2017-04-21 15:15:00 last processed bar 2017-04-21 15:10:00
2 bars requested 2 bars returned
596 bars requested 22 bars returned
start_idx [(0, Timestamp('2017-04-21 09:35:00'))]
start_ema 2017-04-21 09:45:00 data.dropna() feed returned insufficient data
now 2017-04-21 15:20:00.636000 return data: last bar 2017-04-21 15:20:00 last processed bar 2017-04-21 15:15:00
2 bars requested 2 bars returned
596 bars requested 22 bars returned
start_idx [(0, Timestamp('2017-04-21 09:35:00'))]
start_ema 2017-04-21 09:45:00 data.dropna() feed returned insufficient data
now 2017-04-21 15:25:00.750000 return data: last bar 2017-04-21 15:25:00 last processed bar 2017-04-21 15:20:00
2 bars requested 2 bars returned
596 bars requested 22 bars returned
start_idx [(0, Timestamp('2017-04-21 09:35:00'))]
start_ema 2017-04-21 09:45:00 data.dropna() feed returned insufficient data
now 2017-04-21 15:30:00.993000 return data: last bar 2017-04-21 15:30:00 last processed bar 2017-04-21 15:25:00
2 bars requested 2 bars returned
596 bars requested 22 bars returned
start_idx [(0, Timestamp('2017-04-21 09:35:00'))]
start_ema 2017-04-21 09:45:00 data.dropna() feed returned insufficient data
now 2017-04-21 15:35:00.100000 return data: last bar 2017-04-21 15:35:00 last processed bar 2017-04-21 15:30:00
2 bars requested 2 bars returned
596 bars requested 22 bars returned
start_idx [(0, Timestamp('2017-04-21 09:35:00'))]
start_ema 2017-04-21 09:45:00 data.dropna() feed returned insufficient data
now 2017-04-21 15:40:00.465000 return data: last bar 2017-04-21 15:40:00 last processed bar 2017-04-21 15:35:00
2 bars requested 2 bars returned
596 bars requested 22 bars returned
start_idx [(0, Timestamp('2017-04-21 09:35:00'))]
start_ema 2017-04-21 09:45:00 data.dropna() feed returned insufficient data
now 2017-04-21 15:45:01.001000 return data: last bar 2017-04-21 15:45:00 last processed bar 2017-04-21 15:40:00
2 bars requested 2 bars returned
596 bars requested 22 bars returned
start_idx [(0, Timestamp('2017-04-21 09:35:00'))]
start_ema 2017-04-21 09:45:00 data.dropna() feed returned insufficient data
now 2017-04-21 15:50:00.213000 return data: last bar 2017-04-21 15:50:00 last processed bar 2017-04-21 15:45:00
2 bars requested 2 bars returned
596 bars requested 22 bars returned
start_idx [(0, Timestamp('2017-04-21 09:35:00'))]
start_ema 2017-04-21 09:45:00 data.dropna() feed returned insufficient data
now 2017-04-21 15:55:00.339000
