last bar 2017-03-13 09:35:00 last processed bar 1000-01-01 00:00:00
start_ema 2017-03-10 14:45:00 start_vwap 2017-03-13 09:35:00 last_bar 2017-03-13 09:35:00 ET:  0.06  minutes
Writing to ./data/HALO_livesignals_20170313_09_31_14.csv ./data/HALO_last.csv
now 2017-03-13 09:31:18.028000 last bar 2017-03-13 09:35:00 last processed bar 2017-03-13 09:35:00
new bar not ready
now 2017-03-13 09:35:00.313000 last bar 2017-03-13 09:35:00 last processed bar 2017-03-13 09:35:00
new bar not ready
now 2017-03-13 09:40:00.139000 last bar 2017-03-13 09:45:00 last processed bar 2017-03-13 09:35:00
start_ema 2017-03-10 14:45:00 start_vwap 2017-03-13 09:35:00 last_bar 2017-03-13 09:45:00 ET:  8.98  minutes
now 2017-03-13 09:45:00.186000 last bar 2017-03-13 09:45:00 last processed bar 2017-03-13 09:45:00
new bar not ready
now 2017-03-13 09:50:00.977000 last bar 2017-03-13 09:50:00 last processed bar 2017-03-13 09:45:00
start_ema 2017-03-10 14:45:00 start_vwap 2017-03-13 09:35:00 last_bar 2017-03-13 09:50:00 ET:  18.96  minutes
now 2017-03-13 09:55:00.873000 last bar 2017-03-13 10:00:00 last processed bar 2017-03-13 09:50:00
start_ema 2017-03-10 14:45:00 start_vwap 2017-03-13 09:35:00 last_bar 2017-03-13 10:00:00 ET:  23.94  minutes
now 2017-03-13 10:00:00.472000 last bar 2017-03-13 10:00:00 last processed bar 2017-03-13 10:00:00
new bar not ready
now 2017-03-13 10:05:00.104000 last bar 2017-03-13 10:05:00 last processed bar 2017-03-13 10:00:00
start_ema 2017-03-10 14:45:00 start_vwap 2017-03-13 09:35:00 last_bar 2017-03-13 10:05:00 ET:  33.96  minutes
now 2017-03-13 10:10:00.745000 last bar 2017-03-13 10:15:00 last processed bar 2017-03-13 10:05:00
start_ema 2017-03-10 14:45:00 start_vwap 2017-03-13 09:35:00 last_bar 2017-03-13 10:15:00 ET:  38.94  minutes
now 2017-03-13 10:15:00.577000
