return data: last bar 2017-04-21 09:45:00 last processed bar 1000-01-01 00:00:00
596 bars requested 596 bars returned
start_idx [(593, Timestamp('2017-04-21 09:35:00'))]
start_ema 2017-04-21 08:00:00 start_vwap 2017-04-21 09:35:00 last_bar 2017-04-21 09:45:00 ET:  0.02  minutes
now 2017-04-21 09:50:00.662000 return data: last bar 2017-04-21 09:50:00 last processed bar 2017-04-21 09:45:00
596 bars requested 596 bars returned
start_idx [(589, Timestamp('2017-04-21 09:35:00')), (590, Timestamp('2017-04-21 09:35:00'))]
start_ema 2017-04-21 08:05:00 start_vwap 2017-04-21 09:35:00 last_bar 2017-04-21 09:50:00 Writing to ./data/HFC_livesignals_20170421_09_45_47.csv ./data/HFC_last.csv
ET:  0.22  minutes
now 2017-04-21 09:55:01.480000 return None: last bar 2017-04-21 09:50:00 last processed bar 2017-04-21 09:50:00
HFC getFeed did not return any data! last bar: 2017-04-21 09:50:00 now: 09:55:07.963000
now 2017-04-21 10:00:00.906000 return data: last bar 2017-04-21 09:55:00 last processed bar 2017-04-21 09:50:00
596 bars requested 596 bars returned
start_idx [(587, Timestamp('2017-04-21 09:35:00')), (588, Timestamp('2017-04-21 09:35:00'))]
start_ema 2017-04-21 08:05:00 start_vwap 2017-04-21 09:35:00 last_bar 2017-04-21 09:55:00 Writing to ./data/HFC_livesignals_20170421_09_45_47.csv ./data/HFC_last.csv
ET:  0.18  minutes
now 2017-04-21 10:05:00.738000 return data: last bar 2017-04-21 10:00:00 last processed bar 2017-04-21 09:55:00
596 bars requested 596 bars returned
start_idx [(586, Timestamp('2017-04-21 09:35:00')), (587, Timestamp('2017-04-21 09:35:00'))]
start_ema 2017-04-21 08:05:00 start_vwap 2017-04-21 09:35:00 last_bar 2017-04-21 10:00:00 Writing to ./data/HFC_livesignals_20170421_09_45_47.csv ./data/HFC_last.csv
ET:  0.12  minutes
now 2017-04-21 10:10:00.233000 return data: last bar 2017-04-21 10:05:00 last processed bar 2017-04-21 10:00:00
596 bars requested 596 bars returned
start_idx [(585, Timestamp('2017-04-21 09:35:00')), (586, Timestamp('2017-04-21 09:35:00'))]
start_ema 2017-04-21 08:05:00 start_vwap 2017-04-21 09:35:00 last_bar 2017-04-21 10:05:00 Writing to ./data/HFC_livesignals_20170421_09_45_47.csv ./data/HFC_last.csv
ET:  0.09  minutes
now 2017-04-21 10:15:02.645000 return data: last bar 2017-04-21 10:10:00 last processed bar 2017-04-21 10:05:00
596 bars requested 596 bars returned
start_idx [(584, Timestamp('2017-04-21 09:35:00')), (585, Timestamp('2017-04-21 09:35:00'))]
start_ema 2017-04-21 08:05:00 start_vwap 2017-04-21 09:35:00 last_bar 2017-04-21 10:10:00 Writing to ./data/HFC_livesignals_20170421_09_45_47.csv ./data/HFC_last.csv
ET:  0.18  minutes
now 2017-04-21 10:20:00.455000 return data: last bar 2017-04-21 10:15:00 last processed bar 2017-04-21 10:10:00
596 bars requested 596 bars returned
start_idx [(583, Timestamp('2017-04-21 09:35:00')), (584, Timestamp('2017-04-21 09:35:00'))]
start_ema 2017-04-21 08:05:00 start_vwap 2017-04-21 09:35:00 last_bar 2017-04-21 10:15:00 Writing to ./data/HFC_livesignals_20170421_09_45_47.csv ./data/HFC_last.csv
ET:  0.2  minutes
now 2017-04-21 10:25:00.636000 return data: last bar 2017-04-21 10:25:00 last processed bar 2017-04-21 10:15:00
596 bars requested 596 bars returned
start_idx [(581, Timestamp('2017-04-21 09:35:00')), (582, Timestamp('2017-04-21 09:35:00'))]
start_ema 2017-04-21 08:05:00 start_vwap 2017-04-21 09:35:00 last_bar 2017-04-21 10:25:00 Writing to ./data/HFC_livesignals_20170421_09_45_47.csv ./data/HFC_last.csv
ET:  0.19  minutes
now 2017-04-21 10:30:00.289000 return data: last bar 2017-04-21 10:30:00 last processed bar 2017-04-21 10:25:00
596 bars requested 596 bars returned
start_idx [(580, Timestamp('2017-04-21 09:35:00')), (581, Timestamp('2017-04-21 09:35:00'))]
start_ema 2017-04-21 08:05:00 start_vwap 2017-04-21 09:35:00 last_bar 2017-04-21 10:30:00 Writing to ./data/HFC_livesignals_20170421_09_45_47.csv ./data/HFC_last.csv
ET:  0.21  minutes
now 2017-04-21 10:35:01.024000 return data: last bar 2017-04-21 10:35:00 last processed bar 2017-04-21 10:30:00
596 bars requested 596 bars returned
start_idx [(579, Timestamp('2017-04-21 09:35:00')), (580, Timestamp('2017-04-21 09:35:00'))]
start_ema 2017-04-21 08:05:00 start_vwap 2017-04-21 09:35:00 last_bar 2017-04-21 10:35:00 Writing to ./data/HFC_livesignals_20170421_09_45_47.csv ./data/HFC_last.csv
ET:  0.2  minutes
now 2017-04-21 10:40:00.275000 return data: last bar 2017-04-21 10:40:00 last processed bar 2017-04-21 10:35:00
596 bars requested 596 bars returned
start_idx [(578, Timestamp('2017-04-21 09:35:00')), (579, Timestamp('2017-04-21 09:35:00'))]
start_ema 2017-04-21 08:05:00 start_vwap 2017-04-21 09:35:00 last_bar 2017-04-21 10:40:00 Writing to ./data/HFC_livesignals_20170421_09_45_47.csv ./data/HFC_last.csv
ET:  0.21  minutes
now 2017-04-21 10:45:01.134000 return data: last bar 2017-04-21 10:45:00 last processed bar 2017-04-21 10:40:00
596 bars requested 596 bars returned
start_idx [(577, Timestamp('2017-04-21 09:35:00')), (578, Timestamp('2017-04-21 09:35:00'))]
start_ema 2017-04-21 08:05:00 start_vwap 2017-04-21 09:35:00 last_bar 2017-04-21 10:45:00 Writing to ./data/HFC_livesignals_20170421_09_45_47.csv ./data/HFC_last.csv
ET:  0.19  minutes
now 2017-04-21 10:50:02.300000 return data: last bar 2017-04-21 10:50:00 last processed bar 2017-04-21 10:45:00
596 bars requested 596 bars returned
start_idx [(576, Timestamp('2017-04-21 09:35:00')), (577, Timestamp('2017-04-21 09:35:00'))]
start_ema 2017-04-21 08:05:00 start_vwap 2017-04-21 09:35:00 last_bar 2017-04-21 10:50:00 Writing to ./data/HFC_livesignals_20170421_09_45_47.csv ./data/HFC_last.csv
ET:  0.17  minutes
now 2017-04-21 10:55:01.962000 return data: last bar 2017-04-21 10:55:00 last processed bar 2017-04-21 10:50:00
596 bars requested 596 bars returned
start_idx [(575, Timestamp('2017-04-21 09:35:00')), (576, Timestamp('2017-04-21 09:35:00'))]
start_ema 2017-04-21 08:05:00 start_vwap 2017-04-21 09:35:00 last_bar 2017-04-21 10:55:00 Writing to ./data/HFC_livesignals_20170421_09_45_47.csv ./data/HFC_last.csv
ET:  0.15  minutes
now 2017-04-21 11:00:00.974000 return data: last bar 2017-04-21 11:00:00 last processed bar 2017-04-21 10:55:00
596 bars requested 596 bars returned
start_idx [(574, Timestamp('2017-04-21 09:35:00')), (575, Timestamp('2017-04-21 09:35:00'))]
start_ema 2017-04-21 08:05:00 start_vwap 2017-04-21 09:35:00 last_bar 2017-04-21 11:00:00 Writing to ./data/HFC_livesignals_20170421_09_45_47.csv ./data/HFC_last.csv
ET:  0.21  minutes
now 2017-04-21 11:05:00.438000 return data: last bar 2017-04-21 11:05:00 last processed bar 2017-04-21 11:00:00
596 bars requested 596 bars returned
start_idx [(573, Timestamp('2017-04-21 09:35:00')), (574, Timestamp('2017-04-21 09:35:00'))]
start_ema 2017-04-21 08:05:00 start_vwap 2017-04-21 09:35:00 last_bar 2017-04-21 11:05:00 Writing to ./data/HFC_livesignals_20170421_09_45_47.csv ./data/HFC_last.csv
ET:  0.1  minutes
now 2017-04-21 11:10:01.343000 return data: last bar 2017-04-21 11:10:00 last processed bar 2017-04-21 11:05:00
596 bars requested 596 bars returned
start_idx [(572, Timestamp('2017-04-21 09:35:00')), (573, Timestamp('2017-04-21 09:35:00'))]
start_ema 2017-04-21 08:05:00 start_vwap 2017-04-21 09:35:00 last_bar 2017-04-21 11:10:00 Writing to ./data/HFC_livesignals_20170421_09_45_47.csv ./data/HFC_last.csv
ET:  0.2  minutes
now 2017-04-21 11:15:00.229000 return data: last bar 2017-04-21 11:15:00 last processed bar 2017-04-21 11:10:00
596 bars requested 596 bars returned
start_idx [(571, Timestamp('2017-04-21 09:35:00')), (572, Timestamp('2017-04-21 09:35:00'))]
start_ema 2017-04-21 08:05:00 start_vwap 2017-04-21 09:35:00 last_bar 2017-04-21 11:15:00 Writing to ./data/HFC_livesignals_20170421_09_45_47.csv ./data/HFC_last.csv
ET:  0.2  minutes
now 2017-04-21 11:20:00.539000 return data: last bar 2017-04-21 11:20:00 last processed bar 2017-04-21 11:15:00
596 bars requested 596 bars returned
start_idx [(570, Timestamp('2017-04-21 09:35:00')), (571, Timestamp('2017-04-21 09:35:00'))]
start_ema 2017-04-21 08:05:00 start_vwap 2017-04-21 09:35:00 last_bar 2017-04-21 11:20:00 Writing to ./data/HFC_livesignals_20170421_09_45_47.csv ./data/HFC_last.csv
ET:  0.2  minutes
now 2017-04-21 11:25:00.409000 return None: last bar 2017-04-21 09:50:00 last processed bar 2017-04-21 11:20:00
2 bars requested None returned
HFC getFeed did not return any data! last bar: 2017-04-21 11:20:00 now: 11:25:01.580000
now 2017-04-21 11:30:00.310000 return None: last bar 2017-04-21 09:50:00 last processed bar 2017-04-21 11:20:00
2 bars requested None returned
HFC getFeed did not return any data! last bar: 2017-04-21 11:20:00 now: 11:30:00.326000
now 2017-04-21 11:35:00.415000 return None: last bar 2017-04-21 09:50:00 last processed bar 2017-04-21 11:20:00
2 bars requested None returned
HFC getFeed did not return any data! last bar: 2017-04-21 11:20:00 now: 11:35:00.736000
now 2017-04-21 11:40:01.310000 return None: last bar 2017-04-21 09:50:00 last processed bar 2017-04-21 11:20:00
2 bars requested None returned
HFC getFeed did not return any data! last bar: 2017-04-21 11:20:00 now: 11:40:01.810000
now 2017-04-21 11:45:00.979000 return None: last bar 2017-04-21 09:50:00 last processed bar 2017-04-21 11:20:00
2 bars requested None returned
HFC getFeed did not return any data! last bar: 2017-04-21 11:20:00 now: 11:45:01.096000
now 2017-04-21 11:50:00.007000 return None: last bar 2017-04-21 09:50:00 last processed bar 2017-04-21 11:20:00
2 bars requested None returned
HFC getFeed did not return any data! last bar: 2017-04-21 11:20:00 now: 11:50:00.022000
now 2017-04-21 11:55:00.249000 return None: last bar 2017-04-21 09:50:00 last processed bar 2017-04-21 11:20:00
2 bars requested None returned
HFC getFeed did not return any data! last bar: 2017-04-21 11:20:00 now: 11:55:00.318000
now 2017-04-21 12:00:00.408000 return None: last bar 2017-04-21 09:50:00 last processed bar 2017-04-21 11:20:00
2 bars requested None returned
HFC getFeed did not return any data! last bar: 2017-04-21 11:20:00 now: 12:00:01.293000
now 2017-04-21 12:05:00.106000 return None: last bar 2017-04-21 09:50:00 last processed bar 2017-04-21 11:20:00
2 bars requested None returned
HFC getFeed did not return any data! last bar: 2017-04-21 11:20:00 now: 12:05:00.119000
now 2017-04-21 12:10:00.154000 return data: last bar 2017-04-21 12:10:00 last processed bar 2017-04-21 11:20:00
2 bars requested 2 bars returned
596 bars requested 22 bars returned
start_idx [(0, Timestamp('2017-04-21 09:35:00'))]
start_ema 2017-04-21 09:50:00 data.dropna() feed returned insufficient data
now 2017-04-21 12:15:00.222000 return None: last bar 2017-04-21 12:10:00 last processed bar 2017-04-21 12:10:00
2 bars requested None returned
HFC getFeed did not return any data! last bar: 2017-04-21 12:10:00 now: 12:15:00.428000
now 2017-04-21 12:20:00.223000 return None: last bar 2017-04-21 12:10:00 last processed bar 2017-04-21 12:10:00
2 bars requested None returned
HFC getFeed did not return any data! last bar: 2017-04-21 12:10:00 now: 12:20:00.256000
now 2017-04-21 12:25:00.208000 return None: last bar 2017-04-21 12:10:00 last processed bar 2017-04-21 12:10:00
2 bars requested None returned
HFC getFeed did not return any data! last bar: 2017-04-21 12:10:00 now: 12:25:00.251000
now 2017-04-21 12:30:00.077000 return None: last bar 2017-04-21 12:10:00 last processed bar 2017-04-21 12:10:00
2 bars requested None returned
HFC getFeed did not return any data! last bar: 2017-04-21 12:10:00 now: 12:30:00.088000
now 2017-04-21 12:35:00.084000 return None: last bar 2017-04-21 12:10:00 last processed bar 2017-04-21 12:10:00
2 bars requested None returned
HFC getFeed did not return any data! last bar: 2017-04-21 12:10:00 now: 12:35:00.097000
now 2017-04-21 12:40:00.150000 return None: last bar 2017-04-21 12:10:00 last processed bar 2017-04-21 12:10:00
2 bars requested None returned
HFC getFeed did not return any data! last bar: 2017-04-21 12:10:00 now: 12:40:00.261000
now 2017-04-21 12:45:00.324000 return None: last bar 2017-04-21 12:10:00 last processed bar 2017-04-21 12:10:00
2 bars requested None returned
HFC getFeed did not return any data! last bar: 2017-04-21 12:10:00 now: 12:45:00.557000
now 2017-04-21 12:50:00.415000 return None: last bar 2017-04-21 12:10:00 last processed bar 2017-04-21 12:10:00
2 bars requested None returned
HFC getFeed did not return any data! last bar: 2017-04-21 12:10:00 now: 12:50:00.989000
now 2017-04-21 12:55:00.820000 return None: last bar 2017-04-21 12:10:00 last processed bar 2017-04-21 12:10:00
2 bars requested None returned
HFC getFeed did not return any data! last bar: 2017-04-21 12:10:00 now: 12:55:01.569000
now 2017-04-21 13:00:01.029000 return None: last bar 2017-04-21 12:10:00 last processed bar 2017-04-21 12:10:00
2 bars requested None returned
HFC getFeed did not return any data! last bar: 2017-04-21 12:10:00 now: 13:00:01.389000
now 2017-04-21 13:05:00.615000 return None: last bar 2017-04-21 12:10:00 last processed bar 2017-04-21 12:10:00
2 bars requested None returned
HFC getFeed did not return any data! last bar: 2017-04-21 12:10:00 now: 13:05:00.677000
now 2017-04-21 13:10:00.584000 return None: last bar 2017-04-21 12:10:00 last processed bar 2017-04-21 12:10:00
2 bars requested None returned
HFC getFeed did not return any data! last bar: 2017-04-21 12:10:00 now: 13:10:00.685000
now 2017-04-21 13:15:01.219000 return None: last bar 2017-04-21 12:10:00 last processed bar 2017-04-21 12:10:00
2 bars requested None returned
HFC getFeed did not return any data! last bar: 2017-04-21 12:10:00 now: 13:15:01.561000
now 2017-04-21 13:20:00.525000 return None: last bar 2017-04-21 12:10:00 last processed bar 2017-04-21 12:10:00
2 bars requested None returned
HFC getFeed did not return any data! last bar: 2017-04-21 12:10:00 now: 13:20:01.806000
now 2017-04-21 13:25:00.267000 return None: last bar 2017-04-21 12:10:00 last processed bar 2017-04-21 12:10:00
2 bars requested None returned
HFC getFeed did not return any data! last bar: 2017-04-21 12:10:00 now: 13:25:00.366000
now 2017-04-21 13:30:00.099000 return None: last bar 2017-04-21 12:10:00 last processed bar 2017-04-21 12:10:00
2 bars requested None returned
HFC getFeed did not return any data! last bar: 2017-04-21 12:10:00 now: 13:30:00.111000
now 2017-04-21 13:35:00.130000 return None: last bar 2017-04-21 12:10:00 last processed bar 2017-04-21 12:10:00
2 bars requested None returned
HFC getFeed did not return any data! last bar: 2017-04-21 12:10:00 now: 13:35:00.361000
now 2017-04-21 13:40:00.611000 return None: last bar 2017-04-21 12:10:00 last processed bar 2017-04-21 12:10:00
2 bars requested None returned
HFC getFeed did not return any data! last bar: 2017-04-21 12:10:00 now: 13:40:01.357000
now 2017-04-21 13:45:00.120000 return None: last bar 2017-04-21 12:10:00 last processed bar 2017-04-21 12:10:00
2 bars requested None returned
HFC getFeed did not return any data! last bar: 2017-04-21 12:10:00 now: 13:45:00.140000
now 2017-04-21 13:50:00.265000 return None: last bar 2017-04-21 12:10:00 last processed bar 2017-04-21 12:10:00
2 bars requested None returned
HFC getFeed did not return any data! last bar: 2017-04-21 12:10:00 now: 13:50:00.372000
now 2017-04-21 13:55:00.199000 return None: last bar 2017-04-21 12:10:00 last processed bar 2017-04-21 12:10:00
2 bars requested None returned
HFC getFeed did not return any data! last bar: 2017-04-21 12:10:00 now: 13:55:00.419000
now 2017-04-21 14:00:00.152000 return None: last bar 2017-04-21 12:10:00 last processed bar 2017-04-21 12:10:00
2 bars requested None returned
HFC getFeed did not return any data! last bar: 2017-04-21 12:10:00 now: 14:00:00.164000
now 2017-04-21 14:05:00.169000 return None: last bar 2017-04-21 12:10:00 last processed bar 2017-04-21 12:10:00
2 bars requested None returned
HFC getFeed did not return any data! last bar: 2017-04-21 12:10:00 now: 14:05:00.186000
now 2017-04-21 14:05:02.946000 return None: last bar 2017-04-21 12:10:00 last processed bar 2017-04-21 12:10:00
2 bars requested None returned
HFC getFeed did not return any data! last bar: 2017-04-21 12:10:00 now: 14:05:02.958000
now 2017-04-21 14:10:00.311000 return None: last bar 2017-04-21 12:10:00 last processed bar 2017-04-21 12:10:00
2 bars requested None returned
HFC getFeed did not return any data! last bar: 2017-04-21 12:10:00 now: 14:10:00.858000
now 2017-04-21 14:15:00.746000 return None: last bar 2017-04-21 12:10:00 last processed bar 2017-04-21 12:10:00
2 bars requested None returned
HFC getFeed did not return any data! last bar: 2017-04-21 12:10:00 now: 14:15:01.380000
now 2017-04-21 14:20:00.569000 return None: last bar 2017-04-21 12:10:00 last processed bar 2017-04-21 12:10:00
2 bars requested None returned
HFC getFeed did not return any data! last bar: 2017-04-21 12:10:00 now: 14:20:00.970000
now 2017-04-21 14:25:00.849000 return None: last bar 2017-04-21 12:10:00 last processed bar 2017-04-21 12:10:00
2 bars requested None returned
HFC getFeed did not return any data! last bar: 2017-04-21 12:10:00 now: 14:25:01.325000
now 2017-04-21 14:30:00.355000 return None: last bar 2017-04-21 12:10:00 last processed bar 2017-04-21 12:10:00
2 bars requested None returned
HFC getFeed did not return any data! last bar: 2017-04-21 12:10:00 now: 14:30:00.375000
now 2017-04-21 14:35:00.755000 return None: last bar 2017-04-21 12:10:00 last processed bar 2017-04-21 12:10:00
2 bars requested None returned
HFC getFeed did not return any data! last bar: 2017-04-21 12:10:00 now: 14:35:00.783000
now 2017-04-21 14:40:00.765000 return None: last bar 2017-04-21 12:10:00 last processed bar 2017-04-21 12:10:00
2 bars requested None returned
HFC getFeed did not return any data! last bar: 2017-04-21 12:10:00 now: 14:40:00.863000
now 2017-04-21 14:45:00.921000 return None: last bar 2017-04-21 12:10:00 last processed bar 2017-04-21 12:10:00
2 bars requested None returned
HFC getFeed did not return any data! last bar: 2017-04-21 12:10:00 now: 14:45:01.397000
now 2017-04-21 14:50:00.248000 return None: last bar 2017-04-21 12:10:00 last processed bar 2017-04-21 12:10:00
2 bars requested None returned
HFC getFeed did not return any data! last bar: 2017-04-21 12:10:00 now: 14:50:00.369000
now 2017-04-21 14:55:00.078000 return None: last bar 2017-04-21 12:10:00 last processed bar 2017-04-21 12:10:00
2 bars requested None returned
HFC getFeed did not return any data! last bar: 2017-04-21 12:10:00 now: 14:55:00.257000
now 2017-04-21 15:00:00.559000 return None: last bar 2017-04-21 12:10:00 last processed bar 2017-04-21 12:10:00
2 bars requested None returned
HFC getFeed did not return any data! last bar: 2017-04-21 12:10:00 now: 15:00:00.611000
now 2017-04-21 15:05:00.988000 return None: last bar 2017-04-21 12:10:00 last processed bar 2017-04-21 12:10:00
2 bars requested None returned
HFC getFeed did not return any data! last bar: 2017-04-21 12:10:00 now: 15:05:01.366000
now 2017-04-21 15:10:00.849000 return None: last bar 2017-04-21 12:10:00 last processed bar 2017-04-21 12:10:00
2 bars requested None returned
HFC getFeed did not return any data! last bar: 2017-04-21 12:10:00 now: 15:10:01.259000
now 2017-04-21 15:15:00.801000 return None: last bar 2017-04-21 12:10:00 last processed bar 2017-04-21 12:10:00
2 bars requested None returned
HFC getFeed did not return any data! last bar: 2017-04-21 12:10:00 now: 15:15:01.708000
now 2017-04-21 15:20:01.102000 return None: last bar 2017-04-21 12:10:00 last processed bar 2017-04-21 12:10:00
2 bars requested None returned
HFC getFeed did not return any data! last bar: 2017-04-21 12:10:00 now: 15:20:01.671000
now 2017-04-21 15:25:01.217000 return None: last bar 2017-04-21 12:10:00 last processed bar 2017-04-21 12:10:00
2 bars requested None returned
HFC getFeed did not return any data! last bar: 2017-04-21 12:10:00 now: 15:25:01.414000
now 2017-04-21 15:30:00.672000 return None: last bar 2017-04-21 12:10:00 last processed bar 2017-04-21 12:10:00
2 bars requested None returned
HFC getFeed did not return any data! last bar: 2017-04-21 12:10:00 now: 15:30:01.792000
now 2017-04-21 15:35:00.635000 return None: last bar 2017-04-21 12:10:00 last processed bar 2017-04-21 12:10:00
2 bars requested None returned
HFC getFeed did not return any data! last bar: 2017-04-21 12:10:00 now: 15:35:00.925000
now 2017-04-21 15:40:00.173000 return None: last bar 2017-04-21 12:10:00 last processed bar 2017-04-21 12:10:00
2 bars requested None returned
HFC getFeed did not return any data! last bar: 2017-04-21 12:10:00 now: 15:40:00.271000
now 2017-04-21 15:45:00.557000 return None: last bar 2017-04-21 12:10:00 last processed bar 2017-04-21 12:10:00
2 bars requested None returned
HFC getFeed did not return any data! last bar: 2017-04-21 12:10:00 now: 15:45:01.533000
now 2017-04-21 15:50:00.127000 return None: last bar 2017-04-21 12:10:00 last processed bar 2017-04-21 12:10:00
2 bars requested None returned
HFC getFeed did not return any data! last bar: 2017-04-21 12:10:00 now: 15:50:00.643000
now 2017-04-21 15:55:00.026000
