return data: last bar 2017-04-21 09:45:00 last processed bar 1000-01-01 00:00:00
596 bars requested 596 bars returned
start_idx [(593, Timestamp('2017-04-21 09:35:00'))]
start_ema 2017-04-21 08:00:00 start_vwap 2017-04-21 09:35:00 last_bar 2017-04-21 09:45:00 ET:  0.03  minutes
now 2017-04-21 09:50:00.663000 return None: last bar 2017-04-21 09:45:00 last processed bar 2017-04-21 09:45:00
HTZ getFeed did not return any data! last bar: 2017-04-21 09:45:00 now: 09:50:08.607000
now 2017-04-21 09:55:01.272000 return data: last bar 2017-04-21 09:50:00 last processed bar 2017-04-21 09:45:00
596 bars requested 596 bars returned
start_idx [(592, Timestamp('2017-04-21 09:35:00'))]
start_ema 2017-04-21 08:00:00 start_vwap 2017-04-21 09:35:00 last_bar 2017-04-21 09:50:00 Writing to ./data/HTZ_livesignals_20170421_09_45_58.csv ./data/HTZ_last.csv
ET:  0.15  minutes
now 2017-04-21 10:00:00.688000 return data: last bar 2017-04-21 09:55:00 last processed bar 2017-04-21 09:50:00
596 bars requested 596 bars returned
start_idx [(591, Timestamp('2017-04-21 09:35:00'))]
start_ema 2017-04-21 08:00:00 start_vwap 2017-04-21 09:35:00 last_bar 2017-04-21 09:55:00 Writing to ./data/HTZ_livesignals_20170421_09_45_58.csv ./data/HTZ_last.csv
ET:  0.18  minutes
now 2017-04-21 10:05:00.431000 return data: last bar 2017-04-21 10:00:00 last processed bar 2017-04-21 09:55:00
596 bars requested 596 bars returned
start_idx [(590, Timestamp('2017-04-21 09:35:00'))]
start_ema 2017-04-21 08:00:00 start_vwap 2017-04-21 09:35:00 last_bar 2017-04-21 10:00:00 Writing to ./data/HTZ_livesignals_20170421_09_45_58.csv ./data/HTZ_last.csv
ET:  0.13  minutes
now 2017-04-21 10:10:00.074000 return data: last bar 2017-04-21 10:05:00 last processed bar 2017-04-21 10:00:00
596 bars requested 596 bars returned
start_idx [(589, Timestamp('2017-04-21 09:35:00'))]
start_ema 2017-04-21 08:00:00 start_vwap 2017-04-21 09:35:00 last_bar 2017-04-21 10:05:00 Writing to ./data/HTZ_livesignals_20170421_09_45_58.csv ./data/HTZ_last.csv
ET:  0.09  minutes
now 2017-04-21 10:15:02.644000 return data: last bar 2017-04-21 10:10:00 last processed bar 2017-04-21 10:05:00
596 bars requested 596 bars returned
start_idx [(588, Timestamp('2017-04-21 09:35:00'))]
start_ema 2017-04-21 08:00:00 start_vwap 2017-04-21 09:35:00 last_bar 2017-04-21 10:10:00 Writing to ./data/HTZ_livesignals_20170421_09_45_58.csv ./data/HTZ_last.csv
ET:  0.18  minutes
now 2017-04-21 10:20:01.479000 return data: last bar 2017-04-21 10:15:00 last processed bar 2017-04-21 10:10:00
596 bars requested 596 bars returned
start_idx [(587, Timestamp('2017-04-21 09:35:00'))]
start_ema 2017-04-21 08:00:00 start_vwap 2017-04-21 09:35:00 last_bar 2017-04-21 10:15:00 Writing to ./data/HTZ_livesignals_20170421_09_45_58.csv ./data/HTZ_last.csv
ET:  0.19  minutes
now 2017-04-21 10:25:02.532000 return data: last bar 2017-04-21 10:25:00 last processed bar 2017-04-21 10:15:00
596 bars requested 596 bars returned
start_idx [(585, Timestamp('2017-04-21 09:35:00'))]
start_ema 2017-04-21 08:00:00 start_vwap 2017-04-21 09:35:00 last_bar 2017-04-21 10:25:00 Writing to ./data/HTZ_livesignals_20170421_09_45_58.csv ./data/HTZ_last.csv
ET:  0.18  minutes
now 2017-04-21 10:30:00.298000 return data: last bar 2017-04-21 10:30:00 last processed bar 2017-04-21 10:25:00
596 bars requested 596 bars returned
start_idx [(584, Timestamp('2017-04-21 09:35:00'))]
start_ema 2017-04-21 08:00:00 start_vwap 2017-04-21 09:35:00 last_bar 2017-04-21 10:30:00 Writing to ./data/HTZ_livesignals_20170421_09_45_58.csv ./data/HTZ_last.csv
ET:  0.21  minutes
now 2017-04-21 10:35:00.773000 return data: last bar 2017-04-21 10:35:00 last processed bar 2017-04-21 10:30:00
596 bars requested 596 bars returned
start_idx [(583, Timestamp('2017-04-21 09:35:00'))]
start_ema 2017-04-21 08:00:00 start_vwap 2017-04-21 09:35:00 last_bar 2017-04-21 10:35:00 Writing to ./data/HTZ_livesignals_20170421_09_45_58.csv ./data/HTZ_last.csv
ET:  0.21  minutes
now 2017-04-21 10:40:00.575000 return data: last bar 2017-04-21 10:40:00 last processed bar 2017-04-21 10:35:00
596 bars requested 596 bars returned
start_idx [(582, Timestamp('2017-04-21 09:35:00'))]
start_ema 2017-04-21 08:00:00 start_vwap 2017-04-21 09:35:00 last_bar 2017-04-21 10:40:00 Close                        15.97
High                         15.97
Low                          15.87
Open                         15.87
Volume                       29788
ClosePC                  0.0063012
EMA9                        15.822
EMA9PC                  0.00234356
EMA20                      15.8088
EMA9XEMA20                       1
ClosePC>0.003                    1
EMA9PC>0.001                     1
EMA9>EMA20                       1
VP                          474721
TotalVP                8.36198e+06
TotalVolume                 529958
VWAP                       15.7786
EMA9>VWAP                        1
impulse                          1
state                            1
F                                1
_QTY                         15.97
QTY                            313
value                      4998.61
timestamp        20170421 10:40:11
Name: 2017-04-21 10:40:00, dtype: object
Signal Found! Transmitting order: {'symbol': 'HTZ', 'typeofsymbol': 'stock', 'quant': 313}
Saved ./data/110064634/HTZ.json
{
   "ok" : "1",
   "response" : [
      {
         "underlying" : null,
         "symbol" : "SPU",
         "putcall" : null,
         "strike" : null,
         "typeofsymbol" : "stock",
         "quant" : "0",
         "expir" : null
      },
      {
         "underlying" : null,
         "symbol" : "DK",
         "putcall" : null,
         "strike" : null,
         "typeofsymbol" : "stock",
         "quant" : "0",
         "expir" : null
      },
      {
         "underlying" : null,
         "symbol" : "HTZ",
         "putcall" : null,
         "strike" : null,
         "typeofsymbol" : "stock",
         "quant" : "313",
         "expir" : null
      },
      {
         "underlying" : null,
         "symbol" : "SAEX",
         "putcall" : null,
         "strike" : null,
         "typeofsymbol" : "stock",
         "quant" : "875",
         "expir" : null
      }
   ]
}

sent signal to broker
Writing to ./data/HTZ_livesignals_20170421_09_45_58.csv ./data/HTZ_last.csv
ET:  0.22  minutes
now 2017-04-21 10:45:01.127000 return data: last bar 2017-04-21 10:45:00 last processed bar 2017-04-21 10:40:00
596 bars requested 596 bars returned
start_idx [(581, Timestamp('2017-04-21 09:35:00'))]
start_ema 2017-04-21 08:00:00 start_vwap 2017-04-21 09:35:00 last_bar 2017-04-21 10:45:00 Writing to ./data/HTZ_livesignals_20170421_09_45_58.csv ./data/HTZ_last.csv
ET:  0.2  minutes
now 2017-04-21 10:50:00.267000 return data: last bar 2017-04-21 10:50:00 last processed bar 2017-04-21 10:45:00
596 bars requested 596 bars returned
start_idx [(580, Timestamp('2017-04-21 09:35:00'))]
start_ema 2017-04-21 08:00:00 start_vwap 2017-04-21 09:35:00 last_bar 2017-04-21 10:50:00 Writing to ./data/HTZ_livesignals_20170421_09_45_58.csv ./data/HTZ_last.csv
ET:  0.19  minutes
now 2017-04-21 10:55:02.157000 return data: last bar 2017-04-21 10:55:00 last processed bar 2017-04-21 10:50:00
596 bars requested 596 bars returned
start_idx [(579, Timestamp('2017-04-21 09:35:00'))]
start_ema 2017-04-21 08:00:00 start_vwap 2017-04-21 09:35:00 last_bar 2017-04-21 10:55:00 Writing to ./data/HTZ_livesignals_20170421_09_45_58.csv ./data/HTZ_last.csv
ET:  0.14  minutes
now 2017-04-21 11:00:00.977000 return data: last bar 2017-04-21 11:00:00 last processed bar 2017-04-21 10:55:00
596 bars requested 596 bars returned
start_idx [(578, Timestamp('2017-04-21 09:35:00'))]
start_ema 2017-04-21 08:00:00 start_vwap 2017-04-21 09:35:00 last_bar 2017-04-21 11:00:00 Writing to ./data/HTZ_livesignals_20170421_09_45_58.csv ./data/HTZ_last.csv
ET:  0.21  minutes
now 2017-04-21 11:05:00.434000 return data: last bar 2017-04-21 11:05:00 last processed bar 2017-04-21 11:00:00
596 bars requested 596 bars returned
start_idx [(577, Timestamp('2017-04-21 09:35:00'))]
start_ema 2017-04-21 08:00:00 start_vwap 2017-04-21 09:35:00 last_bar 2017-04-21 11:05:00 Writing to ./data/HTZ_livesignals_20170421_09_45_58.csv ./data/HTZ_last.csv
ET:  0.17  minutes
now 2017-04-21 11:10:01.346000 return data: last bar 2017-04-21 11:10:00 last processed bar 2017-04-21 11:05:00
596 bars requested 596 bars returned
start_idx [(576, Timestamp('2017-04-21 09:35:00'))]
start_ema 2017-04-21 08:00:00 start_vwap 2017-04-21 09:35:00 last_bar 2017-04-21 11:10:00 Writing to ./data/HTZ_livesignals_20170421_09_45_58.csv ./data/HTZ_last.csv
ET:  0.2  minutes
now 2017-04-21 11:15:00.232000 return data: last bar 2017-04-21 11:15:00 last processed bar 2017-04-21 11:10:00
596 bars requested 596 bars returned
start_idx [(575, Timestamp('2017-04-21 09:35:00'))]
start_ema 2017-04-21 08:00:00 start_vwap 2017-04-21 09:35:00 last_bar 2017-04-21 11:15:00 Writing to ./data/HTZ_livesignals_20170421_09_45_58.csv ./data/HTZ_last.csv
ET:  0.2  minutes
now 2017-04-21 11:20:00.542000 return data: last bar 2017-04-21 11:20:00 last processed bar 2017-04-21 11:15:00
596 bars requested 596 bars returned
start_idx [(574, Timestamp('2017-04-21 09:35:00'))]
start_ema 2017-04-21 08:00:00 start_vwap 2017-04-21 09:35:00 last_bar 2017-04-21 11:20:00 Writing to ./data/HTZ_livesignals_20170421_09_45_58.csv ./data/HTZ_last.csv
ET:  0.16  minutes
now 2017-04-21 11:25:00.408000 return data: last bar 2017-04-21 11:25:00 last processed bar 2017-04-21 11:20:00
2 bars requested 2 bars returned
596 bars requested 22 bars returned
start_idx [(0, Timestamp('2017-04-21 09:35:00'))]
start_ema 2017-04-21 09:50:00 data.dropna() feed returned insufficient data
now 2017-04-21 11:30:00.577000 return data: last bar 2017-04-21 11:30:00 last processed bar 2017-04-21 11:25:00
2 bars requested 2 bars returned
596 bars requested 22 bars returned
start_idx [(0, Timestamp('2017-04-21 09:35:00'))]
start_ema 2017-04-21 09:50:00 data.dropna() feed returned insufficient data
now 2017-04-21 11:35:01.328000 return data: last bar 2017-04-21 11:35:00 last processed bar 2017-04-21 11:30:00
2 bars requested 2 bars returned
596 bars requested 22 bars returned
start_idx [(0, Timestamp('2017-04-21 09:35:00'))]
start_ema 2017-04-21 09:50:00 data.dropna() feed returned insufficient data
now 2017-04-21 11:40:01.305000 return data: last bar 2017-04-21 11:40:00 last processed bar 2017-04-21 11:35:00
2 bars requested 2 bars returned
596 bars requested 22 bars returned
start_idx [(0, Timestamp('2017-04-21 09:35:00'))]
start_ema 2017-04-21 09:50:00 data.dropna() feed returned insufficient data
now 2017-04-21 11:45:01.053000 return data: last bar 2017-04-21 11:45:00 last processed bar 2017-04-21 11:40:00
2 bars requested 2 bars returned
596 bars requested 22 bars returned
start_idx [(0, Timestamp('2017-04-21 09:35:00'))]
start_ema 2017-04-21 09:50:00 data.dropna() feed returned insufficient data
now 2017-04-21 11:50:00.454000 return data: last bar 2017-04-21 11:50:00 last processed bar 2017-04-21 11:45:00
2 bars requested 2 bars returned
596 bars requested 22 bars returned
start_idx [(0, Timestamp('2017-04-21 09:35:00'))]
start_ema 2017-04-21 09:50:00 data.dropna() feed returned insufficient data
now 2017-04-21 11:55:00.252000 return data: last bar 2017-04-21 11:55:00 last processed bar 2017-04-21 11:50:00
2 bars requested 2 bars returned
596 bars requested 22 bars returned
start_idx [(0, Timestamp('2017-04-21 09:35:00'))]
start_ema 2017-04-21 09:50:00 data.dropna() feed returned insufficient data
now 2017-04-21 12:00:00.407000 return data: last bar 2017-04-21 12:00:00 last processed bar 2017-04-21 11:55:00
2 bars requested 2 bars returned
596 bars requested 22 bars returned
start_idx [(0, Timestamp('2017-04-21 09:35:00'))]
start_ema 2017-04-21 09:50:00 data.dropna() feed returned insufficient data
now 2017-04-21 12:05:00.323000 return data: last bar 2017-04-21 12:05:00 last processed bar 2017-04-21 12:00:00
2 bars requested 2 bars returned
596 bars requested 22 bars returned
start_idx [(0, Timestamp('2017-04-21 09:35:00'))]
start_ema 2017-04-21 09:50:00 data.dropna() feed returned insufficient data
now 2017-04-21 12:10:00.177000 return data: last bar 2017-04-21 12:10:00 last processed bar 2017-04-21 12:05:00
2 bars requested 2 bars returned
596 bars requested 22 bars returned
start_idx [(0, Timestamp('2017-04-21 09:35:00'))]
start_ema 2017-04-21 09:50:00 data.dropna() feed returned insufficient data
now 2017-04-21 12:15:00.501000 return data: last bar 2017-04-21 12:15:00 last processed bar 2017-04-21 12:10:00
2 bars requested 2 bars returned
596 bars requested 22 bars returned
start_idx [(0, Timestamp('2017-04-21 09:35:00'))]
start_ema 2017-04-21 09:50:00 data.dropna() feed returned insufficient data
now 2017-04-21 12:20:00.185000 return data: last bar 2017-04-21 12:20:00 last processed bar 2017-04-21 12:15:00
2 bars requested 2 bars returned
596 bars requested 22 bars returned
start_idx [(0, Timestamp('2017-04-21 09:35:00'))]
start_ema 2017-04-21 09:50:00 data.dropna() feed returned insufficient data
now 2017-04-21 12:25:00.051000 return data: last bar 2017-04-21 12:25:00 last processed bar 2017-04-21 12:20:00
2 bars requested 2 bars returned
596 bars requested 22 bars returned
start_idx [(0, Timestamp('2017-04-21 09:35:00'))]
start_ema 2017-04-21 09:50:00 data.dropna() feed returned insufficient data
now 2017-04-21 12:25:02.933000 return None: last bar 2017-04-21 12:25:00 last processed bar 2017-04-21 12:25:00
2 bars requested None returned
HTZ getFeed did not return any data! last bar: 2017-04-21 12:25:00 now: 12:25:02.948000
now 2017-04-21 12:30:00.289000 return data: last bar 2017-04-21 12:30:00 last processed bar 2017-04-21 12:25:00
2 bars requested 2 bars returned
596 bars requested 22 bars returned
start_idx [(0, Timestamp('2017-04-21 09:35:00'))]
start_ema 2017-04-21 09:50:00 data.dropna() feed returned insufficient data
now 2017-04-21 12:35:00.824000 return data: last bar 2017-04-21 12:35:00 last processed bar 2017-04-21 12:30:00
2 bars requested 2 bars returned
596 bars requested 22 bars returned
start_idx [(0, Timestamp('2017-04-21 09:35:00'))]
start_ema 2017-04-21 09:50:00 data.dropna() feed returned insufficient data
now 2017-04-21 12:40:00.124000 return data: last bar 2017-04-21 12:40:00 last processed bar 2017-04-21 12:35:00
2 bars requested 2 bars returned
596 bars requested 22 bars returned
start_idx [(0, Timestamp('2017-04-21 09:35:00'))]
start_ema 2017-04-21 09:50:00 data.dropna() feed returned insufficient data
now 2017-04-21 12:45:00.323000 return data: last bar 2017-04-21 12:45:00 last processed bar 2017-04-21 12:40:00
2 bars requested 2 bars returned
596 bars requested 22 bars returned
start_idx [(0, Timestamp('2017-04-21 09:35:00'))]
start_ema 2017-04-21 09:50:00 data.dropna() feed returned insufficient data
now 2017-04-21 12:50:00.405000 return data: last bar 2017-04-21 12:50:00 last processed bar 2017-04-21 12:45:00
2 bars requested 2 bars returned
596 bars requested 22 bars returned
start_idx [(0, Timestamp('2017-04-21 09:35:00'))]
start_ema 2017-04-21 09:50:00 data.dropna() feed returned insufficient data
now 2017-04-21 12:55:00.752000 return data: last bar 2017-04-21 12:55:00 last processed bar 2017-04-21 12:50:00
2 bars requested 2 bars returned
596 bars requested 22 bars returned
start_idx [(0, Timestamp('2017-04-21 09:35:00'))]
start_ema 2017-04-21 09:50:00 data.dropna() feed returned insufficient data
now 2017-04-21 13:00:00.677000 return data: last bar 2017-04-21 13:00:00 last processed bar 2017-04-21 12:55:00
2 bars requested 2 bars returned
596 bars requested 22 bars returned
start_idx [(0, Timestamp('2017-04-21 09:35:00'))]
start_ema 2017-04-21 09:50:00 data.dropna() feed returned insufficient data
now 2017-04-21 13:05:00.299000 return data: last bar 2017-04-21 13:05:00 last processed bar 2017-04-21 13:00:00
2 bars requested 2 bars returned
596 bars requested 22 bars returned
start_idx [(0, Timestamp('2017-04-21 09:35:00'))]
start_ema 2017-04-21 09:50:00 data.dropna() feed returned insufficient data
now 2017-04-21 13:10:00.517000 return data: last bar 2017-04-21 13:10:00 last processed bar 2017-04-21 13:05:00
2 bars requested 2 bars returned
596 bars requested 22 bars returned
start_idx [(0, Timestamp('2017-04-21 09:35:00'))]
start_ema 2017-04-21 09:50:00 data.dropna() feed returned insufficient data
now 2017-04-21 13:15:00.144000 return data: last bar 2017-04-21 13:15:00 last processed bar 2017-04-21 13:10:00
2 bars requested 2 bars returned
596 bars requested 22 bars returned
start_idx [(0, Timestamp('2017-04-21 09:35:00'))]
start_ema 2017-04-21 09:50:00 data.dropna() feed returned insufficient data
now 2017-04-21 13:20:00.952000 return data: last bar 2017-04-21 13:20:00 last processed bar 2017-04-21 13:15:00
2 bars requested 2 bars returned
596 bars requested 22 bars returned
start_idx [(0, Timestamp('2017-04-21 09:35:00'))]
start_ema 2017-04-21 09:50:00 data.dropna() feed returned insufficient data
now 2017-04-21 13:25:00.265000 return data: last bar 2017-04-21 13:25:00 last processed bar 2017-04-21 13:20:00
2 bars requested 2 bars returned
596 bars requested 22 bars returned
start_idx [(0, Timestamp('2017-04-21 09:35:00'))]
start_ema 2017-04-21 09:50:00 data.dropna() feed returned insufficient data
now 2017-04-21 13:30:01.216000 return data: last bar 2017-04-21 13:30:00 last processed bar 2017-04-21 13:25:00
2 bars requested 2 bars returned
596 bars requested 22 bars returned
start_idx [(0, Timestamp('2017-04-21 09:35:00'))]
start_ema 2017-04-21 09:50:00 data.dropna() feed returned insufficient data
now 2017-04-21 13:35:00.612000 return data: last bar 2017-04-21 13:35:00 last processed bar 2017-04-21 13:30:00
2 bars requested 2 bars returned
596 bars requested 22 bars returned
start_idx [(0, Timestamp('2017-04-21 09:35:00'))]
start_ema 2017-04-21 09:50:00 data.dropna() feed returned insufficient data
now 2017-04-21 13:40:00.949000 return data: last bar 2017-04-21 13:40:00 last processed bar 2017-04-21 13:35:00
2 bars requested 2 bars returned
596 bars requested 22 bars returned
start_idx [(0, Timestamp('2017-04-21 09:35:00'))]
start_ema 2017-04-21 09:50:00 data.dropna() feed returned insufficient data
now 2017-04-21 13:45:01.329000 return data: last bar 2017-04-21 13:45:00 last processed bar 2017-04-21 13:40:00
2 bars requested 2 bars returned
596 bars requested 22 bars returned
start_idx [(0, Timestamp('2017-04-21 09:35:00'))]
start_ema 2017-04-21 09:50:00 data.dropna() feed returned insufficient data
now 2017-04-21 13:50:00.278000 return data: last bar 2017-04-21 13:50:00 last processed bar 2017-04-21 13:45:00
2 bars requested 2 bars returned
596 bars requested 22 bars returned
start_idx [(0, Timestamp('2017-04-21 09:35:00'))]
start_ema 2017-04-21 09:50:00 data.dropna() feed returned insufficient data
now 2017-04-21 13:55:00.799000 return data: last bar 2017-04-21 13:55:00 last processed bar 2017-04-21 13:50:00
2 bars requested 2 bars returned
596 bars requested 22 bars returned
start_idx [(0, Timestamp('2017-04-21 09:35:00'))]
start_ema 2017-04-21 09:50:00 data.dropna() feed returned insufficient data
now 2017-04-21 14:00:00.938000 return data: last bar 2017-04-21 14:00:00 last processed bar 2017-04-21 13:55:00
2 bars requested 2 bars returned
596 bars requested 22 bars returned
start_idx [(0, Timestamp('2017-04-21 09:35:00'))]
start_ema 2017-04-21 09:50:00 data.dropna() feed returned insufficient data
now 2017-04-21 14:05:01.032000 return data: last bar 2017-04-21 14:05:00 last processed bar 2017-04-21 14:00:00
2 bars requested 2 bars returned
596 bars requested 22 bars returned
start_idx [(0, Timestamp('2017-04-21 09:35:00'))]
start_ema 2017-04-21 09:50:00 data.dropna() feed returned insufficient data
now 2017-04-21 14:10:00.498000 return data: last bar 2017-04-21 14:10:00 last processed bar 2017-04-21 14:05:00
2 bars requested 2 bars returned
596 bars requested 22 bars returned
start_idx [(0, Timestamp('2017-04-21 09:35:00'))]
start_ema 2017-04-21 09:50:00 data.dropna() feed returned insufficient data
now 2017-04-21 14:15:00.494000 return data: last bar 2017-04-21 14:15:00 last processed bar 2017-04-21 14:10:00
2 bars requested 2 bars returned
596 bars requested 22 bars returned
start_idx [(0, Timestamp('2017-04-21 09:35:00'))]
start_ema 2017-04-21 09:50:00 data.dropna() feed returned insufficient data
now 2017-04-21 14:20:00.574000 return None: last bar 2017-04-21 14:15:00 last processed bar 2017-04-21 14:15:00
2 bars requested None returned
HTZ getFeed did not return any data! last bar: 2017-04-21 14:15:00 now: 14:20:00.988000
now 2017-04-21 14:25:00.009000 return None: last bar 2017-04-21 14:15:00 last processed bar 2017-04-21 14:15:00
2 bars requested None returned
HTZ getFeed did not return any data! last bar: 2017-04-21 14:15:00 now: 14:25:00.022000
now 2017-04-21 14:30:00.303000 return None: last bar 2017-04-21 14:15:00 last processed bar 2017-04-21 14:15:00
2 bars requested None returned
HTZ getFeed did not return any data! last bar: 2017-04-21 14:15:00 now: 14:30:00.323000
now 2017-04-21 14:35:00.753000 return None: last bar 2017-04-21 14:15:00 last processed bar 2017-04-21 14:15:00
2 bars requested None returned
HTZ getFeed did not return any data! last bar: 2017-04-21 14:15:00 now: 14:35:01.039000
now 2017-04-21 14:40:00.677000 return None: last bar 2017-04-21 14:15:00 last processed bar 2017-04-21 14:15:00
2 bars requested None returned
HTZ getFeed did not return any data! last bar: 2017-04-21 14:15:00 now: 14:40:00.758000
now 2017-04-21 14:45:00.326000 return None: last bar 2017-04-21 14:15:00 last processed bar 2017-04-21 14:15:00
2 bars requested None returned
HTZ getFeed did not return any data! last bar: 2017-04-21 14:15:00 now: 14:45:00.419000
now 2017-04-21 14:50:00.622000 return None: last bar 2017-04-21 14:15:00 last processed bar 2017-04-21 14:15:00
2 bars requested None returned
HTZ getFeed did not return any data! last bar: 2017-04-21 14:15:00 now: 14:50:01.002000
now 2017-04-21 14:55:00.965000 return None: last bar 2017-04-21 14:15:00 last processed bar 2017-04-21 14:15:00
2 bars requested None returned
HTZ getFeed did not return any data! last bar: 2017-04-21 14:15:00 now: 14:55:01.675000
now 2017-04-21 15:00:00.965000 return None: last bar 2017-04-21 14:15:00 last processed bar 2017-04-21 14:15:00
2 bars requested None returned
HTZ getFeed did not return any data! last bar: 2017-04-21 14:15:00 now: 15:00:01.956000
now 2017-04-21 15:05:00.083000 return None: last bar 2017-04-21 14:15:00 last processed bar 2017-04-21 14:15:00
2 bars requested None returned
HTZ getFeed did not return any data! last bar: 2017-04-21 14:15:00 now: 15:05:00.169000
now 2017-04-21 15:10:00.843000 return None: last bar 2017-04-21 14:15:00 last processed bar 2017-04-21 14:15:00
2 bars requested None returned
HTZ getFeed did not return any data! last bar: 2017-04-21 14:15:00 now: 15:10:01.693000
now 2017-04-21 15:15:00.803000 return None: last bar 2017-04-21 14:15:00 last processed bar 2017-04-21 14:15:00
2 bars requested None returned
HTZ getFeed did not return any data! last bar: 2017-04-21 14:15:00 now: 15:15:01.054000
now 2017-04-21 15:20:00.248000 return None: last bar 2017-04-21 14:15:00 last processed bar 2017-04-21 14:15:00
2 bars requested None returned
HTZ getFeed did not return any data! last bar: 2017-04-21 14:15:00 now: 15:20:00.280000
now 2017-04-21 15:25:00.432000 return None: last bar 2017-04-21 14:15:00 last processed bar 2017-04-21 14:15:00
2 bars requested None returned
HTZ getFeed did not return any data! last bar: 2017-04-21 14:15:00 now: 15:25:00.671000
now 2017-04-21 15:30:00.675000 return None: last bar 2017-04-21 14:15:00 last processed bar 2017-04-21 14:15:00
2 bars requested None returned
HTZ getFeed did not return any data! last bar: 2017-04-21 14:15:00 now: 15:30:01.227000
now 2017-04-21 15:35:00.108000 return None: last bar 2017-04-21 14:15:00 last processed bar 2017-04-21 14:15:00
2 bars requested None returned
HTZ getFeed did not return any data! last bar: 2017-04-21 14:15:00 now: 15:35:00.390000
now 2017-04-21 15:40:00.276000 return None: last bar 2017-04-21 14:15:00 last processed bar 2017-04-21 14:15:00
2 bars requested None returned
HTZ getFeed did not return any data! last bar: 2017-04-21 14:15:00 now: 15:40:00.470000
now 2017-04-21 15:45:00.230000 return None: last bar 2017-04-21 14:15:00 last processed bar 2017-04-21 14:15:00
2 bars requested None returned
HTZ getFeed did not return any data! last bar: 2017-04-21 14:15:00 now: 15:45:00.549000
now 2017-04-21 15:50:00.640000 return None: last bar 2017-04-21 14:15:00 last processed bar 2017-04-21 14:15:00
2 bars requested None returned
HTZ getFeed did not return any data! last bar: 2017-04-21 14:15:00 now: 15:50:01.248000
now 2017-04-21 15:55:00.541000
