last bar 2017-03-13 09:35:00 last processed bar 1000-01-01 00:00:00
start_ema 2017-03-10 15:20:00 start_vwap 2017-03-13 09:35:00 last_bar 2017-03-13 09:35:00 ET:  0.08  minutes
Writing to ./data/IONS_livesignals_20170313_09_31_23.csv ./data/IONS_last.csv
now 2017-03-13 09:31:27.691000 last bar 2017-03-13 09:35:00 last processed bar 2017-03-13 09:35:00
new bar not ready
now 2017-03-13 09:35:07.377000 last bar 2017-03-13 09:35:00 last processed bar 2017-03-13 09:35:00
new bar not ready
now 2017-03-13 09:40:00.482000 last bar 2017-03-13 09:45:00 last processed bar 2017-03-13 09:35:00
start_ema 2017-03-10 15:20:00 start_vwap 2017-03-13 09:35:00 last_bar 2017-03-13 09:45:00 ET:  8.94  minutes
now 2017-03-13 09:45:00.403000 last bar 2017-03-13 09:50:00 last processed bar 2017-03-13 09:45:00
start_ema 2017-03-10 15:20:00 start_vwap 2017-03-13 09:35:00 last_bar 2017-03-13 09:50:00 ET:  13.86  minutes
now 2017-03-13 09:50:00.919000 last bar 2017-03-13 09:50:00 last processed bar 2017-03-13 09:50:00
new bar not ready
now 2017-03-13 09:55:00.506000 last bar 2017-03-13 10:00:00 last processed bar 2017-03-13 09:50:00
start_ema 2017-03-10 15:20:00 start_vwap 2017-03-13 09:35:00 last_bar 2017-03-13 10:00:00 ET:  23.79  minutes
now 2017-03-13 10:00:00.812000 last bar 2017-03-13 10:05:00 last processed bar 2017-03-13 10:00:00
start_ema 2017-03-10 15:20:00 start_vwap 2017-03-13 09:35:00 last_bar 2017-03-13 10:05:00 ET:  28.76  minutes
now 2017-03-13 10:05:00.886000 last bar 2017-03-13 10:05:00 last processed bar 2017-03-13 10:05:00
new bar not ready
now 2017-03-13 10:10:00.491000 last bar 2017-03-13 10:10:00 last processed bar 2017-03-13 10:05:00
start_ema 2017-03-10 15:20:00 start_vwap 2017-03-13 09:35:00 last_bar 2017-03-13 10:10:00 ET:  38.79  minutes
now 2017-03-13 10:15:00.525000 last bar 2017-03-13 10:20:00 last processed bar 2017-03-13 10:10:00
start_ema 2017-03-10 15:20:00 start_vwap 2017-03-13 09:35:00 last_bar 2017-03-13 10:20:00 ET:  43.76  minutes
now 2017-03-13 10:20:00.730000 last bar 2017-03-13 10:20:00 last processed bar 2017-03-13 10:20:00
new bar not ready
now 2017-03-13 10:25:00.596000 last bar 2017-03-13 10:25:00 last processed bar 2017-03-13 10:20:00
start_ema 2017-03-10 15:20:00 start_vwap 2017-03-13 09:35:00 last_bar 2017-03-13 10:25:00 ET:  53.74  minutes
now 2017-03-13 10:30:00.328000 last bar 2017-03-13 10:35:00 last processed bar 2017-03-13 10:25:00
start_ema 2017-03-10 15:20:00 start_vwap 2017-03-13 09:35:00 last_bar 2017-03-13 10:35:00 ET:  58.75  minutes
now 2017-03-13 10:35:00.940000 last bar 2017-03-13 10:40:00 last processed bar 2017-03-13 10:35:00
start_ema 2017-03-10 15:20:00 start_vwap 2017-03-13 09:35:00 last_bar 2017-03-13 10:40:00 ET:  63.76  minutes
now 2017-03-13 10:40:00.038000 last bar 2017-03-13 10:40:00 last processed bar 2017-03-13 10:40:00
new bar not ready
now 2017-03-13 10:45:00.716000 last bar 2017-03-13 10:50:00 last processed bar 2017-03-13 10:40:00
start_ema 2017-03-10 15:20:00 start_vwap 2017-03-13 09:35:00 last_bar 2017-03-13 10:50:00 ET:  73.76  minutes
now 2017-03-13 10:50:00.833000 last bar 2017-03-13 10:55:00 last processed bar 2017-03-13 10:50:00
start_ema 2017-03-10 15:20:00 start_vwap 2017-03-13 09:35:00 last_bar 2017-03-13 10:55:00 ET:  78.76  minutes
now 2017-03-13 10:55:00.946000 last bar 2017-03-13 10:55:00 last processed bar 2017-03-13 10:55:00
new bar not ready
now 2017-03-13 11:00:00.936000 last bar 2017-03-13 11:00:00 last processed bar 2017-03-13 10:55:00
start_ema 2017-03-10 15:20:00 start_vwap 2017-03-13 09:35:00 last_bar 2017-03-13 11:00:00 ET:  88.74  minutes
now 2017-03-13 11:05:00.689000 last bar 2017-03-13 11:10:00 last processed bar 2017-03-13 11:00:00
start_ema 2017-03-10 15:20:00 start_vwap 2017-03-13 09:35:00 last_bar 2017-03-13 11:10:00 ET:  93.76  minutes
now 2017-03-13 11:10:00.996000 last bar 2017-03-13 11:15:00 last processed bar 2017-03-13 11:10:00
start_ema 2017-03-10 15:20:00 start_vwap 2017-03-13 09:35:00 last_bar 2017-03-13 11:15:00 ET:  98.77  minutes
now 2017-03-13 11:15:00.396000 last bar 2017-03-13 11:20:00 last processed bar 2017-03-13 11:15:00
start_ema 2017-03-10 15:20:00 start_vwap 2017-03-13 09:35:00 last_bar 2017-03-13 11:20:00 ET:  103.74  minutes
now 2017-03-13 11:20:00.557000 last bar 2017-03-13 11:20:00 last processed bar 2017-03-13 11:20:00
new bar not ready
now 2017-03-13 11:25:00.953000 last bar 2017-03-13 11:25:00 last processed bar 2017-03-13 11:20:00
start_ema 2017-03-10 15:20:00 start_vwap 2017-03-13 09:35:00 last_bar 2017-03-13 11:25:00 ET:  113.74  minutes
now 2017-03-13 11:30:00.846000 last bar 2017-03-13 11:35:00 last processed bar 2017-03-13 11:25:00
start_ema 2017-03-10 15:20:00 start_vwap 2017-03-13 09:35:00 last_bar 2017-03-13 11:35:00 ET:  118.77  minutes
now 2017-03-13 11:35:00.176000 last bar 2017-03-13 11:35:00 last processed bar 2017-03-13 11:35:00
new bar not ready
now 2017-03-13 11:40:00.422000 last bar 2017-03-13 11:45:00 last processed bar 2017-03-13 11:35:00
start_ema 2017-03-10 15:20:00 start_vwap 2017-03-13 09:35:00 last_bar 2017-03-13 11:45:00 ET:  128.76  minutes
now 2017-03-13 11:45:00.733000 last bar 2017-03-13 11:50:00 last processed bar 2017-03-13 11:45:00
start_ema 2017-03-10 15:20:00 start_vwap 2017-03-13 09:35:00 last_bar 2017-03-13 11:50:00 ET:  133.75  minutes
now 2017-03-13 11:50:00.007000 last bar 2017-03-13 11:55:00 last processed bar 2017-03-13 11:50:00
start_ema 2017-03-10 15:20:00 start_vwap 2017-03-13 09:35:00 last_bar 2017-03-13 11:55:00 ET:  138.66  minutes
now 2017-03-13 11:55:00.931000 last bar 2017-03-13 11:55:00 last processed bar 2017-03-13 11:55:00
new bar not ready
now 2017-03-13 12:00:00.084000 last bar 2017-03-13 12:00:00 last processed bar 2017-03-13 11:55:00
start_ema 2017-03-10 15:20:00 start_vwap 2017-03-13 09:35:00 last_bar 2017-03-13 12:00:00 ET:  148.76  minutes
now 2017-03-13 12:05:00.653000 last bar 2017-03-13 12:05:00 last processed bar 2017-03-13 12:00:00
start_ema 2017-03-10 15:20:00 start_vwap 2017-03-13 09:35:00 last_bar 2017-03-13 12:05:00 ET:  153.77  minutes
now 2017-03-13 12:10:00.148000 last bar 2017-03-13 12:10:00 last processed bar 2017-03-13 12:05:00
start_ema 2017-03-10 15:20:00 start_vwap 2017-03-13 09:35:00 last_bar 2017-03-13 12:10:00 ET:  158.75  minutes
now 2017-03-13 12:15:00.424000 last bar 2017-03-13 12:15:00 last processed bar 2017-03-13 12:10:00
start_ema 2017-03-10 15:20:00 start_vwap 2017-03-13 09:35:00 last_bar 2017-03-13 12:15:00 ET:  163.77  minutes
now 2017-03-13 12:20:00.105000 last bar 2017-03-13 12:20:00 last processed bar 2017-03-13 12:15:00
start_ema 2017-03-10 15:20:00 start_vwap 2017-03-13 09:35:00 last_bar 2017-03-13 12:20:00 ET:  168.71  minutes
now 2017-03-13 12:25:00.714000 last bar 2017-03-13 12:30:00 last processed bar 2017-03-13 12:20:00
start_ema 2017-03-10 15:20:00 start_vwap 2017-03-13 09:35:00 last_bar 2017-03-13 12:30:00 ET:  173.74  minutes
now 2017-03-13 12:30:00.847000 last bar 2017-03-13 12:30:00 last processed bar 2017-03-13 12:30:00
new bar not ready
now 2017-03-13 12:35:00.643000 last bar 2017-03-13 12:40:00 last processed bar 2017-03-13 12:30:00
start_ema 2017-03-10 15:20:00 start_vwap 2017-03-13 09:35:00 last_bar 2017-03-13 12:40:00 ET:  183.75  minutes
now 2017-03-13 12:40:00.328000 last bar 2017-03-13 12:40:00 last processed bar 2017-03-13 12:40:00
new bar not ready
now 2017-03-13 12:45:00.492000 last bar 2017-03-13 12:45:00 last processed bar 2017-03-13 12:40:00
start_ema 2017-03-10 15:20:00 start_vwap 2017-03-13 09:35:00 last_bar 2017-03-13 12:45:00 ET:  193.75  minutes
now 2017-03-13 12:50:00.403000 last bar 2017-03-13 12:50:00 last processed bar 2017-03-13 12:45:00
start_ema 2017-03-10 15:20:00 start_vwap 2017-03-13 09:35:00 last_bar 2017-03-13 12:50:00 ET:  198.76  minutes
now 2017-03-13 12:55:00.491000 last bar 2017-03-13 12:55:00 last processed bar 2017-03-13 12:50:00
start_ema 2017-03-10 15:20:00 start_vwap 2017-03-13 09:35:00 last_bar 2017-03-13 12:55:00 ET:  203.76  minutes
now 2017-03-13 13:00:00.525000 last bar 2017-03-13 13:00:00 last processed bar 2017-03-13 12:55:00
start_ema 2017-03-10 15:20:00 start_vwap 2017-03-13 09:35:00 last_bar 2017-03-13 13:00:00 ET:  208.72  minutes
now 2017-03-13 13:05:00.628000 last bar 2017-03-13 13:05:00 last processed bar 2017-03-13 13:00:00
start_ema 2017-03-10 15:20:00 start_vwap 2017-03-13 09:35:00 last_bar 2017-03-13 13:05:00 ET:  213.72  minutes
now 2017-03-13 13:10:00.375000 last bar 2017-03-13 13:15:00 last processed bar 2017-03-13 13:05:00
start_ema 2017-03-10 15:20:00 start_vwap 2017-03-13 09:35:00 last_bar 2017-03-13 13:15:00 ET:  218.75  minutes
now 2017-03-13 13:15:00.151000 last bar 2017-03-13 13:15:00 last processed bar 2017-03-13 13:15:00
new bar not ready
now 2017-03-13 13:20:00.290000 last bar 2017-03-13 13:20:00 last processed bar 2017-03-13 13:15:00
start_ema 2017-03-10 15:20:00 start_vwap 2017-03-13 09:35:00 last_bar 2017-03-13 13:20:00 Transmitting {'symbol': 'IONS', 'typeofsymbol': 'stock', 'quant': 121}
Saved ./data/110064634/IONS.json
DEBUG:requests.packages.urllib3.connectionpool:Starting new HTTPS connection (1): collective2.com
DEBUG:requests.packages.urllib3.connectionpool:https://collective2.com:443 "POST /world/apiv3/setDesiredPositions HTTP/1.1" 200 None
{
   "ok" : "1",
   "response" : [
      {
         "underlying" : null,
         "symbol" : "TGTX",
         "putcall" : null,
         "strike" : null,
         "typeofsymbol" : "stock",
         "quant" : "429",
         "expir" : null
      },
      {
         "underlying" : null,
         "symbol" : "KERX",
         "putcall" : null,
         "strike" : null,
         "typeofsymbol" : "stock",
         "quant" : "922",
         "expir" : null
      },
      {
         "underlying" : null,
         "symbol" : "GSM",
         "putcall" : null,
         "strike" : null,
         "typeofsymbol" : "stock",
         "quant" : "488",
         "expir" : null
      },
      {
         "underlying" : null,
         "symbol" : "AMD",
         "putcall" : null,
         "strike" : null,
         "typeofsymbol" : "stock",
         "quant" : "347",
         "expir" : null
      },
      {
         "underlying" : null,
         "symbol" : "ZAGG",
         "putcall" : null,
         "strike" : null,
         "typeofsymbol" : "stock",
         "quant" : "714",
         "expir" : null
      },
      {
         "underlying" : null,
         "symbol" : "QBAK",
         "putcall" : null,
         "strike" : null,
         "typeofsymbol" : "stock",
         "quant" : "606",
         "expir" : null
      },
      {
         "underlying" : null,
         "symbol" : "IONS",
         "putcall" : null,
         "strike" : null,
         "typeofsymbol" : "stock",
         "quant" : "121",
         "expir" : null
      },
      {
         "underlying" : null,
         "symbol" : "ZFGN",
         "putcall" : null,
         "strike" : null,
         "typeofsymbol" : "stock",
         "quant" : "1160",
         "expir" : null
      },
      {
         "underlying" : null,
         "symbol" : "ENPH",
         "putcall" : null,
         "strike" : null,
         "typeofsymbol" : "stock",
         "quant" : "3906",
         "expir" : null
      },
      {
         "underlying" : null,
         "symbol" : "OAS",
         "putcall" : null,
         "strike" : null,
         "typeofsymbol" : "stock",
         "quant" : "378",
         "expir" : null
      },
      {
         "underlying" : null,
         "symbol" : "AAOI",
         "putcall" : null,
         "strike" : null,
         "typeofsymbol" : "stock",
         "quant" : "99",
         "expir" : null
      },
      {
         "underlying" : null,
         "symbol" : "ZUMZ",
         "putcall" : null,
         "strike" : null,
         "typeofsymbol" : "stock",
         "quant" : "278",
         "expir" : null
      },
      {
         "underlying" : null,
         "symbol" : "GPRE",
         "putcall" : null,
         "strike" : null,
         "typeofsymbol" : "stock",
         "quant" : "213",
         "expir" : null
      },
      {
         "underlying" : null,
         "symbol" : "CENX",
         "putcall" : null,
         "strike" : null,
         "typeofsymbol" : "stock",
         "quant" : "397",
         "expir" : null
      },
      {
         "underlying" : null,
         "symbol" : "REN",
         "putcall" : null,
         "strike" : null,
         "typeofsymbol" : "stock",
         "quant" : "134",
         "expir" : null
      },
      {
         "underlying" : null,
         "symbol" : "AKAO",
         "putcall" : null,
         "strike" : null,
         "typeofsymbol" : "stock",
         "quant" : "182",
         "expir" : null
      },
      {
         "underlying" : null,
         "symbol" : "FTK",
         "putcall" : null,
         "strike" : null,
         "typeofsymbol" : "stock",
         "quant" : "412",
         "expir" : null
      },
      {
         "underlying" : null,
         "symbol" : "CARB",
         "putcall" : null,
         "strike" : null,
         "typeofsymbol" : "stock",
         "quant" : "248",
         "expir" : null
      },
      {
         "underlying" : null,
         "symbol" : "EYEG",
         "putcall" : null,
         "strike" : null,
         "typeofsymbol" : "stock",
         "quant" : "1855",
         "expir" : null
      },
      {
         "underlying" : null,
         "symbol" : "CAR",
         "putcall" : null,
         "strike" : null,
         "typeofsymbol" : "stock",
         "quant" : "151",
         "expir" : null
      },
      {
         "underlying" : null,
         "symbol" : "AEZS",
         "putcall" : null,
         "strike" : null,
         "typeofsymbol" : "stock",
         "quant" : "1597",
         "expir" : null
      },
      {
         "underlying" : null,
         "symbol" : "WTI",
         "putcall" : null,
         "strike" : null,
         "typeofsymbol" : "stock",
         "quant" : "1838",
         "expir" : null
      },
      {
         "underlying" : null,
         "symbol" : "TROX",
         "putcall" : null,
         "strike" : null,
         "typeofsymbol" : "stock",
         "quant" : "310",
         "expir" : null
      },
      {
         "underlying" : null,
         "symbol" : "SWM",
         "putcall" : null,
         "strike" : null,
         "typeofsymbol" : "stock",
         "quant" : "123",
         "expir" : null
      },
      {
         "underlying" : null,
         "symbol" : "NVDA",
         "putcall" : null,
         "strike" : null,
         "typeofsymbol" : "stock",
         "quant" : "49",
         "expir" : null
      },
      {
         "underlying" : null,
         "symbol" : "PANW",
         "putcall" : null,
         "strike" : null,
         "typeofsymbol" : "stock",
         "quant" : "42",
         "expir" : null
      },
      {
         "underlying" : null,
         "symbol" : "TELL",
         "putcall" : null,
         "strike" : null,
         "typeofsymbol" : "stock",
         "quant" : "469",
         "expir" : null
      },
      {
         "underlying" : null,
         "symbol" : "X",
         "putcall" : null,
         "strike" : null,
         "typeofsymbol" : "stock",
         "quant" : "139",
         "expir" : null
      },
      {
         "underlying" : null,
         "symbol" : "SRPT",
         "putcall" : null,
         "strike" : null,
         "typeofsymbol" : "stock",
         "quant" : "157",
         "expir" : null
      },
      {
         "underlying" : null,
         "symbol" : "ANET",
         "putcall" : null,
         "strike" : null,
         "typeofsymbol" : "stock",
         "quant" : "39",
         "expir" : null
      },
      {
         "underlying" : null,
         "symbol" : "GRUB",
         "putcall" : null,
         "strike" : null,
         "typeofsymbol" : "stock",
         "quant" : "146",
         "expir" : null
      },
      {
         "underlying" : null,
         "symbol" : "FSLR",
         "putcall" : null,
         "strike" : null,
         "typeofsymbol" : "stock",
         "quant" : "155",
         "expir" : null
      },
      {
         "underlying" : null,
         "symbol" : "AUPH",
         "putcall" : null,
         "strike" : null,
         "typeofsymbol" : "stock",
         "quant" : "1",
         "expir" : null
      },
      {
         "underlying" : null,
         "symbol" : "TTPH",
         "putcall" : null,
         "strike" : null,
         "typeofsymbol" : "stock",
         "quant" : "672",
         "expir" : null
      },
      {
         "underlying" : null,
         "symbol" : "WB",
         "putcall" : null,
         "strike" : null,
         "typeofsymbol" : "stock",
         "quant" : "102",
         "expir" : null
      },
      {
         "underlying" : null,
         "symbol" : "AVXL",
         "putcall" : null,
         "strike" : null,
         "typeofsymbol" : "stock",
         "quant" : "878",
         "expir" : null
      },
      {
         "underlying" : null,
         "symbol" : "CLF",
         "putcall" : null,
         "strike" : null,
         "typeofsymbol" : "stock",
         "quant" : "554",
         "expir" : null
      },
      {
         "underlying" : null,
         "symbol" : "KITE",
         "putcall" : null,
         "strike" : null,
         "typeofsymbol" : "stock",
         "quant" : "59",
         "expir" : null
      },
      {
         "underlying" : null,
         "symbol" : "SHLD",
         "putcall" : null,
         "strike" : null,
         "typeofsymbol" : "stock",
         "quant" : "528",
         "expir" : null
      }
   ]
}

sent signal to broker
ET:  228.77  minutes
now 2017-03-13 13:25:00.387000 last bar 2017-03-13 13:30:00 last processed bar 2017-03-13 13:20:00
start_ema 2017-03-10 15:20:00 start_vwap 2017-03-13 09:35:00 last_bar 2017-03-13 13:30:00 ET:  233.74  minutes
now 2017-03-13 13:30:00.643000 last bar 2017-03-13 13:30:00 last processed bar 2017-03-13 13:30:00
new bar not ready
now 2017-03-13 13:35:00.877000 last bar 2017-03-13 13:35:00 last processed bar 2017-03-13 13:30:00
start_ema 2017-03-10 15:20:00 start_vwap 2017-03-13 09:35:00 last_bar 2017-03-13 13:35:00 Transmitting {'symbol': 'IONS', 'typeofsymbol': 'stock', 'quant': 120}
Saved ./data/110064634/IONS.json
DEBUG:requests.packages.urllib3.connectionpool:Starting new HTTPS connection (1): collective2.com
DEBUG:requests.packages.urllib3.connectionpool:https://collective2.com:443 "POST /world/apiv3/setDesiredPositions HTTP/1.1" 200 None
{
   "ok" : "1",
   "response" : [
      {
         "underlying" : null,
         "symbol" : "TGTX",
         "putcall" : null,
         "strike" : null,
         "typeofsymbol" : "stock",
         "quant" : "429",
         "expir" : null
      },
      {
         "underlying" : null,
         "symbol" : "KERX",
         "putcall" : null,
         "strike" : null,
         "typeofsymbol" : "stock",
         "quant" : "920",
         "expir" : null
      },
      {
         "underlying" : null,
         "symbol" : "GSM",
         "putcall" : null,
         "strike" : null,
         "typeofsymbol" : "stock",
         "quant" : "489",
         "expir" : null
      },
      {
         "underlying" : null,
         "symbol" : "AMD",
         "putcall" : null,
         "strike" : null,
         "typeofsymbol" : "stock",
         "quant" : "347",
         "expir" : null
      },
      {
         "underlying" : null,
         "symbol" : "ZAGG",
         "putcall" : null,
         "strike" : null,
         "typeofsymbol" : "stock",
         "quant" : "714",
         "expir" : null
      },
      {
         "underlying" : null,
         "symbol" : "QBAK",
         "putcall" : null,
         "strike" : null,
         "typeofsymbol" : "stock",
         "quant" : "589",
         "expir" : null
      },
      {
         "underlying" : null,
         "symbol" : "IONS",
         "putcall" : null,
         "strike" : null,
         "typeofsymbol" : "stock",
         "quant" : "120",
         "expir" : null
      },
      {
         "underlying" : null,
         "symbol" : "ZFGN",
         "putcall" : null,
         "strike" : null,
         "typeofsymbol" : "stock",
         "quant" : "1168",
         "expir" : null
      },
      {
         "underlying" : null,
         "symbol" : "ENPH",
         "putcall" : null,
         "strike" : null,
         "typeofsymbol" : "stock",
         "quant" : "3906",
         "expir" : null
      },
      {
         "underlying" : null,
         "symbol" : "OAS",
         "putcall" : null,
         "strike" : null,
         "typeofsymbol" : "stock",
         "quant" : "378",
         "expir" : null
      },
      {
         "underlying" : null,
         "symbol" : "AAOI",
         "putcall" : null,
         "strike" : null,
         "typeofsymbol" : "stock",
         "quant" : "99",
         "expir" : null
      },
      {
         "underlying" : null,
         "symbol" : "ZUMZ",
         "putcall" : null,
         "strike" : null,
         "typeofsymbol" : "stock",
         "quant" : "281",
         "expir" : null
      },
      {
         "underlying" : null,
         "symbol" : "GPRE",
         "putcall" : null,
         "strike" : null,
         "typeofsymbol" : "stock",
         "quant" : "214",
         "expir" : null
      },
      {
         "underlying" : null,
         "symbol" : "CENX",
         "putcall" : null,
         "strike" : null,
         "typeofsymbol" : "stock",
         "quant" : "398",
         "expir" : null
      },
      {
         "underlying" : null,
         "symbol" : "REN",
         "putcall" : null,
         "strike" : null,
         "typeofsymbol" : "stock",
         "quant" : "135",
         "expir" : null
      },
      {
         "underlying" : null,
         "symbol" : "AKAO",
         "putcall" : null,
         "strike" : null,
         "typeofsymbol" : "stock",
         "quant" : "182",
         "expir" : null
      },
      {
         "underlying" : null,
         "symbol" : "FTK",
         "putcall" : null,
         "strike" : null,
         "typeofsymbol" : "stock",
         "quant" : "412",
         "expir" : null
      },
      {
         "underlying" : null,
         "symbol" : "CARB",
         "putcall" : null,
         "strike" : null,
         "typeofsymbol" : "stock",
         "quant" : "248",
         "expir" : null
      },
      {
         "underlying" : null,
         "symbol" : "EYEG",
         "putcall" : null,
         "strike" : null,
         "typeofsymbol" : "stock",
         "quant" : "1872",
         "expir" : null
      },
      {
         "underlying" : null,
         "symbol" : "CAR",
         "putcall" : null,
         "strike" : null,
         "typeofsymbol" : "stock",
         "quant" : "151",
         "expir" : null
      },
      {
         "underlying" : null,
         "symbol" : "AEZS",
         "putcall" : null,
         "strike" : null,
         "typeofsymbol" : "stock",
         "quant" : "1597",
         "expir" : null
      },
      {
         "underlying" : null,
         "symbol" : "WTI",
         "putcall" : null,
         "strike" : null,
         "typeofsymbol" : "stock",
         "quant" : "1838",
         "expir" : null
      },
      {
         "underlying" : null,
         "symbol" : "TROX",
         "putcall" : null,
         "strike" : null,
         "typeofsymbol" : "stock",
         "quant" : "310",
         "expir" : null
      },
      {
         "underlying" : null,
         "symbol" : "SWM",
         "putcall" : null,
         "strike" : null,
         "typeofsymbol" : "stock",
         "quant" : "123",
         "expir" : null
      },
      {
         "underlying" : null,
         "symbol" : "NVDA",
         "putcall" : null,
         "strike" : null,
         "typeofsymbol" : "stock",
         "quant" : "49",
         "expir" : null
      },
      {
         "underlying" : null,
         "symbol" : "PANW",
         "putcall" : null,
         "strike" : null,
         "typeofsymbol" : "stock",
         "quant" : "42",
         "expir" : null
      },
      {
         "underlying" : null,
         "symbol" : "TELL",
         "putcall" : null,
         "strike" : null,
         "typeofsymbol" : "stock",
         "quant" : "469",
         "expir" : null
      },
      {
         "underlying" : null,
         "symbol" : "X",
         "putcall" : null,
         "strike" : null,
         "typeofsymbol" : "stock",
         "quant" : "139",
         "expir" : null
      },
      {
         "underlying" : null,
         "symbol" : "SRPT",
         "putcall" : null,
         "strike" : null,
         "typeofsymbol" : "stock",
         "quant" : "157",
         "expir" : null
      },
      {
         "underlying" : null,
         "symbol" : "ANET",
         "putcall" : null,
         "strike" : null,
         "typeofsymbol" : "stock",
         "quant" : "39",
         "expir" : null
      },
      {
         "underlying" : null,
         "symbol" : "GRUB",
         "putcall" : null,
         "strike" : null,
         "typeofsymbol" : "stock",
         "quant" : "146",
         "expir" : null
      },
      {
         "underlying" : null,
         "symbol" : "FSLR",
         "putcall" : null,
         "strike" : null,
         "typeofsymbol" : "stock",
         "quant" : "155",
         "expir" : null
      },
      {
         "underlying" : null,
         "symbol" : "AUPH",
         "putcall" : null,
         "strike" : null,
         "typeofsymbol" : "stock",
         "quant" : "1",
         "expir" : null
      },
      {
         "underlying" : null,
         "symbol" : "TTPH",
         "putcall" : null,
         "strike" : null,
         "typeofsymbol" : "stock",
         "quant" : "656",
         "expir" : null
      },
      {
         "underlying" : null,
         "symbol" : "WB",
         "putcall" : null,
         "strike" : null,
         "typeofsymbol" : "stock",
         "quant" : "102",
         "expir" : null
      },
      {
         "underlying" : null,
         "symbol" : "AVXL",
         "putcall" : null,
         "strike" : null,
         "typeofsymbol" : "stock",
         "quant" : "875",
         "expir" : null
      },
      {
         "underlying" : null,
         "symbol" : "CLF",
         "putcall" : null,
         "strike" : null,
         "typeofsymbol" : "stock",
         "quant" : "554",
         "expir" : null
      },
      {
         "underlying" : null,
         "symbol" : "KITE",
         "putcall" : null,
         "strike" : null,
         "typeofsymbol" : "stock",
         "quant" : "59",
         "expir" : null
      },
      {
         "underlying" : null,
         "symbol" : "SHLD",
         "putcall" : null,
         "strike" : null,
         "typeofsymbol" : "stock",
         "quant" : "528",
         "expir" : null
      }
   ]
}

sent signal to broker
ET:  243.77  minutes
now 2017-03-13 13:40:00.334000 last bar 2017-03-13 13:40:00 last processed bar 2017-03-13 13:35:00
start_ema 2017-03-10 15:20:00 start_vwap 2017-03-13 09:35:00 last_bar 2017-03-13 13:40:00 ET:  248.73  minutes
now 2017-03-13 13:45:00.192000 last bar 2017-03-13 13:45:00 last processed bar 2017-03-13 13:40:00
start_ema 2017-03-10 15:20:00 start_vwap 2017-03-13 09:35:00 last_bar 2017-03-13 13:45:00 Transmitting {'symbol': 'IONS', 'typeofsymbol': 'stock', 'quant': 119}
Saved ./data/110064634/IONS.json
DEBUG:requests.packages.urllib3.connectionpool:Starting new HTTPS connection (1): collective2.com
DEBUG:requests.packages.urllib3.connectionpool:https://collective2.com:443 "POST /world/apiv3/setDesiredPositions HTTP/1.1" 200 None
{
   "ok" : "1",
   "response" : [
      {
         "underlying" : null,
         "symbol" : "TGTX",
         "putcall" : null,
         "strike" : null,
         "typeofsymbol" : "stock",
         "quant" : "429",
         "expir" : null
      },
      {
         "underlying" : null,
         "symbol" : "KERX",
         "putcall" : null,
         "strike" : null,
         "typeofsymbol" : "stock",
         "quant" : "915",
         "expir" : null
      },
      {
         "underlying" : null,
         "symbol" : "GSM",
         "putcall" : null,
         "strike" : null,
         "typeofsymbol" : "stock",
         "quant" : "488",
         "expir" : null
      },
      {
         "underlying" : null,
         "symbol" : "AMD",
         "putcall" : null,
         "strike" : null,
         "typeofsymbol" : "stock",
         "quant" : "347",
         "expir" : null
      },
      {
         "underlying" : null,
         "symbol" : "ZAGG",
         "putcall" : null,
         "strike" : null,
         "typeofsymbol" : "stock",
         "quant" : "714",
         "expir" : null
      },
      {
         "underlying" : null,
         "symbol" : "QBAK",
         "putcall" : null,
         "strike" : null,
         "typeofsymbol" : "stock",
         "quant" : "598",
         "expir" : null
      },
      {
         "underlying" : null,
         "symbol" : "IONS",
         "putcall" : null,
         "strike" : null,
         "typeofsymbol" : "stock",
         "quant" : "119",
         "expir" : null
      },
      {
         "underlying" : null,
         "symbol" : "ZFGN",
         "putcall" : null,
         "strike" : null,
         "typeofsymbol" : "stock",
         "quant" : "1158",
         "expir" : null
      },
      {
         "underlying" : null,
         "symbol" : "ENPH",
         "putcall" : null,
         "strike" : null,
         "typeofsymbol" : "stock",
         "quant" : "3936",
         "expir" : null
      },
      {
         "underlying" : null,
         "symbol" : "OAS",
         "putcall" : null,
         "strike" : null,
         "typeofsymbol" : "stock",
         "quant" : "378",
         "expir" : null
      },
      {
         "underlying" : null,
         "symbol" : "AAOI",
         "putcall" : null,
         "strike" : null,
         "typeofsymbol" : "stock",
         "quant" : "99",
         "expir" : null
      },
      {
         "underlying" : null,
         "symbol" : "ZUMZ",
         "putcall" : null,
         "strike" : null,
         "typeofsymbol" : "stock",
         "quant" : "281",
         "expir" : null
      },
      {
         "underlying" : null,
         "symbol" : "GPRE",
         "putcall" : null,
         "strike" : null,
         "typeofsymbol" : "stock",
         "quant" : "213",
         "expir" : null
      },
      {
         "underlying" : null,
         "symbol" : "ZGNX",
         "putcall" : null,
         "strike" : null,
         "typeofsymbol" : "stock",
         "quant" : "497",
         "expir" : null
      },
      {
         "underlying" : null,
         "symbol" : "CENX",
         "putcall" : null,
         "strike" : null,
         "typeofsymbol" : "stock",
         "quant" : "400",
         "expir" : null
      },
      {
         "underlying" : null,
         "symbol" : "REN",
         "putcall" : null,
         "strike" : null,
         "typeofsymbol" : "stock",
         "quant" : "135",
         "expir" : null
      },
      {
         "underlying" : null,
         "symbol" : "AKAO",
         "putcall" : null,
         "strike" : null,
         "typeofsymbol" : "stock",
         "quant" : "182",
         "expir" : null
      },
      {
         "underlying" : null,
         "symbol" : "FTK",
         "putcall" : null,
         "strike" : null,
         "typeofsymbol" : "stock",
         "quant" : "412",
         "expir" : null
      },
      {
         "underlying" : null,
         "symbol" : "CARB",
         "putcall" : null,
         "strike" : null,
         "typeofsymbol" : "stock",
         "quant" : "248",
         "expir" : null
      },
      {
         "underlying" : null,
         "symbol" : "EYEG",
         "putcall" : null,
         "strike" : null,
         "typeofsymbol" : "stock",
         "quant" : "1908",
         "expir" : null
      },
      {
         "underlying" : null,
         "symbol" : "CAR",
         "putcall" : null,
         "strike" : null,
         "typeofsymbol" : "stock",
         "quant" : "151",
         "expir" : null
      },
      {
         "underlying" : null,
         "symbol" : "AEZS",
         "putcall" : null,
         "strike" : null,
         "typeofsymbol" : "stock",
         "quant" : "1597",
         "expir" : null
      },
      {
         "underlying" : null,
         "symbol" : "WTI",
         "putcall" : null,
         "strike" : null,
         "typeofsymbol" : "stock",
         "quant" : "1838",
         "expir" : null
      },
      {
         "underlying" : null,
         "symbol" : "TROX",
         "putcall" : null,
         "strike" : null,
         "typeofsymbol" : "stock",
         "quant" : "310",
         "expir" : null
      },
      {
         "underlying" : null,
         "symbol" : "SWM",
         "putcall" : null,
         "strike" : null,
         "typeofsymbol" : "stock",
         "quant" : "123",
         "expir" : null
      },
      {
         "underlying" : null,
         "symbol" : "NVDA",
         "putcall" : null,
         "strike" : null,
         "typeofsymbol" : "stock",
         "quant" : "49",
         "expir" : null
      },
      {
         "underlying" : null,
         "symbol" : "PANW",
         "putcall" : null,
         "strike" : null,
         "typeofsymbol" : "stock",
         "quant" : "42",
         "expir" : null
      },
      {
         "underlying" : null,
         "symbol" : "TELL",
         "putcall" : null,
         "strike" : null,
         "typeofsymbol" : "stock",
         "quant" : "469",
         "expir" : null
      },
      {
         "underlying" : null,
         "symbol" : "X",
         "putcall" : null,
         "strike" : null,
         "typeofsymbol" : "stock",
         "quant" : "139",
         "expir" : null
      },
      {
         "underlying" : null,
         "symbol" : "SRPT",
         "putcall" : null,
         "strike" : null,
         "typeofsymbol" : "stock",
         "quant" : "156",
         "expir" : null
      },
      {
         "underlying" : null,
         "symbol" : "ANET",
         "putcall" : null,
         "strike" : null,
         "typeofsymbol" : "stock",
         "quant" : "39",
         "expir" : null
      },
      {
         "underlying" : null,
         "symbol" : "GRUB",
         "putcall" : null,
         "strike" : null,
         "typeofsymbol" : "stock",
         "quant" : "146",
         "expir" : null
      },
      {
         "underlying" : null,
         "symbol" : "FSLR",
         "putcall" : null,
         "strike" : null,
         "typeofsymbol" : "stock",
         "quant" : "155",
         "expir" : null
      },
      {
         "underlying" : null,
         "symbol" : "AUPH",
         "putcall" : null,
         "strike" : null,
         "typeofsymbol" : "stock",
         "quant" : "1",
         "expir" : null
      },
      {
         "underlying" : null,
         "symbol" : "TTPH",
         "putcall" : null,
         "strike" : null,
         "typeofsymbol" : "stock",
         "quant" : "651",
         "expir" : null
      },
      {
         "underlying" : null,
         "symbol" : "WB",
         "putcall" : null,
         "strike" : null,
         "typeofsymbol" : "stock",
         "quant" : "102",
         "expir" : null
      },
      {
         "underlying" : null,
         "symbol" : "AVXL",
         "putcall" : null,
         "strike" : null,
         "typeofsymbol" : "stock",
         "quant" : "872",
         "expir" : null
      },
      {
         "underlying" : null,
         "symbol" : "CLF",
         "putcall" : null,
         "strike" : null,
         "typeofsymbol" : "stock",
         "quant" : "558",
         "expir" : null
      },
      {
         "underlying" : null,
         "symbol" : "KITE",
         "putcall" : null,
         "strike" : null,
         "typeofsymbol" : "stock",
         "quant" : "59",
         "expir" : null
      },
      {
         "underlying" : null,
         "symbol" : "SHLD",
         "putcall" : null,
         "strike" : null,
         "typeofsymbol" : "stock",
         "quant" : "528",
         "expir" : null
      }
   ]
}

sent signal to broker
ET:  253.76  minutes
now 2017-03-13 13:50:00.877000 last bar 2017-03-13 13:55:00 last processed bar 2017-03-13 13:45:00
start_ema 2017-03-10 15:20:00 start_vwap 2017-03-13 09:35:00 last_bar 2017-03-13 13:55:00 ET:  258.76  minutes
now 2017-03-13 13:55:00.998000 last bar 2017-03-13 13:55:00 last processed bar 2017-03-13 13:55:00
new bar not ready
now 2017-03-13 14:00:00.071000 last bar 2017-03-13 14:00:00 last processed bar 2017-03-13 13:55:00
start_ema 2017-03-10 15:20:00 start_vwap 2017-03-13 09:35:00 last_bar 2017-03-13 14:00:00 ET:  268.76  minutes
now 2017-03-13 14:05:00.617000 last bar 2017-03-13 14:10:00 last processed bar 2017-03-13 14:00:00
start_ema 2017-03-10 15:20:00 start_vwap 2017-03-13 09:35:00 last_bar 2017-03-13 14:10:00 ET:  273.76  minutes
now 2017-03-13 14:10:00.590000 last bar 2017-03-13 14:10:00 last processed bar 2017-03-13 14:10:00
new bar not ready
now 2017-03-13 14:15:00.355000 last bar 2017-03-13 14:15:00 last processed bar 2017-03-13 14:10:00
start_ema 2017-03-10 15:20:00 start_vwap 2017-03-13 09:35:00 last_bar 2017-03-13 14:15:00 Transmitting {'symbol': 'IONS', 'typeofsymbol': 'stock', 'quant': 120}
Saved ./data/110064634/IONS.json
DEBUG:requests.packages.urllib3.connectionpool:Starting new HTTPS connection (1): collective2.com
DEBUG:requests.packages.urllib3.connectionpool:https://collective2.com:443 "POST /world/apiv3/setDesiredPositions HTTP/1.1" 200 None
{
   "ok" : "1",
   "response" : [
      {
         "underlying" : null,
         "symbol" : "TGTX",
         "putcall" : null,
         "strike" : null,
         "typeofsymbol" : "stock",
         "quant" : "429",
         "expir" : null
      },
      {
         "underlying" : null,
         "symbol" : "KERX",
         "putcall" : null,
         "strike" : null,
         "typeofsymbol" : "stock",
         "quant" : "909",
         "expir" : null
      },
      {
         "underlying" : null,
         "symbol" : "GSM",
         "putcall" : null,
         "strike" : null,
         "typeofsymbol" : "stock",
         "quant" : "488",
         "expir" : null
      },
      {
         "underlying" : null,
         "symbol" : "AMD",
         "putcall" : null,
         "strike" : null,
         "typeofsymbol" : "stock",
         "quant" : "348",
         "expir" : null
      },
      {
         "underlying" : null,
         "symbol" : "ZAGG",
         "putcall" : null,
         "strike" : null,
         "typeofsymbol" : "stock",
         "quant" : "714",
         "expir" : null
      },
      {
         "underlying" : null,
         "symbol" : "QBAK",
         "putcall" : null,
         "strike" : null,
         "typeofsymbol" : "stock",
         "quant" : "600",
         "expir" : null
      },
      {
         "underlying" : null,
         "symbol" : "IONS",
         "putcall" : null,
         "strike" : null,
         "typeofsymbol" : "stock",
         "quant" : "120",
         "expir" : null
      },
      {
         "underlying" : null,
         "symbol" : "ZFGN",
         "putcall" : null,
         "strike" : null,
         "typeofsymbol" : "stock",
         "quant" : "1146",
         "expir" : null
      },
      {
         "underlying" : null,
         "symbol" : "ENPH",
         "putcall" : null,
         "strike" : null,
         "typeofsymbol" : "stock",
         "quant" : "3937",
         "expir" : null
      },
      {
         "underlying" : null,
         "symbol" : "OAS",
         "putcall" : null,
         "strike" : null,
         "typeofsymbol" : "stock",
         "quant" : "378",
         "expir" : null
      },
      {
         "underlying" : null,
         "symbol" : "AAOI",
         "putcall" : null,
         "strike" : null,
         "typeofsymbol" : "stock",
         "quant" : "98",
         "expir" : null
      },
      {
         "underlying" : null,
         "symbol" : "ZUMZ",
         "putcall" : null,
         "strike" : null,
         "typeofsymbol" : "stock",
         "quant" : "281",
         "expir" : null
      },
      {
         "underlying" : null,
         "symbol" : "GPRE",
         "putcall" : null,
         "strike" : null,
         "typeofsymbol" : "stock",
         "quant" : "214",
         "expir" : null
      },
      {
         "underlying" : null,
         "symbol" : "ZGNX",
         "putcall" : null,
         "strike" : null,
         "typeofsymbol" : "stock",
         "quant" : "491",
         "expir" : null
      },
      {
         "underlying" : null,
         "symbol" : "CARA",
         "putcall" : null,
         "strike" : null,
         "typeofsymbol" : "stock",
         "quant" : "323",
         "expir" : null
      },
      {
         "underlying" : null,
         "symbol" : "CENX",
         "putcall" : null,
         "strike" : null,
         "typeofsymbol" : "stock",
         "quant" : "401",
         "expir" : null
      },
      {
         "underlying" : null,
         "symbol" : "REN",
         "putcall" : null,
         "strike" : null,
         "typeofsymbol" : "stock",
         "quant" : "137",
         "expir" : null
      },
      {
         "underlying" : null,
         "symbol" : "AKAO",
         "putcall" : null,
         "strike" : null,
         "typeofsymbol" : "stock",
         "quant" : "182",
         "expir" : null
      },
      {
         "underlying" : null,
         "symbol" : "FTK",
         "putcall" : null,
         "strike" : null,
         "typeofsymbol" : "stock",
         "quant" : "412",
         "expir" : null
      },
      {
         "underlying" : null,
         "symbol" : "CARB",
         "putcall" : null,
         "strike" : null,
         "typeofsymbol" : "stock",
         "quant" : "247",
         "expir" : null
      },
      {
         "underlying" : null,
         "symbol" : "EYEG",
         "putcall" : null,
         "strike" : null,
         "typeofsymbol" : "stock",
         "quant" : "1879",
         "expir" : null
      },
      {
         "underlying" : null,
         "symbol" : "CAR",
         "putcall" : null,
         "strike" : null,
         "typeofsymbol" : "stock",
         "quant" : "151",
         "expir" : null
      },
      {
         "underlying" : null,
         "symbol" : "AEZS",
         "putcall" : null,
         "strike" : null,
         "typeofsymbol" : "stock",
         "quant" : "1597",
         "expir" : null
      },
      {
         "underlying" : null,
         "symbol" : "WTI",
         "putcall" : null,
         "strike" : null,
         "typeofsymbol" : "stock",
         "quant" : "1851",
         "expir" : null
      },
      {
         "underlying" : null,
         "symbol" : "TROX",
         "putcall" : null,
         "strike" : null,
         "typeofsymbol" : "stock",
         "quant" : "311",
         "expir" : null
      },
      {
         "underlying" : null,
         "symbol" : "SWM",
         "putcall" : null,
         "strike" : null,
         "typeofsymbol" : "stock",
         "quant" : "123",
         "expir" : null
      },
      {
         "underlying" : null,
         "symbol" : "NVDA",
         "putcall" : null,
         "strike" : null,
         "typeofsymbol" : "stock",
         "quant" : "49",
         "expir" : null
      },
      {
         "underlying" : null,
         "symbol" : "PANW",
         "putcall" : null,
         "strike" : null,
         "typeofsymbol" : "stock",
         "quant" : "42",
         "expir" : null
      },
      {
         "underlying" : null,
         "symbol" : "TELL",
         "putcall" : null,
         "strike" : null,
         "typeofsymbol" : "stock",
         "quant" : "469",
         "expir" : null
      },
      {
         "underlying" : null,
         "symbol" : "X",
         "putcall" : null,
         "strike" : null,
         "typeofsymbol" : "stock",
         "quant" : "140",
         "expir" : null
      },
      {
         "underlying" : null,
         "symbol" : "SRPT",
         "putcall" : null,
         "strike" : null,
         "typeofsymbol" : "stock",
         "quant" : "157",
         "expir" : null
      },
      {
         "underlying" : null,
         "symbol" : "ANET",
         "putcall" : null,
         "strike" : null,
         "typeofsymbol" : "stock",
         "quant" : "39",
         "expir" : null
      },
      {
         "underlying" : null,
         "symbol" : "GRUB",
         "putcall" : null,
         "strike" : null,
         "typeofsymbol" : "stock",
         "quant" : "145",
         "expir" : null
      },
      {
         "underlying" : null,
         "symbol" : "FSLR",
         "putcall" : null,
         "strike" : null,
         "typeofsymbol" : "stock",
         "quant" : "155",
         "expir" : null
      },
      {
         "underlying" : null,
         "symbol" : "AUPH",
         "putcall" : null,
         "strike" : null,
         "typeofsymbol" : "stock",
         "quant" : "1",
         "expir" : null
      },
      {
         "underlying" : null,
         "symbol" : "TTPH",
         "putcall" : null,
         "strike" : null,
         "typeofsymbol" : "stock",
         "quant" : "649",
         "expir" : null
      },
      {
         "underlying" : null,
         "symbol" : "WB",
         "putcall" : null,
         "strike" : null,
         "typeofsymbol" : "stock",
         "quant" : "102",
         "expir" : null
      },
      {
         "underlying" : null,
         "symbol" : "AVXL",
         "putcall" : null,
         "strike" : null,
         "typeofsymbol" : "stock",
         "quant" : "868",
         "expir" : null
      },
      {
         "underlying" : null,
         "symbol" : "CLF",
         "putcall" : null,
         "strike" : null,
         "typeofsymbol" : "stock",
         "quant" : "557",
         "expir" : null
      },
      {
         "underlying" : null,
         "symbol" : "KITE",
         "putcall" : null,
         "strike" : null,
         "typeofsymbol" : "stock",
         "quant" : "59",
         "expir" : null
      },
      {
         "underlying" : null,
         "symbol" : "SHLD",
         "putcall" : null,
         "strike" : null,
         "typeofsymbol" : "stock",
         "quant" : "528",
         "expir" : null
      }
   ]
}

sent signal to broker
ET:  283.77  minutes
now 2017-03-13 14:20:00.376000 last bar 2017-03-13 14:20:00 last processed bar 2017-03-13 14:15:00
start_ema 2017-03-10 15:20:00 start_vwap 2017-03-13 09:35:00 last_bar 2017-03-13 14:20:00 ET:  288.76  minutes
now 2017-03-13 14:25:00.638000 last bar 2017-03-13 14:25:00 last processed bar 2017-03-13 14:20:00
start_ema 2017-03-10 15:20:00 start_vwap 2017-03-13 09:35:00 last_bar 2017-03-13 14:25:00 ET:  293.75  minutes
now 2017-03-13 14:30:00.407000 last bar 2017-03-13 14:30:00 last processed bar 2017-03-13 14:25:00
start_ema 2017-03-10 15:20:00 start_vwap 2017-03-13 09:35:00 last_bar 2017-03-13 14:30:00 ET:  298.76  minutes
now 2017-03-13 14:35:00.857000 last bar 2017-03-13 14:40:00 last processed bar 2017-03-13 14:30:00
start_ema 2017-03-10 15:20:00 start_vwap 2017-03-13 09:35:00 last_bar 2017-03-13 14:40:00 ET:  303.77  minutes
now 2017-03-13 14:40:00.230000 last bar 2017-03-13 14:40:00 last processed bar 2017-03-13 14:40:00
new bar not ready
now 2017-03-13 14:45:00.881000 last bar 2017-03-13 14:45:00 last processed bar 2017-03-13 14:40:00
start_ema 2017-03-10 15:20:00 start_vwap 2017-03-13 09:35:00 last_bar 2017-03-13 14:45:00 Transmitting {'symbol': 'IONS', 'typeofsymbol': 'stock', 'quant': 119}
Saved ./data/110064634/IONS.json
DEBUG:requests.packages.urllib3.connectionpool:Starting new HTTPS connection (1): collective2.com
DEBUG:requests.packages.urllib3.connectionpool:https://collective2.com:443 "POST /world/apiv3/setDesiredPositions HTTP/1.1" 200 None
{
   "ok" : "1",
   "response" : [
      {
         "underlying" : null,
         "symbol" : "TGTX",
         "putcall" : null,
         "strike" : null,
         "typeofsymbol" : "stock",
         "quant" : "429",
         "expir" : null
      },
      {
         "underlying" : null,
         "symbol" : "KERX",
         "putcall" : null,
         "strike" : null,
         "typeofsymbol" : "stock",
         "quant" : "905",
         "expir" : null
      },
      {
         "underlying" : null,
         "symbol" : "GSM",
         "putcall" : null,
         "strike" : null,
         "typeofsymbol" : "stock",
         "quant" : "487",
         "expir" : null
      },
      {
         "underlying" : null,
         "symbol" : "AMD",
         "putcall" : null,
         "strike" : null,
         "typeofsymbol" : "stock",
         "quant" : "347",
         "expir" : null
      },
      {
         "underlying" : null,
         "symbol" : "ZAGG",
         "putcall" : null,
         "strike" : null,
         "typeofsymbol" : "stock",
         "quant" : "714",
         "expir" : null
      },
      {
         "underlying" : null,
         "symbol" : "QBAK",
         "putcall" : null,
         "strike" : null,
         "typeofsymbol" : "stock",
         "quant" : "595",
         "expir" : null
      },
      {
         "underlying" : null,
         "symbol" : "IONS",
         "putcall" : null,
         "strike" : null,
         "typeofsymbol" : "stock",
         "quant" : "119",
         "expir" : null
      },
      {
         "underlying" : null,
         "symbol" : "ZFGN",
         "putcall" : null,
         "strike" : null,
         "typeofsymbol" : "stock",
         "quant" : "1149",
         "expir" : null
      },
      {
         "underlying" : null,
         "symbol" : "ENPH",
         "putcall" : null,
         "strike" : null,
         "typeofsymbol" : "stock",
         "quant" : "4000",
         "expir" : null
      },
      {
         "underlying" : null,
         "symbol" : "OAS",
         "putcall" : null,
         "strike" : null,
         "typeofsymbol" : "stock",
         "quant" : "378",
         "expir" : null
      },
      {
         "underlying" : null,
         "symbol" : "AAOI",
         "putcall" : null,
         "strike" : null,
         "typeofsymbol" : "stock",
         "quant" : "98",
         "expir" : null
      },
      {
         "underlying" : null,
         "symbol" : "ZUMZ",
         "putcall" : null,
         "strike" : null,
         "typeofsymbol" : "stock",
         "quant" : "280",
         "expir" : null
      },
      {
         "underlying" : null,
         "symbol" : "GPRE",
         "putcall" : null,
         "strike" : null,
         "typeofsymbol" : "stock",
         "quant" : "214",
         "expir" : null
      },
      {
         "underlying" : null,
         "symbol" : "ZGNX",
         "putcall" : null,
         "strike" : null,
         "typeofsymbol" : "stock",
         "quant" : "493",
         "expir" : null
      },
      {
         "underlying" : null,
         "symbol" : "CARA",
         "putcall" : null,
         "strike" : null,
         "typeofsymbol" : "stock",
         "quant" : "324",
         "expir" : null
      },
      {
         "underlying" : null,
         "symbol" : "CENX",
         "putcall" : null,
         "strike" : null,
         "typeofsymbol" : "stock",
         "quant" : "401",
         "expir" : null
      },
      {
         "underlying" : null,
         "symbol" : "REN",
         "putcall" : null,
         "strike" : null,
         "typeofsymbol" : "stock",
         "quant" : "138",
         "expir" : null
      },
      {
         "underlying" : null,
         "symbol" : "AKAO",
         "putcall" : null,
         "strike" : null,
         "typeofsymbol" : "stock",
         "quant" : "182",
         "expir" : null
      },
      {
         "underlying" : null,
         "symbol" : "FTK",
         "putcall" : null,
         "strike" : null,
         "typeofsymbol" : "stock",
         "quant" : "412",
         "expir" : null
      },
      {
         "underlying" : null,
         "symbol" : "CARB",
         "putcall" : null,
         "strike" : null,
         "typeofsymbol" : "stock",
         "quant" : "247",
         "expir" : null
      },
      {
         "underlying" : null,
         "symbol" : "VREX",
         "putcall" : null,
         "strike" : null,
         "typeofsymbol" : "stock",
         "quant" : "158",
         "expir" : null
      },
      {
         "underlying" : null,
         "symbol" : "EYEG",
         "putcall" : null,
         "strike" : null,
         "typeofsymbol" : "stock",
         "quant" : "1851",
         "expir" : null
      },
      {
         "underlying" : null,
         "symbol" : "CAR",
         "putcall" : null,
         "strike" : null,
         "typeofsymbol" : "stock",
         "quant" : "151",
         "expir" : null
      },
      {
         "underlying" : null,
         "symbol" : "AEZS",
         "putcall" : null,
         "strike" : null,
         "typeofsymbol" : "stock",
         "quant" : "1597",
         "expir" : null
      },
      {
         "underlying" : null,
         "symbol" : "WTI",
         "putcall" : null,
         "strike" : null,
         "typeofsymbol" : "stock",
         "quant" : "1851",
         "expir" : null
      },
      {
         "underlying" : null,
         "symbol" : "TROX",
         "putcall" : null,
         "strike" : null,
         "typeofsymbol" : "stock",
         "quant" : "311",
         "expir" : null
      },
      {
         "underlying" : null,
         "symbol" : "SWM",
         "putcall" : null,
         "strike" : null,
         "typeofsymbol" : "stock",
         "quant" : "123",
         "expir" : null
      },
      {
         "underlying" : null,
         "symbol" : "NVDA",
         "putcall" : null,
         "strike" : null,
         "typeofsymbol" : "stock",
         "quant" : "49",
         "expir" : null
      },
      {
         "underlying" : null,
         "symbol" : "PANW",
         "putcall" : null,
         "strike" : null,
         "typeofsymbol" : "stock",
         "quant" : "42",
         "expir" : null
      },
      {
         "underlying" : null,
         "symbol" : "TELL",
         "putcall" : null,
         "strike" : null,
         "typeofsymbol" : "stock",
         "quant" : "469",
         "expir" : null
      },
      {
         "underlying" : null,
         "symbol" : "X",
         "putcall" : null,
         "strike" : null,
         "typeofsymbol" : "stock",
         "quant" : "139",
         "expir" : null
      },
      {
         "underlying" : null,
         "symbol" : "SRPT",
         "putcall" : null,
         "strike" : null,
         "typeofsymbol" : "stock",
         "quant" : "157",
         "expir" : null
      },
      {
         "underlying" : null,
         "symbol" : "ANET",
         "putcall" : null,
         "strike" : null,
         "typeofsymbol" : "stock",
         "quant" : "39",
         "expir" : null
      },
      {
         "underlying" : null,
         "symbol" : "GRUB",
         "putcall" : null,
         "strike" : null,
         "typeofsymbol" : "stock",
         "quant" : "145",
         "expir" : null
      },
      {
         "underlying" : null,
         "symbol" : "FSLR",
         "putcall" : null,
         "strike" : null,
         "typeofsymbol" : "stock",
         "quant" : "155",
         "expir" : null
      },
      {
         "underlying" : null,
         "symbol" : "AUPH",
         "putcall" : null,
         "strike" : null,
         "typeofsymbol" : "stock",
         "quant" : "1",
         "expir" : null
      },
      {
         "underlying" : null,
         "symbol" : "TTPH",
         "putcall" : null,
         "strike" : null,
         "typeofsymbol" : "stock",
         "quant" : "646",
         "expir" : null
      },
      {
         "underlying" : null,
         "symbol" : "WB",
         "putcall" : null,
         "strike" : null,
         "typeofsymbol" : "stock",
         "quant" : "102",
         "expir" : null
      },
      {
         "underlying" : null,
         "symbol" : "AVXL",
         "putcall" : null,
         "strike" : null,
         "typeofsymbol" : "stock",
         "quant" : "868",
         "expir" : null
      },
      {
         "underlying" : null,
         "symbol" : "CLF",
         "putcall" : null,
         "strike" : null,
         "typeofsymbol" : "stock",
         "quant" : "556",
         "expir" : null
      },
      {
         "underlying" : null,
         "symbol" : "KITE",
         "putcall" : null,
         "strike" : null,
         "typeofsymbol" : "stock",
         "quant" : "59",
         "expir" : null
      },
      {
         "underlying" : null,
         "symbol" : "SHLD",
         "putcall" : null,
         "strike" : null,
         "typeofsymbol" : "stock",
         "quant" : "528",
         "expir" : null
      }
   ]
}

sent signal to broker
ET:  313.78  minutes
now 2017-03-13 14:50:00.691000 last bar 2017-03-13 14:55:00 last processed bar 2017-03-13 14:45:00
start_ema 2017-03-10 15:20:00 start_vwap 2017-03-13 09:35:00 last_bar 2017-03-13 14:55:00 ET:  318.76  minutes
now 2017-03-13 14:55:00.854000 last bar 2017-03-13 15:00:00 last processed bar 2017-03-13 14:55:00
start_ema 2017-03-10 15:20:00 start_vwap 2017-03-13 09:35:00 last_bar 2017-03-13 15:00:00 ET:  323.76  minutes
now 2017-03-13 15:00:00.774000 last bar 2017-03-13 15:05:00 last processed bar 2017-03-13 15:00:00
start_ema 2017-03-10 15:20:00 start_vwap 2017-03-13 09:35:00 last_bar 2017-03-13 15:05:00 ET:  328.76  minutes
now 2017-03-13 15:05:00.698000 last bar 2017-03-13 15:10:00 last processed bar 2017-03-13 15:05:00
start_ema 2017-03-10 15:20:00 start_vwap 2017-03-13 09:35:00 last_bar 2017-03-13 15:10:00 ET:  333.76  minutes
now 2017-03-13 15:10:00.598000 last bar 2017-03-13 15:10:00 last processed bar 2017-03-13 15:10:00
new bar not ready
now 2017-03-13 15:15:00.753000 last bar 2017-03-13 15:15:00 last processed bar 2017-03-13 15:10:00
start_ema 2017-03-10 15:20:00 start_vwap 2017-03-13 09:35:00 last_bar 2017-03-13 15:15:00 ET:  343.76  minutes
now 2017-03-13 15:20:00.721000 last bar 2017-03-13 15:20:00 last processed bar 2017-03-13 15:15:00
start_ema 2017-03-10 15:20:00 start_vwap 2017-03-13 09:35:00 last_bar 2017-03-13 15:20:00 ET:  348.76  minutes
now 2017-03-13 15:25:00.811000 last bar 2017-03-13 15:30:00 last processed bar 2017-03-13 15:20:00
start_ema 2017-03-10 15:20:00 start_vwap 2017-03-13 09:35:00 last_bar 2017-03-13 15:30:00 ET:  353.76  minutes
now 2017-03-13 15:30:00.941000 last bar 2017-03-13 15:35:00 last processed bar 2017-03-13 15:30:00
start_ema 2017-03-10 15:20:00 start_vwap 2017-03-13 09:35:00 last_bar 2017-03-13 15:35:00 Transmitting {'symbol': 'IONS', 'typeofsymbol': 'stock', 'quant': 120}
Saved ./data/110064634/IONS.json
DEBUG:requests.packages.urllib3.connectionpool:Starting new HTTPS connection (1): collective2.com
DEBUG:requests.packages.urllib3.connectionpool:https://collective2.com:443 "POST /world/apiv3/setDesiredPositions HTTP/1.1" 200 None
{
   "ok" : "1",
   "response" : [
      {
         "underlying" : null,
         "symbol" : "TGTX",
         "putcall" : null,
         "strike" : null,
         "typeofsymbol" : "stock",
         "quant" : "429",
         "expir" : null
      },
      {
         "underlying" : null,
         "symbol" : "KERX",
         "putcall" : null,
         "strike" : null,
         "typeofsymbol" : "stock",
         "quant" : "902",
         "expir" : null
      },
      {
         "underlying" : null,
         "symbol" : "GSM",
         "putcall" : null,
         "strike" : null,
         "typeofsymbol" : "stock",
         "quant" : "487",
         "expir" : null
      },
      {
         "underlying" : null,
         "symbol" : "AMD",
         "putcall" : null,
         "strike" : null,
         "typeofsymbol" : "stock",
         "quant" : "350",
         "expir" : null
      },
      {
         "underlying" : null,
         "symbol" : "ZAGG",
         "putcall" : null,
         "strike" : null,
         "typeofsymbol" : "stock",
         "quant" : "714",
         "expir" : null
      },
      {
         "underlying" : null,
         "symbol" : "QBAK",
         "putcall" : null,
         "strike" : null,
         "typeofsymbol" : "stock",
         "quant" : "608",
         "expir" : null
      },
      {
         "underlying" : null,
         "symbol" : "IONS",
         "putcall" : null,
         "strike" : null,
         "typeofsymbol" : "stock",
         "quant" : "120",
         "expir" : null
      },
      {
         "underlying" : null,
         "symbol" : "ZFGN",
         "putcall" : null,
         "strike" : null,
         "typeofsymbol" : "stock",
         "quant" : "1157",
         "expir" : null
      },
      {
         "underlying" : null,
         "symbol" : "ENPH",
         "putcall" : null,
         "strike" : null,
         "typeofsymbol" : "stock",
         "quant" : "4032",
         "expir" : null
      },
      {
         "underlying" : null,
         "symbol" : "OAS",
         "putcall" : null,
         "strike" : null,
         "typeofsymbol" : "stock",
         "quant" : "378",
         "expir" : null
      },
      {
         "underlying" : null,
         "symbol" : "AAOI",
         "putcall" : null,
         "strike" : null,
         "typeofsymbol" : "stock",
         "quant" : "98",
         "expir" : null
      },
      {
         "underlying" : null,
         "symbol" : "ZUMZ",
         "putcall" : null,
         "strike" : null,
         "typeofsymbol" : "stock",
         "quant" : "281",
         "expir" : null
      },
      {
         "underlying" : null,
         "symbol" : "GPRE",
         "putcall" : null,
         "strike" : null,
         "typeofsymbol" : "stock",
         "quant" : "212",
         "expir" : null
      },
      {
         "underlying" : null,
         "symbol" : "ZGNX",
         "putcall" : null,
         "strike" : null,
         "typeofsymbol" : "stock",
         "quant" : "496",
         "expir" : null
      },
      {
         "underlying" : null,
         "symbol" : "CARA",
         "putcall" : null,
         "strike" : null,
         "typeofsymbol" : "stock",
         "quant" : "326",
         "expir" : null
      },
      {
         "underlying" : null,
         "symbol" : "CENX",
         "putcall" : null,
         "strike" : null,
         "typeofsymbol" : "stock",
         "quant" : "400",
         "expir" : null
      },
      {
         "underlying" : null,
         "symbol" : "REN",
         "putcall" : null,
         "strike" : null,
         "typeofsymbol" : "stock",
         "quant" : "140",
         "expir" : null
      },
      {
         "underlying" : null,
         "symbol" : "AKAO",
         "putcall" : null,
         "strike" : null,
         "typeofsymbol" : "stock",
         "quant" : "182",
         "expir" : null
      },
      {
         "underlying" : null,
         "symbol" : "FTK",
         "putcall" : null,
         "strike" : null,
         "typeofsymbol" : "stock",
         "quant" : "412",
         "expir" : null
      },
      {
         "underlying" : null,
         "symbol" : "CARB",
         "putcall" : null,
         "strike" : null,
         "typeofsymbol" : "stock",
         "quant" : "249",
         "expir" : null
      },
      {
         "underlying" : null,
         "symbol" : "VREX",
         "putcall" : null,
         "strike" : null,
         "typeofsymbol" : "stock",
         "quant" : "157",
         "expir" : null
      },
      {
         "underlying" : null,
         "symbol" : "EYEG",
         "putcall" : null,
         "strike" : null,
         "typeofsymbol" : "stock",
         "quant" : "1855",
         "expir" : null
      },
      {
         "underlying" : null,
         "symbol" : "CAR",
         "putcall" : null,
         "strike" : null,
         "typeofsymbol" : "stock",
         "quant" : "151",
         "expir" : null
      },
      {
         "underlying" : null,
         "symbol" : "AEZS",
         "putcall" : null,
         "strike" : null,
         "typeofsymbol" : "stock",
         "quant" : "1597",
         "expir" : null
      },
      {
         "underlying" : null,
         "symbol" : "WTI",
         "putcall" : null,
         "strike" : null,
         "typeofsymbol" : "stock",
         "quant" : "1865",
         "expir" : null
      },
      {
         "underlying" : null,
         "symbol" : "TROX",
         "putcall" : null,
         "strike" : null,
         "typeofsymbol" : "stock",
         "quant" : "311",
         "expir" : null
      },
      {
         "underlying" : null,
         "symbol" : "SWM",
         "putcall" : null,
         "strike" : null,
         "typeofsymbol" : "stock",
         "quant" : "123",
         "expir" : null
      },
      {
         "underlying" : null,
         "symbol" : "NVDA",
         "putcall" : null,
         "strike" : null,
         "typeofsymbol" : "stock",
         "quant" : "49",
         "expir" : null
      },
      {
         "underlying" : null,
         "symbol" : "PANW",
         "putcall" : null,
         "strike" : null,
         "typeofsymbol" : "stock",
         "quant" : "42",
         "expir" : null
      },
      {
         "underlying" : null,
         "symbol" : "TELL",
         "putcall" : null,
         "strike" : null,
         "typeofsymbol" : "stock",
         "quant" : "469",
         "expir" : null
      },
      {
         "underlying" : null,
         "symbol" : "X",
         "putcall" : null,
         "strike" : null,
         "typeofsymbol" : "stock",
         "quant" : "140",
         "expir" : null
      },
      {
         "underlying" : null,
         "symbol" : "SRPT",
         "putcall" : null,
         "strike" : null,
         "typeofsymbol" : "stock",
         "quant" : "158",
         "expir" : null
      },
      {
         "underlying" : null,
         "symbol" : "ANET",
         "putcall" : null,
         "strike" : null,
         "typeofsymbol" : "stock",
         "quant" : "39",
         "expir" : null
      },
      {
         "underlying" : null,
         "symbol" : "GRUB",
         "putcall" : null,
         "strike" : null,
         "typeofsymbol" : "stock",
         "quant" : "145",
         "expir" : null
      },
      {
         "underlying" : null,
         "symbol" : "FSLR",
         "putcall" : null,
         "strike" : null,
         "typeofsymbol" : "stock",
         "quant" : "155",
         "expir" : null
      },
      {
         "underlying" : null,
         "symbol" : "AUPH",
         "putcall" : null,
         "strike" : null,
         "typeofsymbol" : "stock",
         "quant" : "1",
         "expir" : null
      },
      {
         "underlying" : null,
         "symbol" : "TTPH",
         "putcall" : null,
         "strike" : null,
         "typeofsymbol" : "stock",
         "quant" : "642",
         "expir" : null
      },
      {
         "underlying" : null,
         "symbol" : "WB",
         "putcall" : null,
         "strike" : null,
         "typeofsymbol" : "stock",
         "quant" : "102",
         "expir" : null
      },
      {
         "underlying" : null,
         "symbol" : "AVXL",
         "putcall" : null,
         "strike" : null,
         "typeofsymbol" : "stock",
         "quant" : "853",
         "expir" : null
      },
      {
         "underlying" : null,
         "symbol" : "CLF",
         "putcall" : null,
         "strike" : null,
         "typeofsymbol" : "stock",
         "quant" : "552",
         "expir" : null
      },
      {
         "underlying" : null,
         "symbol" : "KITE",
         "putcall" : null,
         "strike" : null,
         "typeofsymbol" : "stock",
         "quant" : "59",
         "expir" : null
      },
      {
         "underlying" : null,
         "symbol" : "SHLD",
         "putcall" : null,
         "strike" : null,
         "typeofsymbol" : "stock",
         "quant" : "528",
         "expir" : null
      }
   ]
}

sent signal to broker
ET:  358.76  minutes
now 2017-03-13 15:35:00.959000 last bar 2017-03-13 15:40:00 last processed bar 2017-03-13 15:35:00
start_ema 2017-03-10 15:20:00 start_vwap 2017-03-13 09:35:00 last_bar 2017-03-13 15:40:00 Transmitting {'symbol': 'IONS', 'typeofsymbol': 'stock', 'quant': 119}
Saved ./data/110064634/IONS.json
DEBUG:requests.packages.urllib3.connectionpool:Starting new HTTPS connection (1): collective2.com
DEBUG:requests.packages.urllib3.connectionpool:https://collective2.com:443 "POST /world/apiv3/setDesiredPositions HTTP/1.1" 200 None
{
   "ok" : "1",
   "response" : [
      {
         "underlying" : null,
         "symbol" : "TGTX",
         "putcall" : null,
         "strike" : null,
         "typeofsymbol" : "stock",
         "quant" : "429",
         "expir" : null
      },
      {
         "underlying" : null,
         "symbol" : "KERX",
         "putcall" : null,
         "strike" : null,
         "typeofsymbol" : "stock",
         "quant" : "904",
         "expir" : null
      },
      {
         "underlying" : null,
         "symbol" : "GSM",
         "putcall" : null,
         "strike" : null,
         "typeofsymbol" : "stock",
         "quant" : "486",
         "expir" : null
      },
      {
         "underlying" : null,
         "symbol" : "AMD",
         "putcall" : null,
         "strike" : null,
         "typeofsymbol" : "stock",
         "quant" : "350",
         "expir" : null
      },
      {
         "underlying" : null,
         "symbol" : "ZAGG",
         "putcall" : null,
         "strike" : null,
         "typeofsymbol" : "stock",
         "quant" : "714",
         "expir" : null
      },
      {
         "underlying" : null,
         "symbol" : "QBAK",
         "putcall" : null,
         "strike" : null,
         "typeofsymbol" : "stock",
         "quant" : "608",
         "expir" : null
      },
      {
         "underlying" : null,
         "symbol" : "IONS",
         "putcall" : null,
         "strike" : null,
         "typeofsymbol" : "stock",
         "quant" : "119",
         "expir" : null
      },
      {
         "underlying" : null,
         "symbol" : "ZFGN",
         "putcall" : null,
         "strike" : null,
         "typeofsymbol" : "stock",
         "quant" : "1160",
         "expir" : null
      },
      {
         "underlying" : null,
         "symbol" : "ENPH",
         "putcall" : null,
         "strike" : null,
         "typeofsymbol" : "stock",
         "quant" : "4065",
         "expir" : null
      },
      {
         "underlying" : null,
         "symbol" : "OAS",
         "putcall" : null,
         "strike" : null,
         "typeofsymbol" : "stock",
         "quant" : "378",
         "expir" : null
      },
      {
         "underlying" : null,
         "symbol" : "AAOI",
         "putcall" : null,
         "strike" : null,
         "typeofsymbol" : "stock",
         "quant" : "98",
         "expir" : null
      },
      {
         "underlying" : null,
         "symbol" : "ZUMZ",
         "putcall" : null,
         "strike" : null,
         "typeofsymbol" : "stock",
         "quant" : "281",
         "expir" : null
      },
      {
         "underlying" : null,
         "symbol" : "GPRE",
         "putcall" : null,
         "strike" : null,
         "typeofsymbol" : "stock",
         "quant" : "212",
         "expir" : null
      },
      {
         "underlying" : null,
         "symbol" : "ZGNX",
         "putcall" : null,
         "strike" : null,
         "typeofsymbol" : "stock",
         "quant" : "496",
         "expir" : null
      },
      {
         "underlying" : null,
         "symbol" : "CARA",
         "putcall" : null,
         "strike" : null,
         "typeofsymbol" : "stock",
         "quant" : "325",
         "expir" : null
      },
      {
         "underlying" : null,
         "symbol" : "CENX",
         "putcall" : null,
         "strike" : null,
         "typeofsymbol" : "stock",
         "quant" : "401",
         "expir" : null
      },
      {
         "underlying" : null,
         "symbol" : "REN",
         "putcall" : null,
         "strike" : null,
         "typeofsymbol" : "stock",
         "quant" : "139",
         "expir" : null
      },
      {
         "underlying" : null,
         "symbol" : "AKAO",
         "putcall" : null,
         "strike" : null,
         "typeofsymbol" : "stock",
         "quant" : "182",
         "expir" : null
      },
      {
         "underlying" : null,
         "symbol" : "FTK",
         "putcall" : null,
         "strike" : null,
         "typeofsymbol" : "stock",
         "quant" : "412",
         "expir" : null
      },
      {
         "underlying" : null,
         "symbol" : "CARB",
         "putcall" : null,
         "strike" : null,
         "typeofsymbol" : "stock",
         "quant" : "249",
         "expir" : null
      },
      {
         "underlying" : null,
         "symbol" : "VREX",
         "putcall" : null,
         "strike" : null,
         "typeofsymbol" : "stock",
         "quant" : "157",
         "expir" : null
      },
      {
         "underlying" : null,
         "symbol" : "EYEG",
         "putcall" : null,
         "strike" : null,
         "typeofsymbol" : "stock",
         "quant" : "1855",
         "expir" : null
      },
      {
         "underlying" : null,
         "symbol" : "CAR",
         "putcall" : null,
         "strike" : null,
         "typeofsymbol" : "stock",
         "quant" : "151",
         "expir" : null
      },
      {
         "underlying" : null,
         "symbol" : "AEZS",
         "putcall" : null,
         "strike" : null,
         "typeofsymbol" : "stock",
         "quant" : "1597",
         "expir" : null
      },
      {
         "underlying" : null,
         "symbol" : "WTI",
         "putcall" : null,
         "strike" : null,
         "typeofsymbol" : "stock",
         "quant" : "1858",
         "expir" : null
      },
      {
         "underlying" : null,
         "symbol" : "TROX",
         "putcall" : null,
         "strike" : null,
         "typeofsymbol" : "stock",
         "quant" : "311",
         "expir" : null
      },
      {
         "underlying" : null,
         "symbol" : "SWM",
         "putcall" : null,
         "strike" : null,
         "typeofsymbol" : "stock",
         "quant" : "123",
         "expir" : null
      },
      {
         "underlying" : null,
         "symbol" : "NVDA",
         "putcall" : null,
         "strike" : null,
         "typeofsymbol" : "stock",
         "quant" : "49",
         "expir" : null
      },
      {
         "underlying" : null,
         "symbol" : "PANW",
         "putcall" : null,
         "strike" : null,
         "typeofsymbol" : "stock",
         "quant" : "42",
         "expir" : null
      },
      {
         "underlying" : null,
         "symbol" : "TELL",
         "putcall" : null,
         "strike" : null,
         "typeofsymbol" : "stock",
         "quant" : "469",
         "expir" : null
      },
      {
         "underlying" : null,
         "symbol" : "X",
         "putcall" : null,
         "strike" : null,
         "typeofsymbol" : "stock",
         "quant" : "140",
         "expir" : null
      },
      {
         "underlying" : null,
         "symbol" : "SRPT",
         "putcall" : null,
         "strike" : null,
         "typeofsymbol" : "stock",
         "quant" : "158",
         "expir" : null
      },
      {
         "underlying" : null,
         "symbol" : "ANET",
         "putcall" : null,
         "strike" : null,
         "typeofsymbol" : "stock",
         "quant" : "39",
         "expir" : null
      },
      {
         "underlying" : null,
         "symbol" : "GRUB",
         "putcall" : null,
         "strike" : null,
         "typeofsymbol" : "stock",
         "quant" : "145",
         "expir" : null
      },
      {
         "underlying" : null,
         "symbol" : "FSLR",
         "putcall" : null,
         "strike" : null,
         "typeofsymbol" : "stock",
         "quant" : "155",
         "expir" : null
      },
      {
         "underlying" : null,
         "symbol" : "AUPH",
         "putcall" : null,
         "strike" : null,
         "typeofsymbol" : "stock",
         "quant" : "1",
         "expir" : null
      },
      {
         "underlying" : null,
         "symbol" : "TTPH",
         "putcall" : null,
         "strike" : null,
         "typeofsymbol" : "stock",
         "quant" : "638",
         "expir" : null
      },
      {
         "underlying" : null,
         "symbol" : "WB",
         "putcall" : null,
         "strike" : null,
         "typeofsymbol" : "stock",
         "quant" : "102",
         "expir" : null
      },
      {
         "underlying" : null,
         "symbol" : "AVXL",
         "putcall" : null,
         "strike" : null,
         "typeofsymbol" : "stock",
         "quant" : "851",
         "expir" : null
      },
      {
         "underlying" : null,
         "symbol" : "CLF",
         "putcall" : null,
         "strike" : null,
         "typeofsymbol" : "stock",
         "quant" : "552",
         "expir" : null
      },
      {
         "underlying" : null,
         "symbol" : "KITE",
         "putcall" : null,
         "strike" : null,
         "typeofsymbol" : "stock",
         "quant" : "59",
         "expir" : null
      },
      {
         "underlying" : null,
         "symbol" : "SHLD",
         "putcall" : null,
         "strike" : null,
         "typeofsymbol" : "stock",
         "quant" : "528",
         "expir" : null
      }
   ]
}

sent signal to broker
ET:  363.76  minutes
now 2017-03-13 15:40:00.968000 last bar 2017-03-13 15:45:00 last processed bar 2017-03-13 15:40:00
start_ema 2017-03-10 15:20:00 start_vwap 2017-03-13 09:35:00 last_bar 2017-03-13 15:45:00 Transmitting {'symbol': 'IONS', 'typeofsymbol': 'stock', 'quant': 120}
Saved ./data/110064634/IONS.json
DEBUG:requests.packages.urllib3.connectionpool:Starting new HTTPS connection (1): collective2.com
DEBUG:requests.packages.urllib3.connectionpool:https://collective2.com:443 "POST /world/apiv3/setDesiredPositions HTTP/1.1" 200 None
{
   "ok" : "1",
   "response" : [
      {
         "underlying" : null,
         "symbol" : "TGTX",
         "putcall" : null,
         "strike" : null,
         "typeofsymbol" : "stock",
         "quant" : "429",
         "expir" : null
      },
      {
         "underlying" : null,
         "symbol" : "KERX",
         "putcall" : null,
         "strike" : null,
         "typeofsymbol" : "stock",
         "quant" : "903",
         "expir" : null
      },
      {
         "underlying" : null,
         "symbol" : "GSM",
         "putcall" : null,
         "strike" : null,
         "typeofsymbol" : "stock",
         "quant" : "486",
         "expir" : null
      },
      {
         "underlying" : null,
         "symbol" : "AMD",
         "putcall" : null,
         "strike" : null,
         "typeofsymbol" : "stock",
         "quant" : "351",
         "expir" : null
      },
      {
         "underlying" : null,
         "symbol" : "ZAGG",
         "putcall" : null,
         "strike" : null,
         "typeofsymbol" : "stock",
         "quant" : "714",
         "expir" : null
      },
      {
         "underlying" : null,
         "symbol" : "QBAK",
         "putcall" : null,
         "strike" : null,
         "typeofsymbol" : "stock",
         "quant" : "609",
         "expir" : null
      },
      {
         "underlying" : null,
         "symbol" : "IONS",
         "putcall" : null,
         "strike" : null,
         "typeofsymbol" : "stock",
         "quant" : "120",
         "expir" : null
      },
      {
         "underlying" : null,
         "symbol" : "ZFGN",
         "putcall" : null,
         "strike" : null,
         "typeofsymbol" : "stock",
         "quant" : "1160",
         "expir" : null
      },
      {
         "underlying" : null,
         "symbol" : "ENPH",
         "putcall" : null,
         "strike" : null,
         "typeofsymbol" : "stock",
         "quant" : "4065",
         "expir" : null
      },
      {
         "underlying" : null,
         "symbol" : "OAS",
         "putcall" : null,
         "strike" : null,
         "typeofsymbol" : "stock",
         "quant" : "378",
         "expir" : null
      },
      {
         "underlying" : null,
         "symbol" : "AAOI",
         "putcall" : null,
         "strike" : null,
         "typeofsymbol" : "stock",
         "quant" : "98",
         "expir" : null
      },
      {
         "underlying" : null,
         "symbol" : "ZUMZ",
         "putcall" : null,
         "strike" : null,
         "typeofsymbol" : "stock",
         "quant" : "280",
         "expir" : null
      },
      {
         "underlying" : null,
         "symbol" : "GPRE",
         "putcall" : null,
         "strike" : null,
         "typeofsymbol" : "stock",
         "quant" : "212",
         "expir" : null
      },
      {
         "underlying" : null,
         "symbol" : "ZGNX",
         "putcall" : null,
         "strike" : null,
         "typeofsymbol" : "stock",
         "quant" : "496",
         "expir" : null
      },
      {
         "underlying" : null,
         "symbol" : "CARA",
         "putcall" : null,
         "strike" : null,
         "typeofsymbol" : "stock",
         "quant" : "325",
         "expir" : null
      },
      {
         "underlying" : null,
         "symbol" : "CENX",
         "putcall" : null,
         "strike" : null,
         "typeofsymbol" : "stock",
         "quant" : "401",
         "expir" : null
      },
      {
         "underlying" : null,
         "symbol" : "REN",
         "putcall" : null,
         "strike" : null,
         "typeofsymbol" : "stock",
         "quant" : "139",
         "expir" : null
      },
      {
         "underlying" : null,
         "symbol" : "AKAO",
         "putcall" : null,
         "strike" : null,
         "typeofsymbol" : "stock",
         "quant" : "182",
         "expir" : null
      },
      {
         "underlying" : null,
         "symbol" : "FTK",
         "putcall" : null,
         "strike" : null,
         "typeofsymbol" : "stock",
         "quant" : "412",
         "expir" : null
      },
      {
         "underlying" : null,
         "symbol" : "CARB",
         "putcall" : null,
         "strike" : null,
         "typeofsymbol" : "stock",
         "quant" : "249",
         "expir" : null
      },
      {
         "underlying" : null,
         "symbol" : "VREX",
         "putcall" : null,
         "strike" : null,
         "typeofsymbol" : "stock",
         "quant" : "157",
         "expir" : null
      },
      {
         "underlying" : null,
         "symbol" : "EYEG",
         "putcall" : null,
         "strike" : null,
         "typeofsymbol" : "stock",
         "quant" : "1851",
         "expir" : null
      },
      {
         "underlying" : null,
         "symbol" : "CAR",
         "putcall" : null,
         "strike" : null,
         "typeofsymbol" : "stock",
         "quant" : "151",
         "expir" : null
      },
      {
         "underlying" : null,
         "symbol" : "AEZS",
         "putcall" : null,
         "strike" : null,
         "typeofsymbol" : "stock",
         "quant" : "1597",
         "expir" : null
      },
      {
         "underlying" : null,
         "symbol" : "WTI",
         "putcall" : null,
         "strike" : null,
         "typeofsymbol" : "stock",
         "quant" : "1865",
         "expir" : null
      },
      {
         "underlying" : null,
         "symbol" : "TROX",
         "putcall" : null,
         "strike" : null,
         "typeofsymbol" : "stock",
         "quant" : "311",
         "expir" : null
      },
      {
         "underlying" : null,
         "symbol" : "SWM",
         "putcall" : null,
         "strike" : null,
         "typeofsymbol" : "stock",
         "quant" : "123",
         "expir" : null
      },
      {
         "underlying" : null,
         "symbol" : "NVDA",
         "putcall" : null,
         "strike" : null,
         "typeofsymbol" : "stock",
         "quant" : "49",
         "expir" : null
      },
      {
         "underlying" : null,
         "symbol" : "PANW",
         "putcall" : null,
         "strike" : null,
         "typeofsymbol" : "stock",
         "quant" : "42",
         "expir" : null
      },
      {
         "underlying" : null,
         "symbol" : "TELL",
         "putcall" : null,
         "strike" : null,
         "typeofsymbol" : "stock",
         "quant" : "469",
         "expir" : null
      },
      {
         "underlying" : null,
         "symbol" : "X",
         "putcall" : null,
         "strike" : null,
         "typeofsymbol" : "stock",
         "quant" : "140",
         "expir" : null
      },
      {
         "underlying" : null,
         "symbol" : "SRPT",
         "putcall" : null,
         "strike" : null,
         "typeofsymbol" : "stock",
         "quant" : "159",
         "expir" : null
      },
      {
         "underlying" : null,
         "symbol" : "ANET",
         "putcall" : null,
         "strike" : null,
         "typeofsymbol" : "stock",
         "quant" : "39",
         "expir" : null
      },
      {
         "underlying" : null,
         "symbol" : "GRUB",
         "putcall" : null,
         "strike" : null,
         "typeofsymbol" : "stock",
         "quant" : "145",
         "expir" : null
      },
      {
         "underlying" : null,
         "symbol" : "FSLR",
         "putcall" : null,
         "strike" : null,
         "typeofsymbol" : "stock",
         "quant" : "155",
         "expir" : null
      },
      {
         "underlying" : null,
         "symbol" : "AUPH",
         "putcall" : null,
         "strike" : null,
         "typeofsymbol" : "stock",
         "quant" : "1",
         "expir" : null
      },
      {
         "underlying" : null,
         "symbol" : "TTPH",
         "putcall" : null,
         "strike" : null,
         "typeofsymbol" : "stock",
         "quant" : "641",
         "expir" : null
      },
      {
         "underlying" : null,
         "symbol" : "WB",
         "putcall" : null,
         "strike" : null,
         "typeofsymbol" : "stock",
         "quant" : "102",
         "expir" : null
      },
      {
         "underlying" : null,
         "symbol" : "AVXL",
         "putcall" : null,
         "strike" : null,
         "typeofsymbol" : "stock",
         "quant" : "856",
         "expir" : null
      },
      {
         "underlying" : null,
         "symbol" : "CLF",
         "putcall" : null,
         "strike" : null,
         "typeofsymbol" : "stock",
         "quant" : "553",
         "expir" : null
      },
      {
         "underlying" : null,
         "symbol" : "KITE",
         "putcall" : null,
         "strike" : null,
         "typeofsymbol" : "stock",
         "quant" : "59",
         "expir" : null
      },
      {
         "underlying" : null,
         "symbol" : "SHLD",
         "putcall" : null,
         "strike" : null,
         "typeofsymbol" : "stock",
         "quant" : "528",
         "expir" : null
      }
   ]
}

sent signal to broker
ET:  368.77  minutes
now 2017-03-13 15:45:00.608000 last bar 2017-03-13 15:50:00 last processed bar 2017-03-13 15:45:00
start_ema 2017-03-10 15:20:00 start_vwap 2017-03-13 09:35:00 last_bar 2017-03-13 15:50:00 Transmitting {'symbol': 'IONS', 'typeofsymbol': 'stock', 'quant': 119}
Saved ./data/110064634/IONS.json
DEBUG:requests.packages.urllib3.connectionpool:Starting new HTTPS connection (1): collective2.com
DEBUG:requests.packages.urllib3.connectionpool:https://collective2.com:443 "POST /world/apiv3/setDesiredPositions HTTP/1.1" 200 None
{
   "ok" : "1",
   "response" : [
      {
         "underlying" : null,
         "symbol" : "TGTX",
         "putcall" : null,
         "strike" : null,
         "typeofsymbol" : "stock",
         "quant" : "429",
         "expir" : null
      },
      {
         "underlying" : null,
         "symbol" : "KERX",
         "putcall" : null,
         "strike" : null,
         "typeofsymbol" : "stock",
         "quant" : "903",
         "expir" : null
      },
      {
         "underlying" : null,
         "symbol" : "GSM",
         "putcall" : null,
         "strike" : null,
         "typeofsymbol" : "stock",
         "quant" : "486",
         "expir" : null
      },
      {
         "underlying" : null,
         "symbol" : "AMD",
         "putcall" : null,
         "strike" : null,
         "typeofsymbol" : "stock",
         "quant" : "350",
         "expir" : null
      },
      {
         "underlying" : null,
         "symbol" : "ZAGG",
         "putcall" : null,
         "strike" : null,
         "typeofsymbol" : "stock",
         "quant" : "714",
         "expir" : null
      },
      {
         "underlying" : null,
         "symbol" : "QBAK",
         "putcall" : null,
         "strike" : null,
         "typeofsymbol" : "stock",
         "quant" : "608",
         "expir" : null
      },
      {
         "underlying" : null,
         "symbol" : "IONS",
         "putcall" : null,
         "strike" : null,
         "typeofsymbol" : "stock",
         "quant" : "119",
         "expir" : null
      },
      {
         "underlying" : null,
         "symbol" : "ZFGN",
         "putcall" : null,
         "strike" : null,
         "typeofsymbol" : "stock",
         "quant" : "1158",
         "expir" : null
      },
      {
         "underlying" : null,
         "symbol" : "ENPH",
         "putcall" : null,
         "strike" : null,
         "typeofsymbol" : "stock",
         "quant" : "4048",
         "expir" : null
      },
      {
         "underlying" : null,
         "symbol" : "OAS",
         "putcall" : null,
         "strike" : null,
         "typeofsymbol" : "stock",
         "quant" : "378",
         "expir" : null
      },
      {
         "underlying" : null,
         "symbol" : "AAOI",
         "putcall" : null,
         "strike" : null,
         "typeofsymbol" : "stock",
         "quant" : "98",
         "expir" : null
      },
      {
         "underlying" : null,
         "symbol" : "ZUMZ",
         "putcall" : null,
         "strike" : null,
         "typeofsymbol" : "stock",
         "quant" : "282",
         "expir" : null
      },
      {
         "underlying" : null,
         "symbol" : "GPRE",
         "putcall" : null,
         "strike" : null,
         "typeofsymbol" : "stock",
         "quant" : "211",
         "expir" : null
      },
      {
         "underlying" : null,
         "symbol" : "ZGNX",
         "putcall" : null,
         "strike" : null,
         "typeofsymbol" : "stock",
         "quant" : "490",
         "expir" : null
      },
      {
         "underlying" : null,
         "symbol" : "CARA",
         "putcall" : null,
         "strike" : null,
         "typeofsymbol" : "stock",
         "quant" : "326",
         "expir" : null
      },
      {
         "underlying" : null,
         "symbol" : "CENX",
         "putcall" : null,
         "strike" : null,
         "typeofsymbol" : "stock",
         "quant" : "401",
         "expir" : null
      },
      {
         "underlying" : null,
         "symbol" : "REN",
         "putcall" : null,
         "strike" : null,
         "typeofsymbol" : "stock",
         "quant" : "139",
         "expir" : null
      },
      {
         "underlying" : null,
         "symbol" : "AKAO",
         "putcall" : null,
         "strike" : null,
         "typeofsymbol" : "stock",
         "quant" : "182",
         "expir" : null
      },
      {
         "underlying" : null,
         "symbol" : "FTK",
         "putcall" : null,
         "strike" : null,
         "typeofsymbol" : "stock",
         "quant" : "412",
         "expir" : null
      },
      {
         "underlying" : null,
         "symbol" : "CARB",
         "putcall" : null,
         "strike" : null,
         "typeofsymbol" : "stock",
         "quant" : "250",
         "expir" : null
      },
      {
         "underlying" : null,
         "symbol" : "VREX",
         "putcall" : null,
         "strike" : null,
         "typeofsymbol" : "stock",
         "quant" : "157",
         "expir" : null
      },
      {
         "underlying" : null,
         "symbol" : "EYEG",
         "putcall" : null,
         "strike" : null,
         "typeofsymbol" : "stock",
         "quant" : "1852",
         "expir" : null
      },
      {
         "underlying" : null,
         "symbol" : "CAR",
         "putcall" : null,
         "strike" : null,
         "typeofsymbol" : "stock",
         "quant" : "151",
         "expir" : null
      },
      {
         "underlying" : null,
         "symbol" : "AEZS",
         "putcall" : null,
         "strike" : null,
         "typeofsymbol" : "stock",
         "quant" : "1597",
         "expir" : null
      },
      {
         "underlying" : null,
         "symbol" : "WTI",
         "putcall" : null,
         "strike" : null,
         "typeofsymbol" : "stock",
         "quant" : "1865",
         "expir" : null
      },
      {
         "underlying" : null,
         "symbol" : "TROX",
         "putcall" : null,
         "strike" : null,
         "typeofsymbol" : "stock",
         "quant" : "310",
         "expir" : null
      },
      {
         "underlying" : null,
         "symbol" : "SWM",
         "putcall" : null,
         "strike" : null,
         "typeofsymbol" : "stock",
         "quant" : "123",
         "expir" : null
      },
      {
         "underlying" : null,
         "symbol" : "NVDA",
         "putcall" : null,
         "strike" : null,
         "typeofsymbol" : "stock",
         "quant" : "49",
         "expir" : null
      },
      {
         "underlying" : null,
         "symbol" : "PANW",
         "putcall" : null,
         "strike" : null,
         "typeofsymbol" : "stock",
         "quant" : "42",
         "expir" : null
      },
      {
         "underlying" : null,
         "symbol" : "TELL",
         "putcall" : null,
         "strike" : null,
         "typeofsymbol" : "stock",
         "quant" : "469",
         "expir" : null
      },
      {
         "underlying" : null,
         "symbol" : "X",
         "putcall" : null,
         "strike" : null,
         "typeofsymbol" : "stock",
         "quant" : "140",
         "expir" : null
      },
      {
         "underlying" : null,
         "symbol" : "SRPT",
         "putcall" : null,
         "strike" : null,
         "typeofsymbol" : "stock",
         "quant" : "159",
         "expir" : null
      },
      {
         "underlying" : null,
         "symbol" : "ANET",
         "putcall" : null,
         "strike" : null,
         "typeofsymbol" : "stock",
         "quant" : "39",
         "expir" : null
      },
      {
         "underlying" : null,
         "symbol" : "GRUB",
         "putcall" : null,
         "strike" : null,
         "typeofsymbol" : "stock",
         "quant" : "145",
         "expir" : null
      },
      {
         "underlying" : null,
         "symbol" : "FSLR",
         "putcall" : null,
         "strike" : null,
         "typeofsymbol" : "stock",
         "quant" : "155",
         "expir" : null
      },
      {
         "underlying" : null,
         "symbol" : "AUPH",
         "putcall" : null,
         "strike" : null,
         "typeofsymbol" : "stock",
         "quant" : "1",
         "expir" : null
      },
      {
         "underlying" : null,
         "symbol" : "TTPH",
         "putcall" : null,
         "strike" : null,
         "typeofsymbol" : "stock",
         "quant" : "641",
         "expir" : null
      },
      {
         "underlying" : null,
         "symbol" : "WB",
         "putcall" : null,
         "strike" : null,
         "typeofsymbol" : "stock",
         "quant" : "102",
         "expir" : null
      },
      {
         "underlying" : null,
         "symbol" : "AVXL",
         "putcall" : null,
         "strike" : null,
         "typeofsymbol" : "stock",
         "quant" : "856",
         "expir" : null
      },
      {
         "underlying" : null,
         "symbol" : "CLF",
         "putcall" : null,
         "strike" : null,
         "typeofsymbol" : "stock",
         "quant" : "553",
         "expir" : null
      },
      {
         "underlying" : null,
         "symbol" : "KITE",
         "putcall" : null,
         "strike" : null,
         "typeofsymbol" : "stock",
         "quant" : "59",
         "expir" : null
      },
      {
         "underlying" : null,
         "symbol" : "SHLD",
         "putcall" : null,
         "strike" : null,
         "typeofsymbol" : "stock",
         "quant" : "528",
         "expir" : null
      }
   ]
}

sent signal to broker
ET:  373.78  minutes
now 2017-03-13 15:50:00.061000 last bar 2017-03-13 15:55:00 last processed bar 2017-03-13 15:50:00
start_ema 2017-03-10 15:20:00 start_vwap 2017-03-13 09:35:00 last_bar 2017-03-13 15:55:00 ET:  378.75  minutes
now 2017-03-13 15:55:00.033000
