return data: last bar 2017-04-27 09:35:00 last processed bar 1000-01-01 00:00:00
ISBC: Warning! 596 bars requested 20 bars returned.
start_idx [(19, Timestamp('2017-04-27 09:35:00'))]
start_ema 2017-04-27 08:00:00 start_vwap 2017-04-27 09:35:00 last_bar 2017-04-27 09:35:00 ET:  0.05  minutes
now 2017-04-27 09:45:01.959000 return None: last bar 2017-04-27 09:35:00 last processed bar 2017-04-27 09:35:00
ISBC getFeed did not return any data! last bar: 2017-04-27 09:35:00 now: 09:45:02.003000
now 2017-04-27 09:50:00.079000 return data: last bar 2017-04-27 09:40:00 last processed bar 2017-04-27 09:35:00
ISBC: Warning! 596 bars requested 21 bars returned.
start_idx [(19, Timestamp('2017-04-27 09:35:00'))]
start_ema 2017-04-27 08:00:00 start_vwap 2017-04-27 09:35:00 last_bar 2017-04-27 09:40:00 Writing to ./data/ISBC_livesignals_20170427_09_40_38.csv ./data/ISBC_last.csv
ET:  0.05  minutes
now 2017-04-27 09:55:00.091000 return data: last bar 2017-04-27 09:45:00 last processed bar 2017-04-27 09:40:00
ISBC: Warning! 596 bars requested 22 bars returned.
start_idx [(19, Timestamp('2017-04-27 09:35:00'))]
start_ema 2017-04-27 08:00:00 start_vwap 2017-04-27 09:35:00 last_bar 2017-04-27 09:45:00 Writing to ./data/ISBC_livesignals_20170427_09_40_38.csv ./data/ISBC_last.csv
ET:  0.08  minutes
now 2017-04-27 10:00:04.581000 return data: last bar 2017-04-27 09:50:00 last processed bar 2017-04-27 09:45:00
ISBC: Warning! 596 bars requested 23 bars returned.
start_idx [(19, Timestamp('2017-04-27 09:35:00'))]
start_ema 2017-04-27 08:00:00 start_vwap 2017-04-27 09:35:00 last_bar 2017-04-27 09:50:00 Writing to ./data/ISBC_livesignals_20170427_09_40_38.csv ./data/ISBC_last.csv
ET:  0.04  minutes
now 2017-04-27 10:05:00.279000 return data: last bar 2017-04-27 09:55:00 last processed bar 2017-04-27 09:50:00
ISBC: Warning! 596 bars requested 24 bars returned.
start_idx [(19, Timestamp('2017-04-27 09:35:00'))]
start_ema 2017-04-27 08:00:00 start_vwap 2017-04-27 09:35:00 last_bar 2017-04-27 09:55:00 Writing to ./data/ISBC_livesignals_20170427_09_40_38.csv ./data/ISBC_last.csv
ET:  0.08  minutes
now 2017-04-27 10:10:00.065000 return data: last bar 2017-04-27 10:00:00 last processed bar 2017-04-27 09:55:00
ISBC: Warning! 596 bars requested 25 bars returned.
start_idx [(19, Timestamp('2017-04-27 09:35:00'))]
start_ema 2017-04-27 08:00:00 start_vwap 2017-04-27 09:35:00 last_bar 2017-04-27 10:00:00 Writing to ./data/ISBC_livesignals_20170427_09_40_38.csv ./data/ISBC_last.csv
ET:  0.07  minutes
now 2017-04-27 10:15:00.451000 return data: last bar 2017-04-27 10:10:00 last processed bar 2017-04-27 10:00:00
ISBC: Warning! 596 bars requested 27 bars returned.
start_idx [(19, Timestamp('2017-04-27 09:35:00'))]
start_ema 2017-04-27 08:00:00 start_vwap 2017-04-27 09:35:00 last_bar 2017-04-27 10:10:00 Writing to ./data/ISBC_livesignals_20170427_09_40_38.csv ./data/ISBC_last.csv
ET:  0.07  minutes
now 2017-04-27 10:20:01.110000 return data: last bar 2017-04-27 10:15:00 last processed bar 2017-04-27 10:10:00
ISBC: Warning! 596 bars requested 28 bars returned.
start_idx [(19, Timestamp('2017-04-27 09:35:00'))]
start_ema 2017-04-27 08:00:00 start_vwap 2017-04-27 09:35:00 last_bar 2017-04-27 10:15:00 Writing to ./data/ISBC_livesignals_20170427_09_40_38.csv ./data/ISBC_last.csv
ET:  0.06  minutes
now 2017-04-27 10:25:02.396000 return data: last bar 2017-04-27 10:20:00 last processed bar 2017-04-27 10:15:00
ISBC: Warning! 596 bars requested 29 bars returned.
start_idx [(19, Timestamp('2017-04-27 09:35:00'))]
start_ema 2017-04-27 08:00:00 start_vwap 2017-04-27 09:35:00 last_bar 2017-04-27 10:20:00 Writing to ./data/ISBC_livesignals_20170427_09_40_38.csv ./data/ISBC_last.csv
ET:  0.07  minutes
now 2017-04-27 10:30:01.071000 return data: last bar 2017-04-27 10:25:00 last processed bar 2017-04-27 10:20:00
ISBC: Warning! 596 bars requested 30 bars returned.
start_idx [(19, Timestamp('2017-04-27 09:35:00'))]
start_ema 2017-04-27 08:00:00 start_vwap 2017-04-27 09:35:00 last_bar 2017-04-27 10:25:00 Writing to ./data/ISBC_livesignals_20170427_09_40_38.csv ./data/ISBC_last.csv
ET:  0.06  minutes
now 2017-04-27 10:35:02.079000 return data: last bar 2017-04-27 10:30:00 last processed bar 2017-04-27 10:25:00
ISBC: Warning! 596 bars requested 31 bars returned.
start_idx [(19, Timestamp('2017-04-27 09:35:00'))]
start_ema 2017-04-27 08:00:00 start_vwap 2017-04-27 09:35:00 last_bar 2017-04-27 10:30:00 Writing to ./data/ISBC_livesignals_20170427_09_40_38.csv ./data/ISBC_last.csv
ET:  0.08  minutes
now 2017-04-27 10:40:00.080000 return data: last bar 2017-04-27 10:35:00 last processed bar 2017-04-27 10:30:00
ISBC: Warning! 596 bars requested 32 bars returned.
start_idx [(19, Timestamp('2017-04-27 09:35:00'))]
start_ema 2017-04-27 08:00:00 start_vwap 2017-04-27 09:35:00 last_bar 2017-04-27 10:35:00 Writing to ./data/ISBC_livesignals_20170427_09_40_38.csv ./data/ISBC_last.csv
ET:  0.06  minutes
now 2017-04-27 10:45:01.389000 return data: last bar 2017-04-27 10:40:00 last processed bar 2017-04-27 10:35:00
ISBC: Warning! 596 bars requested 33 bars returned.
start_idx [(19, Timestamp('2017-04-27 09:35:00'))]
start_ema 2017-04-27 08:00:00 start_vwap 2017-04-27 09:35:00 last_bar 2017-04-27 10:40:00 Writing to ./data/ISBC_livesignals_20170427_09_40_38.csv ./data/ISBC_last.csv
ET:  0.1  minutes
now 2017-04-27 10:50:00.470000 return data: last bar 2017-04-27 10:45:00 last processed bar 2017-04-27 10:40:00
ISBC: Warning! 596 bars requested 34 bars returned.
start_idx [(19, Timestamp('2017-04-27 09:35:00'))]
start_ema 2017-04-27 08:00:00 start_vwap 2017-04-27 09:35:00 last_bar 2017-04-27 10:45:00 Writing to ./data/ISBC_livesignals_20170427_09_40_38.csv ./data/ISBC_last.csv
ET:  0.11  minutes
now 2017-04-27 10:55:02.392000 return data: last bar 2017-04-27 10:50:00 last processed bar 2017-04-27 10:45:00
ISBC: Warning! 596 bars requested 35 bars returned.
start_idx [(19, Timestamp('2017-04-27 09:35:00'))]
start_ema 2017-04-27 08:00:00 start_vwap 2017-04-27 09:35:00 last_bar 2017-04-27 10:50:00 Writing to ./data/ISBC_livesignals_20170427_09_40_38.csv ./data/ISBC_last.csv
ET:  0.07  minutes
now 2017-04-27 11:00:00.372000 return data: last bar 2017-04-27 10:55:00 last processed bar 2017-04-27 10:50:00
ISBC: Warning! 596 bars requested 36 bars returned.
start_idx [(19, Timestamp('2017-04-27 09:35:00'))]
start_ema 2017-04-27 08:00:00 start_vwap 2017-04-27 09:35:00 last_bar 2017-04-27 10:55:00 Writing to ./data/ISBC_livesignals_20170427_09_40_38.csv ./data/ISBC_last.csv
ET:  0.06  minutes
now 2017-04-27 11:05:00.546000 return data: last bar 2017-04-27 11:05:00 last processed bar 2017-04-27 10:55:00
ISBC: Warning! 596 bars requested 38 bars returned.
start_idx [(19, Timestamp('2017-04-27 09:35:00'))]
start_ema 2017-04-27 08:00:00 start_vwap 2017-04-27 09:35:00 last_bar 2017-04-27 11:05:00 Writing to ./data/ISBC_livesignals_20170427_09_40_38.csv ./data/ISBC_last.csv
ET:  0.1  minutes
now 2017-04-27 11:10:01.202000 return data: last bar 2017-04-27 11:10:00 last processed bar 2017-04-27 11:05:00
ISBC: Warning! 596 bars requested 39 bars returned.
start_idx [(19, Timestamp('2017-04-27 09:35:00'))]
start_ema 2017-04-27 08:00:00 start_vwap 2017-04-27 09:35:00 last_bar 2017-04-27 11:10:00 Writing to ./data/ISBC_livesignals_20170427_09_40_38.csv ./data/ISBC_last.csv
ET:  0.05  minutes
now 2017-04-27 11:15:00.422000 return None: last bar 2017-04-27 11:10:00 last processed bar 2017-04-27 11:10:00
ISBC getFeed did not return any data! last bar: 2017-04-27 11:10:00 now: 11:15:00.841000
now 2017-04-27 11:20:01.312000 return data: last bar 2017-04-27 11:20:00 last processed bar 2017-04-27 11:10:00
ISBC: Warning! 596 bars requested 41 bars returned.
start_idx [(19, Timestamp('2017-04-27 09:35:00'))]
start_ema 2017-04-27 08:00:00 start_vwap 2017-04-27 09:35:00 last_bar 2017-04-27 11:20:00 Writing to ./data/ISBC_livesignals_20170427_09_40_38.csv ./data/ISBC_last.csv
ET:  0.09  minutes
now 2017-04-27 11:25:00.996000 return data: last bar 2017-04-27 11:25:00 last processed bar 2017-04-27 11:20:00
ISBC: Warning! 596 bars requested 42 bars returned.
start_idx [(19, Timestamp('2017-04-27 09:35:00'))]
start_ema 2017-04-27 08:00:00 start_vwap 2017-04-27 09:35:00 last_bar 2017-04-27 11:25:00 Writing to ./data/ISBC_livesignals_20170427_09_40_38.csv ./data/ISBC_last.csv
ET:  0.1  minutes
now 2017-04-27 11:30:02.624000 return data: last bar 2017-04-27 11:30:00 last processed bar 2017-04-27 11:25:00
ISBC: Warning! 596 bars requested 43 bars returned.
start_idx [(19, Timestamp('2017-04-27 09:35:00'))]
start_ema 2017-04-27 08:00:00 start_vwap 2017-04-27 09:35:00 last_bar 2017-04-27 11:30:00 Writing to ./data/ISBC_livesignals_20170427_09_40_38.csv ./data/ISBC_last.csv
ET:  0.06  minutes
now 2017-04-27 11:35:00.221000 return data: last bar 2017-04-27 11:35:00 last processed bar 2017-04-27 11:30:00
ISBC: Warning! 596 bars requested 44 bars returned.
start_idx [(19, Timestamp('2017-04-27 09:35:00'))]
start_ema 2017-04-27 08:00:00 start_vwap 2017-04-27 09:35:00 last_bar 2017-04-27 11:35:00 Writing to ./data/ISBC_livesignals_20170427_09_40_38.csv ./data/ISBC_last.csv
ET:  0.08  minutes
now 2017-04-27 11:40:00.926000 return data: last bar 2017-04-27 11:40:00 last processed bar 2017-04-27 11:35:00
ISBC: Warning! 596 bars requested 45 bars returned.
start_idx [(19, Timestamp('2017-04-27 09:35:00'))]
start_ema 2017-04-27 08:00:00 start_vwap 2017-04-27 09:35:00 last_bar 2017-04-27 11:40:00 Writing to ./data/ISBC_livesignals_20170427_09_40_38.csv ./data/ISBC_last.csv
ET:  0.08  minutes
now 2017-04-27 11:45:01.262000 return data: last bar 2017-04-27 11:45:00 last processed bar 2017-04-27 11:40:00
ISBC: Warning! 596 bars requested 46 bars returned.
start_idx [(19, Timestamp('2017-04-27 09:35:00'))]
start_ema 2017-04-27 08:00:00 start_vwap 2017-04-27 09:35:00 last_bar 2017-04-27 11:45:00 Writing to ./data/ISBC_livesignals_20170427_09_40_38.csv ./data/ISBC_last.csv
ET:  0.06  minutes
now 2017-04-27 11:50:01.109000 return data: last bar 2017-04-27 11:50:00 last processed bar 2017-04-27 11:45:00
ISBC: Warning! 596 bars requested 47 bars returned.
start_idx [(19, Timestamp('2017-04-27 09:35:00'))]
start_ema 2017-04-27 08:00:00 start_vwap 2017-04-27 09:35:00 last_bar 2017-04-27 11:50:00 Writing to ./data/ISBC_livesignals_20170427_09_40_38.csv ./data/ISBC_last.csv
ET:  0.06  minutes
now 2017-04-27 11:55:01.099000 return data: last bar 2017-04-27 11:55:00 last processed bar 2017-04-27 11:50:00
ISBC: Warning! 596 bars requested 48 bars returned.
start_idx [(19, Timestamp('2017-04-27 09:35:00'))]
start_ema 2017-04-27 08:00:00 start_vwap 2017-04-27 09:35:00 last_bar 2017-04-27 11:55:00 Writing to ./data/ISBC_livesignals_20170427_09_40_38.csv ./data/ISBC_last.csv
ET:  0.06  minutes
now 2017-04-27 12:00:00.477000 return data: last bar 2017-04-27 12:00:00 last processed bar 2017-04-27 11:55:00
ISBC: Warning! 596 bars requested 49 bars returned.
start_idx [(19, Timestamp('2017-04-27 09:35:00'))]
start_ema 2017-04-27 08:00:00 start_vwap 2017-04-27 09:35:00 last_bar 2017-04-27 12:00:00 Writing to ./data/ISBC_livesignals_20170427_09_40_38.csv ./data/ISBC_last.csv
ET:  0.08  minutes
now 2017-04-27 12:05:00.176000 return data: last bar 2017-04-27 12:05:00 last processed bar 2017-04-27 12:00:00
ISBC: Warning! 596 bars requested 50 bars returned.
start_idx [(19, Timestamp('2017-04-27 09:35:00'))]
start_ema 2017-04-27 08:00:00 start_vwap 2017-04-27 09:35:00 last_bar 2017-04-27 12:05:00 Writing to ./data/ISBC_livesignals_20170427_09_40_38.csv ./data/ISBC_last.csv
ET:  0.06  minutes
now 2017-04-27 12:10:00.991000 return data: last bar 2017-04-27 12:10:00 last processed bar 2017-04-27 12:05:00
ISBC: Warning! 596 bars requested 51 bars returned.
start_idx [(19, Timestamp('2017-04-27 09:35:00'))]
start_ema 2017-04-27 08:00:00 start_vwap 2017-04-27 09:35:00 last_bar 2017-04-27 12:10:00 Writing to ./data/ISBC_livesignals_20170427_09_40_38.csv ./data/ISBC_last.csv
ET:  0.08  minutes
now 2017-04-27 12:15:00.613000 return data: last bar 2017-04-27 12:15:00 last processed bar 2017-04-27 12:10:00
ISBC: Warning! 596 bars requested 52 bars returned.
start_idx [(19, Timestamp('2017-04-27 09:35:00'))]
start_ema 2017-04-27 08:00:00 start_vwap 2017-04-27 09:35:00 last_bar 2017-04-27 12:15:00 Writing to ./data/ISBC_livesignals_20170427_09_40_38.csv ./data/ISBC_last.csv
ET:  0.08  minutes
now 2017-04-27 12:20:00.156000 return data: last bar 2017-04-27 12:20:00 last processed bar 2017-04-27 12:15:00
ISBC: Warning! 596 bars requested 53 bars returned.
start_idx [(19, Timestamp('2017-04-27 09:35:00'))]
start_ema 2017-04-27 08:00:00 start_vwap 2017-04-27 09:35:00 last_bar 2017-04-27 12:20:00 Writing to ./data/ISBC_livesignals_20170427_09_40_38.csv ./data/ISBC_last.csv
ET:  0.06  minutes
now 2017-04-27 12:25:00.028000 return data: last bar 2017-04-27 12:25:00 last processed bar 2017-04-27 12:20:00
ISBC: Warning! 596 bars requested 54 bars returned.
start_idx [(19, Timestamp('2017-04-27 09:35:00'))]
start_ema 2017-04-27 08:00:00 start_vwap 2017-04-27 09:35:00 last_bar 2017-04-27 12:25:00 Writing to ./data/ISBC_livesignals_20170427_09_40_38.csv ./data/ISBC_last.csv
ET:  0.05  minutes
now 2017-04-27 12:30:00.141000 return data: last bar 2017-04-27 12:30:00 last processed bar 2017-04-27 12:25:00
ISBC: Warning! 596 bars requested 55 bars returned.
start_idx [(19, Timestamp('2017-04-27 09:35:00'))]
start_ema 2017-04-27 08:00:00 start_vwap 2017-04-27 09:35:00 last_bar 2017-04-27 12:30:00 Writing to ./data/ISBC_livesignals_20170427_09_40_38.csv ./data/ISBC_last.csv
ET:  0.06  minutes
now 2017-04-27 12:35:00.961000 return data: last bar 2017-04-27 12:35:00 last processed bar 2017-04-27 12:30:00
ISBC: Warning! 596 bars requested 56 bars returned.
start_idx [(19, Timestamp('2017-04-27 09:35:00'))]
start_ema 2017-04-27 08:00:00 start_vwap 2017-04-27 09:35:00 last_bar 2017-04-27 12:35:00 Writing to ./data/ISBC_livesignals_20170427_09_40_38.csv ./data/ISBC_last.csv
ET:  0.08  minutes
now 2017-04-27 12:40:00.795000 return data: last bar 2017-04-27 12:40:00 last processed bar 2017-04-27 12:35:00
ISBC: Warning! 596 bars requested 57 bars returned.
start_idx [(19, Timestamp('2017-04-27 09:35:00'))]
start_ema 2017-04-27 08:00:00 start_vwap 2017-04-27 09:35:00 last_bar 2017-04-27 12:40:00 Writing to ./data/ISBC_livesignals_20170427_09_40_38.csv ./data/ISBC_last.csv
ET:  0.07  minutes
now 2017-04-27 12:45:00.124000 return data: last bar 2017-04-27 12:45:00 last processed bar 2017-04-27 12:40:00
ISBC: Warning! 596 bars requested 58 bars returned.
start_idx [(19, Timestamp('2017-04-27 09:35:00'))]
start_ema 2017-04-27 08:00:00 start_vwap 2017-04-27 09:35:00 last_bar 2017-04-27 12:45:00 Writing to ./data/ISBC_livesignals_20170427_09_40_38.csv ./data/ISBC_last.csv
ET:  0.08  minutes
now 2017-04-27 12:50:00.901000 return data: last bar 2017-04-27 12:50:00 last processed bar 2017-04-27 12:45:00
ISBC: Warning! 596 bars requested 59 bars returned.
start_idx [(19, Timestamp('2017-04-27 09:35:00'))]
start_ema 2017-04-27 08:00:00 start_vwap 2017-04-27 09:35:00 last_bar 2017-04-27 12:50:00 Writing to ./data/ISBC_livesignals_20170427_09_40_38.csv ./data/ISBC_last.csv
ET:  0.09  minutes
now 2017-04-27 12:55:00.113000 return data: last bar 2017-04-27 12:55:00 last processed bar 2017-04-27 12:50:00
ISBC: Warning! 596 bars requested 60 bars returned.
start_idx [(19, Timestamp('2017-04-27 09:35:00'))]
start_ema 2017-04-27 08:00:00 start_vwap 2017-04-27 09:35:00 last_bar 2017-04-27 12:55:00 Writing to ./data/ISBC_livesignals_20170427_09_40_38.csv ./data/ISBC_last.csv
ET:  0.06  minutes
now 2017-04-27 13:00:01.213000 return data: last bar 2017-04-27 13:00:00 last processed bar 2017-04-27 12:55:00
ISBC: Warning! 596 bars requested 61 bars returned.
start_idx [(19, Timestamp('2017-04-27 09:35:00'))]
start_ema 2017-04-27 08:00:00 start_vwap 2017-04-27 09:35:00 last_bar 2017-04-27 13:00:00 Writing to ./data/ISBC_livesignals_20170427_09_40_38.csv ./data/ISBC_last.csv
ET:  0.06  minutes
now 2017-04-27 13:05:01.252000 return data: last bar 2017-04-27 13:05:00 last processed bar 2017-04-27 13:00:00
ISBC: Warning! 596 bars requested 62 bars returned.
start_idx [(19, Timestamp('2017-04-27 09:35:00'))]
start_ema 2017-04-27 08:00:00 start_vwap 2017-04-27 09:35:00 last_bar 2017-04-27 13:05:00 Writing to ./data/ISBC_livesignals_20170427_09_40_38.csv ./data/ISBC_last.csv
ET:  0.07  minutes
now 2017-04-27 13:10:01.108000 return data: last bar 2017-04-27 13:10:00 last processed bar 2017-04-27 13:05:00
ISBC: Warning! 596 bars requested 63 bars returned.
start_idx [(19, Timestamp('2017-04-27 09:35:00'))]
start_ema 2017-04-27 08:00:00 start_vwap 2017-04-27 09:35:00 last_bar 2017-04-27 13:10:00 Writing to ./data/ISBC_livesignals_20170427_09_40_38.csv ./data/ISBC_last.csv
ET:  0.06  minutes
now 2017-04-27 13:15:01.462000 return data: last bar 2017-04-27 13:15:00 last processed bar 2017-04-27 13:10:00
ISBC: Warning! 596 bars requested 64 bars returned.
start_idx [(19, Timestamp('2017-04-27 09:35:00'))]
start_ema 2017-04-27 08:00:00 start_vwap 2017-04-27 09:35:00 last_bar 2017-04-27 13:15:00 Writing to ./data/ISBC_livesignals_20170427_09_40_38.csv ./data/ISBC_last.csv
ET:  0.07  minutes
now 2017-04-27 13:20:01.562000 return data: last bar 2017-04-27 13:20:00 last processed bar 2017-04-27 13:15:00
ISBC: Warning! 596 bars requested 65 bars returned.
start_idx [(19, Timestamp('2017-04-27 09:35:00'))]
start_ema 2017-04-27 08:00:00 start_vwap 2017-04-27 09:35:00 last_bar 2017-04-27 13:20:00 Writing to ./data/ISBC_livesignals_20170427_09_40_38.csv ./data/ISBC_last.csv
ET:  0.05  minutes
now 2017-04-27 13:25:01.239000 return data: last bar 2017-04-27 13:25:00 last processed bar 2017-04-27 13:20:00
ISBC: Warning! 596 bars requested 66 bars returned.
start_idx [(19, Timestamp('2017-04-27 09:35:00'))]
start_ema 2017-04-27 08:00:00 start_vwap 2017-04-27 09:35:00 last_bar 2017-04-27 13:25:00 Writing to ./data/ISBC_livesignals_20170427_09_40_38.csv ./data/ISBC_last.csv
ET:  0.07  minutes
now 2017-04-27 13:30:00.793000 return data: last bar 2017-04-27 13:30:00 last processed bar 2017-04-27 13:25:00
ISBC: Warning! 596 bars requested 67 bars returned.
start_idx [(19, Timestamp('2017-04-27 09:35:00'))]
start_ema 2017-04-27 08:00:00 start_vwap 2017-04-27 09:35:00 last_bar 2017-04-27 13:30:00 Writing to ./data/ISBC_livesignals_20170427_09_40_38.csv ./data/ISBC_last.csv
ET:  0.08  minutes
now 2017-04-27 13:35:00.806000 return data: last bar 2017-04-27 13:35:00 last processed bar 2017-04-27 13:30:00
ISBC: Warning! 596 bars requested 68 bars returned.
start_idx [(19, Timestamp('2017-04-27 09:35:00'))]
start_ema 2017-04-27 08:00:00 start_vwap 2017-04-27 09:35:00 last_bar 2017-04-27 13:35:00 Writing to ./data/ISBC_livesignals_20170427_09_40_38.csv ./data/ISBC_last.csv
ET:  0.09  minutes
now 2017-04-27 13:40:01.337000 return data: last bar 2017-04-27 13:40:00 last processed bar 2017-04-27 13:35:00
ISBC: Warning! 596 bars requested 69 bars returned.
start_idx [(19, Timestamp('2017-04-27 09:35:00'))]
start_ema 2017-04-27 08:00:00 start_vwap 2017-04-27 09:35:00 last_bar 2017-04-27 13:40:00 Writing to ./data/ISBC_livesignals_20170427_09_40_38.csv ./data/ISBC_last.csv
ET:  0.09  minutes
now 2017-04-27 13:45:01.214000 return data: last bar 2017-04-27 13:45:00 last processed bar 2017-04-27 13:40:00
ISBC: Warning! 596 bars requested 70 bars returned.
start_idx [(19, Timestamp('2017-04-27 09:35:00'))]
start_ema 2017-04-27 08:00:00 start_vwap 2017-04-27 09:35:00 last_bar 2017-04-27 13:45:00 Writing to ./data/ISBC_livesignals_20170427_09_40_38.csv ./data/ISBC_last.csv
ET:  0.09  minutes
now 2017-04-27 13:50:01.061000 return data: last bar 2017-04-27 13:50:00 last processed bar 2017-04-27 13:45:00
ISBC: Warning! 596 bars requested 71 bars returned.
start_idx [(19, Timestamp('2017-04-27 09:35:00'))]
start_ema 2017-04-27 08:00:00 start_vwap 2017-04-27 09:35:00 last_bar 2017-04-27 13:50:00 Writing to ./data/ISBC_livesignals_20170427_09_40_38.csv ./data/ISBC_last.csv
ET:  0.07  minutes
now 2017-04-27 13:55:00.044000 return data: last bar 2017-04-27 13:55:00 last processed bar 2017-04-27 13:50:00
ISBC: Warning! 596 bars requested 72 bars returned.
start_idx [(19, Timestamp('2017-04-27 09:35:00'))]
start_ema 2017-04-27 08:00:00 start_vwap 2017-04-27 09:35:00 last_bar 2017-04-27 13:55:00 Writing to ./data/ISBC_livesignals_20170427_09_40_38.csv ./data/ISBC_last.csv
ET:  0.06  minutes
now 2017-04-27 14:00:01.507000 return data: last bar 2017-04-27 14:00:00 last processed bar 2017-04-27 13:55:00
ISBC: Warning! 596 bars requested 73 bars returned.
start_idx [(19, Timestamp('2017-04-27 09:35:00'))]
start_ema 2017-04-27 08:00:00 start_vwap 2017-04-27 09:35:00 last_bar 2017-04-27 14:00:00 Writing to ./data/ISBC_livesignals_20170427_09_40_38.csv ./data/ISBC_last.csv
ET:  0.07  minutes
now 2017-04-27 14:05:01.044000 return data: last bar 2017-04-27 14:05:00 last processed bar 2017-04-27 14:00:00
ISBC: Warning! 596 bars requested 74 bars returned.
start_idx [(19, Timestamp('2017-04-27 09:35:00'))]
start_ema 2017-04-27 08:00:00 start_vwap 2017-04-27 09:35:00 last_bar 2017-04-27 14:05:00 Writing to ./data/ISBC_livesignals_20170427_09_40_38.csv ./data/ISBC_last.csv
ET:  0.07  minutes
now 2017-04-27 14:10:00.197000 return data: last bar 2017-04-27 14:10:00 last processed bar 2017-04-27 14:05:00
ISBC: Warning! 596 bars requested 75 bars returned.
start_idx [(19, Timestamp('2017-04-27 09:35:00'))]
start_ema 2017-04-27 08:00:00 start_vwap 2017-04-27 09:35:00 last_bar 2017-04-27 14:10:00 Writing to ./data/ISBC_livesignals_20170427_09_40_38.csv ./data/ISBC_last.csv
ET:  0.04  minutes
now 2017-04-27 14:15:00.604000 return data: last bar 2017-04-27 14:15:00 last processed bar 2017-04-27 14:10:00
ISBC: Warning! 596 bars requested 76 bars returned.
start_idx [(19, Timestamp('2017-04-27 09:35:00'))]
start_ema 2017-04-27 08:00:00 start_vwap 2017-04-27 09:35:00 last_bar 2017-04-27 14:15:00 Writing to ./data/ISBC_livesignals_20170427_09_40_38.csv ./data/ISBC_last.csv
ET:  0.09  minutes
now 2017-04-27 14:20:01.442000 return data: last bar 2017-04-27 14:20:00 last processed bar 2017-04-27 14:15:00
ISBC: Warning! 596 bars requested 77 bars returned.
start_idx [(19, Timestamp('2017-04-27 09:35:00'))]
start_ema 2017-04-27 08:00:00 start_vwap 2017-04-27 09:35:00 last_bar 2017-04-27 14:20:00 Writing to ./data/ISBC_livesignals_20170427_09_40_38.csv ./data/ISBC_last.csv
ET:  0.06  minutes
now 2017-04-27 14:25:00.266000 return data: last bar 2017-04-27 14:25:00 last processed bar 2017-04-27 14:20:00
ISBC: Warning! 596 bars requested 78 bars returned.
start_idx [(19, Timestamp('2017-04-27 09:35:00'))]
start_ema 2017-04-27 08:00:00 start_vwap 2017-04-27 09:35:00 last_bar 2017-04-27 14:25:00 Writing to ./data/ISBC_livesignals_20170427_09_40_38.csv ./data/ISBC_last.csv
ET:  0.07  minutes
now 2017-04-27 14:30:00.635000 return data: last bar 2017-04-27 14:30:00 last processed bar 2017-04-27 14:25:00
ISBC: Warning! 596 bars requested 79 bars returned.
start_idx [(19, Timestamp('2017-04-27 09:35:00'))]
start_ema 2017-04-27 08:00:00 start_vwap 2017-04-27 09:35:00 last_bar 2017-04-27 14:30:00 Writing to ./data/ISBC_livesignals_20170427_09_40_38.csv ./data/ISBC_last.csv
ET:  0.07  minutes
now 2017-04-27 14:35:00.092000 return data: last bar 2017-04-27 14:35:00 last processed bar 2017-04-27 14:30:00
ISBC: Warning! 596 bars requested 80 bars returned.
start_idx [(19, Timestamp('2017-04-27 09:35:00'))]
start_ema 2017-04-27 08:00:00 start_vwap 2017-04-27 09:35:00 last_bar 2017-04-27 14:35:00 Writing to ./data/ISBC_livesignals_20170427_09_40_38.csv ./data/ISBC_last.csv
ET:  0.09  minutes
now 2017-04-27 14:40:00.263000 return data: last bar 2017-04-27 14:40:00 last processed bar 2017-04-27 14:35:00
ISBC: Warning! 596 bars requested 81 bars returned.
start_idx [(19, Timestamp('2017-04-27 09:35:00'))]
start_ema 2017-04-27 08:00:00 start_vwap 2017-04-27 09:35:00 last_bar 2017-04-27 14:40:00 Writing to ./data/ISBC_livesignals_20170427_09_40_38.csv ./data/ISBC_last.csv
ET:  0.05  minutes
now 2017-04-27 14:45:01.922000 return data: last bar 2017-04-27 14:45:00 last processed bar 2017-04-27 14:40:00
ISBC: Warning! 596 bars requested 82 bars returned.
start_idx [(19, Timestamp('2017-04-27 09:35:00'))]
start_ema 2017-04-27 08:00:00 start_vwap 2017-04-27 09:35:00 last_bar 2017-04-27 14:45:00 Writing to ./data/ISBC_livesignals_20170427_09_40_38.csv ./data/ISBC_last.csv
ET:  0.04  minutes
now 2017-04-27 14:50:01.200000 return data: last bar 2017-04-27 14:50:00 last processed bar 2017-04-27 14:45:00
ISBC: Warning! 596 bars requested 83 bars returned.
start_idx [(19, Timestamp('2017-04-27 09:35:00'))]
start_ema 2017-04-27 08:00:00 start_vwap 2017-04-27 09:35:00 last_bar 2017-04-27 14:50:00 Writing to ./data/ISBC_livesignals_20170427_09_40_38.csv ./data/ISBC_last.csv
ET:  0.06  minutes
now 2017-04-27 14:55:02.213000 return data: last bar 2017-04-27 14:55:00 last processed bar 2017-04-27 14:50:00
ISBC: Warning! 596 bars requested 84 bars returned.
start_idx [(19, Timestamp('2017-04-27 09:35:00'))]
start_ema 2017-04-27 08:00:00 start_vwap 2017-04-27 09:35:00 last_bar 2017-04-27 14:55:00 Writing to ./data/ISBC_livesignals_20170427_09_40_38.csv ./data/ISBC_last.csv
ET:  0.07  minutes
now 2017-04-27 15:00:01.107000 return data: last bar 2017-04-27 15:00:00 last processed bar 2017-04-27 14:55:00
ISBC: Warning! 596 bars requested 85 bars returned.
start_idx [(19, Timestamp('2017-04-27 09:35:00'))]
start_ema 2017-04-27 08:00:00 start_vwap 2017-04-27 09:35:00 last_bar 2017-04-27 15:00:00 Writing to ./data/ISBC_livesignals_20170427_09_40_38.csv ./data/ISBC_last.csv
ET:  0.03  minutes
now 2017-04-27 15:05:01.204000 return data: last bar 2017-04-27 15:05:00 last processed bar 2017-04-27 15:00:00
ISBC: Warning! 596 bars requested 86 bars returned.
start_idx [(19, Timestamp('2017-04-27 09:35:00'))]
start_ema 2017-04-27 08:00:00 start_vwap 2017-04-27 09:35:00 last_bar 2017-04-27 15:05:00 Writing to ./data/ISBC_livesignals_20170427_09_40_38.csv ./data/ISBC_last.csv
ET:  0.06  minutes
now 2017-04-27 15:10:02.115000 return data: last bar 2017-04-27 15:10:00 last processed bar 2017-04-27 15:05:00
ISBC: Warning! 596 bars requested 87 bars returned.
start_idx [(19, Timestamp('2017-04-27 09:35:00'))]
start_ema 2017-04-27 08:00:00 start_vwap 2017-04-27 09:35:00 last_bar 2017-04-27 15:10:00 Writing to ./data/ISBC_livesignals_20170427_09_40_38.csv ./data/ISBC_last.csv
ET:  0.06  minutes
now 2017-04-27 15:15:01.920000 return data: last bar 2017-04-27 15:15:00 last processed bar 2017-04-27 15:10:00
ISBC: Warning! 596 bars requested 88 bars returned.
start_idx [(19, Timestamp('2017-04-27 09:35:00'))]
start_ema 2017-04-27 08:00:00 start_vwap 2017-04-27 09:35:00 last_bar 2017-04-27 15:15:00 Writing to ./data/ISBC_livesignals_20170427_09_40_38.csv ./data/ISBC_last.csv
ET:  0.05  minutes
now 2017-04-27 15:20:01.379000 return data: last bar 2017-04-27 15:20:00 last processed bar 2017-04-27 15:15:00
ISBC: Warning! 596 bars requested 89 bars returned.
start_idx [(19, Timestamp('2017-04-27 09:35:00'))]
start_ema 2017-04-27 08:00:00 start_vwap 2017-04-27 09:35:00 last_bar 2017-04-27 15:20:00 Writing to ./data/ISBC_livesignals_20170427_09_40_38.csv ./data/ISBC_last.csv
ET:  0.05  minutes
now 2017-04-27 15:25:00.350000 return data: last bar 2017-04-27 15:25:00 last processed bar 2017-04-27 15:20:00
ISBC: Warning! 596 bars requested 90 bars returned.
start_idx [(19, Timestamp('2017-04-27 09:35:00'))]
start_ema 2017-04-27 08:00:00 start_vwap 2017-04-27 09:35:00 last_bar 2017-04-27 15:25:00 Writing to ./data/ISBC_livesignals_20170427_09_40_38.csv ./data/ISBC_last.csv
ET:  0.04  minutes
now 2017-04-27 15:30:00.782000 return data: last bar 2017-04-27 15:30:00 last processed bar 2017-04-27 15:25:00
ISBC: Warning! 596 bars requested 91 bars returned.
start_idx [(19, Timestamp('2017-04-27 09:35:00'))]
start_ema 2017-04-27 08:00:00 start_vwap 2017-04-27 09:35:00 last_bar 2017-04-27 15:30:00 Writing to ./data/ISBC_livesignals_20170427_09_40_38.csv ./data/ISBC_last.csv
ET:  0.06  minutes
now 2017-04-27 15:35:00.624000 return data: last bar 2017-04-27 15:35:00 last processed bar 2017-04-27 15:30:00
ISBC: Warning! 596 bars requested 92 bars returned.
start_idx [(19, Timestamp('2017-04-27 09:35:00'))]
start_ema 2017-04-27 08:00:00 start_vwap 2017-04-27 09:35:00 last_bar 2017-04-27 15:35:00 Writing to ./data/ISBC_livesignals_20170427_09_40_38.csv ./data/ISBC_last.csv
ET:  0.06  minutes
now 2017-04-27 15:40:00.233000 return data: last bar 2017-04-27 15:40:00 last processed bar 2017-04-27 15:35:00
ISBC: Warning! 596 bars requested 93 bars returned.
start_idx [(19, Timestamp('2017-04-27 09:35:00'))]
start_ema 2017-04-27 08:00:00 start_vwap 2017-04-27 09:35:00 last_bar 2017-04-27 15:40:00 Writing to ./data/ISBC_livesignals_20170427_09_40_38.csv ./data/ISBC_last.csv
ET:  0.08  minutes
now 2017-04-27 15:45:00.425000 return data: last bar 2017-04-27 15:45:00 last processed bar 2017-04-27 15:40:00
ISBC: Warning! 596 bars requested 94 bars returned.
start_idx [(19, Timestamp('2017-04-27 09:35:00'))]
start_ema 2017-04-27 08:00:00 start_vwap 2017-04-27 09:35:00 last_bar 2017-04-27 15:45:00 Writing to ./data/ISBC_livesignals_20170427_09_40_38.csv ./data/ISBC_last.csv
ET:  0.06  minutes
now 2017-04-27 15:50:00.033000 return data: last bar 2017-04-27 15:50:00 last processed bar 2017-04-27 15:45:00
ISBC: Warning! 596 bars requested 95 bars returned.
start_idx [(19, Timestamp('2017-04-27 09:35:00'))]
start_ema 2017-04-27 08:00:00 start_vwap 2017-04-27 09:35:00 last_bar 2017-04-27 15:50:00 Writing to ./data/ISBC_livesignals_20170427_09_40_38.csv ./data/ISBC_last.csv
ET:  0.06  minutes
now 2017-04-27 15:55:02.267000
