return data: last bar 2017-04-24 10:30:00 last processed bar 1000-01-01 00:00:00
start_idx [(582, Timestamp('2017-04-24 09:35:00'))]
start_ema 2017-04-24 08:00:00 start_vwap 2017-04-24 09:35:00 last_bar 2017-04-24 10:30:00 ET:  0.02  minutes
now 2017-04-24 10:35:01.773000 return None: last bar 2017-04-24 10:30:00 last processed bar 2017-04-24 10:30:00
JUNO getFeed did not return any data! last bar: 2017-04-24 10:30:00 now: 10:35:09.083000
now 2017-04-24 10:40:01.246000 return data: last bar 2017-04-24 10:35:00 last processed bar 2017-04-24 10:30:00
start_idx [(581, Timestamp('2017-04-24 09:35:00'))]
start_ema 2017-04-24 08:00:00 start_vwap 2017-04-24 09:35:00 last_bar 2017-04-24 10:35:00 Writing to ./data/JUNO_livesignals_20170424_10_32_39.csv ./data/JUNO_last.csv
ET:  0.26  minutes
now 2017-04-24 10:45:02.455000 return data: last bar 2017-04-24 10:40:00 last processed bar 2017-04-24 10:35:00
start_idx [(580, Timestamp('2017-04-24 09:35:00'))]
start_ema 2017-04-24 08:00:00 start_vwap 2017-04-24 09:35:00 last_bar 2017-04-24 10:40:00 Writing to ./data/JUNO_livesignals_20170424_10_32_39.csv ./data/JUNO_last.csv
ET:  0.22  minutes
now 2017-04-24 10:50:00.940000 return data: last bar 2017-04-24 10:45:00 last processed bar 2017-04-24 10:40:00
start_idx [(579, Timestamp('2017-04-24 09:35:00'))]
start_ema 2017-04-24 08:00:00 start_vwap 2017-04-24 09:35:00 last_bar 2017-04-24 10:45:00 Writing to ./data/JUNO_livesignals_20170424_10_32_39.csv ./data/JUNO_last.csv
ET:  0.24  minutes
now 2017-04-24 10:55:01.083000 return data: last bar 2017-04-24 10:50:00 last processed bar 2017-04-24 10:45:00
start_idx [(578, Timestamp('2017-04-24 09:35:00'))]
start_ema 2017-04-24 08:00:00 start_vwap 2017-04-24 09:35:00 last_bar 2017-04-24 10:50:00 Writing to ./data/JUNO_livesignals_20170424_10_32_39.csv ./data/JUNO_last.csv
ET:  0.25  minutes
now 2017-04-24 11:00:00.065000 return data: last bar 2017-04-24 10:55:00 last processed bar 2017-04-24 10:50:00
start_idx [(577, Timestamp('2017-04-24 09:35:00'))]
start_ema 2017-04-24 08:00:00 start_vwap 2017-04-24 09:35:00 last_bar 2017-04-24 10:55:00 Writing to ./data/JUNO_livesignals_20170424_10_32_39.csv ./data/JUNO_last.csv
ET:  0.27  minutes
now 2017-04-24 11:05:00.724000 return data: last bar 2017-04-24 11:00:00 last processed bar 2017-04-24 10:55:00
start_idx [(576, Timestamp('2017-04-24 09:35:00'))]
start_ema 2017-04-24 08:00:00 start_vwap 2017-04-24 09:35:00 last_bar 2017-04-24 11:00:00 Writing to ./data/JUNO_livesignals_20170424_10_32_39.csv ./data/JUNO_last.csv
ET:  0.17  minutes
now 2017-04-24 11:10:01.481000 return data: last bar 2017-04-24 11:10:00 last processed bar 2017-04-24 11:00:00
start_idx [(574, Timestamp('2017-04-24 09:35:00'))]
start_ema 2017-04-24 08:00:00 start_vwap 2017-04-24 09:35:00 last_bar 2017-04-24 11:10:00 Writing to ./data/JUNO_livesignals_20170424_10_32_39.csv ./data/JUNO_last.csv
ET:  0.18  minutes
now 2017-04-24 11:15:00.551000 return None: last bar 2017-04-24 11:10:00 last processed bar 2017-04-24 11:10:00
2 bars requested None returned
JUNO getFeed did not return any data! last bar: 2017-04-24 11:10:00 now: 11:15:02.363000
now 2017-04-24 11:20:01.095000 return data: last bar 2017-04-24 11:15:00 last processed bar 2017-04-24 11:10:00
2 bars requested 2 bars returned
start_idx [(0, Timestamp('2017-04-24 09:35:00'))]
start_ema 2017-04-24 09:45:00 data.dropna() feed returned insufficient data
now 2017-04-24 11:25:01.164000 return data: last bar 2017-04-24 11:20:00 last processed bar 2017-04-24 11:15:00
2 bars requested 2 bars returned
start_idx [(0, Timestamp('2017-04-24 09:35:00'))]
start_ema 2017-04-24 09:45:00 data.dropna() feed returned insufficient data
now 2017-04-24 11:30:00.542000 return data: last bar 2017-04-24 11:25:00 last processed bar 2017-04-24 11:20:00
2 bars requested 2 bars returned
start_idx [(0, Timestamp('2017-04-24 09:35:00'))]
start_ema 2017-04-24 09:45:00 data.dropna() feed returned insufficient data
now 2017-04-24 11:35:00.251000 return data: last bar 2017-04-24 11:30:00 last processed bar 2017-04-24 11:25:00
2 bars requested 2 bars returned
start_idx [(0, Timestamp('2017-04-24 09:35:00'))]
start_ema 2017-04-24 09:45:00 data.dropna() feed returned insufficient data
now 2017-04-24 11:40:00.011000 return data: last bar 2017-04-24 11:35:00 last processed bar 2017-04-24 11:30:00
2 bars requested 2 bars returned
start_idx [(0, Timestamp('2017-04-24 09:35:00'))]
start_ema 2017-04-24 09:45:00 data.dropna() feed returned insufficient data
now 2017-04-24 11:45:00.286000 return data: last bar 2017-04-24 11:40:00 last processed bar 2017-04-24 11:35:00
2 bars requested 2 bars returned
start_idx [(0, Timestamp('2017-04-24 09:35:00'))]
start_ema 2017-04-24 09:45:00 data.dropna() feed returned insufficient data
now 2017-04-24 11:50:00.599000 return data: last bar 2017-04-24 11:45:00 last processed bar 2017-04-24 11:40:00
2 bars requested 2 bars returned
start_idx [(0, Timestamp('2017-04-24 09:35:00'))]
start_ema 2017-04-24 09:45:00 data.dropna() feed returned insufficient data
now 2017-04-24 11:55:01.013000 return data: last bar 2017-04-24 11:50:00 last processed bar 2017-04-24 11:45:00
2 bars requested 2 bars returned
start_idx [(0, Timestamp('2017-04-24 09:35:00'))]
start_ema 2017-04-24 09:45:00 data.dropna() feed returned insufficient data
now 2017-04-24 12:00:00.561000 return data: last bar 2017-04-24 11:55:00 last processed bar 2017-04-24 11:50:00
2 bars requested 2 bars returned
start_idx [(0, Timestamp('2017-04-24 09:35:00'))]
start_ema 2017-04-24 09:45:00 data.dropna() feed returned insufficient data
now 2017-04-24 12:05:00.743000 return data: last bar 2017-04-24 12:00:00 last processed bar 2017-04-24 11:55:00
2 bars requested 2 bars returned
start_idx [(0, Timestamp('2017-04-24 09:35:00'))]
start_ema 2017-04-24 09:45:00 data.dropna() feed returned insufficient data
now 2017-04-24 12:10:00.922000 return data: last bar 2017-04-24 12:05:00 last processed bar 2017-04-24 12:00:00
2 bars requested 2 bars returned
start_idx [(0, Timestamp('2017-04-24 09:35:00'))]
start_ema 2017-04-24 09:45:00 data.dropna() feed returned insufficient data
now 2017-04-24 12:15:00.107000 return data: last bar 2017-04-24 12:10:00 last processed bar 2017-04-24 12:05:00
2 bars requested 2 bars returned
start_idx [(0, Timestamp('2017-04-24 09:35:00'))]
start_ema 2017-04-24 09:45:00 data.dropna() feed returned insufficient data
now 2017-04-24 12:20:00.300000 return data: last bar 2017-04-24 12:15:00 last processed bar 2017-04-24 12:10:00
2 bars requested 2 bars returned
start_idx [(0, Timestamp('2017-04-24 09:35:00'))]
start_ema 2017-04-24 09:45:00 data.dropna() feed returned insufficient data
now 2017-04-24 12:25:00.416000 return data: last bar 2017-04-24 12:20:00 last processed bar 2017-04-24 12:15:00
2 bars requested 2 bars returned
start_idx [(0, Timestamp('2017-04-24 09:35:00'))]
start_ema 2017-04-24 09:45:00 data.dropna() feed returned insufficient data
now 2017-04-24 12:30:00.054000 return data: last bar 2017-04-24 12:30:00 last processed bar 2017-04-24 12:20:00
2 bars requested 2 bars returned
start_idx [(0, Timestamp('2017-04-24 09:35:00'))]
start_ema 2017-04-24 09:45:00 data.dropna() feed returned insufficient data
now 2017-04-24 12:35:00.780000 return None: last bar 2017-04-24 12:30:00 last processed bar 2017-04-24 12:30:00
2 bars requested None returned
JUNO getFeed did not return any data! last bar: 2017-04-24 12:30:00 now: 12:35:01.289000
now 2017-04-24 12:40:00.149000 return data: last bar 2017-04-24 12:35:00 last processed bar 2017-04-24 12:30:00
2 bars requested 2 bars returned
start_idx [(0, Timestamp('2017-04-24 09:35:00'))]
start_ema 2017-04-24 09:45:00 data.dropna() feed returned insufficient data
now 2017-04-24 12:45:00.711000 return data: last bar 2017-04-24 12:45:00 last processed bar 2017-04-24 12:35:00
2 bars requested 2 bars returned
start_idx [(0, Timestamp('2017-04-24 09:35:00'))]
start_ema 2017-04-24 09:45:00 data.dropna() feed returned insufficient data
now 2017-04-24 12:50:00.782000 return None: last bar 2017-04-24 12:45:00 last processed bar 2017-04-24 12:45:00
2 bars requested None returned
JUNO getFeed did not return any data! last bar: 2017-04-24 12:45:00 now: 12:50:00.895000
now 2017-04-24 12:55:00.968000 return data: last bar 2017-04-24 12:50:00 last processed bar 2017-04-24 12:45:00
2 bars requested 2 bars returned
start_idx [(0, Timestamp('2017-04-24 09:35:00'))]
start_ema 2017-04-24 09:45:00 data.dropna() feed returned insufficient data
now 2017-04-24 13:00:00.888000 return data: last bar 2017-04-24 13:00:00 last processed bar 2017-04-24 12:50:00
2 bars requested 2 bars returned
start_idx [(0, Timestamp('2017-04-24 09:35:00'))]
start_ema 2017-04-24 09:45:00 data.dropna() feed returned insufficient data
now 2017-04-24 13:05:00.849000 return None: last bar 2017-04-24 13:00:00 last processed bar 2017-04-24 13:00:00
2 bars requested None returned
JUNO getFeed did not return any data! last bar: 2017-04-24 13:00:00 now: 13:05:01.216000
now 2017-04-24 13:10:00.236000 return data: last bar 2017-04-24 13:10:00 last processed bar 2017-04-24 13:00:00
2 bars requested 2 bars returned
start_idx [(0, Timestamp('2017-04-24 09:35:00'))]
start_ema 2017-04-24 09:45:00 data.dropna() feed returned insufficient data
now 2017-04-24 13:15:00.907000 return None: last bar 2017-04-24 13:10:00 last processed bar 2017-04-24 13:10:00
2 bars requested None returned
JUNO getFeed did not return any data! last bar: 2017-04-24 13:10:00 now: 13:15:01.147000
now 2017-04-24 13:20:00.508000 return data: last bar 2017-04-24 13:15:00 last processed bar 2017-04-24 13:10:00
2 bars requested 2 bars returned
start_idx [(0, Timestamp('2017-04-24 09:35:00'))]
start_ema 2017-04-24 09:45:00 data.dropna() feed returned insufficient data
now 2017-04-24 13:25:00.152000 return data: last bar 2017-04-24 13:20:00 last processed bar 2017-04-24 13:15:00
2 bars requested 2 bars returned
start_idx [(0, Timestamp('2017-04-24 09:35:00'))]
start_ema 2017-04-24 09:45:00 data.dropna() feed returned insufficient data
now 2017-04-24 13:30:00.682000 return data: last bar 2017-04-24 13:30:00 last processed bar 2017-04-24 13:20:00
2 bars requested 2 bars returned
start_idx [(0, Timestamp('2017-04-24 09:35:00'))]
start_ema 2017-04-24 09:45:00 data.dropna() feed returned insufficient data
now 2017-04-24 13:35:00.855000 return None: last bar 2017-04-24 13:30:00 last processed bar 2017-04-24 13:30:00
2 bars requested None returned
JUNO getFeed did not return any data! last bar: 2017-04-24 13:30:00 now: 13:35:01.635000
now 2017-04-24 13:40:00.478000 return data: last bar 2017-04-24 13:40:00 last processed bar 2017-04-24 13:30:00
2 bars requested 2 bars returned
start_idx [(0, Timestamp('2017-04-24 09:35:00'))]
start_ema 2017-04-24 09:45:00 data.dropna() feed returned insufficient data
now 2017-04-24 13:45:00.460000 return None: last bar 2017-04-24 13:40:00 last processed bar 2017-04-24 13:40:00
2 bars requested None returned
JUNO getFeed did not return any data! last bar: 2017-04-24 13:40:00 now: 13:45:00.924000
now 2017-04-24 13:50:00.056000 return data: last bar 2017-04-24 13:45:00 last processed bar 2017-04-24 13:40:00
2 bars requested 2 bars returned
start_idx [(0, Timestamp('2017-04-24 09:35:00'))]
start_ema 2017-04-24 09:45:00 data.dropna() feed returned insufficient data
now 2017-04-24 13:55:00.201000 return data: last bar 2017-04-24 13:50:00 last processed bar 2017-04-24 13:45:00
2 bars requested 2 bars returned
start_idx [(0, Timestamp('2017-04-24 09:35:00'))]
start_ema 2017-04-24 09:45:00 data.dropna() feed returned insufficient data
now 2017-04-24 14:00:01.189000 return data: last bar 2017-04-24 14:00:00 last processed bar 2017-04-24 13:50:00
2 bars requested 2 bars returned
start_idx [(0, Timestamp('2017-04-24 09:35:00'))]
start_ema 2017-04-24 09:45:00 data.dropna() feed returned insufficient data
now 2017-04-24 14:05:00.915000 return None: last bar 2017-04-24 14:00:00 last processed bar 2017-04-24 14:00:00
2 bars requested None returned
JUNO getFeed did not return any data! last bar: 2017-04-24 14:00:00 now: 14:05:01.699000
now 2017-04-24 14:10:01.155000 return data: last bar 2017-04-24 14:05:00 last processed bar 2017-04-24 14:00:00
2 bars requested 2 bars returned
start_idx [(0, Timestamp('2017-04-24 09:35:00'))]
start_ema 2017-04-24 09:45:00 data.dropna() feed returned insufficient data
now 2017-04-24 14:15:00.826000 return data: last bar 2017-04-24 14:10:00 last processed bar 2017-04-24 14:05:00
2 bars requested 2 bars returned
start_idx [(0, Timestamp('2017-04-24 09:35:00'))]
start_ema 2017-04-24 09:45:00 data.dropna() feed returned insufficient data
now 2017-04-24 14:20:00.480000 return data: last bar 2017-04-24 14:15:00 last processed bar 2017-04-24 14:10:00
2 bars requested 2 bars returned
start_idx [(0, Timestamp('2017-04-24 09:35:00'))]
start_ema 2017-04-24 09:45:00 data.dropna() feed returned insufficient data
now 2017-04-24 14:25:00.614000 return data: last bar 2017-04-24 14:20:00 last processed bar 2017-04-24 14:15:00
2 bars requested 2 bars returned
start_idx [(0, Timestamp('2017-04-24 09:35:00'))]
start_ema 2017-04-24 09:45:00 data.dropna() feed returned insufficient data
now 2017-04-24 14:30:00.438000 return data: last bar 2017-04-24 14:25:00 last processed bar 2017-04-24 14:20:00
2 bars requested 2 bars returned
start_idx [(0, Timestamp('2017-04-24 09:35:00'))]
start_ema 2017-04-24 09:45:00 data.dropna() feed returned insufficient data
now 2017-04-24 14:35:00.331000 return data: last bar 2017-04-24 14:30:00 last processed bar 2017-04-24 14:25:00
2 bars requested 2 bars returned
start_idx [(0, Timestamp('2017-04-24 09:35:00'))]
start_ema 2017-04-24 09:45:00 data.dropna() feed returned insufficient data
now 2017-04-24 14:40:00.759000 return data: last bar 2017-04-24 14:35:00 last processed bar 2017-04-24 14:30:00
2 bars requested 2 bars returned
start_idx [(0, Timestamp('2017-04-24 09:35:00'))]
start_ema 2017-04-24 09:45:00 data.dropna() feed returned insufficient data
now 2017-04-24 14:45:00.602000 return data: last bar 2017-04-24 14:45:00 last processed bar 2017-04-24 14:35:00
2 bars requested 2 bars returned
start_idx [(0, Timestamp('2017-04-24 09:35:00'))]
start_ema 2017-04-24 09:45:00 data.dropna() feed returned insufficient data
now 2017-04-24 14:50:00.792000 return data: last bar 2017-04-24 14:50:00 last processed bar 2017-04-24 14:45:00
2 bars requested 2 bars returned
start_idx [(0, Timestamp('2017-04-24 09:35:00'))]
start_ema 2017-04-24 09:45:00 data.dropna() feed returned insufficient data
now 2017-04-24 14:55:00.803000 return None: last bar 2017-04-24 14:50:00 last processed bar 2017-04-24 14:50:00
2 bars requested None returned
JUNO getFeed did not return any data! last bar: 2017-04-24 14:50:00 now: 14:55:01.817000
now 2017-04-24 15:00:00.788000 return data: last bar 2017-04-24 15:00:00 last processed bar 2017-04-24 14:50:00
2 bars requested 2 bars returned
start_idx [(0, Timestamp('2017-04-24 09:35:00'))]
start_ema 2017-04-24 09:45:00 data.dropna() feed returned insufficient data
now 2017-04-24 15:05:00.928000 return None: last bar 2017-04-24 15:00:00 last processed bar 2017-04-24 15:00:00
2 bars requested None returned
JUNO getFeed did not return any data! last bar: 2017-04-24 15:00:00 now: 15:05:01.435000
now 2017-04-24 15:10:00.938000 return data: last bar 2017-04-24 15:05:00 last processed bar 2017-04-24 15:00:00
2 bars requested 2 bars returned
start_idx [(0, Timestamp('2017-04-24 09:35:00'))]
start_ema 2017-04-24 09:45:00 data.dropna() feed returned insufficient data
now 2017-04-24 15:15:00.640000 return data: last bar 2017-04-24 15:15:00 last processed bar 2017-04-24 15:05:00
2 bars requested 2 bars returned
start_idx [(0, Timestamp('2017-04-24 09:35:00'))]
start_ema 2017-04-24 09:45:00 data.dropna() feed returned insufficient data
now 2017-04-24 15:20:00.645000 return None: last bar 2017-04-24 15:15:00 last processed bar 2017-04-24 15:15:00
2 bars requested None returned
JUNO getFeed did not return any data! last bar: 2017-04-24 15:15:00 now: 15:20:01.041000
now 2017-04-24 15:25:00.093000 return data: last bar 2017-04-24 15:20:00 last processed bar 2017-04-24 15:15:00
2 bars requested 2 bars returned
start_idx [(0, Timestamp('2017-04-24 09:35:00'))]
start_ema 2017-04-24 09:45:00 data.dropna() feed returned insufficient data
now 2017-04-24 15:30:00.238000 return data: last bar 2017-04-24 15:25:00 last processed bar 2017-04-24 15:20:00
2 bars requested 2 bars returned
start_idx [(0, Timestamp('2017-04-24 09:35:00'))]
start_ema 2017-04-24 09:45:00 data.dropna() feed returned insufficient data
now 2017-04-24 15:35:00.597000 return data: last bar 2017-04-24 15:30:00 last processed bar 2017-04-24 15:25:00
2 bars requested 2 bars returned
start_idx [(0, Timestamp('2017-04-24 09:35:00'))]
start_ema 2017-04-24 09:45:00 data.dropna() feed returned insufficient data
now 2017-04-24 15:40:00.908000 return data: last bar 2017-04-24 15:35:00 last processed bar 2017-04-24 15:30:00
2 bars requested 2 bars returned
start_idx [(0, Timestamp('2017-04-24 09:35:00'))]
start_ema 2017-04-24 09:45:00 data.dropna() feed returned insufficient data
now 2017-04-24 15:45:00.902000 return data: last bar 2017-04-24 15:40:00 last processed bar 2017-04-24 15:35:00
2 bars requested 2 bars returned
start_idx [(0, Timestamp('2017-04-24 09:35:00'))]
start_ema 2017-04-24 09:45:00 data.dropna() feed returned insufficient data
now 2017-04-24 15:50:00.167000 return data: last bar 2017-04-24 15:45:00 last processed bar 2017-04-24 15:40:00
2 bars requested 2 bars returned
start_idx [(0, Timestamp('2017-04-24 09:35:00'))]
start_ema 2017-04-24 09:45:00 data.dropna() feed returned insufficient data
now 2017-04-24 15:55:00.289000
