return data: last bar 2017-04-27 09:35:00 last processed bar 1000-01-01 00:00:00
596 bars requested 596 bars returned
start_idx [(595, Timestamp('2017-04-27 09:35:00'))]
start_ema 2017-04-27 08:00:00 start_vwap 2017-04-27 09:35:00 last_bar 2017-04-27 09:35:00 ET:  0.01  minutes
now 2017-04-27 09:45:01.518000 return None: last bar 2017-04-27 09:35:00 last processed bar 2017-04-27 09:35:00
KND getFeed did not return any data! last bar: 2017-04-27 09:35:00 now: 09:45:02.452000
now 2017-04-27 09:50:00.852000 return data: last bar 2017-04-27 09:40:00 last processed bar 2017-04-27 09:35:00
596 bars requested 596 bars returned
start_idx [(594, Timestamp('2017-04-27 09:35:00'))]
start_ema 2017-04-27 08:00:00 start_vwap 2017-04-27 09:35:00 last_bar 2017-04-27 09:40:00 Writing to ./data/KND_livesignals_20170427_09_40_23.csv ./data/KND_last.csv
ET:  0.08  minutes
now 2017-04-27 09:55:01.171000 return data: last bar 2017-04-27 09:45:00 last processed bar 2017-04-27 09:40:00
596 bars requested 596 bars returned
start_idx [(593, Timestamp('2017-04-27 09:35:00'))]
start_ema 2017-04-27 08:00:00 start_vwap 2017-04-27 09:35:00 last_bar 2017-04-27 09:45:00 Writing to ./data/KND_livesignals_20170427_09_40_23.csv ./data/KND_last.csv
ET:  0.08  minutes
now 2017-04-27 10:00:02.822000 return data: last bar 2017-04-27 09:50:00 last processed bar 2017-04-27 09:45:00
596 bars requested 596 bars returned
start_idx [(592, Timestamp('2017-04-27 09:35:00'))]
start_ema 2017-04-27 08:00:00 start_vwap 2017-04-27 09:35:00 last_bar 2017-04-27 09:50:00 Writing to ./data/KND_livesignals_20170427_09_40_23.csv ./data/KND_last.csv
ET:  0.06  minutes
now 2017-04-27 10:05:01.149000 return data: last bar 2017-04-27 09:55:00 last processed bar 2017-04-27 09:50:00
596 bars requested 596 bars returned
start_idx [(591, Timestamp('2017-04-27 09:35:00'))]
start_ema 2017-04-27 08:00:00 start_vwap 2017-04-27 09:35:00 last_bar 2017-04-27 09:55:00 Writing to ./data/KND_livesignals_20170427_09_40_23.csv ./data/KND_last.csv
ET:  0.08  minutes
now 2017-04-27 10:10:00.093000 return data: last bar 2017-04-27 10:00:00 last processed bar 2017-04-27 09:55:00
596 bars requested 596 bars returned
start_idx [(590, Timestamp('2017-04-27 09:35:00'))]
start_ema 2017-04-27 08:00:00 start_vwap 2017-04-27 09:35:00 last_bar 2017-04-27 10:00:00 Writing to ./data/KND_livesignals_20170427_09_40_23.csv ./data/KND_last.csv
ET:  0.11  minutes
now 2017-04-27 10:15:00.924000 return data: last bar 2017-04-27 10:10:00 last processed bar 2017-04-27 10:00:00
596 bars requested 596 bars returned
start_idx [(588, Timestamp('2017-04-27 09:35:00'))]
start_ema 2017-04-27 08:00:00 start_vwap 2017-04-27 09:35:00 last_bar 2017-04-27 10:10:00 Writing to ./data/KND_livesignals_20170427_09_40_23.csv ./data/KND_last.csv
ET:  0.1  minutes
now 2017-04-27 10:20:02.703000 return data: last bar 2017-04-27 10:15:00 last processed bar 2017-04-27 10:10:00
596 bars requested 596 bars returned
start_idx [(587, Timestamp('2017-04-27 09:35:00'))]
start_ema 2017-04-27 08:00:00 start_vwap 2017-04-27 09:35:00 last_bar 2017-04-27 10:15:00 Writing to ./data/KND_livesignals_20170427_09_40_23.csv ./data/KND_last.csv
ET:  0.06  minutes
now 2017-04-27 10:25:00.560000 return data: last bar 2017-04-27 10:20:00 last processed bar 2017-04-27 10:15:00
596 bars requested 596 bars returned
start_idx [(586, Timestamp('2017-04-27 09:35:00'))]
start_ema 2017-04-27 08:00:00 start_vwap 2017-04-27 09:35:00 last_bar 2017-04-27 10:20:00 Writing to ./data/KND_livesignals_20170427_09_40_23.csv ./data/KND_last.csv
ET:  0.12  minutes
now 2017-04-27 10:30:01.636000 return data: last bar 2017-04-27 10:25:00 last processed bar 2017-04-27 10:20:00
596 bars requested 596 bars returned
start_idx [(585, Timestamp('2017-04-27 09:35:00'))]
start_ema 2017-04-27 08:00:00 start_vwap 2017-04-27 09:35:00 last_bar 2017-04-27 10:25:00 Writing to ./data/KND_livesignals_20170427_09_40_23.csv ./data/KND_last.csv
ET:  0.09  minutes
now 2017-04-27 10:35:00.005000 return data: last bar 2017-04-27 10:30:00 last processed bar 2017-04-27 10:25:00
596 bars requested 596 bars returned
start_idx [(584, Timestamp('2017-04-27 09:35:00'))]
start_ema 2017-04-27 08:00:00 start_vwap 2017-04-27 09:35:00 last_bar 2017-04-27 10:30:00 Writing to ./data/KND_livesignals_20170427_09_40_23.csv ./data/KND_last.csv
ET:  0.13  minutes
now 2017-04-27 10:40:02.022000 return data: last bar 2017-04-27 10:35:00 last processed bar 2017-04-27 10:30:00
596 bars requested 596 bars returned
start_idx [(583, Timestamp('2017-04-27 09:35:00'))]
start_ema 2017-04-27 08:00:00 start_vwap 2017-04-27 09:35:00 last_bar 2017-04-27 10:35:00 Writing to ./data/KND_livesignals_20170427_09_40_23.csv ./data/KND_last.csv
ET:  0.09  minutes
now 2017-04-27 10:45:01.422000 return data: last bar 2017-04-27 10:40:00 last processed bar 2017-04-27 10:35:00
596 bars requested 596 bars returned
start_idx [(582, Timestamp('2017-04-27 09:35:00'))]
start_ema 2017-04-27 08:00:00 start_vwap 2017-04-27 09:35:00 last_bar 2017-04-27 10:40:00 Writing to ./data/KND_livesignals_20170427_09_40_23.csv ./data/KND_last.csv
ET:  0.1  minutes
now 2017-04-27 10:50:00.193000 return data: last bar 2017-04-27 10:45:00 last processed bar 2017-04-27 10:40:00
596 bars requested 596 bars returned
start_idx [(581, Timestamp('2017-04-27 09:35:00'))]
start_ema 2017-04-27 08:00:00 start_vwap 2017-04-27 09:35:00 last_bar 2017-04-27 10:45:00 Writing to ./data/KND_livesignals_20170427_09_40_23.csv ./data/KND_last.csv
ET:  0.13  minutes
now 2017-04-27 10:55:02.768000 return data: last bar 2017-04-27 10:50:00 last processed bar 2017-04-27 10:45:00
596 bars requested 596 bars returned
start_idx [(580, Timestamp('2017-04-27 09:35:00'))]
start_ema 2017-04-27 08:00:00 start_vwap 2017-04-27 09:35:00 last_bar 2017-04-27 10:50:00 Writing to ./data/KND_livesignals_20170427_09_40_23.csv ./data/KND_last.csv
ET:  0.08  minutes
now 2017-04-27 11:00:00.823000 return data: last bar 2017-04-27 10:55:00 last processed bar 2017-04-27 10:50:00
596 bars requested 596 bars returned
start_idx [(579, Timestamp('2017-04-27 09:35:00'))]
start_ema 2017-04-27 08:00:00 start_vwap 2017-04-27 09:35:00 last_bar 2017-04-27 10:55:00 Writing to ./data/KND_livesignals_20170427_09_40_23.csv ./data/KND_last.csv
ET:  0.14  minutes
now 2017-04-27 11:05:00.508000 return data: last bar 2017-04-27 11:00:00 last processed bar 2017-04-27 10:55:00
596 bars requested 596 bars returned
start_idx [(578, Timestamp('2017-04-27 09:35:00'))]
start_ema 2017-04-27 08:00:00 start_vwap 2017-04-27 09:35:00 last_bar 2017-04-27 11:00:00 Writing to ./data/KND_livesignals_20170427_09_40_23.csv ./data/KND_last.csv
ET:  0.11  minutes
now 2017-04-27 11:10:01.692000 return data: last bar 2017-04-27 11:05:00 last processed bar 2017-04-27 11:00:00
596 bars requested 596 bars returned
start_idx [(577, Timestamp('2017-04-27 09:35:00'))]
start_ema 2017-04-27 08:00:00 start_vwap 2017-04-27 09:35:00 last_bar 2017-04-27 11:05:00 Writing to ./data/KND_livesignals_20170427_09_40_23.csv ./data/KND_last.csv
ET:  0.11  minutes
now 2017-04-27 11:15:01.040000 return data: last bar 2017-04-27 11:10:00 last processed bar 2017-04-27 11:05:00
596 bars requested 596 bars returned
start_idx [(576, Timestamp('2017-04-27 09:35:00'))]
start_ema 2017-04-27 08:00:00 start_vwap 2017-04-27 09:35:00 last_bar 2017-04-27 11:10:00 Writing to ./data/KND_livesignals_20170427_09_40_23.csv ./data/KND_last.csv
ET:  0.1  minutes
now 2017-04-27 11:20:00.164000 return data: last bar 2017-04-27 11:15:00 last processed bar 2017-04-27 11:10:00
596 bars requested 596 bars returned
start_idx [(575, Timestamp('2017-04-27 09:35:00'))]
start_ema 2017-04-27 08:00:00 start_vwap 2017-04-27 09:35:00 last_bar 2017-04-27 11:15:00 Writing to ./data/KND_livesignals_20170427_09_40_23.csv ./data/KND_last.csv
ET:  0.12  minutes
now 2017-04-27 11:25:00.359000 return data: last bar 2017-04-27 11:20:00 last processed bar 2017-04-27 11:15:00
596 bars requested 596 bars returned
start_idx [(574, Timestamp('2017-04-27 09:35:00'))]
start_ema 2017-04-27 08:00:00 start_vwap 2017-04-27 09:35:00 last_bar 2017-04-27 11:20:00 Writing to ./data/KND_livesignals_20170427_09_40_23.csv ./data/KND_last.csv
ET:  0.13  minutes
now 2017-04-27 11:30:00.122000 return data: last bar 2017-04-27 11:25:00 last processed bar 2017-04-27 11:20:00
2 bars requested 2 bars returned
start_idx [(0, Timestamp('2017-04-27 09:35:00'))]
start_ema 2017-04-27 09:50:00 data.dropna() feed returned insufficient data
now 2017-04-27 11:35:00.507000 return data: last bar 2017-04-27 11:35:00 last processed bar 2017-04-27 11:25:00
2 bars requested 2 bars returned
start_idx [(0, Timestamp('2017-04-27 09:35:00'))]
start_ema 2017-04-27 09:50:00 data.dropna() feed returned insufficient data
now 2017-04-27 11:40:00.398000 return None: last bar 2017-04-27 11:35:00 last processed bar 2017-04-27 11:35:00
2 bars requested None returned
KND getFeed did not return any data! last bar: 2017-04-27 11:35:00 now: 11:40:00.499000
now 2017-04-27 11:45:00.627000 return data: last bar 2017-04-27 11:40:00 last processed bar 2017-04-27 11:35:00
596 bars requested 596 bars returned
start_idx [(570, Timestamp('2017-04-27 09:35:00'))]
start_ema 2017-04-27 08:00:00 start_vwap 2017-04-27 09:35:00 last_bar 2017-04-27 11:40:00 Writing to ./data/KND_livesignals_20170427_09_40_23.csv ./data/KND_last.csv
ET:  0.1  minutes
now 2017-04-27 11:50:01.021000 return data: last bar 2017-04-27 11:45:00 last processed bar 2017-04-27 11:40:00
2 bars requested 2 bars returned
start_idx [(0, Timestamp('2017-04-27 09:35:00'))]
start_ema 2017-04-27 09:55:00 data.dropna() feed returned insufficient data
now 2017-04-27 11:55:00.352000 return data: last bar 2017-04-27 11:50:00 last processed bar 2017-04-27 11:45:00
2 bars requested 2 bars returned
start_idx [(0, Timestamp('2017-04-27 09:35:00'))]
start_ema 2017-04-27 09:55:00 data.dropna() feed returned insufficient data
now 2017-04-27 12:00:01.666000 return data: last bar 2017-04-27 11:55:00 last processed bar 2017-04-27 11:50:00
2 bars requested 2 bars returned
start_idx [(0, Timestamp('2017-04-27 09:35:00'))]
start_ema 2017-04-27 09:55:00 data.dropna() feed returned insufficient data
now 2017-04-27 12:05:00.589000 return data: last bar 2017-04-27 12:00:00 last processed bar 2017-04-27 11:55:00
2 bars requested 2 bars returned
start_idx [(0, Timestamp('2017-04-27 09:35:00'))]
start_ema 2017-04-27 09:55:00 data.dropna() feed returned insufficient data
now 2017-04-27 12:10:00.582000 return data: last bar 2017-04-27 12:05:00 last processed bar 2017-04-27 12:00:00
2 bars requested 2 bars returned
start_idx [(0, Timestamp('2017-04-27 09:35:00'))]
start_ema 2017-04-27 09:55:00 data.dropna() feed returned insufficient data
now 2017-04-27 12:15:01.271000 return data: last bar 2017-04-27 12:10:00 last processed bar 2017-04-27 12:05:00
2 bars requested 2 bars returned
start_idx [(0, Timestamp('2017-04-27 09:35:00'))]
start_ema 2017-04-27 09:55:00 data.dropna() feed returned insufficient data
now 2017-04-27 12:20:02.761000 return data: last bar 2017-04-27 12:15:00 last processed bar 2017-04-27 12:10:00
2 bars requested 2 bars returned
start_idx [(0, Timestamp('2017-04-27 09:35:00'))]
start_ema 2017-04-27 09:55:00 data.dropna() feed returned insufficient data
now 2017-04-27 12:25:00.917000 return data: last bar 2017-04-27 12:20:00 last processed bar 2017-04-27 12:15:00
2 bars requested 2 bars returned
start_idx [(0, Timestamp('2017-04-27 09:35:00'))]
start_ema 2017-04-27 09:55:00 data.dropna() feed returned insufficient data
now 2017-04-27 12:30:00.593000 return data: last bar 2017-04-27 12:25:00 last processed bar 2017-04-27 12:20:00
2 bars requested 2 bars returned
start_idx [(0, Timestamp('2017-04-27 09:35:00'))]
start_ema 2017-04-27 09:55:00 data.dropna() feed returned insufficient data
now 2017-04-27 12:35:00.869000 return data: last bar 2017-04-27 12:30:00 last processed bar 2017-04-27 12:25:00
2 bars requested 2 bars returned
start_idx [(0, Timestamp('2017-04-27 09:35:00'))]
start_ema 2017-04-27 09:55:00 data.dropna() feed returned insufficient data
now 2017-04-27 12:40:00.350000 return data: last bar 2017-04-27 12:35:00 last processed bar 2017-04-27 12:30:00
2 bars requested 2 bars returned
start_idx [(0, Timestamp('2017-04-27 09:35:00'))]
start_ema 2017-04-27 09:55:00 data.dropna() feed returned insufficient data
now 2017-04-27 12:45:02.753000 return data: last bar 2017-04-27 12:40:00 last processed bar 2017-04-27 12:35:00
2 bars requested 2 bars returned
start_idx [(0, Timestamp('2017-04-27 09:35:00'))]
start_ema 2017-04-27 09:55:00 data.dropna() feed returned insufficient data
now 2017-04-27 12:50:02.254000 return data: last bar 2017-04-27 12:45:00 last processed bar 2017-04-27 12:40:00
2 bars requested 2 bars returned
start_idx [(0, Timestamp('2017-04-27 09:35:00'))]
start_ema 2017-04-27 09:55:00 data.dropna() feed returned insufficient data
now 2017-04-27 12:55:01.788000 return data: last bar 2017-04-27 12:50:00 last processed bar 2017-04-27 12:45:00
2 bars requested 2 bars returned
start_idx [(0, Timestamp('2017-04-27 09:35:00'))]
start_ema 2017-04-27 09:55:00 data.dropna() feed returned insufficient data
now 2017-04-27 13:00:00.379000 return data: last bar 2017-04-27 12:55:00 last processed bar 2017-04-27 12:50:00
2 bars requested 2 bars returned
start_idx [(0, Timestamp('2017-04-27 09:35:00'))]
start_ema 2017-04-27 09:55:00 data.dropna() feed returned insufficient data
now 2017-04-27 13:05:01.081000 return data: last bar 2017-04-27 13:00:00 last processed bar 2017-04-27 12:55:00
2 bars requested 2 bars returned
start_idx [(0, Timestamp('2017-04-27 09:35:00'))]
start_ema 2017-04-27 09:55:00 data.dropna() feed returned insufficient data
now 2017-04-27 13:10:00.690000 return data: last bar 2017-04-27 13:05:00 last processed bar 2017-04-27 13:00:00
2 bars requested 2 bars returned
start_idx [(0, Timestamp('2017-04-27 09:35:00'))]
start_ema 2017-04-27 09:55:00 data.dropna() feed returned insufficient data
now 2017-04-27 13:15:01.940000 return data: last bar 2017-04-27 13:10:00 last processed bar 2017-04-27 13:05:00
2 bars requested 2 bars returned
start_idx [(0, Timestamp('2017-04-27 09:35:00'))]
start_ema 2017-04-27 09:55:00 data.dropna() feed returned insufficient data
now 2017-04-27 13:20:00.195000 return data: last bar 2017-04-27 13:15:00 last processed bar 2017-04-27 13:10:00
2 bars requested 2 bars returned
start_idx [(0, Timestamp('2017-04-27 09:35:00'))]
start_ema 2017-04-27 09:55:00 data.dropna() feed returned insufficient data
now 2017-04-27 13:25:00.601000 return data: last bar 2017-04-27 13:20:00 last processed bar 2017-04-27 13:15:00
2 bars requested 2 bars returned
start_idx [(0, Timestamp('2017-04-27 09:35:00'))]
start_ema 2017-04-27 09:55:00 data.dropna() feed returned insufficient data
now 2017-04-27 13:30:00.294000 return data: last bar 2017-04-27 13:25:00 last processed bar 2017-04-27 13:20:00
2 bars requested 2 bars returned
start_idx [(0, Timestamp('2017-04-27 09:35:00'))]
start_ema 2017-04-27 09:55:00 data.dropna() feed returned insufficient data
now 2017-04-27 13:35:00.409000 return data: last bar 2017-04-27 13:30:00 last processed bar 2017-04-27 13:25:00
2 bars requested 2 bars returned
start_idx [(0, Timestamp('2017-04-27 09:35:00'))]
start_ema 2017-04-27 09:55:00 data.dropna() feed returned insufficient data
now 2017-04-27 13:40:00.543000 return data: last bar 2017-04-27 13:35:00 last processed bar 2017-04-27 13:30:00
2 bars requested 2 bars returned
start_idx [(0, Timestamp('2017-04-27 09:35:00'))]
start_ema 2017-04-27 09:55:00 data.dropna() feed returned insufficient data
now 2017-04-27 13:45:03.234000 return data: last bar 2017-04-27 13:40:00 last processed bar 2017-04-27 13:35:00
2 bars requested 2 bars returned
start_idx [(0, Timestamp('2017-04-27 09:35:00'))]
start_ema 2017-04-27 09:55:00 data.dropna() feed returned insufficient data
now 2017-04-27 13:50:04.261000 return data: last bar 2017-04-27 13:45:00 last processed bar 2017-04-27 13:40:00
2 bars requested 2 bars returned
start_idx [(0, Timestamp('2017-04-27 09:35:00'))]
start_ema 2017-04-27 09:55:00 data.dropna() feed returned insufficient data
now 2017-04-27 13:55:00.757000 return data: last bar 2017-04-27 13:50:00 last processed bar 2017-04-27 13:45:00
2 bars requested 2 bars returned
start_idx [(0, Timestamp('2017-04-27 09:35:00'))]
start_ema 2017-04-27 09:55:00 data.dropna() feed returned insufficient data
now 2017-04-27 14:00:00.094000 return data: last bar 2017-04-27 13:55:00 last processed bar 2017-04-27 13:50:00
2 bars requested 2 bars returned
start_idx [(0, Timestamp('2017-04-27 09:35:00'))]
start_ema 2017-04-27 09:55:00 data.dropna() feed returned insufficient data
now 2017-04-27 14:05:04.472000 return data: last bar 2017-04-27 14:00:00 last processed bar 2017-04-27 13:55:00
2 bars requested 2 bars returned
start_idx [(0, Timestamp('2017-04-27 09:35:00'))]
start_ema 2017-04-27 09:55:00 data.dropna() feed returned insufficient data
now 2017-04-27 14:10:01.984000 return data: last bar 2017-04-27 14:05:00 last processed bar 2017-04-27 14:00:00
2 bars requested 2 bars returned
start_idx [(0, Timestamp('2017-04-27 09:35:00'))]
start_ema 2017-04-27 09:55:00 data.dropna() feed returned insufficient data
now 2017-04-27 14:15:00.691000 return data: last bar 2017-04-27 14:10:00 last processed bar 2017-04-27 14:05:00
2 bars requested 2 bars returned
start_idx [(0, Timestamp('2017-04-27 09:35:00'))]
start_ema 2017-04-27 09:55:00 data.dropna() feed returned insufficient data
now 2017-04-27 14:20:01.605000 return data: last bar 2017-04-27 14:15:00 last processed bar 2017-04-27 14:10:00
2 bars requested 2 bars returned
start_idx [(0, Timestamp('2017-04-27 09:35:00'))]
start_ema 2017-04-27 09:55:00 data.dropna() feed returned insufficient data
now 2017-04-27 14:25:00.438000 return data: last bar 2017-04-27 14:20:00 last processed bar 2017-04-27 14:15:00
2 bars requested 2 bars returned
start_idx [(0, Timestamp('2017-04-27 09:35:00'))]
start_ema 2017-04-27 09:55:00 data.dropna() feed returned insufficient data
now 2017-04-27 14:30:04.712000 return data: last bar 2017-04-27 14:25:00 last processed bar 2017-04-27 14:20:00
2 bars requested 2 bars returned
start_idx [(0, Timestamp('2017-04-27 09:35:00'))]
start_ema 2017-04-27 09:55:00 data.dropna() feed returned insufficient data
now 2017-04-27 14:35:01.035000 return data: last bar 2017-04-27 14:30:00 last processed bar 2017-04-27 14:25:00
2 bars requested 2 bars returned
start_idx [(0, Timestamp('2017-04-27 09:35:00'))]
start_ema 2017-04-27 09:55:00 data.dropna() feed returned insufficient data
now 2017-04-27 14:40:01.221000 return data: last bar 2017-04-27 14:35:00 last processed bar 2017-04-27 14:30:00
2 bars requested 2 bars returned
start_idx [(0, Timestamp('2017-04-27 09:35:00'))]
start_ema 2017-04-27 09:55:00 data.dropna() feed returned insufficient data
now 2017-04-27 14:45:00.562000 return data: last bar 2017-04-27 14:40:00 last processed bar 2017-04-27 14:35:00
2 bars requested 2 bars returned
start_idx [(0, Timestamp('2017-04-27 09:35:00'))]
start_ema 2017-04-27 09:55:00 data.dropna() feed returned insufficient data
now 2017-04-27 14:50:05.271000 return data: last bar 2017-04-27 14:50:00 last processed bar 2017-04-27 14:40:00
2 bars requested 2 bars returned
start_idx [(0, Timestamp('2017-04-27 09:35:00'))]
start_ema 2017-04-27 09:55:00 data.dropna() feed returned insufficient data
now 2017-04-27 14:55:01.995000 return None: last bar 2017-04-27 14:50:00 last processed bar 2017-04-27 14:50:00
2 bars requested None returned
KND getFeed did not return any data! last bar: 2017-04-27 14:50:00 now: 14:55:04.295000
now 2017-04-27 15:00:01.673000 return data: last bar 2017-04-27 14:55:00 last processed bar 2017-04-27 14:50:00
596 bars requested 596 bars returned
start_idx [(531, Timestamp('2017-04-27 09:35:00'))]
start_ema 2017-04-27 08:00:00 start_vwap 2017-04-27 09:35:00 last_bar 2017-04-27 14:55:00 Writing to ./data/KND_livesignals_20170427_09_40_23.csv ./data/KND_last.csv
ET:  0.07  minutes
now 2017-04-27 15:05:02.329000 return data: last bar 2017-04-27 15:00:00 last processed bar 2017-04-27 14:55:00
2 bars requested 2 bars returned
start_idx [(0, Timestamp('2017-04-27 09:35:00'))]
start_ema 2017-04-27 10:00:00 data.dropna() feed returned insufficient data
now 2017-04-27 15:10:00.025000 return data: last bar 2017-04-27 15:05:00 last processed bar 2017-04-27 15:00:00
2 bars requested 2 bars returned
start_idx [(0, Timestamp('2017-04-27 09:35:00'))]
start_ema 2017-04-27 10:00:00 data.dropna() feed returned insufficient data
now 2017-04-27 15:10:04.879000 return None: last bar 2017-04-27 15:05:00 last processed bar 2017-04-27 15:05:00
2 bars requested None returned
KND getFeed did not return any data! last bar: 2017-04-27 15:05:00 now: 15:10:04.965000
now 2017-04-27 15:15:01.666000 return data: last bar 2017-04-27 15:10:00 last processed bar 2017-04-27 15:05:00
596 bars requested 596 bars returned
start_idx [(528, Timestamp('2017-04-27 09:35:00'))]
start_ema 2017-04-27 08:00:00 start_vwap 2017-04-27 09:35:00 last_bar 2017-04-27 15:10:00 Writing to ./data/KND_livesignals_20170427_09_40_23.csv ./data/KND_last.csv
ET:  0.08  minutes
now 2017-04-27 15:20:01.853000 return data: last bar 2017-04-27 15:15:00 last processed bar 2017-04-27 15:10:00
2 bars requested 2 bars returned
start_idx [(0, Timestamp('2017-04-27 09:35:00'))]
start_ema 2017-04-27 10:10:00 data.dropna() feed returned insufficient data
now 2017-04-27 15:25:05.383000 return data: last bar 2017-04-27 15:20:00 last processed bar 2017-04-27 15:15:00
2 bars requested 2 bars returned
start_idx [(0, Timestamp('2017-04-27 09:35:00'))]
start_ema 2017-04-27 10:10:00 data.dropna() feed returned insufficient data
now 2017-04-27 15:30:03.030000 return data: last bar 2017-04-27 15:25:00 last processed bar 2017-04-27 15:20:00
2 bars requested 2 bars returned
start_idx [(0, Timestamp('2017-04-27 09:35:00'))]
start_ema 2017-04-27 10:10:00 data.dropna() feed returned insufficient data
now 2017-04-27 15:35:00.883000 return data: last bar 2017-04-27 15:30:00 last processed bar 2017-04-27 15:25:00
2 bars requested 2 bars returned
start_idx [(0, Timestamp('2017-04-27 09:35:00'))]
start_ema 2017-04-27 10:10:00 data.dropna() feed returned insufficient data
now 2017-04-27 15:40:00.436000 return data: last bar 2017-04-27 15:35:00 last processed bar 2017-04-27 15:30:00
2 bars requested 2 bars returned
start_idx [(0, Timestamp('2017-04-27 09:35:00'))]
start_ema 2017-04-27 10:10:00 data.dropna() feed returned insufficient data
now 2017-04-27 15:45:00.832000 return data: last bar 2017-04-27 15:40:00 last processed bar 2017-04-27 15:35:00
2 bars requested 2 bars returned
start_idx [(0, Timestamp('2017-04-27 09:35:00'))]
start_ema 2017-04-27 10:10:00 data.dropna() feed returned insufficient data
now 2017-04-27 15:50:00.945000 return data: last bar 2017-04-27 15:45:00 last processed bar 2017-04-27 15:40:00
2 bars requested 2 bars returned
start_idx [(0, Timestamp('2017-04-27 09:35:00'))]
start_ema 2017-04-27 10:10:00 data.dropna() feed returned insufficient data
now 2017-04-27 15:55:01.798000
