return data: last bar 2017-04-24 10:30:00 last processed bar 1000-01-01 00:00:00
start_idx [(583, Timestamp('2017-04-24 09:35:00'))]
start_ema 2017-04-24 08:00:00 start_vwap 2017-04-24 09:35:00 last_bar 2017-04-24 10:30:00 ET:  0.02  minutes
now 2017-04-24 10:35:01.621000 return None: last bar 2017-04-24 10:30:00 last processed bar 2017-04-24 10:30:00
KS getFeed did not return any data! last bar: 2017-04-24 10:30:00 now: 10:35:15.726000
now 2017-04-24 10:40:01.373000 return data: last bar 2017-04-24 10:35:00 last processed bar 2017-04-24 10:30:00
start_idx [(582, Timestamp('2017-04-24 09:35:00'))]
start_ema 2017-04-24 08:00:00 start_vwap 2017-04-24 09:35:00 last_bar 2017-04-24 10:35:00 Writing to ./data/KS_livesignals_20170424_10_32_56.csv ./data/KS_last.csv
ET:  0.25  minutes
now 2017-04-24 10:45:01.612000 ConnectionTimeout caused by - ReadTimeoutError(HTTPConnectionPool(host=u'localhost', port=9200): Read timed out. (read timeout=10))
KS getFeed did not return any data! last bar: 2017-04-24 10:35:00 now: 10:45:15.956000
now 2017-04-24 10:50:00.456000 return data: last bar 2017-04-24 10:45:00 last processed bar 2017-04-24 10:35:00
start_idx [(580, Timestamp('2017-04-24 09:35:00'))]
start_ema 2017-04-24 08:00:00 start_vwap 2017-04-24 09:35:00 last_bar 2017-04-24 10:45:00 Writing to ./data/KS_livesignals_20170424_10_32_56.csv ./data/KS_last.csv
ET:  0.25  minutes
now 2017-04-24 10:55:02.303000 return data: last bar 2017-04-24 10:50:00 last processed bar 2017-04-24 10:45:00
start_idx [(579, Timestamp('2017-04-24 09:35:00'))]
start_ema 2017-04-24 08:00:00 start_vwap 2017-04-24 09:35:00 last_bar 2017-04-24 10:50:00 Writing to ./data/KS_livesignals_20170424_10_32_56.csv ./data/KS_last.csv
ET:  0.23  minutes
now 2017-04-24 11:00:00.221000 return data: last bar 2017-04-24 10:55:00 last processed bar 2017-04-24 10:50:00
start_idx [(578, Timestamp('2017-04-24 09:35:00'))]
start_ema 2017-04-24 08:00:00 start_vwap 2017-04-24 09:35:00 last_bar 2017-04-24 10:55:00 Writing to ./data/KS_livesignals_20170424_10_32_56.csv ./data/KS_last.csv
ET:  0.28  minutes
now 2017-04-24 11:05:00.886000 return data: last bar 2017-04-24 11:00:00 last processed bar 2017-04-24 10:55:00
start_idx [(577, Timestamp('2017-04-24 09:35:00'))]
start_ema 2017-04-24 08:00:00 start_vwap 2017-04-24 09:35:00 last_bar 2017-04-24 11:00:00 Writing to ./data/KS_livesignals_20170424_10_32_56.csv ./data/KS_last.csv
ET:  0.26  minutes
now 2017-04-24 11:10:01.026000 return data: last bar 2017-04-24 11:05:00 last processed bar 2017-04-24 11:00:00
start_idx [(576, Timestamp('2017-04-24 09:35:00'))]
start_ema 2017-04-24 08:00:00 start_vwap 2017-04-24 09:35:00 last_bar 2017-04-24 11:05:00 Writing to ./data/KS_livesignals_20170424_10_32_56.csv ./data/KS_last.csv
ET:  0.23  minutes
now 2017-04-24 11:15:01.320000 return data: last bar 2017-04-24 11:10:00 last processed bar 2017-04-24 11:05:00
start_idx [(575, Timestamp('2017-04-24 09:35:00'))]
start_ema 2017-04-24 08:00:00 start_vwap 2017-04-24 09:35:00 last_bar 2017-04-24 11:10:00 Writing to ./data/KS_livesignals_20170424_10_32_56.csv ./data/KS_last.csv
ET:  0.22  minutes
now 2017-04-24 11:20:01.031000 return data: last bar 2017-04-24 11:15:00 last processed bar 2017-04-24 11:10:00
start_idx [(574, Timestamp('2017-04-24 09:35:00'))]
start_ema 2017-04-24 08:00:00 start_vwap 2017-04-24 09:35:00 last_bar 2017-04-24 11:15:00 Writing to ./data/KS_livesignals_20170424_10_32_56.csv ./data/KS_last.csv
ET:  0.16  minutes
now 2017-04-24 11:25:00.996000 return data: last bar 2017-04-24 11:20:00 last processed bar 2017-04-24 11:15:00
2 bars requested 2 bars returned
start_idx [(0, Timestamp('2017-04-24 09:35:00'))]
start_ema 2017-04-24 09:45:00 data.dropna() feed returned insufficient data
now 2017-04-24 11:30:00.817000 return data: last bar 2017-04-24 11:25:00 last processed bar 2017-04-24 11:20:00
2 bars requested 2 bars returned
start_idx [(0, Timestamp('2017-04-24 09:35:00'))]
start_ema 2017-04-24 09:45:00 data.dropna() feed returned insufficient data
now 2017-04-24 11:35:00.003000 return data: last bar 2017-04-24 11:30:00 last processed bar 2017-04-24 11:25:00
2 bars requested 2 bars returned
start_idx [(0, Timestamp('2017-04-24 09:35:00'))]
start_ema 2017-04-24 09:45:00 data.dropna() feed returned insufficient data
now 2017-04-24 11:40:01.299000 return data: last bar 2017-04-24 11:35:00 last processed bar 2017-04-24 11:30:00
2 bars requested 2 bars returned
start_idx [(0, Timestamp('2017-04-24 09:35:00'))]
start_ema 2017-04-24 09:45:00 data.dropna() feed returned insufficient data
now 2017-04-24 11:45:01.233000 return data: last bar 2017-04-24 11:40:00 last processed bar 2017-04-24 11:35:00
2 bars requested 2 bars returned
start_idx [(0, Timestamp('2017-04-24 09:35:00'))]
start_ema 2017-04-24 09:45:00 data.dropna() feed returned insufficient data
now 2017-04-24 11:50:00.456000 return data: last bar 2017-04-24 11:45:00 last processed bar 2017-04-24 11:40:00
2 bars requested 2 bars returned
start_idx [(0, Timestamp('2017-04-24 09:35:00'))]
start_ema 2017-04-24 09:45:00 data.dropna() feed returned insufficient data
now 2017-04-24 11:55:00.393000 return data: last bar 2017-04-24 11:50:00 last processed bar 2017-04-24 11:45:00
2 bars requested 2 bars returned
start_idx [(0, Timestamp('2017-04-24 09:35:00'))]
start_ema 2017-04-24 09:45:00 data.dropna() feed returned insufficient data
now 2017-04-24 12:00:00.890000 return data: last bar 2017-04-24 11:55:00 last processed bar 2017-04-24 11:50:00
2 bars requested 2 bars returned
start_idx [(0, Timestamp('2017-04-24 09:35:00'))]
start_ema 2017-04-24 09:45:00 data.dropna() feed returned insufficient data
now 2017-04-24 12:05:00.029000 return data: last bar 2017-04-24 12:00:00 last processed bar 2017-04-24 11:55:00
2 bars requested 2 bars returned
start_idx [(0, Timestamp('2017-04-24 09:35:00'))]
start_ema 2017-04-24 09:45:00 data.dropna() feed returned insufficient data
now 2017-04-24 12:10:00.091000 return data: last bar 2017-04-24 12:05:00 last processed bar 2017-04-24 12:00:00
2 bars requested 2 bars returned
start_idx [(0, Timestamp('2017-04-24 09:35:00'))]
start_ema 2017-04-24 09:45:00 data.dropna() feed returned insufficient data
now 2017-04-24 12:15:00.595000 return data: last bar 2017-04-24 12:10:00 last processed bar 2017-04-24 12:05:00
2 bars requested 2 bars returned
start_idx [(0, Timestamp('2017-04-24 09:35:00'))]
start_ema 2017-04-24 09:45:00 data.dropna() feed returned insufficient data
now 2017-04-24 12:20:00.487000 return data: last bar 2017-04-24 12:15:00 last processed bar 2017-04-24 12:10:00
2 bars requested 2 bars returned
start_idx [(0, Timestamp('2017-04-24 09:35:00'))]
start_ema 2017-04-24 09:45:00 data.dropna() feed returned insufficient data
now 2017-04-24 12:25:00.374000 return data: last bar 2017-04-24 12:20:00 last processed bar 2017-04-24 12:15:00
2 bars requested 2 bars returned
start_idx [(0, Timestamp('2017-04-24 09:35:00'))]
start_ema 2017-04-24 09:45:00 data.dropna() feed returned insufficient data
now 2017-04-24 12:30:00.319000 return data: last bar 2017-04-24 12:25:00 last processed bar 2017-04-24 12:20:00
2 bars requested 2 bars returned
start_idx [(0, Timestamp('2017-04-24 09:35:00'))]
start_ema 2017-04-24 09:45:00 data.dropna() feed returned insufficient data
now 2017-04-24 12:35:00.483000 return data: last bar 2017-04-24 12:30:00 last processed bar 2017-04-24 12:25:00
2 bars requested 2 bars returned
start_idx [(0, Timestamp('2017-04-24 09:35:00'))]
start_ema 2017-04-24 09:45:00 data.dropna() feed returned insufficient data
now 2017-04-24 12:40:00.902000 return data: last bar 2017-04-24 12:35:00 last processed bar 2017-04-24 12:30:00
2 bars requested 2 bars returned
start_idx [(0, Timestamp('2017-04-24 09:35:00'))]
start_ema 2017-04-24 09:45:00 data.dropna() feed returned insufficient data
now 2017-04-24 12:45:00.783000 return data: last bar 2017-04-24 12:40:00 last processed bar 2017-04-24 12:35:00
2 bars requested 2 bars returned
start_idx [(0, Timestamp('2017-04-24 09:35:00'))]
start_ema 2017-04-24 09:45:00 data.dropna() feed returned insufficient data
now 2017-04-24 12:50:00.386000 return data: last bar 2017-04-24 12:45:00 last processed bar 2017-04-24 12:40:00
2 bars requested 2 bars returned
start_idx [(0, Timestamp('2017-04-24 09:35:00'))]
start_ema 2017-04-24 09:45:00 data.dropna() feed returned insufficient data
now 2017-04-24 12:55:00.182000 return data: last bar 2017-04-24 12:50:00 last processed bar 2017-04-24 12:45:00
2 bars requested 2 bars returned
start_idx [(0, Timestamp('2017-04-24 09:35:00'))]
start_ema 2017-04-24 09:45:00 data.dropna() feed returned insufficient data
now 2017-04-24 13:00:00.932000 return data: last bar 2017-04-24 12:55:00 last processed bar 2017-04-24 12:50:00
2 bars requested 2 bars returned
start_idx [(0, Timestamp('2017-04-24 09:35:00'))]
start_ema 2017-04-24 09:45:00 data.dropna() feed returned insufficient data
now 2017-04-24 13:05:00.817000 return data: last bar 2017-04-24 13:00:00 last processed bar 2017-04-24 12:55:00
2 bars requested 2 bars returned
start_idx [(0, Timestamp('2017-04-24 09:35:00'))]
start_ema 2017-04-24 09:45:00 data.dropna() feed returned insufficient data
now 2017-04-24 13:10:00.188000 return data: last bar 2017-04-24 13:05:00 last processed bar 2017-04-24 13:00:00
2 bars requested 2 bars returned
start_idx [(0, Timestamp('2017-04-24 09:35:00'))]
start_ema 2017-04-24 09:45:00 data.dropna() feed returned insufficient data
now 2017-04-24 13:15:00.624000 return data: last bar 2017-04-24 13:10:00 last processed bar 2017-04-24 13:05:00
2 bars requested 2 bars returned
start_idx [(0, Timestamp('2017-04-24 09:35:00'))]
start_ema 2017-04-24 09:45:00 data.dropna() feed returned insufficient data
now 2017-04-24 13:20:00.229000 return data: last bar 2017-04-24 13:15:00 last processed bar 2017-04-24 13:10:00
2 bars requested 2 bars returned
start_idx [(0, Timestamp('2017-04-24 09:35:00'))]
start_ema 2017-04-24 09:45:00 data.dropna() feed returned insufficient data
now 2017-04-24 13:25:00.561000 return data: last bar 2017-04-24 13:20:00 last processed bar 2017-04-24 13:15:00
2 bars requested 2 bars returned
start_idx [(0, Timestamp('2017-04-24 09:35:00'))]
start_ema 2017-04-24 09:45:00 data.dropna() feed returned insufficient data
now 2017-04-24 13:30:00.044000 return data: last bar 2017-04-24 13:25:00 last processed bar 2017-04-24 13:20:00
2 bars requested 2 bars returned
start_idx [(0, Timestamp('2017-04-24 09:35:00'))]
start_ema 2017-04-24 09:45:00 data.dropna() feed returned insufficient data
now 2017-04-24 13:35:00.287000 return data: last bar 2017-04-24 13:30:00 last processed bar 2017-04-24 13:25:00
2 bars requested 2 bars returned
start_idx [(0, Timestamp('2017-04-24 09:35:00'))]
start_ema 2017-04-24 09:45:00 data.dropna() feed returned insufficient data
now 2017-04-24 13:40:00.669000 return data: last bar 2017-04-24 13:35:00 last processed bar 2017-04-24 13:30:00
2 bars requested 2 bars returned
start_idx [(0, Timestamp('2017-04-24 09:35:00'))]
start_ema 2017-04-24 09:45:00 data.dropna() feed returned insufficient data
now 2017-04-24 13:45:01.010000 return data: last bar 2017-04-24 13:40:00 last processed bar 2017-04-24 13:35:00
2 bars requested 2 bars returned
start_idx [(0, Timestamp('2017-04-24 09:35:00'))]
start_ema 2017-04-24 09:45:00 data.dropna() feed returned insufficient data
now 2017-04-24 13:50:00.957000 return data: last bar 2017-04-24 13:45:00 last processed bar 2017-04-24 13:40:00
2 bars requested 2 bars returned
start_idx [(0, Timestamp('2017-04-24 09:35:00'))]
start_ema 2017-04-24 09:45:00 data.dropna() feed returned insufficient data
now 2017-04-24 13:55:00.521000 return data: last bar 2017-04-24 13:50:00 last processed bar 2017-04-24 13:45:00
2 bars requested 2 bars returned
start_idx [(0, Timestamp('2017-04-24 09:35:00'))]
start_ema 2017-04-24 09:45:00 data.dropna() feed returned insufficient data
now 2017-04-24 14:00:00.703000 return data: last bar 2017-04-24 13:55:00 last processed bar 2017-04-24 13:50:00
2 bars requested 2 bars returned
start_idx [(0, Timestamp('2017-04-24 09:35:00'))]
start_ema 2017-04-24 09:45:00 data.dropna() feed returned insufficient data
now 2017-04-24 14:05:00.404000 return data: last bar 2017-04-24 14:00:00 last processed bar 2017-04-24 13:55:00
2 bars requested 2 bars returned
start_idx [(0, Timestamp('2017-04-24 09:35:00'))]
start_ema 2017-04-24 09:45:00 data.dropna() feed returned insufficient data
now 2017-04-24 14:10:00.803000 return data: last bar 2017-04-24 14:05:00 last processed bar 2017-04-24 14:00:00
2 bars requested 2 bars returned
start_idx [(0, Timestamp('2017-04-24 09:35:00'))]
start_ema 2017-04-24 09:45:00 data.dropna() feed returned insufficient data
now 2017-04-24 14:15:00.389000 return data: last bar 2017-04-24 14:10:00 last processed bar 2017-04-24 14:05:00
2 bars requested 2 bars returned
start_idx [(0, Timestamp('2017-04-24 09:35:00'))]
start_ema 2017-04-24 09:45:00 data.dropna() feed returned insufficient data
now 2017-04-24 14:20:00.076000 return data: last bar 2017-04-24 14:15:00 last processed bar 2017-04-24 14:10:00
2 bars requested 2 bars returned
start_idx [(0, Timestamp('2017-04-24 09:35:00'))]
start_ema 2017-04-24 09:45:00 data.dropna() feed returned insufficient data
now 2017-04-24 14:20:02.549000 return None: last bar 2017-04-24 14:15:00 last processed bar 2017-04-24 14:15:00
2 bars requested None returned
KS getFeed did not return any data! last bar: 2017-04-24 14:15:00 now: 14:20:02.561000
now 2017-04-24 14:25:01.270000 return data: last bar 2017-04-24 14:20:00 last processed bar 2017-04-24 14:15:00
2 bars requested 2 bars returned
start_idx [(0, Timestamp('2017-04-24 09:35:00'))]
start_ema 2017-04-24 09:45:00 data.dropna() feed returned insufficient data
now 2017-04-24 14:30:00.285000 return data: last bar 2017-04-24 14:25:00 last processed bar 2017-04-24 14:20:00
2 bars requested 2 bars returned
start_idx [(0, Timestamp('2017-04-24 09:35:00'))]
start_ema 2017-04-24 09:45:00 data.dropna() feed returned insufficient data
now 2017-04-24 14:35:00.349000 return data: last bar 2017-04-24 14:30:00 last processed bar 2017-04-24 14:25:00
2 bars requested 2 bars returned
start_idx [(0, Timestamp('2017-04-24 09:35:00'))]
start_ema 2017-04-24 09:45:00 data.dropna() feed returned insufficient data
now 2017-04-24 14:40:00.197000 return data: last bar 2017-04-24 14:35:00 last processed bar 2017-04-24 14:30:00
2 bars requested 2 bars returned
start_idx [(0, Timestamp('2017-04-24 09:35:00'))]
start_ema 2017-04-24 09:45:00 data.dropna() feed returned insufficient data
now 2017-04-24 14:45:00.357000 return data: last bar 2017-04-24 14:40:00 last processed bar 2017-04-24 14:35:00
2 bars requested 2 bars returned
start_idx [(0, Timestamp('2017-04-24 09:35:00'))]
start_ema 2017-04-24 09:45:00 data.dropna() feed returned insufficient data
now 2017-04-24 14:50:00.456000 return data: last bar 2017-04-24 14:45:00 last processed bar 2017-04-24 14:40:00
2 bars requested 2 bars returned
start_idx [(0, Timestamp('2017-04-24 09:35:00'))]
start_ema 2017-04-24 09:45:00 data.dropna() feed returned insufficient data
now 2017-04-24 14:55:00.720000 return data: last bar 2017-04-24 14:50:00 last processed bar 2017-04-24 14:45:00
2 bars requested 2 bars returned
start_idx [(0, Timestamp('2017-04-24 09:35:00'))]
start_ema 2017-04-24 09:45:00 data.dropna() feed returned insufficient data
now 2017-04-24 15:00:00.321000 return data: last bar 2017-04-24 14:55:00 last processed bar 2017-04-24 14:50:00
2 bars requested 2 bars returned
start_idx [(0, Timestamp('2017-04-24 09:35:00'))]
start_ema 2017-04-24 09:45:00 data.dropna() feed returned insufficient data
now 2017-04-24 15:05:01.100000 return data: last bar 2017-04-24 15:00:00 last processed bar 2017-04-24 14:55:00
2 bars requested 2 bars returned
start_idx [(0, Timestamp('2017-04-24 09:35:00'))]
start_ema 2017-04-24 09:45:00 data.dropna() feed returned insufficient data
now 2017-04-24 15:10:00.744000 return data: last bar 2017-04-24 15:05:00 last processed bar 2017-04-24 15:00:00
2 bars requested 2 bars returned
start_idx [(0, Timestamp('2017-04-24 09:35:00'))]
start_ema 2017-04-24 09:45:00 data.dropna() feed returned insufficient data
now 2017-04-24 15:15:00.151000 return data: last bar 2017-04-24 15:10:00 last processed bar 2017-04-24 15:05:00
2 bars requested 2 bars returned
start_idx [(0, Timestamp('2017-04-24 09:35:00'))]
start_ema 2017-04-24 09:45:00 data.dropna() feed returned insufficient data
now 2017-04-24 15:20:00.646000 return data: last bar 2017-04-24 15:15:00 last processed bar 2017-04-24 15:10:00
2 bars requested 2 bars returned
start_idx [(0, Timestamp('2017-04-24 09:35:00'))]
start_ema 2017-04-24 09:45:00 data.dropna() feed returned insufficient data
now 2017-04-24 15:25:00.970000 return data: last bar 2017-04-24 15:20:00 last processed bar 2017-04-24 15:15:00
2 bars requested 2 bars returned
start_idx [(0, Timestamp('2017-04-24 09:35:00'))]
start_ema 2017-04-24 09:45:00 data.dropna() feed returned insufficient data
now 2017-04-24 15:30:00.157000 return data: last bar 2017-04-24 15:25:00 last processed bar 2017-04-24 15:20:00
2 bars requested 2 bars returned
start_idx [(0, Timestamp('2017-04-24 09:35:00'))]
start_ema 2017-04-24 09:45:00 data.dropna() feed returned insufficient data
now 2017-04-24 15:35:00.950000 return data: last bar 2017-04-24 15:30:00 last processed bar 2017-04-24 15:25:00
2 bars requested 2 bars returned
start_idx [(0, Timestamp('2017-04-24 09:35:00'))]
start_ema 2017-04-24 09:45:00 data.dropna() feed returned insufficient data
now 2017-04-24 15:40:00.182000 return data: last bar 2017-04-24 15:35:00 last processed bar 2017-04-24 15:30:00
2 bars requested 2 bars returned
start_idx [(0, Timestamp('2017-04-24 09:35:00'))]
start_ema 2017-04-24 09:45:00 data.dropna() feed returned insufficient data
now 2017-04-24 15:45:00.976000 return data: last bar 2017-04-24 15:40:00 last processed bar 2017-04-24 15:35:00
2 bars requested 2 bars returned
start_idx [(0, Timestamp('2017-04-24 09:35:00'))]
start_ema 2017-04-24 09:45:00 data.dropna() feed returned insufficient data
now 2017-04-24 15:50:00.392000 return data: last bar 2017-04-24 15:45:00 last processed bar 2017-04-24 15:40:00
2 bars requested 2 bars returned
start_idx [(0, Timestamp('2017-04-24 09:35:00'))]
start_ema 2017-04-24 09:45:00 data.dropna() feed returned insufficient data
now 2017-04-24 15:55:01.413000
