Traceback (most recent call last):
  File "./frankenstein.py", line 495, in <module>
    frank.runlive()
  File "./frankenstein.py", line 448, in runlive
    self.check()
  File "./frankenstein.py", line 256, in check
    data = getFeed(self.symbol, self.maxlookback, self.interval)
  File "./frankenstein.py", line 80, in getFeed
    slack.notify(text=txt, channel=slack_channel, username="frankenstein", icon_emoji=":rage:")
  File "d:\anaconda2\lib\site-packages\slackweb\slackweb.py", line 26, in notify
    return self.send(kwargs)
  File "d:\anaconda2\lib\site-packages\slackweb\slackweb.py", line 33, in send
    data = urlencode({"payload": payload_json})
  File "d:\anaconda2\lib\urllib.py", line 1342, in urlencode
    k = quote_plus(str(k))
  File "d:\anaconda2\lib\urllib.py", line 1306, in quote_plus
    return quote(s, safe)
  File "d:\anaconda2\lib\urllib.py", line 1292, in quote
    safe_map = _safe_map.copy()
MemoryError
