return data: last bar 2017-04-27 09:35:00 last processed bar 1000-01-01 00:00:00
MDR: Warning! 596 bars requested 20 bars returned.
start_idx [(19, Timestamp('2017-04-27 09:35:00'))]
start_ema 2017-04-27 08:00:00 start_vwap 2017-04-27 09:35:00 last_bar 2017-04-27 09:35:00 ET:  0.04  minutes
now 2017-04-27 09:45:00.537000 return None: last bar 2017-04-27 09:35:00 last processed bar 2017-04-27 09:35:00
MDR getFeed did not return any data! last bar: 2017-04-27 09:35:00 now: 09:45:00.606000
now 2017-04-27 09:50:03.227000 return data: last bar 2017-04-27 09:40:00 last processed bar 2017-04-27 09:35:00
MDR: Warning! 596 bars requested 21 bars returned.
start_idx [(19, Timestamp('2017-04-27 09:35:00'))]
start_ema 2017-04-27 08:00:00 start_vwap 2017-04-27 09:35:00 last_bar 2017-04-27 09:40:00 Writing to ./data/MDR_livesignals_20170427_09_40_43.csv ./data/MDR_last.csv
ET:  0.06  minutes
now 2017-04-27 09:55:02.691000 return data: last bar 2017-04-27 09:45:00 last processed bar 2017-04-27 09:40:00
MDR: Warning! 596 bars requested 22 bars returned.
start_idx [(19, Timestamp('2017-04-27 09:35:00'))]
start_ema 2017-04-27 08:00:00 start_vwap 2017-04-27 09:35:00 last_bar 2017-04-27 09:45:00 Writing to ./data/MDR_livesignals_20170427_09_40_43.csv ./data/MDR_last.csv
ET:  0.08  minutes
now 2017-04-27 10:00:00.748000 return data: last bar 2017-04-27 09:50:00 last processed bar 2017-04-27 09:45:00
MDR: Warning! 596 bars requested 23 bars returned.
start_idx [(19, Timestamp('2017-04-27 09:35:00'))]
start_ema 2017-04-27 08:00:00 start_vwap 2017-04-27 09:35:00 last_bar 2017-04-27 09:50:00 Writing to ./data/MDR_livesignals_20170427_09_40_43.csv ./data/MDR_last.csv
ET:  0.07  minutes
now 2017-04-27 10:05:02.003000 return data: last bar 2017-04-27 09:55:00 last processed bar 2017-04-27 09:50:00
MDR: Warning! 596 bars requested 24 bars returned.
start_idx [(19, Timestamp('2017-04-27 09:35:00'))]
start_ema 2017-04-27 08:00:00 start_vwap 2017-04-27 09:35:00 last_bar 2017-04-27 09:55:00 Writing to ./data/MDR_livesignals_20170427_09_40_43.csv ./data/MDR_last.csv
ET:  0.08  minutes
now 2017-04-27 10:10:00.964000 return data: last bar 2017-04-27 10:00:00 last processed bar 2017-04-27 09:55:00
MDR: Warning! 596 bars requested 25 bars returned.
start_idx [(19, Timestamp('2017-04-27 09:35:00'))]
start_ema 2017-04-27 08:00:00 start_vwap 2017-04-27 09:35:00 last_bar 2017-04-27 10:00:00 Writing to ./data/MDR_livesignals_20170427_09_40_43.csv ./data/MDR_last.csv
ET:  0.09  minutes
now 2017-04-27 10:15:00.782000 return data: last bar 2017-04-27 10:10:00 last processed bar 2017-04-27 10:00:00
MDR: Warning! 596 bars requested 27 bars returned.
start_idx [(19, Timestamp('2017-04-27 09:35:00'))]
start_ema 2017-04-27 08:00:00 start_vwap 2017-04-27 09:35:00 last_bar 2017-04-27 10:10:00 Writing to ./data/MDR_livesignals_20170427_09_40_43.csv ./data/MDR_last.csv
ET:  0.07  minutes
now 2017-04-27 10:20:01.464000 return data: last bar 2017-04-27 10:15:00 last processed bar 2017-04-27 10:10:00
MDR: Warning! 596 bars requested 28 bars returned.
start_idx [(19, Timestamp('2017-04-27 09:35:00'))]
start_ema 2017-04-27 08:00:00 start_vwap 2017-04-27 09:35:00 last_bar 2017-04-27 10:15:00 Writing to ./data/MDR_livesignals_20170427_09_40_43.csv ./data/MDR_last.csv
ET:  0.09  minutes
now 2017-04-27 10:25:01.085000 return data: last bar 2017-04-27 10:20:00 last processed bar 2017-04-27 10:15:00
MDR: Warning! 596 bars requested 29 bars returned.
start_idx [(19, Timestamp('2017-04-27 09:35:00'))]
start_ema 2017-04-27 08:00:00 start_vwap 2017-04-27 09:35:00 last_bar 2017-04-27 10:20:00 Writing to ./data/MDR_livesignals_20170427_09_40_43.csv ./data/MDR_last.csv
ET:  0.1  minutes
now 2017-04-27 10:30:01.130000 return data: last bar 2017-04-27 10:25:00 last processed bar 2017-04-27 10:20:00
MDR: Warning! 596 bars requested 30 bars returned.
start_idx [(19, Timestamp('2017-04-27 09:35:00'))]
start_ema 2017-04-27 08:00:00 start_vwap 2017-04-27 09:35:00 last_bar 2017-04-27 10:25:00 Writing to ./data/MDR_livesignals_20170427_09_40_43.csv ./data/MDR_last.csv
ET:  0.07  minutes
now 2017-04-27 10:35:01.050000 return data: last bar 2017-04-27 10:30:00 last processed bar 2017-04-27 10:25:00
MDR: Warning! 596 bars requested 31 bars returned.
start_idx [(19, Timestamp('2017-04-27 09:35:00'))]
start_ema 2017-04-27 08:00:00 start_vwap 2017-04-27 09:35:00 last_bar 2017-04-27 10:30:00 Writing to ./data/MDR_livesignals_20170427_09_40_43.csv ./data/MDR_last.csv
ET:  0.06  minutes
now 2017-04-27 10:40:00.634000 return data: last bar 2017-04-27 10:35:00 last processed bar 2017-04-27 10:30:00
MDR: Warning! 596 bars requested 32 bars returned.
start_idx [(19, Timestamp('2017-04-27 09:35:00'))]
start_ema 2017-04-27 08:00:00 start_vwap 2017-04-27 09:35:00 last_bar 2017-04-27 10:35:00 Writing to ./data/MDR_livesignals_20170427_09_40_43.csv ./data/MDR_last.csv
ET:  0.08  minutes
now 2017-04-27 10:45:00.735000 return data: last bar 2017-04-27 10:40:00 last processed bar 2017-04-27 10:35:00
MDR: Warning! 596 bars requested 33 bars returned.
start_idx [(19, Timestamp('2017-04-27 09:35:00'))]
start_ema 2017-04-27 08:00:00 start_vwap 2017-04-27 09:35:00 last_bar 2017-04-27 10:40:00 Writing to ./data/MDR_livesignals_20170427_09_40_43.csv ./data/MDR_last.csv
ET:  0.05  minutes
now 2017-04-27 10:50:01.303000 return data: last bar 2017-04-27 10:45:00 last processed bar 2017-04-27 10:40:00
MDR: Warning! 596 bars requested 34 bars returned.
start_idx [(19, Timestamp('2017-04-27 09:35:00'))]
start_ema 2017-04-27 08:00:00 start_vwap 2017-04-27 09:35:00 last_bar 2017-04-27 10:45:00 Writing to ./data/MDR_livesignals_20170427_09_40_43.csv ./data/MDR_last.csv
ET:  0.07  minutes
now 2017-04-27 10:55:02.247000 return data: last bar 2017-04-27 10:50:00 last processed bar 2017-04-27 10:45:00
MDR: Warning! 596 bars requested 35 bars returned.
start_idx [(19, Timestamp('2017-04-27 09:35:00'))]
start_ema 2017-04-27 08:00:00 start_vwap 2017-04-27 09:35:00 last_bar 2017-04-27 10:50:00 Writing to ./data/MDR_livesignals_20170427_09_40_43.csv ./data/MDR_last.csv
ET:  0.06  minutes
now 2017-04-27 11:00:01.353000 return data: last bar 2017-04-27 10:55:00 last processed bar 2017-04-27 10:50:00
MDR: Warning! 596 bars requested 36 bars returned.
start_idx [(19, Timestamp('2017-04-27 09:35:00'))]
start_ema 2017-04-27 08:00:00 start_vwap 2017-04-27 09:35:00 last_bar 2017-04-27 10:55:00 Writing to ./data/MDR_livesignals_20170427_09_40_43.csv ./data/MDR_last.csv
ET:  0.07  minutes
now 2017-04-27 11:05:01.476000 return data: last bar 2017-04-27 11:00:00 last processed bar 2017-04-27 10:55:00
MDR: Warning! 596 bars requested 37 bars returned.
start_idx [(19, Timestamp('2017-04-27 09:35:00'))]
start_ema 2017-04-27 08:00:00 start_vwap 2017-04-27 09:35:00 last_bar 2017-04-27 11:00:00 Writing to ./data/MDR_livesignals_20170427_09_40_43.csv ./data/MDR_last.csv
ET:  0.08  minutes
now 2017-04-27 11:10:01.334000 return data: last bar 2017-04-27 11:05:00 last processed bar 2017-04-27 11:00:00
MDR: Warning! 596 bars requested 38 bars returned.
start_idx [(19, Timestamp('2017-04-27 09:35:00'))]
start_ema 2017-04-27 08:00:00 start_vwap 2017-04-27 09:35:00 last_bar 2017-04-27 11:05:00 Writing to ./data/MDR_livesignals_20170427_09_40_43.csv ./data/MDR_last.csv
ET:  0.1  minutes
now 2017-04-27 11:15:00.104000 return data: last bar 2017-04-27 11:10:00 last processed bar 2017-04-27 11:05:00
MDR: Warning! 596 bars requested 39 bars returned.
start_idx [(19, Timestamp('2017-04-27 09:35:00'))]
start_ema 2017-04-27 08:00:00 start_vwap 2017-04-27 09:35:00 last_bar 2017-04-27 11:10:00 Writing to ./data/MDR_livesignals_20170427_09_40_43.csv ./data/MDR_last.csv
ET:  0.05  minutes
now 2017-04-27 11:20:01.056000 return data: last bar 2017-04-27 11:20:00 last processed bar 2017-04-27 11:10:00
MDR: Warning! 596 bars requested 41 bars returned.
start_idx [(19, Timestamp('2017-04-27 09:35:00'))]
start_ema 2017-04-27 08:00:00 start_vwap 2017-04-27 09:35:00 last_bar 2017-04-27 11:20:00 Writing to ./data/MDR_livesignals_20170427_09_40_43.csv ./data/MDR_last.csv
ET:  0.1  minutes
now 2017-04-27 11:25:00.256000 return None: last bar 2017-04-27 11:20:00 last processed bar 2017-04-27 11:20:00
MDR getFeed did not return any data! last bar: 2017-04-27 11:20:00 now: 11:25:01.837000
now 2017-04-27 11:30:00.932000 return data: last bar 2017-04-27 11:25:00 last processed bar 2017-04-27 11:20:00
MDR: Warning! 596 bars requested 42 bars returned.
start_idx [(19, Timestamp('2017-04-27 09:35:00'))]
start_ema 2017-04-27 08:00:00 start_vwap 2017-04-27 09:35:00 last_bar 2017-04-27 11:25:00 Writing to ./data/MDR_livesignals_20170427_09_40_43.csv ./data/MDR_last.csv
ET:  0.08  minutes
now 2017-04-27 11:35:01.224000 return data: last bar 2017-04-27 11:35:00 last processed bar 2017-04-27 11:25:00
MDR: Warning! 596 bars requested 44 bars returned.
start_idx [(19, Timestamp('2017-04-27 09:35:00'))]
start_ema 2017-04-27 08:00:00 start_vwap 2017-04-27 09:35:00 last_bar 2017-04-27 11:35:00 Writing to ./data/MDR_livesignals_20170427_09_40_43.csv ./data/MDR_last.csv
ET:  0.08  minutes
now 2017-04-27 11:40:00.955000 return None: last bar 2017-04-27 11:35:00 last processed bar 2017-04-27 11:35:00
MDR getFeed did not return any data! last bar: 2017-04-27 11:35:00 now: 11:40:01.278000
now 2017-04-27 11:45:00.120000 return data: last bar 2017-04-27 11:40:00 last processed bar 2017-04-27 11:35:00
MDR: Warning! 596 bars requested 45 bars returned.
start_idx [(19, Timestamp('2017-04-27 09:35:00'))]
start_ema 2017-04-27 08:00:00 start_vwap 2017-04-27 09:35:00 last_bar 2017-04-27 11:40:00 Writing to ./data/MDR_livesignals_20170427_09_40_43.csv ./data/MDR_last.csv
ET:  0.06  minutes
now 2017-04-27 11:50:00.629000 return data: last bar 2017-04-27 11:45:00 last processed bar 2017-04-27 11:40:00
MDR: Warning! 596 bars requested 46 bars returned.
start_idx [(19, Timestamp('2017-04-27 09:35:00'))]
start_ema 2017-04-27 08:00:00 start_vwap 2017-04-27 09:35:00 last_bar 2017-04-27 11:45:00 Writing to ./data/MDR_livesignals_20170427_09_40_43.csv ./data/MDR_last.csv
ET:  0.07  minutes
now 2017-04-27 11:55:01.184000 return data: last bar 2017-04-27 11:50:00 last processed bar 2017-04-27 11:45:00
MDR: Warning! 596 bars requested 47 bars returned.
start_idx [(19, Timestamp('2017-04-27 09:35:00'))]
start_ema 2017-04-27 08:00:00 start_vwap 2017-04-27 09:35:00 last_bar 2017-04-27 11:50:00 Writing to ./data/MDR_livesignals_20170427_09_40_43.csv ./data/MDR_last.csv
ET:  0.08  minutes
now 2017-04-27 12:00:01.230000 return data: last bar 2017-04-27 11:55:00 last processed bar 2017-04-27 11:50:00
MDR: Warning! 596 bars requested 48 bars returned.
start_idx [(19, Timestamp('2017-04-27 09:35:00'))]
start_ema 2017-04-27 08:00:00 start_vwap 2017-04-27 09:35:00 last_bar 2017-04-27 11:55:00 Writing to ./data/MDR_livesignals_20170427_09_40_43.csv ./data/MDR_last.csv
ET:  0.08  minutes
now 2017-04-27 12:05:00.179000 return data: last bar 2017-04-27 12:00:00 last processed bar 2017-04-27 11:55:00
MDR: Warning! 596 bars requested 49 bars returned.
start_idx [(19, Timestamp('2017-04-27 09:35:00'))]
start_ema 2017-04-27 08:00:00 start_vwap 2017-04-27 09:35:00 last_bar 2017-04-27 12:00:00 Writing to ./data/MDR_livesignals_20170427_09_40_43.csv ./data/MDR_last.csv
ET:  0.06  minutes
now 2017-04-27 12:10:01.388000 return data: last bar 2017-04-27 12:10:00 last processed bar 2017-04-27 12:00:00
MDR: Warning! 596 bars requested 51 bars returned.
start_idx [(19, Timestamp('2017-04-27 09:35:00'))]
start_ema 2017-04-27 08:00:00 start_vwap 2017-04-27 09:35:00 last_bar 2017-04-27 12:10:00 Writing to ./data/MDR_livesignals_20170427_09_40_43.csv ./data/MDR_last.csv
ET:  0.07  minutes
now 2017-04-27 12:15:00.627000 return None: last bar 2017-04-27 12:10:00 last processed bar 2017-04-27 12:10:00
MDR getFeed did not return any data! last bar: 2017-04-27 12:10:00 now: 12:15:01.847000
now 2017-04-27 12:20:00.746000 return data: last bar 2017-04-27 12:15:00 last processed bar 2017-04-27 12:10:00
MDR: Warning! 596 bars requested 52 bars returned.
start_idx [(19, Timestamp('2017-04-27 09:35:00'))]
start_ema 2017-04-27 08:00:00 start_vwap 2017-04-27 09:35:00 last_bar 2017-04-27 12:15:00 Writing to ./data/MDR_livesignals_20170427_09_40_43.csv ./data/MDR_last.csv
ET:  0.06  minutes
now 2017-04-27 12:25:00.858000 return data: last bar 2017-04-27 12:25:00 last processed bar 2017-04-27 12:15:00
MDR: Warning! 596 bars requested 54 bars returned.
start_idx [(19, Timestamp('2017-04-27 09:35:00'))]
start_ema 2017-04-27 08:00:00 start_vwap 2017-04-27 09:35:00 last_bar 2017-04-27 12:25:00 Writing to ./data/MDR_livesignals_20170427_09_40_43.csv ./data/MDR_last.csv
ET:  0.05  minutes
now 2017-04-27 12:30:00.012000 return None: last bar 2017-04-27 12:25:00 last processed bar 2017-04-27 12:25:00
MDR getFeed did not return any data! last bar: 2017-04-27 12:25:00 now: 12:30:00.129000
now 2017-04-27 12:35:00.248000 return data: last bar 2017-04-27 12:30:00 last processed bar 2017-04-27 12:25:00
MDR: Warning! 596 bars requested 55 bars returned.
start_idx [(19, Timestamp('2017-04-27 09:35:00'))]
start_ema 2017-04-27 08:00:00 start_vwap 2017-04-27 09:35:00 last_bar 2017-04-27 12:30:00 Writing to ./data/MDR_livesignals_20170427_09_40_43.csv ./data/MDR_last.csv
ET:  0.06  minutes
now 2017-04-27 12:40:01.281000 return data: last bar 2017-04-27 12:40:00 last processed bar 2017-04-27 12:30:00
MDR: Warning! 596 bars requested 57 bars returned.
start_idx [(19, Timestamp('2017-04-27 09:35:00'))]
start_ema 2017-04-27 08:00:00 start_vwap 2017-04-27 09:35:00 last_bar 2017-04-27 12:40:00 Writing to ./data/MDR_livesignals_20170427_09_40_43.csv ./data/MDR_last.csv
ET:  0.08  minutes
now 2017-04-27 12:45:00.840000 return None: last bar 2017-04-27 12:40:00 last processed bar 2017-04-27 12:40:00
MDR getFeed did not return any data! last bar: 2017-04-27 12:40:00 now: 12:45:01.025000
now 2017-04-27 12:50:00.904000 return data: last bar 2017-04-27 12:45:00 last processed bar 2017-04-27 12:40:00
MDR: Warning! 596 bars requested 58 bars returned.
start_idx [(19, Timestamp('2017-04-27 09:35:00'))]
start_ema 2017-04-27 08:00:00 start_vwap 2017-04-27 09:35:00 last_bar 2017-04-27 12:45:00 Writing to ./data/MDR_livesignals_20170427_09_40_43.csv ./data/MDR_last.csv
ET:  0.08  minutes
now 2017-04-27 12:55:01.453000 return data: last bar 2017-04-27 12:50:00 last processed bar 2017-04-27 12:45:00
MDR: Warning! 596 bars requested 59 bars returned.
start_idx [(19, Timestamp('2017-04-27 09:35:00'))]
start_ema 2017-04-27 08:00:00 start_vwap 2017-04-27 09:35:00 last_bar 2017-04-27 12:50:00 Writing to ./data/MDR_livesignals_20170427_09_40_43.csv ./data/MDR_last.csv
ET:  0.08  minutes
now 2017-04-27 13:00:00.357000 return data: last bar 2017-04-27 12:55:00 last processed bar 2017-04-27 12:50:00
MDR: Warning! 596 bars requested 60 bars returned.
start_idx [(19, Timestamp('2017-04-27 09:35:00'))]
start_ema 2017-04-27 08:00:00 start_vwap 2017-04-27 09:35:00 last_bar 2017-04-27 12:55:00 Writing to ./data/MDR_livesignals_20170427_09_40_43.csv ./data/MDR_last.csv
ET:  0.06  minutes
now 2017-04-27 13:05:01.260000 return data: last bar 2017-04-27 13:05:00 last processed bar 2017-04-27 12:55:00
MDR: Warning! 596 bars requested 62 bars returned.
start_idx [(19, Timestamp('2017-04-27 09:35:00'))]
start_ema 2017-04-27 08:00:00 start_vwap 2017-04-27 09:35:00 last_bar 2017-04-27 13:05:00 Writing to ./data/MDR_livesignals_20170427_09_40_43.csv ./data/MDR_last.csv
ET:  0.07  minutes
now 2017-04-27 13:10:00.879000 return None: last bar 2017-04-27 13:05:00 last processed bar 2017-04-27 13:05:00
MDR getFeed did not return any data! last bar: 2017-04-27 13:05:00 now: 13:10:01.102000
now 2017-04-27 13:15:01.172000 return data: last bar 2017-04-27 13:15:00 last processed bar 2017-04-27 13:05:00
MDR: Warning! 596 bars requested 64 bars returned.
start_idx [(19, Timestamp('2017-04-27 09:35:00'))]
start_ema 2017-04-27 08:00:00 start_vwap 2017-04-27 09:35:00 last_bar 2017-04-27 13:15:00 Writing to ./data/MDR_livesignals_20170427_09_40_43.csv ./data/MDR_last.csv
ET:  0.05  minutes
now 2017-04-27 13:20:01.385000 return None: last bar 2017-04-27 13:15:00 last processed bar 2017-04-27 13:15:00
MDR getFeed did not return any data! last bar: 2017-04-27 13:15:00 now: 13:20:01.554000
now 2017-04-27 13:25:00.848000 return data: last bar 2017-04-27 13:20:00 last processed bar 2017-04-27 13:15:00
MDR: Warning! 596 bars requested 65 bars returned.
start_idx [(19, Timestamp('2017-04-27 09:35:00'))]
start_ema 2017-04-27 08:00:00 start_vwap 2017-04-27 09:35:00 last_bar 2017-04-27 13:20:00 Writing to ./data/MDR_livesignals_20170427_09_40_43.csv ./data/MDR_last.csv
ET:  0.09  minutes
now 2017-04-27 13:30:00.562000 return data: last bar 2017-04-27 13:30:00 last processed bar 2017-04-27 13:20:00
MDR: Warning! 596 bars requested 67 bars returned.
start_idx [(19, Timestamp('2017-04-27 09:35:00'))]
start_ema 2017-04-27 08:00:00 start_vwap 2017-04-27 09:35:00 last_bar 2017-04-27 13:30:00 Writing to ./data/MDR_livesignals_20170427_09_40_43.csv ./data/MDR_last.csv
ET:  0.06  minutes
now 2017-04-27 13:35:00.218000 return None: last bar 2017-04-27 13:30:00 last processed bar 2017-04-27 13:30:00
MDR getFeed did not return any data! last bar: 2017-04-27 13:30:00 now: 13:35:00.311000
now 2017-04-27 13:40:01.334000 return data: last bar 2017-04-27 13:35:00 last processed bar 2017-04-27 13:30:00
MDR: Warning! 596 bars requested 68 bars returned.
start_idx [(19, Timestamp('2017-04-27 09:35:00'))]
start_ema 2017-04-27 08:00:00 start_vwap 2017-04-27 09:35:00 last_bar 2017-04-27 13:35:00 Writing to ./data/MDR_livesignals_20170427_09_40_43.csv ./data/MDR_last.csv
ET:  0.09  minutes
now 2017-04-27 13:45:01.367000 return data: last bar 2017-04-27 13:40:00 last processed bar 2017-04-27 13:35:00
MDR: Warning! 596 bars requested 69 bars returned.
start_idx [(19, Timestamp('2017-04-27 09:35:00'))]
start_ema 2017-04-27 08:00:00 start_vwap 2017-04-27 09:35:00 last_bar 2017-04-27 13:40:00 Writing to ./data/MDR_livesignals_20170427_09_40_43.csv ./data/MDR_last.csv
ET:  0.09  minutes
now 2017-04-27 13:50:01.072000 return data: last bar 2017-04-27 13:45:00 last processed bar 2017-04-27 13:40:00
MDR: Warning! 596 bars requested 70 bars returned.
start_idx [(19, Timestamp('2017-04-27 09:35:00'))]
start_ema 2017-04-27 08:00:00 start_vwap 2017-04-27 09:35:00 last_bar 2017-04-27 13:45:00 Writing to ./data/MDR_livesignals_20170427_09_40_43.csv ./data/MDR_last.csv
ET:  0.06  minutes
now 2017-04-27 13:55:00.691000 return data: last bar 2017-04-27 13:50:00 last processed bar 2017-04-27 13:45:00
MDR: Warning! 596 bars requested 71 bars returned.
start_idx [(19, Timestamp('2017-04-27 09:35:00'))]
start_ema 2017-04-27 08:00:00 start_vwap 2017-04-27 09:35:00 last_bar 2017-04-27 13:50:00 Writing to ./data/MDR_livesignals_20170427_09_40_43.csv ./data/MDR_last.csv
ET:  0.07  minutes
now 2017-04-27 14:00:01.524000 return data: last bar 2017-04-27 13:55:00 last processed bar 2017-04-27 13:50:00
MDR: Warning! 596 bars requested 72 bars returned.
start_idx [(19, Timestamp('2017-04-27 09:35:00'))]
start_ema 2017-04-27 08:00:00 start_vwap 2017-04-27 09:35:00 last_bar 2017-04-27 13:55:00 Writing to ./data/MDR_livesignals_20170427_09_40_43.csv ./data/MDR_last.csv
ET:  0.08  minutes
now 2017-04-27 14:05:00.029000 return data: last bar 2017-04-27 14:00:00 last processed bar 2017-04-27 13:55:00
MDR: Warning! 596 bars requested 73 bars returned.
start_idx [(19, Timestamp('2017-04-27 09:35:00'))]
start_ema 2017-04-27 08:00:00 start_vwap 2017-04-27 09:35:00 last_bar 2017-04-27 14:00:00 Writing to ./data/MDR_livesignals_20170427_09_40_43.csv ./data/MDR_last.csv
ET:  0.1  minutes
now 2017-04-27 14:10:00.018000 return data: last bar 2017-04-27 14:05:00 last processed bar 2017-04-27 14:00:00
MDR: Warning! 596 bars requested 74 bars returned.
start_idx [(19, Timestamp('2017-04-27 09:35:00'))]
start_ema 2017-04-27 08:00:00 start_vwap 2017-04-27 09:35:00 last_bar 2017-04-27 14:05:00 Writing to ./data/MDR_livesignals_20170427_09_40_43.csv ./data/MDR_last.csv
ET:  0.04  minutes
now 2017-04-27 14:15:00.365000 return data: last bar 2017-04-27 14:15:00 last processed bar 2017-04-27 14:05:00
MDR: Warning! 596 bars requested 76 bars returned.
start_idx [(19, Timestamp('2017-04-27 09:35:00'))]
start_ema 2017-04-27 08:00:00 start_vwap 2017-04-27 09:35:00 last_bar 2017-04-27 14:15:00 Writing to ./data/MDR_livesignals_20170427_09_40_43.csv ./data/MDR_last.csv
ET:  0.09  minutes
now 2017-04-27 14:20:01.438000 return None: last bar 2017-04-27 14:15:00 last processed bar 2017-04-27 14:15:00
MDR getFeed did not return any data! last bar: 2017-04-27 14:15:00 now: 14:20:01.557000
now 2017-04-27 14:25:00.161000 return data: last bar 2017-04-27 14:20:00 last processed bar 2017-04-27 14:15:00
MDR: Warning! 596 bars requested 77 bars returned.
start_idx [(19, Timestamp('2017-04-27 09:35:00'))]
start_ema 2017-04-27 08:00:00 start_vwap 2017-04-27 09:35:00 last_bar 2017-04-27 14:20:00 Writing to ./data/MDR_livesignals_20170427_09_40_43.csv ./data/MDR_last.csv
ET:  0.02  minutes
now 2017-04-27 14:30:00.263000 return data: last bar 2017-04-27 14:30:00 last processed bar 2017-04-27 14:20:00
MDR: Warning! 596 bars requested 79 bars returned.
start_idx [(19, Timestamp('2017-04-27 09:35:00'))]
start_ema 2017-04-27 08:00:00 start_vwap 2017-04-27 09:35:00 last_bar 2017-04-27 14:30:00 Writing to ./data/MDR_livesignals_20170427_09_40_43.csv ./data/MDR_last.csv
ET:  0.07  minutes
now 2017-04-27 14:35:00.510000 return None: last bar 2017-04-27 14:30:00 last processed bar 2017-04-27 14:30:00
MDR getFeed did not return any data! last bar: 2017-04-27 14:30:00 now: 14:35:01.071000
now 2017-04-27 14:40:03.639000 return data: last bar 2017-04-27 14:35:00 last processed bar 2017-04-27 14:30:00
MDR: Warning! 596 bars requested 80 bars returned.
start_idx [(19, Timestamp('2017-04-27 09:35:00'))]
start_ema 2017-04-27 08:00:00 start_vwap 2017-04-27 09:35:00 last_bar 2017-04-27 14:35:00 Writing to ./data/MDR_livesignals_20170427_09_40_43.csv ./data/MDR_last.csv
ET:  0.03  minutes
now 2017-04-27 14:45:01.201000 return data: last bar 2017-04-27 14:45:00 last processed bar 2017-04-27 14:35:00
MDR: Warning! 596 bars requested 82 bars returned.
start_idx [(19, Timestamp('2017-04-27 09:35:00'))]
start_ema 2017-04-27 08:00:00 start_vwap 2017-04-27 09:35:00 last_bar 2017-04-27 14:45:00 Writing to ./data/MDR_livesignals_20170427_09_40_43.csv ./data/MDR_last.csv
ET:  0.05  minutes
now 2017-04-27 14:50:02.197000 return None: last bar 2017-04-27 14:45:00 last processed bar 2017-04-27 14:45:00
MDR getFeed did not return any data! last bar: 2017-04-27 14:45:00 now: 14:50:02.307000
now 2017-04-27 14:55:02.673000 return data: last bar 2017-04-27 14:55:00 last processed bar 2017-04-27 14:45:00
MDR: Warning! 596 bars requested 84 bars returned.
start_idx [(19, Timestamp('2017-04-27 09:35:00'))]
start_ema 2017-04-27 08:00:00 start_vwap 2017-04-27 09:35:00 last_bar 2017-04-27 14:55:00 Writing to ./data/MDR_livesignals_20170427_09_40_43.csv ./data/MDR_last.csv
ET:  0.06  minutes
now 2017-04-27 15:00:00.428000 return None: last bar 2017-04-27 14:55:00 last processed bar 2017-04-27 14:55:00
MDR getFeed did not return any data! last bar: 2017-04-27 14:55:00 now: 15:00:01.195000
now 2017-04-27 15:05:01.509000 return data: last bar 2017-04-27 15:00:00 last processed bar 2017-04-27 14:55:00
MDR: Warning! 596 bars requested 85 bars returned.
start_idx [(19, Timestamp('2017-04-27 09:35:00'))]
start_ema 2017-04-27 08:00:00 start_vwap 2017-04-27 09:35:00 last_bar 2017-04-27 15:00:00 Writing to ./data/MDR_livesignals_20170427_09_40_43.csv ./data/MDR_last.csv
ET:  0.05  minutes
now 2017-04-27 15:10:02.125000 return data: last bar 2017-04-27 15:10:00 last processed bar 2017-04-27 15:00:00
MDR: Warning! 596 bars requested 87 bars returned.
start_idx [(19, Timestamp('2017-04-27 09:35:00'))]
start_ema 2017-04-27 08:00:00 start_vwap 2017-04-27 09:35:00 last_bar 2017-04-27 15:10:00 Writing to ./data/MDR_livesignals_20170427_09_40_43.csv ./data/MDR_last.csv
ET:  0.04  minutes
now 2017-04-27 15:15:00.308000 return None: last bar 2017-04-27 15:10:00 last processed bar 2017-04-27 15:10:00
MDR getFeed did not return any data! last bar: 2017-04-27 15:10:00 now: 15:15:00.712000
now 2017-04-27 15:20:01.135000 return data: last bar 2017-04-27 15:20:00 last processed bar 2017-04-27 15:10:00
MDR: Warning! 596 bars requested 89 bars returned.
start_idx [(19, Timestamp('2017-04-27 09:35:00'))]
start_ema 2017-04-27 08:00:00 start_vwap 2017-04-27 09:35:00 last_bar 2017-04-27 15:20:00 Writing to ./data/MDR_livesignals_20170427_09_40_43.csv ./data/MDR_last.csv
ET:  0.03  minutes
now 2017-04-27 15:25:00.172000 return None: last bar 2017-04-27 15:20:00 last processed bar 2017-04-27 15:20:00
MDR getFeed did not return any data! last bar: 2017-04-27 15:20:00 now: 15:25:00.342000
now 2017-04-27 15:25:03.226000 return None: last bar 2017-04-27 15:20:00 last processed bar 2017-04-27 15:20:00
MDR getFeed did not return any data! last bar: 2017-04-27 15:20:00 now: 15:25:03.637000
now 2017-04-27 15:30:01.903000 return data: last bar 2017-04-27 15:30:00 last processed bar 2017-04-27 15:20:00
MDR: Warning! 596 bars requested 91 bars returned.
start_idx [(19, Timestamp('2017-04-27 09:35:00'))]
start_ema 2017-04-27 08:00:00 start_vwap 2017-04-27 09:35:00 last_bar 2017-04-27 15:30:00 Writing to ./data/MDR_livesignals_20170427_09_40_43.csv ./data/MDR_last.csv
ET:  0.07  minutes
now 2017-04-27 15:35:00.088000 return None: last bar 2017-04-27 15:30:00 last processed bar 2017-04-27 15:30:00
MDR getFeed did not return any data! last bar: 2017-04-27 15:30:00 now: 15:35:00.347000
now 2017-04-27 15:35:03.635000 return data: last bar 2017-04-27 15:35:00 last processed bar 2017-04-27 15:30:00
MDR: Warning! 596 bars requested 92 bars returned.
start_idx [(19, Timestamp('2017-04-27 09:35:00'))]
start_ema 2017-04-27 08:00:00 start_vwap 2017-04-27 09:35:00 last_bar 2017-04-27 15:35:00 Writing to ./data/MDR_livesignals_20170427_09_40_43.csv ./data/MDR_last.csv
ET:  0.03  minutes
now 2017-04-27 15:40:00.777000 return None: last bar 2017-04-27 15:35:00 last processed bar 2017-04-27 15:35:00
MDR getFeed did not return any data! last bar: 2017-04-27 15:35:00 now: 15:40:00.888000
now 2017-04-27 15:45:01.154000 return data: last bar 2017-04-27 15:40:00 last processed bar 2017-04-27 15:35:00
MDR: Warning! 596 bars requested 93 bars returned.
start_idx [(19, Timestamp('2017-04-27 09:35:00'))]
start_ema 2017-04-27 08:00:00 start_vwap 2017-04-27 09:35:00 last_bar 2017-04-27 15:40:00 Writing to ./data/MDR_livesignals_20170427_09_40_43.csv ./data/MDR_last.csv
ET:  0.07  minutes
now 2017-04-27 15:50:00.722000 return data: last bar 2017-04-27 15:45:00 last processed bar 2017-04-27 15:40:00
MDR: Warning! 596 bars requested 94 bars returned.
start_idx [(19, Timestamp('2017-04-27 09:35:00'))]
start_ema 2017-04-27 08:00:00 start_vwap 2017-04-27 09:35:00 last_bar 2017-04-27 15:45:00 Writing to ./data/MDR_livesignals_20170427_09_40_43.csv ./data/MDR_last.csv
ET:  0.06  minutes
now 2017-04-27 15:55:02.149000
