return data: last bar 2017-04-21 09:45:00 last processed bar 1000-01-01 00:00:00
596 bars requested 596 bars returned
start_idx [(593, Timestamp('2017-04-21 09:35:00'))]
start_ema 2017-04-20 08:15:00 start_vwap 2017-04-21 09:35:00 last_bar 2017-04-21 09:45:00 ET:  0.03  minutes
now 2017-04-21 09:50:01.250000 return None: last bar 2017-04-21 09:45:00 last processed bar 2017-04-21 09:45:00
MRO getFeed did not return any data! last bar: 2017-04-21 09:45:00 now: 09:50:04.811000
now 2017-04-21 09:55:00.475000 return data: last bar 2017-04-21 09:50:00 last processed bar 2017-04-21 09:45:00
596 bars requested 596 bars returned
start_idx [(592, Timestamp('2017-04-21 09:35:00'))]
start_ema 2017-04-20 08:15:00 start_vwap 2017-04-21 09:35:00 last_bar 2017-04-21 09:50:00 Writing to ./data/MRO_livesignals_20170421_09_46_15.csv ./data/MRO_last.csv
ET:  0.06  minutes
now 2017-04-21 10:00:01.261000 return data: last bar 2017-04-21 09:55:00 last processed bar 2017-04-21 09:50:00
596 bars requested 596 bars returned
start_idx [(591, Timestamp('2017-04-21 09:35:00'))]
start_ema 2017-04-20 08:15:00 start_vwap 2017-04-21 09:35:00 last_bar 2017-04-21 09:55:00 Writing to ./data/MRO_livesignals_20170421_09_46_15.csv ./data/MRO_last.csv
ET:  0.17  minutes
now 2017-04-21 10:05:00.481000 return data: last bar 2017-04-21 10:00:00 last processed bar 2017-04-21 09:55:00
596 bars requested 596 bars returned
start_idx [(590, Timestamp('2017-04-21 09:35:00'))]
start_ema 2017-04-20 14:45:00 start_vwap 2017-04-21 09:35:00 last_bar 2017-04-21 10:00:00 Writing to ./data/MRO_livesignals_20170421_09_46_15.csv ./data/MRO_last.csv
ET:  0.18  minutes
now 2017-04-21 10:10:01.544000 return data: last bar 2017-04-21 10:05:00 last processed bar 2017-04-21 10:00:00
596 bars requested 596 bars returned
start_idx [(589, Timestamp('2017-04-21 09:35:00'))]
start_ema 2017-04-20 14:45:00 start_vwap 2017-04-21 09:35:00 last_bar 2017-04-21 10:05:00 Writing to ./data/MRO_livesignals_20170421_09_46_15.csv ./data/MRO_last.csv
ET:  0.17  minutes
now 2017-04-21 10:15:01.771000 return data: last bar 2017-04-21 10:10:00 last processed bar 2017-04-21 10:05:00
596 bars requested 596 bars returned
start_idx [(588, Timestamp('2017-04-21 09:35:00'))]
start_ema 2017-04-20 14:45:00 start_vwap 2017-04-21 09:35:00 last_bar 2017-04-21 10:10:00 Writing to ./data/MRO_livesignals_20170421_09_46_15.csv ./data/MRO_last.csv
ET:  0.2  minutes
now 2017-04-21 10:20:01.027000 return data: last bar 2017-04-21 10:15:00 last processed bar 2017-04-21 10:10:00
596 bars requested 596 bars returned
start_idx [(587, Timestamp('2017-04-21 09:35:00'))]
start_ema 2017-04-20 14:45:00 start_vwap 2017-04-21 09:35:00 last_bar 2017-04-21 10:15:00 Writing to ./data/MRO_livesignals_20170421_09_46_15.csv ./data/MRO_last.csv
ET:  0.2  minutes
now 2017-04-21 10:25:01.612000 return data: last bar 2017-04-21 10:25:00 last processed bar 2017-04-21 10:15:00
596 bars requested 596 bars returned
start_idx [(585, Timestamp('2017-04-21 09:35:00'))]
start_ema 2017-04-20 14:45:00 start_vwap 2017-04-21 09:35:00 last_bar 2017-04-21 10:25:00 Writing to ./data/MRO_livesignals_20170421_09_46_15.csv ./data/MRO_last.csv
ET:  0.18  minutes
now 2017-04-21 10:30:00.266000 return data: last bar 2017-04-21 10:30:00 last processed bar 2017-04-21 10:25:00
596 bars requested 596 bars returned
start_idx [(584, Timestamp('2017-04-21 09:35:00'))]
start_ema 2017-04-20 14:45:00 start_vwap 2017-04-21 09:35:00 last_bar 2017-04-21 10:30:00 Writing to ./data/MRO_livesignals_20170421_09_46_15.csv ./data/MRO_last.csv
ET:  0.21  minutes
now 2017-04-21 10:35:00.020000 return data: last bar 2017-04-21 10:35:00 last processed bar 2017-04-21 10:30:00
596 bars requested 596 bars returned
start_idx [(583, Timestamp('2017-04-21 09:35:00'))]
start_ema 2017-04-20 14:45:00 start_vwap 2017-04-21 09:35:00 last_bar 2017-04-21 10:35:00 Writing to ./data/MRO_livesignals_20170421_09_46_15.csv ./data/MRO_last.csv
ET:  0.22  minutes
now 2017-04-21 10:40:00.255000 return data: last bar 2017-04-21 10:40:00 last processed bar 2017-04-21 10:35:00
596 bars requested 596 bars returned
start_idx [(582, Timestamp('2017-04-21 09:35:00'))]
start_ema 2017-04-20 14:45:00 start_vwap 2017-04-21 09:35:00 last_bar 2017-04-21 10:40:00 Writing to ./data/MRO_livesignals_20170421_09_46_15.csv ./data/MRO_last.csv
ET:  0.2  minutes
now 2017-04-21 10:45:00.536000 return data: last bar 2017-04-21 10:45:00 last processed bar 2017-04-21 10:40:00
596 bars requested 596 bars returned
start_idx [(581, Timestamp('2017-04-21 09:35:00'))]
start_ema 2017-04-20 14:45:00 start_vwap 2017-04-21 09:35:00 last_bar 2017-04-21 10:45:00 Writing to ./data/MRO_livesignals_20170421_09_46_15.csv ./data/MRO_last.csv
ET:  0.21  minutes
now 2017-04-21 10:50:00.626000 return data: last bar 2017-04-21 10:50:00 last processed bar 2017-04-21 10:45:00
596 bars requested 596 bars returned
start_idx [(580, Timestamp('2017-04-21 09:35:00'))]
start_ema 2017-04-20 14:45:00 start_vwap 2017-04-21 09:35:00 last_bar 2017-04-21 10:50:00 Writing to ./data/MRO_livesignals_20170421_09_46_15.csv ./data/MRO_last.csv
ET:  0.18  minutes
now 2017-04-21 10:55:00.690000 return data: last bar 2017-04-21 10:55:00 last processed bar 2017-04-21 10:50:00
596 bars requested 596 bars returned
start_idx [(579, Timestamp('2017-04-21 09:35:00'))]
start_ema 2017-04-20 14:45:00 start_vwap 2017-04-21 09:35:00 last_bar 2017-04-21 10:55:00 Writing to ./data/MRO_livesignals_20170421_09_46_15.csv ./data/MRO_last.csv
ET:  0.18  minutes
now 2017-04-21 11:00:01.231000 return data: last bar 2017-04-21 11:00:00 last processed bar 2017-04-21 10:55:00
596 bars requested 596 bars returned
start_idx [(578, Timestamp('2017-04-21 09:35:00'))]
start_ema 2017-04-20 14:45:00 start_vwap 2017-04-21 09:35:00 last_bar 2017-04-21 11:00:00 Writing to ./data/MRO_livesignals_20170421_09_46_15.csv ./data/MRO_last.csv
ET:  0.2  minutes
now 2017-04-21 11:05:00.940000 return data: last bar 2017-04-21 11:05:00 last processed bar 2017-04-21 11:00:00
596 bars requested 596 bars returned
start_idx [(577, Timestamp('2017-04-21 09:35:00'))]
start_ema 2017-04-20 14:45:00 start_vwap 2017-04-21 09:35:00 last_bar 2017-04-21 11:05:00 Writing to ./data/MRO_livesignals_20170421_09_46_15.csv ./data/MRO_last.csv
ET:  0.21  minutes
now 2017-04-21 11:10:00.848000 return data: last bar 2017-04-21 11:10:00 last processed bar 2017-04-21 11:05:00
596 bars requested 596 bars returned
start_idx [(576, Timestamp('2017-04-21 09:35:00'))]
start_ema 2017-04-20 14:45:00 start_vwap 2017-04-21 09:35:00 last_bar 2017-04-21 11:10:00 Writing to ./data/MRO_livesignals_20170421_09_46_15.csv ./data/MRO_last.csv
ET:  0.11  minutes
now 2017-04-21 11:15:01.635000 return data: last bar 2017-04-21 11:15:00 last processed bar 2017-04-21 11:10:00
596 bars requested 596 bars returned
start_idx [(575, Timestamp('2017-04-21 09:35:00'))]
start_ema 2017-04-20 14:45:00 start_vwap 2017-04-21 09:35:00 last_bar 2017-04-21 11:15:00 Writing to ./data/MRO_livesignals_20170421_09_46_15.csv ./data/MRO_last.csv
ET:  0.17  minutes
now 2017-04-21 11:20:00.869000 return data: last bar 2017-04-21 11:20:00 last processed bar 2017-04-21 11:15:00
596 bars requested 596 bars returned
start_idx [(574, Timestamp('2017-04-21 09:35:00'))]
start_ema 2017-04-20 14:45:00 start_vwap 2017-04-21 09:35:00 last_bar 2017-04-21 11:20:00 Writing to ./data/MRO_livesignals_20170421_09_46_15.csv ./data/MRO_last.csv
ET:  0.18  minutes
now 2017-04-21 11:25:00.566000 return data: last bar 2017-04-21 11:25:00 last processed bar 2017-04-21 11:20:00
2 bars requested 2 bars returned
596 bars requested 22 bars returned
start_idx [(0, Timestamp('2017-04-21 09:35:00'))]
start_ema 2017-04-21 09:50:00 data.dropna() feed returned insufficient data
now 2017-04-21 11:30:01.008000 return data: last bar 2017-04-21 11:30:00 last processed bar 2017-04-21 11:25:00
2 bars requested 2 bars returned
596 bars requested 22 bars returned
start_idx [(0, Timestamp('2017-04-21 09:35:00'))]
start_ema 2017-04-21 09:50:00 data.dropna() feed returned insufficient data
now 2017-04-21 11:35:00.090000 return data: last bar 2017-04-21 11:35:00 last processed bar 2017-04-21 11:30:00
2 bars requested 2 bars returned
596 bars requested 22 bars returned
start_idx [(0, Timestamp('2017-04-21 09:35:00'))]
start_ema 2017-04-21 09:50:00 data.dropna() feed returned insufficient data
now 2017-04-21 11:40:00.236000 return data: last bar 2017-04-21 11:40:00 last processed bar 2017-04-21 11:35:00
2 bars requested 2 bars returned
596 bars requested 22 bars returned
start_idx [(0, Timestamp('2017-04-21 09:35:00'))]
start_ema 2017-04-21 09:50:00 data.dropna() feed returned insufficient data
now 2017-04-21 11:45:00.658000 return data: last bar 2017-04-21 11:45:00 last processed bar 2017-04-21 11:40:00
2 bars requested 2 bars returned
596 bars requested 22 bars returned
start_idx [(0, Timestamp('2017-04-21 09:35:00'))]
start_ema 2017-04-21 09:50:00 data.dropna() feed returned insufficient data
now 2017-04-21 11:50:00.344000 return data: last bar 2017-04-21 11:50:00 last processed bar 2017-04-21 11:45:00
2 bars requested 2 bars returned
596 bars requested 22 bars returned
start_idx [(0, Timestamp('2017-04-21 09:35:00'))]
start_ema 2017-04-21 09:50:00 data.dropna() feed returned insufficient data
now 2017-04-21 11:55:00.947000 return data: last bar 2017-04-21 11:55:00 last processed bar 2017-04-21 11:50:00
2 bars requested 2 bars returned
596 bars requested 22 bars returned
start_idx [(0, Timestamp('2017-04-21 09:35:00'))]
start_ema 2017-04-21 09:50:00 data.dropna() feed returned insufficient data
now 2017-04-21 12:00:00.908000 return data: last bar 2017-04-21 12:00:00 last processed bar 2017-04-21 11:55:00
2 bars requested 2 bars returned
596 bars requested 22 bars returned
start_idx [(0, Timestamp('2017-04-21 09:35:00'))]
start_ema 2017-04-21 09:50:00 data.dropna() feed returned insufficient data
now 2017-04-21 12:05:00.284000 return data: last bar 2017-04-21 12:05:00 last processed bar 2017-04-21 12:00:00
2 bars requested 2 bars returned
596 bars requested 22 bars returned
start_idx [(0, Timestamp('2017-04-21 09:35:00'))]
start_ema 2017-04-21 09:50:00 data.dropna() feed returned insufficient data
now 2017-04-21 12:10:00.906000 return data: last bar 2017-04-21 12:10:00 last processed bar 2017-04-21 12:05:00
2 bars requested 2 bars returned
596 bars requested 22 bars returned
start_idx [(0, Timestamp('2017-04-21 09:35:00'))]
start_ema 2017-04-21 09:50:00 data.dropna() feed returned insufficient data
now 2017-04-21 12:15:00.550000 return data: last bar 2017-04-21 12:15:00 last processed bar 2017-04-21 12:10:00
2 bars requested 2 bars returned
596 bars requested 22 bars returned
start_idx [(0, Timestamp('2017-04-21 09:35:00'))]
start_ema 2017-04-21 09:50:00 data.dropna() feed returned insufficient data
now 2017-04-21 12:20:00.701000 return data: last bar 2017-04-21 12:20:00 last processed bar 2017-04-21 12:15:00
2 bars requested 2 bars returned
596 bars requested 22 bars returned
start_idx [(0, Timestamp('2017-04-21 09:35:00'))]
start_ema 2017-04-21 09:50:00 data.dropna() feed returned insufficient data
now 2017-04-21 12:25:00.819000 return data: last bar 2017-04-21 12:25:00 last processed bar 2017-04-21 12:20:00
2 bars requested 2 bars returned
596 bars requested 22 bars returned
start_idx [(0, Timestamp('2017-04-21 09:35:00'))]
start_ema 2017-04-21 09:50:00 data.dropna() feed returned insufficient data
now 2017-04-21 12:30:00.724000 return data: last bar 2017-04-21 12:30:00 last processed bar 2017-04-21 12:25:00
2 bars requested 2 bars returned
596 bars requested 22 bars returned
start_idx [(0, Timestamp('2017-04-21 09:35:00'))]
start_ema 2017-04-21 09:50:00 data.dropna() feed returned insufficient data
now 2017-04-21 12:35:00.993000 return data: last bar 2017-04-21 12:35:00 last processed bar 2017-04-21 12:30:00
2 bars requested 2 bars returned
596 bars requested 22 bars returned
start_idx [(0, Timestamp('2017-04-21 09:35:00'))]
start_ema 2017-04-21 09:50:00 data.dropna() feed returned insufficient data
now 2017-04-21 12:40:00.339000 return data: last bar 2017-04-21 12:40:00 last processed bar 2017-04-21 12:35:00
2 bars requested 2 bars returned
596 bars requested 22 bars returned
start_idx [(0, Timestamp('2017-04-21 09:35:00'))]
start_ema 2017-04-21 09:50:00 data.dropna() feed returned insufficient data
now 2017-04-21 12:45:00.093000 return data: last bar 2017-04-21 12:45:00 last processed bar 2017-04-21 12:40:00
2 bars requested 2 bars returned
596 bars requested 22 bars returned
start_idx [(0, Timestamp('2017-04-21 09:35:00'))]
start_ema 2017-04-21 09:50:00 data.dropna() feed returned insufficient data
now 2017-04-21 12:50:00.802000 return data: last bar 2017-04-21 12:50:00 last processed bar 2017-04-21 12:45:00
2 bars requested 2 bars returned
596 bars requested 22 bars returned
start_idx [(0, Timestamp('2017-04-21 09:35:00'))]
start_ema 2017-04-21 09:50:00 data.dropna() feed returned insufficient data
now 2017-04-21 12:55:00.243000 return data: last bar 2017-04-21 12:55:00 last processed bar 2017-04-21 12:50:00
2 bars requested 2 bars returned
596 bars requested 22 bars returned
start_idx [(0, Timestamp('2017-04-21 09:35:00'))]
start_ema 2017-04-21 09:50:00 data.dropna() feed returned insufficient data
now 2017-04-21 13:00:00.054000 return data: last bar 2017-04-21 13:00:00 last processed bar 2017-04-21 12:55:00
2 bars requested 2 bars returned
596 bars requested 22 bars returned
start_idx [(0, Timestamp('2017-04-21 09:35:00'))]
start_ema 2017-04-21 09:50:00 data.dropna() feed returned insufficient data
now 2017-04-21 13:05:00.504000 return data: last bar 2017-04-21 13:05:00 last processed bar 2017-04-21 13:00:00
2 bars requested 2 bars returned
596 bars requested 22 bars returned
start_idx [(0, Timestamp('2017-04-21 09:35:00'))]
start_ema 2017-04-21 09:50:00 data.dropna() feed returned insufficient data
now 2017-04-21 13:10:01.103000 return data: last bar 2017-04-21 13:10:00 last processed bar 2017-04-21 13:05:00
2 bars requested 2 bars returned
596 bars requested 22 bars returned
start_idx [(0, Timestamp('2017-04-21 09:35:00'))]
start_ema 2017-04-21 09:50:00 data.dropna() feed returned insufficient data
now 2017-04-21 13:15:00.038000 return data: last bar 2017-04-21 13:15:00 last processed bar 2017-04-21 13:10:00
2 bars requested 2 bars returned
596 bars requested 22 bars returned
start_idx [(0, Timestamp('2017-04-21 09:35:00'))]
start_ema 2017-04-21 09:50:00 data.dropna() feed returned insufficient data
now 2017-04-21 13:20:00.129000 return data: last bar 2017-04-21 13:20:00 last processed bar 2017-04-21 13:15:00
2 bars requested 2 bars returned
596 bars requested 22 bars returned
start_idx [(0, Timestamp('2017-04-21 09:35:00'))]
start_ema 2017-04-21 09:50:00 data.dropna() feed returned insufficient data
now 2017-04-21 13:25:00.197000 return data: last bar 2017-04-21 13:25:00 last processed bar 2017-04-21 13:20:00
2 bars requested 2 bars returned
596 bars requested 22 bars returned
start_idx [(0, Timestamp('2017-04-21 09:35:00'))]
start_ema 2017-04-21 09:50:00 data.dropna() feed returned insufficient data
now 2017-04-21 13:30:01.115000 return data: last bar 2017-04-21 13:30:00 last processed bar 2017-04-21 13:25:00
2 bars requested 2 bars returned
596 bars requested 22 bars returned
start_idx [(0, Timestamp('2017-04-21 09:35:00'))]
start_ema 2017-04-21 09:50:00 data.dropna() feed returned insufficient data
now 2017-04-21 13:35:00.687000 return data: last bar 2017-04-21 13:35:00 last processed bar 2017-04-21 13:30:00
2 bars requested 2 bars returned
596 bars requested 22 bars returned
start_idx [(0, Timestamp('2017-04-21 09:35:00'))]
start_ema 2017-04-21 09:50:00 data.dropna() feed returned insufficient data
now 2017-04-21 13:40:00.997000 return data: last bar 2017-04-21 13:40:00 last processed bar 2017-04-21 13:35:00
2 bars requested 2 bars returned
596 bars requested 22 bars returned
start_idx [(0, Timestamp('2017-04-21 09:35:00'))]
start_ema 2017-04-21 09:50:00 data.dropna() feed returned insufficient data
now 2017-04-21 13:45:00.933000 return data: last bar 2017-04-21 13:45:00 last processed bar 2017-04-21 13:40:00
2 bars requested 2 bars returned
596 bars requested 22 bars returned
start_idx [(0, Timestamp('2017-04-21 09:35:00'))]
start_ema 2017-04-21 09:50:00 data.dropna() feed returned insufficient data
now 2017-04-21 13:50:01.193000 return data: last bar 2017-04-21 13:50:00 last processed bar 2017-04-21 13:45:00
2 bars requested 2 bars returned
596 bars requested 22 bars returned
start_idx [(0, Timestamp('2017-04-21 09:35:00'))]
start_ema 2017-04-21 09:50:00 data.dropna() feed returned insufficient data
now 2017-04-21 13:55:00.269000 return data: last bar 2017-04-21 13:55:00 last processed bar 2017-04-21 13:50:00
2 bars requested 2 bars returned
596 bars requested 22 bars returned
start_idx [(0, Timestamp('2017-04-21 09:35:00'))]
start_ema 2017-04-21 09:50:00 data.dropna() feed returned insufficient data
now 2017-04-21 14:00:00.884000 return data: last bar 2017-04-21 14:00:00 last processed bar 2017-04-21 13:55:00
2 bars requested 2 bars returned
596 bars requested 22 bars returned
start_idx [(0, Timestamp('2017-04-21 09:35:00'))]
start_ema 2017-04-21 09:50:00 data.dropna() feed returned insufficient data
now 2017-04-21 14:05:00.964000 return data: last bar 2017-04-21 14:05:00 last processed bar 2017-04-21 14:00:00
2 bars requested 2 bars returned
596 bars requested 22 bars returned
start_idx [(0, Timestamp('2017-04-21 09:35:00'))]
start_ema 2017-04-21 09:50:00 data.dropna() feed returned insufficient data
now 2017-04-21 14:10:00.661000 return data: last bar 2017-04-21 14:10:00 last processed bar 2017-04-21 14:05:00
2 bars requested 2 bars returned
596 bars requested 22 bars returned
start_idx [(0, Timestamp('2017-04-21 09:35:00'))]
start_ema 2017-04-21 09:50:00 data.dropna() feed returned insufficient data
now 2017-04-21 14:15:00.412000 return data: last bar 2017-04-21 14:15:00 last processed bar 2017-04-21 14:10:00
2 bars requested 2 bars returned
596 bars requested 22 bars returned
start_idx [(0, Timestamp('2017-04-21 09:35:00'))]
start_ema 2017-04-21 09:50:00 data.dropna() feed returned insufficient data
now 2017-04-21 14:20:00.547000 return data: last bar 2017-04-21 14:20:00 last processed bar 2017-04-21 14:15:00
2 bars requested 2 bars returned
596 bars requested 22 bars returned
start_idx [(0, Timestamp('2017-04-21 09:35:00'))]
start_ema 2017-04-21 09:50:00 data.dropna() feed returned insufficient data
now 2017-04-21 14:25:00.881000 return data: last bar 2017-04-21 14:25:00 last processed bar 2017-04-21 14:20:00
2 bars requested 2 bars returned
596 bars requested 22 bars returned
start_idx [(0, Timestamp('2017-04-21 09:35:00'))]
start_ema 2017-04-21 09:50:00 data.dropna() feed returned insufficient data
now 2017-04-21 14:30:00.939000 return data: last bar 2017-04-21 14:30:00 last processed bar 2017-04-21 14:25:00
2 bars requested 2 bars returned
596 bars requested 22 bars returned
start_idx [(0, Timestamp('2017-04-21 09:35:00'))]
start_ema 2017-04-21 09:50:00 data.dropna() feed returned insufficient data
now 2017-04-21 14:35:00.195000 return data: last bar 2017-04-21 14:35:00 last processed bar 2017-04-21 14:30:00
2 bars requested 2 bars returned
596 bars requested 22 bars returned
start_idx [(0, Timestamp('2017-04-21 09:35:00'))]
start_ema 2017-04-21 09:50:00 data.dropna() feed returned insufficient data
now 2017-04-21 14:40:00.309000 return data: last bar 2017-04-21 14:40:00 last processed bar 2017-04-21 14:35:00
2 bars requested 2 bars returned
596 bars requested 22 bars returned
start_idx [(0, Timestamp('2017-04-21 09:35:00'))]
start_ema 2017-04-21 09:50:00 data.dropna() feed returned insufficient data
now 2017-04-21 14:45:00.827000 return data: last bar 2017-04-21 14:45:00 last processed bar 2017-04-21 14:40:00
2 bars requested 2 bars returned
596 bars requested 22 bars returned
start_idx [(0, Timestamp('2017-04-21 09:35:00'))]
start_ema 2017-04-21 09:50:00 data.dropna() feed returned insufficient data
now 2017-04-21 14:50:00.742000 return data: last bar 2017-04-21 14:50:00 last processed bar 2017-04-21 14:45:00
2 bars requested 2 bars returned
596 bars requested 22 bars returned
start_idx [(0, Timestamp('2017-04-21 09:35:00'))]
start_ema 2017-04-21 09:50:00 data.dropna() feed returned insufficient data
now 2017-04-21 14:55:00.176000 return data: last bar 2017-04-21 14:55:00 last processed bar 2017-04-21 14:50:00
2 bars requested 2 bars returned
596 bars requested 22 bars returned
start_idx [(0, Timestamp('2017-04-21 09:35:00'))]
start_ema 2017-04-21 09:50:00 data.dropna() feed returned insufficient data
now 2017-04-21 15:00:00.003000 return data: last bar 2017-04-21 15:00:00 last processed bar 2017-04-21 14:55:00
2 bars requested 2 bars returned
596 bars requested 22 bars returned
start_idx [(0, Timestamp('2017-04-21 09:35:00'))]
start_ema 2017-04-21 09:50:00 data.dropna() feed returned insufficient data
now 2017-04-21 15:05:00.094000 return data: last bar 2017-04-21 15:05:00 last processed bar 2017-04-21 15:00:00
2 bars requested 2 bars returned
596 bars requested 22 bars returned
start_idx [(0, Timestamp('2017-04-21 09:35:00'))]
start_ema 2017-04-21 09:50:00 data.dropna() feed returned insufficient data
now 2017-04-21 15:10:01.039000 return data: last bar 2017-04-21 15:10:00 last processed bar 2017-04-21 15:05:00
2 bars requested 2 bars returned
596 bars requested 22 bars returned
start_idx [(0, Timestamp('2017-04-21 09:35:00'))]
start_ema 2017-04-21 09:50:00 data.dropna() feed returned insufficient data
now 2017-04-21 15:15:00.154000 return data: last bar 2017-04-21 15:15:00 last processed bar 2017-04-21 15:10:00
2 bars requested 2 bars returned
596 bars requested 22 bars returned
start_idx [(0, Timestamp('2017-04-21 09:35:00'))]
start_ema 2017-04-21 09:50:00 data.dropna() feed returned insufficient data
now 2017-04-21 15:20:00.530000 return data: last bar 2017-04-21 15:20:00 last processed bar 2017-04-21 15:15:00
2 bars requested 2 bars returned
596 bars requested 22 bars returned
start_idx [(0, Timestamp('2017-04-21 09:35:00'))]
start_ema 2017-04-21 09:50:00 data.dropna() feed returned insufficient data
now 2017-04-21 15:25:00.820000 return data: last bar 2017-04-21 15:25:00 last processed bar 2017-04-21 15:20:00
2 bars requested 2 bars returned
596 bars requested 22 bars returned
start_idx [(0, Timestamp('2017-04-21 09:35:00'))]
start_ema 2017-04-21 09:50:00 data.dropna() feed returned insufficient data
now 2017-04-21 15:30:00.671000 return data: last bar 2017-04-21 15:30:00 last processed bar 2017-04-21 15:25:00
2 bars requested 2 bars returned
596 bars requested 22 bars returned
start_idx [(0, Timestamp('2017-04-21 09:35:00'))]
start_ema 2017-04-21 09:50:00 data.dropna() feed returned insufficient data
now 2017-04-21 15:35:00.680000 return data: last bar 2017-04-21 15:35:00 last processed bar 2017-04-21 15:30:00
2 bars requested 2 bars returned
596 bars requested 22 bars returned
start_idx [(0, Timestamp('2017-04-21 09:35:00'))]
start_ema 2017-04-21 09:50:00 data.dropna() feed returned insufficient data
now 2017-04-21 15:40:00.929000 return data: last bar 2017-04-21 15:40:00 last processed bar 2017-04-21 15:35:00
2 bars requested 2 bars returned
596 bars requested 22 bars returned
start_idx [(0, Timestamp('2017-04-21 09:35:00'))]
start_ema 2017-04-21 09:50:00 data.dropna() feed returned insufficient data
now 2017-04-21 15:45:00.580000 return data: last bar 2017-04-21 15:45:00 last processed bar 2017-04-21 15:40:00
2 bars requested 2 bars returned
596 bars requested 22 bars returned
start_idx [(0, Timestamp('2017-04-21 09:35:00'))]
start_ema 2017-04-21 09:50:00 data.dropna() feed returned insufficient data
now 2017-04-21 15:50:00.846000 return data: last bar 2017-04-21 15:50:00 last processed bar 2017-04-21 15:45:00
2 bars requested 2 bars returned
596 bars requested 22 bars returned
start_idx [(0, Timestamp('2017-04-21 09:35:00'))]
start_ema 2017-04-21 09:50:00 data.dropna() feed returned insufficient data
now 2017-04-21 15:55:00.327000
