return data: last bar 2017-04-27 09:35:00 last processed bar 1000-01-01 00:00:00
MTW: Warning! 596 bars requested 20 bars returned.
start_idx [(19, Timestamp('2017-04-27 09:35:00'))]
start_ema 2017-04-27 08:00:00 start_vwap 2017-04-27 09:35:00 last_bar 2017-04-27 09:35:00 ET:  0.04  minutes
now 2017-04-27 09:45:00.745000 return None: last bar 2017-04-27 09:35:00 last processed bar 2017-04-27 09:35:00
MTW getFeed did not return any data! last bar: 2017-04-27 09:35:00 now: 09:45:01.118000
now 2017-04-27 09:50:00.322000 return data: last bar 2017-04-27 09:40:00 last processed bar 2017-04-27 09:35:00
MTW: Warning! 596 bars requested 21 bars returned.
start_idx [(19, Timestamp('2017-04-27 09:35:00'))]
start_ema 2017-04-27 08:00:00 start_vwap 2017-04-27 09:35:00 last_bar 2017-04-27 09:40:00 Writing to ./data/MTW_livesignals_20170427_09_40_44.csv ./data/MTW_last.csv
ET:  0.07  minutes
now 2017-04-27 09:55:00.892000 return None: last bar 2017-04-27 09:40:00 last processed bar 2017-04-27 09:40:00
MTW getFeed did not return any data! last bar: 2017-04-27 09:40:00 now: 09:55:01.016000
now 2017-04-27 10:00:00.536000 return data: last bar 2017-04-27 09:50:00 last processed bar 2017-04-27 09:40:00
MTW: Warning! 596 bars requested 23 bars returned.
start_idx [(19, Timestamp('2017-04-27 09:35:00'))]
start_ema 2017-04-27 08:00:00 start_vwap 2017-04-27 09:35:00 last_bar 2017-04-27 09:50:00 Writing to ./data/MTW_livesignals_20170427_09_40_44.csv ./data/MTW_last.csv
ET:  0.06  minutes
now 2017-04-27 10:05:00.406000 return data: last bar 2017-04-27 09:55:00 last processed bar 2017-04-27 09:50:00
MTW: Warning! 596 bars requested 24 bars returned.
start_idx [(19, Timestamp('2017-04-27 09:35:00'))]
start_ema 2017-04-27 08:00:00 start_vwap 2017-04-27 09:35:00 last_bar 2017-04-27 09:55:00 Writing to ./data/MTW_livesignals_20170427_09_40_44.csv ./data/MTW_last.csv
ET:  0.06  minutes
now 2017-04-27 10:10:00.408000 return data: last bar 2017-04-27 10:00:00 last processed bar 2017-04-27 09:55:00
MTW: Warning! 596 bars requested 25 bars returned.
start_idx [(19, Timestamp('2017-04-27 09:35:00'))]
start_ema 2017-04-27 08:00:00 start_vwap 2017-04-27 09:35:00 last_bar 2017-04-27 10:00:00 Writing to ./data/MTW_livesignals_20170427_09_40_44.csv ./data/MTW_last.csv
ET:  0.05  minutes
now 2017-04-27 10:15:00.597000 return data: last bar 2017-04-27 10:10:00 last processed bar 2017-04-27 10:00:00
MTW: Warning! 596 bars requested 27 bars returned.
start_idx [(19, Timestamp('2017-04-27 09:35:00'))]
start_ema 2017-04-27 08:00:00 start_vwap 2017-04-27 09:35:00 last_bar 2017-04-27 10:10:00 Writing to ./data/MTW_livesignals_20170427_09_40_44.csv ./data/MTW_last.csv
ET:  0.06  minutes
now 2017-04-27 10:20:00.309000 return data: last bar 2017-04-27 10:15:00 last processed bar 2017-04-27 10:10:00
MTW: Warning! 596 bars requested 28 bars returned.
start_idx [(19, Timestamp('2017-04-27 09:35:00'))]
start_ema 2017-04-27 08:00:00 start_vwap 2017-04-27 09:35:00 last_bar 2017-04-27 10:15:00 Writing to ./data/MTW_livesignals_20170427_09_40_44.csv ./data/MTW_last.csv
ET:  0.06  minutes
now 2017-04-27 10:25:00.830000 return data: last bar 2017-04-27 10:20:00 last processed bar 2017-04-27 10:15:00
MTW: Warning! 596 bars requested 29 bars returned.
start_idx [(19, Timestamp('2017-04-27 09:35:00'))]
start_ema 2017-04-27 08:00:00 start_vwap 2017-04-27 09:35:00 last_bar 2017-04-27 10:20:00 Writing to ./data/MTW_livesignals_20170427_09_40_44.csv ./data/MTW_last.csv
ET:  0.09  minutes
now 2017-04-27 10:30:00.517000 return data: last bar 2017-04-27 10:25:00 last processed bar 2017-04-27 10:20:00
MTW: Warning! 596 bars requested 30 bars returned.
start_idx [(19, Timestamp('2017-04-27 09:35:00'))]
start_ema 2017-04-27 08:00:00 start_vwap 2017-04-27 09:35:00 last_bar 2017-04-27 10:25:00 Writing to ./data/MTW_livesignals_20170427_09_40_44.csv ./data/MTW_last.csv
ET:  0.07  minutes
now 2017-04-27 10:35:01.822000 return data: last bar 2017-04-27 10:30:00 last processed bar 2017-04-27 10:25:00
MTW: Warning! 596 bars requested 31 bars returned.
start_idx [(19, Timestamp('2017-04-27 09:35:00'))]
start_ema 2017-04-27 08:00:00 start_vwap 2017-04-27 09:35:00 last_bar 2017-04-27 10:30:00 Writing to ./data/MTW_livesignals_20170427_09_40_44.csv ./data/MTW_last.csv
ET:  0.07  minutes
now 2017-04-27 10:40:02.951000 return data: last bar 2017-04-27 10:35:00 last processed bar 2017-04-27 10:30:00
MTW: Warning! 596 bars requested 32 bars returned.
start_idx [(19, Timestamp('2017-04-27 09:35:00'))]
start_ema 2017-04-27 08:00:00 start_vwap 2017-04-27 09:35:00 last_bar 2017-04-27 10:35:00 Writing to ./data/MTW_livesignals_20170427_09_40_44.csv ./data/MTW_last.csv
ET:  0.08  minutes
now 2017-04-27 10:45:00.698000 return data: last bar 2017-04-27 10:40:00 last processed bar 2017-04-27 10:35:00
MTW: Warning! 596 bars requested 33 bars returned.
start_idx [(19, Timestamp('2017-04-27 09:35:00'))]
start_ema 2017-04-27 08:00:00 start_vwap 2017-04-27 09:35:00 last_bar 2017-04-27 10:40:00 Writing to ./data/MTW_livesignals_20170427_09_40_44.csv ./data/MTW_last.csv
ET:  0.12  minutes
now 2017-04-27 10:50:02.785000 return data: last bar 2017-04-27 10:45:00 last processed bar 2017-04-27 10:40:00
MTW: Warning! 596 bars requested 34 bars returned.
start_idx [(19, Timestamp('2017-04-27 09:35:00'))]
start_ema 2017-04-27 08:00:00 start_vwap 2017-04-27 09:35:00 last_bar 2017-04-27 10:45:00 Writing to ./data/MTW_livesignals_20170427_09_40_44.csv ./data/MTW_last.csv
ET:  0.06  minutes
now 2017-04-27 10:55:01.812000 return data: last bar 2017-04-27 10:50:00 last processed bar 2017-04-27 10:45:00
MTW: Warning! 596 bars requested 35 bars returned.
start_idx [(19, Timestamp('2017-04-27 09:35:00'))]
start_ema 2017-04-27 08:00:00 start_vwap 2017-04-27 09:35:00 last_bar 2017-04-27 10:50:00 Writing to ./data/MTW_livesignals_20170427_09_40_44.csv ./data/MTW_last.csv
ET:  0.06  minutes
now 2017-04-27 11:00:01.844000 return data: last bar 2017-04-27 10:55:00 last processed bar 2017-04-27 10:50:00
MTW: Warning! 596 bars requested 36 bars returned.
start_idx [(19, Timestamp('2017-04-27 09:35:00'))]
start_ema 2017-04-27 08:00:00 start_vwap 2017-04-27 09:35:00 last_bar 2017-04-27 10:55:00 Writing to ./data/MTW_livesignals_20170427_09_40_44.csv ./data/MTW_last.csv
ET:  0.09  minutes
now 2017-04-27 11:05:00.523000 return data: last bar 2017-04-27 11:00:00 last processed bar 2017-04-27 10:55:00
MTW: Warning! 596 bars requested 37 bars returned.
start_idx [(19, Timestamp('2017-04-27 09:35:00'))]
start_ema 2017-04-27 08:00:00 start_vwap 2017-04-27 09:35:00 last_bar 2017-04-27 11:00:00 Writing to ./data/MTW_livesignals_20170427_09_40_44.csv ./data/MTW_last.csv
ET:  0.13  minutes
now 2017-04-27 11:10:00.033000 return data: last bar 2017-04-27 11:05:00 last processed bar 2017-04-27 11:00:00
MTW: Warning! 596 bars requested 38 bars returned.
start_idx [(19, Timestamp('2017-04-27 09:35:00'))]
start_ema 2017-04-27 08:00:00 start_vwap 2017-04-27 09:35:00 last_bar 2017-04-27 11:05:00 Writing to ./data/MTW_livesignals_20170427_09_40_44.csv ./data/MTW_last.csv
ET:  0.11  minutes
now 2017-04-27 11:15:05.399000 return data: last bar 2017-04-27 11:10:00 last processed bar 2017-04-27 11:05:00
MTW: Warning! 596 bars requested 39 bars returned.
start_idx [(19, Timestamp('2017-04-27 09:35:00'))]
start_ema 2017-04-27 08:00:00 start_vwap 2017-04-27 09:35:00 last_bar 2017-04-27 11:10:00 Writing to ./data/MTW_livesignals_20170427_09_40_44.csv ./data/MTW_last.csv
ET:  0.05  minutes
now 2017-04-27 11:20:01.516000 return data: last bar 2017-04-27 11:15:00 last processed bar 2017-04-27 11:10:00
MTW: Warning! 596 bars requested 40 bars returned.
start_idx [(19, Timestamp('2017-04-27 09:35:00'))]
start_ema 2017-04-27 08:00:00 start_vwap 2017-04-27 09:35:00 last_bar 2017-04-27 11:15:00 Writing to ./data/MTW_livesignals_20170427_09_40_44.csv ./data/MTW_last.csv
ET:  0.1  minutes
now 2017-04-27 11:25:00.397000 return data: last bar 2017-04-27 11:20:00 last processed bar 2017-04-27 11:15:00
MTW: Warning! 596 bars requested 41 bars returned.
start_idx [(19, Timestamp('2017-04-27 09:35:00'))]
start_ema 2017-04-27 08:00:00 start_vwap 2017-04-27 09:35:00 last_bar 2017-04-27 11:20:00 Writing to ./data/MTW_livesignals_20170427_09_40_44.csv ./data/MTW_last.csv
ET:  0.13  minutes
now 2017-04-27 11:30:03.597000 return data: last bar 2017-04-27 11:25:00 last processed bar 2017-04-27 11:20:00
MTW: Warning! 596 bars requested 42 bars returned.
start_idx [(19, Timestamp('2017-04-27 09:35:00'))]
start_ema 2017-04-27 08:00:00 start_vwap 2017-04-27 09:35:00 last_bar 2017-04-27 11:25:00 Writing to ./data/MTW_livesignals_20170427_09_40_44.csv ./data/MTW_last.csv
ET:  0.06  minutes
now 2017-04-27 11:35:00.136000 return data: last bar 2017-04-27 11:30:00 last processed bar 2017-04-27 11:25:00
MTW: Warning! 596 bars requested 43 bars returned.
start_idx [(19, Timestamp('2017-04-27 09:35:00'))]
start_ema 2017-04-27 08:00:00 start_vwap 2017-04-27 09:35:00 last_bar 2017-04-27 11:30:00 Writing to ./data/MTW_livesignals_20170427_09_40_44.csv ./data/MTW_last.csv
ET:  0.06  minutes
now 2017-04-27 11:40:02.542000 return data: last bar 2017-04-27 11:35:00 last processed bar 2017-04-27 11:30:00
MTW: Warning! 596 bars requested 44 bars returned.
start_idx [(19, Timestamp('2017-04-27 09:35:00'))]
start_ema 2017-04-27 08:00:00 start_vwap 2017-04-27 09:35:00 last_bar 2017-04-27 11:35:00 Writing to ./data/MTW_livesignals_20170427_09_40_44.csv ./data/MTW_last.csv
ET:  0.06  minutes
now 2017-04-27 11:45:00.161000 return data: last bar 2017-04-27 11:40:00 last processed bar 2017-04-27 11:35:00
MTW: Warning! 596 bars requested 45 bars returned.
start_idx [(19, Timestamp('2017-04-27 09:35:00'))]
start_ema 2017-04-27 08:00:00 start_vwap 2017-04-27 09:35:00 last_bar 2017-04-27 11:40:00 Writing to ./data/MTW_livesignals_20170427_09_40_44.csv ./data/MTW_last.csv
ET:  0.09  minutes
now 2017-04-27 11:50:02.610000 return data: last bar 2017-04-27 11:45:00 last processed bar 2017-04-27 11:40:00
MTW: Warning! 596 bars requested 46 bars returned.
start_idx [(19, Timestamp('2017-04-27 09:35:00'))]
start_ema 2017-04-27 08:00:00 start_vwap 2017-04-27 09:35:00 last_bar 2017-04-27 11:45:00 Writing to ./data/MTW_livesignals_20170427_09_40_44.csv ./data/MTW_last.csv
ET:  0.05  minutes
now 2017-04-27 11:55:03.011000 return data: last bar 2017-04-27 11:50:00 last processed bar 2017-04-27 11:45:00
MTW: Warning! 596 bars requested 47 bars returned.
start_idx [(19, Timestamp('2017-04-27 09:35:00'))]
start_ema 2017-04-27 08:00:00 start_vwap 2017-04-27 09:35:00 last_bar 2017-04-27 11:50:00 Writing to ./data/MTW_livesignals_20170427_09_40_44.csv ./data/MTW_last.csv
ET:  0.06  minutes
now 2017-04-27 12:00:01.671000 return data: last bar 2017-04-27 11:55:00 last processed bar 2017-04-27 11:50:00
MTW: Warning! 596 bars requested 48 bars returned.
start_idx [(19, Timestamp('2017-04-27 09:35:00'))]
start_ema 2017-04-27 08:00:00 start_vwap 2017-04-27 09:35:00 last_bar 2017-04-27 11:55:00 Writing to ./data/MTW_livesignals_20170427_09_40_44.csv ./data/MTW_last.csv
ET:  0.08  minutes
now 2017-04-27 12:05:01.095000 return data: last bar 2017-04-27 12:00:00 last processed bar 2017-04-27 11:55:00
MTW: Warning! 596 bars requested 49 bars returned.
start_idx [(19, Timestamp('2017-04-27 09:35:00'))]
start_ema 2017-04-27 08:00:00 start_vwap 2017-04-27 09:35:00 last_bar 2017-04-27 12:00:00 Writing to ./data/MTW_livesignals_20170427_09_40_44.csv ./data/MTW_last.csv
ET:  0.08  minutes
now 2017-04-27 12:10:00.995000 return data: last bar 2017-04-27 12:05:00 last processed bar 2017-04-27 12:00:00
MTW: Warning! 596 bars requested 50 bars returned.
start_idx [(19, Timestamp('2017-04-27 09:35:00'))]
start_ema 2017-04-27 08:00:00 start_vwap 2017-04-27 09:35:00 last_bar 2017-04-27 12:05:00 Writing to ./data/MTW_livesignals_20170427_09_40_44.csv ./data/MTW_last.csv
ET:  0.09  minutes
now 2017-04-27 12:15:00.478000 return data: last bar 2017-04-27 12:10:00 last processed bar 2017-04-27 12:05:00
MTW: Warning! 596 bars requested 51 bars returned.
start_idx [(19, Timestamp('2017-04-27 09:35:00'))]
start_ema 2017-04-27 08:00:00 start_vwap 2017-04-27 09:35:00 last_bar 2017-04-27 12:10:00 Writing to ./data/MTW_livesignals_20170427_09_40_44.csv ./data/MTW_last.csv
ET:  0.07  minutes
now 2017-04-27 12:20:02.747000 return data: last bar 2017-04-27 12:15:00 last processed bar 2017-04-27 12:10:00
MTW: Warning! 596 bars requested 52 bars returned.
start_idx [(19, Timestamp('2017-04-27 09:35:00'))]
start_ema 2017-04-27 08:00:00 start_vwap 2017-04-27 09:35:00 last_bar 2017-04-27 12:15:00 Writing to ./data/MTW_livesignals_20170427_09_40_44.csv ./data/MTW_last.csv
ET:  0.07  minutes
now 2017-04-27 12:25:00.933000 return data: last bar 2017-04-27 12:20:00 last processed bar 2017-04-27 12:15:00
MTW: Warning! 596 bars requested 53 bars returned.
start_idx [(19, Timestamp('2017-04-27 09:35:00'))]
start_ema 2017-04-27 08:00:00 start_vwap 2017-04-27 09:35:00 last_bar 2017-04-27 12:20:00 Writing to ./data/MTW_livesignals_20170427_09_40_44.csv ./data/MTW_last.csv
ET:  0.08  minutes
now 2017-04-27 12:30:00.862000 return data: last bar 2017-04-27 12:25:00 last processed bar 2017-04-27 12:20:00
MTW: Warning! 596 bars requested 54 bars returned.
start_idx [(19, Timestamp('2017-04-27 09:35:00'))]
start_ema 2017-04-27 08:00:00 start_vwap 2017-04-27 09:35:00 last_bar 2017-04-27 12:25:00 Writing to ./data/MTW_livesignals_20170427_09_40_44.csv ./data/MTW_last.csv
ET:  0.09  minutes
now 2017-04-27 12:35:00.525000 return data: last bar 2017-04-27 12:30:00 last processed bar 2017-04-27 12:25:00
MTW: Warning! 596 bars requested 55 bars returned.
start_idx [(19, Timestamp('2017-04-27 09:35:00'))]
start_ema 2017-04-27 08:00:00 start_vwap 2017-04-27 09:35:00 last_bar 2017-04-27 12:30:00 Writing to ./data/MTW_livesignals_20170427_09_40_44.csv ./data/MTW_last.csv
ET:  0.08  minutes
now 2017-04-27 12:40:01.010000 return data: last bar 2017-04-27 12:35:00 last processed bar 2017-04-27 12:30:00
MTW: Warning! 596 bars requested 56 bars returned.
start_idx [(19, Timestamp('2017-04-27 09:35:00'))]
start_ema 2017-04-27 08:00:00 start_vwap 2017-04-27 09:35:00 last_bar 2017-04-27 12:35:00 Writing to ./data/MTW_livesignals_20170427_09_40_44.csv ./data/MTW_last.csv
ET:  0.08  minutes
now 2017-04-27 12:45:00.527000 return data: last bar 2017-04-27 12:40:00 last processed bar 2017-04-27 12:35:00
MTW: Warning! 596 bars requested 57 bars returned.
start_idx [(19, Timestamp('2017-04-27 09:35:00'))]
start_ema 2017-04-27 08:00:00 start_vwap 2017-04-27 09:35:00 last_bar 2017-04-27 12:40:00 Writing to ./data/MTW_livesignals_20170427_09_40_44.csv ./data/MTW_last.csv
ET:  0.07  minutes
now 2017-04-27 12:50:01.936000 return data: last bar 2017-04-27 12:45:00 last processed bar 2017-04-27 12:40:00
MTW: Warning! 596 bars requested 58 bars returned.
start_idx [(19, Timestamp('2017-04-27 09:35:00'))]
start_ema 2017-04-27 08:00:00 start_vwap 2017-04-27 09:35:00 last_bar 2017-04-27 12:45:00 Writing to ./data/MTW_livesignals_20170427_09_40_44.csv ./data/MTW_last.csv
ET:  0.06  minutes
now 2017-04-27 12:55:00.372000 return data: last bar 2017-04-27 12:50:00 last processed bar 2017-04-27 12:45:00
MTW: Warning! 596 bars requested 59 bars returned.
start_idx [(19, Timestamp('2017-04-27 09:35:00'))]
start_ema 2017-04-27 08:00:00 start_vwap 2017-04-27 09:35:00 last_bar 2017-04-27 12:50:00 Writing to ./data/MTW_livesignals_20170427_09_40_44.csv ./data/MTW_last.csv
ET:  0.11  minutes
now 2017-04-27 13:00:00.712000 return data: last bar 2017-04-27 12:55:00 last processed bar 2017-04-27 12:50:00
MTW: Warning! 596 bars requested 60 bars returned.
start_idx [(19, Timestamp('2017-04-27 09:35:00'))]
start_ema 2017-04-27 08:00:00 start_vwap 2017-04-27 09:35:00 last_bar 2017-04-27 12:55:00 Writing to ./data/MTW_livesignals_20170427_09_40_44.csv ./data/MTW_last.csv
ET:  0.08  minutes
now 2017-04-27 13:05:00.772000 return data: last bar 2017-04-27 13:00:00 last processed bar 2017-04-27 12:55:00
MTW: Warning! 596 bars requested 61 bars returned.
start_idx [(19, Timestamp('2017-04-27 09:35:00'))]
start_ema 2017-04-27 08:00:00 start_vwap 2017-04-27 09:35:00 last_bar 2017-04-27 13:00:00 Writing to ./data/MTW_livesignals_20170427_09_40_44.csv ./data/MTW_last.csv
ET:  0.07  minutes
now 2017-04-27 13:10:00.373000 return data: last bar 2017-04-27 13:05:00 last processed bar 2017-04-27 13:00:00
MTW: Warning! 596 bars requested 62 bars returned.
start_idx [(19, Timestamp('2017-04-27 09:35:00'))]
start_ema 2017-04-27 08:00:00 start_vwap 2017-04-27 09:35:00 last_bar 2017-04-27 13:05:00 Writing to ./data/MTW_livesignals_20170427_09_40_44.csv ./data/MTW_last.csv
ET:  0.07  minutes
now 2017-04-27 13:15:01.981000 return data: last bar 2017-04-27 13:10:00 last processed bar 2017-04-27 13:05:00
MTW: Warning! 596 bars requested 63 bars returned.
start_idx [(19, Timestamp('2017-04-27 09:35:00'))]
start_ema 2017-04-27 08:00:00 start_vwap 2017-04-27 09:35:00 last_bar 2017-04-27 13:10:00 Writing to ./data/MTW_livesignals_20170427_09_40_44.csv ./data/MTW_last.csv
ET:  0.07  minutes
now 2017-04-27 13:20:02.533000 return data: last bar 2017-04-27 13:15:00 last processed bar 2017-04-27 13:10:00
MTW: Warning! 596 bars requested 64 bars returned.
start_idx [(19, Timestamp('2017-04-27 09:35:00'))]
start_ema 2017-04-27 08:00:00 start_vwap 2017-04-27 09:35:00 last_bar 2017-04-27 13:15:00 Writing to ./data/MTW_livesignals_20170427_09_40_44.csv ./data/MTW_last.csv
ET:  0.07  minutes
now 2017-04-27 13:25:01.356000 return data: last bar 2017-04-27 13:20:00 last processed bar 2017-04-27 13:15:00
MTW: Warning! 596 bars requested 65 bars returned.
start_idx [(19, Timestamp('2017-04-27 09:35:00'))]
start_ema 2017-04-27 08:00:00 start_vwap 2017-04-27 09:35:00 last_bar 2017-04-27 13:20:00 Writing to ./data/MTW_livesignals_20170427_09_40_44.csv ./data/MTW_last.csv
ET:  0.09  minutes
now 2017-04-27 13:30:01.841000 return data: last bar 2017-04-27 13:25:00 last processed bar 2017-04-27 13:20:00
MTW: Warning! 596 bars requested 66 bars returned.
start_idx [(19, Timestamp('2017-04-27 09:35:00'))]
start_ema 2017-04-27 08:00:00 start_vwap 2017-04-27 09:35:00 last_bar 2017-04-27 13:25:00 Writing to ./data/MTW_livesignals_20170427_09_40_44.csv ./data/MTW_last.csv
ET:  0.07  minutes
now 2017-04-27 13:35:00.923000 return data: last bar 2017-04-27 13:30:00 last processed bar 2017-04-27 13:25:00
MTW: Warning! 596 bars requested 67 bars returned.
start_idx [(19, Timestamp('2017-04-27 09:35:00'))]
start_ema 2017-04-27 08:00:00 start_vwap 2017-04-27 09:35:00 last_bar 2017-04-27 13:30:00 Writing to ./data/MTW_livesignals_20170427_09_40_44.csv ./data/MTW_last.csv
ET:  0.08  minutes
now 2017-04-27 13:40:01.050000 return data: last bar 2017-04-27 13:35:00 last processed bar 2017-04-27 13:30:00
MTW: Warning! 596 bars requested 68 bars returned.
start_idx [(19, Timestamp('2017-04-27 09:35:00'))]
start_ema 2017-04-27 08:00:00 start_vwap 2017-04-27 09:35:00 last_bar 2017-04-27 13:35:00 Writing to ./data/MTW_livesignals_20170427_09_40_44.csv ./data/MTW_last.csv
ET:  0.11  minutes
now 2017-04-27 13:45:00.940000 return data: last bar 2017-04-27 13:40:00 last processed bar 2017-04-27 13:35:00
MTW: Warning! 596 bars requested 69 bars returned.
start_idx [(19, Timestamp('2017-04-27 09:35:00'))]
start_ema 2017-04-27 08:00:00 start_vwap 2017-04-27 09:35:00 last_bar 2017-04-27 13:40:00 Writing to ./data/MTW_livesignals_20170427_09_40_44.csv ./data/MTW_last.csv
ET:  0.1  minutes
now 2017-04-27 13:50:03.613000 return data: last bar 2017-04-27 13:45:00 last processed bar 2017-04-27 13:40:00
MTW: Warning! 596 bars requested 70 bars returned.
start_idx [(19, Timestamp('2017-04-27 09:35:00'))]
start_ema 2017-04-27 08:00:00 start_vwap 2017-04-27 09:35:00 last_bar 2017-04-27 13:45:00 Writing to ./data/MTW_livesignals_20170427_09_40_44.csv ./data/MTW_last.csv
ET:  0.04  minutes
now 2017-04-27 13:55:03.599000 return data: last bar 2017-04-27 13:50:00 last processed bar 2017-04-27 13:45:00
MTW: Warning! 596 bars requested 71 bars returned.
start_idx [(19, Timestamp('2017-04-27 09:35:00'))]
start_ema 2017-04-27 08:00:00 start_vwap 2017-04-27 09:35:00 last_bar 2017-04-27 13:50:00 Writing to ./data/MTW_livesignals_20170427_09_40_44.csv ./data/MTW_last.csv
ET:  0.05  minutes
now 2017-04-27 14:00:00.970000 return data: last bar 2017-04-27 13:55:00 last processed bar 2017-04-27 13:50:00
MTW: Warning! 596 bars requested 72 bars returned.
start_idx [(19, Timestamp('2017-04-27 09:35:00'))]
start_ema 2017-04-27 08:00:00 start_vwap 2017-04-27 09:35:00 last_bar 2017-04-27 13:55:00 Writing to ./data/MTW_livesignals_20170427_09_40_44.csv ./data/MTW_last.csv
ET:  0.1  minutes
now 2017-04-27 14:05:00.685000 return data: last bar 2017-04-27 14:00:00 last processed bar 2017-04-27 13:55:00
MTW: Warning! 596 bars requested 73 bars returned.
start_idx [(19, Timestamp('2017-04-27 09:35:00'))]
start_ema 2017-04-27 08:00:00 start_vwap 2017-04-27 09:35:00 last_bar 2017-04-27 14:00:00 Writing to ./data/MTW_livesignals_20170427_09_40_44.csv ./data/MTW_last.csv
ET:  0.03  minutes
now 2017-04-27 14:10:01.987000 return data: last bar 2017-04-27 14:05:00 last processed bar 2017-04-27 14:00:00
MTW: Warning! 596 bars requested 74 bars returned.
start_idx [(19, Timestamp('2017-04-27 09:35:00'))]
start_ema 2017-04-27 08:00:00 start_vwap 2017-04-27 09:35:00 last_bar 2017-04-27 14:05:00 Writing to ./data/MTW_livesignals_20170427_09_40_44.csv ./data/MTW_last.csv
ET:  0.05  minutes
now 2017-04-27 14:15:00.871000 return data: last bar 2017-04-27 14:10:00 last processed bar 2017-04-27 14:05:00
MTW: Warning! 596 bars requested 75 bars returned.
start_idx [(19, Timestamp('2017-04-27 09:35:00'))]
start_ema 2017-04-27 08:00:00 start_vwap 2017-04-27 09:35:00 last_bar 2017-04-27 14:10:00 Writing to ./data/MTW_livesignals_20170427_09_40_44.csv ./data/MTW_last.csv
ET:  0.1  minutes
now 2017-04-27 14:20:02.018000 return data: last bar 2017-04-27 14:15:00 last processed bar 2017-04-27 14:10:00
MTW: Warning! 596 bars requested 76 bars returned.
start_idx [(19, Timestamp('2017-04-27 09:35:00'))]
start_ema 2017-04-27 08:00:00 start_vwap 2017-04-27 09:35:00 last_bar 2017-04-27 14:15:00 Writing to ./data/MTW_livesignals_20170427_09_40_44.csv ./data/MTW_last.csv
ET:  0.06  minutes
now 2017-04-27 14:25:02.689000 return data: last bar 2017-04-27 14:20:00 last processed bar 2017-04-27 14:15:00
MTW: Warning! 596 bars requested 77 bars returned.
start_idx [(19, Timestamp('2017-04-27 09:35:00'))]
start_ema 2017-04-27 08:00:00 start_vwap 2017-04-27 09:35:00 last_bar 2017-04-27 14:20:00 Writing to ./data/MTW_livesignals_20170427_09_40_44.csv ./data/MTW_last.csv
ET:  0.05  minutes
now 2017-04-27 14:30:02.990000 return data: last bar 2017-04-27 14:25:00 last processed bar 2017-04-27 14:20:00
MTW: Warning! 596 bars requested 78 bars returned.
start_idx [(19, Timestamp('2017-04-27 09:35:00'))]
start_ema 2017-04-27 08:00:00 start_vwap 2017-04-27 09:35:00 last_bar 2017-04-27 14:25:00 Writing to ./data/MTW_livesignals_20170427_09_40_44.csv ./data/MTW_last.csv
ET:  0.03  minutes
now 2017-04-27 14:35:03.827000 return data: last bar 2017-04-27 14:30:00 last processed bar 2017-04-27 14:25:00
MTW: Warning! 596 bars requested 79 bars returned.
start_idx [(19, Timestamp('2017-04-27 09:35:00'))]
start_ema 2017-04-27 08:00:00 start_vwap 2017-04-27 09:35:00 last_bar 2017-04-27 14:30:00 Writing to ./data/MTW_livesignals_20170427_09_40_44.csv ./data/MTW_last.csv
ET:  0.03  minutes
now 2017-04-27 14:40:00.884000 return data: last bar 2017-04-27 14:35:00 last processed bar 2017-04-27 14:30:00
MTW: Warning! 596 bars requested 80 bars returned.
start_idx [(19, Timestamp('2017-04-27 09:35:00'))]
start_ema 2017-04-27 08:00:00 start_vwap 2017-04-27 09:35:00 last_bar 2017-04-27 14:35:00 Writing to ./data/MTW_livesignals_20170427_09_40_44.csv ./data/MTW_last.csv
ET:  0.08  minutes
now 2017-04-27 14:45:02.318000 return data: last bar 2017-04-27 14:40:00 last processed bar 2017-04-27 14:35:00
MTW: Warning! 596 bars requested 81 bars returned.
start_idx [(19, Timestamp('2017-04-27 09:35:00'))]
start_ema 2017-04-27 08:00:00 start_vwap 2017-04-27 09:35:00 last_bar 2017-04-27 14:40:00 Writing to ./data/MTW_livesignals_20170427_09_40_44.csv ./data/MTW_last.csv
ET:  0.07  minutes
now 2017-04-27 14:50:01.544000 return data: last bar 2017-04-27 14:45:00 last processed bar 2017-04-27 14:40:00
MTW: Warning! 596 bars requested 82 bars returned.
start_idx [(19, Timestamp('2017-04-27 09:35:00'))]
start_ema 2017-04-27 08:00:00 start_vwap 2017-04-27 09:35:00 last_bar 2017-04-27 14:45:00 Writing to ./data/MTW_livesignals_20170427_09_40_44.csv ./data/MTW_last.csv
ET:  0.06  minutes
now 2017-04-27 14:55:01.992000 return data: last bar 2017-04-27 14:50:00 last processed bar 2017-04-27 14:45:00
MTW: Warning! 596 bars requested 83 bars returned.
start_idx [(19, Timestamp('2017-04-27 09:35:00'))]
start_ema 2017-04-27 08:00:00 start_vwap 2017-04-27 09:35:00 last_bar 2017-04-27 14:50:00 Writing to ./data/MTW_livesignals_20170427_09_40_44.csv ./data/MTW_last.csv
ET:  0.08  minutes
now 2017-04-27 15:00:02.846000 return data: last bar 2017-04-27 14:55:00 last processed bar 2017-04-27 14:50:00
MTW: Warning! 596 bars requested 84 bars returned.
start_idx [(19, Timestamp('2017-04-27 09:35:00'))]
start_ema 2017-04-27 08:00:00 start_vwap 2017-04-27 09:35:00 last_bar 2017-04-27 14:55:00 Writing to ./data/MTW_livesignals_20170427_09_40_44.csv ./data/MTW_last.csv
ET:  0.05  minutes
now 2017-04-27 15:05:02.326000 return data: last bar 2017-04-27 15:00:00 last processed bar 2017-04-27 14:55:00
MTW: Warning! 596 bars requested 85 bars returned.
start_idx [(19, Timestamp('2017-04-27 09:35:00'))]
start_ema 2017-04-27 08:00:00 start_vwap 2017-04-27 09:35:00 last_bar 2017-04-27 15:00:00 Writing to ./data/MTW_livesignals_20170427_09_40_44.csv ./data/MTW_last.csv
ET:  0.03  minutes
now 2017-04-27 15:10:03.232000 return data: last bar 2017-04-27 15:05:00 last processed bar 2017-04-27 15:00:00
MTW: Warning! 596 bars requested 86 bars returned.
start_idx [(19, Timestamp('2017-04-27 09:35:00'))]
start_ema 2017-04-27 08:00:00 start_vwap 2017-04-27 09:35:00 last_bar 2017-04-27 15:05:00 Writing to ./data/MTW_livesignals_20170427_09_40_44.csv ./data/MTW_last.csv
ET:  0.04  minutes
now 2017-04-27 15:15:00.564000 return data: last bar 2017-04-27 15:10:00 last processed bar 2017-04-27 15:05:00
MTW: Warning! 596 bars requested 87 bars returned.
start_idx [(19, Timestamp('2017-04-27 09:35:00'))]
start_ema 2017-04-27 08:00:00 start_vwap 2017-04-27 09:35:00 last_bar 2017-04-27 15:10:00 Writing to ./data/MTW_livesignals_20170427_09_40_44.csv ./data/MTW_last.csv
ET:  0.09  minutes
now 2017-04-27 15:20:00.047000 return data: last bar 2017-04-27 15:15:00 last processed bar 2017-04-27 15:10:00
MTW: Warning! 596 bars requested 88 bars returned.
start_idx [(19, Timestamp('2017-04-27 09:35:00'))]
start_ema 2017-04-27 08:00:00 start_vwap 2017-04-27 09:35:00 last_bar 2017-04-27 15:15:00 Writing to ./data/MTW_livesignals_20170427_09_40_44.csv ./data/MTW_last.csv
ET:  0.11  minutes
now 2017-04-27 15:25:02.746000 return data: last bar 2017-04-27 15:20:00 last processed bar 2017-04-27 15:15:00
MTW: Warning! 596 bars requested 89 bars returned.
start_idx [(19, Timestamp('2017-04-27 09:35:00'))]
start_ema 2017-04-27 08:00:00 start_vwap 2017-04-27 09:35:00 last_bar 2017-04-27 15:20:00 Writing to ./data/MTW_livesignals_20170427_09_40_44.csv ./data/MTW_last.csv
ET:  0.06  minutes
now 2017-04-27 15:30:00.688000 return data: last bar 2017-04-27 15:25:00 last processed bar 2017-04-27 15:20:00
MTW: Warning! 596 bars requested 90 bars returned.
start_idx [(19, Timestamp('2017-04-27 09:35:00'))]
start_ema 2017-04-27 08:00:00 start_vwap 2017-04-27 09:35:00 last_bar 2017-04-27 15:25:00 Writing to ./data/MTW_livesignals_20170427_09_40_44.csv ./data/MTW_last.csv
ET:  0.04  minutes
now 2017-04-27 15:35:02.087000 return data: last bar 2017-04-27 15:30:00 last processed bar 2017-04-27 15:25:00
MTW: Warning! 596 bars requested 91 bars returned.
start_idx [(19, Timestamp('2017-04-27 09:35:00'))]
start_ema 2017-04-27 08:00:00 start_vwap 2017-04-27 09:35:00 last_bar 2017-04-27 15:30:00 Writing to ./data/MTW_livesignals_20170427_09_40_44.csv ./data/MTW_last.csv
ET:  0.06  minutes
now 2017-04-27 15:40:04.762000 return data: last bar 2017-04-27 15:35:00 last processed bar 2017-04-27 15:30:00
MTW: Warning! 596 bars requested 92 bars returned.
start_idx [(19, Timestamp('2017-04-27 09:35:00'))]
start_ema 2017-04-27 08:00:00 start_vwap 2017-04-27 09:35:00 last_bar 2017-04-27 15:35:00 Writing to ./data/MTW_livesignals_20170427_09_40_44.csv ./data/MTW_last.csv
ET:  0.03  minutes
now 2017-04-27 15:45:03.804000 return data: last bar 2017-04-27 15:40:00 last processed bar 2017-04-27 15:35:00
MTW: Warning! 596 bars requested 93 bars returned.
start_idx [(19, Timestamp('2017-04-27 09:35:00'))]
start_ema 2017-04-27 08:00:00 start_vwap 2017-04-27 09:35:00 last_bar 2017-04-27 15:40:00 Writing to ./data/MTW_livesignals_20170427_09_40_44.csv ./data/MTW_last.csv
ET:  0.05  minutes
now 2017-04-27 15:50:00.957000 return data: last bar 2017-04-27 15:45:00 last processed bar 2017-04-27 15:40:00
MTW: Warning! 596 bars requested 94 bars returned.
start_idx [(19, Timestamp('2017-04-27 09:35:00'))]
start_ema 2017-04-27 08:00:00 start_vwap 2017-04-27 09:35:00 last_bar 2017-04-27 15:45:00 Writing to ./data/MTW_livesignals_20170427_09_40_44.csv ./data/MTW_last.csv
ET:  0.09  minutes
now 2017-04-27 15:55:01.954000
