return data: last bar 2017-04-24 10:30:00 last processed bar 1000-01-01 00:00:00
start_idx [(582, Timestamp('2017-04-24 09:35:00'))]
start_ema 2017-04-21 15:30:00 start_vwap 2017-04-24 09:35:00 last_bar 2017-04-24 10:30:00 ET:  0.01  minutes
now 2017-04-24 10:35:00.620000 return None: last bar 2017-04-24 10:30:00 last processed bar 2017-04-24 10:30:00
NAVI getFeed did not return any data! last bar: 2017-04-24 10:30:00 now: 10:35:04.891000
now 2017-04-24 10:40:01.548000 return data: last bar 2017-04-24 10:35:00 last processed bar 2017-04-24 10:30:00
start_idx [(581, Timestamp('2017-04-24 09:35:00'))]
start_ema 2017-04-21 15:30:00 start_vwap 2017-04-24 09:35:00 last_bar 2017-04-24 10:35:00 Writing to ./data/NAVI_livesignals_20170424_10_33_14.csv ./data/NAVI_last.csv
ET:  0.2  minutes
now 2017-04-24 10:45:00.677000 return data: last bar 2017-04-24 10:40:00 last processed bar 2017-04-24 10:35:00
start_idx [(580, Timestamp('2017-04-24 09:35:00'))]
start_ema 2017-04-21 15:30:00 start_vwap 2017-04-24 09:35:00 last_bar 2017-04-24 10:40:00 Writing to ./data/NAVI_livesignals_20170424_10_33_14.csv ./data/NAVI_last.csv
ET:  0.07  minutes
now 2017-04-24 10:50:01.626000 return data: last bar 2017-04-24 10:45:00 last processed bar 2017-04-24 10:40:00
start_idx [(579, Timestamp('2017-04-24 09:35:00'))]
start_ema 2017-04-21 15:30:00 start_vwap 2017-04-24 09:35:00 last_bar 2017-04-24 10:45:00 Writing to ./data/NAVI_livesignals_20170424_10_33_14.csv ./data/NAVI_last.csv
ET:  0.23  minutes
now 2017-04-24 10:55:01.245000 return data: last bar 2017-04-24 10:50:00 last processed bar 2017-04-24 10:45:00
start_idx [(578, Timestamp('2017-04-24 09:35:00'))]
start_ema 2017-04-21 15:30:00 start_vwap 2017-04-24 09:35:00 last_bar 2017-04-24 10:50:00 Writing to ./data/NAVI_livesignals_20170424_10_33_14.csv ./data/NAVI_last.csv
ET:  0.23  minutes
now 2017-04-24 11:00:00.294000 ConnectionTimeout caused by - ReadTimeoutError(HTTPConnectionPool(host=u'localhost', port=9200): Read timed out. (read timeout=10))
NAVI getFeed did not return any data! last bar: 2017-04-24 10:50:00 now: 11:00:14.011000
now 2017-04-24 11:05:01.152000 return data: last bar 2017-04-24 11:00:00 last processed bar 2017-04-24 10:50:00
start_idx [(576, Timestamp('2017-04-24 09:35:00'))]
start_ema 2017-04-21 15:30:00 start_vwap 2017-04-24 09:35:00 last_bar 2017-04-24 11:00:00 Writing to ./data/NAVI_livesignals_20170424_10_33_14.csv ./data/NAVI_last.csv
ET:  0.25  minutes
now 2017-04-24 11:10:00.473000 return data: last bar 2017-04-24 11:05:00 last processed bar 2017-04-24 11:00:00
start_idx [(575, Timestamp('2017-04-24 09:35:00'))]
start_ema 2017-04-21 15:30:00 start_vwap 2017-04-24 09:35:00 last_bar 2017-04-24 11:05:00 Writing to ./data/NAVI_livesignals_20170424_10_33_14.csv ./data/NAVI_last.csv
ET:  0.11  minutes
now 2017-04-24 11:15:00.838000 return data: last bar 2017-04-24 11:10:00 last processed bar 2017-04-24 11:05:00
start_idx [(574, Timestamp('2017-04-24 09:35:00'))]
start_ema 2017-04-21 15:30:00 start_vwap 2017-04-24 09:35:00 last_bar 2017-04-24 11:10:00 Writing to ./data/NAVI_livesignals_20170424_10_33_14.csv ./data/NAVI_last.csv
ET:  0.11  minutes
now 2017-04-24 11:20:00.958000 return data: last bar 2017-04-24 11:15:00 last processed bar 2017-04-24 11:10:00
2 bars requested 2 bars returned
start_idx [(0, Timestamp('2017-04-24 09:35:00'))]
start_ema 2017-04-24 09:50:00 data.dropna() feed returned insufficient data
now 2017-04-24 11:25:00.614000 return data: last bar 2017-04-24 11:20:00 last processed bar 2017-04-24 11:15:00
2 bars requested 2 bars returned
start_idx [(0, Timestamp('2017-04-24 09:35:00'))]
start_ema 2017-04-24 09:50:00 data.dropna() feed returned insufficient data
now 2017-04-24 11:30:00.769000 return data: last bar 2017-04-24 11:25:00 last processed bar 2017-04-24 11:20:00
2 bars requested 2 bars returned
start_idx [(0, Timestamp('2017-04-24 09:35:00'))]
start_ema 2017-04-24 09:50:00 data.dropna() feed returned insufficient data
now 2017-04-24 11:35:00.830000 return data: last bar 2017-04-24 11:30:00 last processed bar 2017-04-24 11:25:00
2 bars requested 2 bars returned
start_idx [(0, Timestamp('2017-04-24 09:35:00'))]
start_ema 2017-04-24 09:50:00 data.dropna() feed returned insufficient data
now 2017-04-24 11:40:00.681000 return data: last bar 2017-04-24 11:35:00 last processed bar 2017-04-24 11:30:00
2 bars requested 2 bars returned
start_idx [(0, Timestamp('2017-04-24 09:35:00'))]
start_ema 2017-04-24 09:50:00 data.dropna() feed returned insufficient data
now 2017-04-24 11:45:00.079000 return data: last bar 2017-04-24 11:40:00 last processed bar 2017-04-24 11:35:00
2 bars requested 2 bars returned
start_idx [(0, Timestamp('2017-04-24 09:35:00'))]
start_ema 2017-04-24 09:50:00 data.dropna() feed returned insufficient data
now 2017-04-24 11:50:00.062000 return data: last bar 2017-04-24 11:45:00 last processed bar 2017-04-24 11:40:00
2 bars requested 2 bars returned
start_idx [(0, Timestamp('2017-04-24 09:35:00'))]
start_ema 2017-04-24 09:50:00 data.dropna() feed returned insufficient data
now 2017-04-24 11:55:00.472000 return data: last bar 2017-04-24 11:50:00 last processed bar 2017-04-24 11:45:00
2 bars requested 2 bars returned
start_idx [(0, Timestamp('2017-04-24 09:35:00'))]
start_ema 2017-04-24 09:50:00 data.dropna() feed returned insufficient data
now 2017-04-24 12:00:00.463000 return data: last bar 2017-04-24 11:55:00 last processed bar 2017-04-24 11:50:00
2 bars requested 2 bars returned
start_idx [(0, Timestamp('2017-04-24 09:35:00'))]
start_ema 2017-04-24 09:50:00 data.dropna() feed returned insufficient data
now 2017-04-24 12:05:00.197000 return data: last bar 2017-04-24 12:00:00 last processed bar 2017-04-24 11:55:00
2 bars requested 2 bars returned
start_idx [(0, Timestamp('2017-04-24 09:35:00'))]
start_ema 2017-04-24 09:50:00 data.dropna() feed returned insufficient data
now 2017-04-24 12:10:00.508000 return data: last bar 2017-04-24 12:05:00 last processed bar 2017-04-24 12:00:00
2 bars requested 2 bars returned
start_idx [(0, Timestamp('2017-04-24 09:35:00'))]
start_ema 2017-04-24 09:50:00 data.dropna() feed returned insufficient data
now 2017-04-24 12:15:01.032000 return data: last bar 2017-04-24 12:10:00 last processed bar 2017-04-24 12:05:00
2 bars requested 2 bars returned
start_idx [(0, Timestamp('2017-04-24 09:35:00'))]
start_ema 2017-04-24 09:50:00 data.dropna() feed returned insufficient data
now 2017-04-24 12:20:01.174000 return data: last bar 2017-04-24 12:15:00 last processed bar 2017-04-24 12:10:00
2 bars requested 2 bars returned
start_idx [(0, Timestamp('2017-04-24 09:35:00'))]
start_ema 2017-04-24 09:50:00 data.dropna() feed returned insufficient data
now 2017-04-24 12:25:00.558000 return data: last bar 2017-04-24 12:20:00 last processed bar 2017-04-24 12:15:00
2 bars requested 2 bars returned
start_idx [(0, Timestamp('2017-04-24 09:35:00'))]
start_ema 2017-04-24 09:50:00 data.dropna() feed returned insufficient data
now 2017-04-24 12:30:00.954000 return data: last bar 2017-04-24 12:25:00 last processed bar 2017-04-24 12:20:00
2 bars requested 2 bars returned
start_idx [(0, Timestamp('2017-04-24 09:35:00'))]
start_ema 2017-04-24 09:50:00 data.dropna() feed returned insufficient data
now 2017-04-24 12:35:00.140000 return data: last bar 2017-04-24 12:30:00 last processed bar 2017-04-24 12:25:00
2 bars requested 2 bars returned
start_idx [(0, Timestamp('2017-04-24 09:35:00'))]
start_ema 2017-04-24 09:50:00 data.dropna() feed returned insufficient data
now 2017-04-24 12:40:00.022000 return data: last bar 2017-04-24 12:35:00 last processed bar 2017-04-24 12:30:00
2 bars requested 2 bars returned
start_idx [(0, Timestamp('2017-04-24 09:35:00'))]
start_ema 2017-04-24 09:50:00 data.dropna() feed returned insufficient data
now 2017-04-24 12:40:02.929000 return None: last bar 2017-04-24 12:35:00 last processed bar 2017-04-24 12:35:00
2 bars requested None returned
NAVI getFeed did not return any data! last bar: 2017-04-24 12:35:00 now: 12:40:02.946000
now 2017-04-24 12:45:00.345000 return data: last bar 2017-04-24 12:40:00 last processed bar 2017-04-24 12:35:00
2 bars requested 2 bars returned
start_idx [(0, Timestamp('2017-04-24 09:35:00'))]
start_ema 2017-04-24 09:50:00 data.dropna() feed returned insufficient data
now 2017-04-24 12:50:00.836000 return data: last bar 2017-04-24 12:45:00 last processed bar 2017-04-24 12:40:00
2 bars requested 2 bars returned
start_idx [(0, Timestamp('2017-04-24 09:35:00'))]
start_ema 2017-04-24 09:50:00 data.dropna() feed returned insufficient data
now 2017-04-24 12:55:00.720000 return data: last bar 2017-04-24 12:50:00 last processed bar 2017-04-24 12:45:00
2 bars requested 2 bars returned
start_idx [(0, Timestamp('2017-04-24 09:35:00'))]
start_ema 2017-04-24 09:50:00 data.dropna() feed returned insufficient data
now 2017-04-24 13:00:00.687000 return data: last bar 2017-04-24 12:55:00 last processed bar 2017-04-24 12:50:00
2 bars requested 2 bars returned
start_idx [(0, Timestamp('2017-04-24 09:35:00'))]
start_ema 2017-04-24 09:50:00 data.dropna() feed returned insufficient data
now 2017-04-24 13:05:00.986000 return data: last bar 2017-04-24 13:00:00 last processed bar 2017-04-24 12:55:00
2 bars requested 2 bars returned
start_idx [(0, Timestamp('2017-04-24 09:35:00'))]
start_ema 2017-04-24 09:50:00 data.dropna() feed returned insufficient data
now 2017-04-24 13:10:00.375000 return data: last bar 2017-04-24 13:05:00 last processed bar 2017-04-24 13:00:00
2 bars requested 2 bars returned
start_idx [(0, Timestamp('2017-04-24 09:35:00'))]
start_ema 2017-04-24 09:50:00 data.dropna() feed returned insufficient data
now 2017-04-24 13:15:00.460000 return data: last bar 2017-04-24 13:10:00 last processed bar 2017-04-24 13:05:00
2 bars requested 2 bars returned
start_idx [(0, Timestamp('2017-04-24 09:35:00'))]
start_ema 2017-04-24 09:50:00 data.dropna() feed returned insufficient data
now 2017-04-24 13:20:00.459000 return data: last bar 2017-04-24 13:15:00 last processed bar 2017-04-24 13:10:00
2 bars requested 2 bars returned
start_idx [(0, Timestamp('2017-04-24 09:35:00'))]
start_ema 2017-04-24 09:50:00 data.dropna() feed returned insufficient data
now 2017-04-24 13:25:00.581000 return data: last bar 2017-04-24 13:20:00 last processed bar 2017-04-24 13:15:00
2 bars requested 2 bars returned
start_idx [(0, Timestamp('2017-04-24 09:35:00'))]
start_ema 2017-04-24 09:50:00 data.dropna() feed returned insufficient data
now 2017-04-24 13:30:00.514000 return data: last bar 2017-04-24 13:25:00 last processed bar 2017-04-24 13:20:00
2 bars requested 2 bars returned
start_idx [(0, Timestamp('2017-04-24 09:35:00'))]
start_ema 2017-04-24 09:50:00 data.dropna() feed returned insufficient data
now 2017-04-24 13:35:00.343000 return data: last bar 2017-04-24 13:30:00 last processed bar 2017-04-24 13:25:00
2 bars requested 2 bars returned
start_idx [(0, Timestamp('2017-04-24 09:35:00'))]
start_ema 2017-04-24 09:50:00 data.dropna() feed returned insufficient data
now 2017-04-24 13:40:01.135000 return data: last bar 2017-04-24 13:35:00 last processed bar 2017-04-24 13:30:00
2 bars requested 2 bars returned
start_idx [(0, Timestamp('2017-04-24 09:35:00'))]
start_ema 2017-04-24 09:50:00 data.dropna() feed returned insufficient data
now 2017-04-24 13:45:00.625000 return data: last bar 2017-04-24 13:40:00 last processed bar 2017-04-24 13:35:00
2 bars requested 2 bars returned
start_idx [(0, Timestamp('2017-04-24 09:35:00'))]
start_ema 2017-04-24 09:50:00 data.dropna() feed returned insufficient data
now 2017-04-24 13:50:00.205000 return data: last bar 2017-04-24 13:45:00 last processed bar 2017-04-24 13:40:00
2 bars requested 2 bars returned
start_idx [(0, Timestamp('2017-04-24 09:35:00'))]
start_ema 2017-04-24 09:50:00 data.dropna() feed returned insufficient data
now 2017-04-24 13:55:00.374000 return data: last bar 2017-04-24 13:50:00 last processed bar 2017-04-24 13:45:00
2 bars requested 2 bars returned
start_idx [(0, Timestamp('2017-04-24 09:35:00'))]
start_ema 2017-04-24 09:50:00 data.dropna() feed returned insufficient data
now 2017-04-24 14:00:00.375000 return data: last bar 2017-04-24 13:55:00 last processed bar 2017-04-24 13:50:00
2 bars requested 2 bars returned
start_idx [(0, Timestamp('2017-04-24 09:35:00'))]
start_ema 2017-04-24 09:50:00 data.dropna() feed returned insufficient data
now 2017-04-24 14:05:00.186000 return data: last bar 2017-04-24 14:00:00 last processed bar 2017-04-24 13:55:00
2 bars requested 2 bars returned
start_idx [(0, Timestamp('2017-04-24 09:35:00'))]
start_ema 2017-04-24 09:50:00 data.dropna() feed returned insufficient data
now 2017-04-24 14:10:00.717000 return data: last bar 2017-04-24 14:05:00 last processed bar 2017-04-24 14:00:00
2 bars requested 2 bars returned
start_idx [(0, Timestamp('2017-04-24 09:35:00'))]
start_ema 2017-04-24 09:50:00 data.dropna() feed returned insufficient data
now 2017-04-24 14:15:00.641000 return data: last bar 2017-04-24 14:10:00 last processed bar 2017-04-24 14:05:00
2 bars requested 2 bars returned
start_idx [(0, Timestamp('2017-04-24 09:35:00'))]
start_ema 2017-04-24 09:50:00 data.dropna() feed returned insufficient data
now 2017-04-24 14:20:00.867000 return data: last bar 2017-04-24 14:15:00 last processed bar 2017-04-24 14:10:00
2 bars requested 2 bars returned
start_idx [(0, Timestamp('2017-04-24 09:35:00'))]
start_ema 2017-04-24 09:50:00 data.dropna() feed returned insufficient data
now 2017-04-24 14:25:00.598000 return data: last bar 2017-04-24 14:20:00 last processed bar 2017-04-24 14:15:00
2 bars requested 2 bars returned
start_idx [(0, Timestamp('2017-04-24 09:35:00'))]
start_ema 2017-04-24 09:50:00 data.dropna() feed returned insufficient data
now 2017-04-24 14:30:00.865000 return data: last bar 2017-04-24 14:25:00 last processed bar 2017-04-24 14:20:00
2 bars requested 2 bars returned
start_idx [(0, Timestamp('2017-04-24 09:35:00'))]
start_ema 2017-04-24 09:50:00 data.dropna() feed returned insufficient data
now 2017-04-24 14:35:00.833000 return data: last bar 2017-04-24 14:30:00 last processed bar 2017-04-24 14:25:00
2 bars requested 2 bars returned
start_idx [(0, Timestamp('2017-04-24 09:35:00'))]
start_ema 2017-04-24 09:50:00 data.dropna() feed returned insufficient data
now 2017-04-24 14:40:00.405000 return data: last bar 2017-04-24 14:35:00 last processed bar 2017-04-24 14:30:00
2 bars requested 2 bars returned
start_idx [(0, Timestamp('2017-04-24 09:35:00'))]
start_ema 2017-04-24 09:50:00 data.dropna() feed returned insufficient data
now 2017-04-24 14:45:00.120000 return data: last bar 2017-04-24 14:40:00 last processed bar 2017-04-24 14:35:00
2 bars requested 2 bars returned
start_idx [(0, Timestamp('2017-04-24 09:35:00'))]
start_ema 2017-04-24 09:50:00 data.dropna() feed returned insufficient data
now 2017-04-24 14:50:00.279000 return data: last bar 2017-04-24 14:45:00 last processed bar 2017-04-24 14:40:00
2 bars requested 2 bars returned
start_idx [(0, Timestamp('2017-04-24 09:35:00'))]
start_ema 2017-04-24 09:50:00 data.dropna() feed returned insufficient data
now 2017-04-24 14:55:00.346000 return data: last bar 2017-04-24 14:50:00 last processed bar 2017-04-24 14:45:00
2 bars requested 2 bars returned
start_idx [(0, Timestamp('2017-04-24 09:35:00'))]
start_ema 2017-04-24 09:50:00 data.dropna() feed returned insufficient data
now 2017-04-24 15:00:00.182000 return data: last bar 2017-04-24 14:55:00 last processed bar 2017-04-24 14:50:00
2 bars requested 2 bars returned
start_idx [(0, Timestamp('2017-04-24 09:35:00'))]
start_ema 2017-04-24 09:50:00 data.dropna() feed returned insufficient data
now 2017-04-24 15:05:00.270000 return data: last bar 2017-04-24 15:00:00 last processed bar 2017-04-24 14:55:00
2 bars requested 2 bars returned
start_idx [(0, Timestamp('2017-04-24 09:35:00'))]
start_ema 2017-04-24 09:50:00 data.dropna() feed returned insufficient data
now 2017-04-24 15:10:00.953000 return data: last bar 2017-04-24 15:05:00 last processed bar 2017-04-24 15:00:00
2 bars requested 2 bars returned
start_idx [(0, Timestamp('2017-04-24 09:35:00'))]
start_ema 2017-04-24 09:50:00 data.dropna() feed returned insufficient data
now 2017-04-24 15:15:00.911000 return data: last bar 2017-04-24 15:10:00 last processed bar 2017-04-24 15:05:00
2 bars requested 2 bars returned
start_idx [(0, Timestamp('2017-04-24 09:35:00'))]
start_ema 2017-04-24 09:50:00 data.dropna() feed returned insufficient data
now 2017-04-24 15:20:00.889000 return data: last bar 2017-04-24 15:15:00 last processed bar 2017-04-24 15:10:00
2 bars requested 2 bars returned
start_idx [(0, Timestamp('2017-04-24 09:35:00'))]
start_ema 2017-04-24 09:50:00 data.dropna() feed returned insufficient data
now 2017-04-24 15:25:00.851000 return data: last bar 2017-04-24 15:20:00 last processed bar 2017-04-24 15:15:00
2 bars requested 2 bars returned
start_idx [(0, Timestamp('2017-04-24 09:35:00'))]
start_ema 2017-04-24 09:50:00 data.dropna() feed returned insufficient data
now 2017-04-24 15:30:00.818000 return data: last bar 2017-04-24 15:25:00 last processed bar 2017-04-24 15:20:00
2 bars requested 2 bars returned
start_idx [(0, Timestamp('2017-04-24 09:35:00'))]
start_ema 2017-04-24 09:50:00 data.dropna() feed returned insufficient data
now 2017-04-24 15:35:00.464000 return data: last bar 2017-04-24 15:30:00 last processed bar 2017-04-24 15:25:00
2 bars requested 2 bars returned
start_idx [(0, Timestamp('2017-04-24 09:35:00'))]
start_ema 2017-04-24 09:50:00 data.dropna() feed returned insufficient data
now 2017-04-24 15:40:01.081000 return data: last bar 2017-04-24 15:35:00 last processed bar 2017-04-24 15:30:00
2 bars requested 2 bars returned
start_idx [(0, Timestamp('2017-04-24 09:35:00'))]
start_ema 2017-04-24 09:50:00 data.dropna() feed returned insufficient data
now 2017-04-24 15:45:00.935000 return data: last bar 2017-04-24 15:40:00 last processed bar 2017-04-24 15:35:00
2 bars requested 2 bars returned
start_idx [(0, Timestamp('2017-04-24 09:35:00'))]
start_ema 2017-04-24 09:50:00 data.dropna() feed returned insufficient data
now 2017-04-24 15:50:00.964000 return data: last bar 2017-04-24 15:45:00 last processed bar 2017-04-24 15:40:00
2 bars requested 2 bars returned
start_idx [(0, Timestamp('2017-04-24 09:35:00'))]
start_ema 2017-04-24 09:50:00 data.dropna() feed returned insufficient data
now 2017-04-24 15:55:00.990000
