return data: last bar 2017-04-24 10:30:00 last processed bar 1000-01-01 00:00:00
start_idx [(584, Timestamp('2017-04-24 09:35:00'))]
start_ema 2017-04-24 08:00:00 start_vwap 2017-04-24 09:35:00 last_bar 2017-04-24 10:30:00 ET:  0.01  minutes
now 2017-04-24 10:35:01.184000 return None: last bar 2017-04-24 10:30:00 last processed bar 2017-04-24 10:30:00
NLNK getFeed did not return any data! last bar: 2017-04-24 10:30:00 now: 10:35:03.903000
now 2017-04-24 10:40:00.034000 return data: last bar 2017-04-24 10:35:00 last processed bar 2017-04-24 10:30:00
start_idx [(583, Timestamp('2017-04-24 09:35:00'))]
start_ema 2017-04-24 08:00:00 start_vwap 2017-04-24 09:35:00 last_bar 2017-04-24 10:35:00 Writing to ./data/NLNK_livesignals_20170424_10_32_39.csv ./data/NLNK_last.csv
ET:  0.12  minutes
now 2017-04-24 10:45:00.458000 return data: last bar 2017-04-24 10:40:00 last processed bar 2017-04-24 10:35:00
start_idx [(582, Timestamp('2017-04-24 09:35:00'))]
start_ema 2017-04-24 08:00:00 start_vwap 2017-04-24 09:35:00 last_bar 2017-04-24 10:40:00 Writing to ./data/NLNK_livesignals_20170424_10_32_39.csv ./data/NLNK_last.csv
ET:  0.08  minutes
now 2017-04-24 10:50:00.001000 return data: last bar 2017-04-24 10:45:00 last processed bar 2017-04-24 10:40:00
start_idx [(581, Timestamp('2017-04-24 09:35:00'))]
start_ema 2017-04-24 08:00:00 start_vwap 2017-04-24 09:35:00 last_bar 2017-04-24 10:45:00 Writing to ./data/NLNK_livesignals_20170424_10_32_39.csv ./data/NLNK_last.csv
ET:  0.05  minutes
now 2017-04-24 10:55:00.481000 return data: last bar 2017-04-24 10:50:00 last processed bar 2017-04-24 10:45:00
start_idx [(580, Timestamp('2017-04-24 09:35:00'))]
start_ema 2017-04-24 08:00:00 start_vwap 2017-04-24 09:35:00 last_bar 2017-04-24 10:50:00 Writing to ./data/NLNK_livesignals_20170424_10_32_39.csv ./data/NLNK_last.csv
ET:  0.07  minutes
now 2017-04-24 11:00:01.585000 return data: last bar 2017-04-24 10:55:00 last processed bar 2017-04-24 10:50:00
start_idx [(579, Timestamp('2017-04-24 09:35:00'))]
start_ema 2017-04-24 08:00:00 start_vwap 2017-04-24 09:35:00 last_bar 2017-04-24 10:55:00 Writing to ./data/NLNK_livesignals_20170424_10_32_39.csv ./data/NLNK_last.csv
ET:  0.2  minutes
now 2017-04-24 11:05:00.986000 return data: last bar 2017-04-24 11:00:00 last processed bar 2017-04-24 10:55:00
start_idx [(578, Timestamp('2017-04-24 09:35:00'))]
start_ema 2017-04-24 08:00:00 start_vwap 2017-04-24 09:35:00 last_bar 2017-04-24 11:00:00 Writing to ./data/NLNK_livesignals_20170424_10_32_39.csv ./data/NLNK_last.csv
ET:  0.26  minutes
now 2017-04-24 11:10:01.054000 return data: last bar 2017-04-24 11:05:00 last processed bar 2017-04-24 11:00:00
start_idx [(577, Timestamp('2017-04-24 09:35:00'))]
start_ema 2017-04-24 08:00:00 start_vwap 2017-04-24 09:35:00 last_bar 2017-04-24 11:05:00 Writing to ./data/NLNK_livesignals_20170424_10_32_39.csv ./data/NLNK_last.csv
ET:  0.25  minutes
now 2017-04-24 11:15:00.025000 return data: last bar 2017-04-24 11:10:00 last processed bar 2017-04-24 11:05:00
start_idx [(576, Timestamp('2017-04-24 09:35:00'))]
start_ema 2017-04-24 08:00:00 start_vwap 2017-04-24 09:35:00 last_bar 2017-04-24 11:10:00 Writing to ./data/NLNK_livesignals_20170424_10_32_39.csv ./data/NLNK_last.csv
ET:  0.05  minutes
now 2017-04-24 11:20:01.096000 return data: last bar 2017-04-24 11:15:00 last processed bar 2017-04-24 11:10:00
start_idx [(575, Timestamp('2017-04-24 09:35:00'))]
start_ema 2017-04-24 08:00:00 start_vwap 2017-04-24 09:35:00 last_bar 2017-04-24 11:15:00 Writing to ./data/NLNK_livesignals_20170424_10_32_39.csv ./data/NLNK_last.csv
ET:  0.2  minutes
now 2017-04-24 11:25:00.508000 return data: last bar 2017-04-24 11:20:00 last processed bar 2017-04-24 11:15:00
2 bars requested 2 bars returned
start_idx [(0, Timestamp('2017-04-24 09:35:00'))]
start_ema 2017-04-24 09:50:00 data.dropna() feed returned insufficient data
now 2017-04-24 11:30:01.036000 return data: last bar 2017-04-24 11:25:00 last processed bar 2017-04-24 11:20:00
2 bars requested 2 bars returned
start_idx [(0, Timestamp('2017-04-24 09:35:00'))]
start_ema 2017-04-24 09:50:00 data.dropna() feed returned insufficient data
now 2017-04-24 11:35:00.383000 return data: last bar 2017-04-24 11:30:00 last processed bar 2017-04-24 11:25:00
2 bars requested 2 bars returned
start_idx [(0, Timestamp('2017-04-24 09:35:00'))]
start_ema 2017-04-24 09:50:00 data.dropna() feed returned insufficient data
now 2017-04-24 11:40:00.672000 return data: last bar 2017-04-24 11:35:00 last processed bar 2017-04-24 11:30:00
2 bars requested 2 bars returned
start_idx [(0, Timestamp('2017-04-24 09:35:00'))]
start_ema 2017-04-24 09:50:00 data.dropna() feed returned insufficient data
now 2017-04-24 11:45:01.020000 return data: last bar 2017-04-24 11:40:00 last processed bar 2017-04-24 11:35:00
2 bars requested 2 bars returned
start_idx [(0, Timestamp('2017-04-24 09:35:00'))]
start_ema 2017-04-24 09:50:00 data.dropna() feed returned insufficient data
now 2017-04-24 11:50:01.161000 return data: last bar 2017-04-24 11:45:00 last processed bar 2017-04-24 11:40:00
2 bars requested 2 bars returned
start_idx [(0, Timestamp('2017-04-24 09:35:00'))]
start_ema 2017-04-24 09:50:00 data.dropna() feed returned insufficient data
now 2017-04-24 11:55:00.035000 return data: last bar 2017-04-24 11:50:00 last processed bar 2017-04-24 11:45:00
2 bars requested 2 bars returned
start_idx [(0, Timestamp('2017-04-24 09:35:00'))]
start_ema 2017-04-24 09:50:00 data.dropna() feed returned insufficient data
now 2017-04-24 12:00:00.567000 return data: last bar 2017-04-24 11:55:00 last processed bar 2017-04-24 11:50:00
2 bars requested 2 bars returned
start_idx [(0, Timestamp('2017-04-24 09:35:00'))]
start_ema 2017-04-24 09:50:00 data.dropna() feed returned insufficient data
now 2017-04-24 12:05:00.805000 return data: last bar 2017-04-24 12:00:00 last processed bar 2017-04-24 11:55:00
2 bars requested 2 bars returned
start_idx [(0, Timestamp('2017-04-24 09:35:00'))]
start_ema 2017-04-24 09:50:00 data.dropna() feed returned insufficient data
now 2017-04-24 12:10:00.917000 return data: last bar 2017-04-24 12:05:00 last processed bar 2017-04-24 12:00:00
2 bars requested 2 bars returned
start_idx [(0, Timestamp('2017-04-24 09:35:00'))]
start_ema 2017-04-24 09:50:00 data.dropna() feed returned insufficient data
now 2017-04-24 12:15:00.665000 return data: last bar 2017-04-24 12:10:00 last processed bar 2017-04-24 12:05:00
2 bars requested 2 bars returned
start_idx [(0, Timestamp('2017-04-24 09:35:00'))]
start_ema 2017-04-24 09:50:00 data.dropna() feed returned insufficient data
now 2017-04-24 12:20:00.397000 return data: last bar 2017-04-24 12:15:00 last processed bar 2017-04-24 12:10:00
2 bars requested 2 bars returned
start_idx [(0, Timestamp('2017-04-24 09:35:00'))]
start_ema 2017-04-24 09:50:00 data.dropna() feed returned insufficient data
now 2017-04-24 12:25:00.807000 return data: last bar 2017-04-24 12:20:00 last processed bar 2017-04-24 12:15:00
2 bars requested 2 bars returned
start_idx [(0, Timestamp('2017-04-24 09:35:00'))]
start_ema 2017-04-24 09:50:00 data.dropna() feed returned insufficient data
now 2017-04-24 12:30:00.670000 return data: last bar 2017-04-24 12:25:00 last processed bar 2017-04-24 12:20:00
2 bars requested 2 bars returned
start_idx [(0, Timestamp('2017-04-24 09:35:00'))]
start_ema 2017-04-24 09:50:00 data.dropna() feed returned insufficient data
now 2017-04-24 12:35:00.821000 return data: last bar 2017-04-24 12:30:00 last processed bar 2017-04-24 12:25:00
2 bars requested 2 bars returned
start_idx [(0, Timestamp('2017-04-24 09:35:00'))]
start_ema 2017-04-24 09:50:00 data.dropna() feed returned insufficient data
now 2017-04-24 12:40:00.643000 return data: last bar 2017-04-24 12:35:00 last processed bar 2017-04-24 12:30:00
2 bars requested 2 bars returned
start_idx [(0, Timestamp('2017-04-24 09:35:00'))]
start_ema 2017-04-24 09:50:00 data.dropna() feed returned insufficient data
now 2017-04-24 12:45:00.710000 return data: last bar 2017-04-24 12:40:00 last processed bar 2017-04-24 12:35:00
2 bars requested 2 bars returned
start_idx [(0, Timestamp('2017-04-24 09:35:00'))]
start_ema 2017-04-24 09:50:00 data.dropna() feed returned insufficient data
now 2017-04-24 12:50:00.476000 return data: last bar 2017-04-24 12:45:00 last processed bar 2017-04-24 12:40:00
2 bars requested 2 bars returned
start_idx [(0, Timestamp('2017-04-24 09:35:00'))]
start_ema 2017-04-24 09:50:00 data.dropna() feed returned insufficient data
now 2017-04-24 12:55:00.921000 return data: last bar 2017-04-24 12:50:00 last processed bar 2017-04-24 12:45:00
2 bars requested 2 bars returned
start_idx [(0, Timestamp('2017-04-24 09:35:00'))]
start_ema 2017-04-24 09:50:00 data.dropna() feed returned insufficient data
now 2017-04-24 13:00:00.636000 return data: last bar 2017-04-24 12:55:00 last processed bar 2017-04-24 12:50:00
2 bars requested 2 bars returned
start_idx [(0, Timestamp('2017-04-24 09:35:00'))]
start_ema 2017-04-24 09:50:00 data.dropna() feed returned insufficient data
now 2017-04-24 13:05:00.971000 return data: last bar 2017-04-24 13:00:00 last processed bar 2017-04-24 12:55:00
2 bars requested 2 bars returned
start_idx [(0, Timestamp('2017-04-24 09:35:00'))]
start_ema 2017-04-24 09:50:00 data.dropna() feed returned insufficient data
now 2017-04-24 13:10:00.441000 return data: last bar 2017-04-24 13:05:00 last processed bar 2017-04-24 13:00:00
2 bars requested 2 bars returned
start_idx [(0, Timestamp('2017-04-24 09:35:00'))]
start_ema 2017-04-24 09:50:00 data.dropna() feed returned insufficient data
now 2017-04-24 13:15:00.805000 return data: last bar 2017-04-24 13:10:00 last processed bar 2017-04-24 13:05:00
2 bars requested 2 bars returned
start_idx [(0, Timestamp('2017-04-24 09:35:00'))]
start_ema 2017-04-24 09:50:00 data.dropna() feed returned insufficient data
now 2017-04-24 13:20:01.019000 return data: last bar 2017-04-24 13:15:00 last processed bar 2017-04-24 13:10:00
2 bars requested 2 bars returned
start_idx [(0, Timestamp('2017-04-24 09:35:00'))]
start_ema 2017-04-24 09:50:00 data.dropna() feed returned insufficient data
now 2017-04-24 13:25:00.863000 return data: last bar 2017-04-24 13:20:00 last processed bar 2017-04-24 13:15:00
2 bars requested 2 bars returned
start_idx [(0, Timestamp('2017-04-24 09:35:00'))]
start_ema 2017-04-24 09:50:00 data.dropna() feed returned insufficient data
now 2017-04-24 13:30:00.333000 return data: last bar 2017-04-24 13:25:00 last processed bar 2017-04-24 13:20:00
2 bars requested 2 bars returned
start_idx [(0, Timestamp('2017-04-24 09:35:00'))]
start_ema 2017-04-24 09:50:00 data.dropna() feed returned insufficient data
now 2017-04-24 13:35:00.559000 return data: last bar 2017-04-24 13:30:00 last processed bar 2017-04-24 13:25:00
2 bars requested 2 bars returned
start_idx [(0, Timestamp('2017-04-24 09:35:00'))]
start_ema 2017-04-24 09:50:00 data.dropna() feed returned insufficient data
now 2017-04-24 13:40:00.505000 return data: last bar 2017-04-24 13:35:00 last processed bar 2017-04-24 13:30:00
2 bars requested 2 bars returned
start_idx [(0, Timestamp('2017-04-24 09:35:00'))]
start_ema 2017-04-24 09:50:00 data.dropna() feed returned insufficient data
now 2017-04-24 13:45:01.287000 return data: last bar 2017-04-24 13:40:00 last processed bar 2017-04-24 13:35:00
2 bars requested 2 bars returned
start_idx [(0, Timestamp('2017-04-24 09:35:00'))]
start_ema 2017-04-24 09:50:00 data.dropna() feed returned insufficient data
now 2017-04-24 13:50:01.148000 return data: last bar 2017-04-24 13:45:00 last processed bar 2017-04-24 13:40:00
2 bars requested 2 bars returned
start_idx [(0, Timestamp('2017-04-24 09:35:00'))]
start_ema 2017-04-24 09:50:00 data.dropna() feed returned insufficient data
now 2017-04-24 13:55:00.356000 return data: last bar 2017-04-24 13:50:00 last processed bar 2017-04-24 13:45:00
2 bars requested 2 bars returned
start_idx [(0, Timestamp('2017-04-24 09:35:00'))]
start_ema 2017-04-24 09:50:00 data.dropna() feed returned insufficient data
now 2017-04-24 14:00:00.580000 return data: last bar 2017-04-24 13:55:00 last processed bar 2017-04-24 13:50:00
2 bars requested 2 bars returned
start_idx [(0, Timestamp('2017-04-24 09:35:00'))]
start_ema 2017-04-24 09:50:00 data.dropna() feed returned insufficient data
now 2017-04-24 14:05:00.514000 return data: last bar 2017-04-24 14:00:00 last processed bar 2017-04-24 13:55:00
2 bars requested 2 bars returned
start_idx [(0, Timestamp('2017-04-24 09:35:00'))]
start_ema 2017-04-24 09:50:00 data.dropna() feed returned insufficient data
now 2017-04-24 14:10:00.240000 return None: last bar 2017-04-24 14:00:00 last processed bar 2017-04-24 14:00:00
2 bars requested None returned
NLNK getFeed did not return any data! last bar: 2017-04-24 14:00:00 now: 14:10:00.632000
now 2017-04-24 14:15:00.143000 return None: last bar 2017-04-24 14:00:00 last processed bar 2017-04-24 14:00:00
2 bars requested None returned
NLNK getFeed did not return any data! last bar: 2017-04-24 14:00:00 now: 14:15:00.194000
now 2017-04-24 14:20:00.299000 return None: last bar 2017-04-24 14:00:00 last processed bar 2017-04-24 14:00:00
2 bars requested None returned
NLNK getFeed did not return any data! last bar: 2017-04-24 14:00:00 now: 14:20:00.362000
now 2017-04-24 14:25:00.619000 return None: last bar 2017-04-24 14:00:00 last processed bar 2017-04-24 14:00:00
2 bars requested None returned
NLNK getFeed did not return any data! last bar: 2017-04-24 14:00:00 now: 14:25:00.720000
now 2017-04-24 14:30:01.128000 return None: last bar 2017-04-24 14:00:00 last processed bar 2017-04-24 14:00:00
2 bars requested None returned
NLNK getFeed did not return any data! last bar: 2017-04-24 14:00:00 now: 14:30:01.610000
now 2017-04-24 14:35:00.958000 return None: last bar 2017-04-24 14:00:00 last processed bar 2017-04-24 14:00:00
2 bars requested None returned
NLNK getFeed did not return any data! last bar: 2017-04-24 14:00:00 now: 14:35:01.282000
now 2017-04-24 14:40:00.745000 return None: last bar 2017-04-24 14:00:00 last processed bar 2017-04-24 14:00:00
2 bars requested None returned
NLNK getFeed did not return any data! last bar: 2017-04-24 14:00:00 now: 14:40:01.514000
now 2017-04-24 14:45:00.688000 return None: last bar 2017-04-24 14:00:00 last processed bar 2017-04-24 14:00:00
2 bars requested None returned
NLNK getFeed did not return any data! last bar: 2017-04-24 14:00:00 now: 14:45:00.802000
now 2017-04-24 14:50:00.883000 return None: last bar 2017-04-24 14:00:00 last processed bar 2017-04-24 14:00:00
2 bars requested None returned
NLNK getFeed did not return any data! last bar: 2017-04-24 14:00:00 now: 14:50:01.046000
now 2017-04-24 14:55:00.398000 return None: last bar 2017-04-24 14:00:00 last processed bar 2017-04-24 14:00:00
2 bars requested None returned
NLNK getFeed did not return any data! last bar: 2017-04-24 14:00:00 now: 14:55:00.558000
now 2017-04-24 15:00:00.626000 return None: last bar 2017-04-24 14:00:00 last processed bar 2017-04-24 14:00:00
2 bars requested None returned
NLNK getFeed did not return any data! last bar: 2017-04-24 14:00:00 now: 15:00:00.703000
now 2017-04-24 15:05:00.975000 return None: last bar 2017-04-24 14:00:00 last processed bar 2017-04-24 14:00:00
2 bars requested None returned
NLNK getFeed did not return any data! last bar: 2017-04-24 14:00:00 now: 15:05:01.424000
now 2017-04-24 15:10:00.465000 return None: last bar 2017-04-24 14:00:00 last processed bar 2017-04-24 14:00:00
2 bars requested None returned
NLNK getFeed did not return any data! last bar: 2017-04-24 14:00:00 now: 15:10:00.516000
now 2017-04-24 15:15:00.584000 return None: last bar 2017-04-24 14:00:00 last processed bar 2017-04-24 14:00:00
2 bars requested None returned
NLNK getFeed did not return any data! last bar: 2017-04-24 14:00:00 now: 15:15:01.820000
now 2017-04-24 15:20:00.845000 return None: last bar 2017-04-24 14:00:00 last processed bar 2017-04-24 14:00:00
2 bars requested None returned
NLNK getFeed did not return any data! last bar: 2017-04-24 14:00:00 now: 15:20:01.036000
now 2017-04-24 15:25:00.872000 return None: last bar 2017-04-24 14:00:00 last processed bar 2017-04-24 14:00:00
2 bars requested None returned
NLNK getFeed did not return any data! last bar: 2017-04-24 14:00:00 now: 15:25:01.321000
now 2017-04-24 15:30:00.024000 return None: last bar 2017-04-24 14:00:00 last processed bar 2017-04-24 14:00:00
2 bars requested None returned
NLNK getFeed did not return any data! last bar: 2017-04-24 14:00:00 now: 15:30:00.040000
now 2017-04-24 15:35:00.192000 return None: last bar 2017-04-24 14:00:00 last processed bar 2017-04-24 14:00:00
2 bars requested None returned
NLNK getFeed did not return any data! last bar: 2017-04-24 14:00:00 now: 15:35:00.210000
now 2017-04-24 15:40:00.346000 return None: last bar 2017-04-24 14:00:00 last processed bar 2017-04-24 14:00:00
2 bars requested None returned
NLNK getFeed did not return any data! last bar: 2017-04-24 14:00:00 now: 15:40:00.508000
now 2017-04-24 15:45:00.009000 return None: last bar 2017-04-24 14:00:00 last processed bar 2017-04-24 14:00:00
2 bars requested None returned
NLNK getFeed did not return any data! last bar: 2017-04-24 14:00:00 now: 15:45:00.022000
now 2017-04-24 15:50:00.161000 return None: last bar 2017-04-24 14:00:00 last processed bar 2017-04-24 14:00:00
2 bars requested None returned
NLNK getFeed did not return any data! last bar: 2017-04-24 14:00:00 now: 15:50:00.184000
now 2017-04-24 15:55:00.180000
