return data: last bar 2017-04-21 09:45:00 last processed bar 1000-01-01 00:00:00
596 bars requested 6 bars returned
start_idx [(3, Timestamp('2017-04-21 09:35:00'))]
start_ema 2017-04-20 15:55:00 data.dropna() feed returned insufficient data
now 2017-04-21 09:50:01.558000 ConnectionTimeout caused by - ReadTimeoutError(HTTPConnectionPool(host=u'localhost', port=9200): Read timed out. (read timeout=10))
NLNK getFeed did not return any data! last bar: 2017-04-21 09:45:00 now: 09:50:15.179000
now 2017-04-21 09:55:01.023000 return data: last bar 2017-04-21 09:50:00 last processed bar 2017-04-21 09:45:00
596 bars requested 596 bars returned
start_idx [(588, Timestamp('2017-04-21 09:35:00')), (589, Timestamp('2017-04-21 09:35:00'))]
start_ema 2017-04-20 14:55:00 start_vwap 2017-04-21 09:35:00 last_bar 2017-04-21 09:50:00 ET:  0.13  minutes
now 2017-04-21 10:00:01.987000 return data: last bar 2017-04-21 09:55:00 last processed bar 2017-04-21 09:50:00
596 bars requested 596 bars returned
start_idx [(587, Timestamp('2017-04-21 09:35:00')), (588, Timestamp('2017-04-21 09:35:00'))]
start_ema 2017-04-20 14:55:00 start_vwap 2017-04-21 09:35:00 last_bar 2017-04-21 09:55:00 Writing to ./data/NLNK_livesignals_20170421_09_45_39.csv ./data/NLNK_last.csv
ET:  0.16  minutes
now 2017-04-21 10:05:00.358000 return data: last bar 2017-04-21 10:00:00 last processed bar 2017-04-21 09:55:00
596 bars requested 596 bars returned
start_idx [(586, Timestamp('2017-04-21 09:35:00')), (587, Timestamp('2017-04-21 09:35:00'))]
start_ema 2017-04-20 14:55:00 start_vwap 2017-04-21 09:35:00 last_bar 2017-04-21 10:00:00 Writing to ./data/NLNK_livesignals_20170421_09_45_39.csv ./data/NLNK_last.csv
ET:  0.13  minutes
now 2017-04-21 10:10:00.271000 return data: last bar 2017-04-21 10:05:00 last processed bar 2017-04-21 10:00:00
596 bars requested 596 bars returned
start_idx [(585, Timestamp('2017-04-21 09:35:00')), (586, Timestamp('2017-04-21 09:35:00'))]
start_ema 2017-04-20 14:55:00 start_vwap 2017-04-21 09:35:00 last_bar 2017-04-21 10:05:00 Writing to ./data/NLNK_livesignals_20170421_09_45_39.csv ./data/NLNK_last.csv
ET:  0.09  minutes
now 2017-04-21 10:15:00.523000 return data: last bar 2017-04-21 10:10:00 last processed bar 2017-04-21 10:05:00
596 bars requested 596 bars returned
start_idx [(584, Timestamp('2017-04-21 09:35:00')), (585, Timestamp('2017-04-21 09:35:00'))]
start_ema 2017-04-20 14:55:00 start_vwap 2017-04-21 09:35:00 last_bar 2017-04-21 10:10:00 Writing to ./data/NLNK_livesignals_20170421_09_45_39.csv ./data/NLNK_last.csv
ET:  0.21  minutes
now 2017-04-21 10:20:00.330000 return data: last bar 2017-04-21 10:15:00 last processed bar 2017-04-21 10:10:00
596 bars requested 596 bars returned
start_idx [(583, Timestamp('2017-04-21 09:35:00')), (584, Timestamp('2017-04-21 09:35:00'))]
start_ema 2017-04-20 14:55:00 start_vwap 2017-04-21 09:35:00 last_bar 2017-04-21 10:15:00 Writing to ./data/NLNK_livesignals_20170421_09_45_39.csv ./data/NLNK_last.csv
ET:  0.21  minutes
now 2017-04-21 10:25:02.199000 return data: last bar 2017-04-21 10:20:00 last processed bar 2017-04-21 10:15:00
596 bars requested 596 bars returned
start_idx [(582, Timestamp('2017-04-21 09:35:00')), (583, Timestamp('2017-04-21 09:35:00'))]
start_ema 2017-04-20 14:55:00 start_vwap 2017-04-21 09:35:00 last_bar 2017-04-21 10:20:00 Writing to ./data/NLNK_livesignals_20170421_09_45_39.csv ./data/NLNK_last.csv
ET:  0.18  minutes
now 2017-04-21 10:30:00.676000 return data: last bar 2017-04-21 10:25:00 last processed bar 2017-04-21 10:20:00
596 bars requested 596 bars returned
start_idx [(581, Timestamp('2017-04-21 09:35:00')), (582, Timestamp('2017-04-21 09:35:00'))]
start_ema 2017-04-20 14:55:00 start_vwap 2017-04-21 09:35:00 last_bar 2017-04-21 10:25:00 Writing to ./data/NLNK_livesignals_20170421_09_45_39.csv ./data/NLNK_last.csv
ET:  0.2  minutes
now 2017-04-21 10:35:01.060000 return data: last bar 2017-04-21 10:30:00 last processed bar 2017-04-21 10:25:00
596 bars requested 596 bars returned
start_idx [(580, Timestamp('2017-04-21 09:35:00')), (581, Timestamp('2017-04-21 09:35:00'))]
start_ema 2017-04-20 14:55:00 start_vwap 2017-04-21 09:35:00 last_bar 2017-04-21 10:30:00 Writing to ./data/NLNK_livesignals_20170421_09_45_39.csv ./data/NLNK_last.csv
ET:  0.2  minutes
now 2017-04-21 10:40:00.090000 return data: last bar 2017-04-21 10:35:00 last processed bar 2017-04-21 10:30:00
596 bars requested 596 bars returned
start_idx [(579, Timestamp('2017-04-21 09:35:00')), (580, Timestamp('2017-04-21 09:35:00'))]
start_ema 2017-04-20 14:55:00 start_vwap 2017-04-21 09:35:00 last_bar 2017-04-21 10:35:00 Writing to ./data/NLNK_livesignals_20170421_09_45_39.csv ./data/NLNK_last.csv
ET:  0.2  minutes
now 2017-04-21 10:45:00.384000 return data: last bar 2017-04-21 10:40:00 last processed bar 2017-04-21 10:35:00
596 bars requested 596 bars returned
start_idx [(578, Timestamp('2017-04-21 09:35:00')), (579, Timestamp('2017-04-21 09:35:00'))]
start_ema 2017-04-20 14:55:00 start_vwap 2017-04-21 09:35:00 last_bar 2017-04-21 10:40:00 Writing to ./data/NLNK_livesignals_20170421_09_45_39.csv ./data/NLNK_last.csv
ET:  0.2  minutes
now 2017-04-21 10:50:00.292000 return data: last bar 2017-04-21 10:45:00 last processed bar 2017-04-21 10:40:00
596 bars requested 596 bars returned
start_idx [(577, Timestamp('2017-04-21 09:35:00')), (578, Timestamp('2017-04-21 09:35:00'))]
start_ema 2017-04-20 14:55:00 start_vwap 2017-04-21 09:35:00 last_bar 2017-04-21 10:45:00 Writing to ./data/NLNK_livesignals_20170421_09_45_39.csv ./data/NLNK_last.csv
ET:  0.2  minutes
now 2017-04-21 10:55:00.778000 return data: last bar 2017-04-21 10:50:00 last processed bar 2017-04-21 10:45:00
596 bars requested 596 bars returned
start_idx [(576, Timestamp('2017-04-21 09:35:00')), (577, Timestamp('2017-04-21 09:35:00'))]
start_ema 2017-04-20 14:55:00 start_vwap 2017-04-21 09:35:00 last_bar 2017-04-21 10:50:00 Writing to ./data/NLNK_livesignals_20170421_09_45_39.csv ./data/NLNK_last.csv
ET:  0.2  minutes
now 2017-04-21 11:00:01.483000 return data: last bar 2017-04-21 10:55:00 last processed bar 2017-04-21 10:50:00
596 bars requested 596 bars returned
start_idx [(575, Timestamp('2017-04-21 09:35:00')), (576, Timestamp('2017-04-21 09:35:00'))]
start_ema 2017-04-20 14:55:00 start_vwap 2017-04-21 09:35:00 last_bar 2017-04-21 10:55:00 Writing to ./data/NLNK_livesignals_20170421_09_45_39.csv ./data/NLNK_last.csv
ET:  0.16  minutes
now 2017-04-21 11:05:00.089000 return data: last bar 2017-04-21 11:00:00 last processed bar 2017-04-21 10:55:00
596 bars requested 596 bars returned
start_idx [(574, Timestamp('2017-04-21 09:35:00')), (575, Timestamp('2017-04-21 09:35:00'))]
start_ema 2017-04-20 14:55:00 start_vwap 2017-04-21 09:35:00 last_bar 2017-04-21 11:00:00 Writing to ./data/NLNK_livesignals_20170421_09_45_39.csv ./data/NLNK_last.csv
ET:  0.07  minutes
now 2017-04-21 11:10:00.404000 return None: last bar 2017-04-21 09:50:00 last processed bar 2017-04-21 11:00:00
2 bars requested None returned
NLNK getFeed did not return any data! last bar: 2017-04-21 11:00:00 now: 11:10:03.058000
now 2017-04-21 11:15:01.490000 return None: last bar 2017-04-21 09:50:00 last processed bar 2017-04-21 11:00:00
2 bars requested None returned
NLNK getFeed did not return any data! last bar: 2017-04-21 11:00:00 now: 11:15:04.063000
now 2017-04-21 11:20:00.246000 return None: last bar 2017-04-21 09:50:00 last processed bar 2017-04-21 11:00:00
2 bars requested None returned
NLNK getFeed did not return any data! last bar: 2017-04-21 11:00:00 now: 11:20:00.320000
now 2017-04-21 11:25:01.154000 return None: last bar 2017-04-21 09:50:00 last processed bar 2017-04-21 11:00:00
2 bars requested None returned
NLNK getFeed did not return any data! last bar: 2017-04-21 11:00:00 now: 11:25:02.021000
now 2017-04-21 11:30:00.613000 return None: last bar 2017-04-21 09:50:00 last processed bar 2017-04-21 11:00:00
2 bars requested None returned
NLNK getFeed did not return any data! last bar: 2017-04-21 11:00:00 now: 11:30:01.562000
now 2017-04-21 11:35:00.983000 return None: last bar 2017-04-21 09:50:00 last processed bar 2017-04-21 11:00:00
2 bars requested None returned
NLNK getFeed did not return any data! last bar: 2017-04-21 11:00:00 now: 11:35:01.721000
now 2017-04-21 11:40:00.486000 return None: last bar 2017-04-21 09:50:00 last processed bar 2017-04-21 11:00:00
2 bars requested None returned
NLNK getFeed did not return any data! last bar: 2017-04-21 11:00:00 now: 11:40:00.734000
now 2017-04-21 11:45:00.572000 return None: last bar 2017-04-21 09:50:00 last processed bar 2017-04-21 11:00:00
2 bars requested None returned
NLNK getFeed did not return any data! last bar: 2017-04-21 11:00:00 now: 11:45:00.903000
now 2017-04-21 11:50:00.527000 return None: last bar 2017-04-21 09:50:00 last processed bar 2017-04-21 11:00:00
2 bars requested None returned
NLNK getFeed did not return any data! last bar: 2017-04-21 11:00:00 now: 11:50:00.718000
now 2017-04-21 11:55:00.588000 return None: last bar 2017-04-21 09:50:00 last processed bar 2017-04-21 11:00:00
2 bars requested None returned
NLNK getFeed did not return any data! last bar: 2017-04-21 11:00:00 now: 11:55:00.605000
now 2017-04-21 12:00:00.719000 return None: last bar 2017-04-21 09:50:00 last processed bar 2017-04-21 11:00:00
2 bars requested None returned
NLNK getFeed did not return any data! last bar: 2017-04-21 11:00:00 now: 12:00:01.081000
now 2017-04-21 12:05:00.129000 return None: last bar 2017-04-21 09:50:00 last processed bar 2017-04-21 11:00:00
2 bars requested None returned
NLNK getFeed did not return any data! last bar: 2017-04-21 11:00:00 now: 12:05:00.150000
now 2017-04-21 12:05:02.929000 return None: last bar 2017-04-21 09:50:00 last processed bar 2017-04-21 11:00:00
2 bars requested None returned
NLNK getFeed did not return any data! last bar: 2017-04-21 11:00:00 now: 12:05:02.944000
now 2017-04-21 12:10:00.345000 return None: last bar 2017-04-21 09:50:00 last processed bar 2017-04-21 11:00:00
2 bars requested None returned
NLNK getFeed did not return any data! last bar: 2017-04-21 11:00:00 now: 12:10:00.410000
now 2017-04-21 12:15:00.493000 return None: last bar 2017-04-21 09:50:00 last processed bar 2017-04-21 11:00:00
2 bars requested None returned
NLNK getFeed did not return any data! last bar: 2017-04-21 11:00:00 now: 12:15:00.523000
now 2017-04-21 12:20:00.540000 return None: last bar 2017-04-21 09:50:00 last processed bar 2017-04-21 11:00:00
2 bars requested None returned
NLNK getFeed did not return any data! last bar: 2017-04-21 11:00:00 now: 12:20:00.606000
now 2017-04-21 12:25:00.916000 return None: last bar 2017-04-21 09:50:00 last processed bar 2017-04-21 11:00:00
2 bars requested None returned
NLNK getFeed did not return any data! last bar: 2017-04-21 11:00:00 now: 12:25:00.959000
now 2017-04-21 12:30:00.101000 return None: last bar 2017-04-21 09:50:00 last processed bar 2017-04-21 11:00:00
2 bars requested None returned
NLNK getFeed did not return any data! last bar: 2017-04-21 11:00:00 now: 12:30:00.116000
now 2017-04-21 12:35:00.152000 return None: last bar 2017-04-21 09:50:00 last processed bar 2017-04-21 11:00:00
2 bars requested None returned
NLNK getFeed did not return any data! last bar: 2017-04-21 11:00:00 now: 12:35:00.178000
now 2017-04-21 12:40:00.240000 return None: last bar 2017-04-21 09:50:00 last processed bar 2017-04-21 11:00:00
2 bars requested None returned
NLNK getFeed did not return any data! last bar: 2017-04-21 11:00:00 now: 12:40:00.259000
now 2017-04-21 12:45:00.066000 return None: last bar 2017-04-21 09:50:00 last processed bar 2017-04-21 11:00:00
2 bars requested None returned
NLNK getFeed did not return any data! last bar: 2017-04-21 11:00:00 now: 12:45:00.078000
now 2017-04-21 12:45:02.899000 return None: last bar 2017-04-21 09:50:00 last processed bar 2017-04-21 11:00:00
2 bars requested None returned
NLNK getFeed did not return any data! last bar: 2017-04-21 11:00:00 now: 12:45:02.914000
now 2017-04-21 12:50:00.241000 return None: last bar 2017-04-21 09:50:00 last processed bar 2017-04-21 11:00:00
2 bars requested None returned
NLNK getFeed did not return any data! last bar: 2017-04-21 11:00:00 now: 12:50:00.555000
now 2017-04-21 12:55:00.730000 return None: last bar 2017-04-21 09:50:00 last processed bar 2017-04-21 11:00:00
2 bars requested None returned
NLNK getFeed did not return any data! last bar: 2017-04-21 11:00:00 now: 12:55:00.936000
now 2017-04-21 13:00:00.100000 return None: last bar 2017-04-21 09:50:00 last processed bar 2017-04-21 11:00:00
2 bars requested None returned
NLNK getFeed did not return any data! last bar: 2017-04-21 11:00:00 now: 13:00:00.207000
now 2017-04-21 13:05:00.703000 return None: last bar 2017-04-21 09:50:00 last processed bar 2017-04-21 11:00:00
2 bars requested None returned
NLNK getFeed did not return any data! last bar: 2017-04-21 11:00:00 now: 13:05:00.720000
now 2017-04-21 13:10:01.194000 return None: last bar 2017-04-21 09:50:00 last processed bar 2017-04-21 11:00:00
2 bars requested None returned
NLNK getFeed did not return any data! last bar: 2017-04-21 11:00:00 now: 13:10:01.305000
now 2017-04-21 13:15:00.764000 return None: last bar 2017-04-21 09:50:00 last processed bar 2017-04-21 11:00:00
2 bars requested None returned
NLNK getFeed did not return any data! last bar: 2017-04-21 11:00:00 now: 13:15:01.596000
now 2017-04-21 13:20:00.599000 return None: last bar 2017-04-21 09:50:00 last processed bar 2017-04-21 11:00:00
2 bars requested None returned
NLNK getFeed did not return any data! last bar: 2017-04-21 11:00:00 now: 13:20:00.912000
now 2017-04-21 13:25:00.892000 return None: last bar 2017-04-21 09:50:00 last processed bar 2017-04-21 11:00:00
2 bars requested None returned
NLNK getFeed did not return any data! last bar: 2017-04-21 11:00:00 now: 13:25:01.663000
now 2017-04-21 13:30:00.237000 return None: last bar 2017-04-21 09:50:00 last processed bar 2017-04-21 11:00:00
2 bars requested None returned
NLNK getFeed did not return any data! last bar: 2017-04-21 11:00:00 now: 13:30:00.282000
now 2017-04-21 13:35:00.230000 return None: last bar 2017-04-21 09:50:00 last processed bar 2017-04-21 11:00:00
2 bars requested None returned
NLNK getFeed did not return any data! last bar: 2017-04-21 11:00:00 now: 13:35:00.251000
now 2017-04-21 13:40:00.277000 return None: last bar 2017-04-21 09:50:00 last processed bar 2017-04-21 11:00:00
2 bars requested None returned
NLNK getFeed did not return any data! last bar: 2017-04-21 11:00:00 now: 13:40:00.292000
now 2017-04-21 13:45:00.419000 return None: last bar 2017-04-21 09:50:00 last processed bar 2017-04-21 11:00:00
2 bars requested None returned
NLNK getFeed did not return any data! last bar: 2017-04-21 11:00:00 now: 13:45:00.516000
now 2017-04-21 13:50:00.192000 return data: last bar 2017-04-21 13:45:00 last processed bar 2017-04-21 11:00:00
2 bars requested 2 bars returned
596 bars requested 22 bars returned
start_idx [(0, Timestamp('2017-04-21 09:35:00'))]
start_ema 2017-04-21 09:45:00 data.dropna() feed returned insufficient data
now 2017-04-21 13:55:00.065000 return None: last bar 2017-04-21 13:45:00 last processed bar 2017-04-21 13:45:00
2 bars requested None returned
NLNK getFeed did not return any data! last bar: 2017-04-21 13:45:00 now: 13:55:00.078000
now 2017-04-21 14:00:00.208000 return data: last bar 2017-04-21 13:55:00 last processed bar 2017-04-21 13:45:00
2 bars requested 2 bars returned
596 bars requested 22 bars returned
start_idx [(0, Timestamp('2017-04-21 09:35:00'))]
start_ema 2017-04-21 09:45:00 data.dropna() feed returned insufficient data
now 2017-04-21 14:05:00.921000 return data: last bar 2017-04-21 14:00:00 last processed bar 2017-04-21 13:55:00
2 bars requested 2 bars returned
596 bars requested 22 bars returned
start_idx [(0, Timestamp('2017-04-21 09:35:00'))]
start_ema 2017-04-21 09:45:00 data.dropna() feed returned insufficient data
now 2017-04-21 14:10:00.932000 return data: last bar 2017-04-21 14:05:00 last processed bar 2017-04-21 14:00:00
2 bars requested 2 bars returned
596 bars requested 22 bars returned
start_idx [(0, Timestamp('2017-04-21 09:35:00'))]
start_ema 2017-04-21 09:45:00 data.dropna() feed returned insufficient data
now 2017-04-21 14:15:00.515000 return data: last bar 2017-04-21 14:10:00 last processed bar 2017-04-21 14:05:00
2 bars requested 2 bars returned
596 bars requested 22 bars returned
start_idx [(0, Timestamp('2017-04-21 09:35:00'))]
start_ema 2017-04-21 09:45:00 data.dropna() feed returned insufficient data
now 2017-04-21 14:20:00.191000 return data: last bar 2017-04-21 14:15:00 last processed bar 2017-04-21 14:10:00
2 bars requested 2 bars returned
596 bars requested 22 bars returned
start_idx [(0, Timestamp('2017-04-21 09:35:00'))]
start_ema 2017-04-21 09:45:00 data.dropna() feed returned insufficient data
now 2017-04-21 14:25:00.553000 return data: last bar 2017-04-21 14:20:00 last processed bar 2017-04-21 14:15:00
2 bars requested 2 bars returned
596 bars requested 22 bars returned
start_idx [(0, Timestamp('2017-04-21 09:35:00'))]
start_ema 2017-04-21 09:45:00 data.dropna() feed returned insufficient data
now 2017-04-21 14:30:00.668000 return data: last bar 2017-04-21 14:25:00 last processed bar 2017-04-21 14:20:00
2 bars requested 2 bars returned
596 bars requested 22 bars returned
start_idx [(0, Timestamp('2017-04-21 09:35:00'))]
start_ema 2017-04-21 09:45:00 data.dropna() feed returned insufficient data
now 2017-04-21 14:35:00.679000 return data: last bar 2017-04-21 14:30:00 last processed bar 2017-04-21 14:25:00
2 bars requested 2 bars returned
596 bars requested 22 bars returned
start_idx [(0, Timestamp('2017-04-21 09:35:00'))]
start_ema 2017-04-21 09:45:00 data.dropna() feed returned insufficient data
now 2017-04-21 14:40:00.191000 return data: last bar 2017-04-21 14:35:00 last processed bar 2017-04-21 14:30:00
2 bars requested 2 bars returned
596 bars requested 22 bars returned
start_idx [(0, Timestamp('2017-04-21 09:35:00'))]
start_ema 2017-04-21 09:45:00 data.dropna() feed returned insufficient data
now 2017-04-21 14:45:00.794000 return data: last bar 2017-04-21 14:40:00 last processed bar 2017-04-21 14:35:00
2 bars requested 2 bars returned
596 bars requested 22 bars returned
start_idx [(0, Timestamp('2017-04-21 09:35:00'))]
start_ema 2017-04-21 09:45:00 data.dropna() feed returned insufficient data
now 2017-04-21 14:50:00.338000 return data: last bar 2017-04-21 14:45:00 last processed bar 2017-04-21 14:40:00
2 bars requested 2 bars returned
596 bars requested 22 bars returned
start_idx [(0, Timestamp('2017-04-21 09:35:00'))]
start_ema 2017-04-21 09:45:00 data.dropna() feed returned insufficient data
now 2017-04-21 14:55:01.315000 return data: last bar 2017-04-21 14:50:00 last processed bar 2017-04-21 14:45:00
2 bars requested 2 bars returned
596 bars requested 22 bars returned
start_idx [(0, Timestamp('2017-04-21 09:35:00'))]
start_ema 2017-04-21 09:45:00 data.dropna() feed returned insufficient data
now 2017-04-21 15:00:00.595000 return data: last bar 2017-04-21 14:55:00 last processed bar 2017-04-21 14:50:00
2 bars requested 2 bars returned
596 bars requested 22 bars returned
start_idx [(0, Timestamp('2017-04-21 09:35:00'))]
start_ema 2017-04-21 09:45:00 data.dropna() feed returned insufficient data
now 2017-04-21 15:05:00.170000 return data: last bar 2017-04-21 15:00:00 last processed bar 2017-04-21 14:55:00
2 bars requested 2 bars returned
596 bars requested 22 bars returned
start_idx [(0, Timestamp('2017-04-21 09:35:00'))]
start_ema 2017-04-21 09:45:00 data.dropna() feed returned insufficient data
now 2017-04-21 15:10:00.904000 return data: last bar 2017-04-21 15:05:00 last processed bar 2017-04-21 15:00:00
2 bars requested 2 bars returned
596 bars requested 22 bars returned
start_idx [(0, Timestamp('2017-04-21 09:35:00'))]
start_ema 2017-04-21 09:45:00 data.dropna() feed returned insufficient data
now 2017-04-21 15:15:00.461000 return data: last bar 2017-04-21 15:10:00 last processed bar 2017-04-21 15:05:00
2 bars requested 2 bars returned
596 bars requested 22 bars returned
start_idx [(0, Timestamp('2017-04-21 09:35:00'))]
start_ema 2017-04-21 09:45:00 data.dropna() feed returned insufficient data
now 2017-04-21 15:20:00.923000 return data: last bar 2017-04-21 15:15:00 last processed bar 2017-04-21 15:10:00
2 bars requested 2 bars returned
596 bars requested 22 bars returned
start_idx [(0, Timestamp('2017-04-21 09:35:00'))]
start_ema 2017-04-21 09:45:00 data.dropna() feed returned insufficient data
now 2017-04-21 15:25:00.943000 return data: last bar 2017-04-21 15:20:00 last processed bar 2017-04-21 15:15:00
2 bars requested 2 bars returned
596 bars requested 22 bars returned
start_idx [(0, Timestamp('2017-04-21 09:35:00'))]
start_ema 2017-04-21 09:45:00 data.dropna() feed returned insufficient data
now 2017-04-21 15:30:00.642000 return data: last bar 2017-04-21 15:25:00 last processed bar 2017-04-21 15:20:00
2 bars requested 2 bars returned
596 bars requested 22 bars returned
start_idx [(0, Timestamp('2017-04-21 09:35:00'))]
start_ema 2017-04-21 09:45:00 data.dropna() feed returned insufficient data
now 2017-04-21 15:35:00.638000 return data: last bar 2017-04-21 15:30:00 last processed bar 2017-04-21 15:25:00
2 bars requested 2 bars returned
596 bars requested 22 bars returned
start_idx [(0, Timestamp('2017-04-21 09:35:00'))]
start_ema 2017-04-21 09:45:00 data.dropna() feed returned insufficient data
now 2017-04-21 15:40:00.797000 return data: last bar 2017-04-21 15:35:00 last processed bar 2017-04-21 15:30:00
2 bars requested 2 bars returned
596 bars requested 22 bars returned
start_idx [(0, Timestamp('2017-04-21 09:35:00'))]
start_ema 2017-04-21 09:45:00 data.dropna() feed returned insufficient data
now 2017-04-21 15:45:00.633000 return data: last bar 2017-04-21 15:40:00 last processed bar 2017-04-21 15:35:00
2 bars requested 2 bars returned
596 bars requested 22 bars returned
start_idx [(0, Timestamp('2017-04-21 09:35:00'))]
start_ema 2017-04-21 09:45:00 data.dropna() feed returned insufficient data
now 2017-04-21 15:50:00.272000 return data: last bar 2017-04-21 15:45:00 last processed bar 2017-04-21 15:40:00
2 bars requested 2 bars returned
596 bars requested 22 bars returned
start_idx [(0, Timestamp('2017-04-21 09:35:00'))]
start_ema 2017-04-21 09:45:00 data.dropna() feed returned insufficient data
now 2017-04-21 15:55:00.873000
