return data: last bar 2017-04-27 09:35:00 last processed bar 1000-01-01 00:00:00
596 bars requested 596 bars returned
start_idx [(595, Timestamp('2017-04-27 09:35:00'))]
start_ema 2017-04-27 08:00:00 start_vwap 2017-04-27 09:35:00 last_bar 2017-04-27 09:35:00 ET:  0.03  minutes
now 2017-04-27 09:45:01.518000 return None: last bar 2017-04-27 09:35:00 last processed bar 2017-04-27 09:35:00
NLY getFeed did not return any data! last bar: 2017-04-27 09:35:00 now: 09:45:02.152000
now 2017-04-27 09:50:00.702000 return data: last bar 2017-04-27 09:40:00 last processed bar 2017-04-27 09:35:00
596 bars requested 596 bars returned
start_idx [(594, Timestamp('2017-04-27 09:35:00'))]
start_ema 2017-04-27 08:00:00 start_vwap 2017-04-27 09:35:00 last_bar 2017-04-27 09:40:00 Writing to ./data/NLY_livesignals_20170427_09_40_52.csv ./data/NLY_last.csv
ET:  0.08  minutes
now 2017-04-27 09:55:01.173000 return data: last bar 2017-04-27 09:45:00 last processed bar 2017-04-27 09:40:00
596 bars requested 596 bars returned
start_idx [(593, Timestamp('2017-04-27 09:35:00'))]
start_ema 2017-04-27 08:00:00 start_vwap 2017-04-27 09:35:00 last_bar 2017-04-27 09:45:00 Writing to ./data/NLY_livesignals_20170427_09_40_52.csv ./data/NLY_last.csv
ET:  0.09  minutes
now 2017-04-27 10:00:00.910000 return data: last bar 2017-04-27 09:50:00 last processed bar 2017-04-27 09:45:00
596 bars requested 596 bars returned
start_idx [(592, Timestamp('2017-04-27 09:35:00'))]
start_ema 2017-04-27 08:00:00 start_vwap 2017-04-27 09:35:00 last_bar 2017-04-27 09:50:00 Writing to ./data/NLY_livesignals_20170427_09_40_52.csv ./data/NLY_last.csv
ET:  0.09  minutes
now 2017-04-27 10:05:00.556000 return data: last bar 2017-04-27 09:55:00 last processed bar 2017-04-27 09:50:00
596 bars requested 596 bars returned
start_idx [(591, Timestamp('2017-04-27 09:35:00'))]
start_ema 2017-04-27 08:00:00 start_vwap 2017-04-27 09:35:00 last_bar 2017-04-27 09:55:00 Writing to ./data/NLY_livesignals_20170427_09_40_52.csv ./data/NLY_last.csv
ET:  0.1  minutes
now 2017-04-27 10:10:01.425000 return data: last bar 2017-04-27 10:00:00 last processed bar 2017-04-27 09:55:00
596 bars requested 596 bars returned
start_idx [(590, Timestamp('2017-04-27 09:35:00'))]
start_ema 2017-04-27 08:00:00 start_vwap 2017-04-27 09:35:00 last_bar 2017-04-27 10:00:00 Writing to ./data/NLY_livesignals_20170427_09_40_52.csv ./data/NLY_last.csv
ET:  0.09  minutes
now 2017-04-27 10:15:00.064000 return data: last bar 2017-04-27 10:10:00 last processed bar 2017-04-27 10:00:00
596 bars requested 596 bars returned
start_idx [(588, Timestamp('2017-04-27 09:35:00'))]
start_ema 2017-04-27 08:00:00 start_vwap 2017-04-27 09:35:00 last_bar 2017-04-27 10:10:00 Writing to ./data/NLY_livesignals_20170427_09_40_52.csv ./data/NLY_last.csv
ET:  0.12  minutes
now 2017-04-27 10:20:00.401000 return data: last bar 2017-04-27 10:15:00 last processed bar 2017-04-27 10:10:00
596 bars requested 596 bars returned
start_idx [(587, Timestamp('2017-04-27 09:35:00'))]
start_ema 2017-04-27 08:00:00 start_vwap 2017-04-27 09:35:00 last_bar 2017-04-27 10:15:00 Writing to ./data/NLY_livesignals_20170427_09_40_52.csv ./data/NLY_last.csv
ET:  0.11  minutes
now 2017-04-27 10:25:02.834000 return data: last bar 2017-04-27 10:20:00 last processed bar 2017-04-27 10:15:00
596 bars requested 596 bars returned
start_idx [(586, Timestamp('2017-04-27 09:35:00'))]
start_ema 2017-04-27 08:00:00 start_vwap 2017-04-27 09:35:00 last_bar 2017-04-27 10:20:00 Writing to ./data/NLY_livesignals_20170427_09_40_52.csv ./data/NLY_last.csv
ET:  0.06  minutes
now 2017-04-27 10:30:01.439000 return data: last bar 2017-04-27 10:25:00 last processed bar 2017-04-27 10:20:00
596 bars requested 596 bars returned
start_idx [(585, Timestamp('2017-04-27 09:35:00'))]
start_ema 2017-04-27 08:00:00 start_vwap 2017-04-27 09:35:00 last_bar 2017-04-27 10:25:00 Writing to ./data/NLY_livesignals_20170427_09_40_52.csv ./data/NLY_last.csv
ET:  0.09  minutes
now 2017-04-27 10:35:00.078000 return data: last bar 2017-04-27 10:30:00 last processed bar 2017-04-27 10:25:00
596 bars requested 596 bars returned
start_idx [(584, Timestamp('2017-04-27 09:35:00'))]
start_ema 2017-04-27 08:00:00 start_vwap 2017-04-27 09:35:00 last_bar 2017-04-27 10:30:00 Writing to ./data/NLY_livesignals_20170427_09_40_52.csv ./data/NLY_last.csv
ET:  0.1  minutes
now 2017-04-27 10:40:00.229000 return data: last bar 2017-04-27 10:35:00 last processed bar 2017-04-27 10:30:00
596 bars requested 596 bars returned
start_idx [(583, Timestamp('2017-04-27 09:35:00'))]
start_ema 2017-04-27 08:00:00 start_vwap 2017-04-27 09:35:00 last_bar 2017-04-27 10:35:00 Writing to ./data/NLY_livesignals_20170427_09_40_52.csv ./data/NLY_last.csv
ET:  0.12  minutes
now 2017-04-27 10:45:00.632000 return data: last bar 2017-04-27 10:40:00 last processed bar 2017-04-27 10:35:00
596 bars requested 596 bars returned
start_idx [(582, Timestamp('2017-04-27 09:35:00'))]
start_ema 2017-04-27 08:00:00 start_vwap 2017-04-27 09:35:00 last_bar 2017-04-27 10:40:00 Writing to ./data/NLY_livesignals_20170427_09_40_52.csv ./data/NLY_last.csv
ET:  0.11  minutes
now 2017-04-27 10:50:00.312000 return data: last bar 2017-04-27 10:45:00 last processed bar 2017-04-27 10:40:00
596 bars requested 596 bars returned
start_idx [(581, Timestamp('2017-04-27 09:35:00'))]
start_ema 2017-04-27 08:00:00 start_vwap 2017-04-27 09:35:00 last_bar 2017-04-27 10:45:00 Writing to ./data/NLY_livesignals_20170427_09_40_52.csv ./data/NLY_last.csv
ET:  0.12  minutes
now 2017-04-27 10:55:00.715000 return data: last bar 2017-04-27 10:50:00 last processed bar 2017-04-27 10:45:00
596 bars requested 596 bars returned
start_idx [(580, Timestamp('2017-04-27 09:35:00'))]
start_ema 2017-04-27 08:00:00 start_vwap 2017-04-27 09:35:00 last_bar 2017-04-27 10:50:00 Writing to ./data/NLY_livesignals_20170427_09_40_52.csv ./data/NLY_last.csv
ET:  0.09  minutes
now 2017-04-27 11:00:02.302000 return data: last bar 2017-04-27 10:55:00 last processed bar 2017-04-27 10:50:00
596 bars requested 596 bars returned
start_idx [(579, Timestamp('2017-04-27 09:35:00'))]
start_ema 2017-04-27 08:00:00 start_vwap 2017-04-27 09:35:00 last_bar 2017-04-27 10:55:00 Writing to ./data/NLY_livesignals_20170427_09_40_52.csv ./data/NLY_last.csv
ET:  0.09  minutes
now 2017-04-27 11:05:00.729000 return data: last bar 2017-04-27 11:00:00 last processed bar 2017-04-27 10:55:00
596 bars requested 596 bars returned
start_idx [(578, Timestamp('2017-04-27 09:35:00'))]
start_ema 2017-04-27 08:00:00 start_vwap 2017-04-27 09:35:00 last_bar 2017-04-27 11:00:00 Writing to ./data/NLY_livesignals_20170427_09_40_52.csv ./data/NLY_last.csv
ET:  0.1  minutes
now 2017-04-27 11:10:00.873000 return data: last bar 2017-04-27 11:05:00 last processed bar 2017-04-27 11:00:00
596 bars requested 596 bars returned
start_idx [(577, Timestamp('2017-04-27 09:35:00'))]
start_ema 2017-04-27 08:00:00 start_vwap 2017-04-27 09:35:00 last_bar 2017-04-27 11:05:00 Writing to ./data/NLY_livesignals_20170427_09_40_52.csv ./data/NLY_last.csv
ET:  0.12  minutes
now 2017-04-27 11:15:01.486000 return data: last bar 2017-04-27 11:10:00 last processed bar 2017-04-27 11:05:00
596 bars requested 596 bars returned
start_idx [(576, Timestamp('2017-04-27 09:35:00'))]
start_ema 2017-04-27 08:00:00 start_vwap 2017-04-27 09:35:00 last_bar 2017-04-27 11:10:00 Writing to ./data/NLY_livesignals_20170427_09_40_52.csv ./data/NLY_last.csv
ET:  0.08  minutes
now 2017-04-27 11:20:00.741000 return data: last bar 2017-04-27 11:15:00 last processed bar 2017-04-27 11:10:00
596 bars requested 596 bars returned
start_idx [(575, Timestamp('2017-04-27 09:35:00'))]
start_ema 2017-04-27 08:00:00 start_vwap 2017-04-27 09:35:00 last_bar 2017-04-27 11:15:00 Writing to ./data/NLY_livesignals_20170427_09_40_52.csv ./data/NLY_last.csv
ET:  0.11  minutes
now 2017-04-27 11:25:00.475000 return data: last bar 2017-04-27 11:20:00 last processed bar 2017-04-27 11:15:00
596 bars requested 596 bars returned
start_idx [(574, Timestamp('2017-04-27 09:35:00'))]
start_ema 2017-04-27 08:00:00 start_vwap 2017-04-27 09:35:00 last_bar 2017-04-27 11:20:00 Writing to ./data/NLY_livesignals_20170427_09_40_52.csv ./data/NLY_last.csv
ET:  0.08  minutes
now 2017-04-27 11:30:01.571000 return data: last bar 2017-04-27 11:25:00 last processed bar 2017-04-27 11:20:00
2 bars requested 2 bars returned
start_idx [(0, Timestamp('2017-04-27 09:35:00'))]
start_ema 2017-04-27 09:50:00 data.dropna() feed returned insufficient data
now 2017-04-27 11:35:00.958000 return data: last bar 2017-04-27 11:30:00 last processed bar 2017-04-27 11:25:00
2 bars requested 2 bars returned
start_idx [(0, Timestamp('2017-04-27 09:35:00'))]
start_ema 2017-04-27 09:50:00 data.dropna() feed returned insufficient data
now 2017-04-27 11:40:00.066000 return data: last bar 2017-04-27 11:35:00 last processed bar 2017-04-27 11:30:00
2 bars requested 2 bars returned
start_idx [(0, Timestamp('2017-04-27 09:35:00'))]
start_ema 2017-04-27 09:50:00 data.dropna() feed returned insufficient data
now 2017-04-27 11:45:01.500000 return data: last bar 2017-04-27 11:40:00 last processed bar 2017-04-27 11:35:00
2 bars requested 2 bars returned
start_idx [(0, Timestamp('2017-04-27 09:35:00'))]
start_ema 2017-04-27 09:50:00 data.dropna() feed returned insufficient data
now 2017-04-27 11:50:01.430000 return data: last bar 2017-04-27 11:45:00 last processed bar 2017-04-27 11:40:00
2 bars requested 2 bars returned
start_idx [(0, Timestamp('2017-04-27 09:35:00'))]
start_ema 2017-04-27 09:50:00 data.dropna() feed returned insufficient data
now 2017-04-27 11:55:00.598000 return data: last bar 2017-04-27 11:50:00 last processed bar 2017-04-27 11:45:00
2 bars requested 2 bars returned
start_idx [(0, Timestamp('2017-04-27 09:35:00'))]
start_ema 2017-04-27 09:50:00 data.dropna() feed returned insufficient data
now 2017-04-27 12:00:01.162000 return data: last bar 2017-04-27 11:55:00 last processed bar 2017-04-27 11:50:00
2 bars requested 2 bars returned
start_idx [(0, Timestamp('2017-04-27 09:35:00'))]
start_ema 2017-04-27 09:50:00 data.dropna() feed returned insufficient data
now 2017-04-27 12:05:00.211000 return data: last bar 2017-04-27 12:00:00 last processed bar 2017-04-27 11:55:00
2 bars requested 2 bars returned
start_idx [(0, Timestamp('2017-04-27 09:35:00'))]
start_ema 2017-04-27 09:50:00 data.dropna() feed returned insufficient data
now 2017-04-27 12:10:00.918000 return data: last bar 2017-04-27 12:05:00 last processed bar 2017-04-27 12:00:00
2 bars requested 2 bars returned
start_idx [(0, Timestamp('2017-04-27 09:35:00'))]
start_ema 2017-04-27 09:50:00 data.dropna() feed returned insufficient data
now 2017-04-27 12:15:00.059000 return data: last bar 2017-04-27 12:10:00 last processed bar 2017-04-27 12:05:00
2 bars requested 2 bars returned
start_idx [(0, Timestamp('2017-04-27 09:35:00'))]
start_ema 2017-04-27 09:50:00 data.dropna() feed returned insufficient data
now 2017-04-27 12:20:00.047000 return data: last bar 2017-04-27 12:15:00 last processed bar 2017-04-27 12:10:00
2 bars requested 2 bars returned
start_idx [(0, Timestamp('2017-04-27 09:35:00'))]
start_ema 2017-04-27 09:50:00 data.dropna() feed returned insufficient data
now 2017-04-27 12:25:00.245000 return data: last bar 2017-04-27 12:20:00 last processed bar 2017-04-27 12:15:00
2 bars requested 2 bars returned
start_idx [(0, Timestamp('2017-04-27 09:35:00'))]
start_ema 2017-04-27 09:50:00 data.dropna() feed returned insufficient data
now 2017-04-27 12:30:00.848000 return data: last bar 2017-04-27 12:25:00 last processed bar 2017-04-27 12:20:00
2 bars requested 2 bars returned
start_idx [(0, Timestamp('2017-04-27 09:35:00'))]
start_ema 2017-04-27 09:50:00 data.dropna() feed returned insufficient data
now 2017-04-27 12:35:00.741000 return data: last bar 2017-04-27 12:30:00 last processed bar 2017-04-27 12:25:00
2 bars requested 2 bars returned
start_idx [(0, Timestamp('2017-04-27 09:35:00'))]
start_ema 2017-04-27 09:50:00 data.dropna() feed returned insufficient data
now 2017-04-27 12:40:00.368000 return data: last bar 2017-04-27 12:35:00 last processed bar 2017-04-27 12:30:00
2 bars requested 2 bars returned
start_idx [(0, Timestamp('2017-04-27 09:35:00'))]
start_ema 2017-04-27 09:50:00 data.dropna() feed returned insufficient data
now 2017-04-27 12:45:01.550000 return data: last bar 2017-04-27 12:40:00 last processed bar 2017-04-27 12:35:00
2 bars requested 2 bars returned
start_idx [(0, Timestamp('2017-04-27 09:35:00'))]
start_ema 2017-04-27 09:50:00 data.dropna() feed returned insufficient data
now 2017-04-27 12:50:00.049000 return data: last bar 2017-04-27 12:45:00 last processed bar 2017-04-27 12:40:00
2 bars requested 2 bars returned
start_idx [(0, Timestamp('2017-04-27 09:35:00'))]
start_ema 2017-04-27 09:50:00 data.dropna() feed returned insufficient data
now 2017-04-27 12:55:00.852000 return data: last bar 2017-04-27 12:50:00 last processed bar 2017-04-27 12:45:00
2 bars requested 2 bars returned
start_idx [(0, Timestamp('2017-04-27 09:35:00'))]
start_ema 2017-04-27 09:50:00 data.dropna() feed returned insufficient data
now 2017-04-27 13:00:00.682000 return data: last bar 2017-04-27 12:55:00 last processed bar 2017-04-27 12:50:00
2 bars requested 2 bars returned
start_idx [(0, Timestamp('2017-04-27 09:35:00'))]
start_ema 2017-04-27 09:50:00 data.dropna() feed returned insufficient data
now 2017-04-27 13:05:00.951000 return data: last bar 2017-04-27 13:00:00 last processed bar 2017-04-27 12:55:00
2 bars requested 2 bars returned
start_idx [(0, Timestamp('2017-04-27 09:35:00'))]
start_ema 2017-04-27 09:50:00 data.dropna() feed returned insufficient data
now 2017-04-27 13:10:01.405000 return data: last bar 2017-04-27 13:05:00 last processed bar 2017-04-27 13:00:00
2 bars requested 2 bars returned
start_idx [(0, Timestamp('2017-04-27 09:35:00'))]
start_ema 2017-04-27 09:50:00 data.dropna() feed returned insufficient data
now 2017-04-27 13:15:00.251000 return data: last bar 2017-04-27 13:10:00 last processed bar 2017-04-27 13:05:00
2 bars requested 2 bars returned
start_idx [(0, Timestamp('2017-04-27 09:35:00'))]
start_ema 2017-04-27 09:50:00 data.dropna() feed returned insufficient data
now 2017-04-27 13:20:00.121000 return data: last bar 2017-04-27 13:15:00 last processed bar 2017-04-27 13:10:00
2 bars requested 2 bars returned
start_idx [(0, Timestamp('2017-04-27 09:35:00'))]
start_ema 2017-04-27 09:50:00 data.dropna() feed returned insufficient data
now 2017-04-27 13:25:01.296000 return data: last bar 2017-04-27 13:25:00 last processed bar 2017-04-27 13:15:00
2 bars requested 2 bars returned
start_idx [(0, Timestamp('2017-04-27 09:35:00'))]
start_ema 2017-04-27 09:50:00 data.dropna() feed returned insufficient data
now 2017-04-27 13:30:01.353000 return None: last bar 2017-04-27 13:25:00 last processed bar 2017-04-27 13:25:00
2 bars requested None returned
NLY getFeed did not return any data! last bar: 2017-04-27 13:25:00 now: 13:30:02.287000
now 2017-04-27 13:35:01.517000 return data: last bar 2017-04-27 13:30:00 last processed bar 2017-04-27 13:25:00
596 bars requested 596 bars returned
start_idx [(548, Timestamp('2017-04-27 09:35:00'))]
start_ema 2017-04-27 08:00:00 start_vwap 2017-04-27 09:35:00 last_bar 2017-04-27 13:30:00 Writing to ./data/NLY_livesignals_20170427_09_40_52.csv ./data/NLY_last.csv
ET:  0.07  minutes
now 2017-04-27 13:40:01.102000 return data: last bar 2017-04-27 13:35:00 last processed bar 2017-04-27 13:30:00
2 bars requested 2 bars returned
start_idx [(0, Timestamp('2017-04-27 09:35:00'))]
start_ema 2017-04-27 09:55:00 data.dropna() feed returned insufficient data
now 2017-04-27 13:45:00.589000 return data: last bar 2017-04-27 13:40:00 last processed bar 2017-04-27 13:35:00
2 bars requested 2 bars returned
start_idx [(0, Timestamp('2017-04-27 09:35:00'))]
start_ema 2017-04-27 09:55:00 data.dropna() feed returned insufficient data
now 2017-04-27 13:50:01.539000 return data: last bar 2017-04-27 13:45:00 last processed bar 2017-04-27 13:40:00
2 bars requested 2 bars returned
start_idx [(0, Timestamp('2017-04-27 09:35:00'))]
start_ema 2017-04-27 09:55:00 data.dropna() feed returned insufficient data
now 2017-04-27 13:55:00.348000 return data: last bar 2017-04-27 13:50:00 last processed bar 2017-04-27 13:45:00
2 bars requested 2 bars returned
start_idx [(0, Timestamp('2017-04-27 09:35:00'))]
start_ema 2017-04-27 09:55:00 data.dropna() feed returned insufficient data
now 2017-04-27 14:00:02.955000 return data: last bar 2017-04-27 13:55:00 last processed bar 2017-04-27 13:50:00
2 bars requested 2 bars returned
start_idx [(0, Timestamp('2017-04-27 09:35:00'))]
start_ema 2017-04-27 09:55:00 data.dropna() feed returned insufficient data
now 2017-04-27 14:05:00.730000 return data: last bar 2017-04-27 14:00:00 last processed bar 2017-04-27 13:55:00
2 bars requested 2 bars returned
start_idx [(0, Timestamp('2017-04-27 09:35:00'))]
start_ema 2017-04-27 09:55:00 data.dropna() feed returned insufficient data
now 2017-04-27 14:10:02.161000 return data: last bar 2017-04-27 14:05:00 last processed bar 2017-04-27 14:00:00
2 bars requested 2 bars returned
start_idx [(0, Timestamp('2017-04-27 09:35:00'))]
start_ema 2017-04-27 09:55:00 data.dropna() feed returned insufficient data
now 2017-04-27 14:15:00.139000 return data: last bar 2017-04-27 14:10:00 last processed bar 2017-04-27 14:05:00
2 bars requested 2 bars returned
start_idx [(0, Timestamp('2017-04-27 09:35:00'))]
start_ema 2017-04-27 09:55:00 data.dropna() feed returned insufficient data
now 2017-04-27 14:20:00.901000 return data: last bar 2017-04-27 14:15:00 last processed bar 2017-04-27 14:10:00
2 bars requested 2 bars returned
start_idx [(0, Timestamp('2017-04-27 09:35:00'))]
start_ema 2017-04-27 09:55:00 data.dropna() feed returned insufficient data
now 2017-04-27 14:25:01.040000 return data: last bar 2017-04-27 14:25:00 last processed bar 2017-04-27 14:15:00
2 bars requested 2 bars returned
start_idx [(0, Timestamp('2017-04-27 09:35:00'))]
start_ema 2017-04-27 09:55:00 data.dropna() feed returned insufficient data
now 2017-04-27 14:30:00.071000 return None: last bar 2017-04-27 14:25:00 last processed bar 2017-04-27 14:25:00
2 bars requested None returned
NLY getFeed did not return any data! last bar: 2017-04-27 14:25:00 now: 14:30:00.113000
now 2017-04-27 14:30:04.130000 return None: last bar 2017-04-27 14:25:00 last processed bar 2017-04-27 14:25:00
NLY getFeed did not return any data! last bar: 2017-04-27 14:25:00 now: 14:30:05.701000
now 2017-04-27 14:35:00.050000 return data: last bar 2017-04-27 14:30:00 last processed bar 2017-04-27 14:25:00
596 bars requested 596 bars returned
start_idx [(536, Timestamp('2017-04-27 09:35:00'))]
start_ema 2017-04-27 08:00:00 start_vwap 2017-04-27 09:35:00 last_bar 2017-04-27 14:30:00 Writing to ./data/NLY_livesignals_20170427_09_40_52.csv ./data/NLY_last.csv
ET:  0.09  minutes
now 2017-04-27 14:40:02.425000 return data: last bar 2017-04-27 14:35:00 last processed bar 2017-04-27 14:30:00
2 bars requested 2 bars returned
start_idx [(0, Timestamp('2017-04-27 09:35:00'))]
start_ema 2017-04-27 10:00:00 data.dropna() feed returned insufficient data
now 2017-04-27 14:45:00.448000 return data: last bar 2017-04-27 14:40:00 last processed bar 2017-04-27 14:35:00
2 bars requested 2 bars returned
start_idx [(0, Timestamp('2017-04-27 09:35:00'))]
start_ema 2017-04-27 10:00:00 data.dropna() feed returned insufficient data
now 2017-04-27 14:50:01.290000 return data: last bar 2017-04-27 14:45:00 last processed bar 2017-04-27 14:40:00
2 bars requested 2 bars returned
start_idx [(0, Timestamp('2017-04-27 09:35:00'))]
start_ema 2017-04-27 10:00:00 data.dropna() feed returned insufficient data
now 2017-04-27 14:55:03.148000 return data: last bar 2017-04-27 14:50:00 last processed bar 2017-04-27 14:45:00
2 bars requested 2 bars returned
start_idx [(0, Timestamp('2017-04-27 09:35:00'))]
start_ema 2017-04-27 10:00:00 data.dropna() feed returned insufficient data
now 2017-04-27 15:00:01.154000 return data: last bar 2017-04-27 14:55:00 last processed bar 2017-04-27 14:50:00
2 bars requested 2 bars returned
start_idx [(0, Timestamp('2017-04-27 09:35:00'))]
start_ema 2017-04-27 10:00:00 data.dropna() feed returned insufficient data
now 2017-04-27 15:05:01.067000 return data: last bar 2017-04-27 15:00:00 last processed bar 2017-04-27 14:55:00
2 bars requested 2 bars returned
start_idx [(0, Timestamp('2017-04-27 09:35:00'))]
start_ema 2017-04-27 10:00:00 data.dropna() feed returned insufficient data
now 2017-04-27 15:10:01.623000 return data: last bar 2017-04-27 15:05:00 last processed bar 2017-04-27 15:00:00
2 bars requested 2 bars returned
start_idx [(0, Timestamp('2017-04-27 09:35:00'))]
start_ema 2017-04-27 10:00:00 data.dropna() feed returned insufficient data
now 2017-04-27 15:15:01.182000 return data: last bar 2017-04-27 15:10:00 last processed bar 2017-04-27 15:05:00
2 bars requested 2 bars returned
start_idx [(0, Timestamp('2017-04-27 09:35:00'))]
start_ema 2017-04-27 10:00:00 data.dropna() feed returned insufficient data
now 2017-04-27 15:20:01.406000 return data: last bar 2017-04-27 15:15:00 last processed bar 2017-04-27 15:10:00
2 bars requested 2 bars returned
start_idx [(0, Timestamp('2017-04-27 09:35:00'))]
start_ema 2017-04-27 10:00:00 data.dropna() feed returned insufficient data
now 2017-04-27 15:25:00.029000 return data: last bar 2017-04-27 15:20:00 last processed bar 2017-04-27 15:15:00
2 bars requested 2 bars returned
start_idx [(0, Timestamp('2017-04-27 09:35:00'))]
start_ema 2017-04-27 10:00:00 data.dropna() feed returned insufficient data
now 2017-04-27 15:30:00.364000 return data: last bar 2017-04-27 15:25:00 last processed bar 2017-04-27 15:20:00
2 bars requested 2 bars returned
start_idx [(0, Timestamp('2017-04-27 09:35:00'))]
start_ema 2017-04-27 10:00:00 data.dropna() feed returned insufficient data
now 2017-04-27 15:35:00.212000 return data: last bar 2017-04-27 15:30:00 last processed bar 2017-04-27 15:25:00
2 bars requested 2 bars returned
start_idx [(0, Timestamp('2017-04-27 09:35:00'))]
start_ema 2017-04-27 10:00:00 data.dropna() feed returned insufficient data
now 2017-04-27 15:40:00.501000 return data: last bar 2017-04-27 15:35:00 last processed bar 2017-04-27 15:30:00
2 bars requested 2 bars returned
start_idx [(0, Timestamp('2017-04-27 09:35:00'))]
start_ema 2017-04-27 10:00:00 data.dropna() feed returned insufficient data
now 2017-04-27 15:45:00.917000 return data: last bar 2017-04-27 15:40:00 last processed bar 2017-04-27 15:35:00
2 bars requested 2 bars returned
start_idx [(0, Timestamp('2017-04-27 09:35:00'))]
start_ema 2017-04-27 10:00:00 data.dropna() feed returned insufficient data
now 2017-04-27 15:50:01.666000 return data: last bar 2017-04-27 15:45:00 last processed bar 2017-04-27 15:40:00
2 bars requested 2 bars returned
start_idx [(0, Timestamp('2017-04-27 09:35:00'))]
start_ema 2017-04-27 10:00:00 data.dropna() feed returned insufficient data
now 2017-04-27 15:55:01.677000
