last bar 2017-03-13 09:35:00 last processed bar 1000-01-01 00:00:00
start_ema 2017-03-10 14:45:00 start_vwap 2017-03-13 09:35:00 last_bar 2017-03-13 09:35:00 ET:  0.14  minutes
Writing to ./data/NTNX_livesignals_20170313_09_31_27.csv ./data/NTNX_last.csv
now 2017-03-13 09:31:35.973000 last bar 2017-03-13 09:35:00 last processed bar 2017-03-13 09:35:00
new bar not ready
now 2017-03-13 09:35:00.959000 last bar 2017-03-13 09:35:00 last processed bar 2017-03-13 09:35:00
new bar not ready
now 2017-03-13 09:40:00.299000 last bar 2017-03-13 09:45:00 last processed bar 2017-03-13 09:35:00
start_ema 2017-03-10 14:45:00 start_vwap 2017-03-13 09:35:00 last_bar 2017-03-13 09:45:00 ET:  8.67  minutes
now 2017-03-13 09:45:00.083000 last bar 2017-03-13 09:45:00 last processed bar 2017-03-13 09:45:00
new bar not ready
now 2017-03-13 09:50:00.144000 last bar 2017-03-13 09:50:00 last processed bar 2017-03-13 09:45:00
start_ema 2017-03-10 14:45:00 start_vwap 2017-03-13 09:35:00 last_bar 2017-03-13 09:50:00 ET:  18.68  minutes
now 2017-03-13 09:55:00.173000 last bar 2017-03-13 09:55:00 last processed bar 2017-03-13 09:50:00
start_ema 2017-03-10 14:45:00 start_vwap 2017-03-13 09:35:00 last_bar 2017-03-13 09:55:00 ET:  23.73  minutes
now 2017-03-13 10:00:00.254000 last bar 2017-03-13 10:00:00 last processed bar 2017-03-13 09:55:00
start_ema 2017-03-10 14:45:00 start_vwap 2017-03-13 09:35:00 last_bar 2017-03-13 10:00:00 ET:  28.73  minutes
now 2017-03-13 10:05:00.568000 last bar 2017-03-13 10:05:00 last processed bar 2017-03-13 10:00:00
start_ema 2017-03-10 14:45:00 start_vwap 2017-03-13 09:35:00 last_bar 2017-03-13 10:05:00 ET:  33.73  minutes
now 2017-03-13 10:10:00.329000 last bar 2017-03-13 10:15:00 last processed bar 2017-03-13 10:05:00
start_ema 2017-03-10 14:45:00 start_vwap 2017-03-13 09:35:00 last_bar 2017-03-13 10:15:00 ET:  38.71  minutes
now 2017-03-13 10:15:00.475000 last bar 2017-03-13 10:15:00 last processed bar 2017-03-13 10:15:00
new bar not ready
now 2017-03-13 10:20:00.867000 last bar 2017-03-13 10:20:00 last processed bar 2017-03-13 10:15:00
start_ema 2017-03-10 14:45:00 start_vwap 2017-03-13 09:35:00 last_bar 2017-03-13 10:20:00 ET:  48.69  minutes
now 2017-03-13 10:25:00.797000 last bar 2017-03-13 10:25:00 last processed bar 2017-03-13 10:20:00
start_ema 2017-03-10 14:45:00 start_vwap 2017-03-13 09:35:00 last_bar 2017-03-13 10:25:00 ET:  53.69  minutes
now 2017-03-13 10:30:00.230000 last bar 2017-03-13 10:30:00 last processed bar 2017-03-13 10:25:00
start_ema 2017-03-10 14:45:00 start_vwap 2017-03-13 09:35:00 last_bar 2017-03-13 10:30:00 ET:  58.66  minutes
now 2017-03-13 10:35:00.103000 last bar 2017-03-13 10:35:00 last processed bar 2017-03-13 10:30:00
start_ema 2017-03-10 14:45:00 start_vwap 2017-03-13 09:35:00 last_bar 2017-03-13 10:35:00 ET:  63.65  minutes
now 2017-03-13 10:40:00.367000 last bar 2017-03-13 10:40:00 last processed bar 2017-03-13 10:35:00
start_ema 2017-03-10 14:45:00 start_vwap 2017-03-13 09:35:00 last_bar 2017-03-13 10:40:00 ET:  68.69  minutes
now 2017-03-13 10:45:00.121000 last bar 2017-03-13 10:45:00 last processed bar 2017-03-13 10:40:00
start_ema 2017-03-10 14:45:00 start_vwap 2017-03-13 09:35:00 last_bar 2017-03-13 10:45:00 ET:  73.66  minutes
now 2017-03-13 10:50:00.496000 last bar 2017-03-13 10:55:00 last processed bar 2017-03-13 10:45:00
start_ema 2017-03-10 14:45:00 start_vwap 2017-03-13 09:35:00 last_bar 2017-03-13 10:55:00 ET:  78.67  minutes
now 2017-03-13 10:55:00.015000 last bar 2017-03-13 10:55:00 last processed bar 2017-03-13 10:55:00
new bar not ready
now 2017-03-13 11:00:00.911000 last bar 2017-03-13 11:00:00 last processed bar 2017-03-13 10:55:00
start_ema 2017-03-10 14:45:00 start_vwap 2017-03-13 09:35:00 last_bar 2017-03-13 11:00:00 ET:  88.68  minutes
now 2017-03-13 11:05:00.547000 last bar 2017-03-13 11:05:00 last processed bar 2017-03-13 11:00:00
start_ema 2017-03-10 14:45:00 start_vwap 2017-03-13 09:35:00 last_bar 2017-03-13 11:05:00 ET:  93.68  minutes
now 2017-03-13 11:10:00.355000 last bar 2017-03-13 11:10:00 last processed bar 2017-03-13 11:05:00
start_ema 2017-03-10 14:45:00 start_vwap 2017-03-13 09:35:00 last_bar 2017-03-13 11:10:00 ET:  98.66  minutes
now 2017-03-13 11:15:00.238000 last bar 2017-03-13 11:15:00 last processed bar 2017-03-13 11:10:00
start_ema 2017-03-10 14:45:00 start_vwap 2017-03-13 09:35:00 last_bar 2017-03-13 11:15:00 ET:  103.66  minutes
now 2017-03-13 11:20:00.260000 last bar 2017-03-13 11:20:00 last processed bar 2017-03-13 11:15:00
start_ema 2017-03-10 14:45:00 start_vwap 2017-03-13 09:35:00 last_bar 2017-03-13 11:20:00 ET:  108.66  minutes
now 2017-03-13 11:25:00.370000 last bar 2017-03-13 11:25:00 last processed bar 2017-03-13 11:20:00
start_ema 2017-03-10 14:45:00 start_vwap 2017-03-13 09:35:00 last_bar 2017-03-13 11:25:00 ET:  113.67  minutes
now 2017-03-13 11:30:00.120000 last bar 2017-03-13 11:30:00 last processed bar 2017-03-13 11:25:00
start_ema 2017-03-10 14:45:00 start_vwap 2017-03-13 09:35:00 last_bar 2017-03-13 11:30:00 ET:  118.68  minutes
now 2017-03-13 11:35:00.521000 last bar 2017-03-13 11:35:00 last processed bar 2017-03-13 11:30:00
start_ema 2017-03-10 14:45:00 start_vwap 2017-03-13 09:35:00 last_bar 2017-03-13 11:35:00 ET:  123.68  minutes
now 2017-03-13 11:40:00.273000 last bar 2017-03-13 11:40:00 last processed bar 2017-03-13 11:35:00
start_ema 2017-03-10 14:45:00 start_vwap 2017-03-13 09:35:00 last_bar 2017-03-13 11:40:00 ET:  128.69  minutes
now 2017-03-13 11:45:00.832000 last bar 2017-03-13 11:45:00 last processed bar 2017-03-13 11:40:00
start_ema 2017-03-10 14:45:00 start_vwap 2017-03-13 09:35:00 last_bar 2017-03-13 11:45:00 ET:  133.67  minutes
now 2017-03-13 11:50:00.720000 last bar 2017-03-13 11:50:00 last processed bar 2017-03-13 11:45:00
start_ema 2017-03-10 14:45:00 start_vwap 2017-03-13 09:35:00 last_bar 2017-03-13 11:50:00 ET:  138.68  minutes
now 2017-03-13 11:55:00.295000 last bar 2017-03-13 11:55:00 last processed bar 2017-03-13 11:50:00
start_ema 2017-03-10 14:45:00 start_vwap 2017-03-13 09:35:00 last_bar 2017-03-13 11:55:00 ET:  143.68  minutes
now 2017-03-13 12:00:00.226000 last bar 2017-03-13 12:00:00 last processed bar 2017-03-13 11:55:00
start_ema 2017-03-10 14:45:00 start_vwap 2017-03-13 09:35:00 last_bar 2017-03-13 12:00:00 ET:  148.68  minutes
now 2017-03-13 12:05:00.508000 last bar 2017-03-13 12:05:00 last processed bar 2017-03-13 12:00:00
start_ema 2017-03-10 14:45:00 start_vwap 2017-03-13 09:35:00 last_bar 2017-03-13 12:05:00 ET:  153.67  minutes
now 2017-03-13 12:10:00.581000 last bar 2017-03-13 12:10:00 last processed bar 2017-03-13 12:05:00
start_ema 2017-03-10 14:45:00 start_vwap 2017-03-13 09:35:00 last_bar 2017-03-13 12:10:00 ET:  158.69  minutes
now 2017-03-13 12:15:00.883000 last bar 2017-03-13 12:20:00 last processed bar 2017-03-13 12:10:00
start_ema 2017-03-10 14:45:00 start_vwap 2017-03-13 09:35:00 last_bar 2017-03-13 12:20:00 ET:  163.66  minutes
now 2017-03-13 12:20:00.221000 last bar 2017-03-13 12:20:00 last processed bar 2017-03-13 12:20:00
new bar not ready
now 2017-03-13 12:25:00.541000 last bar 2017-03-13 12:30:00 last processed bar 2017-03-13 12:20:00
start_ema 2017-03-10 14:45:00 start_vwap 2017-03-13 09:35:00 last_bar 2017-03-13 12:30:00 ET:  173.69  minutes
now 2017-03-13 12:30:00.989000
