return data: last bar 2017-04-27 09:35:00 last processed bar 1000-01-01 00:00:00
NYCB: Warning! 596 bars requested 20 bars returned.
start_idx [(19, Timestamp('2017-04-27 09:35:00'))]
start_ema 2017-04-27 08:00:00 start_vwap 2017-04-27 09:35:00 last_bar 2017-04-27 09:35:00 ET:  0.04  minutes
now 2017-04-27 09:45:00.482000 return None: last bar 2017-04-27 09:35:00 last processed bar 2017-04-27 09:35:00
NYCB getFeed did not return any data! last bar: 2017-04-27 09:35:00 now: 09:45:00.918000
now 2017-04-27 09:50:00.014000 return data: last bar 2017-04-27 09:40:00 last processed bar 2017-04-27 09:35:00
NYCB: Warning! 596 bars requested 21 bars returned.
start_idx [(19, Timestamp('2017-04-27 09:35:00'))]
start_ema 2017-04-27 08:00:00 start_vwap 2017-04-27 09:35:00 last_bar 2017-04-27 09:40:00 Writing to ./data/NYCB_livesignals_20170427_09_40_36.csv ./data/NYCB_last.csv
ET:  0.06  minutes
now 2017-04-27 09:55:01.668000 return data: last bar 2017-04-27 09:45:00 last processed bar 2017-04-27 09:40:00
NYCB: Warning! 596 bars requested 22 bars returned.
start_idx [(19, Timestamp('2017-04-27 09:35:00'))]
start_ema 2017-04-27 08:00:00 start_vwap 2017-04-27 09:35:00 last_bar 2017-04-27 09:45:00 Writing to ./data/NYCB_livesignals_20170427_09_40_36.csv ./data/NYCB_last.csv
ET:  0.06  minutes
now 2017-04-27 10:00:00.153000 return data: last bar 2017-04-27 09:50:00 last processed bar 2017-04-27 09:45:00
NYCB: Warning! 596 bars requested 23 bars returned.
start_idx [(19, Timestamp('2017-04-27 09:35:00'))]
start_ema 2017-04-27 08:00:00 start_vwap 2017-04-27 09:35:00 last_bar 2017-04-27 09:50:00 Writing to ./data/NYCB_livesignals_20170427_09_40_36.csv ./data/NYCB_last.csv
ET:  0.06  minutes
now 2017-04-27 10:05:01.409000 return data: last bar 2017-04-27 09:55:00 last processed bar 2017-04-27 09:50:00
NYCB: Warning! 596 bars requested 24 bars returned.
start_idx [(19, Timestamp('2017-04-27 09:35:00'))]
start_ema 2017-04-27 08:00:00 start_vwap 2017-04-27 09:35:00 last_bar 2017-04-27 09:55:00 Writing to ./data/NYCB_livesignals_20170427_09_40_36.csv ./data/NYCB_last.csv
ET:  0.06  minutes
now 2017-04-27 10:10:00.157000 return data: last bar 2017-04-27 10:00:00 last processed bar 2017-04-27 09:55:00
NYCB: Warning! 596 bars requested 25 bars returned.
start_idx [(19, Timestamp('2017-04-27 09:35:00'))]
start_ema 2017-04-27 08:00:00 start_vwap 2017-04-27 09:35:00 last_bar 2017-04-27 10:00:00 Writing to ./data/NYCB_livesignals_20170427_09_40_36.csv ./data/NYCB_last.csv
ET:  0.06  minutes
now 2017-04-27 10:15:01.159000 return data: last bar 2017-04-27 10:10:00 last processed bar 2017-04-27 10:00:00
NYCB: Warning! 596 bars requested 27 bars returned.
start_idx [(19, Timestamp('2017-04-27 09:35:00'))]
start_ema 2017-04-27 08:00:00 start_vwap 2017-04-27 09:35:00 last_bar 2017-04-27 10:10:00 Writing to ./data/NYCB_livesignals_20170427_09_40_36.csv ./data/NYCB_last.csv
ET:  0.1  minutes
now 2017-04-27 10:20:01.002000 return data: last bar 2017-04-27 10:15:00 last processed bar 2017-04-27 10:10:00
NYCB: Warning! 596 bars requested 28 bars returned.
start_idx [(19, Timestamp('2017-04-27 09:35:00'))]
start_ema 2017-04-27 08:00:00 start_vwap 2017-04-27 09:35:00 last_bar 2017-04-27 10:15:00 Writing to ./data/NYCB_livesignals_20170427_09_40_36.csv ./data/NYCB_last.csv
ET:  0.07  minutes
now 2017-04-27 10:25:00.191000 return data: last bar 2017-04-27 10:20:00 last processed bar 2017-04-27 10:15:00
NYCB: Warning! 596 bars requested 29 bars returned.
start_idx [(19, Timestamp('2017-04-27 09:35:00'))]
start_ema 2017-04-27 08:00:00 start_vwap 2017-04-27 09:35:00 last_bar 2017-04-27 10:20:00 Writing to ./data/NYCB_livesignals_20170427_09_40_36.csv ./data/NYCB_last.csv
ET:  0.07  minutes
now 2017-04-27 10:30:00.557000 return data: last bar 2017-04-27 10:25:00 last processed bar 2017-04-27 10:20:00
NYCB: Warning! 596 bars requested 30 bars returned.
start_idx [(19, Timestamp('2017-04-27 09:35:00'))]
start_ema 2017-04-27 08:00:00 start_vwap 2017-04-27 09:35:00 last_bar 2017-04-27 10:25:00 Writing to ./data/NYCB_livesignals_20170427_09_40_36.csv ./data/NYCB_last.csv
ET:  0.12  minutes
now 2017-04-27 10:35:01.165000 return data: last bar 2017-04-27 10:30:00 last processed bar 2017-04-27 10:25:00
NYCB: Warning! 596 bars requested 31 bars returned.
start_idx [(19, Timestamp('2017-04-27 09:35:00'))]
start_ema 2017-04-27 08:00:00 start_vwap 2017-04-27 09:35:00 last_bar 2017-04-27 10:30:00 Writing to ./data/NYCB_livesignals_20170427_09_40_36.csv ./data/NYCB_last.csv
ET:  0.05  minutes
now 2017-04-27 10:40:00.824000 return data: last bar 2017-04-27 10:35:00 last processed bar 2017-04-27 10:30:00
NYCB: Warning! 596 bars requested 32 bars returned.
start_idx [(19, Timestamp('2017-04-27 09:35:00'))]
start_ema 2017-04-27 08:00:00 start_vwap 2017-04-27 09:35:00 last_bar 2017-04-27 10:35:00 Writing to ./data/NYCB_livesignals_20170427_09_40_36.csv ./data/NYCB_last.csv
ET:  0.08  minutes
now 2017-04-27 10:45:00.540000 return data: last bar 2017-04-27 10:40:00 last processed bar 2017-04-27 10:35:00
NYCB: Warning! 596 bars requested 33 bars returned.
start_idx [(19, Timestamp('2017-04-27 09:35:00'))]
start_ema 2017-04-27 08:00:00 start_vwap 2017-04-27 09:35:00 last_bar 2017-04-27 10:40:00 Writing to ./data/NYCB_livesignals_20170427_09_40_36.csv ./data/NYCB_last.csv
ET:  0.11  minutes
now 2017-04-27 10:50:00.493000 return data: last bar 2017-04-27 10:45:00 last processed bar 2017-04-27 10:40:00
NYCB: Warning! 596 bars requested 34 bars returned.
start_idx [(19, Timestamp('2017-04-27 09:35:00'))]
start_ema 2017-04-27 08:00:00 start_vwap 2017-04-27 09:35:00 last_bar 2017-04-27 10:45:00 Writing to ./data/NYCB_livesignals_20170427_09_40_36.csv ./data/NYCB_last.csv
ET:  0.08  minutes
now 2017-04-27 10:55:00.498000 return data: last bar 2017-04-27 10:50:00 last processed bar 2017-04-27 10:45:00
NYCB: Warning! 596 bars requested 35 bars returned.
start_idx [(19, Timestamp('2017-04-27 09:35:00'))]
start_ema 2017-04-27 08:00:00 start_vwap 2017-04-27 09:35:00 last_bar 2017-04-27 10:50:00 Writing to ./data/NYCB_livesignals_20170427_09_40_36.csv ./data/NYCB_last.csv
ET:  0.06  minutes
now 2017-04-27 11:00:02.133000 return data: last bar 2017-04-27 10:55:00 last processed bar 2017-04-27 10:50:00
NYCB: Warning! 596 bars requested 36 bars returned.
start_idx [(19, Timestamp('2017-04-27 09:35:00'))]
start_ema 2017-04-27 08:00:00 start_vwap 2017-04-27 09:35:00 last_bar 2017-04-27 10:55:00 Writing to ./data/NYCB_livesignals_20170427_09_40_36.csv ./data/NYCB_last.csv
ET:  0.05  minutes
now 2017-04-27 11:05:04.431000 return data: last bar 2017-04-27 11:05:00 last processed bar 2017-04-27 10:55:00
NYCB: Warning! 596 bars requested 38 bars returned.
start_idx [(19, Timestamp('2017-04-27 09:35:00'))]
start_ema 2017-04-27 08:00:00 start_vwap 2017-04-27 09:35:00 last_bar 2017-04-27 11:05:00 Writing to ./data/NYCB_livesignals_20170427_09_40_36.csv ./data/NYCB_last.csv
ET:  0.06  minutes
now 2017-04-27 11:10:00.007000 return data: last bar 2017-04-27 11:10:00 last processed bar 2017-04-27 11:05:00
NYCB: Warning! 596 bars requested 39 bars returned.
start_idx [(19, Timestamp('2017-04-27 09:35:00'))]
start_ema 2017-04-27 08:00:00 start_vwap 2017-04-27 09:35:00 last_bar 2017-04-27 11:10:00 Writing to ./data/NYCB_livesignals_20170427_09_40_36.csv ./data/NYCB_last.csv
ET:  0.05  minutes
now 2017-04-27 11:15:00.265000 return None: last bar 2017-04-27 11:10:00 last processed bar 2017-04-27 11:10:00
NYCB getFeed did not return any data! last bar: 2017-04-27 11:10:00 now: 11:15:00.399000
now 2017-04-27 11:20:00.102000 return data: last bar 2017-04-27 11:20:00 last processed bar 2017-04-27 11:10:00
NYCB: Warning! 596 bars requested 41 bars returned.
start_idx [(19, Timestamp('2017-04-27 09:35:00'))]
start_ema 2017-04-27 08:00:00 start_vwap 2017-04-27 09:35:00 last_bar 2017-04-27 11:20:00 Writing to ./data/NYCB_livesignals_20170427_09_40_36.csv ./data/NYCB_last.csv
ET:  0.05  minutes
now 2017-04-27 11:25:00.335000 return data: last bar 2017-04-27 11:25:00 last processed bar 2017-04-27 11:20:00
NYCB: Warning! 596 bars requested 42 bars returned.
start_idx [(19, Timestamp('2017-04-27 09:35:00'))]
start_ema 2017-04-27 08:00:00 start_vwap 2017-04-27 09:35:00 last_bar 2017-04-27 11:25:00 Writing to ./data/NYCB_livesignals_20170427_09_40_36.csv ./data/NYCB_last.csv
ET:  0.12  minutes
now 2017-04-27 11:30:00.382000 return data: last bar 2017-04-27 11:30:00 last processed bar 2017-04-27 11:25:00
NYCB: Warning! 596 bars requested 43 bars returned.
start_idx [(19, Timestamp('2017-04-27 09:35:00'))]
start_ema 2017-04-27 08:00:00 start_vwap 2017-04-27 09:35:00 last_bar 2017-04-27 11:30:00 Writing to ./data/NYCB_livesignals_20170427_09_40_36.csv ./data/NYCB_last.csv
ET:  0.08  minutes
now 2017-04-27 11:35:00.467000 return data: last bar 2017-04-27 11:35:00 last processed bar 2017-04-27 11:30:00
NYCB: Warning! 596 bars requested 44 bars returned.
start_idx [(19, Timestamp('2017-04-27 09:35:00'))]
start_ema 2017-04-27 08:00:00 start_vwap 2017-04-27 09:35:00 last_bar 2017-04-27 11:35:00 Writing to ./data/NYCB_livesignals_20170427_09_40_36.csv ./data/NYCB_last.csv
ET:  0.07  minutes
now 2017-04-27 11:40:00.932000 return data: last bar 2017-04-27 11:40:00 last processed bar 2017-04-27 11:35:00
NYCB: Warning! 596 bars requested 45 bars returned.
start_idx [(19, Timestamp('2017-04-27 09:35:00'))]
start_ema 2017-04-27 08:00:00 start_vwap 2017-04-27 09:35:00 last_bar 2017-04-27 11:40:00 Writing to ./data/NYCB_livesignals_20170427_09_40_36.csv ./data/NYCB_last.csv
ET:  0.06  minutes
now 2017-04-27 11:45:01.277000 return data: last bar 2017-04-27 11:45:00 last processed bar 2017-04-27 11:40:00
NYCB: Warning! 596 bars requested 46 bars returned.
start_idx [(19, Timestamp('2017-04-27 09:35:00'))]
start_ema 2017-04-27 08:00:00 start_vwap 2017-04-27 09:35:00 last_bar 2017-04-27 11:45:00 Writing to ./data/NYCB_livesignals_20170427_09_40_36.csv ./data/NYCB_last.csv
ET:  0.07  minutes
now 2017-04-27 11:50:00.373000 return data: last bar 2017-04-27 11:50:00 last processed bar 2017-04-27 11:45:00
NYCB: Warning! 596 bars requested 47 bars returned.
start_idx [(19, Timestamp('2017-04-27 09:35:00'))]
start_ema 2017-04-27 08:00:00 start_vwap 2017-04-27 09:35:00 last_bar 2017-04-27 11:50:00 Writing to ./data/NYCB_livesignals_20170427_09_40_36.csv ./data/NYCB_last.csv
ET:  0.06  minutes
now 2017-04-27 11:55:00.017000 return data: last bar 2017-04-27 11:55:00 last processed bar 2017-04-27 11:50:00
NYCB: Warning! 596 bars requested 48 bars returned.
start_idx [(19, Timestamp('2017-04-27 09:35:00'))]
start_ema 2017-04-27 08:00:00 start_vwap 2017-04-27 09:35:00 last_bar 2017-04-27 11:55:00 Writing to ./data/NYCB_livesignals_20170427_09_40_36.csv ./data/NYCB_last.csv
ET:  0.06  minutes
now 2017-04-27 12:00:01.384000 return data: last bar 2017-04-27 12:00:00 last processed bar 2017-04-27 11:55:00
NYCB: Warning! 596 bars requested 49 bars returned.
start_idx [(19, Timestamp('2017-04-27 09:35:00'))]
start_ema 2017-04-27 08:00:00 start_vwap 2017-04-27 09:35:00 last_bar 2017-04-27 12:00:00 Writing to ./data/NYCB_livesignals_20170427_09_40_36.csv ./data/NYCB_last.csv
ET:  0.08  minutes
now 2017-04-27 12:05:00.169000 return data: last bar 2017-04-27 12:05:00 last processed bar 2017-04-27 12:00:00
NYCB: Warning! 596 bars requested 50 bars returned.
start_idx [(19, Timestamp('2017-04-27 09:35:00'))]
start_ema 2017-04-27 08:00:00 start_vwap 2017-04-27 09:35:00 last_bar 2017-04-27 12:05:00 Writing to ./data/NYCB_livesignals_20170427_09_40_36.csv ./data/NYCB_last.csv
ET:  0.05  minutes
now 2017-04-27 12:10:00.699000 return data: last bar 2017-04-27 12:10:00 last processed bar 2017-04-27 12:05:00
NYCB: Warning! 596 bars requested 51 bars returned.
start_idx [(19, Timestamp('2017-04-27 09:35:00'))]
start_ema 2017-04-27 08:00:00 start_vwap 2017-04-27 09:35:00 last_bar 2017-04-27 12:10:00 Writing to ./data/NYCB_livesignals_20170427_09_40_36.csv ./data/NYCB_last.csv
ET:  0.07  minutes
now 2017-04-27 12:15:00.775000 return data: last bar 2017-04-27 12:15:00 last processed bar 2017-04-27 12:10:00
NYCB: Warning! 596 bars requested 52 bars returned.
start_idx [(19, Timestamp('2017-04-27 09:35:00'))]
start_ema 2017-04-27 08:00:00 start_vwap 2017-04-27 09:35:00 last_bar 2017-04-27 12:15:00 Writing to ./data/NYCB_livesignals_20170427_09_40_36.csv ./data/NYCB_last.csv
ET:  0.05  minutes
now 2017-04-27 12:20:01.190000 return data: last bar 2017-04-27 12:20:00 last processed bar 2017-04-27 12:15:00
NYCB: Warning! 596 bars requested 53 bars returned.
start_idx [(19, Timestamp('2017-04-27 09:35:00'))]
start_ema 2017-04-27 08:00:00 start_vwap 2017-04-27 09:35:00 last_bar 2017-04-27 12:20:00 Writing to ./data/NYCB_livesignals_20170427_09_40_36.csv ./data/NYCB_last.csv
ET:  0.09  minutes
now 2017-04-27 12:25:01.139000 return data: last bar 2017-04-27 12:25:00 last processed bar 2017-04-27 12:20:00
NYCB: Warning! 596 bars requested 54 bars returned.
start_idx [(19, Timestamp('2017-04-27 09:35:00'))]
start_ema 2017-04-27 08:00:00 start_vwap 2017-04-27 09:35:00 last_bar 2017-04-27 12:25:00 Writing to ./data/NYCB_livesignals_20170427_09_40_36.csv ./data/NYCB_last.csv
ET:  0.06  minutes
now 2017-04-27 12:30:00.782000 return data: last bar 2017-04-27 12:30:00 last processed bar 2017-04-27 12:25:00
NYCB: Warning! 596 bars requested 55 bars returned.
start_idx [(19, Timestamp('2017-04-27 09:35:00'))]
start_ema 2017-04-27 08:00:00 start_vwap 2017-04-27 09:35:00 last_bar 2017-04-27 12:30:00 Writing to ./data/NYCB_livesignals_20170427_09_40_36.csv ./data/NYCB_last.csv
ET:  0.08  minutes
now 2017-04-27 12:35:01.503000 return data: last bar 2017-04-27 12:35:00 last processed bar 2017-04-27 12:30:00
NYCB: Warning! 596 bars requested 56 bars returned.
start_idx [(19, Timestamp('2017-04-27 09:35:00'))]
start_ema 2017-04-27 08:00:00 start_vwap 2017-04-27 09:35:00 last_bar 2017-04-27 12:35:00 Writing to ./data/NYCB_livesignals_20170427_09_40_36.csv ./data/NYCB_last.csv
ET:  0.07  minutes
now 2017-04-27 12:40:00.756000 return data: last bar 2017-04-27 12:40:00 last processed bar 2017-04-27 12:35:00
NYCB: Warning! 596 bars requested 57 bars returned.
start_idx [(19, Timestamp('2017-04-27 09:35:00'))]
start_ema 2017-04-27 08:00:00 start_vwap 2017-04-27 09:35:00 last_bar 2017-04-27 12:40:00 Writing to ./data/NYCB_livesignals_20170427_09_40_36.csv ./data/NYCB_last.csv
ET:  0.08  minutes
now 2017-04-27 12:45:01.293000 return data: last bar 2017-04-27 12:45:00 last processed bar 2017-04-27 12:40:00
NYCB: Warning! 596 bars requested 58 bars returned.
start_idx [(19, Timestamp('2017-04-27 09:35:00'))]
start_ema 2017-04-27 08:00:00 start_vwap 2017-04-27 09:35:00 last_bar 2017-04-27 12:45:00 Writing to ./data/NYCB_livesignals_20170427_09_40_36.csv ./data/NYCB_last.csv
ET:  0.07  minutes
now 2017-04-27 12:50:00.466000 return data: last bar 2017-04-27 12:50:00 last processed bar 2017-04-27 12:45:00
NYCB: Warning! 596 bars requested 59 bars returned.
start_idx [(19, Timestamp('2017-04-27 09:35:00'))]
start_ema 2017-04-27 08:00:00 start_vwap 2017-04-27 09:35:00 last_bar 2017-04-27 12:50:00 Writing to ./data/NYCB_livesignals_20170427_09_40_36.csv ./data/NYCB_last.csv
ET:  0.06  minutes
now 2017-04-27 12:55:01.292000 return data: last bar 2017-04-27 12:55:00 last processed bar 2017-04-27 12:50:00
NYCB: Warning! 596 bars requested 60 bars returned.
start_idx [(19, Timestamp('2017-04-27 09:35:00'))]
start_ema 2017-04-27 08:00:00 start_vwap 2017-04-27 09:35:00 last_bar 2017-04-27 12:55:00 Writing to ./data/NYCB_livesignals_20170427_09_40_36.csv ./data/NYCB_last.csv
ET:  0.09  minutes
now 2017-04-27 13:00:01.295000 return data: last bar 2017-04-27 13:00:00 last processed bar 2017-04-27 12:55:00
NYCB: Warning! 596 bars requested 61 bars returned.
start_idx [(19, Timestamp('2017-04-27 09:35:00'))]
start_ema 2017-04-27 08:00:00 start_vwap 2017-04-27 09:35:00 last_bar 2017-04-27 13:00:00 Writing to ./data/NYCB_livesignals_20170427_09_40_36.csv ./data/NYCB_last.csv
ET:  0.08  minutes
now 2017-04-27 13:05:00.119000 return data: last bar 2017-04-27 13:05:00 last processed bar 2017-04-27 13:00:00
NYCB: Warning! 596 bars requested 62 bars returned.
start_idx [(19, Timestamp('2017-04-27 09:35:00'))]
start_ema 2017-04-27 08:00:00 start_vwap 2017-04-27 09:35:00 last_bar 2017-04-27 13:05:00 Writing to ./data/NYCB_livesignals_20170427_09_40_36.csv ./data/NYCB_last.csv
ET:  0.08  minutes
now 2017-04-27 13:10:01.344000 return data: last bar 2017-04-27 13:10:00 last processed bar 2017-04-27 13:05:00
NYCB: Warning! 596 bars requested 63 bars returned.
start_idx [(19, Timestamp('2017-04-27 09:35:00'))]
start_ema 2017-04-27 08:00:00 start_vwap 2017-04-27 09:35:00 last_bar 2017-04-27 13:10:00 Writing to ./data/NYCB_livesignals_20170427_09_40_36.csv ./data/NYCB_last.csv
ET:  0.06  minutes
now 2017-04-27 13:15:00.666000 return data: last bar 2017-04-27 13:15:00 last processed bar 2017-04-27 13:10:00
NYCB: Warning! 596 bars requested 64 bars returned.
start_idx [(19, Timestamp('2017-04-27 09:35:00'))]
start_ema 2017-04-27 08:00:00 start_vwap 2017-04-27 09:35:00 last_bar 2017-04-27 13:15:00 Writing to ./data/NYCB_livesignals_20170427_09_40_36.csv ./data/NYCB_last.csv
ET:  0.06  minutes
now 2017-04-27 13:20:01.278000 return data: last bar 2017-04-27 13:20:00 last processed bar 2017-04-27 13:15:00
NYCB: Warning! 596 bars requested 65 bars returned.
start_idx [(19, Timestamp('2017-04-27 09:35:00'))]
start_ema 2017-04-27 08:00:00 start_vwap 2017-04-27 09:35:00 last_bar 2017-04-27 13:20:00 Writing to ./data/NYCB_livesignals_20170427_09_40_36.csv ./data/NYCB_last.csv
ET:  0.07  minutes
now 2017-04-27 13:25:01.010000 return data: last bar 2017-04-27 13:25:00 last processed bar 2017-04-27 13:20:00
NYCB: Warning! 596 bars requested 66 bars returned.
start_idx [(19, Timestamp('2017-04-27 09:35:00'))]
start_ema 2017-04-27 08:00:00 start_vwap 2017-04-27 09:35:00 last_bar 2017-04-27 13:25:00 Writing to ./data/NYCB_livesignals_20170427_09_40_36.csv ./data/NYCB_last.csv
ET:  0.09  minutes
now 2017-04-27 13:30:00.887000 return data: last bar 2017-04-27 13:30:00 last processed bar 2017-04-27 13:25:00
NYCB: Warning! 596 bars requested 67 bars returned.
start_idx [(19, Timestamp('2017-04-27 09:35:00'))]
start_ema 2017-04-27 08:00:00 start_vwap 2017-04-27 09:35:00 last_bar 2017-04-27 13:30:00 Writing to ./data/NYCB_livesignals_20170427_09_40_36.csv ./data/NYCB_last.csv
ET:  0.08  minutes
now 2017-04-27 13:35:00.882000 return data: last bar 2017-04-27 13:35:00 last processed bar 2017-04-27 13:30:00
NYCB: Warning! 596 bars requested 68 bars returned.
start_idx [(19, Timestamp('2017-04-27 09:35:00'))]
start_ema 2017-04-27 08:00:00 start_vwap 2017-04-27 09:35:00 last_bar 2017-04-27 13:35:00 Writing to ./data/NYCB_livesignals_20170427_09_40_36.csv ./data/NYCB_last.csv
ET:  0.1  minutes
now 2017-04-27 13:40:01.340000 return data: last bar 2017-04-27 13:40:00 last processed bar 2017-04-27 13:35:00
NYCB: Warning! 596 bars requested 69 bars returned.
start_idx [(19, Timestamp('2017-04-27 09:35:00'))]
start_ema 2017-04-27 08:00:00 start_vwap 2017-04-27 09:35:00 last_bar 2017-04-27 13:40:00 Writing to ./data/NYCB_livesignals_20170427_09_40_36.csv ./data/NYCB_last.csv
ET:  0.1  minutes
now 2017-04-27 13:45:00.586000 return data: last bar 2017-04-27 13:45:00 last processed bar 2017-04-27 13:40:00
NYCB: Warning! 596 bars requested 70 bars returned.
start_idx [(19, Timestamp('2017-04-27 09:35:00'))]
start_ema 2017-04-27 08:00:00 start_vwap 2017-04-27 09:35:00 last_bar 2017-04-27 13:45:00 Writing to ./data/NYCB_livesignals_20170427_09_40_36.csv ./data/NYCB_last.csv
ET:  0.08  minutes
now 2017-04-27 13:50:01.602000 return data: last bar 2017-04-27 13:50:00 last processed bar 2017-04-27 13:45:00
NYCB: Warning! 596 bars requested 71 bars returned.
start_idx [(19, Timestamp('2017-04-27 09:35:00'))]
start_ema 2017-04-27 08:00:00 start_vwap 2017-04-27 09:35:00 last_bar 2017-04-27 13:50:00 Writing to ./data/NYCB_livesignals_20170427_09_40_36.csv ./data/NYCB_last.csv
ET:  0.08  minutes
now 2017-04-27 13:55:00.746000 return data: last bar 2017-04-27 13:55:00 last processed bar 2017-04-27 13:50:00
NYCB: Warning! 596 bars requested 72 bars returned.
start_idx [(19, Timestamp('2017-04-27 09:35:00'))]
start_ema 2017-04-27 08:00:00 start_vwap 2017-04-27 09:35:00 last_bar 2017-04-27 13:55:00 Writing to ./data/NYCB_livesignals_20170427_09_40_36.csv ./data/NYCB_last.csv
ET:  0.07  minutes
now 2017-04-27 14:00:00.123000 return data: last bar 2017-04-27 14:00:00 last processed bar 2017-04-27 13:55:00
NYCB: Warning! 596 bars requested 73 bars returned.
start_idx [(19, Timestamp('2017-04-27 09:35:00'))]
start_ema 2017-04-27 08:00:00 start_vwap 2017-04-27 09:35:00 last_bar 2017-04-27 14:00:00 Writing to ./data/NYCB_livesignals_20170427_09_40_36.csv ./data/NYCB_last.csv
ET:  0.07  minutes
now 2017-04-27 14:05:00.607000 return data: last bar 2017-04-27 14:05:00 last processed bar 2017-04-27 14:00:00
NYCB: Warning! 596 bars requested 74 bars returned.
start_idx [(19, Timestamp('2017-04-27 09:35:00'))]
start_ema 2017-04-27 08:00:00 start_vwap 2017-04-27 09:35:00 last_bar 2017-04-27 14:05:00 Writing to ./data/NYCB_livesignals_20170427_09_40_36.csv ./data/NYCB_last.csv
ET:  0.08  minutes
now 2017-04-27 14:10:01.019000 return data: last bar 2017-04-27 14:10:00 last processed bar 2017-04-27 14:05:00
NYCB: Warning! 596 bars requested 75 bars returned.
start_idx [(19, Timestamp('2017-04-27 09:35:00'))]
start_ema 2017-04-27 08:00:00 start_vwap 2017-04-27 09:35:00 last_bar 2017-04-27 14:10:00 Writing to ./data/NYCB_livesignals_20170427_09_40_36.csv ./data/NYCB_last.csv
ET:  0.07  minutes
now 2017-04-27 14:15:00.923000 return data: last bar 2017-04-27 14:15:00 last processed bar 2017-04-27 14:10:00
NYCB: Warning! 596 bars requested 76 bars returned.
start_idx [(19, Timestamp('2017-04-27 09:35:00'))]
start_ema 2017-04-27 08:00:00 start_vwap 2017-04-27 09:35:00 last_bar 2017-04-27 14:15:00 Writing to ./data/NYCB_livesignals_20170427_09_40_36.csv ./data/NYCB_last.csv
ET:  0.04  minutes
now 2017-04-27 14:20:00.567000 return data: last bar 2017-04-27 14:20:00 last processed bar 2017-04-27 14:15:00
NYCB: Warning! 596 bars requested 77 bars returned.
start_idx [(19, Timestamp('2017-04-27 09:35:00'))]
start_ema 2017-04-27 08:00:00 start_vwap 2017-04-27 09:35:00 last_bar 2017-04-27 14:20:00 Writing to ./data/NYCB_livesignals_20170427_09_40_36.csv ./data/NYCB_last.csv
ET:  0.08  minutes
now 2017-04-27 14:25:01.149000 return data: last bar 2017-04-27 14:25:00 last processed bar 2017-04-27 14:20:00
NYCB: Warning! 596 bars requested 78 bars returned.
start_idx [(19, Timestamp('2017-04-27 09:35:00'))]
start_ema 2017-04-27 08:00:00 start_vwap 2017-04-27 09:35:00 last_bar 2017-04-27 14:25:00 Writing to ./data/NYCB_livesignals_20170427_09_40_36.csv ./data/NYCB_last.csv
ET:  0.03  minutes
now 2017-04-27 14:30:02.310000 return data: last bar 2017-04-27 14:30:00 last processed bar 2017-04-27 14:25:00
NYCB: Warning! 596 bars requested 79 bars returned.
start_idx [(19, Timestamp('2017-04-27 09:35:00'))]
start_ema 2017-04-27 08:00:00 start_vwap 2017-04-27 09:35:00 last_bar 2017-04-27 14:30:00 Writing to ./data/NYCB_livesignals_20170427_09_40_36.csv ./data/NYCB_last.csv
ET:  0.02  minutes
now 2017-04-27 14:35:00.981000 return data: last bar 2017-04-27 14:35:00 last processed bar 2017-04-27 14:30:00
NYCB: Warning! 596 bars requested 80 bars returned.
start_idx [(19, Timestamp('2017-04-27 09:35:00'))]
start_ema 2017-04-27 08:00:00 start_vwap 2017-04-27 09:35:00 last_bar 2017-04-27 14:35:00 Writing to ./data/NYCB_livesignals_20170427_09_40_36.csv ./data/NYCB_last.csv
ET:  0.06  minutes
now 2017-04-27 14:40:00.402000 return data: last bar 2017-04-27 14:40:00 last processed bar 2017-04-27 14:35:00
NYCB: Warning! 596 bars requested 81 bars returned.
start_idx [(19, Timestamp('2017-04-27 09:35:00'))]
start_ema 2017-04-27 08:00:00 start_vwap 2017-04-27 09:35:00 last_bar 2017-04-27 14:40:00 Writing to ./data/NYCB_livesignals_20170427_09_40_36.csv ./data/NYCB_last.csv
ET:  0.07  minutes
now 2017-04-27 14:45:01.141000 return data: last bar 2017-04-27 14:45:00 last processed bar 2017-04-27 14:40:00
NYCB: Warning! 596 bars requested 82 bars returned.
start_idx [(19, Timestamp('2017-04-27 09:35:00'))]
start_ema 2017-04-27 08:00:00 start_vwap 2017-04-27 09:35:00 last_bar 2017-04-27 14:45:00 Writing to ./data/NYCB_livesignals_20170427_09_40_36.csv ./data/NYCB_last.csv
ET:  0.06  minutes
now 2017-04-27 14:50:00.858000 return data: last bar 2017-04-27 14:50:00 last processed bar 2017-04-27 14:45:00
NYCB: Warning! 596 bars requested 83 bars returned.
start_idx [(19, Timestamp('2017-04-27 09:35:00'))]
start_ema 2017-04-27 08:00:00 start_vwap 2017-04-27 09:35:00 last_bar 2017-04-27 14:50:00 Writing to ./data/NYCB_livesignals_20170427_09_40_36.csv ./data/NYCB_last.csv
ET:  0.04  minutes
now 2017-04-27 14:55:01.939000 return data: last bar 2017-04-27 14:55:00 last processed bar 2017-04-27 14:50:00
NYCB: Warning! 596 bars requested 84 bars returned.
start_idx [(19, Timestamp('2017-04-27 09:35:00'))]
start_ema 2017-04-27 08:00:00 start_vwap 2017-04-27 09:35:00 last_bar 2017-04-27 14:55:00 Writing to ./data/NYCB_livesignals_20170427_09_40_36.csv ./data/NYCB_last.csv
ET:  0.08  minutes
now 2017-04-27 15:00:01.006000 return data: last bar 2017-04-27 15:00:00 last processed bar 2017-04-27 14:55:00
NYCB: Warning! 596 bars requested 85 bars returned.
start_idx [(19, Timestamp('2017-04-27 09:35:00'))]
start_ema 2017-04-27 08:00:00 start_vwap 2017-04-27 09:35:00 last_bar 2017-04-27 15:00:00 Writing to ./data/NYCB_livesignals_20170427_09_40_36.csv ./data/NYCB_last.csv
ET:  0.09  minutes
now 2017-04-27 15:05:01.419000 return data: last bar 2017-04-27 15:05:00 last processed bar 2017-04-27 15:00:00
NYCB: Warning! 596 bars requested 86 bars returned.
start_idx [(19, Timestamp('2017-04-27 09:35:00'))]
start_ema 2017-04-27 08:00:00 start_vwap 2017-04-27 09:35:00 last_bar 2017-04-27 15:05:00 Writing to ./data/NYCB_livesignals_20170427_09_40_36.csv ./data/NYCB_last.csv
ET:  0.04  minutes
now 2017-04-27 15:10:02.144000 return data: last bar 2017-04-27 15:10:00 last processed bar 2017-04-27 15:05:00
NYCB: Warning! 596 bars requested 87 bars returned.
start_idx [(19, Timestamp('2017-04-27 09:35:00'))]
start_ema 2017-04-27 08:00:00 start_vwap 2017-04-27 09:35:00 last_bar 2017-04-27 15:10:00 Writing to ./data/NYCB_livesignals_20170427_09_40_36.csv ./data/NYCB_last.csv
ET:  0.03  minutes
now 2017-04-27 15:15:01.165000 return data: last bar 2017-04-27 15:15:00 last processed bar 2017-04-27 15:10:00
NYCB: Warning! 596 bars requested 88 bars returned.
start_idx [(19, Timestamp('2017-04-27 09:35:00'))]
start_ema 2017-04-27 08:00:00 start_vwap 2017-04-27 09:35:00 last_bar 2017-04-27 15:15:00 Writing to ./data/NYCB_livesignals_20170427_09_40_36.csv ./data/NYCB_last.csv
ET:  0.07  minutes
now 2017-04-27 15:20:00.108000 return data: last bar 2017-04-27 15:20:00 last processed bar 2017-04-27 15:15:00
NYCB: Warning! 596 bars requested 89 bars returned.
start_idx [(19, Timestamp('2017-04-27 09:35:00'))]
start_ema 2017-04-27 08:00:00 start_vwap 2017-04-27 09:35:00 last_bar 2017-04-27 15:20:00 Writing to ./data/NYCB_livesignals_20170427_09_40_36.csv ./data/NYCB_last.csv
ET:  0.07  minutes
now 2017-04-27 15:25:01.033000 return data: last bar 2017-04-27 15:25:00 last processed bar 2017-04-27 15:20:00
NYCB: Warning! 596 bars requested 90 bars returned.
start_idx [(19, Timestamp('2017-04-27 09:35:00'))]
start_ema 2017-04-27 08:00:00 start_vwap 2017-04-27 09:35:00 last_bar 2017-04-27 15:25:00 Writing to ./data/NYCB_livesignals_20170427_09_40_36.csv ./data/NYCB_last.csv
ET:  0.04  minutes
now 2017-04-27 15:30:01.160000 return data: last bar 2017-04-27 15:30:00 last processed bar 2017-04-27 15:25:00
NYCB: Warning! 596 bars requested 91 bars returned.
start_idx [(19, Timestamp('2017-04-27 09:35:00'))]
start_ema 2017-04-27 08:00:00 start_vwap 2017-04-27 09:35:00 last_bar 2017-04-27 15:30:00 Writing to ./data/NYCB_livesignals_20170427_09_40_36.csv ./data/NYCB_last.csv
ET:  0.05  minutes
now 2017-04-27 15:35:00.342000 return data: last bar 2017-04-27 15:35:00 last processed bar 2017-04-27 15:30:00
NYCB: Warning! 596 bars requested 92 bars returned.
start_idx [(19, Timestamp('2017-04-27 09:35:00'))]
start_ema 2017-04-27 08:00:00 start_vwap 2017-04-27 09:35:00 last_bar 2017-04-27 15:35:00 Writing to ./data/NYCB_livesignals_20170427_09_40_36.csv ./data/NYCB_last.csv
ET:  0.04  minutes
now 2017-04-27 15:40:00.557000 return data: last bar 2017-04-27 15:40:00 last processed bar 2017-04-27 15:35:00
NYCB: Warning! 596 bars requested 93 bars returned.
start_idx [(19, Timestamp('2017-04-27 09:35:00'))]
start_ema 2017-04-27 08:00:00 start_vwap 2017-04-27 09:35:00 last_bar 2017-04-27 15:40:00 Writing to ./data/NYCB_livesignals_20170427_09_40_36.csv ./data/NYCB_last.csv
ET:  0.08  minutes
now 2017-04-27 15:45:01.824000 return data: last bar 2017-04-27 15:45:00 last processed bar 2017-04-27 15:40:00
NYCB: Warning! 596 bars requested 94 bars returned.
start_idx [(19, Timestamp('2017-04-27 09:35:00'))]
start_ema 2017-04-27 08:00:00 start_vwap 2017-04-27 09:35:00 last_bar 2017-04-27 15:45:00 Writing to ./data/NYCB_livesignals_20170427_09_40_36.csv ./data/NYCB_last.csv
ET:  0.07  minutes
now 2017-04-27 15:50:01.060000 return data: last bar 2017-04-27 15:50:00 last processed bar 2017-04-27 15:45:00
NYCB: Warning! 596 bars requested 95 bars returned.
start_idx [(19, Timestamp('2017-04-27 09:35:00'))]
start_ema 2017-04-27 08:00:00 start_vwap 2017-04-27 09:35:00 last_bar 2017-04-27 15:50:00 Writing to ./data/NYCB_livesignals_20170427_09_40_36.csv ./data/NYCB_last.csv
ET:  0.04  minutes
now 2017-04-27 15:55:01.786000
