return data: last bar 2017-04-27 09:35:00 last processed bar 1000-01-01 00:00:00
596 bars requested 596 bars returned
start_idx [(595, Timestamp('2017-04-27 09:35:00'))]
start_ema 2017-04-27 08:00:00 start_vwap 2017-04-27 09:35:00 last_bar 2017-04-27 09:35:00 ET:  0.02  minutes
now 2017-04-27 09:45:00.796000 return None: last bar 2017-04-27 09:35:00 last processed bar 2017-04-27 09:35:00
NYRT getFeed did not return any data! last bar: 2017-04-27 09:35:00 now: 09:45:03.484000
now 2017-04-27 09:50:00.546000 return data: last bar 2017-04-27 09:40:00 last processed bar 2017-04-27 09:35:00
596 bars requested 596 bars returned
start_idx [(594, Timestamp('2017-04-27 09:35:00'))]
start_ema 2017-04-27 08:00:00 start_vwap 2017-04-27 09:35:00 last_bar 2017-04-27 09:40:00 Writing to ./data/NYRT_livesignals_20170427_09_40_53.csv ./data/NYRT_last.csv
ET:  0.11  minutes
now 2017-04-27 09:55:00.496000 return data: last bar 2017-04-27 09:45:00 last processed bar 2017-04-27 09:40:00
596 bars requested 596 bars returned
start_idx [(593, Timestamp('2017-04-27 09:35:00'))]
start_ema 2017-04-27 08:00:00 start_vwap 2017-04-27 09:35:00 last_bar 2017-04-27 09:45:00 Writing to ./data/NYRT_livesignals_20170427_09_40_53.csv ./data/NYRT_last.csv
ET:  0.1  minutes
now 2017-04-27 10:00:00.636000 return data: last bar 2017-04-27 09:50:00 last processed bar 2017-04-27 09:45:00
596 bars requested 596 bars returned
start_idx [(592, Timestamp('2017-04-27 09:35:00'))]
start_ema 2017-04-27 08:00:00 start_vwap 2017-04-27 09:35:00 last_bar 2017-04-27 09:50:00 Writing to ./data/NYRT_livesignals_20170427_09_40_53.csv ./data/NYRT_last.csv
ET:  0.1  minutes
now 2017-04-27 10:05:01.748000 return data: last bar 2017-04-27 09:55:00 last processed bar 2017-04-27 09:50:00
596 bars requested 596 bars returned
start_idx [(591, Timestamp('2017-04-27 09:35:00'))]
start_ema 2017-04-27 08:00:00 start_vwap 2017-04-27 09:35:00 last_bar 2017-04-27 09:55:00 Writing to ./data/NYRT_livesignals_20170427_09_40_53.csv ./data/NYRT_last.csv
ET:  0.09  minutes
now 2017-04-27 10:10:00.394000 return data: last bar 2017-04-27 10:00:00 last processed bar 2017-04-27 09:55:00
596 bars requested 596 bars returned
start_idx [(590, Timestamp('2017-04-27 09:35:00'))]
start_ema 2017-04-27 08:00:00 start_vwap 2017-04-27 09:35:00 last_bar 2017-04-27 10:00:00 Writing to ./data/NYRT_livesignals_20170427_09_40_53.csv ./data/NYRT_last.csv
ET:  0.11  minutes
now 2017-04-27 10:15:00.357000 return data: last bar 2017-04-27 10:10:00 last processed bar 2017-04-27 10:00:00
596 bars requested 596 bars returned
start_idx [(588, Timestamp('2017-04-27 09:35:00'))]
start_ema 2017-04-27 08:00:00 start_vwap 2017-04-27 09:35:00 last_bar 2017-04-27 10:10:00 Writing to ./data/NYRT_livesignals_20170427_09_40_53.csv ./data/NYRT_last.csv
ET:  0.12  minutes
now 2017-04-27 10:20:00.535000 return data: last bar 2017-04-27 10:15:00 last processed bar 2017-04-27 10:10:00
596 bars requested 596 bars returned
start_idx [(587, Timestamp('2017-04-27 09:35:00'))]
start_ema 2017-04-27 08:00:00 start_vwap 2017-04-27 09:35:00 last_bar 2017-04-27 10:15:00 Writing to ./data/NYRT_livesignals_20170427_09_40_53.csv ./data/NYRT_last.csv
ET:  0.11  minutes
now 2017-04-27 10:25:00.015000 return data: last bar 2017-04-27 10:20:00 last processed bar 2017-04-27 10:15:00
596 bars requested 596 bars returned
start_idx [(586, Timestamp('2017-04-27 09:35:00'))]
start_ema 2017-04-27 08:00:00 start_vwap 2017-04-27 09:35:00 last_bar 2017-04-27 10:20:00 Writing to ./data/NYRT_livesignals_20170427_09_40_53.csv ./data/NYRT_last.csv
ET:  0.12  minutes
now 2017-04-27 10:30:00.520000 return data: last bar 2017-04-27 10:25:00 last processed bar 2017-04-27 10:20:00
596 bars requested 596 bars returned
start_idx [(585, Timestamp('2017-04-27 09:35:00'))]
start_ema 2017-04-27 08:00:00 start_vwap 2017-04-27 09:35:00 last_bar 2017-04-27 10:25:00 Writing to ./data/NYRT_livesignals_20170427_09_40_53.csv ./data/NYRT_last.csv
ET:  0.12  minutes
now 2017-04-27 10:35:01.165000 return data: last bar 2017-04-27 10:30:00 last processed bar 2017-04-27 10:25:00
596 bars requested 596 bars returned
start_idx [(584, Timestamp('2017-04-27 09:35:00'))]
start_ema 2017-04-27 08:00:00 start_vwap 2017-04-27 09:35:00 last_bar 2017-04-27 10:30:00 Writing to ./data/NYRT_livesignals_20170427_09_40_53.csv ./data/NYRT_last.csv
ET:  0.11  minutes
now 2017-04-27 10:40:02.939000 return data: last bar 2017-04-27 10:35:00 last processed bar 2017-04-27 10:30:00
596 bars requested 596 bars returned
start_idx [(583, Timestamp('2017-04-27 09:35:00'))]
start_ema 2017-04-27 08:00:00 start_vwap 2017-04-27 09:35:00 last_bar 2017-04-27 10:35:00 Writing to ./data/NYRT_livesignals_20170427_09_40_53.csv ./data/NYRT_last.csv
ET:  0.08  minutes
now 2017-04-27 10:45:01.616000 return data: last bar 2017-04-27 10:40:00 last processed bar 2017-04-27 10:35:00
596 bars requested 596 bars returned
start_idx [(582, Timestamp('2017-04-27 09:35:00'))]
start_ema 2017-04-27 08:00:00 start_vwap 2017-04-27 09:35:00 last_bar 2017-04-27 10:40:00 Writing to ./data/NYRT_livesignals_20170427_09_40_53.csv ./data/NYRT_last.csv
ET:  0.1  minutes
now 2017-04-27 10:50:02.261000 return data: last bar 2017-04-27 10:45:00 last processed bar 2017-04-27 10:40:00
596 bars requested 596 bars returned
start_idx [(581, Timestamp('2017-04-27 09:35:00'))]
start_ema 2017-04-27 08:00:00 start_vwap 2017-04-27 09:35:00 last_bar 2017-04-27 10:45:00 Writing to ./data/NYRT_livesignals_20170427_09_40_53.csv ./data/NYRT_last.csv
ET:  0.1  minutes
now 2017-04-27 10:55:00.748000 return data: last bar 2017-04-27 10:50:00 last processed bar 2017-04-27 10:45:00
596 bars requested 596 bars returned
start_idx [(580, Timestamp('2017-04-27 09:35:00'))]
start_ema 2017-04-27 08:00:00 start_vwap 2017-04-27 09:35:00 last_bar 2017-04-27 10:50:00 Writing to ./data/NYRT_livesignals_20170427_09_40_53.csv ./data/NYRT_last.csv
ET:  0.12  minutes
now 2017-04-27 11:00:02.033000 return data: last bar 2017-04-27 10:55:00 last processed bar 2017-04-27 10:50:00
596 bars requested 596 bars returned
start_idx [(579, Timestamp('2017-04-27 09:35:00'))]
start_ema 2017-04-27 08:00:00 start_vwap 2017-04-27 09:35:00 last_bar 2017-04-27 10:55:00 Writing to ./data/NYRT_livesignals_20170427_09_40_53.csv ./data/NYRT_last.csv
ET:  0.13  minutes
now 2017-04-27 11:05:00.656000 return data: last bar 2017-04-27 11:00:00 last processed bar 2017-04-27 10:55:00
596 bars requested 596 bars returned
start_idx [(578, Timestamp('2017-04-27 09:35:00'))]
start_ema 2017-04-27 08:00:00 start_vwap 2017-04-27 09:35:00 last_bar 2017-04-27 11:00:00 Writing to ./data/NYRT_livesignals_20170427_09_40_53.csv ./data/NYRT_last.csv
ET:  0.13  minutes
now 2017-04-27 11:10:00.456000 return data: last bar 2017-04-27 11:05:00 last processed bar 2017-04-27 11:00:00
596 bars requested 596 bars returned
start_idx [(577, Timestamp('2017-04-27 09:35:00'))]
start_ema 2017-04-27 08:00:00 start_vwap 2017-04-27 09:35:00 last_bar 2017-04-27 11:05:00 Writing to ./data/NYRT_livesignals_20170427_09_40_53.csv ./data/NYRT_last.csv
ET:  0.13  minutes
now 2017-04-27 11:15:00.269000 return data: last bar 2017-04-27 11:10:00 last processed bar 2017-04-27 11:05:00
596 bars requested 596 bars returned
start_idx [(576, Timestamp('2017-04-27 09:35:00'))]
start_ema 2017-04-27 08:00:00 start_vwap 2017-04-27 09:35:00 last_bar 2017-04-27 11:10:00 Writing to ./data/NYRT_livesignals_20170427_09_40_53.csv ./data/NYRT_last.csv
ET:  0.13  minutes
now 2017-04-27 11:20:00.387000 return data: last bar 2017-04-27 11:15:00 last processed bar 2017-04-27 11:10:00
596 bars requested 596 bars returned
start_idx [(575, Timestamp('2017-04-27 09:35:00'))]
start_ema 2017-04-27 08:00:00 start_vwap 2017-04-27 09:35:00 last_bar 2017-04-27 11:15:00 Writing to ./data/NYRT_livesignals_20170427_09_40_53.csv ./data/NYRT_last.csv
ET:  0.14  minutes
now 2017-04-27 11:25:00.909000 return data: last bar 2017-04-27 11:20:00 last processed bar 2017-04-27 11:15:00
596 bars requested 596 bars returned
start_idx [(574, Timestamp('2017-04-27 09:35:00'))]
start_ema 2017-04-27 08:00:00 start_vwap 2017-04-27 09:35:00 last_bar 2017-04-27 11:20:00 Writing to ./data/NYRT_livesignals_20170427_09_40_53.csv ./data/NYRT_last.csv
ET:  0.13  minutes
now 2017-04-27 11:30:01.811000 return data: last bar 2017-04-27 11:25:00 last processed bar 2017-04-27 11:20:00
2 bars requested 2 bars returned
start_idx [(0, Timestamp('2017-04-27 09:35:00'))]
start_ema 2017-04-27 09:50:00 data.dropna() feed returned insufficient data
now 2017-04-27 11:35:01.074000 return data: last bar 2017-04-27 11:35:00 last processed bar 2017-04-27 11:25:00
2 bars requested 2 bars returned
start_idx [(0, Timestamp('2017-04-27 09:35:00'))]
start_ema 2017-04-27 09:50:00 data.dropna() feed returned insufficient data
now 2017-04-27 11:40:00.231000 return None: last bar 2017-04-27 11:35:00 last processed bar 2017-04-27 11:35:00
2 bars requested None returned
NYRT getFeed did not return any data! last bar: 2017-04-27 11:35:00 now: 11:40:00.254000
now 2017-04-27 11:45:03.611000 return data: last bar 2017-04-27 11:40:00 last processed bar 2017-04-27 11:35:00
596 bars requested 596 bars returned
start_idx [(570, Timestamp('2017-04-27 09:35:00'))]
start_ema 2017-04-27 08:00:00 start_vwap 2017-04-27 09:35:00 last_bar 2017-04-27 11:40:00 Writing to ./data/NYRT_livesignals_20170427_09_40_53.csv ./data/NYRT_last.csv
ET:  0.05  minutes
now 2017-04-27 11:50:00.942000 return data: last bar 2017-04-27 11:45:00 last processed bar 2017-04-27 11:40:00
2 bars requested 2 bars returned
start_idx [(0, Timestamp('2017-04-27 09:35:00'))]
start_ema 2017-04-27 09:55:00 data.dropna() feed returned insufficient data
now 2017-04-27 11:55:00.320000 return data: last bar 2017-04-27 11:50:00 last processed bar 2017-04-27 11:45:00
2 bars requested 2 bars returned
start_idx [(0, Timestamp('2017-04-27 09:35:00'))]
start_ema 2017-04-27 09:55:00 data.dropna() feed returned insufficient data
now 2017-04-27 12:00:00.264000 return data: last bar 2017-04-27 11:55:00 last processed bar 2017-04-27 11:50:00
2 bars requested 2 bars returned
start_idx [(0, Timestamp('2017-04-27 09:35:00'))]
start_ema 2017-04-27 09:55:00 data.dropna() feed returned insufficient data
now 2017-04-27 12:05:02.895000 return data: last bar 2017-04-27 12:00:00 last processed bar 2017-04-27 11:55:00
2 bars requested 2 bars returned
start_idx [(0, Timestamp('2017-04-27 09:35:00'))]
start_ema 2017-04-27 09:55:00 data.dropna() feed returned insufficient data
now 2017-04-27 12:10:02.218000 return data: last bar 2017-04-27 12:10:00 last processed bar 2017-04-27 12:00:00
2 bars requested 2 bars returned
start_idx [(0, Timestamp('2017-04-27 09:35:00'))]
start_ema 2017-04-27 09:55:00 data.dropna() feed returned insufficient data
now 2017-04-27 12:15:00.874000 return None: last bar 2017-04-27 12:10:00 last processed bar 2017-04-27 12:10:00
2 bars requested None returned
NYRT getFeed did not return any data! last bar: 2017-04-27 12:10:00 now: 12:15:00.904000
now 2017-04-27 12:20:00.824000 return data: last bar 2017-04-27 12:15:00 last processed bar 2017-04-27 12:10:00
596 bars requested 596 bars returned
start_idx [(563, Timestamp('2017-04-27 09:35:00'))]
start_ema 2017-04-27 08:00:00 start_vwap 2017-04-27 09:35:00 last_bar 2017-04-27 12:15:00 Writing to ./data/NYRT_livesignals_20170427_09_40_53.csv ./data/NYRT_last.csv
ET:  0.1  minutes
now 2017-04-27 12:25:00.936000 return data: last bar 2017-04-27 12:20:00 last processed bar 2017-04-27 12:15:00
2 bars requested 2 bars returned
start_idx [(0, Timestamp('2017-04-27 09:35:00'))]
start_ema 2017-04-27 10:00:00 data.dropna() feed returned insufficient data
now 2017-04-27 12:30:00.533000 return data: last bar 2017-04-27 12:25:00 last processed bar 2017-04-27 12:20:00
2 bars requested 2 bars returned
start_idx [(0, Timestamp('2017-04-27 09:35:00'))]
start_ema 2017-04-27 10:00:00 data.dropna() feed returned insufficient data
now 2017-04-27 12:35:03.656000 return data: last bar 2017-04-27 12:30:00 last processed bar 2017-04-27 12:25:00
2 bars requested 2 bars returned
start_idx [(0, Timestamp('2017-04-27 09:35:00'))]
start_ema 2017-04-27 10:00:00 data.dropna() feed returned insufficient data
now 2017-04-27 12:40:00.174000 return data: last bar 2017-04-27 12:35:00 last processed bar 2017-04-27 12:30:00
2 bars requested 2 bars returned
start_idx [(0, Timestamp('2017-04-27 09:35:00'))]
start_ema 2017-04-27 10:00:00 data.dropna() feed returned insufficient data
now 2017-04-27 12:45:01.973000 return data: last bar 2017-04-27 12:40:00 last processed bar 2017-04-27 12:35:00
2 bars requested 2 bars returned
start_idx [(0, Timestamp('2017-04-27 09:35:00'))]
start_ema 2017-04-27 10:00:00 data.dropna() feed returned insufficient data
now 2017-04-27 12:50:00.027000 return data: last bar 2017-04-27 12:45:00 last processed bar 2017-04-27 12:40:00
2 bars requested 2 bars returned
start_idx [(0, Timestamp('2017-04-27 09:35:00'))]
start_ema 2017-04-27 10:00:00 data.dropna() feed returned insufficient data
now 2017-04-27 12:55:00.606000 return data: last bar 2017-04-27 12:50:00 last processed bar 2017-04-27 12:45:00
2 bars requested 2 bars returned
start_idx [(0, Timestamp('2017-04-27 09:35:00'))]
start_ema 2017-04-27 10:00:00 data.dropna() feed returned insufficient data
now 2017-04-27 13:00:00.690000 return data: last bar 2017-04-27 12:55:00 last processed bar 2017-04-27 12:50:00
2 bars requested 2 bars returned
start_idx [(0, Timestamp('2017-04-27 09:35:00'))]
start_ema 2017-04-27 10:00:00 data.dropna() feed returned insufficient data
now 2017-04-27 13:05:03.651000 return data: last bar 2017-04-27 13:00:00 last processed bar 2017-04-27 12:55:00
2 bars requested 2 bars returned
start_idx [(0, Timestamp('2017-04-27 09:35:00'))]
start_ema 2017-04-27 10:00:00 data.dropna() feed returned insufficient data
now 2017-04-27 13:10:01.057000 return data: last bar 2017-04-27 13:10:00 last processed bar 2017-04-27 13:00:00
2 bars requested 2 bars returned
start_idx [(0, Timestamp('2017-04-27 09:35:00'))]
start_ema 2017-04-27 10:00:00 data.dropna() feed returned insufficient data
now 2017-04-27 13:15:01.932000 return data: last bar 2017-04-27 13:15:00 last processed bar 2017-04-27 13:10:00
2 bars requested 2 bars returned
start_idx [(0, Timestamp('2017-04-27 09:35:00'))]
start_ema 2017-04-27 10:00:00 data.dropna() feed returned insufficient data
now 2017-04-27 13:20:00.736000 return None: last bar 2017-04-27 13:15:00 last processed bar 2017-04-27 13:15:00
2 bars requested None returned
NYRT getFeed did not return any data! last bar: 2017-04-27 13:15:00 now: 13:20:00.759000
now 2017-04-27 13:25:02.431000 return data: last bar 2017-04-27 13:25:00 last processed bar 2017-04-27 13:15:00
596 bars requested 596 bars returned
start_idx [(549, Timestamp('2017-04-27 09:35:00'))]
start_ema 2017-04-27 08:00:00 start_vwap 2017-04-27 09:35:00 last_bar 2017-04-27 13:25:00 Writing to ./data/NYRT_livesignals_20170427_09_40_53.csv ./data/NYRT_last.csv
ET:  0.07  minutes
now 2017-04-27 13:30:02.384000 return data: last bar 2017-04-27 13:30:00 last processed bar 2017-04-27 13:25:00
2 bars requested 2 bars returned
start_idx [(0, Timestamp('2017-04-27 09:35:00'))]
start_ema 2017-04-27 10:10:00 data.dropna() feed returned insufficient data
now 2017-04-27 13:35:00.279000 return None: last bar 2017-04-27 13:30:00 last processed bar 2017-04-27 13:30:00
2 bars requested None returned
NYRT getFeed did not return any data! last bar: 2017-04-27 13:30:00 now: 13:35:00.521000
now 2017-04-27 13:40:02.365000 return data: last bar 2017-04-27 13:35:00 last processed bar 2017-04-27 13:30:00
596 bars requested 596 bars returned
start_idx [(547, Timestamp('2017-04-27 09:35:00'))]
start_ema 2017-04-27 08:00:00 start_vwap 2017-04-27 09:35:00 last_bar 2017-04-27 13:35:00 Writing to ./data/NYRT_livesignals_20170427_09_40_53.csv ./data/NYRT_last.csv
ET:  0.07  minutes
now 2017-04-27 13:45:03.096000 return data: last bar 2017-04-27 13:40:00 last processed bar 2017-04-27 13:35:00
2 bars requested 2 bars returned
start_idx [(0, Timestamp('2017-04-27 09:35:00'))]
start_ema 2017-04-27 10:15:00 data.dropna() feed returned insufficient data
now 2017-04-27 13:50:02.091000 return data: last bar 2017-04-27 13:45:00 last processed bar 2017-04-27 13:40:00
2 bars requested 2 bars returned
start_idx [(0, Timestamp('2017-04-27 09:35:00'))]
start_ema 2017-04-27 10:15:00 data.dropna() feed returned insufficient data
now 2017-04-27 13:55:00.502000 return data: last bar 2017-04-27 13:50:00 last processed bar 2017-04-27 13:45:00
2 bars requested 2 bars returned
start_idx [(0, Timestamp('2017-04-27 09:35:00'))]
start_ema 2017-04-27 10:15:00 data.dropna() feed returned insufficient data
now 2017-04-27 14:00:02.446000 return data: last bar 2017-04-27 13:55:00 last processed bar 2017-04-27 13:50:00
2 bars requested 2 bars returned
start_idx [(0, Timestamp('2017-04-27 09:35:00'))]
start_ema 2017-04-27 10:15:00 data.dropna() feed returned insufficient data
now 2017-04-27 14:05:03.631000 return data: last bar 2017-04-27 14:05:00 last processed bar 2017-04-27 13:55:00
2 bars requested 2 bars returned
start_idx [(0, Timestamp('2017-04-27 09:35:00'))]
start_ema 2017-04-27 10:15:00 data.dropna() feed returned insufficient data
now 2017-04-27 14:10:00.217000 return None: last bar 2017-04-27 14:05:00 last processed bar 2017-04-27 14:05:00
2 bars requested None returned
NYRT getFeed did not return any data! last bar: 2017-04-27 14:05:00 now: 14:10:00.344000
now 2017-04-27 14:15:00.708000 return data: last bar 2017-04-27 14:10:00 last processed bar 2017-04-27 14:05:00
596 bars requested 596 bars returned
start_idx [(540, Timestamp('2017-04-27 09:35:00'))]
start_ema 2017-04-27 08:00:00 start_vwap 2017-04-27 09:35:00 last_bar 2017-04-27 14:10:00 Writing to ./data/NYRT_livesignals_20170427_09_40_53.csv ./data/NYRT_last.csv
ET:  0.1  minutes
now 2017-04-27 14:20:00.780000 return data: last bar 2017-04-27 14:15:00 last processed bar 2017-04-27 14:10:00
2 bars requested 2 bars returned
start_idx [(0, Timestamp('2017-04-27 09:35:00'))]
start_ema 2017-04-27 10:20:00 data.dropna() feed returned insufficient data
now 2017-04-27 14:25:00.919000 return data: last bar 2017-04-27 14:20:00 last processed bar 2017-04-27 14:15:00
2 bars requested 2 bars returned
start_idx [(0, Timestamp('2017-04-27 09:35:00'))]
start_ema 2017-04-27 10:20:00 data.dropna() feed returned insufficient data
now 2017-04-27 14:30:01.942000 return data: last bar 2017-04-27 14:25:00 last processed bar 2017-04-27 14:20:00
2 bars requested 2 bars returned
start_idx [(0, Timestamp('2017-04-27 09:35:00'))]
start_ema 2017-04-27 10:20:00 data.dropna() feed returned insufficient data
now 2017-04-27 14:35:01.998000 return data: last bar 2017-04-27 14:35:00 last processed bar 2017-04-27 14:25:00
2 bars requested 2 bars returned
start_idx [(0, Timestamp('2017-04-27 09:35:00'))]
start_ema 2017-04-27 10:20:00 data.dropna() feed returned insufficient data
now 2017-04-27 14:40:00.759000 return None: last bar 2017-04-27 14:35:00 last processed bar 2017-04-27 14:35:00
2 bars requested None returned
NYRT getFeed did not return any data! last bar: 2017-04-27 14:35:00 now: 14:40:01.480000
now 2017-04-27 14:45:02.324000 return data: last bar 2017-04-27 14:45:00 last processed bar 2017-04-27 14:35:00
596 bars requested 596 bars returned
start_idx [(533, Timestamp('2017-04-27 09:35:00'))]
start_ema 2017-04-27 08:00:00 start_vwap 2017-04-27 09:35:00 last_bar 2017-04-27 14:45:00 Writing to ./data/NYRT_livesignals_20170427_09_40_53.csv ./data/NYRT_last.csv
ET:  0.06  minutes
now 2017-04-27 14:50:00.049000 return None: last bar 2017-04-27 14:45:00 last processed bar 2017-04-27 14:45:00
2 bars requested None returned
NYRT getFeed did not return any data! last bar: 2017-04-27 14:45:00 now: 14:50:00.074000
now 2017-04-27 14:55:02.028000 return data: last bar 2017-04-27 14:50:00 last processed bar 2017-04-27 14:45:00
596 bars requested 596 bars returned
start_idx [(532, Timestamp('2017-04-27 09:35:00'))]
start_ema 2017-04-27 08:00:00 start_vwap 2017-04-27 09:35:00 last_bar 2017-04-27 14:50:00 Writing to ./data/NYRT_livesignals_20170427_09_40_53.csv ./data/NYRT_last.csv
ET:  0.07  minutes
now 2017-04-27 15:00:01.817000 return data: last bar 2017-04-27 14:55:00 last processed bar 2017-04-27 14:50:00
2 bars requested 2 bars returned
start_idx [(0, Timestamp('2017-04-27 09:35:00'))]
start_ema 2017-04-27 10:30:00 data.dropna() feed returned insufficient data
now 2017-04-27 15:05:01.797000 return data: last bar 2017-04-27 15:00:00 last processed bar 2017-04-27 14:55:00
2 bars requested 2 bars returned
start_idx [(0, Timestamp('2017-04-27 09:35:00'))]
start_ema 2017-04-27 10:30:00 data.dropna() feed returned insufficient data
now 2017-04-27 15:10:00.035000 return data: last bar 2017-04-27 15:05:00 last processed bar 2017-04-27 15:00:00
2 bars requested 2 bars returned
start_idx [(0, Timestamp('2017-04-27 09:35:00'))]
start_ema 2017-04-27 10:30:00 data.dropna() feed returned insufficient data
now 2017-04-27 15:10:04.834000 return None: last bar 2017-04-27 15:05:00 last processed bar 2017-04-27 15:05:00
2 bars requested None returned
NYRT getFeed did not return any data! last bar: 2017-04-27 15:05:00 now: 15:10:04.858000
now 2017-04-27 15:15:00.567000 return data: last bar 2017-04-27 15:10:00 last processed bar 2017-04-27 15:05:00
596 bars requested 596 bars returned
start_idx [(528, Timestamp('2017-04-27 09:35:00'))]
start_ema 2017-04-27 08:00:00 start_vwap 2017-04-27 09:35:00 last_bar 2017-04-27 15:10:00 Writing to ./data/NYRT_livesignals_20170427_09_40_53.csv ./data/NYRT_last.csv
ET:  0.1  minutes
now 2017-04-27 15:20:04.858000 return data: last bar 2017-04-27 15:20:00 last processed bar 2017-04-27 15:10:00
2 bars requested 2 bars returned
start_idx [(0, Timestamp('2017-04-27 09:35:00'))]
start_ema 2017-04-27 10:35:00 data.dropna() feed returned insufficient data
now 2017-04-27 15:25:01.388000 return None: last bar 2017-04-27 15:20:00 last processed bar 2017-04-27 15:20:00
2 bars requested None returned
NYRT getFeed did not return any data! last bar: 2017-04-27 15:20:00 now: 15:25:01.761000
now 2017-04-27 15:30:02.676000 return data: last bar 2017-04-27 15:30:00 last processed bar 2017-04-27 15:20:00
596 bars requested 596 bars returned
start_idx [(524, Timestamp('2017-04-27 09:35:00'))]
start_ema 2017-04-27 08:00:00 start_vwap 2017-04-27 09:35:00 last_bar 2017-04-27 15:30:00 Writing to ./data/NYRT_livesignals_20170427_09_40_53.csv ./data/NYRT_last.csv
ET:  0.07  minutes
now 2017-04-27 15:35:01.457000 return None: last bar 2017-04-27 15:30:00 last processed bar 2017-04-27 15:30:00
2 bars requested None returned
NYRT getFeed did not return any data! last bar: 2017-04-27 15:30:00 now: 15:35:02.207000
now 2017-04-27 15:40:03.043000 return data: last bar 2017-04-27 15:35:00 last processed bar 2017-04-27 15:30:00
596 bars requested 596 bars returned
start_idx [(523, Timestamp('2017-04-27 09:35:00'))]
start_ema 2017-04-27 08:00:00 start_vwap 2017-04-27 09:35:00 last_bar 2017-04-27 15:35:00 Writing to ./data/NYRT_livesignals_20170427_09_40_53.csv ./data/NYRT_last.csv
ET:  0.05  minutes
now 2017-04-27 15:45:00.510000 return data: last bar 2017-04-27 15:40:00 last processed bar 2017-04-27 15:35:00
2 bars requested 2 bars returned
start_idx [(0, Timestamp('2017-04-27 09:35:00'))]
start_ema 2017-04-27 10:45:00 data.dropna() feed returned insufficient data
now 2017-04-27 15:50:00.951000 return data: last bar 2017-04-27 15:45:00 last processed bar 2017-04-27 15:40:00
2 bars requested 2 bars returned
start_idx [(0, Timestamp('2017-04-27 09:35:00'))]
start_ema 2017-04-27 10:45:00 data.dropna() feed returned insufficient data
now 2017-04-27 15:55:02.912000
