return data: last bar 2017-04-24 10:30:00 last processed bar 1000-01-01 00:00:00
start_idx [(584, Timestamp('2017-04-24 09:35:00'))]
start_ema 2017-04-21 19:00:00 start_vwap 2017-04-24 09:35:00 last_bar 2017-04-24 10:30:00 ET:  0.02  minutes
now 2017-04-24 10:35:00.252000 return None: last bar 2017-04-24 10:30:00 last processed bar 2017-04-24 10:30:00
OCN getFeed did not return any data! last bar: 2017-04-24 10:30:00 now: 10:35:02.214000
now 2017-04-24 10:40:00.504000 return data: last bar 2017-04-24 10:35:00 last processed bar 2017-04-24 10:30:00
start_idx [(583, Timestamp('2017-04-24 09:35:00'))]
start_ema 2017-04-21 19:00:00 start_vwap 2017-04-24 09:35:00 last_bar 2017-04-24 10:35:00 Writing to ./data/OCN_livesignals_20170424_10_33_13.csv ./data/OCN_last.csv
ET:  0.27  minutes
now 2017-04-24 10:45:01.812000 return data: last bar 2017-04-24 10:40:00 last processed bar 2017-04-24 10:35:00
start_idx [(582, Timestamp('2017-04-24 09:35:00'))]
start_ema 2017-04-21 19:00:00 start_vwap 2017-04-24 09:35:00 last_bar 2017-04-24 10:40:00 Writing to ./data/OCN_livesignals_20170424_10_33_13.csv ./data/OCN_last.csv
ET:  0.24  minutes
now 2017-04-24 10:50:00.034000 return data: last bar 2017-04-24 10:45:00 last processed bar 2017-04-24 10:40:00
start_idx [(581, Timestamp('2017-04-24 09:35:00'))]
start_ema 2017-04-21 19:00:00 start_vwap 2017-04-24 09:35:00 last_bar 2017-04-24 10:45:00 Writing to ./data/OCN_livesignals_20170424_10_33_13.csv ./data/OCN_last.csv
ET:  0.25  minutes
now 2017-04-24 10:55:00.286000 return data: last bar 2017-04-24 10:50:00 last processed bar 2017-04-24 10:45:00
start_idx [(580, Timestamp('2017-04-24 09:35:00'))]
start_ema 2017-04-21 19:00:00 start_vwap 2017-04-24 09:35:00 last_bar 2017-04-24 10:50:00 Writing to ./data/OCN_livesignals_20170424_10_33_13.csv ./data/OCN_last.csv
ET:  0.07  minutes
now 2017-04-24 11:00:00.734000 return data: last bar 2017-04-24 10:55:00 last processed bar 2017-04-24 10:50:00
start_idx [(579, Timestamp('2017-04-24 09:35:00'))]
start_ema 2017-04-21 19:00:00 start_vwap 2017-04-24 09:35:00 last_bar 2017-04-24 10:55:00 Writing to ./data/OCN_livesignals_20170424_10_33_13.csv ./data/OCN_last.csv
ET:  0.22  minutes
now 2017-04-24 11:05:00.881000 return data: last bar 2017-04-24 11:00:00 last processed bar 2017-04-24 10:55:00
start_idx [(578, Timestamp('2017-04-24 09:35:00'))]
start_ema 2017-04-21 19:00:00 start_vwap 2017-04-24 09:35:00 last_bar 2017-04-24 11:00:00 Writing to ./data/OCN_livesignals_20170424_10_33_13.csv ./data/OCN_last.csv
ET:  0.26  minutes
now 2017-04-24 11:10:01.022000 return data: last bar 2017-04-24 11:10:00 last processed bar 2017-04-24 11:00:00
start_idx [(576, Timestamp('2017-04-24 09:35:00'))]
start_ema 2017-04-21 19:00:00 start_vwap 2017-04-24 09:35:00 last_bar 2017-04-24 11:10:00 Writing to ./data/OCN_livesignals_20170424_10_33_13.csv ./data/OCN_last.csv
ET:  0.14  minutes
now 2017-04-24 11:15:00.840000 return None: last bar 2017-04-24 11:10:00 last processed bar 2017-04-24 11:10:00
OCN getFeed did not return any data! last bar: 2017-04-24 11:10:00 now: 11:15:10.491000
now 2017-04-24 11:20:01.245000 return data: last bar 2017-04-24 11:15:00 last processed bar 2017-04-24 11:10:00
start_idx [(575, Timestamp('2017-04-24 09:35:00'))]
start_ema 2017-04-21 19:00:00 start_vwap 2017-04-24 09:35:00 last_bar 2017-04-24 11:15:00 Writing to ./data/OCN_livesignals_20170424_10_33_13.csv ./data/OCN_last.csv
ET:  0.16  minutes
now 2017-04-24 11:25:00.654000 return data: last bar 2017-04-24 11:20:00 last processed bar 2017-04-24 11:15:00
start_idx [(574, Timestamp('2017-04-24 09:35:00'))]
start_ema 2017-04-21 19:00:00 start_vwap 2017-04-24 09:35:00 last_bar 2017-04-24 11:20:00 Writing to ./data/OCN_livesignals_20170424_10_33_13.csv ./data/OCN_last.csv
ET:  0.08  minutes
now 2017-04-24 11:30:00.254000 return data: last bar 2017-04-24 11:25:00 last processed bar 2017-04-24 11:20:00
2 bars requested 2 bars returned
start_idx [(0, Timestamp('2017-04-24 09:35:00'))]
start_ema 2017-04-24 09:50:00 data.dropna() feed returned insufficient data
now 2017-04-24 11:35:00.766000 return data: last bar 2017-04-24 11:30:00 last processed bar 2017-04-24 11:25:00
2 bars requested 2 bars returned
start_idx [(0, Timestamp('2017-04-24 09:35:00'))]
start_ema 2017-04-24 09:50:00 data.dropna() feed returned insufficient data
now 2017-04-24 11:40:00.802000 return data: last bar 2017-04-24 11:35:00 last processed bar 2017-04-24 11:30:00
2 bars requested 2 bars returned
start_idx [(0, Timestamp('2017-04-24 09:35:00'))]
start_ema 2017-04-24 09:50:00 data.dropna() feed returned insufficient data
now 2017-04-24 11:45:00.550000 return data: last bar 2017-04-24 11:40:00 last processed bar 2017-04-24 11:35:00
2 bars requested 2 bars returned
start_idx [(0, Timestamp('2017-04-24 09:35:00'))]
start_ema 2017-04-24 09:50:00 data.dropna() feed returned insufficient data
now 2017-04-24 11:50:00.659000 return data: last bar 2017-04-24 11:45:00 last processed bar 2017-04-24 11:40:00
2 bars requested 2 bars returned
start_idx [(0, Timestamp('2017-04-24 09:35:00'))]
start_ema 2017-04-24 09:50:00 data.dropna() feed returned insufficient data
now 2017-04-24 11:55:01.016000 return data: last bar 2017-04-24 11:50:00 last processed bar 2017-04-24 11:45:00
2 bars requested 2 bars returned
start_idx [(0, Timestamp('2017-04-24 09:35:00'))]
start_ema 2017-04-24 09:50:00 data.dropna() feed returned insufficient data
now 2017-04-24 12:00:00.711000 return data: last bar 2017-04-24 11:55:00 last processed bar 2017-04-24 11:50:00
2 bars requested 2 bars returned
start_idx [(0, Timestamp('2017-04-24 09:35:00'))]
start_ema 2017-04-24 09:50:00 data.dropna() feed returned insufficient data
now 2017-04-24 12:05:00.015000 return data: last bar 2017-04-24 12:00:00 last processed bar 2017-04-24 11:55:00
2 bars requested 2 bars returned
start_idx [(0, Timestamp('2017-04-24 09:35:00'))]
start_ema 2017-04-24 09:50:00 data.dropna() feed returned insufficient data
now 2017-04-24 12:10:00.002000 return data: last bar 2017-04-24 12:05:00 last processed bar 2017-04-24 12:00:00
2 bars requested 2 bars returned
start_idx [(0, Timestamp('2017-04-24 09:35:00'))]
start_ema 2017-04-24 09:50:00 data.dropna() feed returned insufficient data
now 2017-04-24 12:15:01.312000 return data: last bar 2017-04-24 12:10:00 last processed bar 2017-04-24 12:05:00
2 bars requested 2 bars returned
start_idx [(0, Timestamp('2017-04-24 09:35:00'))]
start_ema 2017-04-24 09:50:00 data.dropna() feed returned insufficient data
now 2017-04-24 12:20:00.489000 return data: last bar 2017-04-24 12:20:00 last processed bar 2017-04-24 12:10:00
2 bars requested 2 bars returned
start_idx [(0, Timestamp('2017-04-24 09:35:00'))]
start_ema 2017-04-24 09:50:00 data.dropna() feed returned insufficient data
now 2017-04-24 12:25:00.717000 return None: last bar 2017-04-24 12:20:00 last processed bar 2017-04-24 12:20:00
2 bars requested None returned
OCN getFeed did not return any data! last bar: 2017-04-24 12:20:00 now: 12:25:00.748000
now 2017-04-24 12:30:00.552000 return data: last bar 2017-04-24 12:25:00 last processed bar 2017-04-24 12:20:00
2 bars requested 2 bars returned
start_idx [(0, Timestamp('2017-04-24 09:35:00'))]
start_ema 2017-04-24 09:50:00 data.dropna() feed returned insufficient data
now 2017-04-24 12:35:00.088000 return data: last bar 2017-04-24 12:30:00 last processed bar 2017-04-24 12:25:00
2 bars requested 2 bars returned
start_idx [(0, Timestamp('2017-04-24 09:35:00'))]
start_ema 2017-04-24 09:50:00 data.dropna() feed returned insufficient data
now 2017-04-24 12:40:01.271000 return data: last bar 2017-04-24 12:40:00 last processed bar 2017-04-24 12:30:00
2 bars requested 2 bars returned
start_idx [(0, Timestamp('2017-04-24 09:35:00'))]
start_ema 2017-04-24 09:50:00 data.dropna() feed returned insufficient data
now 2017-04-24 12:45:00.784000 return data: last bar 2017-04-24 12:45:00 last processed bar 2017-04-24 12:40:00
2 bars requested 2 bars returned
start_idx [(0, Timestamp('2017-04-24 09:35:00'))]
start_ema 2017-04-24 09:50:00 data.dropna() feed returned insufficient data
now 2017-04-24 12:50:00.675000 return None: last bar 2017-04-24 12:45:00 last processed bar 2017-04-24 12:45:00
2 bars requested None returned
OCN getFeed did not return any data! last bar: 2017-04-24 12:45:00 now: 12:50:01.477000
now 2017-04-24 12:55:00.345000 return data: last bar 2017-04-24 12:50:00 last processed bar 2017-04-24 12:45:00
2 bars requested 2 bars returned
start_idx [(0, Timestamp('2017-04-24 09:35:00'))]
start_ema 2017-04-24 09:50:00 data.dropna() feed returned insufficient data
now 2017-04-24 13:00:00.927000 return data: last bar 2017-04-24 13:00:00 last processed bar 2017-04-24 12:50:00
2 bars requested 2 bars returned
start_idx [(0, Timestamp('2017-04-24 09:35:00'))]
start_ema 2017-04-24 09:50:00 data.dropna() feed returned insufficient data
now 2017-04-24 13:05:00.003000 return None: last bar 2017-04-24 13:00:00 last processed bar 2017-04-24 13:00:00
2 bars requested None returned
OCN getFeed did not return any data! last bar: 2017-04-24 13:00:00 now: 13:05:00.018000
now 2017-04-24 13:10:00.355000 return data: last bar 2017-04-24 13:10:00 last processed bar 2017-04-24 13:00:00
2 bars requested 2 bars returned
start_idx [(0, Timestamp('2017-04-24 09:35:00'))]
start_ema 2017-04-24 09:50:00 data.dropna() feed returned insufficient data
now 2017-04-24 13:15:00.701000 return data: last bar 2017-04-24 13:15:00 last processed bar 2017-04-24 13:10:00
2 bars requested 2 bars returned
start_idx [(0, Timestamp('2017-04-24 09:35:00'))]
start_ema 2017-04-24 09:50:00 data.dropna() feed returned insufficient data
now 2017-04-24 13:20:00.061000 return None: last bar 2017-04-24 13:15:00 last processed bar 2017-04-24 13:15:00
2 bars requested None returned
OCN getFeed did not return any data! last bar: 2017-04-24 13:15:00 now: 13:20:00.075000
now 2017-04-24 13:25:00.322000 return data: last bar 2017-04-24 13:20:00 last processed bar 2017-04-24 13:15:00
2 bars requested 2 bars returned
start_idx [(0, Timestamp('2017-04-24 09:35:00'))]
start_ema 2017-04-24 09:50:00 data.dropna() feed returned insufficient data
now 2017-04-24 13:30:00.749000 return data: last bar 2017-04-24 13:30:00 last processed bar 2017-04-24 13:20:00
2 bars requested 2 bars returned
start_idx [(0, Timestamp('2017-04-24 09:35:00'))]
start_ema 2017-04-24 09:50:00 data.dropna() feed returned insufficient data
now 2017-04-24 13:35:00.674000 return None: last bar 2017-04-24 13:30:00 last processed bar 2017-04-24 13:30:00
2 bars requested None returned
OCN getFeed did not return any data! last bar: 2017-04-24 13:30:00 now: 13:35:00.686000
now 2017-04-24 13:40:00.925000 return data: last bar 2017-04-24 13:40:00 last processed bar 2017-04-24 13:30:00
2 bars requested 2 bars returned
start_idx [(0, Timestamp('2017-04-24 09:35:00'))]
start_ema 2017-04-24 09:50:00 data.dropna() feed returned insufficient data
now 2017-04-24 13:45:00.464000 return None: last bar 2017-04-24 13:40:00 last processed bar 2017-04-24 13:40:00
2 bars requested None returned
OCN getFeed did not return any data! last bar: 2017-04-24 13:40:00 now: 13:45:00.483000
now 2017-04-24 13:50:00.854000 return data: last bar 2017-04-24 13:45:00 last processed bar 2017-04-24 13:40:00
2 bars requested 2 bars returned
start_idx [(0, Timestamp('2017-04-24 09:35:00'))]
start_ema 2017-04-24 09:50:00 data.dropna() feed returned insufficient data
now 2017-04-24 13:55:00.156000 return data: last bar 2017-04-24 13:50:00 last processed bar 2017-04-24 13:45:00
2 bars requested 2 bars returned
start_idx [(0, Timestamp('2017-04-24 09:35:00'))]
start_ema 2017-04-24 09:50:00 data.dropna() feed returned insufficient data
now 2017-04-24 14:00:00.519000 return data: last bar 2017-04-24 14:00:00 last processed bar 2017-04-24 13:50:00
2 bars requested 2 bars returned
start_idx [(0, Timestamp('2017-04-24 09:35:00'))]
start_ema 2017-04-24 09:50:00 data.dropna() feed returned insufficient data
now 2017-04-24 14:05:00.352000 return None: last bar 2017-04-24 14:00:00 last processed bar 2017-04-24 14:00:00
2 bars requested None returned
OCN getFeed did not return any data! last bar: 2017-04-24 14:00:00 now: 14:05:00.755000
now 2017-04-24 14:10:00.901000 return data: last bar 2017-04-24 14:05:00 last processed bar 2017-04-24 14:00:00
2 bars requested 2 bars returned
start_idx [(0, Timestamp('2017-04-24 09:35:00'))]
start_ema 2017-04-24 09:50:00 data.dropna() feed returned insufficient data
now 2017-04-24 14:15:00.148000 return data: last bar 2017-04-24 14:10:00 last processed bar 2017-04-24 14:05:00
2 bars requested 2 bars returned
start_idx [(0, Timestamp('2017-04-24 09:35:00'))]
start_ema 2017-04-24 09:50:00 data.dropna() feed returned insufficient data
now 2017-04-24 14:20:00.632000 return data: last bar 2017-04-24 14:15:00 last processed bar 2017-04-24 14:10:00
2 bars requested 2 bars returned
start_idx [(0, Timestamp('2017-04-24 09:35:00'))]
start_ema 2017-04-24 09:50:00 data.dropna() feed returned insufficient data
now 2017-04-24 14:25:00.637000 return data: last bar 2017-04-24 14:20:00 last processed bar 2017-04-24 14:15:00
2 bars requested 2 bars returned
start_idx [(0, Timestamp('2017-04-24 09:35:00'))]
start_ema 2017-04-24 09:50:00 data.dropna() feed returned insufficient data
now 2017-04-24 14:30:00.942000 return data: last bar 2017-04-24 14:30:00 last processed bar 2017-04-24 14:20:00
2 bars requested 2 bars returned
start_idx [(0, Timestamp('2017-04-24 09:35:00'))]
start_ema 2017-04-24 09:50:00 data.dropna() feed returned insufficient data
now 2017-04-24 14:35:01.087000 return None: last bar 2017-04-24 14:30:00 last processed bar 2017-04-24 14:30:00
2 bars requested None returned
OCN getFeed did not return any data! last bar: 2017-04-24 14:30:00 now: 14:35:01.555000
now 2017-04-24 14:40:00.555000 return data: last bar 2017-04-24 14:35:00 last processed bar 2017-04-24 14:30:00
2 bars requested 2 bars returned
start_idx [(0, Timestamp('2017-04-24 09:35:00'))]
start_ema 2017-04-24 09:50:00 data.dropna() feed returned insufficient data
now 2017-04-24 14:45:00.361000 return data: last bar 2017-04-24 14:45:00 last processed bar 2017-04-24 14:35:00
2 bars requested 2 bars returned
start_idx [(0, Timestamp('2017-04-24 09:35:00'))]
start_ema 2017-04-24 09:50:00 data.dropna() feed returned insufficient data
now 2017-04-24 14:50:00.531000 return data: last bar 2017-04-24 14:50:00 last processed bar 2017-04-24 14:45:00
2 bars requested 2 bars returned
start_idx [(0, Timestamp('2017-04-24 09:35:00'))]
start_ema 2017-04-24 09:50:00 data.dropna() feed returned insufficient data
now 2017-04-24 14:55:00.431000 return None: last bar 2017-04-24 14:50:00 last processed bar 2017-04-24 14:50:00
2 bars requested None returned
OCN getFeed did not return any data! last bar: 2017-04-24 14:50:00 now: 14:55:00.709000
now 2017-04-24 15:00:01.002000 return data: last bar 2017-04-24 15:00:00 last processed bar 2017-04-24 14:50:00
2 bars requested 2 bars returned
start_idx [(0, Timestamp('2017-04-24 09:35:00'))]
start_ema 2017-04-24 09:50:00 data.dropna() feed returned insufficient data
now 2017-04-24 15:05:00.246000 return None: last bar 2017-04-24 15:00:00 last processed bar 2017-04-24 15:00:00
2 bars requested None returned
OCN getFeed did not return any data! last bar: 2017-04-24 15:00:00 now: 15:05:00.353000
now 2017-04-24 15:10:00.219000 return data: last bar 2017-04-24 15:05:00 last processed bar 2017-04-24 15:00:00
2 bars requested 2 bars returned
start_idx [(0, Timestamp('2017-04-24 09:35:00'))]
start_ema 2017-04-24 09:50:00 data.dropna() feed returned insufficient data
now 2017-04-24 15:15:00.594000 return data: last bar 2017-04-24 15:15:00 last processed bar 2017-04-24 15:05:00
2 bars requested 2 bars returned
start_idx [(0, Timestamp('2017-04-24 09:35:00'))]
start_ema 2017-04-24 09:50:00 data.dropna() feed returned insufficient data
now 2017-04-24 15:20:00.842000 return None: last bar 2017-04-24 15:15:00 last processed bar 2017-04-24 15:15:00
2 bars requested None returned
OCN getFeed did not return any data! last bar: 2017-04-24 15:15:00 now: 15:20:01.092000
now 2017-04-24 15:25:00.900000 return data: last bar 2017-04-24 15:25:00 last processed bar 2017-04-24 15:15:00
2 bars requested 2 bars returned
start_idx [(0, Timestamp('2017-04-24 09:35:00'))]
start_ema 2017-04-24 09:50:00 data.dropna() feed returned insufficient data
now 2017-04-24 15:30:00.236000 return None: last bar 2017-04-24 15:25:00 last processed bar 2017-04-24 15:25:00
2 bars requested None returned
OCN getFeed did not return any data! last bar: 2017-04-24 15:25:00 now: 15:30:00.456000
now 2017-04-24 15:35:00.603000 return data: last bar 2017-04-24 15:30:00 last processed bar 2017-04-24 15:25:00
2 bars requested 2 bars returned
start_idx [(0, Timestamp('2017-04-24 09:35:00'))]
start_ema 2017-04-24 09:50:00 data.dropna() feed returned insufficient data
now 2017-04-24 15:40:00.813000 return data: last bar 2017-04-24 15:35:00 last processed bar 2017-04-24 15:30:00
2 bars requested 2 bars returned
start_idx [(0, Timestamp('2017-04-24 09:35:00'))]
start_ema 2017-04-24 09:50:00 data.dropna() feed returned insufficient data
now 2017-04-24 15:45:00.037000 return data: last bar 2017-04-24 15:40:00 last processed bar 2017-04-24 15:35:00
2 bars requested 2 bars returned
start_idx [(0, Timestamp('2017-04-24 09:35:00'))]
start_ema 2017-04-24 09:50:00 data.dropna() feed returned insufficient data
now 2017-04-24 15:50:00.811000 return data: last bar 2017-04-24 15:45:00 last processed bar 2017-04-24 15:40:00
2 bars requested 2 bars returned
start_idx [(0, Timestamp('2017-04-24 09:35:00'))]
start_ema 2017-04-24 09:50:00 data.dropna() feed returned insufficient data
now 2017-04-24 15:55:00.875000
