last bar 2017-03-13 09:35:00 last processed bar 1000-01-01 00:00:00
start_ema 2017-03-10 15:40:00 start_vwap 2017-03-13 09:35:00 last_bar 2017-03-13 09:35:00 ET:  0.16  minutes
Writing to ./data/PANW_livesignals_20170313_09_31_27.csv ./data/PANW_last.csv
now 2017-03-13 09:31:37.656000 last bar 2017-03-13 09:35:00 last processed bar 2017-03-13 09:35:00
new bar not ready
now 2017-03-13 09:35:00.375000 last bar 2017-03-13 09:40:00 last processed bar 2017-03-13 09:35:00
start_ema 2017-03-10 15:40:00 start_vwap 2017-03-13 09:35:00 last_bar 2017-03-13 09:40:00 ET:  3.87  minutes
now 2017-03-13 09:40:00.958000 last bar 2017-03-13 09:45:00 last processed bar 2017-03-13 09:40:00
start_ema 2017-03-10 15:40:00 start_vwap 2017-03-13 09:35:00 last_bar 2017-03-13 09:45:00 ET:  8.79  minutes
now 2017-03-13 09:45:00.134000 last bar 2017-03-13 09:50:00 last processed bar 2017-03-13 09:45:00
start_ema 2017-03-10 15:40:00 start_vwap 2017-03-13 09:35:00 last_bar 2017-03-13 09:50:00 ET:  13.74  minutes
now 2017-03-13 09:50:00.971000 last bar 2017-03-13 09:50:00 last processed bar 2017-03-13 09:50:00
new bar not ready
now 2017-03-13 09:55:00.517000 last bar 2017-03-13 10:00:00 last processed bar 2017-03-13 09:50:00
start_ema 2017-03-10 15:40:00 start_vwap 2017-03-13 09:35:00 last_bar 2017-03-13 10:00:00 ET:  23.72  minutes
now 2017-03-13 10:00:00.336000 last bar 2017-03-13 10:00:00 last processed bar 2017-03-13 10:00:00
new bar not ready
now 2017-03-13 10:05:00.577000 last bar 2017-03-13 10:10:00 last processed bar 2017-03-13 10:00:00
start_ema 2017-03-10 15:40:00 start_vwap 2017-03-13 09:35:00 last_bar 2017-03-13 10:10:00 ET:  33.72  minutes
now 2017-03-13 10:10:00.341000 last bar 2017-03-13 10:10:00 last processed bar 2017-03-13 10:10:00
new bar not ready
now 2017-03-13 10:15:00.544000 last bar 2017-03-13 10:15:00 last processed bar 2017-03-13 10:10:00
start_ema 2017-03-10 15:40:00 start_vwap 2017-03-13 09:35:00 last_bar 2017-03-13 10:15:00 ET:  43.66  minutes
now 2017-03-13 10:20:00.563000 last bar 2017-03-13 10:20:00 last processed bar 2017-03-13 10:15:00
start_ema 2017-03-10 15:40:00 start_vwap 2017-03-13 09:35:00 last_bar 2017-03-13 10:20:00 ET:  48.68  minutes
now 2017-03-13 10:25:00.537000 last bar 2017-03-13 10:25:00 last processed bar 2017-03-13 10:20:00
start_ema 2017-03-10 15:40:00 start_vwap 2017-03-13 09:35:00 last_bar 2017-03-13 10:25:00 ET:  53.69  minutes
now 2017-03-13 10:30:00.242000 last bar 2017-03-13 10:30:00 last processed bar 2017-03-13 10:25:00
start_ema 2017-03-10 15:40:00 start_vwap 2017-03-13 09:35:00 last_bar 2017-03-13 10:30:00 Transmitting {'symbol': 'PANW', 'typeofsymbol': 'stock', 'quant': 41}
Saved ./data/110064634/PANW.json
DEBUG:requests.packages.urllib3.connectionpool:Starting new HTTPS connection (1): collective2.com
DEBUG:requests.packages.urllib3.connectionpool:https://collective2.com:443 "POST /world/apiv3/setDesiredPositions HTTP/1.1" 200 None
{
   "ok" : "1",
   "response" : [
      {
         "underlying" : null,
         "symbol" : "TGTX",
         "putcall" : null,
         "strike" : null,
         "typeofsymbol" : "stock",
         "quant" : "429",
         "expir" : null
      },
      {
         "underlying" : null,
         "symbol" : "FTK",
         "putcall" : null,
         "strike" : null,
         "typeofsymbol" : "stock",
         "quant" : "412",
         "expir" : null
      },
      {
         "underlying" : null,
         "symbol" : "AKAO",
         "putcall" : null,
         "strike" : null,
         "typeofsymbol" : "stock",
         "quant" : "182",
         "expir" : null
      },
      {
         "underlying" : null,
         "symbol" : "EYEG",
         "putcall" : null,
         "strike" : null,
         "typeofsymbol" : "stock",
         "quant" : "1801",
         "expir" : null
      },
      {
         "underlying" : null,
         "symbol" : "CAR",
         "putcall" : null,
         "strike" : null,
         "typeofsymbol" : "stock",
         "quant" : "151",
         "expir" : null
      },
      {
         "underlying" : null,
         "symbol" : "AEZS",
         "putcall" : null,
         "strike" : null,
         "typeofsymbol" : "stock",
         "quant" : "1597",
         "expir" : null
      },
      {
         "underlying" : null,
         "symbol" : "WTI",
         "putcall" : null,
         "strike" : null,
         "typeofsymbol" : "stock",
         "quant" : "1828",
         "expir" : null
      },
      {
         "underlying" : null,
         "symbol" : "GSM",
         "putcall" : null,
         "strike" : null,
         "typeofsymbol" : "stock",
         "quant" : "489",
         "expir" : null
      },
      {
         "underlying" : null,
         "symbol" : "ZAGG",
         "putcall" : null,
         "strike" : null,
         "typeofsymbol" : "stock",
         "quant" : "714",
         "expir" : null
      },
      {
         "underlying" : null,
         "symbol" : "TROX",
         "putcall" : null,
         "strike" : null,
         "typeofsymbol" : "stock",
         "quant" : "309",
         "expir" : null
      },
      {
         "underlying" : null,
         "symbol" : "SWM",
         "putcall" : null,
         "strike" : null,
         "typeofsymbol" : "stock",
         "quant" : "123",
         "expir" : null
      },
      {
         "underlying" : null,
         "symbol" : "TELL",
         "putcall" : null,
         "strike" : null,
         "typeofsymbol" : "stock",
         "quant" : "469",
         "expir" : null
      },
      {
         "underlying" : null,
         "symbol" : "PANW",
         "putcall" : null,
         "strike" : null,
         "typeofsymbol" : "stock",
         "quant" : "41",
         "expir" : null
      },
      {
         "underlying" : null,
         "symbol" : "NVDA",
         "putcall" : null,
         "strike" : null,
         "typeofsymbol" : "stock",
         "quant" : "49",
         "expir" : null
      },
      {
         "underlying" : null,
         "symbol" : "X",
         "putcall" : null,
         "strike" : null,
         "typeofsymbol" : "stock",
         "quant" : "138",
         "expir" : null
      },
      {
         "underlying" : null,
         "symbol" : "SRPT",
         "putcall" : null,
         "strike" : null,
         "typeofsymbol" : "stock",
         "quant" : "154",
         "expir" : null
      },
      {
         "underlying" : null,
         "symbol" : "OAS",
         "putcall" : null,
         "strike" : null,
         "typeofsymbol" : "stock",
         "quant" : "378",
         "expir" : null
      },
      {
         "underlying" : null,
         "symbol" : "ANET",
         "putcall" : null,
         "strike" : null,
         "typeofsymbol" : "stock",
         "quant" : "39",
         "expir" : null
      },
      {
         "underlying" : null,
         "symbol" : "GRUB",
         "putcall" : null,
         "strike" : null,
         "typeofsymbol" : "stock",
         "quant" : "145",
         "expir" : null
      },
      {
         "underlying" : null,
         "symbol" : "AAOI",
         "putcall" : null,
         "strike" : null,
         "typeofsymbol" : "stock",
         "quant" : "97",
         "expir" : null
      },
      {
         "underlying" : null,
         "symbol" : "FSLR",
         "putcall" : null,
         "strike" : null,
         "typeofsymbol" : "stock",
         "quant" : "155",
         "expir" : null
      },
      {
         "underlying" : null,
         "symbol" : "AUPH",
         "putcall" : null,
         "strike" : null,
         "typeofsymbol" : "stock",
         "quant" : "1",
         "expir" : null
      },
      {
         "underlying" : null,
         "symbol" : "GPRE",
         "putcall" : null,
         "strike" : null,
         "typeofsymbol" : "stock",
         "quant" : "217",
         "expir" : null
      },
      {
         "underlying" : null,
         "symbol" : "TTPH",
         "putcall" : null,
         "strike" : null,
         "typeofsymbol" : "stock",
         "quant" : "697",
         "expir" : null
      },
      {
         "underlying" : null,
         "symbol" : "WB",
         "putcall" : null,
         "strike" : null,
         "typeofsymbol" : "stock",
         "quant" : "102",
         "expir" : null
      },
      {
         "underlying" : null,
         "symbol" : "AVXL",
         "putcall" : null,
         "strike" : null,
         "typeofsymbol" : "stock",
         "quant" : "907",
         "expir" : null
      },
      {
         "underlying" : null,
         "symbol" : "CENX",
         "putcall" : null,
         "strike" : null,
         "typeofsymbol" : "stock",
         "quant" : "395",
         "expir" : null
      },
      {
         "underlying" : null,
         "symbol" : "CLF",
         "putcall" : null,
         "strike" : null,
         "typeofsymbol" : "stock",
         "quant" : "549",
         "expir" : null
      },
      {
         "underlying" : null,
         "symbol" : "KITE",
         "putcall" : null,
         "strike" : null,
         "typeofsymbol" : "stock",
         "quant" : "59",
         "expir" : null
      },
      {
         "underlying" : null,
         "symbol" : "REN",
         "putcall" : null,
         "strike" : null,
         "typeofsymbol" : "stock",
         "quant" : "133",
         "expir" : null
      },
      {
         "underlying" : null,
         "symbol" : "SHLD",
         "putcall" : null,
         "strike" : null,
         "typeofsymbol" : "stock",
         "quant" : "528",
         "expir" : null
      }
   ]
}

sent signal to broker
ET:  58.7  minutes
now 2017-03-13 10:35:00.666000 last bar 2017-03-13 10:35:00 last processed bar 2017-03-13 10:30:00
start_ema 2017-03-10 15:40:00 start_vwap 2017-03-13 09:35:00 last_bar 2017-03-13 10:35:00 ET:  63.67  minutes
now 2017-03-13 10:40:00.193000 last bar 2017-03-13 10:45:00 last processed bar 2017-03-13 10:35:00
start_ema 2017-03-10 15:40:00 start_vwap 2017-03-13 09:35:00 last_bar 2017-03-13 10:45:00 ET:  68.68  minutes
now 2017-03-13 10:45:00.429000 last bar 2017-03-13 10:50:00 last processed bar 2017-03-13 10:45:00
start_ema 2017-03-10 15:40:00 start_vwap 2017-03-13 09:35:00 last_bar 2017-03-13 10:50:00 Transmitting {'symbol': 'PANW', 'typeofsymbol': 'stock', 'quant': 42}
Saved ./data/110064634/PANW.json
DEBUG:requests.packages.urllib3.connectionpool:Starting new HTTPS connection (1): collective2.com
DEBUG:requests.packages.urllib3.connectionpool:https://collective2.com:443 "POST /world/apiv3/setDesiredPositions HTTP/1.1" 200 None
{
   "ok" : "1",
   "response" : [
      {
         "underlying" : null,
         "symbol" : "TGTX",
         "putcall" : null,
         "strike" : null,
         "typeofsymbol" : "stock",
         "quant" : "429",
         "expir" : null
      },
      {
         "underlying" : null,
         "symbol" : "GSM",
         "putcall" : null,
         "strike" : null,
         "typeofsymbol" : "stock",
         "quant" : "486",
         "expir" : null
      },
      {
         "underlying" : null,
         "symbol" : "ZAGG",
         "putcall" : null,
         "strike" : null,
         "typeofsymbol" : "stock",
         "quant" : "714",
         "expir" : null
      },
      {
         "underlying" : null,
         "symbol" : "ZFGN",
         "putcall" : null,
         "strike" : null,
         "typeofsymbol" : "stock",
         "quant" : "1116",
         "expir" : null
      },
      {
         "underlying" : null,
         "symbol" : "ENPH",
         "putcall" : null,
         "strike" : null,
         "typeofsymbol" : "stock",
         "quant" : "3816",
         "expir" : null
      },
      {
         "underlying" : null,
         "symbol" : "OAS",
         "putcall" : null,
         "strike" : null,
         "typeofsymbol" : "stock",
         "quant" : "378",
         "expir" : null
      },
      {
         "underlying" : null,
         "symbol" : "AAOI",
         "putcall" : null,
         "strike" : null,
         "typeofsymbol" : "stock",
         "quant" : "97",
         "expir" : null
      },
      {
         "underlying" : null,
         "symbol" : "GPRE",
         "putcall" : null,
         "strike" : null,
         "typeofsymbol" : "stock",
         "quant" : "216",
         "expir" : null
      },
      {
         "underlying" : null,
         "symbol" : "CENX",
         "putcall" : null,
         "strike" : null,
         "typeofsymbol" : "stock",
         "quant" : "398",
         "expir" : null
      },
      {
         "underlying" : null,
         "symbol" : "REN",
         "putcall" : null,
         "strike" : null,
         "typeofsymbol" : "stock",
         "quant" : "132",
         "expir" : null
      },
      {
         "underlying" : null,
         "symbol" : "AKAO",
         "putcall" : null,
         "strike" : null,
         "typeofsymbol" : "stock",
         "quant" : "182",
         "expir" : null
      },
      {
         "underlying" : null,
         "symbol" : "FTK",
         "putcall" : null,
         "strike" : null,
         "typeofsymbol" : "stock",
         "quant" : "412",
         "expir" : null
      },
      {
         "underlying" : null,
         "symbol" : "CARB",
         "putcall" : null,
         "strike" : null,
         "typeofsymbol" : "stock",
         "quant" : "243",
         "expir" : null
      },
      {
         "underlying" : null,
         "symbol" : "EYEG",
         "putcall" : null,
         "strike" : null,
         "typeofsymbol" : "stock",
         "quant" : "1763",
         "expir" : null
      },
      {
         "underlying" : null,
         "symbol" : "CAR",
         "putcall" : null,
         "strike" : null,
         "typeofsymbol" : "stock",
         "quant" : "151",
         "expir" : null
      },
      {
         "underlying" : null,
         "symbol" : "AEZS",
         "putcall" : null,
         "strike" : null,
         "typeofsymbol" : "stock",
         "quant" : "1597",
         "expir" : null
      },
      {
         "underlying" : null,
         "symbol" : "WTI",
         "putcall" : null,
         "strike" : null,
         "typeofsymbol" : "stock",
         "quant" : "1808",
         "expir" : null
      },
      {
         "underlying" : null,
         "symbol" : "TROX",
         "putcall" : null,
         "strike" : null,
         "typeofsymbol" : "stock",
         "quant" : "310",
         "expir" : null
      },
      {
         "underlying" : null,
         "symbol" : "SWM",
         "putcall" : null,
         "strike" : null,
         "typeofsymbol" : "stock",
         "quant" : "123",
         "expir" : null
      },
      {
         "underlying" : null,
         "symbol" : "NVDA",
         "putcall" : null,
         "strike" : null,
         "typeofsymbol" : "stock",
         "quant" : "49",
         "expir" : null
      },
      {
         "underlying" : null,
         "symbol" : "PANW",
         "putcall" : null,
         "strike" : null,
         "typeofsymbol" : "stock",
         "quant" : "42",
         "expir" : null
      },
      {
         "underlying" : null,
         "symbol" : "TELL",
         "putcall" : null,
         "strike" : null,
         "typeofsymbol" : "stock",
         "quant" : "469",
         "expir" : null
      },
      {
         "underlying" : null,
         "symbol" : "SRPT",
         "putcall" : null,
         "strike" : null,
         "typeofsymbol" : "stock",
         "quant" : "153",
         "expir" : null
      },
      {
         "underlying" : null,
         "symbol" : "X",
         "putcall" : null,
         "strike" : null,
         "typeofsymbol" : "stock",
         "quant" : "138",
         "expir" : null
      },
      {
         "underlying" : null,
         "symbol" : "GRUB",
         "putcall" : null,
         "strike" : null,
         "typeofsymbol" : "stock",
         "quant" : "145",
         "expir" : null
      },
      {
         "underlying" : null,
         "symbol" : "ANET",
         "putcall" : null,
         "strike" : null,
         "typeofsymbol" : "stock",
         "quant" : "39",
         "expir" : null
      },
      {
         "underlying" : null,
         "symbol" : "FSLR",
         "putcall" : null,
         "strike" : null,
         "typeofsymbol" : "stock",
         "quant" : "155",
         "expir" : null
      },
      {
         "underlying" : null,
         "symbol" : "AUPH",
         "putcall" : null,
         "strike" : null,
         "typeofsymbol" : "stock",
         "quant" : "1",
         "expir" : null
      },
      {
         "underlying" : null,
         "symbol" : "TTPH",
         "putcall" : null,
         "strike" : null,
         "typeofsymbol" : "stock",
         "quant" : "693",
         "expir" : null
      },
      {
         "underlying" : null,
         "symbol" : "AVXL",
         "putcall" : null,
         "strike" : null,
         "typeofsymbol" : "stock",
         "quant" : "892",
         "expir" : null
      },
      {
         "underlying" : null,
         "symbol" : "WB",
         "putcall" : null,
         "strike" : null,
         "typeofsymbol" : "stock",
         "quant" : "102",
         "expir" : null
      },
      {
         "underlying" : null,
         "symbol" : "CLF",
         "putcall" : null,
         "strike" : null,
         "typeofsymbol" : "stock",
         "quant" : "550",
         "expir" : null
      },
      {
         "underlying" : null,
         "symbol" : "KITE",
         "putcall" : null,
         "strike" : null,
         "typeofsymbol" : "stock",
         "quant" : "59",
         "expir" : null
      },
      {
         "underlying" : null,
         "symbol" : "SHLD",
         "putcall" : null,
         "strike" : null,
         "typeofsymbol" : "stock",
         "quant" : "528",
         "expir" : null
      }
   ]
}

sent signal to broker
ET:  73.69  minutes
now 2017-03-13 10:50:00.516000 last bar 2017-03-13 10:50:00 last processed bar 2017-03-13 10:50:00
new bar not ready
now 2017-03-13 10:55:00.720000 last bar 2017-03-13 10:55:00 last processed bar 2017-03-13 10:50:00
start_ema 2017-03-10 15:40:00 start_vwap 2017-03-13 09:35:00 last_bar 2017-03-13 10:55:00 Transmitting {'symbol': 'PANW', 'typeofsymbol': 'stock', 'quant': 41}
Saved ./data/110064634/PANW.json
DEBUG:requests.packages.urllib3.connectionpool:Starting new HTTPS connection (1): collective2.com
DEBUG:requests.packages.urllib3.connectionpool:https://collective2.com:443 "POST /world/apiv3/setDesiredPositions HTTP/1.1" 200 None
{
   "ok" : "1",
   "response" : [
      {
         "underlying" : null,
         "symbol" : "TGTX",
         "putcall" : null,
         "strike" : null,
         "typeofsymbol" : "stock",
         "quant" : "429",
         "expir" : null
      },
      {
         "underlying" : null,
         "symbol" : "GSM",
         "putcall" : null,
         "strike" : null,
         "typeofsymbol" : "stock",
         "quant" : "488",
         "expir" : null
      },
      {
         "underlying" : null,
         "symbol" : "ZAGG",
         "putcall" : null,
         "strike" : null,
         "typeofsymbol" : "stock",
         "quant" : "714",
         "expir" : null
      },
      {
         "underlying" : null,
         "symbol" : "ZFGN",
         "putcall" : null,
         "strike" : null,
         "typeofsymbol" : "stock",
         "quant" : "1126",
         "expir" : null
      },
      {
         "underlying" : null,
         "symbol" : "ENPH",
         "putcall" : null,
         "strike" : null,
         "typeofsymbol" : "stock",
         "quant" : "3816",
         "expir" : null
      },
      {
         "underlying" : null,
         "symbol" : "OAS",
         "putcall" : null,
         "strike" : null,
         "typeofsymbol" : "stock",
         "quant" : "378",
         "expir" : null
      },
      {
         "underlying" : null,
         "symbol" : "AAOI",
         "putcall" : null,
         "strike" : null,
         "typeofsymbol" : "stock",
         "quant" : "97",
         "expir" : null
      },
      {
         "underlying" : null,
         "symbol" : "GPRE",
         "putcall" : null,
         "strike" : null,
         "typeofsymbol" : "stock",
         "quant" : "216",
         "expir" : null
      },
      {
         "underlying" : null,
         "symbol" : "CENX",
         "putcall" : null,
         "strike" : null,
         "typeofsymbol" : "stock",
         "quant" : "398",
         "expir" : null
      },
      {
         "underlying" : null,
         "symbol" : "REN",
         "putcall" : null,
         "strike" : null,
         "typeofsymbol" : "stock",
         "quant" : "133",
         "expir" : null
      },
      {
         "underlying" : null,
         "symbol" : "AKAO",
         "putcall" : null,
         "strike" : null,
         "typeofsymbol" : "stock",
         "quant" : "182",
         "expir" : null
      },
      {
         "underlying" : null,
         "symbol" : "FTK",
         "putcall" : null,
         "strike" : null,
         "typeofsymbol" : "stock",
         "quant" : "412",
         "expir" : null
      },
      {
         "underlying" : null,
         "symbol" : "CARB",
         "putcall" : null,
         "strike" : null,
         "typeofsymbol" : "stock",
         "quant" : "243",
         "expir" : null
      },
      {
         "underlying" : null,
         "symbol" : "EYEG",
         "putcall" : null,
         "strike" : null,
         "typeofsymbol" : "stock",
         "quant" : "1785",
         "expir" : null
      },
      {
         "underlying" : null,
         "symbol" : "CAR",
         "putcall" : null,
         "strike" : null,
         "typeofsymbol" : "stock",
         "quant" : "151",
         "expir" : null
      },
      {
         "underlying" : null,
         "symbol" : "AEZS",
         "putcall" : null,
         "strike" : null,
         "typeofsymbol" : "stock",
         "quant" : "1597",
         "expir" : null
      },
      {
         "underlying" : null,
         "symbol" : "WTI",
         "putcall" : null,
         "strike" : null,
         "typeofsymbol" : "stock",
         "quant" : "1818",
         "expir" : null
      },
      {
         "underlying" : null,
         "symbol" : "TROX",
         "putcall" : null,
         "strike" : null,
         "typeofsymbol" : "stock",
         "quant" : "310",
         "expir" : null
      },
      {
         "underlying" : null,
         "symbol" : "SWM",
         "putcall" : null,
         "strike" : null,
         "typeofsymbol" : "stock",
         "quant" : "123",
         "expir" : null
      },
      {
         "underlying" : null,
         "symbol" : "NVDA",
         "putcall" : null,
         "strike" : null,
         "typeofsymbol" : "stock",
         "quant" : "49",
         "expir" : null
      },
      {
         "underlying" : null,
         "symbol" : "PANW",
         "putcall" : null,
         "strike" : null,
         "typeofsymbol" : "stock",
         "quant" : "41",
         "expir" : null
      },
      {
         "underlying" : null,
         "symbol" : "TELL",
         "putcall" : null,
         "strike" : null,
         "typeofsymbol" : "stock",
         "quant" : "469",
         "expir" : null
      },
      {
         "underlying" : null,
         "symbol" : "SRPT",
         "putcall" : null,
         "strike" : null,
         "typeofsymbol" : "stock",
         "quant" : "155",
         "expir" : null
      },
      {
         "underlying" : null,
         "symbol" : "X",
         "putcall" : null,
         "strike" : null,
         "typeofsymbol" : "stock",
         "quant" : "138",
         "expir" : null
      },
      {
         "underlying" : null,
         "symbol" : "GRUB",
         "putcall" : null,
         "strike" : null,
         "typeofsymbol" : "stock",
         "quant" : "145",
         "expir" : null
      },
      {
         "underlying" : null,
         "symbol" : "ANET",
         "putcall" : null,
         "strike" : null,
         "typeofsymbol" : "stock",
         "quant" : "39",
         "expir" : null
      },
      {
         "underlying" : null,
         "symbol" : "FSLR",
         "putcall" : null,
         "strike" : null,
         "typeofsymbol" : "stock",
         "quant" : "155",
         "expir" : null
      },
      {
         "underlying" : null,
         "symbol" : "AUPH",
         "putcall" : null,
         "strike" : null,
         "typeofsymbol" : "stock",
         "quant" : "1",
         "expir" : null
      },
      {
         "underlying" : null,
         "symbol" : "TTPH",
         "putcall" : null,
         "strike" : null,
         "typeofsymbol" : "stock",
         "quant" : "692",
         "expir" : null
      },
      {
         "underlying" : null,
         "symbol" : "AVXL",
         "putcall" : null,
         "strike" : null,
         "typeofsymbol" : "stock",
         "quant" : "894",
         "expir" : null
      },
      {
         "underlying" : null,
         "symbol" : "WB",
         "putcall" : null,
         "strike" : null,
         "typeofsymbol" : "stock",
         "quant" : "102",
         "expir" : null
      },
      {
         "underlying" : null,
         "symbol" : "CLF",
         "putcall" : null,
         "strike" : null,
         "typeofsymbol" : "stock",
         "quant" : "553",
         "expir" : null
      },
      {
         "underlying" : null,
         "symbol" : "KITE",
         "putcall" : null,
         "strike" : null,
         "typeofsymbol" : "stock",
         "quant" : "59",
         "expir" : null
      },
      {
         "underlying" : null,
         "symbol" : "SHLD",
         "putcall" : null,
         "strike" : null,
         "typeofsymbol" : "stock",
         "quant" : "528",
         "expir" : null
      }
   ]
}

sent signal to broker
ET:  83.7  minutes
now 2017-03-13 11:00:00.771000 last bar 2017-03-13 11:00:00 last processed bar 2017-03-13 10:55:00
start_ema 2017-03-10 15:40:00 start_vwap 2017-03-13 09:35:00 last_bar 2017-03-13 11:00:00 ET:  88.68  minutes
now 2017-03-13 11:05:00.920000 last bar 2017-03-13 11:10:00 last processed bar 2017-03-13 11:00:00
start_ema 2017-03-10 15:40:00 start_vwap 2017-03-13 09:35:00 last_bar 2017-03-13 11:10:00 ET:  93.66  minutes
now 2017-03-13 11:10:00.369000 last bar 2017-03-13 11:10:00 last processed bar 2017-03-13 11:10:00
new bar not ready
now 2017-03-13 11:15:00.278000 last bar 2017-03-13 11:15:00 last processed bar 2017-03-13 11:10:00
start_ema 2017-03-10 15:40:00 start_vwap 2017-03-13 09:35:00 last_bar 2017-03-13 11:15:00 ET:  103.67  minutes
now 2017-03-13 11:20:00.247000 last bar 2017-03-13 11:25:00 last processed bar 2017-03-13 11:15:00
start_ema 2017-03-10 15:40:00 start_vwap 2017-03-13 09:35:00 last_bar 2017-03-13 11:25:00 ET:  108.67  minutes
now 2017-03-13 11:25:00.261000 last bar 2017-03-13 11:25:00 last processed bar 2017-03-13 11:25:00
new bar not ready
now 2017-03-13 11:30:00.484000 last bar 2017-03-13 11:35:00 last processed bar 2017-03-13 11:25:00
start_ema 2017-03-10 15:40:00 start_vwap 2017-03-13 09:35:00 last_bar 2017-03-13 11:35:00 Transmitting {'symbol': 'PANW', 'typeofsymbol': 'stock', 'quant': 42}
Saved ./data/110064634/PANW.json
DEBUG:requests.packages.urllib3.connectionpool:Starting new HTTPS connection (1): collective2.com
DEBUG:requests.packages.urllib3.connectionpool:https://collective2.com:443 "POST /world/apiv3/setDesiredPositions HTTP/1.1" 200 None
{
   "ok" : "1",
   "response" : [
      {
         "underlying" : null,
         "symbol" : "TGTX",
         "putcall" : null,
         "strike" : null,
         "typeofsymbol" : "stock",
         "quant" : "429",
         "expir" : null
      },
      {
         "underlying" : null,
         "symbol" : "KERX",
         "putcall" : null,
         "strike" : null,
         "typeofsymbol" : "stock",
         "quant" : "912",
         "expir" : null
      },
      {
         "underlying" : null,
         "symbol" : "GSM",
         "putcall" : null,
         "strike" : null,
         "typeofsymbol" : "stock",
         "quant" : "492",
         "expir" : null
      },
      {
         "underlying" : null,
         "symbol" : "AMD",
         "putcall" : null,
         "strike" : null,
         "typeofsymbol" : "stock",
         "quant" : "345",
         "expir" : null
      },
      {
         "underlying" : null,
         "symbol" : "ZAGG",
         "putcall" : null,
         "strike" : null,
         "typeofsymbol" : "stock",
         "quant" : "714",
         "expir" : null
      },
      {
         "underlying" : null,
         "symbol" : "ZFGN",
         "putcall" : null,
         "strike" : null,
         "typeofsymbol" : "stock",
         "quant" : "1152",
         "expir" : null
      },
      {
         "underlying" : null,
         "symbol" : "ENPH",
         "putcall" : null,
         "strike" : null,
         "typeofsymbol" : "stock",
         "quant" : "3846",
         "expir" : null
      },
      {
         "underlying" : null,
         "symbol" : "OAS",
         "putcall" : null,
         "strike" : null,
         "typeofsymbol" : "stock",
         "quant" : "378",
         "expir" : null
      },
      {
         "underlying" : null,
         "symbol" : "AAOI",
         "putcall" : null,
         "strike" : null,
         "typeofsymbol" : "stock",
         "quant" : "97",
         "expir" : null
      },
      {
         "underlying" : null,
         "symbol" : "GPRE",
         "putcall" : null,
         "strike" : null,
         "typeofsymbol" : "stock",
         "quant" : "215",
         "expir" : null
      },
      {
         "underlying" : null,
         "symbol" : "CENX",
         "putcall" : null,
         "strike" : null,
         "typeofsymbol" : "stock",
         "quant" : "396",
         "expir" : null
      },
      {
         "underlying" : null,
         "symbol" : "REN",
         "putcall" : null,
         "strike" : null,
         "typeofsymbol" : "stock",
         "quant" : "133",
         "expir" : null
      },
      {
         "underlying" : null,
         "symbol" : "AKAO",
         "putcall" : null,
         "strike" : null,
         "typeofsymbol" : "stock",
         "quant" : "182",
         "expir" : null
      },
      {
         "underlying" : null,
         "symbol" : "FTK",
         "putcall" : null,
         "strike" : null,
         "typeofsymbol" : "stock",
         "quant" : "412",
         "expir" : null
      },
      {
         "underlying" : null,
         "symbol" : "CARB",
         "putcall" : null,
         "strike" : null,
         "typeofsymbol" : "stock",
         "quant" : "246",
         "expir" : null
      },
      {
         "underlying" : null,
         "symbol" : "EYEG",
         "putcall" : null,
         "strike" : null,
         "typeofsymbol" : "stock",
         "quant" : "1811",
         "expir" : null
      },
      {
         "underlying" : null,
         "symbol" : "CAR",
         "putcall" : null,
         "strike" : null,
         "typeofsymbol" : "stock",
         "quant" : "151",
         "expir" : null
      },
      {
         "underlying" : null,
         "symbol" : "AEZS",
         "putcall" : null,
         "strike" : null,
         "typeofsymbol" : "stock",
         "quant" : "1597",
         "expir" : null
      },
      {
         "underlying" : null,
         "symbol" : "WTI",
         "putcall" : null,
         "strike" : null,
         "typeofsymbol" : "stock",
         "quant" : "1855",
         "expir" : null
      },
      {
         "underlying" : null,
         "symbol" : "TROX",
         "putcall" : null,
         "strike" : null,
         "typeofsymbol" : "stock",
         "quant" : "311",
         "expir" : null
      },
      {
         "underlying" : null,
         "symbol" : "SWM",
         "putcall" : null,
         "strike" : null,
         "typeofsymbol" : "stock",
         "quant" : "123",
         "expir" : null
      },
      {
         "underlying" : null,
         "symbol" : "NVDA",
         "putcall" : null,
         "strike" : null,
         "typeofsymbol" : "stock",
         "quant" : "49",
         "expir" : null
      },
      {
         "underlying" : null,
         "symbol" : "PANW",
         "putcall" : null,
         "strike" : null,
         "typeofsymbol" : "stock",
         "quant" : "42",
         "expir" : null
      },
      {
         "underlying" : null,
         "symbol" : "TELL",
         "putcall" : null,
         "strike" : null,
         "typeofsymbol" : "stock",
         "quant" : "469",
         "expir" : null
      },
      {
         "underlying" : null,
         "symbol" : "X",
         "putcall" : null,
         "strike" : null,
         "typeofsymbol" : "stock",
         "quant" : "138",
         "expir" : null
      },
      {
         "underlying" : null,
         "symbol" : "SRPT",
         "putcall" : null,
         "strike" : null,
         "typeofsymbol" : "stock",
         "quant" : "155",
         "expir" : null
      },
      {
         "underlying" : null,
         "symbol" : "ANET",
         "putcall" : null,
         "strike" : null,
         "typeofsymbol" : "stock",
         "quant" : "39",
         "expir" : null
      },
      {
         "underlying" : null,
         "symbol" : "GRUB",
         "putcall" : null,
         "strike" : null,
         "typeofsymbol" : "stock",
         "quant" : "145",
         "expir" : null
      },
      {
         "underlying" : null,
         "symbol" : "FSLR",
         "putcall" : null,
         "strike" : null,
         "typeofsymbol" : "stock",
         "quant" : "155",
         "expir" : null
      },
      {
         "underlying" : null,
         "symbol" : "AUPH",
         "putcall" : null,
         "strike" : null,
         "typeofsymbol" : "stock",
         "quant" : "1",
         "expir" : null
      },
      {
         "underlying" : null,
         "symbol" : "TTPH",
         "putcall" : null,
         "strike" : null,
         "typeofsymbol" : "stock",
         "quant" : "693",
         "expir" : null
      },
      {
         "underlying" : null,
         "symbol" : "AVXL",
         "putcall" : null,
         "strike" : null,
         "typeofsymbol" : "stock",
         "quant" : "889",
         "expir" : null
      },
      {
         "underlying" : null,
         "symbol" : "WB",
         "putcall" : null,
         "strike" : null,
         "typeofsymbol" : "stock",
         "quant" : "102",
         "expir" : null
      },
      {
         "underlying" : null,
         "symbol" : "CLF",
         "putcall" : null,
         "strike" : null,
         "typeofsymbol" : "stock",
         "quant" : "553",
         "expir" : null
      },
      {
         "underlying" : null,
         "symbol" : "KITE",
         "putcall" : null,
         "strike" : null,
         "typeofsymbol" : "stock",
         "quant" : "59",
         "expir" : null
      },
      {
         "underlying" : null,
         "symbol" : "SHLD",
         "putcall" : null,
         "strike" : null,
         "typeofsymbol" : "stock",
         "quant" : "528",
         "expir" : null
      }
   ]
}

sent signal to broker
ET:  118.69  minutes
now 2017-03-13 11:35:00.110000 last bar 2017-03-13 11:35:00 last processed bar 2017-03-13 11:35:00
new bar not ready
now 2017-03-13 11:40:00.558000 last bar 2017-03-13 11:40:00 last processed bar 2017-03-13 11:35:00
start_ema 2017-03-10 15:40:00 start_vwap 2017-03-13 09:35:00 last_bar 2017-03-13 11:40:00 ET:  128.68  minutes
now 2017-03-13 11:45:00.939000 last bar 2017-03-13 11:45:00 last processed bar 2017-03-13 11:40:00
start_ema 2017-03-10 15:40:00 start_vwap 2017-03-13 09:35:00 last_bar 2017-03-13 11:45:00 ET:  133.69  minutes
now 2017-03-13 11:50:00.400000 last bar 2017-03-13 11:50:00 last processed bar 2017-03-13 11:45:00
start_ema 2017-03-10 15:40:00 start_vwap 2017-03-13 09:35:00 last_bar 2017-03-13 11:50:00 ET:  138.69  minutes
now 2017-03-13 11:55:00.006000 last bar 2017-03-13 12:00:00 last processed bar 2017-03-13 11:50:00
start_ema 2017-03-10 15:40:00 start_vwap 2017-03-13 09:35:00 last_bar 2017-03-13 12:00:00 ET:  143.69  minutes
now 2017-03-13 12:00:00.999000 last bar 2017-03-13 12:05:00 last processed bar 2017-03-13 12:00:00
start_ema 2017-03-10 15:40:00 start_vwap 2017-03-13 09:35:00 last_bar 2017-03-13 12:05:00 ET:  148.69  minutes
now 2017-03-13 12:05:00.343000 last bar 2017-03-13 12:10:00 last processed bar 2017-03-13 12:05:00
start_ema 2017-03-10 15:40:00 start_vwap 2017-03-13 09:35:00 last_bar 2017-03-13 12:10:00 ET:  153.67  minutes
now 2017-03-13 12:10:00.163000 last bar 2017-03-13 12:10:00 last processed bar 2017-03-13 12:10:00
new bar not ready
now 2017-03-13 12:15:00.713000 last bar 2017-03-13 12:20:00 last processed bar 2017-03-13 12:10:00
start_ema 2017-03-10 15:40:00 start_vwap 2017-03-13 09:35:00 last_bar 2017-03-13 12:20:00 ET:  163.68  minutes
now 2017-03-13 12:20:00.387000 last bar 2017-03-13 12:25:00 last processed bar 2017-03-13 12:20:00
start_ema 2017-03-10 15:40:00 start_vwap 2017-03-13 09:35:00 last_bar 2017-03-13 12:25:00 ET:  168.68  minutes
now 2017-03-13 12:25:00.883000 last bar 2017-03-13 12:30:00 last processed bar 2017-03-13 12:25:00
start_ema 2017-03-10 15:40:00 start_vwap 2017-03-13 09:35:00 last_bar 2017-03-13 12:30:00 ET:  173.69  minutes
now 2017-03-13 12:30:00.159000 last bar 2017-03-13 12:30:00 last processed bar 2017-03-13 12:30:00
new bar not ready
now 2017-03-13 12:35:00.975000 last bar 2017-03-13 12:35:00 last processed bar 2017-03-13 12:30:00
start_ema 2017-03-10 15:40:00 start_vwap 2017-03-13 09:35:00 last_bar 2017-03-13 12:35:00 ET:  183.66  minutes
now 2017-03-13 12:40:00.223000 last bar 2017-03-13 12:40:00 last processed bar 2017-03-13 12:35:00
start_ema 2017-03-10 15:40:00 start_vwap 2017-03-13 09:35:00 last_bar 2017-03-13 12:40:00 ET:  188.66  minutes
now 2017-03-13 12:45:00.194000 last bar 2017-03-13 12:45:00 last processed bar 2017-03-13 12:40:00
start_ema 2017-03-10 15:40:00 start_vwap 2017-03-13 09:35:00 last_bar 2017-03-13 12:45:00 ET:  193.64  minutes
now 2017-03-13 12:50:00.389000 last bar 2017-03-13 12:50:00 last processed bar 2017-03-13 12:45:00
start_ema 2017-03-10 15:40:00 start_vwap 2017-03-13 09:35:00 last_bar 2017-03-13 12:50:00 ET:  198.67  minutes
now 2017-03-13 12:55:00.028000 last bar 2017-03-13 12:55:00 last processed bar 2017-03-13 12:50:00
start_ema 2017-03-10 15:40:00 start_vwap 2017-03-13 09:35:00 last_bar 2017-03-13 12:55:00 ET:  203.63  minutes
now 2017-03-13 13:00:00.526000 last bar 2017-03-13 13:00:00 last processed bar 2017-03-13 12:55:00
start_ema 2017-03-10 15:40:00 start_vwap 2017-03-13 09:35:00 last_bar 2017-03-13 13:00:00 ET:  208.65  minutes
now 2017-03-13 13:05:00.890000 last bar 2017-03-13 13:05:00 last processed bar 2017-03-13 13:00:00
start_ema 2017-03-10 15:40:00 start_vwap 2017-03-13 09:35:00 last_bar 2017-03-13 13:05:00 ET:  213.67  minutes
now 2017-03-13 13:10:00.203000 last bar 2017-03-13 13:10:00 last processed bar 2017-03-13 13:05:00
start_ema 2017-03-10 15:40:00 start_vwap 2017-03-13 09:35:00 last_bar 2017-03-13 13:10:00 ET:  218.67  minutes
now 2017-03-13 13:15:00.213000 last bar 2017-03-13 13:20:00 last processed bar 2017-03-13 13:10:00
start_ema 2017-03-10 15:40:00 start_vwap 2017-03-13 09:35:00 last_bar 2017-03-13 13:20:00 ET:  223.66  minutes
now 2017-03-13 13:20:00.518000 last bar 2017-03-13 13:20:00 last processed bar 2017-03-13 13:20:00
new bar not ready
now 2017-03-13 13:25:00.276000 last bar 2017-03-13 13:25:00 last processed bar 2017-03-13 13:20:00
start_ema 2017-03-10 15:40:00 start_vwap 2017-03-13 09:35:00 last_bar 2017-03-13 13:25:00 ET:  233.66  minutes
now 2017-03-13 13:30:00.375000 last bar 2017-03-13 13:30:00 last processed bar 2017-03-13 13:25:00
start_ema 2017-03-10 15:40:00 start_vwap 2017-03-13 09:35:00 last_bar 2017-03-13 13:30:00 ET:  238.68  minutes
now 2017-03-13 13:35:00.578000 last bar 2017-03-13 13:35:00 last processed bar 2017-03-13 13:30:00
start_ema 2017-03-10 15:40:00 start_vwap 2017-03-13 09:35:00 last_bar 2017-03-13 13:35:00 ET:  243.68  minutes
now 2017-03-13 13:40:00.640000 last bar 2017-03-13 13:45:00 last processed bar 2017-03-13 13:35:00
start_ema 2017-03-10 15:40:00 start_vwap 2017-03-13 09:35:00 last_bar 2017-03-13 13:45:00 ET:  248.66  minutes
now 2017-03-13 13:45:00.617000 last bar 2017-03-13 13:50:00 last processed bar 2017-03-13 13:45:00
start_ema 2017-03-10 15:40:00 start_vwap 2017-03-13 09:35:00 last_bar 2017-03-13 13:50:00 ET:  253.67  minutes
now 2017-03-13 13:50:00.912000 last bar 2017-03-13 13:50:00 last processed bar 2017-03-13 13:50:00
new bar not ready
now 2017-03-13 13:55:00.485000 last bar 2017-03-13 14:00:00 last processed bar 2017-03-13 13:50:00
start_ema 2017-03-10 15:40:00 start_vwap 2017-03-13 09:35:00 last_bar 2017-03-13 14:00:00 ET:  263.67  minutes
now 2017-03-13 14:00:00.354000 last bar 2017-03-13 14:00:00 last processed bar 2017-03-13 14:00:00
new bar not ready
now 2017-03-13 14:05:00.518000 last bar 2017-03-13 14:05:00 last processed bar 2017-03-13 14:00:00
start_ema 2017-03-10 15:40:00 start_vwap 2017-03-13 09:35:00 last_bar 2017-03-13 14:05:00 ET:  273.68  minutes
now 2017-03-13 14:10:00.564000 last bar 2017-03-13 14:10:00 last processed bar 2017-03-13 14:05:00
start_ema 2017-03-10 15:40:00 start_vwap 2017-03-13 09:35:00 last_bar 2017-03-13 14:10:00 ET:  278.67  minutes
now 2017-03-13 14:15:00.884000 last bar 2017-03-13 14:20:00 last processed bar 2017-03-13 14:10:00
start_ema 2017-03-10 15:40:00 start_vwap 2017-03-13 09:35:00 last_bar 2017-03-13 14:20:00 ET:  283.66  minutes
now 2017-03-13 14:20:00.642000 last bar 2017-03-13 14:25:00 last processed bar 2017-03-13 14:20:00
start_ema 2017-03-10 15:40:00 start_vwap 2017-03-13 09:35:00 last_bar 2017-03-13 14:25:00 ET:  288.67  minutes
now 2017-03-13 14:25:00.838000 last bar 2017-03-13 14:30:00 last processed bar 2017-03-13 14:25:00
start_ema 2017-03-10 15:40:00 start_vwap 2017-03-13 09:35:00 last_bar 2017-03-13 14:30:00 ET:  293.67  minutes
now 2017-03-13 14:30:00.962000 last bar 2017-03-13 14:35:00 last processed bar 2017-03-13 14:30:00
start_ema 2017-03-10 15:40:00 start_vwap 2017-03-13 09:35:00 last_bar 2017-03-13 14:35:00 ET:  298.68  minutes
now 2017-03-13 14:35:00.640000 last bar 2017-03-13 14:40:00 last processed bar 2017-03-13 14:35:00
start_ema 2017-03-10 15:40:00 start_vwap 2017-03-13 09:35:00 last_bar 2017-03-13 14:40:00 ET:  303.68  minutes
now 2017-03-13 14:40:00.512000 last bar 2017-03-13 14:45:00 last processed bar 2017-03-13 14:40:00
start_ema 2017-03-10 15:40:00 start_vwap 2017-03-13 09:35:00 last_bar 2017-03-13 14:45:00 ET:  308.66  minutes
now 2017-03-13 14:45:00.321000 last bar 2017-03-13 14:45:00 last processed bar 2017-03-13 14:45:00
new bar not ready
now 2017-03-13 14:50:00.972000 last bar 2017-03-13 14:50:00 last processed bar 2017-03-13 14:45:00
start_ema 2017-03-10 15:40:00 start_vwap 2017-03-13 09:35:00 last_bar 2017-03-13 14:50:00 ET:  318.67  minutes
now 2017-03-13 14:55:00.175000 last bar 2017-03-13 14:55:00 last processed bar 2017-03-13 14:50:00
start_ema 2017-03-10 15:40:00 start_vwap 2017-03-13 09:35:00 last_bar 2017-03-13 14:55:00 ET:  323.66  minutes
now 2017-03-13 15:00:00.758000 last bar 2017-03-13 15:00:00 last processed bar 2017-03-13 14:55:00
start_ema 2017-03-10 15:40:00 start_vwap 2017-03-13 09:35:00 last_bar 2017-03-13 15:00:00 ET:  328.66  minutes
now 2017-03-13 15:05:00.550000 last bar 2017-03-13 15:05:00 last processed bar 2017-03-13 15:00:00
start_ema 2017-03-10 15:40:00 start_vwap 2017-03-13 09:35:00 last_bar 2017-03-13 15:05:00 ET:  333.65  minutes
now 2017-03-13 15:10:00.998000 last bar 2017-03-13 15:15:00 last processed bar 2017-03-13 15:05:00
start_ema 2017-03-10 15:40:00 start_vwap 2017-03-13 09:35:00 last_bar 2017-03-13 15:15:00 ET:  338.66  minutes
now 2017-03-13 15:15:00.691000 last bar 2017-03-13 15:20:00 last processed bar 2017-03-13 15:15:00
start_ema 2017-03-10 15:40:00 start_vwap 2017-03-13 09:35:00 last_bar 2017-03-13 15:20:00 ET:  343.66  minutes
now 2017-03-13 15:20:00.753000 last bar 2017-03-13 15:25:00 last processed bar 2017-03-13 15:20:00
start_ema 2017-03-10 15:40:00 start_vwap 2017-03-13 09:35:00 last_bar 2017-03-13 15:25:00 ET:  348.67  minutes
now 2017-03-13 15:25:00.270000 last bar 2017-03-13 15:30:00 last processed bar 2017-03-13 15:25:00
start_ema 2017-03-10 15:40:00 start_vwap 2017-03-13 09:35:00 last_bar 2017-03-13 15:30:00 ET:  353.64  minutes
now 2017-03-13 15:30:00.551000 last bar 2017-03-13 15:30:00 last processed bar 2017-03-13 15:30:00
new bar not ready
now 2017-03-13 15:35:00.918000 last bar 2017-03-13 15:40:00 last processed bar 2017-03-13 15:30:00
start_ema 2017-03-10 15:40:00 start_vwap 2017-03-13 09:35:00 last_bar 2017-03-13 15:40:00 ET:  363.65  minutes
now 2017-03-13 15:40:00.819000 last bar 2017-03-13 15:40:00 last processed bar 2017-03-13 15:40:00
new bar not ready
now 2017-03-13 15:45:00.052000 last bar 2017-03-13 15:50:00 last processed bar 2017-03-13 15:40:00
start_ema 2017-03-10 15:40:00 start_vwap 2017-03-13 09:35:00 last_bar 2017-03-13 15:50:00 ET:  373.58  minutes
now 2017-03-13 15:50:00.907000 last bar 2017-03-13 15:55:00 last processed bar 2017-03-13 15:50:00
start_ema 2017-03-10 15:40:00 start_vwap 2017-03-13 09:35:00 last_bar 2017-03-13 15:55:00 ET:  378.66  minutes
now 2017-03-13 15:55:00.255000
