return data: last bar 2017-04-27 09:35:00 last processed bar 1000-01-01 00:00:00
PHMD: Warning! 596 bars requested 20 bars returned.
start_idx [(19, Timestamp('2017-04-27 09:35:00'))]
start_ema 2017-04-27 08:00:00 start_vwap 2017-04-27 09:35:00 last_bar 2017-04-27 09:35:00 ET:  0.04  minutes
now 2017-04-27 09:45:00.149000 return None: last bar 2017-04-27 09:35:00 last processed bar 2017-04-27 09:35:00
PHMD getFeed did not return any data! last bar: 2017-04-27 09:35:00 now: 09:45:00.223000
now 2017-04-27 09:50:00.404000 return data: last bar 2017-04-27 09:40:00 last processed bar 2017-04-27 09:35:00
PHMD: Warning! 596 bars requested 21 bars returned.
start_idx [(19, Timestamp('2017-04-27 09:35:00'))]
start_ema 2017-04-27 08:00:00 start_vwap 2017-04-27 09:35:00 last_bar 2017-04-27 09:40:00 Writing to ./data/PHMD_livesignals_20170427_09_40_46.csv ./data/PHMD_last.csv
ET:  0.07  minutes
now 2017-04-27 09:55:02.189000 return data: last bar 2017-04-27 09:45:00 last processed bar 2017-04-27 09:40:00
PHMD: Warning! 596 bars requested 22 bars returned.
start_idx [(19, Timestamp('2017-04-27 09:35:00'))]
start_ema 2017-04-27 08:00:00 start_vwap 2017-04-27 09:35:00 last_bar 2017-04-27 09:45:00 Writing to ./data/PHMD_livesignals_20170427_09_40_46.csv ./data/PHMD_last.csv
ET:  0.05  minutes
now 2017-04-27 10:00:00.539000 return data: last bar 2017-04-27 09:50:00 last processed bar 2017-04-27 09:45:00
PHMD: Warning! 596 bars requested 23 bars returned.
start_idx [(19, Timestamp('2017-04-27 09:35:00'))]
start_ema 2017-04-27 08:00:00 start_vwap 2017-04-27 09:35:00 last_bar 2017-04-27 09:50:00 Writing to ./data/PHMD_livesignals_20170427_09_40_46.csv ./data/PHMD_last.csv
ET:  0.06  minutes
now 2017-04-27 10:05:00.526000 return data: last bar 2017-04-27 09:55:00 last processed bar 2017-04-27 09:50:00
PHMD: Warning! 596 bars requested 24 bars returned.
start_idx [(19, Timestamp('2017-04-27 09:35:00'))]
start_ema 2017-04-27 08:00:00 start_vwap 2017-04-27 09:35:00 last_bar 2017-04-27 09:55:00 Writing to ./data/PHMD_livesignals_20170427_09_40_46.csv ./data/PHMD_last.csv
ET:  0.06  minutes
now 2017-04-27 10:10:00.879000 return data: last bar 2017-04-27 10:00:00 last processed bar 2017-04-27 09:55:00
PHMD: Warning! 596 bars requested 25 bars returned.
start_idx [(19, Timestamp('2017-04-27 09:35:00'))]
start_ema 2017-04-27 08:00:00 start_vwap 2017-04-27 09:35:00 last_bar 2017-04-27 10:00:00 Writing to ./data/PHMD_livesignals_20170427_09_40_46.csv ./data/PHMD_last.csv
ET:  0.07  minutes
now 2017-04-27 10:15:02.201000 return data: last bar 2017-04-27 10:10:00 last processed bar 2017-04-27 10:00:00
PHMD: Warning! 596 bars requested 27 bars returned.
start_idx [(19, Timestamp('2017-04-27 09:35:00'))]
start_ema 2017-04-27 08:00:00 start_vwap 2017-04-27 09:35:00 last_bar 2017-04-27 10:10:00 Writing to ./data/PHMD_livesignals_20170427_09_40_46.csv ./data/PHMD_last.csv
ET:  0.06  minutes
now 2017-04-27 10:20:01.366000 return data: last bar 2017-04-27 10:15:00 last processed bar 2017-04-27 10:10:00
PHMD: Warning! 596 bars requested 28 bars returned.
start_idx [(19, Timestamp('2017-04-27 09:35:00'))]
start_ema 2017-04-27 08:00:00 start_vwap 2017-04-27 09:35:00 last_bar 2017-04-27 10:15:00 Writing to ./data/PHMD_livesignals_20170427_09_40_46.csv ./data/PHMD_last.csv
ET:  0.06  minutes
now 2017-04-27 10:25:00.898000 return data: last bar 2017-04-27 10:20:00 last processed bar 2017-04-27 10:15:00
PHMD: Warning! 596 bars requested 29 bars returned.
start_idx [(19, Timestamp('2017-04-27 09:35:00'))]
start_ema 2017-04-27 08:00:00 start_vwap 2017-04-27 09:35:00 last_bar 2017-04-27 10:20:00 Writing to ./data/PHMD_livesignals_20170427_09_40_46.csv ./data/PHMD_last.csv
ET:  0.1  minutes
now 2017-04-27 10:30:01.817000 return data: last bar 2017-04-27 10:25:00 last processed bar 2017-04-27 10:20:00
PHMD: Warning! 596 bars requested 30 bars returned.
start_idx [(19, Timestamp('2017-04-27 09:35:00'))]
start_ema 2017-04-27 08:00:00 start_vwap 2017-04-27 09:35:00 last_bar 2017-04-27 10:25:00 Writing to ./data/PHMD_livesignals_20170427_09_40_46.csv ./data/PHMD_last.csv
ET:  0.06  minutes
now 2017-04-27 10:35:01.820000 return data: last bar 2017-04-27 10:30:00 last processed bar 2017-04-27 10:25:00
PHMD: Warning! 596 bars requested 31 bars returned.
start_idx [(19, Timestamp('2017-04-27 09:35:00'))]
start_ema 2017-04-27 08:00:00 start_vwap 2017-04-27 09:35:00 last_bar 2017-04-27 10:30:00 Writing to ./data/PHMD_livesignals_20170427_09_40_46.csv ./data/PHMD_last.csv
ET:  0.07  minutes
now 2017-04-27 10:40:00.030000 return data: last bar 2017-04-27 10:35:00 last processed bar 2017-04-27 10:30:00
PHMD: Warning! 596 bars requested 32 bars returned.
start_idx [(19, Timestamp('2017-04-27 09:35:00'))]
start_ema 2017-04-27 08:00:00 start_vwap 2017-04-27 09:35:00 last_bar 2017-04-27 10:35:00 Writing to ./data/PHMD_livesignals_20170427_09_40_46.csv ./data/PHMD_last.csv
ET:  0.06  minutes
now 2017-04-27 10:45:00.702000 return data: last bar 2017-04-27 10:40:00 last processed bar 2017-04-27 10:35:00
PHMD: Warning! 596 bars requested 33 bars returned.
start_idx [(19, Timestamp('2017-04-27 09:35:00'))]
start_ema 2017-04-27 08:00:00 start_vwap 2017-04-27 09:35:00 last_bar 2017-04-27 10:40:00 Writing to ./data/PHMD_livesignals_20170427_09_40_46.csv ./data/PHMD_last.csv
ET:  0.07  minutes
now 2017-04-27 10:50:03.005000 return data: last bar 2017-04-27 10:45:00 last processed bar 2017-04-27 10:40:00
PHMD: Warning! 596 bars requested 34 bars returned.
start_idx [(19, Timestamp('2017-04-27 09:35:00'))]
start_ema 2017-04-27 08:00:00 start_vwap 2017-04-27 09:35:00 last_bar 2017-04-27 10:45:00 Writing to ./data/PHMD_livesignals_20170427_09_40_46.csv ./data/PHMD_last.csv
ET:  0.06  minutes
now 2017-04-27 10:55:02.765000 return data: last bar 2017-04-27 10:50:00 last processed bar 2017-04-27 10:45:00
PHMD: Warning! 596 bars requested 35 bars returned.
start_idx [(19, Timestamp('2017-04-27 09:35:00'))]
start_ema 2017-04-27 08:00:00 start_vwap 2017-04-27 09:35:00 last_bar 2017-04-27 10:50:00 Writing to ./data/PHMD_livesignals_20170427_09_40_46.csv ./data/PHMD_last.csv
ET:  0.05  minutes
now 2017-04-27 11:00:00.010000 return data: last bar 2017-04-27 10:55:00 last processed bar 2017-04-27 10:50:00
PHMD: Warning! 596 bars requested 36 bars returned.
start_idx [(19, Timestamp('2017-04-27 09:35:00'))]
start_ema 2017-04-27 08:00:00 start_vwap 2017-04-27 09:35:00 last_bar 2017-04-27 10:55:00 Writing to ./data/PHMD_livesignals_20170427_09_40_46.csv ./data/PHMD_last.csv
ET:  0.1  minutes
now 2017-04-27 11:05:00.032000 return data: last bar 2017-04-27 11:00:00 last processed bar 2017-04-27 10:55:00
PHMD: Warning! 596 bars requested 37 bars returned.
start_idx [(19, Timestamp('2017-04-27 09:35:00'))]
start_ema 2017-04-27 08:00:00 start_vwap 2017-04-27 09:35:00 last_bar 2017-04-27 11:00:00 Writing to ./data/PHMD_livesignals_20170427_09_40_46.csv ./data/PHMD_last.csv
ET:  0.1  minutes
now 2017-04-27 11:10:01.688000 return data: last bar 2017-04-27 11:10:00 last processed bar 2017-04-27 11:00:00
PHMD: Warning! 596 bars requested 39 bars returned.
start_idx [(19, Timestamp('2017-04-27 09:35:00'))]
start_ema 2017-04-27 08:00:00 start_vwap 2017-04-27 09:35:00 last_bar 2017-04-27 11:10:00 Writing to ./data/PHMD_livesignals_20170427_09_40_46.csv ./data/PHMD_last.csv
ET:  0.11  minutes
now 2017-04-27 11:15:01.036000 return None: last bar 2017-04-27 11:10:00 last processed bar 2017-04-27 11:10:00
PHMD getFeed did not return any data! last bar: 2017-04-27 11:10:00 now: 11:15:01.913000
now 2017-04-27 11:20:01.609000 return data: last bar 2017-04-27 11:20:00 last processed bar 2017-04-27 11:10:00
PHMD: Warning! 596 bars requested 41 bars returned.
start_idx [(19, Timestamp('2017-04-27 09:35:00'))]
start_ema 2017-04-27 08:00:00 start_vwap 2017-04-27 09:35:00 last_bar 2017-04-27 11:20:00 Writing to ./data/PHMD_livesignals_20170427_09_40_46.csv ./data/PHMD_last.csv
ET:  0.1  minutes
now 2017-04-27 11:25:00.825000 return None: last bar 2017-04-27 11:20:00 last processed bar 2017-04-27 11:20:00
PHMD getFeed did not return any data! last bar: 2017-04-27 11:20:00 now: 11:25:03.458000
now 2017-04-27 11:30:02.068000 return data: last bar 2017-04-27 11:25:00 last processed bar 2017-04-27 11:20:00
PHMD: Warning! 596 bars requested 42 bars returned.
start_idx [(19, Timestamp('2017-04-27 09:35:00'))]
start_ema 2017-04-27 08:00:00 start_vwap 2017-04-27 09:35:00 last_bar 2017-04-27 11:25:00 Writing to ./data/PHMD_livesignals_20170427_09_40_46.csv ./data/PHMD_last.csv
ET:  0.1  minutes
now 2017-04-27 11:35:02.599000 return data: last bar 2017-04-27 11:35:00 last processed bar 2017-04-27 11:25:00
PHMD: Warning! 596 bars requested 44 bars returned.
start_idx [(19, Timestamp('2017-04-27 09:35:00'))]
start_ema 2017-04-27 08:00:00 start_vwap 2017-04-27 09:35:00 last_bar 2017-04-27 11:35:00 Writing to ./data/PHMD_livesignals_20170427_09_40_46.csv ./data/PHMD_last.csv
ET:  0.05  minutes
now 2017-04-27 11:40:01.984000 return data: last bar 2017-04-27 11:40:00 last processed bar 2017-04-27 11:35:00
PHMD: Warning! 596 bars requested 45 bars returned.
start_idx [(19, Timestamp('2017-04-27 09:35:00'))]
start_ema 2017-04-27 08:00:00 start_vwap 2017-04-27 09:35:00 last_bar 2017-04-27 11:40:00 Writing to ./data/PHMD_livesignals_20170427_09_40_46.csv ./data/PHMD_last.csv
ET:  0.07  minutes
now 2017-04-27 11:45:00.334000 return None: last bar 2017-04-27 11:40:00 last processed bar 2017-04-27 11:40:00
PHMD getFeed did not return any data! last bar: 2017-04-27 11:40:00 now: 11:45:01.086000
now 2017-04-27 11:50:00.012000 return data: last bar 2017-04-27 11:45:00 last processed bar 2017-04-27 11:40:00
PHMD: Warning! 596 bars requested 46 bars returned.
start_idx [(19, Timestamp('2017-04-27 09:35:00'))]
start_ema 2017-04-27 08:00:00 start_vwap 2017-04-27 09:35:00 last_bar 2017-04-27 11:45:00 Writing to ./data/PHMD_livesignals_20170427_09_40_46.csv ./data/PHMD_last.csv
ET:  0.08  minutes
now 2017-04-27 11:55:03.018000 return data: last bar 2017-04-27 11:50:00 last processed bar 2017-04-27 11:45:00
PHMD: Warning! 596 bars requested 47 bars returned.
start_idx [(19, Timestamp('2017-04-27 09:35:00'))]
start_ema 2017-04-27 08:00:00 start_vwap 2017-04-27 09:35:00 last_bar 2017-04-27 11:50:00 Writing to ./data/PHMD_livesignals_20170427_09_40_46.csv ./data/PHMD_last.csv
ET:  0.05  minutes
now 2017-04-27 12:00:01.897000 return data: last bar 2017-04-27 12:00:00 last processed bar 2017-04-27 11:50:00
PHMD: Warning! 596 bars requested 49 bars returned.
start_idx [(19, Timestamp('2017-04-27 09:35:00'))]
start_ema 2017-04-27 08:00:00 start_vwap 2017-04-27 09:35:00 last_bar 2017-04-27 12:00:00 Writing to ./data/PHMD_livesignals_20170427_09_40_46.csv ./data/PHMD_last.csv
ET:  0.08  minutes
now 2017-04-27 12:05:01.693000 return data: last bar 2017-04-27 12:05:00 last processed bar 2017-04-27 12:00:00
PHMD: Warning! 596 bars requested 50 bars returned.
start_idx [(19, Timestamp('2017-04-27 09:35:00'))]
start_ema 2017-04-27 08:00:00 start_vwap 2017-04-27 09:35:00 last_bar 2017-04-27 12:05:00 Writing to ./data/PHMD_livesignals_20170427_09_40_46.csv ./data/PHMD_last.csv
ET:  0.07  minutes
now 2017-04-27 12:10:00.712000 return data: last bar 2017-04-27 12:10:00 last processed bar 2017-04-27 12:05:00
PHMD: Warning! 596 bars requested 51 bars returned.
start_idx [(19, Timestamp('2017-04-27 09:35:00'))]
start_ema 2017-04-27 08:00:00 start_vwap 2017-04-27 09:35:00 last_bar 2017-04-27 12:10:00 Writing to ./data/PHMD_livesignals_20170427_09_40_46.csv ./data/PHMD_last.csv
ET:  0.07  minutes
now 2017-04-27 12:15:00.704000 return None: last bar 2017-04-27 12:10:00 last processed bar 2017-04-27 12:10:00
PHMD getFeed did not return any data! last bar: 2017-04-27 12:10:00 now: 12:15:03.621000
now 2017-04-27 12:20:00.184000 return data: last bar 2017-04-27 12:20:00 last processed bar 2017-04-27 12:10:00
PHMD: Warning! 596 bars requested 53 bars returned.
start_idx [(19, Timestamp('2017-04-27 09:35:00'))]
start_ema 2017-04-27 08:00:00 start_vwap 2017-04-27 09:35:00 last_bar 2017-04-27 12:20:00 Writing to ./data/PHMD_livesignals_20170427_09_40_46.csv ./data/PHMD_last.csv
ET:  0.07  minutes
now 2017-04-27 12:25:00.915000 return data: last bar 2017-04-27 12:25:00 last processed bar 2017-04-27 12:20:00
PHMD: Warning! 596 bars requested 54 bars returned.
start_idx [(19, Timestamp('2017-04-27 09:35:00'))]
start_ema 2017-04-27 08:00:00 start_vwap 2017-04-27 09:35:00 last_bar 2017-04-27 12:25:00 Writing to ./data/PHMD_livesignals_20170427_09_40_46.csv ./data/PHMD_last.csv
ET:  0.08  minutes
now 2017-04-27 12:30:00.850000 return None: last bar 2017-04-27 12:25:00 last processed bar 2017-04-27 12:25:00
PHMD getFeed did not return any data! last bar: 2017-04-27 12:25:00 now: 12:30:01.125000
now 2017-04-27 12:35:01.901000 return data: last bar 2017-04-27 12:30:00 last processed bar 2017-04-27 12:25:00
PHMD: Warning! 596 bars requested 55 bars returned.
start_idx [(19, Timestamp('2017-04-27 09:35:00'))]
start_ema 2017-04-27 08:00:00 start_vwap 2017-04-27 09:35:00 last_bar 2017-04-27 12:30:00 Writing to ./data/PHMD_livesignals_20170427_09_40_46.csv ./data/PHMD_last.csv
ET:  0.07  minutes
now 2017-04-27 12:40:00.044000 return data: last bar 2017-04-27 12:35:00 last processed bar 2017-04-27 12:30:00
PHMD: Warning! 596 bars requested 56 bars returned.
start_idx [(19, Timestamp('2017-04-27 09:35:00'))]
start_ema 2017-04-27 08:00:00 start_vwap 2017-04-27 09:35:00 last_bar 2017-04-27 12:35:00 Writing to ./data/PHMD_livesignals_20170427_09_40_46.csv ./data/PHMD_last.csv
ET:  0.06  minutes
now 2017-04-27 12:45:02.760000 return data: last bar 2017-04-27 12:45:00 last processed bar 2017-04-27 12:35:00
PHMD: Warning! 596 bars requested 58 bars returned.
start_idx [(19, Timestamp('2017-04-27 09:35:00'))]
start_ema 2017-04-27 08:00:00 start_vwap 2017-04-27 09:35:00 last_bar 2017-04-27 12:45:00 Writing to ./data/PHMD_livesignals_20170427_09_40_46.csv ./data/PHMD_last.csv
ET:  0.06  minutes
now 2017-04-27 12:50:00.298000 return None: last bar 2017-04-27 12:45:00 last processed bar 2017-04-27 12:45:00
PHMD getFeed did not return any data! last bar: 2017-04-27 12:45:00 now: 12:50:00.639000
now 2017-04-27 12:55:01.795000 return data: last bar 2017-04-27 12:50:00 last processed bar 2017-04-27 12:45:00
PHMD: Warning! 596 bars requested 59 bars returned.
start_idx [(19, Timestamp('2017-04-27 09:35:00'))]
start_ema 2017-04-27 08:00:00 start_vwap 2017-04-27 09:35:00 last_bar 2017-04-27 12:50:00 Writing to ./data/PHMD_livesignals_20170427_09_40_46.csv ./data/PHMD_last.csv
ET:  0.08  minutes
now 2017-04-27 13:00:00.769000 return data: last bar 2017-04-27 13:00:00 last processed bar 2017-04-27 12:50:00
PHMD: Warning! 596 bars requested 61 bars returned.
start_idx [(19, Timestamp('2017-04-27 09:35:00'))]
start_ema 2017-04-27 08:00:00 start_vwap 2017-04-27 09:35:00 last_bar 2017-04-27 13:00:00 Writing to ./data/PHMD_livesignals_20170427_09_40_46.csv ./data/PHMD_last.csv
ET:  0.11  minutes
now 2017-04-27 13:05:00.390000 return data: last bar 2017-04-27 13:05:00 last processed bar 2017-04-27 13:00:00
PHMD: Warning! 596 bars requested 62 bars returned.
start_idx [(19, Timestamp('2017-04-27 09:35:00'))]
start_ema 2017-04-27 08:00:00 start_vwap 2017-04-27 09:35:00 last_bar 2017-04-27 13:05:00 Writing to ./data/PHMD_livesignals_20170427_09_40_46.csv ./data/PHMD_last.csv
ET:  0.08  minutes
now 2017-04-27 13:10:03.462000 return data: last bar 2017-04-27 13:10:00 last processed bar 2017-04-27 13:05:00
PHMD: Warning! 596 bars requested 63 bars returned.
start_idx [(19, Timestamp('2017-04-27 09:35:00'))]
start_ema 2017-04-27 08:00:00 start_vwap 2017-04-27 09:35:00 last_bar 2017-04-27 13:10:00 Writing to ./data/PHMD_livesignals_20170427_09_40_46.csv ./data/PHMD_last.csv
ET:  0.05  minutes
now 2017-04-27 13:15:00.508000 return data: last bar 2017-04-27 13:15:00 last processed bar 2017-04-27 13:10:00
PHMD: Warning! 596 bars requested 64 bars returned.
start_idx [(19, Timestamp('2017-04-27 09:35:00'))]
start_ema 2017-04-27 08:00:00 start_vwap 2017-04-27 09:35:00 last_bar 2017-04-27 13:15:00 Writing to ./data/PHMD_livesignals_20170427_09_40_46.csv ./data/PHMD_last.csv
ET:  0.06  minutes
now 2017-04-27 13:20:00.166000 return data: last bar 2017-04-27 13:20:00 last processed bar 2017-04-27 13:15:00
PHMD: Warning! 596 bars requested 65 bars returned.
start_idx [(19, Timestamp('2017-04-27 09:35:00'))]
start_ema 2017-04-27 08:00:00 start_vwap 2017-04-27 09:35:00 last_bar 2017-04-27 13:20:00 Writing to ./data/PHMD_livesignals_20170427_09_40_46.csv ./data/PHMD_last.csv
ET:  0.08  minutes
now 2017-04-27 13:25:00.509000 return data: last bar 2017-04-27 13:25:00 last processed bar 2017-04-27 13:20:00
PHMD: Warning! 596 bars requested 66 bars returned.
start_idx [(19, Timestamp('2017-04-27 09:35:00'))]
start_ema 2017-04-27 08:00:00 start_vwap 2017-04-27 09:35:00 last_bar 2017-04-27 13:25:00 Writing to ./data/PHMD_livesignals_20170427_09_40_46.csv ./data/PHMD_last.csv
ET:  0.1  minutes
now 2017-04-27 13:30:00.542000 return data: last bar 2017-04-27 13:30:00 last processed bar 2017-04-27 13:25:00
PHMD: Warning! 596 bars requested 67 bars returned.
start_idx [(19, Timestamp('2017-04-27 09:35:00'))]
start_ema 2017-04-27 08:00:00 start_vwap 2017-04-27 09:35:00 last_bar 2017-04-27 13:30:00 Writing to ./data/PHMD_livesignals_20170427_09_40_46.csv ./data/PHMD_last.csv
ET:  0.06  minutes
now 2017-04-27 13:35:00.542000 return None: last bar 2017-04-27 13:30:00 last processed bar 2017-04-27 13:30:00
PHMD getFeed did not return any data! last bar: 2017-04-27 13:30:00 now: 13:35:00.816000
now 2017-04-27 13:40:03.918000 return data: last bar 2017-04-27 13:40:00 last processed bar 2017-04-27 13:30:00
PHMD: Warning! 596 bars requested 69 bars returned.
start_idx [(19, Timestamp('2017-04-27 09:35:00'))]
start_ema 2017-04-27 08:00:00 start_vwap 2017-04-27 09:35:00 last_bar 2017-04-27 13:40:00 Writing to ./data/PHMD_livesignals_20170427_09_40_46.csv ./data/PHMD_last.csv
ET:  0.05  minutes
now 2017-04-27 13:45:00.073000 return None: last bar 2017-04-27 13:40:00 last processed bar 2017-04-27 13:40:00
PHMD getFeed did not return any data! last bar: 2017-04-27 13:40:00 now: 13:45:00.278000
now 2017-04-27 13:50:00.068000 return data: last bar 2017-04-27 13:50:00 last processed bar 2017-04-27 13:40:00
PHMD: Warning! 596 bars requested 71 bars returned.
start_idx [(19, Timestamp('2017-04-27 09:35:00'))]
start_ema 2017-04-27 08:00:00 start_vwap 2017-04-27 09:35:00 last_bar 2017-04-27 13:50:00 Writing to ./data/PHMD_livesignals_20170427_09_40_46.csv ./data/PHMD_last.csv
ET:  0.07  minutes
now 2017-04-27 13:55:00.237000 return None: last bar 2017-04-27 13:50:00 last processed bar 2017-04-27 13:50:00
PHMD getFeed did not return any data! last bar: 2017-04-27 13:50:00 now: 13:55:00.353000
now 2017-04-27 14:00:02.225000 return data: last bar 2017-04-27 14:00:00 last processed bar 2017-04-27 13:50:00
PHMD: Warning! 596 bars requested 73 bars returned.
start_idx [(19, Timestamp('2017-04-27 09:35:00'))]
start_ema 2017-04-27 08:00:00 start_vwap 2017-04-27 09:35:00 last_bar 2017-04-27 14:00:00 Writing to ./data/PHMD_livesignals_20170427_09_40_46.csv ./data/PHMD_last.csv
ET:  0.08  minutes
now 2017-04-27 14:05:00.219000 return None: last bar 2017-04-27 14:00:00 last processed bar 2017-04-27 14:00:00
PHMD getFeed did not return any data! last bar: 2017-04-27 14:00:00 now: 14:05:00.400000
now 2017-04-27 14:10:00.506000 return data: last bar 2017-04-27 14:10:00 last processed bar 2017-04-27 14:00:00
PHMD: Warning! 596 bars requested 75 bars returned.
start_idx [(19, Timestamp('2017-04-27 09:35:00'))]
start_ema 2017-04-27 08:00:00 start_vwap 2017-04-27 09:35:00 last_bar 2017-04-27 14:10:00 Writing to ./data/PHMD_livesignals_20170427_09_40_46.csv ./data/PHMD_last.csv
ET:  0.1  minutes
now 2017-04-27 14:15:00.484000 return data: last bar 2017-04-27 14:15:00 last processed bar 2017-04-27 14:10:00
PHMD: Warning! 596 bars requested 76 bars returned.
start_idx [(19, Timestamp('2017-04-27 09:35:00'))]
start_ema 2017-04-27 08:00:00 start_vwap 2017-04-27 09:35:00 last_bar 2017-04-27 14:15:00 Writing to ./data/PHMD_livesignals_20170427_09_40_46.csv ./data/PHMD_last.csv
ET:  0.04  minutes
now 2017-04-27 14:20:02.027000 return data: last bar 2017-04-27 14:20:00 last processed bar 2017-04-27 14:15:00
PHMD: Warning! 596 bars requested 77 bars returned.
start_idx [(19, Timestamp('2017-04-27 09:35:00'))]
start_ema 2017-04-27 08:00:00 start_vwap 2017-04-27 09:35:00 last_bar 2017-04-27 14:20:00 Writing to ./data/PHMD_livesignals_20170427_09_40_46.csv ./data/PHMD_last.csv
ET:  0.06  minutes
now 2017-04-27 14:25:00.931000 return data: last bar 2017-04-27 14:25:00 last processed bar 2017-04-27 14:20:00
PHMD: Warning! 596 bars requested 78 bars returned.
start_idx [(19, Timestamp('2017-04-27 09:35:00'))]
start_ema 2017-04-27 08:00:00 start_vwap 2017-04-27 09:35:00 last_bar 2017-04-27 14:25:00 Writing to ./data/PHMD_livesignals_20170427_09_40_46.csv ./data/PHMD_last.csv
ET:  0.04  minutes
now 2017-04-27 14:30:04.709000 return data: last bar 2017-04-27 14:30:00 last processed bar 2017-04-27 14:25:00
PHMD: Warning! 596 bars requested 79 bars returned.
start_idx [(19, Timestamp('2017-04-27 09:35:00'))]
start_ema 2017-04-27 08:00:00 start_vwap 2017-04-27 09:35:00 last_bar 2017-04-27 14:30:00 Writing to ./data/PHMD_livesignals_20170427_09_40_46.csv ./data/PHMD_last.csv
ET:  0.02  minutes
now 2017-04-27 14:35:00.237000 return data: last bar 2017-04-27 14:35:00 last processed bar 2017-04-27 14:30:00
PHMD: Warning! 596 bars requested 80 bars returned.
start_idx [(19, Timestamp('2017-04-27 09:35:00'))]
start_ema 2017-04-27 08:00:00 start_vwap 2017-04-27 09:35:00 last_bar 2017-04-27 14:35:00 Writing to ./data/PHMD_livesignals_20170427_09_40_46.csv ./data/PHMD_last.csv
ET:  0.08  minutes
now 2017-04-27 14:40:00.039000 return None: last bar 2017-04-27 14:35:00 last processed bar 2017-04-27 14:35:00
PHMD getFeed did not return any data! last bar: 2017-04-27 14:35:00 now: 14:40:00.570000
now 2017-04-27 14:45:00.598000 return data: last bar 2017-04-27 14:45:00 last processed bar 2017-04-27 14:35:00
PHMD: Warning! 596 bars requested 82 bars returned.
start_idx [(19, Timestamp('2017-04-27 09:35:00'))]
start_ema 2017-04-27 08:00:00 start_vwap 2017-04-27 09:35:00 last_bar 2017-04-27 14:45:00 Writing to ./data/PHMD_livesignals_20170427_09_40_46.csv ./data/PHMD_last.csv
ET:  0.07  minutes
now 2017-04-27 14:50:00.511000 return None: last bar 2017-04-27 14:45:00 last processed bar 2017-04-27 14:45:00
PHMD getFeed did not return any data! last bar: 2017-04-27 14:45:00 now: 14:50:00.784000
now 2017-04-27 14:55:04.173000 return data: last bar 2017-04-27 14:55:00 last processed bar 2017-04-27 14:45:00
PHMD: Warning! 596 bars requested 84 bars returned.
start_idx [(19, Timestamp('2017-04-27 09:35:00'))]
start_ema 2017-04-27 08:00:00 start_vwap 2017-04-27 09:35:00 last_bar 2017-04-27 14:55:00 Writing to ./data/PHMD_livesignals_20170427_09_40_46.csv ./data/PHMD_last.csv
ET:  0.05  minutes
now 2017-04-27 15:00:00.862000 return None: last bar 2017-04-27 14:55:00 last processed bar 2017-04-27 14:55:00
PHMD getFeed did not return any data! last bar: 2017-04-27 14:55:00 now: 15:00:02.447000
now 2017-04-27 15:05:00.901000 return data: last bar 2017-04-27 15:05:00 last processed bar 2017-04-27 14:55:00
PHMD: Warning! 596 bars requested 86 bars returned.
start_idx [(19, Timestamp('2017-04-27 09:35:00'))]
start_ema 2017-04-27 08:00:00 start_vwap 2017-04-27 09:35:00 last_bar 2017-04-27 15:05:00 Writing to ./data/PHMD_livesignals_20170427_09_40_46.csv ./data/PHMD_last.csv
ET:  0.09  minutes
now 2017-04-27 15:10:00.511000 return None: last bar 2017-04-27 15:05:00 last processed bar 2017-04-27 15:05:00
PHMD getFeed did not return any data! last bar: 2017-04-27 15:05:00 now: 15:10:04.811000
now 2017-04-27 15:15:00.021000 return data: last bar 2017-04-27 15:10:00 last processed bar 2017-04-27 15:05:00
PHMD: Warning! 596 bars requested 87 bars returned.
start_idx [(19, Timestamp('2017-04-27 09:35:00'))]
start_ema 2017-04-27 08:00:00 start_vwap 2017-04-27 09:35:00 last_bar 2017-04-27 15:10:00 Writing to ./data/PHMD_livesignals_20170427_09_40_46.csv ./data/PHMD_last.csv
ET:  0.03  minutes
now 2017-04-27 15:20:00.249000 return data: last bar 2017-04-27 15:20:00 last processed bar 2017-04-27 15:10:00
PHMD: Warning! 596 bars requested 89 bars returned.
start_idx [(19, Timestamp('2017-04-27 09:35:00'))]
start_ema 2017-04-27 08:00:00 start_vwap 2017-04-27 09:35:00 last_bar 2017-04-27 15:20:00 Writing to ./data/PHMD_livesignals_20170427_09_40_46.csv ./data/PHMD_last.csv
ET:  0.1  minutes
now 2017-04-27 15:25:00.386000 return None: last bar 2017-04-27 15:20:00 last processed bar 2017-04-27 15:20:00
PHMD getFeed did not return any data! last bar: 2017-04-27 15:20:00 now: 15:25:00.692000
now 2017-04-27 15:30:01.712000 return data: last bar 2017-04-27 15:25:00 last processed bar 2017-04-27 15:20:00
PHMD: Warning! 596 bars requested 90 bars returned.
start_idx [(19, Timestamp('2017-04-27 09:35:00'))]
start_ema 2017-04-27 08:00:00 start_vwap 2017-04-27 09:35:00 last_bar 2017-04-27 15:25:00 Writing to ./data/PHMD_livesignals_20170427_09_40_46.csv ./data/PHMD_last.csv
ET:  0.03  minutes
now 2017-04-27 15:35:00.870000 return data: last bar 2017-04-27 15:35:00 last processed bar 2017-04-27 15:25:00
PHMD: Warning! 596 bars requested 92 bars returned.
start_idx [(19, Timestamp('2017-04-27 09:35:00'))]
start_ema 2017-04-27 08:00:00 start_vwap 2017-04-27 09:35:00 last_bar 2017-04-27 15:35:00 Writing to ./data/PHMD_livesignals_20170427_09_40_46.csv ./data/PHMD_last.csv
ET:  0.07  minutes
now 2017-04-27 15:40:00.260000 return None: last bar 2017-04-27 15:35:00 last processed bar 2017-04-27 15:35:00
PHMD getFeed did not return any data! last bar: 2017-04-27 15:35:00 now: 15:40:05.510000
now 2017-04-27 15:45:03.645000 return data: last bar 2017-04-27 15:45:00 last processed bar 2017-04-27 15:35:00
PHMD: Warning! 596 bars requested 94 bars returned.
start_idx [(19, Timestamp('2017-04-27 09:35:00'))]
start_ema 2017-04-27 08:00:00 start_vwap 2017-04-27 09:35:00 last_bar 2017-04-27 15:45:00 Writing to ./data/PHMD_livesignals_20170427_09_40_46.csv ./data/PHMD_last.csv
ET:  0.05  minutes
now 2017-04-27 15:50:00.412000 return None: last bar 2017-04-27 15:45:00 last processed bar 2017-04-27 15:45:00
PHMD getFeed did not return any data! last bar: 2017-04-27 15:45:00 now: 15:50:03.040000
now 2017-04-27 15:55:00.010000
