return data: last bar 2017-04-27 09:35:00 last processed bar 1000-01-01 00:00:00
596 bars requested 596 bars returned
start_idx [(595, Timestamp('2017-04-27 09:35:00'))]
start_ema 2017-04-27 08:00:00 start_vwap 2017-04-27 09:35:00 last_bar 2017-04-27 09:35:00 ET:  0.01  minutes
now 2017-04-27 09:45:01.563000 return None: last bar 2017-04-27 09:35:00 last processed bar 2017-04-27 09:35:00
PSEC getFeed did not return any data! last bar: 2017-04-27 09:35:00 now: 09:45:05.427000
now 2017-04-27 09:50:00.754000 return data: last bar 2017-04-27 09:40:00 last processed bar 2017-04-27 09:35:00
596 bars requested 596 bars returned
start_idx [(594, Timestamp('2017-04-27 09:35:00'))]
start_ema 2017-04-27 08:00:00 start_vwap 2017-04-27 09:35:00 last_bar 2017-04-27 09:40:00 Writing to ./data/PSEC_livesignals_20170427_09_40_56.csv ./data/PSEC_last.csv
ET:  0.11  minutes
now 2017-04-27 09:55:00.228000 return data: last bar 2017-04-27 09:45:00 last processed bar 2017-04-27 09:40:00
596 bars requested 596 bars returned
start_idx [(593, Timestamp('2017-04-27 09:35:00'))]
start_ema 2017-04-27 08:00:00 start_vwap 2017-04-27 09:35:00 last_bar 2017-04-27 09:45:00 Writing to ./data/PSEC_livesignals_20170427_09_40_56.csv ./data/PSEC_last.csv
ET:  0.12  minutes
now 2017-04-27 10:00:00.130000 return data: last bar 2017-04-27 09:50:00 last processed bar 2017-04-27 09:45:00
596 bars requested 596 bars returned
start_idx [(592, Timestamp('2017-04-27 09:35:00'))]
start_ema 2017-04-27 08:00:00 start_vwap 2017-04-27 09:35:00 last_bar 2017-04-27 09:50:00 Writing to ./data/PSEC_livesignals_20170427_09_40_56.csv ./data/PSEC_last.csv
ET:  0.11  minutes
now 2017-04-27 10:05:01.483000 return data: last bar 2017-04-27 09:55:00 last processed bar 2017-04-27 09:50:00
596 bars requested 596 bars returned
start_idx [(591, Timestamp('2017-04-27 09:35:00'))]
start_ema 2017-04-27 08:00:00 start_vwap 2017-04-27 09:35:00 last_bar 2017-04-27 09:55:00 Writing to ./data/PSEC_livesignals_20170427_09_40_56.csv ./data/PSEC_last.csv
ET:  0.09  minutes
now 2017-04-27 10:10:00.154000 return data: last bar 2017-04-27 10:00:00 last processed bar 2017-04-27 09:55:00
596 bars requested 596 bars returned
start_idx [(590, Timestamp('2017-04-27 09:35:00'))]
start_ema 2017-04-27 08:00:00 start_vwap 2017-04-27 09:35:00 last_bar 2017-04-27 10:00:00 Writing to ./data/PSEC_livesignals_20170427_09_40_56.csv ./data/PSEC_last.csv
ET:  0.12  minutes
now 2017-04-27 10:15:00.608000 return data: last bar 2017-04-27 10:10:00 last processed bar 2017-04-27 10:00:00
596 bars requested 596 bars returned
start_idx [(588, Timestamp('2017-04-27 09:35:00'))]
start_ema 2017-04-27 08:00:00 start_vwap 2017-04-27 09:35:00 last_bar 2017-04-27 10:10:00 Writing to ./data/PSEC_livesignals_20170427_09_40_56.csv ./data/PSEC_last.csv
ET:  0.12  minutes
now 2017-04-27 10:20:02.550000 return data: last bar 2017-04-27 10:15:00 last processed bar 2017-04-27 10:10:00
596 bars requested 596 bars returned
start_idx [(587, Timestamp('2017-04-27 09:35:00'))]
start_ema 2017-04-27 08:00:00 start_vwap 2017-04-27 09:35:00 last_bar 2017-04-27 10:15:00 Writing to ./data/PSEC_livesignals_20170427_09_40_56.csv ./data/PSEC_last.csv
ET:  0.09  minutes
now 2017-04-27 10:25:01.444000 return data: last bar 2017-04-27 10:20:00 last processed bar 2017-04-27 10:15:00
596 bars requested 596 bars returned
start_idx [(586, Timestamp('2017-04-27 09:35:00'))]
start_ema 2017-04-27 08:00:00 start_vwap 2017-04-27 09:35:00 last_bar 2017-04-27 10:20:00 Writing to ./data/PSEC_livesignals_20170427_09_40_56.csv ./data/PSEC_last.csv
ET:  0.1  minutes
now 2017-04-27 10:30:00.356000 return data: last bar 2017-04-27 10:25:00 last processed bar 2017-04-27 10:20:00
596 bars requested 596 bars returned
start_idx [(585, Timestamp('2017-04-27 09:35:00'))]
start_ema 2017-04-27 08:00:00 start_vwap 2017-04-27 09:35:00 last_bar 2017-04-27 10:25:00 Writing to ./data/PSEC_livesignals_20170427_09_40_56.csv ./data/PSEC_last.csv
ET:  0.12  minutes
now 2017-04-27 10:35:01.707000 return data: last bar 2017-04-27 10:30:00 last processed bar 2017-04-27 10:25:00
596 bars requested 596 bars returned
start_idx [(584, Timestamp('2017-04-27 09:35:00'))]
start_ema 2017-04-27 08:00:00 start_vwap 2017-04-27 09:35:00 last_bar 2017-04-27 10:30:00 Writing to ./data/PSEC_livesignals_20170427_09_40_56.csv ./data/PSEC_last.csv
ET:  0.11  minutes
now 2017-04-27 10:40:00.110000 return data: last bar 2017-04-27 10:35:00 last processed bar 2017-04-27 10:30:00
596 bars requested 596 bars returned
start_idx [(583, Timestamp('2017-04-27 09:35:00'))]
start_ema 2017-04-27 08:00:00 start_vwap 2017-04-27 09:35:00 last_bar 2017-04-27 10:35:00 Writing to ./data/PSEC_livesignals_20170427_09_40_56.csv ./data/PSEC_last.csv
ET:  0.12  minutes
now 2017-04-27 10:45:00.800000 return data: last bar 2017-04-27 10:40:00 last processed bar 2017-04-27 10:35:00
596 bars requested 596 bars returned
start_idx [(582, Timestamp('2017-04-27 09:35:00'))]
start_ema 2017-04-27 08:00:00 start_vwap 2017-04-27 09:35:00 last_bar 2017-04-27 10:40:00 Writing to ./data/PSEC_livesignals_20170427_09_40_56.csv ./data/PSEC_last.csv
ET:  0.12  minutes
now 2017-04-27 10:50:01.580000 return data: last bar 2017-04-27 10:45:00 last processed bar 2017-04-27 10:40:00
596 bars requested 596 bars returned
start_idx [(581, Timestamp('2017-04-27 09:35:00'))]
start_ema 2017-04-27 08:00:00 start_vwap 2017-04-27 09:35:00 last_bar 2017-04-27 10:45:00 Writing to ./data/PSEC_livesignals_20170427_09_40_56.csv ./data/PSEC_last.csv
ET:  0.1  minutes
now 2017-04-27 10:55:02.352000 return data: last bar 2017-04-27 10:50:00 last processed bar 2017-04-27 10:45:00
596 bars requested 596 bars returned
start_idx [(580, Timestamp('2017-04-27 09:35:00'))]
start_ema 2017-04-27 08:00:00 start_vwap 2017-04-27 09:35:00 last_bar 2017-04-27 10:50:00 Writing to ./data/PSEC_livesignals_20170427_09_40_56.csv ./data/PSEC_last.csv
ET:  0.09  minutes
now 2017-04-27 11:00:00.647000 return data: last bar 2017-04-27 10:55:00 last processed bar 2017-04-27 10:50:00
596 bars requested 596 bars returned
start_idx [(579, Timestamp('2017-04-27 09:35:00'))]
start_ema 2017-04-27 08:00:00 start_vwap 2017-04-27 09:35:00 last_bar 2017-04-27 10:55:00 Writing to ./data/PSEC_livesignals_20170427_09_40_56.csv ./data/PSEC_last.csv
ET:  0.15  minutes
now 2017-04-27 11:05:01.434000 return data: last bar 2017-04-27 11:05:00 last processed bar 2017-04-27 10:55:00
596 bars requested 596 bars returned
start_idx [(577, Timestamp('2017-04-27 09:35:00'))]
start_ema 2017-04-27 08:00:00 start_vwap 2017-04-27 09:35:00 last_bar 2017-04-27 11:05:00 Writing to ./data/PSEC_livesignals_20170427_09_40_56.csv ./data/PSEC_last.csv
ET:  0.12  minutes
now 2017-04-27 11:10:01.377000 return data: last bar 2017-04-27 11:10:00 last processed bar 2017-04-27 11:05:00
596 bars requested 596 bars returned
start_idx [(576, Timestamp('2017-04-27 09:35:00'))]
start_ema 2017-04-27 08:00:00 start_vwap 2017-04-27 09:35:00 last_bar 2017-04-27 11:10:00 Writing to ./data/PSEC_livesignals_20170427_09_40_56.csv ./data/PSEC_last.csv
ET:  0.11  minutes
now 2017-04-27 11:15:00.839000 return None: last bar 2017-04-27 11:10:00 last processed bar 2017-04-27 11:10:00
PSEC getFeed did not return any data! last bar: 2017-04-27 11:10:00 now: 11:15:06.695000
now 2017-04-27 11:20:00.067000 return data: last bar 2017-04-27 11:20:00 last processed bar 2017-04-27 11:10:00
596 bars requested 596 bars returned
start_idx [(574, Timestamp('2017-04-27 09:35:00'))]
start_ema 2017-04-27 08:00:00 start_vwap 2017-04-27 09:35:00 last_bar 2017-04-27 11:20:00 Writing to ./data/PSEC_livesignals_20170427_09_40_56.csv ./data/PSEC_last.csv
ET:  0.14  minutes
now 2017-04-27 11:25:00.600000 return data: last bar 2017-04-27 11:25:00 last processed bar 2017-04-27 11:20:00
596 bars requested 596 bars returned
start_idx [(573, Timestamp('2017-04-27 09:35:00'))]
start_ema 2017-04-27 08:00:00 start_vwap 2017-04-27 09:35:00 last_bar 2017-04-27 11:25:00 Writing to ./data/PSEC_livesignals_20170427_09_40_56.csv ./data/PSEC_last.csv
ET:  0.13  minutes
now 2017-04-27 11:30:00.216000 return data: last bar 2017-04-27 11:30:00 last processed bar 2017-04-27 11:25:00
596 bars requested 596 bars returned
start_idx [(572, Timestamp('2017-04-27 09:35:00'))]
start_ema 2017-04-27 08:00:00 start_vwap 2017-04-27 09:35:00 last_bar 2017-04-27 11:30:00 Writing to ./data/PSEC_livesignals_20170427_09_40_56.csv ./data/PSEC_last.csv
ET:  0.13  minutes
now 2017-04-27 11:35:01.001000 return data: last bar 2017-04-27 11:35:00 last processed bar 2017-04-27 11:30:00
2 bars requested 2 bars returned
start_idx [(0, Timestamp('2017-04-27 09:35:00'))]
start_ema 2017-04-27 09:50:00 data.dropna() feed returned insufficient data
now 2017-04-27 11:40:00.175000 return data: last bar 2017-04-27 11:40:00 last processed bar 2017-04-27 11:35:00
2 bars requested 2 bars returned
start_idx [(0, Timestamp('2017-04-27 09:35:00'))]
start_ema 2017-04-27 09:50:00 data.dropna() feed returned insufficient data
now 2017-04-27 11:45:00.536000 return data: last bar 2017-04-27 11:45:00 last processed bar 2017-04-27 11:40:00
2 bars requested 2 bars returned
start_idx [(0, Timestamp('2017-04-27 09:35:00'))]
start_ema 2017-04-27 09:50:00 data.dropna() feed returned insufficient data
now 2017-04-27 11:50:00.659000 return data: last bar 2017-04-27 11:50:00 last processed bar 2017-04-27 11:45:00
2 bars requested 2 bars returned
start_idx [(0, Timestamp('2017-04-27 09:35:00'))]
start_ema 2017-04-27 09:50:00 data.dropna() feed returned insufficient data
now 2017-04-27 11:55:00.448000 return data: last bar 2017-04-27 11:55:00 last processed bar 2017-04-27 11:50:00
2 bars requested 2 bars returned
start_idx [(0, Timestamp('2017-04-27 09:35:00'))]
start_ema 2017-04-27 09:50:00 data.dropna() feed returned insufficient data
now 2017-04-27 12:00:00.233000 return data: last bar 2017-04-27 12:00:00 last processed bar 2017-04-27 11:55:00
2 bars requested 2 bars returned
start_idx [(0, Timestamp('2017-04-27 09:35:00'))]
start_ema 2017-04-27 09:50:00 data.dropna() feed returned insufficient data
now 2017-04-27 12:05:00.214000 return data: last bar 2017-04-27 12:05:00 last processed bar 2017-04-27 12:00:00
2 bars requested 2 bars returned
start_idx [(0, Timestamp('2017-04-27 09:35:00'))]
start_ema 2017-04-27 09:50:00 data.dropna() feed returned insufficient data
now 2017-04-27 12:10:01.119000 return data: last bar 2017-04-27 12:10:00 last processed bar 2017-04-27 12:05:00
2 bars requested 2 bars returned
start_idx [(0, Timestamp('2017-04-27 09:35:00'))]
start_ema 2017-04-27 09:50:00 data.dropna() feed returned insufficient data
now 2017-04-27 12:15:00.783000 return data: last bar 2017-04-27 12:15:00 last processed bar 2017-04-27 12:10:00
2 bars requested 2 bars returned
start_idx [(0, Timestamp('2017-04-27 09:35:00'))]
start_ema 2017-04-27 09:50:00 data.dropna() feed returned insufficient data
now 2017-04-27 12:20:01.188000 return data: last bar 2017-04-27 12:20:00 last processed bar 2017-04-27 12:15:00
2 bars requested 2 bars returned
start_idx [(0, Timestamp('2017-04-27 09:35:00'))]
start_ema 2017-04-27 09:50:00 data.dropna() feed returned insufficient data
now 2017-04-27 12:25:00.321000 return data: last bar 2017-04-27 12:25:00 last processed bar 2017-04-27 12:20:00
2 bars requested 2 bars returned
start_idx [(0, Timestamp('2017-04-27 09:35:00'))]
start_ema 2017-04-27 09:50:00 data.dropna() feed returned insufficient data
now 2017-04-27 12:30:00.967000 return data: last bar 2017-04-27 12:30:00 last processed bar 2017-04-27 12:25:00
2 bars requested 2 bars returned
start_idx [(0, Timestamp('2017-04-27 09:35:00'))]
start_ema 2017-04-27 09:50:00 data.dropna() feed returned insufficient data
now 2017-04-27 12:35:00.585000 return data: last bar 2017-04-27 12:35:00 last processed bar 2017-04-27 12:30:00
2 bars requested 2 bars returned
start_idx [(0, Timestamp('2017-04-27 09:35:00'))]
start_ema 2017-04-27 09:50:00 data.dropna() feed returned insufficient data
now 2017-04-27 12:40:00.783000 return data: last bar 2017-04-27 12:40:00 last processed bar 2017-04-27 12:35:00
2 bars requested 2 bars returned
start_idx [(0, Timestamp('2017-04-27 09:35:00'))]
start_ema 2017-04-27 09:50:00 data.dropna() feed returned insufficient data
now 2017-04-27 12:45:00.187000 return data: last bar 2017-04-27 12:45:00 last processed bar 2017-04-27 12:40:00
2 bars requested 2 bars returned
start_idx [(0, Timestamp('2017-04-27 09:35:00'))]
start_ema 2017-04-27 09:50:00 data.dropna() feed returned insufficient data
now 2017-04-27 12:50:00.320000 return data: last bar 2017-04-27 12:50:00 last processed bar 2017-04-27 12:45:00
2 bars requested 2 bars returned
start_idx [(0, Timestamp('2017-04-27 09:35:00'))]
start_ema 2017-04-27 09:50:00 data.dropna() feed returned insufficient data
now 2017-04-27 12:55:00.036000 return data: last bar 2017-04-27 12:55:00 last processed bar 2017-04-27 12:50:00
2 bars requested 2 bars returned
start_idx [(0, Timestamp('2017-04-27 09:35:00'))]
start_ema 2017-04-27 09:50:00 data.dropna() feed returned insufficient data
now 2017-04-27 13:00:00.830000 return data: last bar 2017-04-27 13:00:00 last processed bar 2017-04-27 12:55:00
2 bars requested 2 bars returned
start_idx [(0, Timestamp('2017-04-27 09:35:00'))]
start_ema 2017-04-27 09:50:00 data.dropna() feed returned insufficient data
now 2017-04-27 13:05:00.075000 return data: last bar 2017-04-27 13:05:00 last processed bar 2017-04-27 13:00:00
2 bars requested 2 bars returned
start_idx [(0, Timestamp('2017-04-27 09:35:00'))]
start_ema 2017-04-27 09:50:00 data.dropna() feed returned insufficient data
now 2017-04-27 13:10:00.623000 return data: last bar 2017-04-27 13:10:00 last processed bar 2017-04-27 13:05:00
2 bars requested 2 bars returned
start_idx [(0, Timestamp('2017-04-27 09:35:00'))]
start_ema 2017-04-27 09:50:00 data.dropna() feed returned insufficient data
now 2017-04-27 13:15:01.102000 return data: last bar 2017-04-27 13:15:00 last processed bar 2017-04-27 13:10:00
2 bars requested 2 bars returned
start_idx [(0, Timestamp('2017-04-27 09:35:00'))]
start_ema 2017-04-27 09:50:00 data.dropna() feed returned insufficient data
now 2017-04-27 13:20:01.761000 return data: last bar 2017-04-27 13:20:00 last processed bar 2017-04-27 13:15:00
2 bars requested 2 bars returned
start_idx [(0, Timestamp('2017-04-27 09:35:00'))]
start_ema 2017-04-27 09:50:00 data.dropna() feed returned insufficient data
now 2017-04-27 13:25:00.119000 return data: last bar 2017-04-27 13:25:00 last processed bar 2017-04-27 13:20:00
2 bars requested 2 bars returned
start_idx [(0, Timestamp('2017-04-27 09:35:00'))]
start_ema 2017-04-27 09:50:00 data.dropna() feed returned insufficient data
now 2017-04-27 13:30:00.239000 return data: last bar 2017-04-27 13:30:00 last processed bar 2017-04-27 13:25:00
2 bars requested 2 bars returned
start_idx [(0, Timestamp('2017-04-27 09:35:00'))]
start_ema 2017-04-27 09:50:00 data.dropna() feed returned insufficient data
now 2017-04-27 13:35:01.522000 return data: last bar 2017-04-27 13:35:00 last processed bar 2017-04-27 13:30:00
2 bars requested 2 bars returned
start_idx [(0, Timestamp('2017-04-27 09:35:00'))]
start_ema 2017-04-27 09:50:00 data.dropna() feed returned insufficient data
now 2017-04-27 13:40:01.326000 return data: last bar 2017-04-27 13:40:00 last processed bar 2017-04-27 13:35:00
2 bars requested 2 bars returned
start_idx [(0, Timestamp('2017-04-27 09:35:00'))]
start_ema 2017-04-27 09:50:00 data.dropna() feed returned insufficient data
now 2017-04-27 13:45:02.512000 return data: last bar 2017-04-27 13:45:00 last processed bar 2017-04-27 13:40:00
2 bars requested 2 bars returned
start_idx [(0, Timestamp('2017-04-27 09:35:00'))]
start_ema 2017-04-27 09:50:00 data.dropna() feed returned insufficient data
now 2017-04-27 13:50:01.596000 return data: last bar 2017-04-27 13:50:00 last processed bar 2017-04-27 13:45:00
2 bars requested 2 bars returned
start_idx [(0, Timestamp('2017-04-27 09:35:00'))]
start_ema 2017-04-27 09:50:00 data.dropna() feed returned insufficient data
now 2017-04-27 13:55:00.869000 return data: last bar 2017-04-27 13:55:00 last processed bar 2017-04-27 13:50:00
2 bars requested 2 bars returned
start_idx [(0, Timestamp('2017-04-27 09:35:00'))]
start_ema 2017-04-27 09:50:00 data.dropna() feed returned insufficient data
now 2017-04-27 14:00:01.632000 return data: last bar 2017-04-27 14:00:00 last processed bar 2017-04-27 13:55:00
2 bars requested 2 bars returned
start_idx [(0, Timestamp('2017-04-27 09:35:00'))]
start_ema 2017-04-27 09:50:00 data.dropna() feed returned insufficient data
now 2017-04-27 14:05:00.499000 return data: last bar 2017-04-27 14:05:00 last processed bar 2017-04-27 14:00:00
2 bars requested 2 bars returned
start_idx [(0, Timestamp('2017-04-27 09:35:00'))]
start_ema 2017-04-27 09:50:00 data.dropna() feed returned insufficient data
now 2017-04-27 14:10:01.036000 return data: last bar 2017-04-27 14:10:00 last processed bar 2017-04-27 14:05:00
2 bars requested 2 bars returned
start_idx [(0, Timestamp('2017-04-27 09:35:00'))]
start_ema 2017-04-27 09:50:00 data.dropna() feed returned insufficient data
now 2017-04-27 14:15:01.193000 return data: last bar 2017-04-27 14:15:00 last processed bar 2017-04-27 14:10:00
2 bars requested 2 bars returned
start_idx [(0, Timestamp('2017-04-27 09:35:00'))]
start_ema 2017-04-27 09:50:00 data.dropna() feed returned insufficient data
now 2017-04-27 14:20:01.031000 return data: last bar 2017-04-27 14:20:00 last processed bar 2017-04-27 14:15:00
2 bars requested 2 bars returned
start_idx [(0, Timestamp('2017-04-27 09:35:00'))]
start_ema 2017-04-27 09:50:00 data.dropna() feed returned insufficient data
now 2017-04-27 14:25:02.745000 return data: last bar 2017-04-27 14:25:00 last processed bar 2017-04-27 14:20:00
2 bars requested 2 bars returned
start_idx [(0, Timestamp('2017-04-27 09:35:00'))]
start_ema 2017-04-27 09:50:00 data.dropna() feed returned insufficient data
now 2017-04-27 14:30:00.746000 return data: last bar 2017-04-27 14:30:00 last processed bar 2017-04-27 14:25:00
2 bars requested 2 bars returned
start_idx [(0, Timestamp('2017-04-27 09:35:00'))]
start_ema 2017-04-27 09:50:00 data.dropna() feed returned insufficient data
now 2017-04-27 14:35:01.471000 return data: last bar 2017-04-27 14:35:00 last processed bar 2017-04-27 14:30:00
2 bars requested 2 bars returned
start_idx [(0, Timestamp('2017-04-27 09:35:00'))]
start_ema 2017-04-27 09:50:00 data.dropna() feed returned insufficient data
now 2017-04-27 14:40:00.972000 return data: last bar 2017-04-27 14:40:00 last processed bar 2017-04-27 14:35:00
2 bars requested 2 bars returned
start_idx [(0, Timestamp('2017-04-27 09:35:00'))]
start_ema 2017-04-27 09:50:00 data.dropna() feed returned insufficient data
now 2017-04-27 14:45:00.412000 return data: last bar 2017-04-27 14:45:00 last processed bar 2017-04-27 14:40:00
2 bars requested 2 bars returned
start_idx [(0, Timestamp('2017-04-27 09:35:00'))]
start_ema 2017-04-27 09:50:00 data.dropna() feed returned insufficient data
now 2017-04-27 14:50:01.817000 return data: last bar 2017-04-27 14:50:00 last processed bar 2017-04-27 14:45:00
2 bars requested 2 bars returned
start_idx [(0, Timestamp('2017-04-27 09:35:00'))]
start_ema 2017-04-27 09:50:00 data.dropna() feed returned insufficient data
now 2017-04-27 14:55:03.366000 return data: last bar 2017-04-27 14:55:00 last processed bar 2017-04-27 14:50:00
2 bars requested 2 bars returned
start_idx [(0, Timestamp('2017-04-27 09:35:00'))]
start_ema 2017-04-27 09:50:00 data.dropna() feed returned insufficient data
now 2017-04-27 15:00:00.200000 return data: last bar 2017-04-27 15:00:00 last processed bar 2017-04-27 14:55:00
2 bars requested 2 bars returned
start_idx [(0, Timestamp('2017-04-27 09:35:00'))]
start_ema 2017-04-27 09:50:00 data.dropna() feed returned insufficient data
now 2017-04-27 15:05:00.064000 return data: last bar 2017-04-27 15:05:00 last processed bar 2017-04-27 15:00:00
2 bars requested 2 bars returned
start_idx [(0, Timestamp('2017-04-27 09:35:00'))]
start_ema 2017-04-27 09:50:00 data.dropna() feed returned insufficient data
now 2017-04-27 15:10:00.750000 return data: last bar 2017-04-27 15:10:00 last processed bar 2017-04-27 15:05:00
2 bars requested 2 bars returned
start_idx [(0, Timestamp('2017-04-27 09:35:00'))]
start_ema 2017-04-27 09:50:00 data.dropna() feed returned insufficient data
now 2017-04-27 15:15:01.159000 return data: last bar 2017-04-27 15:15:00 last processed bar 2017-04-27 15:10:00
2 bars requested 2 bars returned
start_idx [(0, Timestamp('2017-04-27 09:35:00'))]
start_ema 2017-04-27 09:50:00 data.dropna() feed returned insufficient data
now 2017-04-27 15:20:00.107000 return data: last bar 2017-04-27 15:20:00 last processed bar 2017-04-27 15:15:00
2 bars requested 2 bars returned
start_idx [(0, Timestamp('2017-04-27 09:35:00'))]
start_ema 2017-04-27 09:50:00 data.dropna() feed returned insufficient data
now 2017-04-27 15:25:00.727000 return data: last bar 2017-04-27 15:25:00 last processed bar 2017-04-27 15:20:00
2 bars requested 2 bars returned
start_idx [(0, Timestamp('2017-04-27 09:35:00'))]
start_ema 2017-04-27 09:50:00 data.dropna() feed returned insufficient data
now 2017-04-27 15:30:00.946000 return data: last bar 2017-04-27 15:30:00 last processed bar 2017-04-27 15:25:00
2 bars requested 2 bars returned
start_idx [(0, Timestamp('2017-04-27 09:35:00'))]
start_ema 2017-04-27 09:50:00 data.dropna() feed returned insufficient data
now 2017-04-27 15:35:00.863000 return data: last bar 2017-04-27 15:35:00 last processed bar 2017-04-27 15:30:00
2 bars requested 2 bars returned
start_idx [(0, Timestamp('2017-04-27 09:35:00'))]
start_ema 2017-04-27 09:50:00 data.dropna() feed returned insufficient data
now 2017-04-27 15:40:00.168000 return data: last bar 2017-04-27 15:40:00 last processed bar 2017-04-27 15:35:00
2 bars requested 2 bars returned
start_idx [(0, Timestamp('2017-04-27 09:35:00'))]
start_ema 2017-04-27 09:50:00 data.dropna() feed returned insufficient data
now 2017-04-27 15:45:00.707000 return data: last bar 2017-04-27 15:45:00 last processed bar 2017-04-27 15:40:00
2 bars requested 2 bars returned
start_idx [(0, Timestamp('2017-04-27 09:35:00'))]
start_ema 2017-04-27 09:50:00 data.dropna() feed returned insufficient data
now 2017-04-27 15:50:00.169000 return data: last bar 2017-04-27 15:50:00 last processed bar 2017-04-27 15:45:00
2 bars requested 2 bars returned
start_idx [(0, Timestamp('2017-04-27 09:35:00'))]
start_ema 2017-04-27 09:50:00 data.dropna() feed returned insufficient data
now 2017-04-27 15:55:00.421000
