return data: last bar 2017-04-27 09:35:00 last processed bar 1000-01-01 00:00:00
RAD: Warning! 596 bars requested 20 bars returned.
start_idx [(19, Timestamp('2017-04-27 09:35:00'))]
start_ema 2017-04-27 08:00:00 start_vwap 2017-04-27 09:35:00 last_bar 2017-04-27 09:35:00 ET:  0.04  minutes
now 2017-04-27 09:45:01.161000 return None: last bar 2017-04-27 09:35:00 last processed bar 2017-04-27 09:35:00
RAD getFeed did not return any data! last bar: 2017-04-27 09:35:00 now: 09:45:01.201000
now 2017-04-27 09:50:01.568000 return data: last bar 2017-04-27 09:40:00 last processed bar 2017-04-27 09:35:00
RAD: Warning! 596 bars requested 21 bars returned.
start_idx [(19, Timestamp('2017-04-27 09:35:00'))]
start_ema 2017-04-27 08:00:00 start_vwap 2017-04-27 09:35:00 last_bar 2017-04-27 09:40:00 Writing to ./data/RAD_livesignals_20170427_09_40_45.csv ./data/RAD_last.csv
ET:  0.06  minutes
now 2017-04-27 09:55:01.670000 return data: last bar 2017-04-27 09:45:00 last processed bar 2017-04-27 09:40:00
RAD: Warning! 596 bars requested 22 bars returned.
start_idx [(19, Timestamp('2017-04-27 09:35:00'))]
start_ema 2017-04-27 08:00:00 start_vwap 2017-04-27 09:35:00 last_bar 2017-04-27 09:45:00 Writing to ./data/RAD_livesignals_20170427_09_40_45.csv ./data/RAD_last.csv
ET:  0.07  minutes
now 2017-04-27 10:00:00.906000 return data: last bar 2017-04-27 09:50:00 last processed bar 2017-04-27 09:45:00
RAD: Warning! 596 bars requested 23 bars returned.
start_idx [(19, Timestamp('2017-04-27 09:35:00'))]
start_ema 2017-04-27 08:00:00 start_vwap 2017-04-27 09:35:00 last_bar 2017-04-27 09:50:00 Writing to ./data/RAD_livesignals_20170427_09_40_45.csv ./data/RAD_last.csv
ET:  0.07  minutes
now 2017-04-27 10:05:00.123000 return data: last bar 2017-04-27 09:55:00 last processed bar 2017-04-27 09:50:00
RAD: Warning! 596 bars requested 24 bars returned.
start_idx [(19, Timestamp('2017-04-27 09:35:00'))]
start_ema 2017-04-27 08:00:00 start_vwap 2017-04-27 09:35:00 last_bar 2017-04-27 09:55:00 Writing to ./data/RAD_livesignals_20170427_09_40_45.csv ./data/RAD_last.csv
ET:  0.06  minutes
now 2017-04-27 10:10:02.526000 return data: last bar 2017-04-27 10:00:00 last processed bar 2017-04-27 09:55:00
RAD: Warning! 596 bars requested 25 bars returned.
start_idx [(19, Timestamp('2017-04-27 09:35:00'))]
start_ema 2017-04-27 08:00:00 start_vwap 2017-04-27 09:35:00 last_bar 2017-04-27 10:00:00 Writing to ./data/RAD_livesignals_20170427_09_40_45.csv ./data/RAD_last.csv
ET:  0.08  minutes
now 2017-04-27 10:15:00.899000 return data: last bar 2017-04-27 10:10:00 last processed bar 2017-04-27 10:00:00
RAD: Warning! 596 bars requested 27 bars returned.
start_idx [(19, Timestamp('2017-04-27 09:35:00'))]
start_ema 2017-04-27 08:00:00 start_vwap 2017-04-27 09:35:00 last_bar 2017-04-27 10:10:00 Writing to ./data/RAD_livesignals_20170427_09_40_45.csv ./data/RAD_last.csv
ET:  0.09  minutes
now 2017-04-27 10:20:00.093000 return data: last bar 2017-04-27 10:15:00 last processed bar 2017-04-27 10:10:00
RAD: Warning! 596 bars requested 28 bars returned.
start_idx [(19, Timestamp('2017-04-27 09:35:00'))]
start_ema 2017-04-27 08:00:00 start_vwap 2017-04-27 09:35:00 last_bar 2017-04-27 10:15:00 Writing to ./data/RAD_livesignals_20170427_09_40_45.csv ./data/RAD_last.csv
ET:  0.06  minutes
now 2017-04-27 10:25:00.671000 return data: last bar 2017-04-27 10:20:00 last processed bar 2017-04-27 10:15:00
RAD: Warning! 596 bars requested 29 bars returned.
start_idx [(19, Timestamp('2017-04-27 09:35:00'))]
start_ema 2017-04-27 08:00:00 start_vwap 2017-04-27 09:35:00 last_bar 2017-04-27 10:20:00 Writing to ./data/RAD_livesignals_20170427_09_40_45.csv ./data/RAD_last.csv
ET:  0.09  minutes
now 2017-04-27 10:30:00.394000 return data: last bar 2017-04-27 10:25:00 last processed bar 2017-04-27 10:20:00
RAD: Warning! 596 bars requested 30 bars returned.
start_idx [(19, Timestamp('2017-04-27 09:35:00'))]
start_ema 2017-04-27 08:00:00 start_vwap 2017-04-27 09:35:00 last_bar 2017-04-27 10:25:00 Writing to ./data/RAD_livesignals_20170427_09_40_45.csv ./data/RAD_last.csv
ET:  0.07  minutes
now 2017-04-27 10:35:01.918000 return data: last bar 2017-04-27 10:30:00 last processed bar 2017-04-27 10:25:00
RAD: Warning! 596 bars requested 31 bars returned.
start_idx [(19, Timestamp('2017-04-27 09:35:00'))]
start_ema 2017-04-27 08:00:00 start_vwap 2017-04-27 09:35:00 last_bar 2017-04-27 10:30:00 Writing to ./data/RAD_livesignals_20170427_09_40_45.csv ./data/RAD_last.csv
ET:  0.09  minutes
now 2017-04-27 10:40:00.252000 return data: last bar 2017-04-27 10:35:00 last processed bar 2017-04-27 10:30:00
RAD: Warning! 596 bars requested 32 bars returned.
start_idx [(19, Timestamp('2017-04-27 09:35:00'))]
start_ema 2017-04-27 08:00:00 start_vwap 2017-04-27 09:35:00 last_bar 2017-04-27 10:35:00 Writing to ./data/RAD_livesignals_20170427_09_40_45.csv ./data/RAD_last.csv
ET:  0.06  minutes
now 2017-04-27 10:45:00.937000 return data: last bar 2017-04-27 10:40:00 last processed bar 2017-04-27 10:35:00
RAD: Warning! 596 bars requested 33 bars returned.
start_idx [(19, Timestamp('2017-04-27 09:35:00'))]
start_ema 2017-04-27 08:00:00 start_vwap 2017-04-27 09:35:00 last_bar 2017-04-27 10:40:00 Writing to ./data/RAD_livesignals_20170427_09_40_45.csv ./data/RAD_last.csv
ET:  0.11  minutes
now 2017-04-27 10:50:00.646000 return data: last bar 2017-04-27 10:45:00 last processed bar 2017-04-27 10:40:00
RAD: Warning! 596 bars requested 34 bars returned.
start_idx [(19, Timestamp('2017-04-27 09:35:00'))]
start_ema 2017-04-27 08:00:00 start_vwap 2017-04-27 09:35:00 last_bar 2017-04-27 10:45:00 Writing to ./data/RAD_livesignals_20170427_09_40_45.csv ./data/RAD_last.csv
ET:  0.08  minutes
now 2017-04-27 10:55:01.462000 return data: last bar 2017-04-27 10:50:00 last processed bar 2017-04-27 10:45:00
RAD: Warning! 596 bars requested 35 bars returned.
start_idx [(19, Timestamp('2017-04-27 09:35:00'))]
start_ema 2017-04-27 08:00:00 start_vwap 2017-04-27 09:35:00 last_bar 2017-04-27 10:50:00 Writing to ./data/RAD_livesignals_20170427_09_40_45.csv ./data/RAD_last.csv
ET:  0.07  minutes
now 2017-04-27 11:00:00.640000 return data: last bar 2017-04-27 10:55:00 last processed bar 2017-04-27 10:50:00
RAD: Warning! 596 bars requested 36 bars returned.
start_idx [(19, Timestamp('2017-04-27 09:35:00'))]
start_ema 2017-04-27 08:00:00 start_vwap 2017-04-27 09:35:00 last_bar 2017-04-27 10:55:00 Writing to ./data/RAD_livesignals_20170427_09_40_45.csv ./data/RAD_last.csv
ET:  0.11  minutes
now 2017-04-27 11:05:01.374000 return data: last bar 2017-04-27 11:00:00 last processed bar 2017-04-27 10:55:00
RAD: Warning! 596 bars requested 37 bars returned.
start_idx [(19, Timestamp('2017-04-27 09:35:00'))]
start_ema 2017-04-27 08:00:00 start_vwap 2017-04-27 09:35:00 last_bar 2017-04-27 11:00:00 Writing to ./data/RAD_livesignals_20170427_09_40_45.csv ./data/RAD_last.csv
ET:  0.1  minutes
now 2017-04-27 11:10:01.380000 return data: last bar 2017-04-27 11:10:00 last processed bar 2017-04-27 11:00:00
RAD: Warning! 596 bars requested 39 bars returned.
start_idx [(19, Timestamp('2017-04-27 09:35:00'))]
start_ema 2017-04-27 08:00:00 start_vwap 2017-04-27 09:35:00 last_bar 2017-04-27 11:10:00 Writing to ./data/RAD_livesignals_20170427_09_40_45.csv ./data/RAD_last.csv
ET:  0.09  minutes
now 2017-04-27 11:15:00.082000 return None: last bar 2017-04-27 11:10:00 last processed bar 2017-04-27 11:10:00
RAD getFeed did not return any data! last bar: 2017-04-27 11:10:00 now: 11:15:00.176000
now 2017-04-27 11:20:03.243000 return data: last bar 2017-04-27 11:20:00 last processed bar 2017-04-27 11:10:00
RAD: Warning! 596 bars requested 41 bars returned.
start_idx [(19, Timestamp('2017-04-27 09:35:00'))]
start_ema 2017-04-27 08:00:00 start_vwap 2017-04-27 09:35:00 last_bar 2017-04-27 11:20:00 Writing to ./data/RAD_livesignals_20170427_09_40_45.csv ./data/RAD_last.csv
ET:  0.07  minutes
now 2017-04-27 11:25:03.748000 return None: last bar 2017-04-27 11:20:00 last processed bar 2017-04-27 11:20:00
RAD getFeed did not return any data! last bar: 2017-04-27 11:20:00 now: 11:25:04.775000
now 2017-04-27 11:30:01.207000 return data: last bar 2017-04-27 11:25:00 last processed bar 2017-04-27 11:20:00
RAD: Warning! 596 bars requested 42 bars returned.
start_idx [(19, Timestamp('2017-04-27 09:35:00'))]
start_ema 2017-04-27 08:00:00 start_vwap 2017-04-27 09:35:00 last_bar 2017-04-27 11:25:00 Writing to ./data/RAD_livesignals_20170427_09_40_45.csv ./data/RAD_last.csv
ET:  0.06  minutes
now 2017-04-27 11:35:00.052000 return data: last bar 2017-04-27 11:30:00 last processed bar 2017-04-27 11:25:00
RAD: Warning! 596 bars requested 43 bars returned.
start_idx [(19, Timestamp('2017-04-27 09:35:00'))]
start_ema 2017-04-27 08:00:00 start_vwap 2017-04-27 09:35:00 last_bar 2017-04-27 11:30:00 Writing to ./data/RAD_livesignals_20170427_09_40_45.csv ./data/RAD_last.csv
ET:  0.06  minutes
now 2017-04-27 11:40:00.561000 return data: last bar 2017-04-27 11:40:00 last processed bar 2017-04-27 11:30:00
RAD: Warning! 596 bars requested 45 bars returned.
start_idx [(19, Timestamp('2017-04-27 09:35:00'))]
start_ema 2017-04-27 08:00:00 start_vwap 2017-04-27 09:35:00 last_bar 2017-04-27 11:40:00 Writing to ./data/RAD_livesignals_20170427_09_40_45.csv ./data/RAD_last.csv
ET:  0.07  minutes
now 2017-04-27 11:45:00.552000 return None: last bar 2017-04-27 11:40:00 last processed bar 2017-04-27 11:40:00
RAD getFeed did not return any data! last bar: 2017-04-27 11:40:00 now: 11:45:00.629000
now 2017-04-27 11:50:01.151000 return data: last bar 2017-04-27 11:45:00 last processed bar 2017-04-27 11:40:00
RAD: Warning! 596 bars requested 46 bars returned.
start_idx [(19, Timestamp('2017-04-27 09:35:00'))]
start_ema 2017-04-27 08:00:00 start_vwap 2017-04-27 09:35:00 last_bar 2017-04-27 11:45:00 Writing to ./data/RAD_livesignals_20170427_09_40_45.csv ./data/RAD_last.csv
ET:  0.07  minutes
now 2017-04-27 11:55:00.149000 return data: last bar 2017-04-27 11:50:00 last processed bar 2017-04-27 11:45:00
RAD: Warning! 596 bars requested 47 bars returned.
start_idx [(19, Timestamp('2017-04-27 09:35:00'))]
start_ema 2017-04-27 08:00:00 start_vwap 2017-04-27 09:35:00 last_bar 2017-04-27 11:50:00 Writing to ./data/RAD_livesignals_20170427_09_40_45.csv ./data/RAD_last.csv
ET:  0.06  minutes
now 2017-04-27 12:00:01.408000 return data: last bar 2017-04-27 11:55:00 last processed bar 2017-04-27 11:50:00
RAD: Warning! 596 bars requested 48 bars returned.
start_idx [(19, Timestamp('2017-04-27 09:35:00'))]
start_ema 2017-04-27 08:00:00 start_vwap 2017-04-27 09:35:00 last_bar 2017-04-27 11:55:00 Writing to ./data/RAD_livesignals_20170427_09_40_45.csv ./data/RAD_last.csv
ET:  0.08  minutes
now 2017-04-27 12:05:00.743000 return data: last bar 2017-04-27 12:00:00 last processed bar 2017-04-27 11:55:00
RAD: Warning! 596 bars requested 49 bars returned.
start_idx [(19, Timestamp('2017-04-27 09:35:00'))]
start_ema 2017-04-27 08:00:00 start_vwap 2017-04-27 09:35:00 last_bar 2017-04-27 12:00:00 Writing to ./data/RAD_livesignals_20170427_09_40_45.csv ./data/RAD_last.csv
ET:  0.06  minutes
now 2017-04-27 12:10:00.814000 return data: last bar 2017-04-27 12:10:00 last processed bar 2017-04-27 12:00:00
RAD: Warning! 596 bars requested 51 bars returned.
start_idx [(19, Timestamp('2017-04-27 09:35:00'))]
start_ema 2017-04-27 08:00:00 start_vwap 2017-04-27 09:35:00 last_bar 2017-04-27 12:10:00 Writing to ./data/RAD_livesignals_20170427_09_40_45.csv ./data/RAD_last.csv
ET:  0.07  minutes
now 2017-04-27 12:15:00.030000 return None: last bar 2017-04-27 12:10:00 last processed bar 2017-04-27 12:10:00
RAD getFeed did not return any data! last bar: 2017-04-27 12:10:00 now: 12:15:00.190000
now 2017-04-27 12:20:00.892000 return data: last bar 2017-04-27 12:20:00 last processed bar 2017-04-27 12:10:00
RAD: Warning! 596 bars requested 53 bars returned.
start_idx [(19, Timestamp('2017-04-27 09:35:00'))]
start_ema 2017-04-27 08:00:00 start_vwap 2017-04-27 09:35:00 last_bar 2017-04-27 12:20:00 Writing to ./data/RAD_livesignals_20170427_09_40_45.csv ./data/RAD_last.csv
ET:  0.06  minutes
now 2017-04-27 12:25:00.435000 return None: last bar 2017-04-27 12:20:00 last processed bar 2017-04-27 12:20:00
RAD getFeed did not return any data! last bar: 2017-04-27 12:20:00 now: 12:25:00.514000
now 2017-04-27 12:30:00.976000 return data: last bar 2017-04-27 12:25:00 last processed bar 2017-04-27 12:20:00
RAD: Warning! 596 bars requested 54 bars returned.
start_idx [(19, Timestamp('2017-04-27 09:35:00'))]
start_ema 2017-04-27 08:00:00 start_vwap 2017-04-27 09:35:00 last_bar 2017-04-27 12:25:00 Writing to ./data/RAD_livesignals_20170427_09_40_45.csv ./data/RAD_last.csv
ET:  0.08  minutes
now 2017-04-27 12:35:00.794000 return data: last bar 2017-04-27 12:30:00 last processed bar 2017-04-27 12:25:00
RAD: Warning! 596 bars requested 55 bars returned.
start_idx [(19, Timestamp('2017-04-27 09:35:00'))]
start_ema 2017-04-27 08:00:00 start_vwap 2017-04-27 09:35:00 last_bar 2017-04-27 12:30:00 Writing to ./data/RAD_livesignals_20170427_09_40_45.csv ./data/RAD_last.csv
ET:  0.08  minutes
now 2017-04-27 12:40:00.449000 return data: last bar 2017-04-27 12:35:00 last processed bar 2017-04-27 12:30:00
RAD: Warning! 596 bars requested 56 bars returned.
start_idx [(19, Timestamp('2017-04-27 09:35:00'))]
start_ema 2017-04-27 08:00:00 start_vwap 2017-04-27 09:35:00 last_bar 2017-04-27 12:35:00 Writing to ./data/RAD_livesignals_20170427_09_40_45.csv ./data/RAD_last.csv
ET:  0.09  minutes
now 2017-04-27 12:45:01.304000 return data: last bar 2017-04-27 12:45:00 last processed bar 2017-04-27 12:35:00
RAD: Warning! 596 bars requested 58 bars returned.
start_idx [(19, Timestamp('2017-04-27 09:35:00'))]
start_ema 2017-04-27 08:00:00 start_vwap 2017-04-27 09:35:00 last_bar 2017-04-27 12:45:00 Writing to ./data/RAD_livesignals_20170427_09_40_45.csv ./data/RAD_last.csv
ET:  0.07  minutes
now 2017-04-27 12:50:00.862000 return None: last bar 2017-04-27 12:45:00 last processed bar 2017-04-27 12:45:00
RAD getFeed did not return any data! last bar: 2017-04-27 12:45:00 now: 12:50:02.768000
now 2017-04-27 12:55:00.720000 return data: last bar 2017-04-27 12:50:00 last processed bar 2017-04-27 12:45:00
RAD: Warning! 596 bars requested 59 bars returned.
start_idx [(19, Timestamp('2017-04-27 09:35:00'))]
start_ema 2017-04-27 08:00:00 start_vwap 2017-04-27 09:35:00 last_bar 2017-04-27 12:50:00 Writing to ./data/RAD_livesignals_20170427_09_40_45.csv ./data/RAD_last.csv
ET:  0.1  minutes
now 2017-04-27 13:00:00.445000 return data: last bar 2017-04-27 12:55:00 last processed bar 2017-04-27 12:50:00
RAD: Warning! 596 bars requested 60 bars returned.
start_idx [(19, Timestamp('2017-04-27 09:35:00'))]
start_ema 2017-04-27 08:00:00 start_vwap 2017-04-27 09:35:00 last_bar 2017-04-27 12:55:00 Writing to ./data/RAD_livesignals_20170427_09_40_45.csv ./data/RAD_last.csv
ET:  0.09  minutes
now 2017-04-27 13:05:01.215000 return data: last bar 2017-04-27 13:05:00 last processed bar 2017-04-27 12:55:00
RAD: Warning! 596 bars requested 62 bars returned.
start_idx [(19, Timestamp('2017-04-27 09:35:00'))]
start_ema 2017-04-27 08:00:00 start_vwap 2017-04-27 09:35:00 last_bar 2017-04-27 13:05:00 Writing to ./data/RAD_livesignals_20170427_09_40_45.csv ./data/RAD_last.csv
ET:  0.07  minutes
now 2017-04-27 13:10:00.194000 return None: last bar 2017-04-27 13:05:00 last processed bar 2017-04-27 13:05:00
RAD getFeed did not return any data! last bar: 2017-04-27 13:05:00 now: 13:10:00.306000
now 2017-04-27 13:15:01.135000 return data: last bar 2017-04-27 13:15:00 last processed bar 2017-04-27 13:05:00
RAD: Warning! 596 bars requested 64 bars returned.
start_idx [(19, Timestamp('2017-04-27 09:35:00'))]
start_ema 2017-04-27 08:00:00 start_vwap 2017-04-27 09:35:00 last_bar 2017-04-27 13:15:00 Writing to ./data/RAD_livesignals_20170427_09_40_45.csv ./data/RAD_last.csv
ET:  0.07  minutes
now 2017-04-27 13:20:00.130000 return None: last bar 2017-04-27 13:15:00 last processed bar 2017-04-27 13:15:00
RAD getFeed did not return any data! last bar: 2017-04-27 13:15:00 now: 13:20:01.168000
now 2017-04-27 13:25:00.780000 return data: last bar 2017-04-27 13:25:00 last processed bar 2017-04-27 13:15:00
RAD: Warning! 596 bars requested 66 bars returned.
start_idx [(19, Timestamp('2017-04-27 09:35:00'))]
start_ema 2017-04-27 08:00:00 start_vwap 2017-04-27 09:35:00 last_bar 2017-04-27 13:25:00 Writing to ./data/RAD_livesignals_20170427_09_40_45.csv ./data/RAD_last.csv
ET:  0.1  minutes
now 2017-04-27 13:30:00.890000 return data: last bar 2017-04-27 13:30:00 last processed bar 2017-04-27 13:25:00
RAD: Warning! 596 bars requested 67 bars returned.
start_idx [(19, Timestamp('2017-04-27 09:35:00'))]
start_ema 2017-04-27 08:00:00 start_vwap 2017-04-27 09:35:00 last_bar 2017-04-27 13:30:00 Writing to ./data/RAD_livesignals_20170427_09_40_45.csv ./data/RAD_last.csv
ET:  0.07  minutes
now 2017-04-27 13:35:00.661000 return None: last bar 2017-04-27 13:30:00 last processed bar 2017-04-27 13:30:00
RAD getFeed did not return any data! last bar: 2017-04-27 13:30:00 now: 13:35:01.516000
now 2017-04-27 13:40:01.348000 return data: last bar 2017-04-27 13:40:00 last processed bar 2017-04-27 13:30:00
RAD: Warning! 596 bars requested 69 bars returned.
start_idx [(19, Timestamp('2017-04-27 09:35:00'))]
start_ema 2017-04-27 08:00:00 start_vwap 2017-04-27 09:35:00 last_bar 2017-04-27 13:40:00 Writing to ./data/RAD_livesignals_20170427_09_40_45.csv ./data/RAD_last.csv
ET:  0.1  minutes
now 2017-04-27 13:45:01.166000 return data: last bar 2017-04-27 13:45:00 last processed bar 2017-04-27 13:40:00
RAD: Warning! 596 bars requested 70 bars returned.
start_idx [(19, Timestamp('2017-04-27 09:35:00'))]
start_ema 2017-04-27 08:00:00 start_vwap 2017-04-27 09:35:00 last_bar 2017-04-27 13:45:00 Writing to ./data/RAD_livesignals_20170427_09_40_45.csv ./data/RAD_last.csv
ET:  0.09  minutes
now 2017-04-27 13:50:00.636000 return data: last bar 2017-04-27 13:50:00 last processed bar 2017-04-27 13:45:00
RAD: Warning! 596 bars requested 71 bars returned.
start_idx [(19, Timestamp('2017-04-27 09:35:00'))]
start_ema 2017-04-27 08:00:00 start_vwap 2017-04-27 09:35:00 last_bar 2017-04-27 13:50:00 Writing to ./data/RAD_livesignals_20170427_09_40_45.csv ./data/RAD_last.csv
ET:  0.07  minutes
now 2017-04-27 13:55:01.138000 return data: last bar 2017-04-27 13:55:00 last processed bar 2017-04-27 13:50:00
RAD: Warning! 596 bars requested 72 bars returned.
start_idx [(19, Timestamp('2017-04-27 09:35:00'))]
start_ema 2017-04-27 08:00:00 start_vwap 2017-04-27 09:35:00 last_bar 2017-04-27 13:55:00 Writing to ./data/RAD_livesignals_20170427_09_40_45.csv ./data/RAD_last.csv
ET:  0.05  minutes
now 2017-04-27 14:00:00.330000 return None: last bar 2017-04-27 13:55:00 last processed bar 2017-04-27 13:55:00
RAD getFeed did not return any data! last bar: 2017-04-27 13:55:00 now: 14:00:00.535000
now 2017-04-27 14:05:00.038000 return data: last bar 2017-04-27 14:00:00 last processed bar 2017-04-27 13:55:00
RAD: Warning! 596 bars requested 73 bars returned.
start_idx [(19, Timestamp('2017-04-27 09:35:00'))]
start_ema 2017-04-27 08:00:00 start_vwap 2017-04-27 09:35:00 last_bar 2017-04-27 14:00:00 Writing to ./data/RAD_livesignals_20170427_09_40_45.csv ./data/RAD_last.csv
ET:  0.09  minutes
now 2017-04-27 14:10:00.548000 return data: last bar 2017-04-27 14:10:00 last processed bar 2017-04-27 14:00:00
RAD: Warning! 596 bars requested 75 bars returned.
start_idx [(19, Timestamp('2017-04-27 09:35:00'))]
start_ema 2017-04-27 08:00:00 start_vwap 2017-04-27 09:35:00 last_bar 2017-04-27 14:10:00 Writing to ./data/RAD_livesignals_20170427_09_40_45.csv ./data/RAD_last.csv
ET:  0.07  minutes
now 2017-04-27 14:15:01.166000 return data: last bar 2017-04-27 14:15:00 last processed bar 2017-04-27 14:10:00
RAD: Warning! 596 bars requested 76 bars returned.
start_idx [(19, Timestamp('2017-04-27 09:35:00'))]
start_ema 2017-04-27 08:00:00 start_vwap 2017-04-27 09:35:00 last_bar 2017-04-27 14:15:00 Writing to ./data/RAD_livesignals_20170427_09_40_45.csv ./data/RAD_last.csv
ET:  0.06  minutes
now 2017-04-27 14:20:01.474000 return None: last bar 2017-04-27 14:15:00 last processed bar 2017-04-27 14:15:00
RAD getFeed did not return any data! last bar: 2017-04-27 14:15:00 now: 14:20:01.679000
now 2017-04-27 14:25:00.755000 return data: last bar 2017-04-27 14:25:00 last processed bar 2017-04-27 14:15:00
RAD: Warning! 596 bars requested 78 bars returned.
start_idx [(19, Timestamp('2017-04-27 09:35:00'))]
start_ema 2017-04-27 08:00:00 start_vwap 2017-04-27 09:35:00 last_bar 2017-04-27 14:25:00 Writing to ./data/RAD_livesignals_20170427_09_40_45.csv ./data/RAD_last.csv
ET:  0.02  minutes
now 2017-04-27 14:30:00.277000 return data: last bar 2017-04-27 14:30:00 last processed bar 2017-04-27 14:25:00
RAD: Warning! 596 bars requested 79 bars returned.
start_idx [(19, Timestamp('2017-04-27 09:35:00'))]
start_ema 2017-04-27 08:00:00 start_vwap 2017-04-27 09:35:00 last_bar 2017-04-27 14:30:00 Writing to ./data/RAD_livesignals_20170427_09_40_45.csv ./data/RAD_last.csv
ET:  0.07  minutes
now 2017-04-27 14:35:01.118000 return None: last bar 2017-04-27 14:30:00 last processed bar 2017-04-27 14:30:00
RAD getFeed did not return any data! last bar: 2017-04-27 14:30:00 now: 14:35:01.460000
now 2017-04-27 14:40:01.237000 return data: last bar 2017-04-27 14:35:00 last processed bar 2017-04-27 14:30:00
RAD: Warning! 596 bars requested 80 bars returned.
start_idx [(19, Timestamp('2017-04-27 09:35:00'))]
start_ema 2017-04-27 08:00:00 start_vwap 2017-04-27 09:35:00 last_bar 2017-04-27 14:35:00 Writing to ./data/RAD_livesignals_20170427_09_40_45.csv ./data/RAD_last.csv
ET:  0.05  minutes
now 2017-04-27 14:45:00.560000 return data: last bar 2017-04-27 14:45:00 last processed bar 2017-04-27 14:35:00
RAD: Warning! 596 bars requested 82 bars returned.
start_idx [(19, Timestamp('2017-04-27 09:35:00'))]
start_ema 2017-04-27 08:00:00 start_vwap 2017-04-27 09:35:00 last_bar 2017-04-27 14:45:00 Writing to ./data/RAD_livesignals_20170427_09_40_45.csv ./data/RAD_last.csv
ET:  0.08  minutes
now 2017-04-27 14:50:00.703000 return None: last bar 2017-04-27 14:45:00 last processed bar 2017-04-27 14:45:00
RAD getFeed did not return any data! last bar: 2017-04-27 14:45:00 now: 14:50:01.151000
now 2017-04-27 14:55:03.348000 return data: last bar 2017-04-27 14:55:00 last processed bar 2017-04-27 14:45:00
RAD: Warning! 596 bars requested 84 bars returned.
start_idx [(19, Timestamp('2017-04-27 09:35:00'))]
start_ema 2017-04-27 08:00:00 start_vwap 2017-04-27 09:35:00 last_bar 2017-04-27 14:55:00 Writing to ./data/RAD_livesignals_20170427_09_40_45.csv ./data/RAD_last.csv
ET:  0.06  minutes
now 2017-04-27 15:00:01.486000 return None: last bar 2017-04-27 14:55:00 last processed bar 2017-04-27 14:55:00
RAD getFeed did not return any data! last bar: 2017-04-27 14:55:00 now: 15:00:04.068000
now 2017-04-27 15:05:01.428000 return data: last bar 2017-04-27 15:05:00 last processed bar 2017-04-27 14:55:00
RAD: Warning! 596 bars requested 86 bars returned.
start_idx [(19, Timestamp('2017-04-27 09:35:00'))]
start_ema 2017-04-27 08:00:00 start_vwap 2017-04-27 09:35:00 last_bar 2017-04-27 15:05:00 Writing to ./data/RAD_livesignals_20170427_09_40_45.csv ./data/RAD_last.csv
ET:  0.07  minutes
now 2017-04-27 15:10:00.606000 return data: last bar 2017-04-27 15:10:00 last processed bar 2017-04-27 15:05:00
RAD: Warning! 596 bars requested 87 bars returned.
start_idx [(19, Timestamp('2017-04-27 09:35:00'))]
start_ema 2017-04-27 08:00:00 start_vwap 2017-04-27 09:35:00 last_bar 2017-04-27 15:10:00 Writing to ./data/RAD_livesignals_20170427_09_40_45.csv ./data/RAD_last.csv
ET:  0.08  minutes
now 2017-04-27 15:15:01.145000 return None: last bar 2017-04-27 15:10:00 last processed bar 2017-04-27 15:10:00
RAD getFeed did not return any data! last bar: 2017-04-27 15:10:00 now: 15:15:01.993000
now 2017-04-27 15:20:00.796000 return data: last bar 2017-04-27 15:20:00 last processed bar 2017-04-27 15:10:00
RAD: Warning! 596 bars requested 89 bars returned.
start_idx [(19, Timestamp('2017-04-27 09:35:00'))]
start_ema 2017-04-27 08:00:00 start_vwap 2017-04-27 09:35:00 last_bar 2017-04-27 15:20:00 Writing to ./data/RAD_livesignals_20170427_09_40_45.csv ./data/RAD_last.csv
ET:  0.05  minutes
now 2017-04-27 15:25:00.054000 return None: last bar 2017-04-27 15:20:00 last processed bar 2017-04-27 15:20:00
RAD getFeed did not return any data! last bar: 2017-04-27 15:20:00 now: 15:25:00.289000
now 2017-04-27 15:30:00.110000 return data: last bar 2017-04-27 15:25:00 last processed bar 2017-04-27 15:20:00
RAD: Warning! 596 bars requested 90 bars returned.
start_idx [(19, Timestamp('2017-04-27 09:35:00'))]
start_ema 2017-04-27 08:00:00 start_vwap 2017-04-27 09:35:00 last_bar 2017-04-27 15:25:00 Writing to ./data/RAD_livesignals_20170427_09_40_45.csv ./data/RAD_last.csv
ET:  0.07  minutes
now 2017-04-27 15:35:00.861000 return data: last bar 2017-04-27 15:30:00 last processed bar 2017-04-27 15:25:00
RAD: Warning! 596 bars requested 91 bars returned.
start_idx [(19, Timestamp('2017-04-27 09:35:00'))]
start_ema 2017-04-27 08:00:00 start_vwap 2017-04-27 09:35:00 last_bar 2017-04-27 15:30:00 Writing to ./data/RAD_livesignals_20170427_09_40_45.csv ./data/RAD_last.csv
ET:  0.06  minutes
now 2017-04-27 15:40:00.208000 return data: last bar 2017-04-27 15:35:00 last processed bar 2017-04-27 15:30:00
RAD: Warning! 596 bars requested 92 bars returned.
start_idx [(19, Timestamp('2017-04-27 09:35:00'))]
start_ema 2017-04-27 08:00:00 start_vwap 2017-04-27 09:35:00 last_bar 2017-04-27 15:35:00 Writing to ./data/RAD_livesignals_20170427_09_40_45.csv ./data/RAD_last.csv
ET:  0.05  minutes
now 2017-04-27 15:45:00.466000 return data: last bar 2017-04-27 15:40:00 last processed bar 2017-04-27 15:35:00
RAD: Warning! 596 bars requested 93 bars returned.
start_idx [(19, Timestamp('2017-04-27 09:35:00'))]
start_ema 2017-04-27 08:00:00 start_vwap 2017-04-27 09:35:00 last_bar 2017-04-27 15:40:00 Writing to ./data/RAD_livesignals_20170427_09_40_45.csv ./data/RAD_last.csv
ET:  0.08  minutes
now 2017-04-27 15:50:00.705000 return data: last bar 2017-04-27 15:50:00 last processed bar 2017-04-27 15:40:00
RAD: Warning! 596 bars requested 95 bars returned.
start_idx [(19, Timestamp('2017-04-27 09:35:00'))]
start_ema 2017-04-27 08:00:00 start_vwap 2017-04-27 09:35:00 last_bar 2017-04-27 15:50:00 Writing to ./data/RAD_livesignals_20170427_09_40_45.csv ./data/RAD_last.csv
ET:  0.04  minutes
now 2017-04-27 15:55:00.037000
