Traceback (most recent call last):
  File "./frankenstein.py", line 3, in <module>
    import requests
  File "e:\anaconda2\lib\site-packages\requests\__init__.py", line 52, in <module>
    from .packages.urllib3.contrib import pyopenssl
  File "e:\anaconda2\lib\site-packages\requests\packages\__init__.py", line 27, in <module>
    from . import urllib3
  File "e:\anaconda2\lib\site-packages\requests\packages\urllib3\__init__.py", line 8, in <module>
    from .connectionpool import (
  File "e:\anaconda2\lib\site-packages\requests\packages\urllib3\connectionpool.py", line 29, in <module>
    from .connection import (
  File "e:\anaconda2\lib\site-packages\requests\packages\urllib3\connection.py", line 39, in <module>
    from .util.ssl_ import (
  File "e:\anaconda2\lib\site-packages\requests\packages\urllib3\util\__init__.py", line 3, in <module>
    from .connection import is_connection_dropped
  File "e:\anaconda2\lib\site-packages\requests\packages\urllib3\util\connection.py", line 145, in <module>
    HAS_IPV6 = _has_ipv6('::1')
  File "e:\anaconda2\lib\site-packages\requests\packages\urllib3\util\connection.py", line 134, in _has_ipv6
    sock = socket.socket(socket.AF_INET6)
  File "e:\anaconda2\lib\socket.py", line 191, in __init__
    _sock = _realsocket(family, type, proto)
KeyboardInterrupt
