return data: last bar 2017-04-27 09:35:00 last processed bar 1000-01-01 00:00:00
RF: Warning! 596 bars requested 20 bars returned.
start_idx [(19, Timestamp('2017-04-27 09:35:00'))]
start_ema 2017-04-27 08:00:00 start_vwap 2017-04-27 09:35:00 last_bar 2017-04-27 09:35:00 ET:  0.05  minutes
now 2017-04-27 09:45:03.639000 return None: last bar 2017-04-27 09:35:00 last processed bar 2017-04-27 09:35:00
RF getFeed did not return any data! last bar: 2017-04-27 09:35:00 now: 09:45:03.678000
now 2017-04-27 09:50:02.010000 return data: last bar 2017-04-27 09:40:00 last processed bar 2017-04-27 09:35:00
RF: Warning! 596 bars requested 21 bars returned.
start_idx [(19, Timestamp('2017-04-27 09:35:00'))]
start_ema 2017-04-27 08:00:00 start_vwap 2017-04-27 09:35:00 last_bar 2017-04-27 09:40:00 Writing to ./data/RF_livesignals_20170427_09_40_30.csv ./data/RF_last.csv
ET:  0.09  minutes
now 2017-04-27 09:55:00.480000 return data: last bar 2017-04-27 09:45:00 last processed bar 2017-04-27 09:40:00
RF: Warning! 596 bars requested 22 bars returned.
start_idx [(19, Timestamp('2017-04-27 09:35:00'))]
start_ema 2017-04-27 08:00:00 start_vwap 2017-04-27 09:35:00 last_bar 2017-04-27 09:45:00 Writing to ./data/RF_livesignals_20170427_09_40_30.csv ./data/RF_last.csv
ET:  0.06  minutes
now 2017-04-27 10:00:00.007000 return data: last bar 2017-04-27 09:50:00 last processed bar 2017-04-27 09:45:00
RF: Warning! 596 bars requested 23 bars returned.
start_idx [(19, Timestamp('2017-04-27 09:35:00'))]
start_ema 2017-04-27 08:00:00 start_vwap 2017-04-27 09:35:00 last_bar 2017-04-27 09:50:00 Writing to ./data/RF_livesignals_20170427_09_40_30.csv ./data/RF_last.csv
ET:  0.06  minutes
now 2017-04-27 10:05:00.539000 return data: last bar 2017-04-27 09:55:00 last processed bar 2017-04-27 09:50:00
RF: Warning! 596 bars requested 24 bars returned.
start_idx [(19, Timestamp('2017-04-27 09:35:00'))]
start_ema 2017-04-27 08:00:00 start_vwap 2017-04-27 09:35:00 last_bar 2017-04-27 09:55:00 Writing to ./data/RF_livesignals_20170427_09_40_30.csv ./data/RF_last.csv
ET:  0.07  minutes
now 2017-04-27 10:10:01.287000 return data: last bar 2017-04-27 10:00:00 last processed bar 2017-04-27 09:55:00
RF: Warning! 596 bars requested 25 bars returned.
start_idx [(19, Timestamp('2017-04-27 09:35:00'))]
start_ema 2017-04-27 08:00:00 start_vwap 2017-04-27 09:35:00 last_bar 2017-04-27 10:00:00 Writing to ./data/RF_livesignals_20170427_09_40_30.csv ./data/RF_last.csv
ET:  0.06  minutes
now 2017-04-27 10:15:01.861000 return data: last bar 2017-04-27 10:10:00 last processed bar 2017-04-27 10:00:00
RF: Warning! 596 bars requested 27 bars returned.
start_idx [(19, Timestamp('2017-04-27 09:35:00'))]
start_ema 2017-04-27 08:00:00 start_vwap 2017-04-27 09:35:00 last_bar 2017-04-27 10:10:00 Writing to ./data/RF_livesignals_20170427_09_40_30.csv ./data/RF_last.csv
ET:  0.09  minutes
now 2017-04-27 10:20:00.206000 return data: last bar 2017-04-27 10:15:00 last processed bar 2017-04-27 10:10:00
RF: Warning! 596 bars requested 28 bars returned.
start_idx [(19, Timestamp('2017-04-27 09:35:00'))]
start_ema 2017-04-27 08:00:00 start_vwap 2017-04-27 09:35:00 last_bar 2017-04-27 10:15:00 Writing to ./data/RF_livesignals_20170427_09_40_30.csv ./data/RF_last.csv
ET:  0.07  minutes
now 2017-04-27 10:25:00.302000 return data: last bar 2017-04-27 10:20:00 last processed bar 2017-04-27 10:15:00
RF: Warning! 596 bars requested 29 bars returned.
start_idx [(19, Timestamp('2017-04-27 09:35:00'))]
start_ema 2017-04-27 08:00:00 start_vwap 2017-04-27 09:35:00 last_bar 2017-04-27 10:20:00 Writing to ./data/RF_livesignals_20170427_09_40_30.csv ./data/RF_last.csv
ET:  0.06  minutes
now 2017-04-27 10:30:01.444000 return data: last bar 2017-04-27 10:25:00 last processed bar 2017-04-27 10:20:00
RF: Warning! 596 bars requested 30 bars returned.
start_idx [(19, Timestamp('2017-04-27 09:35:00'))]
start_ema 2017-04-27 08:00:00 start_vwap 2017-04-27 09:35:00 last_bar 2017-04-27 10:25:00 Writing to ./data/RF_livesignals_20170427_09_40_30.csv ./data/RF_last.csv
ET:  0.07  minutes
now 2017-04-27 10:35:01.090000 return data: last bar 2017-04-27 10:30:00 last processed bar 2017-04-27 10:25:00
RF: Warning! 596 bars requested 31 bars returned.
start_idx [(19, Timestamp('2017-04-27 09:35:00'))]
start_ema 2017-04-27 08:00:00 start_vwap 2017-04-27 09:35:00 last_bar 2017-04-27 10:30:00 Writing to ./data/RF_livesignals_20170427_09_40_30.csv ./data/RF_last.csv
ET:  0.07  minutes
now 2017-04-27 10:40:00.480000 return data: last bar 2017-04-27 10:35:00 last processed bar 2017-04-27 10:30:00
RF: Warning! 596 bars requested 32 bars returned.
start_idx [(19, Timestamp('2017-04-27 09:35:00'))]
start_ema 2017-04-27 08:00:00 start_vwap 2017-04-27 09:35:00 last_bar 2017-04-27 10:35:00 Writing to ./data/RF_livesignals_20170427_09_40_30.csv ./data/RF_last.csv
ET:  0.11  minutes
now 2017-04-27 10:45:03.525000 return data: last bar 2017-04-27 10:40:00 last processed bar 2017-04-27 10:35:00
RF: Warning! 596 bars requested 33 bars returned.
start_idx [(19, Timestamp('2017-04-27 09:35:00'))]
start_ema 2017-04-27 08:00:00 start_vwap 2017-04-27 09:35:00 last_bar 2017-04-27 10:40:00 Writing to ./data/RF_livesignals_20170427_09_40_30.csv ./data/RF_last.csv
ET:  0.06  minutes
now 2017-04-27 10:50:00.096000 return data: last bar 2017-04-27 10:45:00 last processed bar 2017-04-27 10:40:00
RF: Warning! 596 bars requested 34 bars returned.
start_idx [(19, Timestamp('2017-04-27 09:35:00'))]
start_ema 2017-04-27 08:00:00 start_vwap 2017-04-27 09:35:00 last_bar 2017-04-27 10:45:00 Writing to ./data/RF_livesignals_20170427_09_40_30.csv ./data/RF_last.csv
ET:  0.05  minutes
now 2017-04-27 10:55:01.279000 return data: last bar 2017-04-27 10:50:00 last processed bar 2017-04-27 10:45:00
RF: Warning! 596 bars requested 35 bars returned.
start_idx [(19, Timestamp('2017-04-27 09:35:00'))]
start_ema 2017-04-27 08:00:00 start_vwap 2017-04-27 09:35:00 last_bar 2017-04-27 10:50:00 Writing to ./data/RF_livesignals_20170427_09_40_30.csv ./data/RF_last.csv
ET:  0.06  minutes
now 2017-04-27 11:00:02.298000 return data: last bar 2017-04-27 10:55:00 last processed bar 2017-04-27 10:50:00
RF: Warning! 596 bars requested 36 bars returned.
start_idx [(19, Timestamp('2017-04-27 09:35:00'))]
start_ema 2017-04-27 08:00:00 start_vwap 2017-04-27 09:35:00 last_bar 2017-04-27 10:55:00 Writing to ./data/RF_livesignals_20170427_09_40_30.csv ./data/RF_last.csv
ET:  0.05  minutes
now 2017-04-27 11:05:00.110000 return data: last bar 2017-04-27 11:00:00 last processed bar 2017-04-27 10:55:00
RF: Warning! 596 bars requested 37 bars returned.
start_idx [(19, Timestamp('2017-04-27 09:35:00'))]
start_ema 2017-04-27 08:00:00 start_vwap 2017-04-27 09:35:00 last_bar 2017-04-27 11:00:00 Writing to ./data/RF_livesignals_20170427_09_40_30.csv ./data/RF_last.csv
ET:  0.09  minutes
now 2017-04-27 11:10:00.401000 return data: last bar 2017-04-27 11:05:00 last processed bar 2017-04-27 11:00:00
RF: Warning! 596 bars requested 38 bars returned.
start_idx [(19, Timestamp('2017-04-27 09:35:00'))]
start_ema 2017-04-27 08:00:00 start_vwap 2017-04-27 09:35:00 last_bar 2017-04-27 11:05:00 Writing to ./data/RF_livesignals_20170427_09_40_30.csv ./data/RF_last.csv
ET:  0.06  minutes
now 2017-04-27 11:15:00.709000 return data: last bar 2017-04-27 11:10:00 last processed bar 2017-04-27 11:05:00
RF: Warning! 596 bars requested 39 bars returned.
start_idx [(19, Timestamp('2017-04-27 09:35:00'))]
start_ema 2017-04-27 08:00:00 start_vwap 2017-04-27 09:35:00 last_bar 2017-04-27 11:10:00 Writing to ./data/RF_livesignals_20170427_09_40_30.csv ./data/RF_last.csv
ET:  0.08  minutes
now 2017-04-27 11:20:01.457000 return data: last bar 2017-04-27 11:20:00 last processed bar 2017-04-27 11:10:00
RF: Warning! 596 bars requested 41 bars returned.
start_idx [(19, Timestamp('2017-04-27 09:35:00'))]
start_ema 2017-04-27 08:00:00 start_vwap 2017-04-27 09:35:00 last_bar 2017-04-27 11:20:00 Writing to ./data/RF_livesignals_20170427_09_40_30.csv ./data/RF_last.csv
ET:  0.1  minutes
now 2017-04-27 11:25:01.344000 return None: last bar 2017-04-27 11:20:00 last processed bar 2017-04-27 11:20:00
RF getFeed did not return any data! last bar: 2017-04-27 11:20:00 now: 11:25:03.241000
now 2017-04-27 11:30:01.008000 return data: last bar 2017-04-27 11:25:00 last processed bar 2017-04-27 11:20:00
RF: Warning! 596 bars requested 42 bars returned.
start_idx [(19, Timestamp('2017-04-27 09:35:00'))]
start_ema 2017-04-27 08:00:00 start_vwap 2017-04-27 09:35:00 last_bar 2017-04-27 11:25:00 Writing to ./data/RF_livesignals_20170427_09_40_30.csv ./data/RF_last.csv
ET:  0.05  minutes
now 2017-04-27 11:35:00.174000 return data: last bar 2017-04-27 11:30:00 last processed bar 2017-04-27 11:25:00
RF: Warning! 596 bars requested 43 bars returned.
start_idx [(19, Timestamp('2017-04-27 09:35:00'))]
start_ema 2017-04-27 08:00:00 start_vwap 2017-04-27 09:35:00 last_bar 2017-04-27 11:30:00 Writing to ./data/RF_livesignals_20170427_09_40_30.csv ./data/RF_last.csv
ET:  0.07  minutes
now 2017-04-27 11:40:00.437000 return data: last bar 2017-04-27 11:35:00 last processed bar 2017-04-27 11:30:00
RF: Warning! 596 bars requested 44 bars returned.
start_idx [(19, Timestamp('2017-04-27 09:35:00'))]
start_ema 2017-04-27 08:00:00 start_vwap 2017-04-27 09:35:00 last_bar 2017-04-27 11:35:00 Writing to ./data/RF_livesignals_20170427_09_40_30.csv ./data/RF_last.csv
ET:  0.07  minutes
now 2017-04-27 11:45:01.415000 return data: last bar 2017-04-27 11:40:00 last processed bar 2017-04-27 11:35:00
RF: Warning! 596 bars requested 45 bars returned.
start_idx [(19, Timestamp('2017-04-27 09:35:00'))]
start_ema 2017-04-27 08:00:00 start_vwap 2017-04-27 09:35:00 last_bar 2017-04-27 11:40:00 Writing to ./data/RF_livesignals_20170427_09_40_30.csv ./data/RF_last.csv
ET:  0.08  minutes
now 2017-04-27 11:50:00.273000 return data: last bar 2017-04-27 11:45:00 last processed bar 2017-04-27 11:40:00
RF: Warning! 596 bars requested 46 bars returned.
start_idx [(19, Timestamp('2017-04-27 09:35:00'))]
start_ema 2017-04-27 08:00:00 start_vwap 2017-04-27 09:35:00 last_bar 2017-04-27 11:45:00 Writing to ./data/RF_livesignals_20170427_09_40_30.csv ./data/RF_last.csv
ET:  0.07  minutes
now 2017-04-27 11:55:00.196000 return data: last bar 2017-04-27 11:50:00 last processed bar 2017-04-27 11:45:00
RF: Warning! 596 bars requested 47 bars returned.
start_idx [(19, Timestamp('2017-04-27 09:35:00'))]
start_ema 2017-04-27 08:00:00 start_vwap 2017-04-27 09:35:00 last_bar 2017-04-27 11:50:00 Writing to ./data/RF_livesignals_20170427_09_40_30.csv ./data/RF_last.csv
ET:  0.09  minutes
now 2017-04-27 12:00:00.690000 return data: last bar 2017-04-27 11:55:00 last processed bar 2017-04-27 11:50:00
RF: Warning! 596 bars requested 48 bars returned.
start_idx [(19, Timestamp('2017-04-27 09:35:00'))]
start_ema 2017-04-27 08:00:00 start_vwap 2017-04-27 09:35:00 last_bar 2017-04-27 11:55:00 Writing to ./data/RF_livesignals_20170427_09_40_30.csv ./data/RF_last.csv
ET:  0.09  minutes
now 2017-04-27 12:05:00.427000 return data: last bar 2017-04-27 12:00:00 last processed bar 2017-04-27 11:55:00
RF: Warning! 596 bars requested 49 bars returned.
start_idx [(19, Timestamp('2017-04-27 09:35:00'))]
start_ema 2017-04-27 08:00:00 start_vwap 2017-04-27 09:35:00 last_bar 2017-04-27 12:00:00 Writing to ./data/RF_livesignals_20170427_09_40_30.csv ./data/RF_last.csv
ET:  0.06  minutes
now 2017-04-27 12:10:01.161000 return data: last bar 2017-04-27 12:10:00 last processed bar 2017-04-27 12:00:00
RF: Warning! 596 bars requested 51 bars returned.
start_idx [(19, Timestamp('2017-04-27 09:35:00'))]
start_ema 2017-04-27 08:00:00 start_vwap 2017-04-27 09:35:00 last_bar 2017-04-27 12:10:00 Writing to ./data/RF_livesignals_20170427_09_40_30.csv ./data/RF_last.csv
ET:  0.08  minutes
now 2017-04-27 12:15:00.298000 return None: last bar 2017-04-27 12:10:00 last processed bar 2017-04-27 12:10:00
RF getFeed did not return any data! last bar: 2017-04-27 12:10:00 now: 12:15:00.553000
now 2017-04-27 12:20:01.399000 return data: last bar 2017-04-27 12:15:00 last processed bar 2017-04-27 12:10:00
RF: Warning! 596 bars requested 52 bars returned.
start_idx [(19, Timestamp('2017-04-27 09:35:00'))]
start_ema 2017-04-27 08:00:00 start_vwap 2017-04-27 09:35:00 last_bar 2017-04-27 12:15:00 Writing to ./data/RF_livesignals_20170427_09_40_30.csv ./data/RF_last.csv
ET:  0.07  minutes
now 2017-04-27 12:25:01.319000 return data: last bar 2017-04-27 12:20:00 last processed bar 2017-04-27 12:15:00
RF: Warning! 596 bars requested 53 bars returned.
start_idx [(19, Timestamp('2017-04-27 09:35:00'))]
start_ema 2017-04-27 08:00:00 start_vwap 2017-04-27 09:35:00 last_bar 2017-04-27 12:20:00 Writing to ./data/RF_livesignals_20170427_09_40_30.csv ./data/RF_last.csv
ET:  0.06  minutes
now 2017-04-27 12:30:00.961000 return data: last bar 2017-04-27 12:25:00 last processed bar 2017-04-27 12:20:00
RF: Warning! 596 bars requested 54 bars returned.
start_idx [(19, Timestamp('2017-04-27 09:35:00'))]
start_ema 2017-04-27 08:00:00 start_vwap 2017-04-27 09:35:00 last_bar 2017-04-27 12:25:00 Writing to ./data/RF_livesignals_20170427_09_40_30.csv ./data/RF_last.csv
ET:  0.08  minutes
now 2017-04-27 12:35:01.552000 return data: last bar 2017-04-27 12:30:00 last processed bar 2017-04-27 12:25:00
RF: Warning! 596 bars requested 55 bars returned.
start_idx [(19, Timestamp('2017-04-27 09:35:00'))]
start_ema 2017-04-27 08:00:00 start_vwap 2017-04-27 09:35:00 last_bar 2017-04-27 12:30:00 Writing to ./data/RF_livesignals_20170427_09_40_30.csv ./data/RF_last.csv
ET:  0.07  minutes
now 2017-04-27 12:40:00.586000 return data: last bar 2017-04-27 12:35:00 last processed bar 2017-04-27 12:30:00
RF: Warning! 596 bars requested 56 bars returned.
start_idx [(19, Timestamp('2017-04-27 09:35:00'))]
start_ema 2017-04-27 08:00:00 start_vwap 2017-04-27 09:35:00 last_bar 2017-04-27 12:35:00 Writing to ./data/RF_livesignals_20170427_09_40_30.csv ./data/RF_last.csv
ET:  0.08  minutes
now 2017-04-27 12:45:00.294000 return data: last bar 2017-04-27 12:40:00 last processed bar 2017-04-27 12:35:00
RF: Warning! 596 bars requested 57 bars returned.
start_idx [(19, Timestamp('2017-04-27 09:35:00'))]
start_ema 2017-04-27 08:00:00 start_vwap 2017-04-27 09:35:00 last_bar 2017-04-27 12:40:00 Writing to ./data/RF_livesignals_20170427_09_40_30.csv ./data/RF_last.csv
ET:  0.1  minutes
now 2017-04-27 12:50:00.161000 return data: last bar 2017-04-27 12:45:00 last processed bar 2017-04-27 12:40:00
RF: Warning! 596 bars requested 58 bars returned.
start_idx [(19, Timestamp('2017-04-27 09:35:00'))]
start_ema 2017-04-27 08:00:00 start_vwap 2017-04-27 09:35:00 last_bar 2017-04-27 12:45:00 Writing to ./data/RF_livesignals_20170427_09_40_30.csv ./data/RF_last.csv
ET:  0.06  minutes
now 2017-04-27 12:55:00.104000 return data: last bar 2017-04-27 12:50:00 last processed bar 2017-04-27 12:45:00
RF: Warning! 596 bars requested 59 bars returned.
start_idx [(19, Timestamp('2017-04-27 09:35:00'))]
start_ema 2017-04-27 08:00:00 start_vwap 2017-04-27 09:35:00 last_bar 2017-04-27 12:50:00 Writing to ./data/RF_livesignals_20170427_09_40_30.csv ./data/RF_last.csv
ET:  0.05  minutes
now 2017-04-27 13:00:00.043000 return data: last bar 2017-04-27 12:55:00 last processed bar 2017-04-27 12:50:00
RF: Warning! 596 bars requested 60 bars returned.
start_idx [(19, Timestamp('2017-04-27 09:35:00'))]
start_ema 2017-04-27 08:00:00 start_vwap 2017-04-27 09:35:00 last_bar 2017-04-27 12:55:00 Writing to ./data/RF_livesignals_20170427_09_40_30.csv ./data/RF_last.csv
ET:  0.11  minutes
now 2017-04-27 13:05:01.136000 return data: last bar 2017-04-27 13:05:00 last processed bar 2017-04-27 12:55:00
RF: Warning! 596 bars requested 62 bars returned.
start_idx [(19, Timestamp('2017-04-27 09:35:00'))]
start_ema 2017-04-27 08:00:00 start_vwap 2017-04-27 09:35:00 last_bar 2017-04-27 13:05:00 Writing to ./data/RF_livesignals_20170427_09_40_30.csv ./data/RF_last.csv
ET:  0.06  minutes
now 2017-04-27 13:10:01.231000 return data: last bar 2017-04-27 13:10:00 last processed bar 2017-04-27 13:05:00
RF: Warning! 596 bars requested 63 bars returned.
start_idx [(19, Timestamp('2017-04-27 09:35:00'))]
start_ema 2017-04-27 08:00:00 start_vwap 2017-04-27 09:35:00 last_bar 2017-04-27 13:10:00 Writing to ./data/RF_livesignals_20170427_09_40_30.csv ./data/RF_last.csv
ET:  0.06  minutes
now 2017-04-27 13:15:01.330000 return data: last bar 2017-04-27 13:15:00 last processed bar 2017-04-27 13:10:00
RF: Warning! 596 bars requested 64 bars returned.
start_idx [(19, Timestamp('2017-04-27 09:35:00'))]
start_ema 2017-04-27 08:00:00 start_vwap 2017-04-27 09:35:00 last_bar 2017-04-27 13:15:00 Writing to ./data/RF_livesignals_20170427_09_40_30.csv ./data/RF_last.csv
ET:  0.06  minutes
now 2017-04-27 13:20:00 return None: last bar 2017-04-27 13:15:00 last processed bar 2017-04-27 13:15:00
RF getFeed did not return any data! last bar: 2017-04-27 13:15:00 now: 13:20:00.114000
now 2017-04-27 13:25:00.969000 return data: last bar 2017-04-27 13:25:00 last processed bar 2017-04-27 13:15:00
RF: Warning! 596 bars requested 66 bars returned.
start_idx [(19, Timestamp('2017-04-27 09:35:00'))]
start_ema 2017-04-27 08:00:00 start_vwap 2017-04-27 09:35:00 last_bar 2017-04-27 13:25:00 Writing to ./data/RF_livesignals_20170427_09_40_30.csv ./data/RF_last.csv
ET:  0.09  minutes
now 2017-04-27 13:30:00.696000 return data: last bar 2017-04-27 13:30:00 last processed bar 2017-04-27 13:25:00
RF: Warning! 596 bars requested 67 bars returned.
start_idx [(19, Timestamp('2017-04-27 09:35:00'))]
start_ema 2017-04-27 08:00:00 start_vwap 2017-04-27 09:35:00 last_bar 2017-04-27 13:30:00 Writing to ./data/RF_livesignals_20170427_09_40_30.csv ./data/RF_last.csv
ET:  0.08  minutes
now 2017-04-27 13:35:00.522000 return None: last bar 2017-04-27 13:30:00 last processed bar 2017-04-27 13:30:00
RF getFeed did not return any data! last bar: 2017-04-27 13:30:00 now: 13:35:01.187000
now 2017-04-27 13:40:01.402000 return data: last bar 2017-04-27 13:35:00 last processed bar 2017-04-27 13:30:00
RF: Warning! 596 bars requested 68 bars returned.
start_idx [(19, Timestamp('2017-04-27 09:35:00'))]
start_ema 2017-04-27 08:00:00 start_vwap 2017-04-27 09:35:00 last_bar 2017-04-27 13:35:00 Writing to ./data/RF_livesignals_20170427_09_40_30.csv ./data/RF_last.csv
ET:  0.09  minutes
now 2017-04-27 13:45:01.216000 return data: last bar 2017-04-27 13:40:00 last processed bar 2017-04-27 13:35:00
RF: Warning! 596 bars requested 69 bars returned.
start_idx [(19, Timestamp('2017-04-27 09:35:00'))]
start_ema 2017-04-27 08:00:00 start_vwap 2017-04-27 09:35:00 last_bar 2017-04-27 13:40:00 Writing to ./data/RF_livesignals_20170427_09_40_30.csv ./data/RF_last.csv
ET:  0.09  minutes
now 2017-04-27 13:50:00.920000 return data: last bar 2017-04-27 13:45:00 last processed bar 2017-04-27 13:40:00
RF: Warning! 596 bars requested 70 bars returned.
start_idx [(19, Timestamp('2017-04-27 09:35:00'))]
start_ema 2017-04-27 08:00:00 start_vwap 2017-04-27 09:35:00 last_bar 2017-04-27 13:45:00 Writing to ./data/RF_livesignals_20170427_09_40_30.csv ./data/RF_last.csv
ET:  0.06  minutes
now 2017-04-27 13:55:00.447000 return data: last bar 2017-04-27 13:50:00 last processed bar 2017-04-27 13:45:00
RF: Warning! 596 bars requested 71 bars returned.
start_idx [(19, Timestamp('2017-04-27 09:35:00'))]
start_ema 2017-04-27 08:00:00 start_vwap 2017-04-27 09:35:00 last_bar 2017-04-27 13:50:00 Writing to ./data/RF_livesignals_20170427_09_40_30.csv ./data/RF_last.csv
ET:  0.09  minutes
now 2017-04-27 14:00:01.239000 return data: last bar 2017-04-27 13:55:00 last processed bar 2017-04-27 13:50:00
RF: Warning! 596 bars requested 72 bars returned.
start_idx [(19, Timestamp('2017-04-27 09:35:00'))]
start_ema 2017-04-27 08:00:00 start_vwap 2017-04-27 09:35:00 last_bar 2017-04-27 13:55:00 Writing to ./data/RF_livesignals_20170427_09_40_30.csv ./data/RF_last.csv
ET:  0.05  minutes
now 2017-04-27 14:05:01.041000 return data: last bar 2017-04-27 14:00:00 last processed bar 2017-04-27 13:55:00
RF: Warning! 596 bars requested 73 bars returned.
start_idx [(19, Timestamp('2017-04-27 09:35:00'))]
start_ema 2017-04-27 08:00:00 start_vwap 2017-04-27 09:35:00 last_bar 2017-04-27 14:00:00 Writing to ./data/RF_livesignals_20170427_09_40_30.csv ./data/RF_last.csv
ET:  0.08  minutes
now 2017-04-27 14:10:01.146000 return data: last bar 2017-04-27 14:05:00 last processed bar 2017-04-27 14:00:00
RF: Warning! 596 bars requested 74 bars returned.
start_idx [(19, Timestamp('2017-04-27 09:35:00'))]
start_ema 2017-04-27 08:00:00 start_vwap 2017-04-27 09:35:00 last_bar 2017-04-27 14:05:00 Writing to ./data/RF_livesignals_20170427_09_40_30.csv ./data/RF_last.csv
ET:  0.09  minutes
now 2017-04-27 14:15:00.917000 return data: last bar 2017-04-27 14:15:00 last processed bar 2017-04-27 14:05:00
RF: Warning! 596 bars requested 76 bars returned.
start_idx [(19, Timestamp('2017-04-27 09:35:00'))]
start_ema 2017-04-27 08:00:00 start_vwap 2017-04-27 09:35:00 last_bar 2017-04-27 14:15:00 Writing to ./data/RF_livesignals_20170427_09_40_30.csv ./data/RF_last.csv
ET:  0.05  minutes
now 2017-04-27 14:20:00.889000 return None: last bar 2017-04-27 14:15:00 last processed bar 2017-04-27 14:15:00
RF getFeed did not return any data! last bar: 2017-04-27 14:15:00 now: 14:20:01.431000
now 2017-04-27 14:25:00.079000 return data: last bar 2017-04-27 14:20:00 last processed bar 2017-04-27 14:15:00
RF: Warning! 596 bars requested 77 bars returned.
start_idx [(19, Timestamp('2017-04-27 09:35:00'))]
start_ema 2017-04-27 08:00:00 start_vwap 2017-04-27 09:35:00 last_bar 2017-04-27 14:20:00 Writing to ./data/RF_livesignals_20170427_09_40_30.csv ./data/RF_last.csv
ET:  0.03  minutes
now 2017-04-27 14:30:00.132000 return data: last bar 2017-04-27 14:30:00 last processed bar 2017-04-27 14:20:00
RF: Warning! 596 bars requested 79 bars returned.
start_idx [(19, Timestamp('2017-04-27 09:35:00'))]
start_ema 2017-04-27 08:00:00 start_vwap 2017-04-27 09:35:00 last_bar 2017-04-27 14:30:00 Writing to ./data/RF_livesignals_20170427_09_40_30.csv ./data/RF_last.csv
ET:  0.07  minutes
now 2017-04-27 14:35:00.251000 return None: last bar 2017-04-27 14:30:00 last processed bar 2017-04-27 14:30:00
RF getFeed did not return any data! last bar: 2017-04-27 14:30:00 now: 14:35:00.430000
now 2017-04-27 14:40:03.394000 return data: last bar 2017-04-27 14:35:00 last processed bar 2017-04-27 14:30:00
RF: Warning! 596 bars requested 80 bars returned.
start_idx [(19, Timestamp('2017-04-27 09:35:00'))]
start_ema 2017-04-27 08:00:00 start_vwap 2017-04-27 09:35:00 last_bar 2017-04-27 14:35:00 Writing to ./data/RF_livesignals_20170427_09_40_30.csv ./data/RF_last.csv
ET:  0.02  minutes
now 2017-04-27 14:45:02.218000 return data: last bar 2017-04-27 14:45:00 last processed bar 2017-04-27 14:35:00
RF: Warning! 596 bars requested 82 bars returned.
start_idx [(19, Timestamp('2017-04-27 09:35:00'))]
start_ema 2017-04-27 08:00:00 start_vwap 2017-04-27 09:35:00 last_bar 2017-04-27 14:45:00 Writing to ./data/RF_livesignals_20170427_09_40_30.csv ./data/RF_last.csv
ET:  0.04  minutes
now 2017-04-27 14:50:01.026000 return None: last bar 2017-04-27 14:45:00 last processed bar 2017-04-27 14:45:00
RF getFeed did not return any data! last bar: 2017-04-27 14:45:00 now: 14:50:01.148000
now 2017-04-27 14:55:01.209000 return data: last bar 2017-04-27 14:55:00 last processed bar 2017-04-27 14:45:00
RF: Warning! 596 bars requested 84 bars returned.
start_idx [(19, Timestamp('2017-04-27 09:35:00'))]
start_ema 2017-04-27 08:00:00 start_vwap 2017-04-27 09:35:00 last_bar 2017-04-27 14:55:00 Writing to ./data/RF_livesignals_20170427_09_40_30.csv ./data/RF_last.csv
ET:  0.09  minutes
now 2017-04-27 15:00:02.069000 return None: last bar 2017-04-27 14:55:00 last processed bar 2017-04-27 14:55:00
RF getFeed did not return any data! last bar: 2017-04-27 14:55:00 now: 15:00:02.220000
now 2017-04-27 15:05:00.214000 return data: last bar 2017-04-27 15:00:00 last processed bar 2017-04-27 14:55:00
RF: Warning! 596 bars requested 85 bars returned.
start_idx [(19, Timestamp('2017-04-27 09:35:00'))]
start_ema 2017-04-27 08:00:00 start_vwap 2017-04-27 09:35:00 last_bar 2017-04-27 15:00:00 Writing to ./data/RF_livesignals_20170427_09_40_30.csv ./data/RF_last.csv
ET:  0.07  minutes
now 2017-04-27 15:10:00.119000 return data: last bar 2017-04-27 15:05:00 last processed bar 2017-04-27 15:00:00
RF: Warning! 596 bars requested 86 bars returned.
start_idx [(19, Timestamp('2017-04-27 09:35:00'))]
start_ema 2017-04-27 08:00:00 start_vwap 2017-04-27 09:35:00 last_bar 2017-04-27 15:05:00 Writing to ./data/RF_livesignals_20170427_09_40_30.csv ./data/RF_last.csv
ET:  0.05  minutes
now 2017-04-27 15:15:03.644000 return data: last bar 2017-04-27 15:15:00 last processed bar 2017-04-27 15:05:00
RF: Warning! 596 bars requested 88 bars returned.
start_idx [(19, Timestamp('2017-04-27 09:35:00'))]
start_ema 2017-04-27 08:00:00 start_vwap 2017-04-27 09:35:00 last_bar 2017-04-27 15:15:00 Writing to ./data/RF_livesignals_20170427_09_40_30.csv ./data/RF_last.csv
ET:  0.05  minutes
now 2017-04-27 15:20:01.412000 return data: last bar 2017-04-27 15:20:00 last processed bar 2017-04-27 15:15:00
RF: Warning! 596 bars requested 89 bars returned.
start_idx [(19, Timestamp('2017-04-27 09:35:00'))]
start_ema 2017-04-27 08:00:00 start_vwap 2017-04-27 09:35:00 last_bar 2017-04-27 15:20:00 Writing to ./data/RF_livesignals_20170427_09_40_30.csv ./data/RF_last.csv
ET:  0.08  minutes
now 2017-04-27 15:25:00.105000 return None: last bar 2017-04-27 15:20:00 last processed bar 2017-04-27 15:20:00
RF getFeed did not return any data! last bar: 2017-04-27 15:20:00 now: 15:25:00.217000
now 2017-04-27 15:25:03.197000 return None: last bar 2017-04-27 15:20:00 last processed bar 2017-04-27 15:20:00
RF getFeed did not return any data! last bar: 2017-04-27 15:20:00 now: 15:25:03.425000
now 2017-04-27 15:30:00.486000 return data: last bar 2017-04-27 15:25:00 last processed bar 2017-04-27 15:20:00
RF: Warning! 596 bars requested 90 bars returned.
start_idx [(19, Timestamp('2017-04-27 09:35:00'))]
start_ema 2017-04-27 08:00:00 start_vwap 2017-04-27 09:35:00 last_bar 2017-04-27 15:25:00 Writing to ./data/RF_livesignals_20170427_09_40_30.csv ./data/RF_last.csv
ET:  0.05  minutes
now 2017-04-27 15:35:01.830000 return data: last bar 2017-04-27 15:35:00 last processed bar 2017-04-27 15:25:00
RF: Warning! 596 bars requested 92 bars returned.
start_idx [(19, Timestamp('2017-04-27 09:35:00'))]
start_ema 2017-04-27 08:00:00 start_vwap 2017-04-27 09:35:00 last_bar 2017-04-27 15:35:00 Writing to ./data/RF_livesignals_20170427_09_40_30.csv ./data/RF_last.csv
ET:  0.07  minutes
now 2017-04-27 15:40:00.738000 return None: last bar 2017-04-27 15:35:00 last processed bar 2017-04-27 15:35:00
RF getFeed did not return any data! last bar: 2017-04-27 15:35:00 now: 15:40:03.912000
now 2017-04-27 15:45:00.405000 return data: last bar 2017-04-27 15:40:00 last processed bar 2017-04-27 15:35:00
RF: Warning! 596 bars requested 93 bars returned.
start_idx [(19, Timestamp('2017-04-27 09:35:00'))]
start_ema 2017-04-27 08:00:00 start_vwap 2017-04-27 09:35:00 last_bar 2017-04-27 15:40:00 Writing to ./data/RF_livesignals_20170427_09_40_30.csv ./data/RF_last.csv
ET:  0.02  minutes
now 2017-04-27 15:50:01.341000 return data: last bar 2017-04-27 15:45:00 last processed bar 2017-04-27 15:40:00
RF: Warning! 596 bars requested 94 bars returned.
start_idx [(19, Timestamp('2017-04-27 09:35:00'))]
start_ema 2017-04-27 08:00:00 start_vwap 2017-04-27 09:35:00 last_bar 2017-04-27 15:45:00 Writing to ./data/RF_livesignals_20170427_09_40_30.csv ./data/RF_last.csv
ET:  0.03  minutes
now 2017-04-27 15:55:00.647000
