return data: last bar 2017-04-24 10:30:00 last processed bar 1000-01-01 00:00:00
start_idx [(583, Timestamp('2017-04-24 09:35:00'))]
start_ema 2017-04-21 15:25:00 start_vwap 2017-04-24 09:35:00 last_bar 2017-04-24 10:30:00 ET:  0.03  minutes
now 2017-04-24 10:35:00.055000 return None: last bar 2017-04-24 10:30:00 last processed bar 2017-04-24 10:30:00
RLJ getFeed did not return any data! last bar: 2017-04-24 10:30:00 now: 10:35:01.290000
now 2017-04-24 10:40:04.210000 return data: last bar 2017-04-24 10:35:00 last processed bar 2017-04-24 10:30:00
start_idx [(582, Timestamp('2017-04-24 09:35:00'))]
start_ema 2017-04-21 15:25:00 start_vwap 2017-04-24 09:35:00 last_bar 2017-04-24 10:35:00 Writing to ./data/RLJ_livesignals_20170424_10_33_12.csv ./data/RLJ_last.csv
ET:  0.21  minutes
now 2017-04-24 10:45:01.637000 return data: last bar 2017-04-24 10:40:00 last processed bar 2017-04-24 10:35:00
start_idx [(581, Timestamp('2017-04-24 09:35:00'))]
start_ema 2017-04-21 15:25:00 start_vwap 2017-04-24 09:35:00 last_bar 2017-04-24 10:40:00 Writing to ./data/RLJ_livesignals_20170424_10_33_12.csv ./data/RLJ_last.csv
ET:  0.24  minutes
now 2017-04-24 10:50:02.108000 return data: last bar 2017-04-24 10:45:00 last processed bar 2017-04-24 10:40:00
start_idx [(580, Timestamp('2017-04-24 09:35:00'))]
start_ema 2017-04-21 15:25:00 start_vwap 2017-04-24 09:35:00 last_bar 2017-04-24 10:45:00 Writing to ./data/RLJ_livesignals_20170424_10_33_12.csv ./data/RLJ_last.csv
ET:  0.15  minutes
now 2017-04-24 10:55:00.252000 return data: last bar 2017-04-24 10:50:00 last processed bar 2017-04-24 10:45:00
start_idx [(579, Timestamp('2017-04-24 09:35:00'))]
start_ema 2017-04-21 15:25:00 start_vwap 2017-04-24 09:35:00 last_bar 2017-04-24 10:50:00 Writing to ./data/RLJ_livesignals_20170424_10_33_12.csv ./data/RLJ_last.csv
ET:  0.18  minutes
now 2017-04-24 11:00:00.809000 return data: last bar 2017-04-24 10:55:00 last processed bar 2017-04-24 10:50:00
start_idx [(578, Timestamp('2017-04-24 09:35:00'))]
start_ema 2017-04-21 15:25:00 start_vwap 2017-04-24 09:35:00 last_bar 2017-04-24 10:55:00 Writing to ./data/RLJ_livesignals_20170424_10_33_12.csv ./data/RLJ_last.csv
ET:  0.22  minutes
now 2017-04-24 11:05:00.020000 return data: last bar 2017-04-24 11:00:00 last processed bar 2017-04-24 10:55:00
start_idx [(577, Timestamp('2017-04-24 09:35:00'))]
start_ema 2017-04-21 15:25:00 start_vwap 2017-04-24 09:35:00 last_bar 2017-04-24 11:00:00 Writing to ./data/RLJ_livesignals_20170424_10_33_12.csv ./data/RLJ_last.csv
ET:  0.26  minutes
now 2017-04-24 11:10:00.968000 return data: last bar 2017-04-24 11:05:00 last processed bar 2017-04-24 11:00:00
start_idx [(576, Timestamp('2017-04-24 09:35:00'))]
start_ema 2017-04-21 15:25:00 start_vwap 2017-04-24 09:35:00 last_bar 2017-04-24 11:05:00 Writing to ./data/RLJ_livesignals_20170424_10_33_12.csv ./data/RLJ_last.csv
ET:  0.25  minutes
now 2017-04-24 11:15:00.856000 return data: last bar 2017-04-24 11:10:00 last processed bar 2017-04-24 11:05:00
start_idx [(575, Timestamp('2017-04-24 09:35:00'))]
start_ema 2017-04-21 15:25:00 start_vwap 2017-04-24 09:35:00 last_bar 2017-04-24 11:10:00 Writing to ./data/RLJ_livesignals_20170424_10_33_12.csv ./data/RLJ_last.csv
ET:  0.21  minutes
now 2017-04-24 11:20:00.808000 return data: last bar 2017-04-24 11:15:00 last processed bar 2017-04-24 11:10:00
2 bars requested 2 bars returned
start_idx [(0, Timestamp('2017-04-24 09:35:00'))]
start_ema 2017-04-24 09:50:00 data.dropna() feed returned insufficient data
now 2017-04-24 11:25:00.878000 return data: last bar 2017-04-24 11:20:00 last processed bar 2017-04-24 11:15:00
2 bars requested 2 bars returned
start_idx [(0, Timestamp('2017-04-24 09:35:00'))]
start_ema 2017-04-24 09:50:00 data.dropna() feed returned insufficient data
now 2017-04-24 11:30:01.028000 return data: last bar 2017-04-24 11:25:00 last processed bar 2017-04-24 11:20:00
2 bars requested 2 bars returned
start_idx [(0, Timestamp('2017-04-24 09:35:00'))]
start_ema 2017-04-24 09:50:00 data.dropna() feed returned insufficient data
now 2017-04-24 11:35:00.267000 return data: last bar 2017-04-24 11:30:00 last processed bar 2017-04-24 11:25:00
2 bars requested 2 bars returned
start_idx [(0, Timestamp('2017-04-24 09:35:00'))]
start_ema 2017-04-24 09:50:00 data.dropna() feed returned insufficient data
now 2017-04-24 11:40:00.707000 return data: last bar 2017-04-24 11:35:00 last processed bar 2017-04-24 11:30:00
2 bars requested 2 bars returned
start_idx [(0, Timestamp('2017-04-24 09:35:00'))]
start_ema 2017-04-24 09:50:00 data.dropna() feed returned insufficient data
now 2017-04-24 11:45:00.793000 return data: last bar 2017-04-24 11:40:00 last processed bar 2017-04-24 11:35:00
2 bars requested 2 bars returned
start_idx [(0, Timestamp('2017-04-24 09:35:00'))]
start_ema 2017-04-24 09:50:00 data.dropna() feed returned insufficient data
now 2017-04-24 11:50:00.936000 return data: last bar 2017-04-24 11:45:00 last processed bar 2017-04-24 11:40:00
2 bars requested 2 bars returned
start_idx [(0, Timestamp('2017-04-24 09:35:00'))]
start_ema 2017-04-24 09:50:00 data.dropna() feed returned insufficient data
now 2017-04-24 11:55:00.628000 return data: last bar 2017-04-24 11:50:00 last processed bar 2017-04-24 11:45:00
2 bars requested 2 bars returned
start_idx [(0, Timestamp('2017-04-24 09:35:00'))]
start_ema 2017-04-24 09:50:00 data.dropna() feed returned insufficient data
now 2017-04-24 12:00:00.063000 return data: last bar 2017-04-24 11:55:00 last processed bar 2017-04-24 11:50:00
2 bars requested 2 bars returned
start_idx [(0, Timestamp('2017-04-24 09:35:00'))]
start_ema 2017-04-24 09:50:00 data.dropna() feed returned insufficient data
now 2017-04-24 12:05:00.973000 return data: last bar 2017-04-24 12:00:00 last processed bar 2017-04-24 11:55:00
2 bars requested 2 bars returned
start_idx [(0, Timestamp('2017-04-24 09:35:00'))]
start_ema 2017-04-24 09:50:00 data.dropna() feed returned insufficient data
now 2017-04-24 12:10:00.912000 return data: last bar 2017-04-24 12:05:00 last processed bar 2017-04-24 12:00:00
2 bars requested 2 bars returned
start_idx [(0, Timestamp('2017-04-24 09:35:00'))]
start_ema 2017-04-24 09:50:00 data.dropna() feed returned insufficient data
now 2017-04-24 12:15:00.065000 return data: last bar 2017-04-24 12:10:00 last processed bar 2017-04-24 12:05:00
2 bars requested 2 bars returned
start_idx [(0, Timestamp('2017-04-24 09:35:00'))]
start_ema 2017-04-24 09:50:00 data.dropna() feed returned insufficient data
now 2017-04-24 12:20:00.797000 return data: last bar 2017-04-24 12:15:00 last processed bar 2017-04-24 12:10:00
2 bars requested 2 bars returned
start_idx [(0, Timestamp('2017-04-24 09:35:00'))]
start_ema 2017-04-24 09:50:00 data.dropna() feed returned insufficient data
now 2017-04-24 12:25:00.826000 return data: last bar 2017-04-24 12:20:00 last processed bar 2017-04-24 12:15:00
2 bars requested 2 bars returned
start_idx [(0, Timestamp('2017-04-24 09:35:00'))]
start_ema 2017-04-24 09:50:00 data.dropna() feed returned insufficient data
now 2017-04-24 12:30:01.087000 return data: last bar 2017-04-24 12:25:00 last processed bar 2017-04-24 12:20:00
2 bars requested 2 bars returned
start_idx [(0, Timestamp('2017-04-24 09:35:00'))]
start_ema 2017-04-24 09:50:00 data.dropna() feed returned insufficient data
now 2017-04-24 12:35:01.192000 return data: last bar 2017-04-24 12:30:00 last processed bar 2017-04-24 12:25:00
2 bars requested 2 bars returned
start_idx [(0, Timestamp('2017-04-24 09:35:00'))]
start_ema 2017-04-24 09:50:00 data.dropna() feed returned insufficient data
now 2017-04-24 12:40:00.578000 return data: last bar 2017-04-24 12:35:00 last processed bar 2017-04-24 12:30:00
2 bars requested 2 bars returned
start_idx [(0, Timestamp('2017-04-24 09:35:00'))]
start_ema 2017-04-24 09:50:00 data.dropna() feed returned insufficient data
now 2017-04-24 12:45:00.261000 return data: last bar 2017-04-24 12:40:00 last processed bar 2017-04-24 12:35:00
2 bars requested 2 bars returned
start_idx [(0, Timestamp('2017-04-24 09:35:00'))]
start_ema 2017-04-24 09:50:00 data.dropna() feed returned insufficient data
now 2017-04-24 12:50:00.919000 return data: last bar 2017-04-24 12:45:00 last processed bar 2017-04-24 12:40:00
2 bars requested 2 bars returned
start_idx [(0, Timestamp('2017-04-24 09:35:00'))]
start_ema 2017-04-24 09:50:00 data.dropna() feed returned insufficient data
now 2017-04-24 12:55:00.633000 return data: last bar 2017-04-24 12:50:00 last processed bar 2017-04-24 12:45:00
2 bars requested 2 bars returned
start_idx [(0, Timestamp('2017-04-24 09:35:00'))]
start_ema 2017-04-24 09:50:00 data.dropna() feed returned insufficient data
now 2017-04-24 13:00:00.928000 return data: last bar 2017-04-24 12:55:00 last processed bar 2017-04-24 12:50:00
2 bars requested 2 bars returned
start_idx [(0, Timestamp('2017-04-24 09:35:00'))]
start_ema 2017-04-24 09:50:00 data.dropna() feed returned insufficient data
now 2017-04-24 13:05:00.876000 return data: last bar 2017-04-24 13:00:00 last processed bar 2017-04-24 12:55:00
2 bars requested 2 bars returned
start_idx [(0, Timestamp('2017-04-24 09:35:00'))]
start_ema 2017-04-24 09:50:00 data.dropna() feed returned insufficient data
now 2017-04-24 13:10:00.840000 return data: last bar 2017-04-24 13:05:00 last processed bar 2017-04-24 13:00:00
2 bars requested 2 bars returned
start_idx [(0, Timestamp('2017-04-24 09:35:00'))]
start_ema 2017-04-24 09:50:00 data.dropna() feed returned insufficient data
now 2017-04-24 13:15:00.750000 return data: last bar 2017-04-24 13:10:00 last processed bar 2017-04-24 13:05:00
2 bars requested 2 bars returned
start_idx [(0, Timestamp('2017-04-24 09:35:00'))]
start_ema 2017-04-24 09:50:00 data.dropna() feed returned insufficient data
now 2017-04-24 13:20:01.031000 return data: last bar 2017-04-24 13:15:00 last processed bar 2017-04-24 13:10:00
2 bars requested 2 bars returned
start_idx [(0, Timestamp('2017-04-24 09:35:00'))]
start_ema 2017-04-24 09:50:00 data.dropna() feed returned insufficient data
now 2017-04-24 13:25:00.073000 return data: last bar 2017-04-24 13:20:00 last processed bar 2017-04-24 13:15:00
2 bars requested 2 bars returned
start_idx [(0, Timestamp('2017-04-24 09:35:00'))]
start_ema 2017-04-24 09:50:00 data.dropna() feed returned insufficient data
now 2017-04-24 13:30:00.301000 return data: last bar 2017-04-24 13:25:00 last processed bar 2017-04-24 13:20:00
2 bars requested 2 bars returned
start_idx [(0, Timestamp('2017-04-24 09:35:00'))]
start_ema 2017-04-24 09:50:00 data.dropna() feed returned insufficient data
now 2017-04-24 13:35:00.688000 return data: last bar 2017-04-24 13:30:00 last processed bar 2017-04-24 13:25:00
2 bars requested 2 bars returned
start_idx [(0, Timestamp('2017-04-24 09:35:00'))]
start_ema 2017-04-24 09:50:00 data.dropna() feed returned insufficient data
now 2017-04-24 13:40:00.914000 return data: last bar 2017-04-24 13:35:00 last processed bar 2017-04-24 13:30:00
2 bars requested 2 bars returned
start_idx [(0, Timestamp('2017-04-24 09:35:00'))]
start_ema 2017-04-24 09:50:00 data.dropna() feed returned insufficient data
now 2017-04-24 13:45:01.016000 return data: last bar 2017-04-24 13:40:00 last processed bar 2017-04-24 13:35:00
2 bars requested 2 bars returned
start_idx [(0, Timestamp('2017-04-24 09:35:00'))]
start_ema 2017-04-24 09:50:00 data.dropna() feed returned insufficient data
now 2017-04-24 13:50:00.138000 return data: last bar 2017-04-24 13:45:00 last processed bar 2017-04-24 13:40:00
2 bars requested 2 bars returned
start_idx [(0, Timestamp('2017-04-24 09:35:00'))]
start_ema 2017-04-24 09:50:00 data.dropna() feed returned insufficient data
now 2017-04-24 13:55:00.331000 return data: last bar 2017-04-24 13:50:00 last processed bar 2017-04-24 13:45:00
2 bars requested 2 bars returned
start_idx [(0, Timestamp('2017-04-24 09:35:00'))]
start_ema 2017-04-24 09:50:00 data.dropna() feed returned insufficient data
now 2017-04-24 14:00:01.067000 return data: last bar 2017-04-24 13:55:00 last processed bar 2017-04-24 13:50:00
2 bars requested 2 bars returned
start_idx [(0, Timestamp('2017-04-24 09:35:00'))]
start_ema 2017-04-24 09:50:00 data.dropna() feed returned insufficient data
now 2017-04-24 14:05:00.246000 return data: last bar 2017-04-24 14:00:00 last processed bar 2017-04-24 13:55:00
2 bars requested 2 bars returned
start_idx [(0, Timestamp('2017-04-24 09:35:00'))]
start_ema 2017-04-24 09:50:00 data.dropna() feed returned insufficient data
now 2017-04-24 14:10:00.980000 return data: last bar 2017-04-24 14:05:00 last processed bar 2017-04-24 14:00:00
2 bars requested 2 bars returned
start_idx [(0, Timestamp('2017-04-24 09:35:00'))]
start_ema 2017-04-24 09:50:00 data.dropna() feed returned insufficient data
now 2017-04-24 14:15:01.015000 return data: last bar 2017-04-24 14:10:00 last processed bar 2017-04-24 14:05:00
2 bars requested 2 bars returned
start_idx [(0, Timestamp('2017-04-24 09:35:00'))]
start_ema 2017-04-24 09:50:00 data.dropna() feed returned insufficient data
now 2017-04-24 14:20:00.501000 return data: last bar 2017-04-24 14:15:00 last processed bar 2017-04-24 14:10:00
2 bars requested 2 bars returned
start_idx [(0, Timestamp('2017-04-24 09:35:00'))]
start_ema 2017-04-24 09:50:00 data.dropna() feed returned insufficient data
now 2017-04-24 14:25:00.973000 return data: last bar 2017-04-24 14:20:00 last processed bar 2017-04-24 14:15:00
2 bars requested 2 bars returned
start_idx [(0, Timestamp('2017-04-24 09:35:00'))]
start_ema 2017-04-24 09:50:00 data.dropna() feed returned insufficient data
now 2017-04-24 14:30:00.874000 return data: last bar 2017-04-24 14:25:00 last processed bar 2017-04-24 14:20:00
2 bars requested 2 bars returned
start_idx [(0, Timestamp('2017-04-24 09:35:00'))]
start_ema 2017-04-24 09:50:00 data.dropna() feed returned insufficient data
now 2017-04-24 14:35:00.627000 return data: last bar 2017-04-24 14:30:00 last processed bar 2017-04-24 14:25:00
2 bars requested 2 bars returned
start_idx [(0, Timestamp('2017-04-24 09:35:00'))]
start_ema 2017-04-24 09:50:00 data.dropna() feed returned insufficient data
now 2017-04-24 14:40:00.587000 return data: last bar 2017-04-24 14:35:00 last processed bar 2017-04-24 14:30:00
2 bars requested 2 bars returned
start_idx [(0, Timestamp('2017-04-24 09:35:00'))]
start_ema 2017-04-24 09:50:00 data.dropna() feed returned insufficient data
now 2017-04-24 14:45:00.591000 return data: last bar 2017-04-24 14:40:00 last processed bar 2017-04-24 14:35:00
2 bars requested 2 bars returned
start_idx [(0, Timestamp('2017-04-24 09:35:00'))]
start_ema 2017-04-24 09:50:00 data.dropna() feed returned insufficient data
now 2017-04-24 14:50:00.218000 return data: last bar 2017-04-24 14:45:00 last processed bar 2017-04-24 14:40:00
2 bars requested 2 bars returned
start_idx [(0, Timestamp('2017-04-24 09:35:00'))]
start_ema 2017-04-24 09:50:00 data.dropna() feed returned insufficient data
now 2017-04-24 14:55:00.548000 return data: last bar 2017-04-24 14:50:00 last processed bar 2017-04-24 14:45:00
2 bars requested 2 bars returned
start_idx [(0, Timestamp('2017-04-24 09:35:00'))]
start_ema 2017-04-24 09:50:00 data.dropna() feed returned insufficient data
now 2017-04-24 15:00:00.225000 return data: last bar 2017-04-24 14:55:00 last processed bar 2017-04-24 14:50:00
2 bars requested 2 bars returned
start_idx [(0, Timestamp('2017-04-24 09:35:00'))]
start_ema 2017-04-24 09:50:00 data.dropna() feed returned insufficient data
now 2017-04-24 15:05:00.066000 return data: last bar 2017-04-24 15:00:00 last processed bar 2017-04-24 14:55:00
2 bars requested 2 bars returned
start_idx [(0, Timestamp('2017-04-24 09:35:00'))]
start_ema 2017-04-24 09:50:00 data.dropna() feed returned insufficient data
now 2017-04-24 15:10:00.187000 return data: last bar 2017-04-24 15:05:00 last processed bar 2017-04-24 15:00:00
2 bars requested 2 bars returned
start_idx [(0, Timestamp('2017-04-24 09:35:00'))]
start_ema 2017-04-24 09:50:00 data.dropna() feed returned insufficient data
now 2017-04-24 15:15:00.304000 return data: last bar 2017-04-24 15:10:00 last processed bar 2017-04-24 15:05:00
2 bars requested 2 bars returned
start_idx [(0, Timestamp('2017-04-24 09:35:00'))]
start_ema 2017-04-24 09:50:00 data.dropna() feed returned insufficient data
now 2017-04-24 15:20:00.773000 return data: last bar 2017-04-24 15:15:00 last processed bar 2017-04-24 15:10:00
2 bars requested 2 bars returned
start_idx [(0, Timestamp('2017-04-24 09:35:00'))]
start_ema 2017-04-24 09:50:00 data.dropna() feed returned insufficient data
now 2017-04-24 15:25:00.355000 return data: last bar 2017-04-24 15:20:00 last processed bar 2017-04-24 15:15:00
2 bars requested 2 bars returned
start_idx [(0, Timestamp('2017-04-24 09:35:00'))]
start_ema 2017-04-24 09:50:00 data.dropna() feed returned insufficient data
now 2017-04-24 15:30:00.323000 return data: last bar 2017-04-24 15:25:00 last processed bar 2017-04-24 15:20:00
2 bars requested 2 bars returned
start_idx [(0, Timestamp('2017-04-24 09:35:00'))]
start_ema 2017-04-24 09:50:00 data.dropna() feed returned insufficient data
now 2017-04-24 15:35:00.035000 return data: last bar 2017-04-24 15:30:00 last processed bar 2017-04-24 15:25:00
2 bars requested 2 bars returned
start_idx [(0, Timestamp('2017-04-24 09:35:00'))]
start_ema 2017-04-24 09:50:00 data.dropna() feed returned insufficient data
now 2017-04-24 15:40:00.534000 return data: last bar 2017-04-24 15:35:00 last processed bar 2017-04-24 15:30:00
2 bars requested 2 bars returned
start_idx [(0, Timestamp('2017-04-24 09:35:00'))]
start_ema 2017-04-24 09:50:00 data.dropna() feed returned insufficient data
now 2017-04-24 15:45:00.893000 return data: last bar 2017-04-24 15:40:00 last processed bar 2017-04-24 15:35:00
2 bars requested 2 bars returned
start_idx [(0, Timestamp('2017-04-24 09:35:00'))]
start_ema 2017-04-24 09:50:00 data.dropna() feed returned insufficient data
now 2017-04-24 15:50:00.135000 return data: last bar 2017-04-24 15:45:00 last processed bar 2017-04-24 15:40:00
2 bars requested 2 bars returned
start_idx [(0, Timestamp('2017-04-24 09:35:00'))]
start_ema 2017-04-24 09:50:00 data.dropna() feed returned insufficient data
now 2017-04-24 15:55:00.761000
