return data: last bar 2017-04-27 09:35:00 last processed bar 1000-01-01 00:00:00
RPAI: Warning! 596 bars requested 20 bars returned.
start_idx [(19, Timestamp('2017-04-27 09:35:00'))]
start_ema 2017-04-27 08:00:00 start_vwap 2017-04-27 09:35:00 last_bar 2017-04-27 09:35:00 ET:  0.04  minutes
now 2017-04-27 09:45:01.209000 return None: last bar 2017-04-27 09:35:00 last processed bar 2017-04-27 09:35:00
RPAI getFeed did not return any data! last bar: 2017-04-27 09:35:00 now: 09:45:01.317000
now 2017-04-27 09:50:00.764000 return data: last bar 2017-04-27 09:40:00 last processed bar 2017-04-27 09:35:00
RPAI: Warning! 596 bars requested 21 bars returned.
start_idx [(19, Timestamp('2017-04-27 09:35:00'))]
start_ema 2017-04-27 08:00:00 start_vwap 2017-04-27 09:35:00 last_bar 2017-04-27 09:40:00 Writing to ./data/RPAI_livesignals_20170427_09_40_51.csv ./data/RPAI_last.csv
ET:  0.06  minutes
now 2017-04-27 09:55:01.104000 return data: last bar 2017-04-27 09:45:00 last processed bar 2017-04-27 09:40:00
RPAI: Warning! 596 bars requested 22 bars returned.
start_idx [(19, Timestamp('2017-04-27 09:35:00'))]
start_ema 2017-04-27 08:00:00 start_vwap 2017-04-27 09:35:00 last_bar 2017-04-27 09:45:00 Writing to ./data/RPAI_livesignals_20170427_09_40_51.csv ./data/RPAI_last.csv
ET:  0.07  minutes
now 2017-04-27 10:00:00.415000 return data: last bar 2017-04-27 09:50:00 last processed bar 2017-04-27 09:45:00
RPAI: Warning! 596 bars requested 23 bars returned.
start_idx [(19, Timestamp('2017-04-27 09:35:00'))]
start_ema 2017-04-27 08:00:00 start_vwap 2017-04-27 09:35:00 last_bar 2017-04-27 09:50:00 Writing to ./data/RPAI_livesignals_20170427_09_40_51.csv ./data/RPAI_last.csv
ET:  0.07  minutes
now 2017-04-27 10:05:00.596000 return data: last bar 2017-04-27 09:55:00 last processed bar 2017-04-27 09:50:00
RPAI: Warning! 596 bars requested 24 bars returned.
start_idx [(19, Timestamp('2017-04-27 09:35:00'))]
start_ema 2017-04-27 08:00:00 start_vwap 2017-04-27 09:35:00 last_bar 2017-04-27 09:55:00 Writing to ./data/RPAI_livesignals_20170427_09_40_51.csv ./data/RPAI_last.csv
ET:  0.06  minutes
now 2017-04-27 10:10:01.142000 return data: last bar 2017-04-27 10:00:00 last processed bar 2017-04-27 09:55:00
RPAI: Warning! 596 bars requested 25 bars returned.
start_idx [(19, Timestamp('2017-04-27 09:35:00'))]
start_ema 2017-04-27 08:00:00 start_vwap 2017-04-27 09:35:00 last_bar 2017-04-27 10:00:00 Writing to ./data/RPAI_livesignals_20170427_09_40_51.csv ./data/RPAI_last.csv
ET:  0.07  minutes
now 2017-04-27 10:15:00.080000 return data: last bar 2017-04-27 10:10:00 last processed bar 2017-04-27 10:00:00
RPAI: Warning! 596 bars requested 27 bars returned.
start_idx [(19, Timestamp('2017-04-27 09:35:00'))]
start_ema 2017-04-27 08:00:00 start_vwap 2017-04-27 09:35:00 last_bar 2017-04-27 10:10:00 Writing to ./data/RPAI_livesignals_20170427_09_40_51.csv ./data/RPAI_last.csv
ET:  0.07  minutes
now 2017-04-27 10:20:00.150000 return data: last bar 2017-04-27 10:15:00 last processed bar 2017-04-27 10:10:00
RPAI: Warning! 596 bars requested 28 bars returned.
start_idx [(19, Timestamp('2017-04-27 09:35:00'))]
start_ema 2017-04-27 08:00:00 start_vwap 2017-04-27 09:35:00 last_bar 2017-04-27 10:15:00 Writing to ./data/RPAI_livesignals_20170427_09_40_51.csv ./data/RPAI_last.csv
ET:  0.07  minutes
now 2017-04-27 10:25:00.366000 return data: last bar 2017-04-27 10:20:00 last processed bar 2017-04-27 10:15:00
RPAI: Warning! 596 bars requested 29 bars returned.
start_idx [(19, Timestamp('2017-04-27 09:35:00'))]
start_ema 2017-04-27 08:00:00 start_vwap 2017-04-27 09:35:00 last_bar 2017-04-27 10:20:00 Writing to ./data/RPAI_livesignals_20170427_09_40_51.csv ./data/RPAI_last.csv
ET:  0.08  minutes
now 2017-04-27 10:30:01.672000 return data: last bar 2017-04-27 10:25:00 last processed bar 2017-04-27 10:20:00
RPAI: Warning! 596 bars requested 30 bars returned.
start_idx [(19, Timestamp('2017-04-27 09:35:00'))]
start_ema 2017-04-27 08:00:00 start_vwap 2017-04-27 09:35:00 last_bar 2017-04-27 10:25:00 Writing to ./data/RPAI_livesignals_20170427_09_40_51.csv ./data/RPAI_last.csv
ET:  0.08  minutes
now 2017-04-27 10:35:00.646000 return data: last bar 2017-04-27 10:30:00 last processed bar 2017-04-27 10:25:00
RPAI: Warning! 596 bars requested 31 bars returned.
start_idx [(19, Timestamp('2017-04-27 09:35:00'))]
start_ema 2017-04-27 08:00:00 start_vwap 2017-04-27 09:35:00 last_bar 2017-04-27 10:30:00 Writing to ./data/RPAI_livesignals_20170427_09_40_51.csv ./data/RPAI_last.csv
ET:  0.06  minutes
now 2017-04-27 10:40:00.085000 return data: last bar 2017-04-27 10:35:00 last processed bar 2017-04-27 10:30:00
RPAI: Warning! 596 bars requested 32 bars returned.
start_idx [(19, Timestamp('2017-04-27 09:35:00'))]
start_ema 2017-04-27 08:00:00 start_vwap 2017-04-27 09:35:00 last_bar 2017-04-27 10:35:00 Writing to ./data/RPAI_livesignals_20170427_09_40_51.csv ./data/RPAI_last.csv
ET:  0.11  minutes
now 2017-04-27 10:45:00.809000 return data: last bar 2017-04-27 10:40:00 last processed bar 2017-04-27 10:35:00
RPAI: Warning! 596 bars requested 33 bars returned.
start_idx [(19, Timestamp('2017-04-27 09:35:00'))]
start_ema 2017-04-27 08:00:00 start_vwap 2017-04-27 09:35:00 last_bar 2017-04-27 10:40:00 Writing to ./data/RPAI_livesignals_20170427_09_40_51.csv ./data/RPAI_last.csv
ET:  0.11  minutes
now 2017-04-27 10:50:01.115000 return data: last bar 2017-04-27 10:45:00 last processed bar 2017-04-27 10:40:00
RPAI: Warning! 596 bars requested 34 bars returned.
start_idx [(19, Timestamp('2017-04-27 09:35:00'))]
start_ema 2017-04-27 08:00:00 start_vwap 2017-04-27 09:35:00 last_bar 2017-04-27 10:45:00 Writing to ./data/RPAI_livesignals_20170427_09_40_51.csv ./data/RPAI_last.csv
ET:  0.08  minutes
now 2017-04-27 10:55:02.348000 return data: last bar 2017-04-27 10:50:00 last processed bar 2017-04-27 10:45:00
RPAI: Warning! 596 bars requested 35 bars returned.
start_idx [(19, Timestamp('2017-04-27 09:35:00'))]
start_ema 2017-04-27 08:00:00 start_vwap 2017-04-27 09:35:00 last_bar 2017-04-27 10:50:00 Writing to ./data/RPAI_livesignals_20170427_09_40_51.csv ./data/RPAI_last.csv
ET:  0.1  minutes
now 2017-04-27 11:00:00.629000 return data: last bar 2017-04-27 10:55:00 last processed bar 2017-04-27 10:50:00
RPAI: Warning! 596 bars requested 36 bars returned.
start_idx [(19, Timestamp('2017-04-27 09:35:00'))]
start_ema 2017-04-27 08:00:00 start_vwap 2017-04-27 09:35:00 last_bar 2017-04-27 10:55:00 Writing to ./data/RPAI_livesignals_20170427_09_40_51.csv ./data/RPAI_last.csv
ET:  0.08  minutes
now 2017-04-27 11:05:00.987000 return data: last bar 2017-04-27 11:05:00 last processed bar 2017-04-27 10:55:00
RPAI: Warning! 596 bars requested 38 bars returned.
start_idx [(19, Timestamp('2017-04-27 09:35:00'))]
start_ema 2017-04-27 08:00:00 start_vwap 2017-04-27 09:35:00 last_bar 2017-04-27 11:05:00 Writing to ./data/RPAI_livesignals_20170427_09_40_51.csv ./data/RPAI_last.csv
ET:  0.12  minutes
now 2017-04-27 11:10:02.302000 return data: last bar 2017-04-27 11:10:00 last processed bar 2017-04-27 11:05:00
RPAI: Warning! 596 bars requested 39 bars returned.
start_idx [(19, Timestamp('2017-04-27 09:35:00'))]
start_ema 2017-04-27 08:00:00 start_vwap 2017-04-27 09:35:00 last_bar 2017-04-27 11:10:00 Writing to ./data/RPAI_livesignals_20170427_09_40_51.csv ./data/RPAI_last.csv
ET:  0.05  minutes
now 2017-04-27 11:15:00.493000 return None: last bar 2017-04-27 11:10:00 last processed bar 2017-04-27 11:10:00
RPAI getFeed did not return any data! last bar: 2017-04-27 11:10:00 now: 11:15:00.973000
now 2017-04-27 11:20:00.955000 return data: last bar 2017-04-27 11:20:00 last processed bar 2017-04-27 11:10:00
RPAI: Warning! 596 bars requested 41 bars returned.
start_idx [(19, Timestamp('2017-04-27 09:35:00'))]
start_ema 2017-04-27 08:00:00 start_vwap 2017-04-27 09:35:00 last_bar 2017-04-27 11:20:00 Writing to ./data/RPAI_livesignals_20170427_09_40_51.csv ./data/RPAI_last.csv
ET:  0.11  minutes
now 2017-04-27 11:25:03.945000 return data: last bar 2017-04-27 11:25:00 last processed bar 2017-04-27 11:20:00
RPAI: Warning! 596 bars requested 42 bars returned.
start_idx [(19, Timestamp('2017-04-27 09:35:00'))]
start_ema 2017-04-27 08:00:00 start_vwap 2017-04-27 09:35:00 last_bar 2017-04-27 11:25:00 Writing to ./data/RPAI_livesignals_20170427_09_40_51.csv ./data/RPAI_last.csv
ET:  0.06  minutes
now 2017-04-27 11:30:01.281000 return data: last bar 2017-04-27 11:30:00 last processed bar 2017-04-27 11:25:00
RPAI: Warning! 596 bars requested 43 bars returned.
start_idx [(19, Timestamp('2017-04-27 09:35:00'))]
start_ema 2017-04-27 08:00:00 start_vwap 2017-04-27 09:35:00 last_bar 2017-04-27 11:30:00 Writing to ./data/RPAI_livesignals_20170427_09_40_51.csv ./data/RPAI_last.csv
ET:  0.06  minutes
now 2017-04-27 11:35:01.223000 return data: last bar 2017-04-27 11:35:00 last processed bar 2017-04-27 11:30:00
RPAI: Warning! 596 bars requested 44 bars returned.
start_idx [(19, Timestamp('2017-04-27 09:35:00'))]
start_ema 2017-04-27 08:00:00 start_vwap 2017-04-27 09:35:00 last_bar 2017-04-27 11:35:00 Writing to ./data/RPAI_livesignals_20170427_09_40_51.csv ./data/RPAI_last.csv
ET:  0.07  minutes
now 2017-04-27 11:40:01.375000 return data: last bar 2017-04-27 11:40:00 last processed bar 2017-04-27 11:35:00
RPAI: Warning! 596 bars requested 45 bars returned.
start_idx [(19, Timestamp('2017-04-27 09:35:00'))]
start_ema 2017-04-27 08:00:00 start_vwap 2017-04-27 09:35:00 last_bar 2017-04-27 11:40:00 Writing to ./data/RPAI_livesignals_20170427_09_40_51.csv ./data/RPAI_last.csv
ET:  0.05  minutes
now 2017-04-27 11:45:01.127000 return data: last bar 2017-04-27 11:45:00 last processed bar 2017-04-27 11:40:00
RPAI: Warning! 596 bars requested 46 bars returned.
start_idx [(19, Timestamp('2017-04-27 09:35:00'))]
start_ema 2017-04-27 08:00:00 start_vwap 2017-04-27 09:35:00 last_bar 2017-04-27 11:45:00 Writing to ./data/RPAI_livesignals_20170427_09_40_51.csv ./data/RPAI_last.csv
ET:  0.09  minutes
now 2017-04-27 11:50:00.558000 return data: last bar 2017-04-27 11:50:00 last processed bar 2017-04-27 11:45:00
RPAI: Warning! 596 bars requested 47 bars returned.
start_idx [(19, Timestamp('2017-04-27 09:35:00'))]
start_ema 2017-04-27 08:00:00 start_vwap 2017-04-27 09:35:00 last_bar 2017-04-27 11:50:00 Writing to ./data/RPAI_livesignals_20170427_09_40_51.csv ./data/RPAI_last.csv
ET:  0.07  minutes
now 2017-04-27 11:55:00.993000 return data: last bar 2017-04-27 11:55:00 last processed bar 2017-04-27 11:50:00
RPAI: Warning! 596 bars requested 48 bars returned.
start_idx [(19, Timestamp('2017-04-27 09:35:00'))]
start_ema 2017-04-27 08:00:00 start_vwap 2017-04-27 09:35:00 last_bar 2017-04-27 11:55:00 Writing to ./data/RPAI_livesignals_20170427_09_40_51.csv ./data/RPAI_last.csv
ET:  0.08  minutes
now 2017-04-27 12:00:00.717000 return data: last bar 2017-04-27 12:00:00 last processed bar 2017-04-27 11:55:00
RPAI: Warning! 596 bars requested 49 bars returned.
start_idx [(19, Timestamp('2017-04-27 09:35:00'))]
start_ema 2017-04-27 08:00:00 start_vwap 2017-04-27 09:35:00 last_bar 2017-04-27 12:00:00 Writing to ./data/RPAI_livesignals_20170427_09_40_51.csv ./data/RPAI_last.csv
ET:  0.07  minutes
now 2017-04-27 12:05:01.424000 return data: last bar 2017-04-27 12:05:00 last processed bar 2017-04-27 12:00:00
RPAI: Warning! 596 bars requested 50 bars returned.
start_idx [(19, Timestamp('2017-04-27 09:35:00'))]
start_ema 2017-04-27 08:00:00 start_vwap 2017-04-27 09:35:00 last_bar 2017-04-27 12:05:00 Writing to ./data/RPAI_livesignals_20170427_09_40_51.csv ./data/RPAI_last.csv
ET:  0.07  minutes
now 2017-04-27 12:10:00.948000 return data: last bar 2017-04-27 12:10:00 last processed bar 2017-04-27 12:05:00
RPAI: Warning! 596 bars requested 51 bars returned.
start_idx [(19, Timestamp('2017-04-27 09:35:00'))]
start_ema 2017-04-27 08:00:00 start_vwap 2017-04-27 09:35:00 last_bar 2017-04-27 12:10:00 Writing to ./data/RPAI_livesignals_20170427_09_40_51.csv ./data/RPAI_last.csv
ET:  0.07  minutes
now 2017-04-27 12:15:00.945000 return data: last bar 2017-04-27 12:15:00 last processed bar 2017-04-27 12:10:00
RPAI: Warning! 596 bars requested 52 bars returned.
start_idx [(19, Timestamp('2017-04-27 09:35:00'))]
start_ema 2017-04-27 08:00:00 start_vwap 2017-04-27 09:35:00 last_bar 2017-04-27 12:15:00 Writing to ./data/RPAI_livesignals_20170427_09_40_51.csv ./data/RPAI_last.csv
ET:  0.09  minutes
now 2017-04-27 12:20:00.290000 return data: last bar 2017-04-27 12:20:00 last processed bar 2017-04-27 12:15:00
RPAI: Warning! 596 bars requested 53 bars returned.
start_idx [(19, Timestamp('2017-04-27 09:35:00'))]
start_ema 2017-04-27 08:00:00 start_vwap 2017-04-27 09:35:00 last_bar 2017-04-27 12:20:00 Writing to ./data/RPAI_livesignals_20170427_09_40_51.csv ./data/RPAI_last.csv
ET:  0.05  minutes
now 2017-04-27 12:25:00.737000 return data: last bar 2017-04-27 12:25:00 last processed bar 2017-04-27 12:20:00
RPAI: Warning! 596 bars requested 54 bars returned.
start_idx [(19, Timestamp('2017-04-27 09:35:00'))]
start_ema 2017-04-27 08:00:00 start_vwap 2017-04-27 09:35:00 last_bar 2017-04-27 12:25:00 Writing to ./data/RPAI_livesignals_20170427_09_40_51.csv ./data/RPAI_last.csv
ET:  0.07  minutes
now 2017-04-27 12:30:00.775000 return data: last bar 2017-04-27 12:30:00 last processed bar 2017-04-27 12:25:00
RPAI: Warning! 596 bars requested 55 bars returned.
start_idx [(19, Timestamp('2017-04-27 09:35:00'))]
start_ema 2017-04-27 08:00:00 start_vwap 2017-04-27 09:35:00 last_bar 2017-04-27 12:30:00 Writing to ./data/RPAI_livesignals_20170427_09_40_51.csv ./data/RPAI_last.csv
ET:  0.07  minutes
now 2017-04-27 12:35:00.033000 return data: last bar 2017-04-27 12:35:00 last processed bar 2017-04-27 12:30:00
RPAI: Warning! 596 bars requested 56 bars returned.
start_idx [(19, Timestamp('2017-04-27 09:35:00'))]
start_ema 2017-04-27 08:00:00 start_vwap 2017-04-27 09:35:00 last_bar 2017-04-27 12:35:00 Writing to ./data/RPAI_livesignals_20170427_09_40_51.csv ./data/RPAI_last.csv
ET:  0.06  minutes
now 2017-04-27 12:40:00.777000 return data: last bar 2017-04-27 12:40:00 last processed bar 2017-04-27 12:35:00
RPAI: Warning! 596 bars requested 57 bars returned.
start_idx [(19, Timestamp('2017-04-27 09:35:00'))]
start_ema 2017-04-27 08:00:00 start_vwap 2017-04-27 09:35:00 last_bar 2017-04-27 12:40:00 Writing to ./data/RPAI_livesignals_20170427_09_40_51.csv ./data/RPAI_last.csv
ET:  0.09  minutes
now 2017-04-27 12:45:00.213000 return None: last bar 2017-04-27 12:40:00 last processed bar 2017-04-27 12:40:00
RPAI getFeed did not return any data! last bar: 2017-04-27 12:40:00 now: 12:45:00.374000
now 2017-04-27 12:50:01.395000 return data: last bar 2017-04-27 12:50:00 last processed bar 2017-04-27 12:40:00
RPAI: Warning! 596 bars requested 59 bars returned.
start_idx [(19, Timestamp('2017-04-27 09:35:00'))]
start_ema 2017-04-27 08:00:00 start_vwap 2017-04-27 09:35:00 last_bar 2017-04-27 12:50:00 Writing to ./data/RPAI_livesignals_20170427_09_40_51.csv ./data/RPAI_last.csv
ET:  0.07  minutes
now 2017-04-27 12:55:00.934000 return data: last bar 2017-04-27 12:55:00 last processed bar 2017-04-27 12:50:00
RPAI: Warning! 596 bars requested 60 bars returned.
start_idx [(19, Timestamp('2017-04-27 09:35:00'))]
start_ema 2017-04-27 08:00:00 start_vwap 2017-04-27 09:35:00 last_bar 2017-04-27 12:55:00 Writing to ./data/RPAI_livesignals_20170427_09_40_51.csv ./data/RPAI_last.csv
ET:  0.1  minutes
now 2017-04-27 13:00:02.158000 return data: last bar 2017-04-27 13:00:00 last processed bar 2017-04-27 12:55:00
RPAI: Warning! 596 bars requested 61 bars returned.
start_idx [(19, Timestamp('2017-04-27 09:35:00'))]
start_ema 2017-04-27 08:00:00 start_vwap 2017-04-27 09:35:00 last_bar 2017-04-27 13:00:00 Writing to ./data/RPAI_livesignals_20170427_09_40_51.csv ./data/RPAI_last.csv
ET:  0.06  minutes
now 2017-04-27 13:05:01.211000 return data: last bar 2017-04-27 13:05:00 last processed bar 2017-04-27 13:00:00
RPAI: Warning! 596 bars requested 62 bars returned.
start_idx [(19, Timestamp('2017-04-27 09:35:00'))]
start_ema 2017-04-27 08:00:00 start_vwap 2017-04-27 09:35:00 last_bar 2017-04-27 13:05:00 Writing to ./data/RPAI_livesignals_20170427_09_40_51.csv ./data/RPAI_last.csv
ET:  0.06  minutes
now 2017-04-27 13:10:00.099000 return data: last bar 2017-04-27 13:10:00 last processed bar 2017-04-27 13:05:00
RPAI: Warning! 596 bars requested 63 bars returned.
start_idx [(19, Timestamp('2017-04-27 09:35:00'))]
start_ema 2017-04-27 08:00:00 start_vwap 2017-04-27 09:35:00 last_bar 2017-04-27 13:10:00 Writing to ./data/RPAI_livesignals_20170427_09_40_51.csv ./data/RPAI_last.csv
ET:  0.06  minutes
now 2017-04-27 13:15:01.162000 return data: last bar 2017-04-27 13:15:00 last processed bar 2017-04-27 13:10:00
RPAI: Warning! 596 bars requested 64 bars returned.
start_idx [(19, Timestamp('2017-04-27 09:35:00'))]
start_ema 2017-04-27 08:00:00 start_vwap 2017-04-27 09:35:00 last_bar 2017-04-27 13:15:00 Writing to ./data/RPAI_livesignals_20170427_09_40_51.csv ./data/RPAI_last.csv
ET:  0.07  minutes
now 2017-04-27 13:20:00.128000 return data: last bar 2017-04-27 13:20:00 last processed bar 2017-04-27 13:15:00
RPAI: Warning! 596 bars requested 65 bars returned.
start_idx [(19, Timestamp('2017-04-27 09:35:00'))]
start_ema 2017-04-27 08:00:00 start_vwap 2017-04-27 09:35:00 last_bar 2017-04-27 13:20:00 Writing to ./data/RPAI_livesignals_20170427_09_40_51.csv ./data/RPAI_last.csv
ET:  0.08  minutes
now 2017-04-27 13:25:00.797000 return data: last bar 2017-04-27 13:25:00 last processed bar 2017-04-27 13:20:00
RPAI: Warning! 596 bars requested 66 bars returned.
start_idx [(19, Timestamp('2017-04-27 09:35:00'))]
start_ema 2017-04-27 08:00:00 start_vwap 2017-04-27 09:35:00 last_bar 2017-04-27 13:25:00 Writing to ./data/RPAI_livesignals_20170427_09_40_51.csv ./data/RPAI_last.csv
ET:  0.08  minutes
now 2017-04-27 13:30:00.993000 return data: last bar 2017-04-27 13:30:00 last processed bar 2017-04-27 13:25:00
RPAI: Warning! 596 bars requested 67 bars returned.
start_idx [(19, Timestamp('2017-04-27 09:35:00'))]
start_ema 2017-04-27 08:00:00 start_vwap 2017-04-27 09:35:00 last_bar 2017-04-27 13:30:00 Writing to ./data/RPAI_livesignals_20170427_09_40_51.csv ./data/RPAI_last.csv
ET:  0.07  minutes
now 2017-04-27 13:35:00.895000 return data: last bar 2017-04-27 13:35:00 last processed bar 2017-04-27 13:30:00
RPAI: Warning! 596 bars requested 68 bars returned.
start_idx [(19, Timestamp('2017-04-27 09:35:00'))]
start_ema 2017-04-27 08:00:00 start_vwap 2017-04-27 09:35:00 last_bar 2017-04-27 13:35:00 Writing to ./data/RPAI_livesignals_20170427_09_40_51.csv ./data/RPAI_last.csv
ET:  0.07  minutes
now 2017-04-27 13:40:00.438000 return data: last bar 2017-04-27 13:40:00 last processed bar 2017-04-27 13:35:00
RPAI: Warning! 596 bars requested 69 bars returned.
start_idx [(19, Timestamp('2017-04-27 09:35:00'))]
start_ema 2017-04-27 08:00:00 start_vwap 2017-04-27 09:35:00 last_bar 2017-04-27 13:40:00 Writing to ./data/RPAI_livesignals_20170427_09_40_51.csv ./data/RPAI_last.csv
ET:  0.06  minutes
now 2017-04-27 13:45:00.582000 return data: last bar 2017-04-27 13:45:00 last processed bar 2017-04-27 13:40:00
RPAI: Warning! 596 bars requested 70 bars returned.
start_idx [(19, Timestamp('2017-04-27 09:35:00'))]
start_ema 2017-04-27 08:00:00 start_vwap 2017-04-27 09:35:00 last_bar 2017-04-27 13:45:00 Writing to ./data/RPAI_livesignals_20170427_09_40_51.csv ./data/RPAI_last.csv
ET:  0.06  minutes
now 2017-04-27 13:50:00.173000 return data: last bar 2017-04-27 13:50:00 last processed bar 2017-04-27 13:45:00
RPAI: Warning! 596 bars requested 71 bars returned.
start_idx [(19, Timestamp('2017-04-27 09:35:00'))]
start_ema 2017-04-27 08:00:00 start_vwap 2017-04-27 09:35:00 last_bar 2017-04-27 13:50:00 Writing to ./data/RPAI_livesignals_20170427_09_40_51.csv ./data/RPAI_last.csv
ET:  0.07  minutes
now 2017-04-27 13:55:00.254000 return data: last bar 2017-04-27 13:55:00 last processed bar 2017-04-27 13:50:00
RPAI: Warning! 596 bars requested 72 bars returned.
start_idx [(19, Timestamp('2017-04-27 09:35:00'))]
start_ema 2017-04-27 08:00:00 start_vwap 2017-04-27 09:35:00 last_bar 2017-04-27 13:55:00 Writing to ./data/RPAI_livesignals_20170427_09_40_51.csv ./data/RPAI_last.csv
ET:  0.06  minutes
now 2017-04-27 14:00:01.221000 return data: last bar 2017-04-27 14:00:00 last processed bar 2017-04-27 13:55:00
RPAI: Warning! 596 bars requested 73 bars returned.
start_idx [(19, Timestamp('2017-04-27 09:35:00'))]
start_ema 2017-04-27 08:00:00 start_vwap 2017-04-27 09:35:00 last_bar 2017-04-27 14:00:00 Writing to ./data/RPAI_livesignals_20170427_09_40_51.csv ./data/RPAI_last.csv
ET:  0.06  minutes
now 2017-04-27 14:05:00.971000 return data: last bar 2017-04-27 14:05:00 last processed bar 2017-04-27 14:00:00
RPAI: Warning! 596 bars requested 74 bars returned.
start_idx [(19, Timestamp('2017-04-27 09:35:00'))]
start_ema 2017-04-27 08:00:00 start_vwap 2017-04-27 09:35:00 last_bar 2017-04-27 14:05:00 Writing to ./data/RPAI_livesignals_20170427_09_40_51.csv ./data/RPAI_last.csv
ET:  0.03  minutes
now 2017-04-27 14:10:01.039000 return data: last bar 2017-04-27 14:10:00 last processed bar 2017-04-27 14:05:00
RPAI: Warning! 596 bars requested 75 bars returned.
start_idx [(19, Timestamp('2017-04-27 09:35:00'))]
start_ema 2017-04-27 08:00:00 start_vwap 2017-04-27 09:35:00 last_bar 2017-04-27 14:10:00 Writing to ./data/RPAI_livesignals_20170427_09_40_51.csv ./data/RPAI_last.csv
ET:  0.08  minutes
now 2017-04-27 14:15:00.148000 return data: last bar 2017-04-27 14:15:00 last processed bar 2017-04-27 14:10:00
RPAI: Warning! 596 bars requested 76 bars returned.
start_idx [(19, Timestamp('2017-04-27 09:35:00'))]
start_ema 2017-04-27 08:00:00 start_vwap 2017-04-27 09:35:00 last_bar 2017-04-27 14:15:00 Writing to ./data/RPAI_livesignals_20170427_09_40_51.csv ./data/RPAI_last.csv
ET:  0.08  minutes
now 2017-04-27 14:20:00.200000 return data: last bar 2017-04-27 14:20:00 last processed bar 2017-04-27 14:15:00
RPAI: Warning! 596 bars requested 77 bars returned.
start_idx [(19, Timestamp('2017-04-27 09:35:00'))]
start_ema 2017-04-27 08:00:00 start_vwap 2017-04-27 09:35:00 last_bar 2017-04-27 14:20:00 Writing to ./data/RPAI_livesignals_20170427_09_40_51.csv ./data/RPAI_last.csv
ET:  0.07  minutes
now 2017-04-27 14:25:00.772000 return data: last bar 2017-04-27 14:25:00 last processed bar 2017-04-27 14:20:00
RPAI: Warning! 596 bars requested 78 bars returned.
start_idx [(19, Timestamp('2017-04-27 09:35:00'))]
start_ema 2017-04-27 08:00:00 start_vwap 2017-04-27 09:35:00 last_bar 2017-04-27 14:25:00 Writing to ./data/RPAI_livesignals_20170427_09_40_51.csv ./data/RPAI_last.csv
ET:  0.06  minutes
now 2017-04-27 14:30:00.390000 return data: last bar 2017-04-27 14:30:00 last processed bar 2017-04-27 14:25:00
RPAI: Warning! 596 bars requested 79 bars returned.
start_idx [(19, Timestamp('2017-04-27 09:35:00'))]
start_ema 2017-04-27 08:00:00 start_vwap 2017-04-27 09:35:00 last_bar 2017-04-27 14:30:00 Writing to ./data/RPAI_livesignals_20170427_09_40_51.csv ./data/RPAI_last.csv
ET:  0.08  minutes
now 2017-04-27 14:35:00.288000 return data: last bar 2017-04-27 14:35:00 last processed bar 2017-04-27 14:30:00
RPAI: Warning! 596 bars requested 80 bars returned.
start_idx [(19, Timestamp('2017-04-27 09:35:00'))]
start_ema 2017-04-27 08:00:00 start_vwap 2017-04-27 09:35:00 last_bar 2017-04-27 14:35:00 Writing to ./data/RPAI_livesignals_20170427_09_40_51.csv ./data/RPAI_last.csv
ET:  0.07  minutes
now 2017-04-27 14:40:00.574000 return data: last bar 2017-04-27 14:40:00 last processed bar 2017-04-27 14:35:00
RPAI: Warning! 596 bars requested 81 bars returned.
start_idx [(19, Timestamp('2017-04-27 09:35:00'))]
start_ema 2017-04-27 08:00:00 start_vwap 2017-04-27 09:35:00 last_bar 2017-04-27 14:40:00 Writing to ./data/RPAI_livesignals_20170427_09_40_51.csv ./data/RPAI_last.csv
ET:  0.08  minutes
now 2017-04-27 14:45:00.199000 return data: last bar 2017-04-27 14:45:00 last processed bar 2017-04-27 14:40:00
RPAI: Warning! 596 bars requested 82 bars returned.
start_idx [(19, Timestamp('2017-04-27 09:35:00'))]
start_ema 2017-04-27 08:00:00 start_vwap 2017-04-27 09:35:00 last_bar 2017-04-27 14:45:00 Writing to ./data/RPAI_livesignals_20170427_09_40_51.csv ./data/RPAI_last.csv
ET:  0.02  minutes
now 2017-04-27 14:50:01.167000 return data: last bar 2017-04-27 14:50:00 last processed bar 2017-04-27 14:45:00
RPAI: Warning! 596 bars requested 83 bars returned.
start_idx [(19, Timestamp('2017-04-27 09:35:00'))]
start_ema 2017-04-27 08:00:00 start_vwap 2017-04-27 09:35:00 last_bar 2017-04-27 14:50:00 Writing to ./data/RPAI_livesignals_20170427_09_40_51.csv ./data/RPAI_last.csv
ET:  0.05  minutes
now 2017-04-27 14:55:00.622000 return data: last bar 2017-04-27 14:55:00 last processed bar 2017-04-27 14:50:00
RPAI: Warning! 596 bars requested 84 bars returned.
start_idx [(19, Timestamp('2017-04-27 09:35:00'))]
start_ema 2017-04-27 08:00:00 start_vwap 2017-04-27 09:35:00 last_bar 2017-04-27 14:55:00 Writing to ./data/RPAI_livesignals_20170427_09_40_51.csv ./data/RPAI_last.csv
ET:  0.07  minutes
now 2017-04-27 15:00:01.625000 return data: last bar 2017-04-27 15:00:00 last processed bar 2017-04-27 14:55:00
RPAI: Warning! 596 bars requested 85 bars returned.
start_idx [(19, Timestamp('2017-04-27 09:35:00'))]
start_ema 2017-04-27 08:00:00 start_vwap 2017-04-27 09:35:00 last_bar 2017-04-27 15:00:00 Writing to ./data/RPAI_livesignals_20170427_09_40_51.csv ./data/RPAI_last.csv
ET:  0.04  minutes
now 2017-04-27 15:05:00.291000 return data: last bar 2017-04-27 15:05:00 last processed bar 2017-04-27 15:00:00
RPAI: Warning! 596 bars requested 86 bars returned.
start_idx [(19, Timestamp('2017-04-27 09:35:00'))]
start_ema 2017-04-27 08:00:00 start_vwap 2017-04-27 09:35:00 last_bar 2017-04-27 15:05:00 Writing to ./data/RPAI_livesignals_20170427_09_40_51.csv ./data/RPAI_last.csv
ET:  0.08  minutes
now 2017-04-27 15:10:00.465000 return data: last bar 2017-04-27 15:10:00 last processed bar 2017-04-27 15:05:00
RPAI: Warning! 596 bars requested 87 bars returned.
start_idx [(19, Timestamp('2017-04-27 09:35:00'))]
start_ema 2017-04-27 08:00:00 start_vwap 2017-04-27 09:35:00 last_bar 2017-04-27 15:10:00 Writing to ./data/RPAI_livesignals_20170427_09_40_51.csv ./data/RPAI_last.csv
ET:  0.06  minutes
now 2017-04-27 15:15:02.037000 return data: last bar 2017-04-27 15:15:00 last processed bar 2017-04-27 15:10:00
RPAI: Warning! 596 bars requested 88 bars returned.
start_idx [(19, Timestamp('2017-04-27 09:35:00'))]
start_ema 2017-04-27 08:00:00 start_vwap 2017-04-27 09:35:00 last_bar 2017-04-27 15:15:00 Writing to ./data/RPAI_livesignals_20170427_09_40_51.csv ./data/RPAI_last.csv
ET:  0.07  minutes
now 2017-04-27 15:20:00.649000 return data: last bar 2017-04-27 15:20:00 last processed bar 2017-04-27 15:15:00
RPAI: Warning! 596 bars requested 89 bars returned.
start_idx [(19, Timestamp('2017-04-27 09:35:00'))]
start_ema 2017-04-27 08:00:00 start_vwap 2017-04-27 09:35:00 last_bar 2017-04-27 15:20:00 Writing to ./data/RPAI_livesignals_20170427_09_40_51.csv ./data/RPAI_last.csv
ET:  0.06  minutes
now 2017-04-27 15:25:01.040000 return data: last bar 2017-04-27 15:25:00 last processed bar 2017-04-27 15:20:00
RPAI: Warning! 596 bars requested 90 bars returned.
start_idx [(19, Timestamp('2017-04-27 09:35:00'))]
start_ema 2017-04-27 08:00:00 start_vwap 2017-04-27 09:35:00 last_bar 2017-04-27 15:25:00 Writing to ./data/RPAI_livesignals_20170427_09_40_51.csv ./data/RPAI_last.csv
ET:  0.07  minutes
now 2017-04-27 15:30:00.373000 return data: last bar 2017-04-27 15:30:00 last processed bar 2017-04-27 15:25:00
RPAI: Warning! 596 bars requested 91 bars returned.
start_idx [(19, Timestamp('2017-04-27 09:35:00'))]
start_ema 2017-04-27 08:00:00 start_vwap 2017-04-27 09:35:00 last_bar 2017-04-27 15:30:00 Writing to ./data/RPAI_livesignals_20170427_09_40_51.csv ./data/RPAI_last.csv
ET:  0.05  minutes
now 2017-04-27 15:35:00.334000 return data: last bar 2017-04-27 15:35:00 last processed bar 2017-04-27 15:30:00
RPAI: Warning! 596 bars requested 92 bars returned.
start_idx [(19, Timestamp('2017-04-27 09:35:00'))]
start_ema 2017-04-27 08:00:00 start_vwap 2017-04-27 09:35:00 last_bar 2017-04-27 15:35:00 Writing to ./data/RPAI_livesignals_20170427_09_40_51.csv ./data/RPAI_last.csv
ET:  0.08  minutes
now 2017-04-27 15:40:00.431000 return data: last bar 2017-04-27 15:40:00 last processed bar 2017-04-27 15:35:00
RPAI: Warning! 596 bars requested 93 bars returned.
start_idx [(19, Timestamp('2017-04-27 09:35:00'))]
start_ema 2017-04-27 08:00:00 start_vwap 2017-04-27 09:35:00 last_bar 2017-04-27 15:40:00 Writing to ./data/RPAI_livesignals_20170427_09_40_51.csv ./data/RPAI_last.csv
ET:  0.04  minutes
now 2017-04-27 15:45:02.670000 return data: last bar 2017-04-27 15:45:00 last processed bar 2017-04-27 15:40:00
RPAI: Warning! 596 bars requested 94 bars returned.
start_idx [(19, Timestamp('2017-04-27 09:35:00'))]
start_ema 2017-04-27 08:00:00 start_vwap 2017-04-27 09:35:00 last_bar 2017-04-27 15:45:00 Writing to ./data/RPAI_livesignals_20170427_09_40_51.csv ./data/RPAI_last.csv
ET:  0.05  minutes
now 2017-04-27 15:50:01.108000 return data: last bar 2017-04-27 15:50:00 last processed bar 2017-04-27 15:45:00
RPAI: Warning! 596 bars requested 95 bars returned.
start_idx [(19, Timestamp('2017-04-27 09:35:00'))]
start_ema 2017-04-27 08:00:00 start_vwap 2017-04-27 09:35:00 last_bar 2017-04-27 15:50:00 Writing to ./data/RPAI_livesignals_20170427_09_40_51.csv ./data/RPAI_last.csv
ET:  0.07  minutes
now 2017-04-27 15:55:00.108000
