241 threads found..
starting thread for EXAR
starting thread for VRTX
starting thread for SGMO
starting thread for NYMX
starting thread for CNXC
starting thread for AKAO
starting thread for CRR
starting thread for HAWK
starting thread for RFP
starting thread for CARA
starting thread for NLNK
starting thread for PRTK
starting thread for MEOH
starting thread for KPTI
starting thread for LL
starting thread for MXL
starting thread for CSC
starting thread for GLBS
starting thread for CALA
starting thread for COGT
starting thread for BCC
starting thread for KRNT
starting thread for AQXP
starting thread for LPCN
starting thread for CTRL
starting thread for LE
starting thread for IMMY
starting thread for INSM
starting thread for MX
starting thread for CC
starting thread for W
starting thread for EGN
starting thread for OKE
starting thread for RICE
starting thread for OMER
starting thread for SFM
starting thread for KMPH
starting thread for TWOU
starting thread for ETE
starting thread for TXMD
starting thread for TARO
starting thread for ELOS
starting thread for CHS
starting thread for WMB
starting thread for FUEL
starting thread for GTLS
starting thread for SYNC
starting thread for TNAV
starting thread for WPZ
starting thread for TECK
starting thread for SNOA
starting thread for GPI
starting thread for MSM
starting thread for INVA
starting thread for AGRO
starting thread for COLM
starting thread for SU
starting thread for HMST
starting thread for Q
starting thread for PVG
starting thread for PRTA
starting thread for WLB
starting thread for CHGG
starting thread for BBY
starting thread for JEC
starting thread for BHI
starting thread for AGIO
starting thread for DECK
starting thread for DBD
starting thread for RVNC
starting thread for QSR
starting thread for APU
starting thread for SHOO
starting thread for BCOR
starting thread for GBX
starting thread for DXCM
starting thread for GLOG
starting thread for DLB
starting thread for SEDG
starting thread for CWT
starting thread for TJX
starting thread for EFII
starting thread for ASPS
starting thread for LOGI
starting thread for COH
starting thread for BURL
starting thread for ADM
starting thread for NKTR
starting thread for MMP
starting thread for ZIOP
starting thread for PAG
starting thread for EPAM
starting thread for RGEN
starting thread for VCYT
starting thread for HEP
starting thread for PULM
starting thread for ETN
starting thread for MIME
starting thread for WWW
starting thread for AVT
starting thread for ASB
starting thread for KEX
starting thread for TMUS
starting thread for MATW
starting thread for RY
starting thread for EXC
starting thread for TEP
starting thread for CHH
starting thread for QSII
starting thread for HYH
starting thread for HLI
starting thread for ALKS
starting thread for SAFM
starting thread for PENN
starting thread for WMT
starting thread for MSFG
starting thread for AGR
starting thread for PODD
starting thread for HALO
starting thread for DLX
starting thread for EEFT
starting thread for PNR
starting thread for MLNX
starting thread for MRK
starting thread for ROST
starting thread for AAON
starting thread for KTWO
starting thread for BIP
starting thread for TIF
starting thread for RAI
starting thread for GATX
starting thread for OLLI
starting thread for CAKE
starting thread for WTR
starting thread for ADTN
starting thread for ACGL
starting thread for CDW
starting thread for VIAV
starting thread for OGS
starting thread for MGI
starting thread for NKE
starting thread for TSE
starting thread for DKT
starting thread for WSTC
starting thread for MNTA
starting thread for CGIX
starting thread for CBF
starting thread for DHT
starting thread for RMP
starting thread for BNCN
starting thread for XRAY
starting thread for DRI
starting thread for CSII
starting thread for EL
starting thread for BLUE
starting thread for LMAT
starting thread for OZRK
starting thread for RRGB
starting thread for SPNC
starting thread for CERN
starting thread for LOW
starting thread for CHRW
starting thread for PNFP
starting thread for WAGE
starting thread for BOKF
starting thread for MA
starting 