100 threads found..
starting thread for NLNK
starting thread for CAR
starting thread for NVCR
starting thread for CRZO
starting thread for JUNO
starting thread for NAV
starting thread for EMES
starting thread for NKTR
starting thread for HCLP
starting thread for CARA
starting thread for SBLK
starting thread for FSLR
starting thread for HOMB
starting thread for HFC
starting thread for GIII
starting thread for GLNG
starting thread for FET
starting thread for CF
starting thread for RRC
starting thread for ARNC
starting thread for CVI
starting thread for CHRS
starting thread for MUR
starting thread for CDEV
starting thread for AAXN
starting thread for GBNK
starting thread for SGMS
starting thread for CALI
starting thread for SSYS
starting thread for YNDX
starting thread for TBK
starting thread for TROX
starting thread for PBF
starting thread for SPU
starting thread for THC
starting thread for TRN
starting thread for MU
starting thread for BLCM
starting thread for MAT
starting thread for EXEL
starting thread for CBLI
starting thread for BGC
starting thread for XOG
starting thread for HTZ
starting thread for AEL
starting thread for RNG
starting thread for AMRI
starting thread for ADTN
starting thread for SALT
starting thread for ENTG
starting thread for KS
starting thread for CNAT
starting thread for LHO
starting thread for SXCP
starting thread for CENX
starting thread for SFM
starting thread for FITB
starting thread for UNVR
starting thread for COG
starting thread for DEPO
starting thread for DRYS
starting thread for MOS
starting thread for TTMI
starting thread for WWE
starting thread for CIEN
starting thread for HUN
starting thread for SPN
starting thread for WWW
starting thread for UNIT
starting thread for LILAK
starting thread for WRD
starting thread for AR
starting thread for JBL
starting thread for RESI
starting thread for SXC
starting thread for BAC
starting thread for FMSA
starting thread for AXL
starting thread for CHSP
starting thread for CAMP
starting thread for GOOD
starting thread for ALLY
starting thread for VLRS
starting thread for VRAY
starting thread for DSW
starting thread for CNX
starting thread for FMBI
starting thread for NAVI
starting thread for KR
starting thread for RLJ
starting thread for MTOR
starting thread for BLMN
starting thread for BCOR
starting thread for RRD
starting thread for OCN
starting thread for AKS
starting thread for SALE
starting thread for GNTX
starting thread for CRBP
starting thread for IRWD
CIEN Done!
GNTX Done!
AMRI Done!
BGC Done!
GIII Done!
MUR Done!
SFM Done!
SXC Done!
DEPO Done!
AR Done!
GLNG Done!
GBNK Done!
CRZO Done!
ALLY Done!
FMBI Done!
CRBP Done!
NVCR Done!
CHSP Done!
MAT Done!
TBK Done!
THC Done!
RRC Done!
VLRS Done!
SGMS Done!
SBLK Done!
SPN Done!
EMES Done!
KS Done!
XOG Done!
MTOR Done!
COG Done!
CENX Done!
OCN Done!
WRD Done!
JUNOTTMI AAXN Done! Done!Done!


FETFMSA  Done!Done!NLNK

 Done!
HCLP AELDone! 
Done! 
 SALEBCOR  Done!Done!

GOOD Done!
SSYS Done!
DSW Done!
FITB Done!
NKTR Done!
IRWD Done!
NAVI Done!
TROX Done!
VRAY Done!
AKS Done!
HTZ Done!
BAC Done!
KR Done!
NAV Done!
WWWUNIT  Done!Done!

EXEL Done!
RNG Done!
BLMNCVI  Done!Done!

ARNC Done!
HUN Done!
HOMBCAMP  Done!Done!

WWE Done!
LILAK Done!
DRYS Done!
CALI Done!
TRN Done!
FSLR MUSALTDone!  
Done!Done!

JBL Done!
CBLI Done!
ADTN Done!
RLJ Done!
SPUCDEV  Done!BLCMDone!
 
Done!
CHRS Done!
CARA Done!
CARPBF  Done!Done!

RRDUNVR  Done!Done!

ENTG Done!LHO
 Done!
 HFCSXCPCNXCNAT AXL  CF  Done!Done!Done! RESIDone!Done!


Done! 


Done!
MOSYNDX  Done!Done!

Elapsed time:  322.82  minutes  2017-04-24 15:55:03.632000
