100 threads found..
starting thread for PLSE
starting thread for HTGM
starting thread for ACOR
starting thread for LJPC
starting thread for AKAO
starting thread for WVE
starting thread for PRTK
starting thread for CARA
starting thread for BOFI
starting thread for EDIT
starting thread for CWH
starting thread for OMER
starting thread for SM
starting thread for GIII
starting thread for QTNA
starting thread for CRC
starting thread for NVCR
starting thread for SWFT
starting thread for CAR
starting thread for UNT
starting thread for AXON
starting thread for EMES
starting thread for SNAP
starting thread for SKX
starting thread for HCLP
starting thread for CF
starting thread for TGI
starting thread for MUR
starting thread for RRC
starting thread for LL
starting thread for MU
starting thread for NTNX
starting thread for GPRE
starting thread for FRAC
starting thread for SBLK
starting thread for IPXL
starting thread for WGO
starting thread for HFC
starting thread for NAV
starting thread for FNSR
starting thread for DBD
starting thread for XON
starting thread for FET
starting thread for XOG
starting thread for CVI
starting thread for SGMS
starting thread for PUMP
starting thread for GLNG
starting thread for TROX
starting thread for URBN
starting thread for AAXN
starting thread for AMAG
starting thread for OMF
starting thread for PTEN
starting thread for WERN
starting thread for DK
starting thread for SONC
starting thread for M
starting thread for KATE
starting thread for BLCM
starting thread for TRN
starting thread for ATI
starting thread for MTDR
starting thread for BANC
starting thread for SFM
starting thread for BGC
starting thread for ATU
starting thread for HUN
starting thread for EXEL
starting thread for VSTO
starting thread for PBF
starting thread for SCSS
starting thread for RLGY
starting thread for BRKS
starting thread for ENTG
starting thread for GPS
starting thread for CREE
starting thread for CBI
starting thread for CMC
starting thread for TGTX
starting thread for OAS
starting thread for MSGN
starting thread for COG
starting thread for PEB
starting thread for WMGI
starting thread for CENX
starting thread for VSM
starting thread for LHO
starting thread for MHLD
starting thread for AOBC
starting thread for TIVO
starting thread for FITB
starting thread for HZN
starting thread for KS
starting thread for MOS
starting thread for UNVR
starting thread for SALT
starting thread for MGM
starting thread for FRAN
starting thread for FMBI
MGM Done!
NVCR Done!
CWH Done!
PEB Done!
HUN Done!
CMC Done!
PBF Done!
ENTG Done!
NAV Done!
MOS Done!
TIVO Done!
COG Done!
FRAN Done!
FITB Done!
VSM Done!
KS Done!
MUFMBI  Done!Done!

AAXN Done!
TGI Done!
WERN Done!
CAR Done!
MTDR Done!
SNAP Done!
UNVRSBLKCENX   Done!Done!Done!


GPS Done!
LHO Done!QTNAATUKATE
   Done!Done!Done!


AOBC Done!
TGTXPRTK MSGNBANC Done!  Done!
Done!Done!


PUMP Done!
XON Done!
AMAG Done!
BGC Done!
URBN Done!
CF Done!
VSTO Done!
XOG Done!
ACORMUR  Done!Done!

GLNG Done!
UNTIPXLSGMSMCBILLATI       Done!Done!Done!Done!Done!Done!Done!






BLCMEDITNTNXDK    Done!Done!Done!Done!



 OMER Done!
HFC Done!
GIII Done!
LJPC Done!
CRC Done!
FRAC Done!
EMES Done!
CARA Done!
BRKS Done!
WVE Done!
SKX Done!
SWFT Done!
SALT Done!
MHLD Done!
EXEL Done!
HZN Done!
OAS Done!
PTEN Done!
HTGM Done!
SFM Done!
TROX Done!
CVI Done!
SM Done!
GPRE Done!
SONC Done!
CREE Done!
BOFI Done!
DBD Done!
AXON Done!
OMF Done!
AKAO Done!
RRC Done!
WMGI Done!
HCLP Done!
FET Done!
RLGY Done!
SCSS Done!
PLSE Done!
TRN Done!
FNSR Done!
WGO Done!
Elapsed time:  20.1  minutes  2017-04-13 10:00:10.080000
