100 threads found..
starting thread for NLNK
starting thread for ACOR
starting thread for CRZO
starting thread for SM
starting thread for JUNO
starting thread for NKTR
starting thread for CARA
starting thread for LL
starting thread for HCLP
starting thread for FNSR
starting thread for FSLR
starting thread for CUDA
starting thread for RRC
starting thread for SBLK
starting thread for GLNG
starting thread for CF
starting thread for FET
starting thread for PE
starting thread for ITCI
starting thread for WGO
starting thread for ARNC
starting thread for MUR
starting thread for GPRE
starting thread for NTNX
starting thread for SGMS
starting thread for CVI
starting thread for HFC
starting thread for PTEN
starting thread for CDEV
starting thread for KATE
starting thread for PUMP
starting thread for MTDR
starting thread for CALI
starting thread for SSYS
starting thread for DK
starting thread for URBN
starting thread for TROX
starting thread for YNDX
starting thread for HTZ
starting thread for OII
starting thread for RNG
starting thread for TBK
starting thread for BGC
starting thread for SPU
starting thread for ZEN
starting thread for PBF
starting thread for CBLI
starting thread for OAS
starting thread for KS
starting thread for CENX
starting thread for LPX
starting thread for CALA
starting thread for DRYS
starting thread for LPI
starting thread for DEPO
starting thread for SFM
starting thread for AOBC
starting thread for RXN
starting thread for GPOR
starting thread for COG
starting thread for APO
starting thread for FITB
starting thread for TDS
starting thread for SONC
starting thread for ENDP
starting thread for MOS
starting thread for IGT
starting thread for LILAK
starting thread for WRD
starting thread for CIEN
starting thread for NBR
starting thread for DNOW
starting thread for AR
starting thread for CNX
starting thread for ARRS
starting thread for GOOD
starting thread for WLL
starting thread for CAMP
starting thread for RDC
starting thread for CSRA
starting thread for SNGX
starting thread for SAEX
starting thread for OUT
starting thread for HOLI
starting thread for CPE
starting thread for MRO
starting thread for GME
starting thread for CVGI
starting thread for MAT
starting thread for ILG
starting thread for KR
starting thread for FMSA
starting thread for MTOR
starting thread for HZNP
starting thread for SALE
starting thread for SN
starting thread for HRB
starting thread for JBLU
starting thread for TRR
starting thread for RRD
HOLI Done!
LILAK Done!
CVGI Done!
NKTR Done!
CSRA Done!
SONC Done!
OAS Done!
FMSA Done!
PTEN Done!
SPU Done!
SM Done!
WGO Done!
GOOD Done!
CF Done!
RRD Done!
NTNX Done!
MTDR Done!
SN Done!
DK Done!
GPRE Done!
CUDA Done!
IGT Done!
LL Done!
CALA TDSGPORDone!  COG
Done!Done! KR

 Done!SFMDone!
 GLNGOII
Done!  HTZ
Done!Done! 

Done!
CARADNOW FSLR Done! Done!
Done!

SNGX Done!
ITCI Done!CBLI
 CRZODone! 
Done!
DEPO Done!
 CVI Done!MROCIENURBN
   Done!Done!Done!


BGC FITBDone! 
 Done!SAEX
 CENXDone! RDC
 SSYSDone! LPI 
Done! Done!
 PBFFNSRMURNBRTBKGMEOUTCNXKATELPXCAMPARRSTRRPUMPDone!
HRBSALE    ACOR     JBLU     
ILGYNDX  Done!Done!Done!Done! SBLKMOSHZNPDone!Done!Done!Done!Done! Done!Done!Done!Done!Done!  Done!Done!



Done!   




Done!
 



Done!Done!


Done!Done!Done! 
RXN




AR  Done!Done!

CDEV Done!
ENDPCPEARNC NLNK  Done!ZENWLLHFC Done!MTORDone!
   JUNOTROXDRYSRRCAOBCMATDone!
 HCLP
 SGMSCALIWRDAPODone!Done!Done!      
Done!PEKS RNG    

 
Done!Done!Done!Done!Done!Done!
  Done! Done!Done!Done!Done!FET





Done!Done!
Done!



 


Done!
Elapsed time:  369.8  minutes  2017-04-21 15:55:04.051000
