return data: last bar 2017-04-27 09:35:00 last processed bar 1000-01-01 00:00:00
596 bars requested 596 bars returned
start_idx [(595, Timestamp('2017-04-27 09:35:00'))]
start_ema 2017-04-27 08:00:00 start_vwap 2017-04-27 09:35:00 last_bar 2017-04-27 09:35:00 ET:  0.02  minutes
now 2017-04-27 09:45:00.827000 return None: last bar 2017-04-27 09:35:00 last processed bar 2017-04-27 09:35:00
SALE getFeed did not return any data! last bar: 2017-04-27 09:35:00 now: 09:45:03.140000
now 2017-04-27 09:50:01.128000 return data: last bar 2017-04-27 09:40:00 last processed bar 2017-04-27 09:35:00
596 bars requested 596 bars returned
start_idx [(594, Timestamp('2017-04-27 09:35:00'))]
start_ema 2017-04-27 08:00:00 start_vwap 2017-04-27 09:35:00 last_bar 2017-04-27 09:40:00 Writing to ./data/SALE_livesignals_20170427_09_40_29.csv ./data/SALE_last.csv
ET:  0.11  minutes
now 2017-04-27 09:55:00.906000 return data: last bar 2017-04-27 09:45:00 last processed bar 2017-04-27 09:40:00
596 bars requested 596 bars returned
start_idx [(593, Timestamp('2017-04-27 09:35:00'))]
start_ema 2017-04-27 08:00:00 start_vwap 2017-04-27 09:35:00 last_bar 2017-04-27 09:45:00 Writing to ./data/SALE_livesignals_20170427_09_40_29.csv ./data/SALE_last.csv
ET:  0.1  minutes
now 2017-04-27 10:00:00.261000 return data: last bar 2017-04-27 09:50:00 last processed bar 2017-04-27 09:45:00
596 bars requested 596 bars returned
start_idx [(592, Timestamp('2017-04-27 09:35:00'))]
start_ema 2017-04-27 08:00:00 start_vwap 2017-04-27 09:35:00 last_bar 2017-04-27 09:50:00 Writing to ./data/SALE_livesignals_20170427_09_40_29.csv ./data/SALE_last.csv
ET:  0.11  minutes
now 2017-04-27 10:05:00.059000 return data: last bar 2017-04-27 09:55:00 last processed bar 2017-04-27 09:50:00
596 bars requested 596 bars returned
start_idx [(591, Timestamp('2017-04-27 09:35:00'))]
start_ema 2017-04-27 08:00:00 start_vwap 2017-04-27 09:35:00 last_bar 2017-04-27 09:55:00 Writing to ./data/SALE_livesignals_20170427_09_40_29.csv ./data/SALE_last.csv
ET:  0.11  minutes
now 2017-04-27 10:10:00.967000 return data: last bar 2017-04-27 10:00:00 last processed bar 2017-04-27 09:55:00
596 bars requested 596 bars returned
start_idx [(590, Timestamp('2017-04-27 09:35:00'))]
start_ema 2017-04-27 08:00:00 start_vwap 2017-04-27 09:35:00 last_bar 2017-04-27 10:00:00 Writing to ./data/SALE_livesignals_20170427_09_40_29.csv ./data/SALE_last.csv
ET:  0.1  minutes
now 2017-04-27 10:15:00.008000 return data: last bar 2017-04-27 10:10:00 last processed bar 2017-04-27 10:00:00
596 bars requested 596 bars returned
start_idx [(588, Timestamp('2017-04-27 09:35:00'))]
start_ema 2017-04-27 08:00:00 start_vwap 2017-04-27 09:35:00 last_bar 2017-04-27 10:10:00 Writing to ./data/SALE_livesignals_20170427_09_40_29.csv ./data/SALE_last.csv
ET:  0.1  minutes
now 2017-04-27 10:20:00.489000 return data: last bar 2017-04-27 10:15:00 last processed bar 2017-04-27 10:10:00
596 bars requested 596 bars returned
start_idx [(587, Timestamp('2017-04-27 09:35:00'))]
start_ema 2017-04-27 08:00:00 start_vwap 2017-04-27 09:35:00 last_bar 2017-04-27 10:15:00 Writing to ./data/SALE_livesignals_20170427_09_40_29.csv ./data/SALE_last.csv
ET:  0.1  minutes
now 2017-04-27 10:25:00.860000 return data: last bar 2017-04-27 10:20:00 last processed bar 2017-04-27 10:15:00
596 bars requested 596 bars returned
start_idx [(586, Timestamp('2017-04-27 09:35:00'))]
start_ema 2017-04-27 08:00:00 start_vwap 2017-04-27 09:35:00 last_bar 2017-04-27 10:20:00 Writing to ./data/SALE_livesignals_20170427_09_40_29.csv ./data/SALE_last.csv
ET:  0.11  minutes
now 2017-04-27 10:30:01.056000 return data: last bar 2017-04-27 10:25:00 last processed bar 2017-04-27 10:20:00
596 bars requested 596 bars returned
start_idx [(585, Timestamp('2017-04-27 09:35:00'))]
start_ema 2017-04-27 08:00:00 start_vwap 2017-04-27 09:35:00 last_bar 2017-04-27 10:25:00 Writing to ./data/SALE_livesignals_20170427_09_40_29.csv ./data/SALE_last.csv
ET:  0.1  minutes
now 2017-04-27 10:35:00.388000 return data: last bar 2017-04-27 10:30:00 last processed bar 2017-04-27 10:25:00
596 bars requested 596 bars returned
start_idx [(584, Timestamp('2017-04-27 09:35:00'))]
start_ema 2017-04-27 08:00:00 start_vwap 2017-04-27 09:35:00 last_bar 2017-04-27 10:30:00 Writing to ./data/SALE_livesignals_20170427_09_40_29.csv ./data/SALE_last.csv
ET:  0.12  minutes
now 2017-04-27 10:40:01.472000 return data: last bar 2017-04-27 10:35:00 last processed bar 2017-04-27 10:30:00
596 bars requested 596 bars returned
start_idx [(583, Timestamp('2017-04-27 09:35:00'))]
start_ema 2017-04-27 08:00:00 start_vwap 2017-04-27 09:35:00 last_bar 2017-04-27 10:35:00 Writing to ./data/SALE_livesignals_20170427_09_40_29.csv ./data/SALE_last.csv
ET:  0.1  minutes
now 2017-04-27 10:45:00.295000 return data: last bar 2017-04-27 10:40:00 last processed bar 2017-04-27 10:35:00
596 bars requested 596 bars returned
start_idx [(582, Timestamp('2017-04-27 09:35:00'))]
start_ema 2017-04-27 08:00:00 start_vwap 2017-04-27 09:35:00 last_bar 2017-04-27 10:40:00 Writing to ./data/SALE_livesignals_20170427_09_40_29.csv ./data/SALE_last.csv
ET:  0.12  minutes
now 2017-04-27 10:50:00.722000 return data: last bar 2017-04-27 10:45:00 last processed bar 2017-04-27 10:40:00
596 bars requested 596 bars returned
start_idx [(581, Timestamp('2017-04-27 09:35:00'))]
start_ema 2017-04-27 08:00:00 start_vwap 2017-04-27 09:35:00 last_bar 2017-04-27 10:45:00 Writing to ./data/SALE_livesignals_20170427_09_40_29.csv ./data/SALE_last.csv
ET:  0.11  minutes
now 2017-04-27 10:55:00.089000 return data: last bar 2017-04-27 10:50:00 last processed bar 2017-04-27 10:45:00
596 bars requested 596 bars returned
start_idx [(580, Timestamp('2017-04-27 09:35:00'))]
start_ema 2017-04-27 08:00:00 start_vwap 2017-04-27 09:35:00 last_bar 2017-04-27 10:50:00 Writing to ./data/SALE_livesignals_20170427_09_40_29.csv ./data/SALE_last.csv
ET:  0.13  minutes
now 2017-04-27 11:00:01.360000 return data: last bar 2017-04-27 10:55:00 last processed bar 2017-04-27 10:50:00
596 bars requested 596 bars returned
start_idx [(579, Timestamp('2017-04-27 09:35:00'))]
start_ema 2017-04-27 08:00:00 start_vwap 2017-04-27 09:35:00 last_bar 2017-04-27 10:55:00 Writing to ./data/SALE_livesignals_20170427_09_40_29.csv ./data/SALE_last.csv
ET:  0.1  minutes
now 2017-04-27 11:05:00.553000 return data: last bar 2017-04-27 11:05:00 last processed bar 2017-04-27 10:55:00
596 bars requested 596 bars returned
start_idx [(577, Timestamp('2017-04-27 09:35:00'))]
start_ema 2017-04-27 08:00:00 start_vwap 2017-04-27 09:35:00 last_bar 2017-04-27 11:05:00 Writing to ./data/SALE_livesignals_20170427_09_40_29.csv ./data/SALE_last.csv
ET:  0.11  minutes
now 2017-04-27 11:10:00.144000 return data: last bar 2017-04-27 11:10:00 last processed bar 2017-04-27 11:05:00
596 bars requested 596 bars returned
start_idx [(576, Timestamp('2017-04-27 09:35:00'))]
start_ema 2017-04-27 08:00:00 start_vwap 2017-04-27 09:35:00 last_bar 2017-04-27 11:10:00 Writing to ./data/SALE_livesignals_20170427_09_40_29.csv ./data/SALE_last.csv
ET:  0.13  minutes
now 2017-04-27 11:15:00.107000 return None: last bar 2017-04-27 11:10:00 last processed bar 2017-04-27 11:10:00
SALE getFeed did not return any data! last bar: 2017-04-27 11:10:00 now: 11:15:04.988000
now 2017-04-27 11:20:00.083000 return data: last bar 2017-04-27 11:20:00 last processed bar 2017-04-27 11:10:00
596 bars requested 596 bars returned
start_idx [(574, Timestamp('2017-04-27 09:35:00'))]
start_ema 2017-04-27 08:00:00 start_vwap 2017-04-27 09:35:00 last_bar 2017-04-27 11:20:00 Writing to ./data/SALE_livesignals_20170427_09_40_29.csv ./data/SALE_last.csv
ET:  0.14  minutes
now 2017-04-27 11:25:00.420000 return data: last bar 2017-04-27 11:25:00 last processed bar 2017-04-27 11:20:00
596 bars requested 596 bars returned
start_idx [(573, Timestamp('2017-04-27 09:35:00'))]
start_ema 2017-04-27 08:00:00 start_vwap 2017-04-27 09:35:00 last_bar 2017-04-27 11:25:00 Writing to ./data/SALE_livesignals_20170427_09_40_29.csv ./data/SALE_last.csv
ET:  0.12  minutes
now 2017-04-27 11:30:01.720000 return data: last bar 2017-04-27 11:30:00 last processed bar 2017-04-27 11:25:00
596 bars requested 596 bars returned
start_idx [(572, Timestamp('2017-04-27 09:35:00'))]
start_ema 2017-04-27 08:00:00 start_vwap 2017-04-27 09:35:00 last_bar 2017-04-27 11:30:00 Writing to ./data/SALE_livesignals_20170427_09_40_29.csv ./data/SALE_last.csv
ET:  0.1  minutes
now 2017-04-27 11:35:00.694000 return data: last bar 2017-04-27 11:35:00 last processed bar 2017-04-27 11:30:00
2 bars requested 2 bars returned
start_idx [(0, Timestamp('2017-04-27 09:35:00'))]
start_ema 2017-04-27 09:50:00 data.dropna() feed returned insufficient data
now 2017-04-27 11:40:00.415000 return data: last bar 2017-04-27 11:40:00 last processed bar 2017-04-27 11:35:00
2 bars requested 2 bars returned
start_idx [(0, Timestamp('2017-04-27 09:35:00'))]
start_ema 2017-04-27 09:50:00 data.dropna() feed returned insufficient data
now 2017-04-27 11:45:00.262000 return data: last bar 2017-04-27 11:45:00 last processed bar 2017-04-27 11:40:00
2 bars requested 2 bars returned
start_idx [(0, Timestamp('2017-04-27 09:35:00'))]
start_ema 2017-04-27 09:50:00 data.dropna() feed returned insufficient data
now 2017-04-27 11:50:00.190000 return data: last bar 2017-04-27 11:50:00 last processed bar 2017-04-27 11:45:00
2 bars requested 2 bars returned
start_idx [(0, Timestamp('2017-04-27 09:35:00'))]
start_ema 2017-04-27 09:50:00 data.dropna() feed returned insufficient data
now 2017-04-27 11:55:00.114000 return data: last bar 2017-04-27 11:55:00 last processed bar 2017-04-27 11:50:00
2 bars requested 2 bars returned
start_idx [(0, Timestamp('2017-04-27 09:35:00'))]
start_ema 2017-04-27 09:50:00 data.dropna() feed returned insufficient data
now 2017-04-27 12:00:00.643000 return data: last bar 2017-04-27 12:00:00 last processed bar 2017-04-27 11:55:00
2 bars requested 2 bars returned
start_idx [(0, Timestamp('2017-04-27 09:35:00'))]
start_ema 2017-04-27 09:50:00 data.dropna() feed returned insufficient data
now 2017-04-27 12:05:03.032000 return data: last bar 2017-04-27 12:05:00 last processed bar 2017-04-27 12:00:00
2 bars requested 2 bars returned
start_idx [(0, Timestamp('2017-04-27 09:35:00'))]
start_ema 2017-04-27 09:50:00 data.dropna() feed returned insufficient data
now 2017-04-27 12:10:00.561000 return data: last bar 2017-04-27 12:10:00 last processed bar 2017-04-27 12:05:00
2 bars requested 2 bars returned
start_idx [(0, Timestamp('2017-04-27 09:35:00'))]
start_ema 2017-04-27 09:50:00 data.dropna() feed returned insufficient data
now 2017-04-27 12:15:00.969000 return data: last bar 2017-04-27 12:15:00 last processed bar 2017-04-27 12:10:00
2 bars requested 2 bars returned
start_idx [(0, Timestamp('2017-04-27 09:35:00'))]
start_ema 2017-04-27 09:50:00 data.dropna() feed returned insufficient data
now 2017-04-27 12:20:00.186000 return data: last bar 2017-04-27 12:20:00 last processed bar 2017-04-27 12:15:00
2 bars requested 2 bars returned
start_idx [(0, Timestamp('2017-04-27 09:35:00'))]
start_ema 2017-04-27 09:50:00 data.dropna() feed returned insufficient data
now 2017-04-27 12:25:00.215000 return data: last bar 2017-04-27 12:25:00 last processed bar 2017-04-27 12:20:00
2 bars requested 2 bars returned
start_idx [(0, Timestamp('2017-04-27 09:35:00'))]
start_ema 2017-04-27 09:50:00 data.dropna() feed returned insufficient data
now 2017-04-27 12:30:01.027000 return data: last bar 2017-04-27 12:30:00 last processed bar 2017-04-27 12:25:00
2 bars requested 2 bars returned
start_idx [(0, Timestamp('2017-04-27 09:35:00'))]
start_ema 2017-04-27 09:50:00 data.dropna() feed returned insufficient data
now 2017-04-27 12:35:01.137000 return data: last bar 2017-04-27 12:35:00 last processed bar 2017-04-27 12:30:00
2 bars requested 2 bars returned
start_idx [(0, Timestamp('2017-04-27 09:35:00'))]
start_ema 2017-04-27 09:50:00 data.dropna() feed returned insufficient data
now 2017-04-27 12:40:00.676000 return data: last bar 2017-04-27 12:40:00 last processed bar 2017-04-27 12:35:00
2 bars requested 2 bars returned
start_idx [(0, Timestamp('2017-04-27 09:35:00'))]
start_ema 2017-04-27 09:50:00 data.dropna() feed returned insufficient data
now 2017-04-27 12:45:01.227000 return data: last bar 2017-04-27 12:45:00 last processed bar 2017-04-27 12:40:00
2 bars requested 2 bars returned
start_idx [(0, Timestamp('2017-04-27 09:35:00'))]
start_ema 2017-04-27 09:50:00 data.dropna() feed returned insufficient data
now 2017-04-27 12:50:01.391000 return data: last bar 2017-04-27 12:50:00 last processed bar 2017-04-27 12:45:00
2 bars requested 2 bars returned
start_idx [(0, Timestamp('2017-04-27 09:35:00'))]
start_ema 2017-04-27 09:50:00 data.dropna() feed returned insufficient data
now 2017-04-27 12:55:00.009000 return data: last bar 2017-04-27 12:55:00 last processed bar 2017-04-27 12:50:00
2 bars requested 2 bars returned
start_idx [(0, Timestamp('2017-04-27 09:35:00'))]
start_ema 2017-04-27 09:50:00 data.dropna() feed returned insufficient data
now 2017-04-27 13:00:01.344000 return data: last bar 2017-04-27 13:00:00 last processed bar 2017-04-27 12:55:00
2 bars requested 2 bars returned
start_idx [(0, Timestamp('2017-04-27 09:35:00'))]
start_ema 2017-04-27 09:50:00 data.dropna() feed returned insufficient data
now 2017-04-27 13:05:01.263000 return data: last bar 2017-04-27 13:05:00 last processed bar 2017-04-27 13:00:00
2 bars requested 2 bars returned
start_idx [(0, Timestamp('2017-04-27 09:35:00'))]
start_ema 2017-04-27 09:50:00 data.dropna() feed returned insufficient data
now 2017-04-27 13:10:01.763000 return data: last bar 2017-04-27 13:10:00 last processed bar 2017-04-27 13:05:00
2 bars requested 2 bars returned
start_idx [(0, Timestamp('2017-04-27 09:35:00'))]
start_ema 2017-04-27 09:50:00 data.dropna() feed returned insufficient data
now 2017-04-27 13:15:00.574000 return data: last bar 2017-04-27 13:15:00 last processed bar 2017-04-27 13:10:00
2 bars requested 2 bars returned
start_idx [(0, Timestamp('2017-04-27 09:35:00'))]
start_ema 2017-04-27 09:50:00 data.dropna() feed returned insufficient data
now 2017-04-27 13:20:01.157000 return data: last bar 2017-04-27 13:20:00 last processed bar 2017-04-27 13:15:00
2 bars requested 2 bars returned
start_idx [(0, Timestamp('2017-04-27 09:35:00'))]
start_ema 2017-04-27 09:50:00 data.dropna() feed returned insufficient data
now 2017-04-27 13:25:01.049000 return data: last bar 2017-04-27 13:25:00 last processed bar 2017-04-27 13:20:00
2 bars requested 2 bars returned
start_idx [(0, Timestamp('2017-04-27 09:35:00'))]
start_ema 2017-04-27 09:50:00 data.dropna() feed returned insufficient data
now 2017-04-27 13:30:00.256000 return data: last bar 2017-04-27 13:30:00 last processed bar 2017-04-27 13:25:00
2 bars requested 2 bars returned
start_idx [(0, Timestamp('2017-04-27 09:35:00'))]
start_ema 2017-04-27 09:50:00 data.dropna() feed returned insufficient data
now 2017-04-27 13:35:00.363000 return data: last bar 2017-04-27 13:35:00 last processed bar 2017-04-27 13:30:00
2 bars requested 2 bars returned
start_idx [(0, Timestamp('2017-04-27 09:35:00'))]
start_ema 2017-04-27 09:50:00 data.dropna() feed returned insufficient data
now 2017-04-27 13:40:00.255000 return data: last bar 2017-04-27 13:40:00 last processed bar 2017-04-27 13:35:00
2 bars requested 2 bars returned
start_idx [(0, Timestamp('2017-04-27 09:35:00'))]
start_ema 2017-04-27 09:50:00 data.dropna() feed returned insufficient data
now 2017-04-27 13:45:00.025000 return data: last bar 2017-04-27 13:45:00 last processed bar 2017-04-27 13:40:00
2 bars requested 2 bars returned
start_idx [(0, Timestamp('2017-04-27 09:35:00'))]
start_ema 2017-04-27 09:50:00 data.dropna() feed returned insufficient data
now 2017-04-27 13:50:00.426000 return data: last bar 2017-04-27 13:50:00 last processed bar 2017-04-27 13:45:00
2 bars requested 2 bars returned
start_idx [(0, Timestamp('2017-04-27 09:35:00'))]
start_ema 2017-04-27 09:50:00 data.dropna() feed returned insufficient data
now 2017-04-27 13:55:00.029000 return data: last bar 2017-04-27 13:55:00 last processed bar 2017-04-27 13:50:00
2 bars requested 2 bars returned
start_idx [(0, Timestamp('2017-04-27 09:35:00'))]
start_ema 2017-04-27 09:50:00 data.dropna() feed returned insufficient data
now 2017-04-27 14:00:01.038000 return data: last bar 2017-04-27 14:00:00 last processed bar 2017-04-27 13:55:00
2 bars requested 2 bars returned
start_idx [(0, Timestamp('2017-04-27 09:35:00'))]
start_ema 2017-04-27 09:50:00 data.dropna() feed returned insufficient data
now 2017-04-27 14:05:00.118000 return data: last bar 2017-04-27 14:05:00 last processed bar 2017-04-27 14:00:00
2 bars requested 2 bars returned
start_idx [(0, Timestamp('2017-04-27 09:35:00'))]
start_ema 2017-04-27 09:50:00 data.dropna() feed returned insufficient data
now 2017-04-27 14:10:01.085000 return data: last bar 2017-04-27 14:10:00 last processed bar 2017-04-27 14:05:00
2 bars requested 2 bars returned
start_idx [(0, Timestamp('2017-04-27 09:35:00'))]
start_ema 2017-04-27 09:50:00 data.dropna() feed returned insufficient data
now 2017-04-27 14:15:01.202000 return data: last bar 2017-04-27 14:15:00 last processed bar 2017-04-27 14:10:00
2 bars requested 2 bars returned
start_idx [(0, Timestamp('2017-04-27 09:35:00'))]
start_ema 2017-04-27 09:50:00 data.dropna() feed returned insufficient data
now 2017-04-27 14:20:00.238000 return data: last bar 2017-04-27 14:20:00 last processed bar 2017-04-27 14:15:00
2 bars requested 2 bars returned
start_idx [(0, Timestamp('2017-04-27 09:35:00'))]
start_ema 2017-04-27 09:50:00 data.dropna() feed returned insufficient data
now 2017-04-27 14:25:00.424000 return data: last bar 2017-04-27 14:25:00 last processed bar 2017-04-27 14:20:00
2 bars requested 2 bars returned
start_idx [(0, Timestamp('2017-04-27 09:35:00'))]
start_ema 2017-04-27 09:50:00 data.dropna() feed returned insufficient data
now 2017-04-27 14:30:00.619000 return data: last bar 2017-04-27 14:30:00 last processed bar 2017-04-27 14:25:00
2 bars requested 2 bars returned
start_idx [(0, Timestamp('2017-04-27 09:35:00'))]
start_ema 2017-04-27 09:50:00 data.dropna() feed returned insufficient data
now 2017-04-27 14:35:01.339000 return data: last bar 2017-04-27 14:35:00 last processed bar 2017-04-27 14:30:00
2 bars requested 2 bars returned
start_idx [(0, Timestamp('2017-04-27 09:35:00'))]
start_ema 2017-04-27 09:50:00 data.dropna() feed returned insufficient data
now 2017-04-27 14:40:02.046000 return data: last bar 2017-04-27 14:40:00 last processed bar 2017-04-27 14:35:00
2 bars requested 2 bars returned
start_idx [(0, Timestamp('2017-04-27 09:35:00'))]
start_ema 2017-04-27 09:50:00 data.dropna() feed returned insufficient data
now 2017-04-27 14:45:01.083000 return data: last bar 2017-04-27 14:45:00 last processed bar 2017-04-27 14:40:00
2 bars requested 2 bars returned
start_idx [(0, Timestamp('2017-04-27 09:35:00'))]
start_ema 2017-04-27 09:50:00 data.dropna() feed returned insufficient data
now 2017-04-27 14:50:00.153000 return data: last bar 2017-04-27 14:50:00 last processed bar 2017-04-27 14:45:00
2 bars requested 2 bars returned
start_idx [(0, Timestamp('2017-04-27 09:35:00'))]
start_ema 2017-04-27 09:50:00 data.dropna() feed returned insufficient data
now 2017-04-27 14:55:02.237000 return data: last bar 2017-04-27 14:55:00 last processed bar 2017-04-27 14:50:00
2 bars requested 2 bars returned
start_idx [(0, Timestamp('2017-04-27 09:35:00'))]
start_ema 2017-04-27 09:50:00 data.dropna() feed returned insufficient data
now 2017-04-27 15:00:02.337000 return data: last bar 2017-04-27 15:00:00 last processed bar 2017-04-27 14:55:00
2 bars requested 2 bars returned
start_idx [(0, Timestamp('2017-04-27 09:35:00'))]
start_ema 2017-04-27 09:50:00 data.dropna() feed returned insufficient data
now 2017-04-27 15:05:00.003000 return data: last bar 2017-04-27 15:05:00 last processed bar 2017-04-27 15:00:00
2 bars requested 2 bars returned
start_idx [(0, Timestamp('2017-04-27 09:35:00'))]
start_ema 2017-04-27 09:50:00 data.dropna() feed returned insufficient data
now 2017-04-27 15:10:01.140000 return data: last bar 2017-04-27 15:10:00 last processed bar 2017-04-27 15:05:00
2 bars requested 2 bars returned
start_idx [(0, Timestamp('2017-04-27 09:35:00'))]
start_ema 2017-04-27 09:50:00 data.dropna() feed returned insufficient data
now 2017-04-27 15:15:00.748000 return data: last bar 2017-04-27 15:15:00 last processed bar 2017-04-27 15:10:00
2 bars requested 2 bars returned
start_idx [(0, Timestamp('2017-04-27 09:35:00'))]
start_ema 2017-04-27 09:50:00 data.dropna() feed returned insufficient data
now 2017-04-27 15:20:00.308000 return data: last bar 2017-04-27 15:20:00 last processed bar 2017-04-27 15:15:00
2 bars requested 2 bars returned
start_idx [(0, Timestamp('2017-04-27 09:35:00'))]
start_ema 2017-04-27 09:50:00 data.dropna() feed returned insufficient data
now 2017-04-27 15:20:04.434000 return None: last bar 2017-04-27 15:20:00 last processed bar 2017-04-27 15:20:00
2 bars requested None returned
SALE getFeed did not return any data! last bar: 2017-04-27 15:20:00 now: 15:20:05.131000
now 2017-04-27 15:25:01.221000 return data: last bar 2017-04-27 15:25:00 last processed bar 2017-04-27 15:20:00
596 bars requested 596 bars returned
start_idx [(525, Timestamp('2017-04-27 09:35:00'))]
start_ema 2017-04-27 08:00:00 start_vwap 2017-04-27 09:35:00 last_bar 2017-04-27 15:25:00 Writing to ./data/SALE_livesignals_20170427_09_40_29.csv ./data/SALE_last.csv
ET:  0.07  minutes
now 2017-04-27 15:30:01.889000 return data: last bar 2017-04-27 15:30:00 last processed bar 2017-04-27 15:25:00
2 bars requested 2 bars returned
start_idx [(0, Timestamp('2017-04-27 09:35:00'))]
start_ema 2017-04-27 09:55:00 data.dropna() feed returned insufficient data
now 2017-04-27 15:35:00.651000 return data: last bar 2017-04-27 15:35:00 last processed bar 2017-04-27 15:30:00
2 bars requested 2 bars returned
start_idx [(0, Timestamp('2017-04-27 09:35:00'))]
start_ema 2017-04-27 09:55:00 data.dropna() feed returned insufficient data
now 2017-04-27 15:40:00.771000 return data: last bar 2017-04-27 15:40:00 last processed bar 2017-04-27 15:35:00
2 bars requested 2 bars returned
start_idx [(0, Timestamp('2017-04-27 09:35:00'))]
start_ema 2017-04-27 09:55:00 data.dropna() feed returned insufficient data
now 2017-04-27 15:45:01.130000 return data: last bar 2017-04-27 15:45:00 last processed bar 2017-04-27 15:40:00
2 bars requested 2 bars returned
start_idx [(0, Timestamp('2017-04-27 09:35:00'))]
start_ema 2017-04-27 09:55:00 data.dropna() feed returned insufficient data
now 2017-04-27 15:50:00.232000 return data: last bar 2017-04-27 15:50:00 last processed bar 2017-04-27 15:45:00
2 bars requested 2 bars returned
start_idx [(0, Timestamp('2017-04-27 09:35:00'))]
start_ema 2017-04-27 09:55:00 data.dropna() feed returned insufficient data
now 2017-04-27 15:55:00.257000
