return data: last bar 2017-04-21 09:45:00 last processed bar 1000-01-01 00:00:00
596 bars requested 416 bars returned
start_idx [(413, Timestamp('2017-04-21 09:35:00'))]
start_ema 2017-04-21 08:00:00 start_vwap 2017-04-21 09:35:00 last_bar 2017-04-21 09:45:00 ET:  0.01  minutes
now 2017-04-21 09:50:00.660000 return None: last bar 2017-04-21 09:45:00 last processed bar 2017-04-21 09:45:00
SALE getFeed did not return any data! last bar: 2017-04-21 09:45:00 now: 09:50:04.134000
now 2017-04-21 09:55:01.263000 return data: last bar 2017-04-21 09:50:00 last processed bar 2017-04-21 09:45:00
596 bars requested 417 bars returned
start_idx [(413, Timestamp('2017-04-21 09:35:00'))]
start_ema 2017-04-21 08:00:00 start_vwap 2017-04-21 09:35:00 last_bar 2017-04-21 09:50:00 Writing to ./data/SALE_livesignals_20170421_09_46_16.csv ./data/SALE_last.csv
ET:  0.15  minutes
now 2017-04-21 10:00:00.909000 return data: last bar 2017-04-21 09:55:00 last processed bar 2017-04-21 09:50:00
596 bars requested 418 bars returned
start_idx [(413, Timestamp('2017-04-21 09:35:00'))]
start_ema 2017-04-21 08:00:00 start_vwap 2017-04-21 09:35:00 last_bar 2017-04-21 09:55:00 Writing to ./data/SALE_livesignals_20170421_09_46_16.csv ./data/SALE_last.csv
ET:  0.18  minutes
now 2017-04-21 10:05:00.740000 return data: last bar 2017-04-21 10:00:00 last processed bar 2017-04-21 09:55:00
596 bars requested 419 bars returned
start_idx [(413, Timestamp('2017-04-21 09:35:00'))]
start_ema 2017-04-21 08:00:00 start_vwap 2017-04-21 09:35:00 last_bar 2017-04-21 10:00:00 Writing to ./data/SALE_livesignals_20170421_09_46_16.csv ./data/SALE_last.csv
ET:  0.17  minutes
now 2017-04-21 10:10:00.235000 return data: last bar 2017-04-21 10:05:00 last processed bar 2017-04-21 10:00:00
596 bars requested 596 bars returned
start_idx [(589, Timestamp('2017-04-21 09:35:00'))]
start_ema 2017-04-21 08:00:00 start_vwap 2017-04-21 09:35:00 last_bar 2017-04-21 10:05:00 Writing to ./data/SALE_livesignals_20170421_09_46_16.csv ./data/SALE_last.csv
ET:  0.09  minutes
now 2017-04-21 10:15:02.647000 return data: last bar 2017-04-21 10:10:00 last processed bar 2017-04-21 10:05:00
596 bars requested 596 bars returned
start_idx [(588, Timestamp('2017-04-21 09:35:00'))]
start_ema 2017-04-21 08:00:00 start_vwap 2017-04-21 09:35:00 last_bar 2017-04-21 10:10:00 Writing to ./data/SALE_livesignals_20170421_09_46_16.csv ./data/SALE_last.csv
ET:  0.18  minutes
now 2017-04-21 10:20:01.480000 return data: last bar 2017-04-21 10:15:00 last processed bar 2017-04-21 10:10:00
596 bars requested 596 bars returned
start_idx [(587, Timestamp('2017-04-21 09:35:00'))]
start_ema 2017-04-21 08:00:00 start_vwap 2017-04-21 09:35:00 last_bar 2017-04-21 10:15:00 Writing to ./data/SALE_livesignals_20170421_09_46_16.csv ./data/SALE_last.csv
ET:  0.19  minutes
now 2017-04-21 10:25:02.531000 return data: last bar 2017-04-21 10:25:00 last processed bar 2017-04-21 10:15:00
596 bars requested 596 bars returned
start_idx [(585, Timestamp('2017-04-21 09:35:00'))]
start_ema 2017-04-21 08:00:00 start_vwap 2017-04-21 09:35:00 last_bar 2017-04-21 10:25:00 Writing to ./data/SALE_livesignals_20170421_09_46_16.csv ./data/SALE_last.csv
ET:  0.18  minutes
now 2017-04-21 10:30:00.297000 return data: last bar 2017-04-21 10:30:00 last processed bar 2017-04-21 10:25:00
596 bars requested 596 bars returned
start_idx [(584, Timestamp('2017-04-21 09:35:00'))]
start_ema 2017-04-21 08:00:00 start_vwap 2017-04-21 09:35:00 last_bar 2017-04-21 10:30:00 Writing to ./data/SALE_livesignals_20170421_09_46_16.csv ./data/SALE_last.csv
ET:  0.21  minutes
now 2017-04-21 10:35:00.785000 return data: last bar 2017-04-21 10:35:00 last processed bar 2017-04-21 10:30:00
596 bars requested 596 bars returned
start_idx [(583, Timestamp('2017-04-21 09:35:00'))]
start_ema 2017-04-21 08:00:00 start_vwap 2017-04-21 09:35:00 last_bar 2017-04-21 10:35:00 Writing to ./data/SALE_livesignals_20170421_09_46_16.csv ./data/SALE_last.csv
ET:  0.21  minutes
now 2017-04-21 10:40:00.278000 return data: last bar 2017-04-21 10:40:00 last processed bar 2017-04-21 10:35:00
596 bars requested 596 bars returned
start_idx [(582, Timestamp('2017-04-21 09:35:00'))]
start_ema 2017-04-21 08:00:00 start_vwap 2017-04-21 09:35:00 last_bar 2017-04-21 10:40:00 Writing to ./data/SALE_livesignals_20170421_09_46_16.csv ./data/SALE_last.csv
ET:  0.2  minutes
now 2017-04-21 10:45:00.183000 return data: last bar 2017-04-21 10:45:00 last processed bar 2017-04-21 10:40:00
596 bars requested 596 bars returned
start_idx [(581, Timestamp('2017-04-21 09:35:00'))]
start_ema 2017-04-21 08:00:00 start_vwap 2017-04-21 09:35:00 last_bar 2017-04-21 10:45:00 Writing to ./data/SALE_livesignals_20170421_09_46_16.csv ./data/SALE_last.csv
ET:  0.21  minutes
now 2017-04-21 10:50:02.299000 return data: last bar 2017-04-21 10:50:00 last processed bar 2017-04-21 10:45:00
596 bars requested 596 bars returned
start_idx [(580, Timestamp('2017-04-21 09:35:00'))]
start_ema 2017-04-21 08:00:00 start_vwap 2017-04-21 09:35:00 last_bar 2017-04-21 10:50:00 Writing to ./data/SALE_livesignals_20170421_09_46_16.csv ./data/SALE_last.csv
ET:  0.18  minutes
now 2017-04-21 10:55:02.158000 return data: last bar 2017-04-21 10:55:00 last processed bar 2017-04-21 10:50:00
596 bars requested 596 bars returned
start_idx [(579, Timestamp('2017-04-21 09:35:00'))]
start_ema 2017-04-21 08:00:00 start_vwap 2017-04-21 09:35:00 last_bar 2017-04-21 10:55:00 Writing to ./data/SALE_livesignals_20170421_09_46_16.csv ./data/SALE_last.csv
ET:  0.18  minutes
now 2017-04-21 11:00:00.979000 return data: last bar 2017-04-21 11:00:00 last processed bar 2017-04-21 10:55:00
596 bars requested 596 bars returned
start_idx [(578, Timestamp('2017-04-21 09:35:00'))]
start_ema 2017-04-21 08:00:00 start_vwap 2017-04-21 09:35:00 last_bar 2017-04-21 11:00:00 Writing to ./data/SALE_livesignals_20170421_09_46_16.csv ./data/SALE_last.csv
ET:  0.21  minutes
now 2017-04-21 11:05:00.342000 return data: last bar 2017-04-21 11:05:00 last processed bar 2017-04-21 11:00:00
596 bars requested 596 bars returned
start_idx [(577, Timestamp('2017-04-21 09:35:00'))]
start_ema 2017-04-21 08:00:00 start_vwap 2017-04-21 09:35:00 last_bar 2017-04-21 11:05:00 Writing to ./data/SALE_livesignals_20170421_09_46_16.csv ./data/SALE_last.csv
ET:  0.22  minutes
now 2017-04-21 11:10:01.342000 return data: last bar 2017-04-21 11:10:00 last processed bar 2017-04-21 11:05:00
596 bars requested 596 bars returned
start_idx [(576, Timestamp('2017-04-21 09:35:00'))]
start_ema 2017-04-21 08:00:00 start_vwap 2017-04-21 09:35:00 last_bar 2017-04-21 11:10:00 Writing to ./data/SALE_livesignals_20170421_09_46_16.csv ./data/SALE_last.csv
ET:  0.2  minutes
now 2017-04-21 11:15:01.853000 return data: last bar 2017-04-21 11:15:00 last processed bar 2017-04-21 11:10:00
596 bars requested 596 bars returned
start_idx [(575, Timestamp('2017-04-21 09:35:00'))]
start_ema 2017-04-21 08:00:00 start_vwap 2017-04-21 09:35:00 last_bar 2017-04-21 11:15:00 Writing to ./data/SALE_livesignals_20170421_09_46_16.csv ./data/SALE_last.csv
ET:  0.19  minutes
now 2017-04-21 11:20:00.537000 return data: last bar 2017-04-21 11:20:00 last processed bar 2017-04-21 11:15:00
596 bars requested 596 bars returned
start_idx [(574, Timestamp('2017-04-21 09:35:00'))]
start_ema 2017-04-21 08:00:00 start_vwap 2017-04-21 09:35:00 last_bar 2017-04-21 11:20:00 Writing to ./data/SALE_livesignals_20170421_09_46_16.csv ./data/SALE_last.csv
ET:  0.2  minutes
now 2017-04-21 11:25:00.889000 return data: last bar 2017-04-21 11:25:00 last processed bar 2017-04-21 11:20:00
2 bars requested 2 bars returned
596 bars requested 22 bars returned
start_idx [(0, Timestamp('2017-04-21 09:35:00'))]
start_ema 2017-04-21 09:50:00 data.dropna() feed returned insufficient data
now 2017-04-21 11:30:01.414000 return data: last bar 2017-04-21 11:30:00 last processed bar 2017-04-21 11:25:00
2 bars requested 2 bars returned
596 bars requested 22 bars returned
start_idx [(0, Timestamp('2017-04-21 09:35:00'))]
start_ema 2017-04-21 09:50:00 data.dropna() feed returned insufficient data
now 2017-04-21 11:35:00.071000 return data: last bar 2017-04-21 11:35:00 last processed bar 2017-04-21 11:30:00
2 bars requested 2 bars returned
596 bars requested 22 bars returned
start_idx [(0, Timestamp('2017-04-21 09:35:00'))]
start_ema 2017-04-21 09:50:00 data.dropna() feed returned insufficient data
now 2017-04-21 11:40:00.308000 return data: last bar 2017-04-21 11:40:00 last processed bar 2017-04-21 11:35:00
2 bars requested 2 bars returned
596 bars requested 22 bars returned
start_idx [(0, Timestamp('2017-04-21 09:35:00'))]
start_ema 2017-04-21 09:50:00 data.dropna() feed returned insufficient data
now 2017-04-21 11:45:00.552000 return data: last bar 2017-04-21 11:45:00 last processed bar 2017-04-21 11:40:00
2 bars requested 2 bars returned
596 bars requested 22 bars returned
start_idx [(0, Timestamp('2017-04-21 09:35:00'))]
start_ema 2017-04-21 09:50:00 data.dropna() feed returned insufficient data
now 2017-04-21 11:50:00.730000 return data: last bar 2017-04-21 11:50:00 last processed bar 2017-04-21 11:45:00
2 bars requested 2 bars returned
596 bars requested 22 bars returned
start_idx [(0, Timestamp('2017-04-21 09:35:00'))]
start_ema 2017-04-21 09:50:00 data.dropna() feed returned insufficient data
now 2017-04-21 11:55:00.984000 return data: last bar 2017-04-21 11:55:00 last processed bar 2017-04-21 11:50:00
2 bars requested 2 bars returned
596 bars requested 22 bars returned
start_idx [(0, Timestamp('2017-04-21 09:35:00'))]
start_ema 2017-04-21 09:50:00 data.dropna() feed returned insufficient data
now 2017-04-21 12:00:01.077000 return data: last bar 2017-04-21 12:00:00 last processed bar 2017-04-21 11:55:00
2 bars requested 2 bars returned
596 bars requested 22 bars returned
start_idx [(0, Timestamp('2017-04-21 09:35:00'))]
start_ema 2017-04-21 09:50:00 data.dropna() feed returned insufficient data
now 2017-04-21 12:05:00.869000 return data: last bar 2017-04-21 12:05:00 last processed bar 2017-04-21 12:00:00
2 bars requested 2 bars returned
596 bars requested 22 bars returned
start_idx [(0, Timestamp('2017-04-21 09:35:00'))]
start_ema 2017-04-21 09:50:00 data.dropna() feed returned insufficient data
now 2017-04-21 12:10:01.600000 return data: last bar 2017-04-21 12:10:00 last processed bar 2017-04-21 12:05:00
2 bars requested 2 bars returned
596 bars requested 22 bars returned
start_idx [(0, Timestamp('2017-04-21 09:35:00'))]
start_ema 2017-04-21 09:50:00 data.dropna() feed returned insufficient data
now 2017-04-21 12:15:00.859000 return data: last bar 2017-04-21 12:15:00 last processed bar 2017-04-21 12:10:00
2 bars requested 2 bars returned
596 bars requested 22 bars returned
start_idx [(0, Timestamp('2017-04-21 09:35:00'))]
start_ema 2017-04-21 09:50:00 data.dropna() feed returned insufficient data
now 2017-04-21 12:20:01.053000 return data: last bar 2017-04-21 12:20:00 last processed bar 2017-04-21 12:15:00
2 bars requested 2 bars returned
596 bars requested 22 bars returned
start_idx [(0, Timestamp('2017-04-21 09:35:00'))]
start_ema 2017-04-21 09:50:00 data.dropna() feed returned insufficient data
now 2017-04-21 12:25:00.808000 return data: last bar 2017-04-21 12:25:00 last processed bar 2017-04-21 12:20:00
2 bars requested 2 bars returned
596 bars requested 22 bars returned
start_idx [(0, Timestamp('2017-04-21 09:35:00'))]
start_ema 2017-04-21 09:50:00 data.dropna() feed returned insufficient data
now 2017-04-21 12:30:00.974000 return data: last bar 2017-04-21 12:30:00 last processed bar 2017-04-21 12:25:00
2 bars requested 2 bars returned
596 bars requested 22 bars returned
start_idx [(0, Timestamp('2017-04-21 09:35:00'))]
start_ema 2017-04-21 09:50:00 data.dropna() feed returned insufficient data
now 2017-04-21 12:35:00.934000 return data: last bar 2017-04-21 12:35:00 last processed bar 2017-04-21 12:30:00
2 bars requested 2 bars returned
596 bars requested 22 bars returned
start_idx [(0, Timestamp('2017-04-21 09:35:00'))]
start_ema 2017-04-21 09:50:00 data.dropna() feed returned insufficient data
now 2017-04-21 12:40:00.045000 return data: last bar 2017-04-21 12:40:00 last processed bar 2017-04-21 12:35:00
2 bars requested 2 bars returned
596 bars requested 22 bars returned
start_idx [(0, Timestamp('2017-04-21 09:35:00'))]
start_ema 2017-04-21 09:50:00 data.dropna() feed returned insufficient data
now 2017-04-21 12:45:00.114000 return data: last bar 2017-04-21 12:45:00 last processed bar 2017-04-21 12:40:00
2 bars requested 2 bars returned
596 bars requested 22 bars returned
start_idx [(0, Timestamp('2017-04-21 09:35:00'))]
start_ema 2017-04-21 09:50:00 data.dropna() feed returned insufficient data
now 2017-04-21 12:50:00.220000 return data: last bar 2017-04-21 12:50:00 last processed bar 2017-04-21 12:45:00
2 bars requested 2 bars returned
596 bars requested 22 bars returned
start_idx [(0, Timestamp('2017-04-21 09:35:00'))]
start_ema 2017-04-21 09:50:00 data.dropna() feed returned insufficient data
now 2017-04-21 12:55:00.591000 return data: last bar 2017-04-21 12:55:00 last processed bar 2017-04-21 12:50:00
2 bars requested 2 bars returned
596 bars requested 22 bars returned
start_idx [(0, Timestamp('2017-04-21 09:35:00'))]
start_ema 2017-04-21 09:50:00 data.dropna() feed returned insufficient data
now 2017-04-21 13:00:00.109000 return data: last bar 2017-04-21 13:00:00 last processed bar 2017-04-21 12:55:00
2 bars requested 2 bars returned
596 bars requested 22 bars returned
start_idx [(0, Timestamp('2017-04-21 09:35:00'))]
start_ema 2017-04-21 09:50:00 data.dropna() feed returned insufficient data
now 2017-04-21 13:05:00.398000 return data: last bar 2017-04-21 13:05:00 last processed bar 2017-04-21 13:00:00
2 bars requested 2 bars returned
596 bars requested 22 bars returned
start_idx [(0, Timestamp('2017-04-21 09:35:00'))]
start_ema 2017-04-21 09:50:00 data.dropna() feed returned insufficient data
now 2017-04-21 13:10:00.374000 return data: last bar 2017-04-21 13:10:00 last processed bar 2017-04-21 13:05:00
2 bars requested 2 bars returned
596 bars requested 22 bars returned
start_idx [(0, Timestamp('2017-04-21 09:35:00'))]
start_ema 2017-04-21 09:50:00 data.dropna() feed returned insufficient data
now 2017-04-21 13:15:00.215000 return data: last bar 2017-04-21 13:15:00 last processed bar 2017-04-21 13:10:00
2 bars requested 2 bars returned
596 bars requested 22 bars returned
start_idx [(0, Timestamp('2017-04-21 09:35:00'))]
start_ema 2017-04-21 09:50:00 data.dropna() feed returned insufficient data
now 2017-04-21 13:20:00.308000 return data: last bar 2017-04-21 13:20:00 last processed bar 2017-04-21 13:15:00
2 bars requested 2 bars returned
596 bars requested 22 bars returned
start_idx [(0, Timestamp('2017-04-21 09:35:00'))]
start_ema 2017-04-21 09:50:00 data.dropna() feed returned insufficient data
now 2017-04-21 13:25:00.578000 return data: last bar 2017-04-21 13:25:00 last processed bar 2017-04-21 13:20:00
2 bars requested 2 bars returned
596 bars requested 22 bars returned
start_idx [(0, Timestamp('2017-04-21 09:35:00'))]
start_ema 2017-04-21 09:50:00 data.dropna() feed returned insufficient data
now 2017-04-21 13:30:00.830000 return data: last bar 2017-04-21 13:30:00 last processed bar 2017-04-21 13:25:00
2 bars requested 2 bars returned
596 bars requested 22 bars returned
start_idx [(0, Timestamp('2017-04-21 09:35:00'))]
start_ema 2017-04-21 09:50:00 data.dropna() feed returned insufficient data
now 2017-04-21 13:35:00.036000 return data: last bar 2017-04-21 13:35:00 last processed bar 2017-04-21 13:30:00
2 bars requested 2 bars returned
596 bars requested 22 bars returned
start_idx [(0, Timestamp('2017-04-21 09:35:00'))]
start_ema 2017-04-21 09:50:00 data.dropna() feed returned insufficient data
now 2017-04-21 13:40:00.205000 return data: last bar 2017-04-21 13:40:00 last processed bar 2017-04-21 13:35:00
2 bars requested 2 bars returned
596 bars requested 22 bars returned
start_idx [(0, Timestamp('2017-04-21 09:35:00'))]
start_ema 2017-04-21 09:50:00 data.dropna() feed returned insufficient data
now 2017-04-21 13:45:00.302000 return data: last bar 2017-04-21 13:45:00 last processed bar 2017-04-21 13:40:00
2 bars requested 2 bars returned
596 bars requested 22 bars returned
start_idx [(0, Timestamp('2017-04-21 09:35:00'))]
start_ema 2017-04-21 09:50:00 data.dropna() feed returned insufficient data
now 2017-04-21 13:50:00.511000 return data: last bar 2017-04-21 13:50:00 last processed bar 2017-04-21 13:45:00
2 bars requested 2 bars returned
596 bars requested 22 bars returned
start_idx [(0, Timestamp('2017-04-21 09:35:00'))]
start_ema 2017-04-21 09:50:00 data.dropna() feed returned insufficient data
now 2017-04-21 13:55:00.188000 return data: last bar 2017-04-21 13:55:00 last processed bar 2017-04-21 13:50:00
2 bars requested 2 bars returned
596 bars requested 22 bars returned
start_idx [(0, Timestamp('2017-04-21 09:35:00'))]
start_ema 2017-04-21 09:50:00 data.dropna() feed returned insufficient data
now 2017-04-21 14:00:00.453000 return data: last bar 2017-04-21 14:00:00 last processed bar 2017-04-21 13:55:00
2 bars requested 2 bars returned
596 bars requested 22 bars returned
start_idx [(0, Timestamp('2017-04-21 09:35:00'))]
start_ema 2017-04-21 09:50:00 data.dropna() feed returned insufficient data
now 2017-04-21 14:05:00.992000 return data: last bar 2017-04-21 14:05:00 last processed bar 2017-04-21 14:00:00
2 bars requested 2 bars returned
596 bars requested 22 bars returned
start_idx [(0, Timestamp('2017-04-21 09:35:00'))]
start_ema 2017-04-21 09:50:00 data.dropna() feed returned insufficient data
now 2017-04-21 14:10:00.831000 return data: last bar 2017-04-21 14:10:00 last processed bar 2017-04-21 14:05:00
2 bars requested 2 bars returned
596 bars requested 22 bars returned
start_idx [(0, Timestamp('2017-04-21 09:35:00'))]
start_ema 2017-04-21 09:50:00 data.dropna() feed returned insufficient data
now 2017-04-21 14:15:00.609000 return data: last bar 2017-04-21 14:15:00 last processed bar 2017-04-21 14:10:00
2 bars requested 2 bars returned
596 bars requested 22 bars returned
start_idx [(0, Timestamp('2017-04-21 09:35:00'))]
start_ema 2017-04-21 09:50:00 data.dropna() feed returned insufficient data
now 2017-04-21 14:20:00.723000 return data: last bar 2017-04-21 14:20:00 last processed bar 2017-04-21 14:15:00
2 bars requested 2 bars returned
596 bars requested 22 bars returned
start_idx [(0, Timestamp('2017-04-21 09:35:00'))]
start_ema 2017-04-21 09:50:00 data.dropna() feed returned insufficient data
now 2017-04-21 14:25:00.084000 return data: last bar 2017-04-21 14:25:00 last processed bar 2017-04-21 14:20:00
2 bars requested 2 bars returned
596 bars requested 22 bars returned
start_idx [(0, Timestamp('2017-04-21 09:35:00'))]
start_ema 2017-04-21 09:50:00 data.dropna() feed returned insufficient data
now 2017-04-21 14:25:02.619000 return None: last bar 2017-04-21 14:25:00 last processed bar 2017-04-21 14:25:00
2 bars requested None returned
SALE getFeed did not return any data! last bar: 2017-04-21 14:25:00 now: 14:25:02.632000
now 2017-04-21 14:30:00.966000 return data: last bar 2017-04-21 14:30:00 last processed bar 2017-04-21 14:25:00
2 bars requested 2 bars returned
596 bars requested 22 bars returned
start_idx [(0, Timestamp('2017-04-21 09:35:00'))]
start_ema 2017-04-21 09:50:00 data.dropna() feed returned insufficient data
now 2017-04-21 14:35:01.032000 return data: last bar 2017-04-21 14:35:00 last processed bar 2017-04-21 14:30:00
2 bars requested 2 bars returned
596 bars requested 22 bars returned
start_idx [(0, Timestamp('2017-04-21 09:35:00'))]
start_ema 2017-04-21 09:50:00 data.dropna() feed returned insufficient data
now 2017-04-21 14:40:00.112000 return data: last bar 2017-04-21 14:40:00 last processed bar 2017-04-21 14:35:00
2 bars requested 2 bars returned
596 bars requested 22 bars returned
start_idx [(0, Timestamp('2017-04-21 09:35:00'))]
start_ema 2017-04-21 09:50:00 data.dropna() feed returned insufficient data
now 2017-04-21 14:45:00.509000 return data: last bar 2017-04-21 14:45:00 last processed bar 2017-04-21 14:40:00
2 bars requested 2 bars returned
596 bars requested 22 bars returned
start_idx [(0, Timestamp('2017-04-21 09:35:00'))]
start_ema 2017-04-21 09:50:00 data.dropna() feed returned insufficient data
now 2017-04-21 14:50:00.163000 return data: last bar 2017-04-21 14:50:00 last processed bar 2017-04-21 14:45:00
2 bars requested 2 bars returned
596 bars requested 22 bars returned
start_idx [(0, Timestamp('2017-04-21 09:35:00'))]
start_ema 2017-04-21 09:50:00 data.dropna() feed returned insufficient data
now 2017-04-21 14:55:00.954000 return data: last bar 2017-04-21 14:55:00 last processed bar 2017-04-21 14:50:00
2 bars requested 2 bars returned
596 bars requested 22 bars returned
start_idx [(0, Timestamp('2017-04-21 09:35:00'))]
start_ema 2017-04-21 09:50:00 data.dropna() feed returned insufficient data
now 2017-04-21 15:00:00.963000 return data: last bar 2017-04-21 15:00:00 last processed bar 2017-04-21 14:55:00
2 bars requested 2 bars returned
596 bars requested 22 bars returned
start_idx [(0, Timestamp('2017-04-21 09:35:00'))]
start_ema 2017-04-21 09:50:00 data.dropna() feed returned insufficient data
now 2017-04-21 15:05:00.082000 return data: last bar 2017-04-21 15:05:00 last processed bar 2017-04-21 15:00:00
2 bars requested 2 bars returned
596 bars requested 22 bars returned
start_idx [(0, Timestamp('2017-04-21 09:35:00'))]
start_ema 2017-04-21 09:50:00 data.dropna() feed returned insufficient data
now 2017-04-21 15:10:00.373000 return data: last bar 2017-04-21 15:10:00 last processed bar 2017-04-21 15:05:00
2 bars requested 2 bars returned
596 bars requested 22 bars returned
start_idx [(0, Timestamp('2017-04-21 09:35:00'))]
start_ema 2017-04-21 09:50:00 data.dropna() feed returned insufficient data
now 2017-04-21 15:15:00.576000 return data: last bar 2017-04-21 15:15:00 last processed bar 2017-04-21 15:10:00
2 bars requested 2 bars returned
596 bars requested 22 bars returned
start_idx [(0, Timestamp('2017-04-21 09:35:00'))]
start_ema 2017-04-21 09:50:00 data.dropna() feed returned insufficient data
now 2017-04-21 15:20:00.642000 return data: last bar 2017-04-21 15:20:00 last processed bar 2017-04-21 15:15:00
2 bars requested 2 bars returned
596 bars requested 22 bars returned
start_idx [(0, Timestamp('2017-04-21 09:35:00'))]
start_ema 2017-04-21 09:50:00 data.dropna() feed returned insufficient data
now 2017-04-21 15:25:00.428000 return data: last bar 2017-04-21 15:25:00 last processed bar 2017-04-21 15:20:00
2 bars requested 2 bars returned
596 bars requested 22 bars returned
start_idx [(0, Timestamp('2017-04-21 09:35:00'))]
start_ema 2017-04-21 09:50:00 data.dropna() feed returned insufficient data
now 2017-04-21 15:30:00.188000 return data: last bar 2017-04-21 15:30:00 last processed bar 2017-04-21 15:25:00
2 bars requested 2 bars returned
596 bars requested 22 bars returned
start_idx [(0, Timestamp('2017-04-21 09:35:00'))]
start_ema 2017-04-21 09:50:00 data.dropna() feed returned insufficient data
now 2017-04-21 15:35:00.810000 return data: last bar 2017-04-21 15:35:00 last processed bar 2017-04-21 15:30:00
2 bars requested 2 bars returned
596 bars requested 22 bars returned
start_idx [(0, Timestamp('2017-04-21 09:35:00'))]
start_ema 2017-04-21 09:50:00 data.dropna() feed returned insufficient data
now 2017-04-21 15:40:00.373000 return data: last bar 2017-04-21 15:40:00 last processed bar 2017-04-21 15:35:00
2 bars requested 2 bars returned
596 bars requested 22 bars returned
start_idx [(0, Timestamp('2017-04-21 09:35:00'))]
start_ema 2017-04-21 09:50:00 data.dropna() feed returned insufficient data
now 2017-04-21 15:45:00.019000 return data: last bar 2017-04-21 15:45:00 last processed bar 2017-04-21 15:40:00
2 bars requested 2 bars returned
596 bars requested 22 bars returned
start_idx [(0, Timestamp('2017-04-21 09:35:00'))]
start_ema 2017-04-21 09:50:00 data.dropna() feed returned insufficient data
now 2017-04-21 15:50:00.368000 return data: last bar 2017-04-21 15:50:00 last processed bar 2017-04-21 15:45:00
2 bars requested 2 bars returned
596 bars requested 22 bars returned
start_idx [(0, Timestamp('2017-04-21 09:35:00'))]
start_ema 2017-04-21 09:50:00 data.dropna() feed returned insufficient data
now 2017-04-21 15:55:00.298000
