return data: last bar 2017-04-24 10:30:00 last processed bar 1000-01-01 00:00:00
start_idx [(583, Timestamp('2017-04-24 09:35:00'))]
start_ema 2017-04-23 20:50:00 start_vwap 2017-04-24 09:35:00 last_bar 2017-04-24 10:30:00 ET:  0.01  minutes
now 2017-04-24 10:35:01.619000 return None: last bar 2017-04-24 10:30:00 last processed bar 2017-04-24 10:30:00
SGMS getFeed did not return any data! last bar: 2017-04-24 10:30:00 now: 10:35:15.704000
now 2017-04-24 10:40:00.501000 return data: last bar 2017-04-24 10:35:00 last processed bar 2017-04-24 10:30:00
start_idx [(582, Timestamp('2017-04-24 09:35:00'))]
start_ema 2017-04-23 20:50:00 start_vwap 2017-04-24 09:35:00 last_bar 2017-04-24 10:35:00 Writing to ./data/SGMS_livesignals_20170424_10_32_51.csv ./data/SGMS_last.csv
ET:  0.27  minutes
now 2017-04-24 10:45:01.811000 return data: last bar 2017-04-24 10:40:00 last processed bar 2017-04-24 10:35:00
start_idx [(581, Timestamp('2017-04-24 09:35:00'))]
start_ema 2017-04-23 20:50:00 start_vwap 2017-04-24 09:35:00 last_bar 2017-04-24 10:40:00 Writing to ./data/SGMS_livesignals_20170424_10_32_51.csv ./data/SGMS_last.csv
ET:  0.23  minutes
now 2017-04-24 10:50:00.784000 return data: last bar 2017-04-24 10:45:00 last processed bar 2017-04-24 10:40:00
start_idx [(580, Timestamp('2017-04-24 09:35:00'))]
start_ema 2017-04-23 20:50:00 start_vwap 2017-04-24 09:35:00 last_bar 2017-04-24 10:45:00 Writing to ./data/SGMS_livesignals_20170424_10_32_51.csv ./data/SGMS_last.csv
ET:  0.25  minutes
now 2017-04-24 10:55:02.306000 return data: last bar 2017-04-24 10:50:00 last processed bar 2017-04-24 10:45:00
start_idx [(579, Timestamp('2017-04-24 09:35:00'))]
start_ema 2017-04-23 20:50:00 start_vwap 2017-04-24 09:35:00 last_bar 2017-04-24 10:50:00 Writing to ./data/SGMS_livesignals_20170424_10_32_51.csv ./data/SGMS_last.csv
ET:  0.22  minutes
now 2017-04-24 11:00:00.647000 return data: last bar 2017-04-24 10:55:00 last processed bar 2017-04-24 10:50:00
start_idx [(578, Timestamp('2017-04-24 09:35:00'))]
start_ema 2017-04-23 20:50:00 start_vwap 2017-04-24 09:35:00 last_bar 2017-04-24 10:55:00 Writing to ./data/SGMS_livesignals_20170424_10_32_51.csv ./data/SGMS_last.csv
ET:  0.22  minutes
now 2017-04-24 11:05:00.894000 return data: last bar 2017-04-24 11:00:00 last processed bar 2017-04-24 10:55:00
start_idx [(577, Timestamp('2017-04-24 09:35:00'))]
start_ema 2017-04-23 20:50:00 start_vwap 2017-04-24 09:35:00 last_bar 2017-04-24 11:00:00 Writing to ./data/SGMS_livesignals_20170424_10_32_51.csv ./data/SGMS_last.csv
ET:  0.26  minutes
now 2017-04-24 11:10:01.018000 return data: last bar 2017-04-24 11:05:00 last processed bar 2017-04-24 11:00:00
start_idx [(576, Timestamp('2017-04-24 09:35:00'))]
start_ema 2017-04-23 20:50:00 start_vwap 2017-04-24 09:35:00 last_bar 2017-04-24 11:05:00 Writing to ./data/SGMS_livesignals_20170424_10_32_51.csv ./data/SGMS_last.csv
ET:  0.23  minutes
now 2017-04-24 11:15:01.266000 return data: last bar 2017-04-24 11:10:00 last processed bar 2017-04-24 11:05:00
start_idx [(575, Timestamp('2017-04-24 09:35:00'))]
start_ema 2017-04-23 20:50:00 start_vwap 2017-04-24 09:35:00 last_bar 2017-04-24 11:10:00 Writing to ./data/SGMS_livesignals_20170424_10_32_51.csv ./data/SGMS_last.csv
ET:  0.22  minutes
now 2017-04-24 11:20:01.029000 return data: last bar 2017-04-24 11:15:00 last processed bar 2017-04-24 11:10:00
2 bars requested 2 bars returned
start_idx [(0, Timestamp('2017-04-24 09:35:00'))]
start_ema 2017-04-24 09:50:00 data.dropna() feed returned insufficient data
now 2017-04-24 11:25:01.004000 return data: last bar 2017-04-24 11:20:00 last processed bar 2017-04-24 11:15:00
2 bars requested 2 bars returned
start_idx [(0, Timestamp('2017-04-24 09:35:00'))]
start_ema 2017-04-24 09:50:00 data.dropna() feed returned insufficient data
now 2017-04-24 11:30:00.088000 return data: last bar 2017-04-24 11:25:00 last processed bar 2017-04-24 11:20:00
2 bars requested 2 bars returned
start_idx [(0, Timestamp('2017-04-24 09:35:00'))]
start_ema 2017-04-24 09:50:00 data.dropna() feed returned insufficient data
now 2017-04-24 11:35:00.770000 return data: last bar 2017-04-24 11:30:00 last processed bar 2017-04-24 11:25:00
2 bars requested 2 bars returned
start_idx [(0, Timestamp('2017-04-24 09:35:00'))]
start_ema 2017-04-24 09:50:00 data.dropna() feed returned insufficient data
now 2017-04-24 11:40:00.112000 return data: last bar 2017-04-24 11:35:00 last processed bar 2017-04-24 11:30:00
2 bars requested 2 bars returned
start_idx [(0, Timestamp('2017-04-24 09:35:00'))]
start_ema 2017-04-24 09:50:00 data.dropna() feed returned insufficient data
now 2017-04-24 11:45:00.482000 return data: last bar 2017-04-24 11:40:00 last processed bar 2017-04-24 11:35:00
2 bars requested 2 bars returned
start_idx [(0, Timestamp('2017-04-24 09:35:00'))]
start_ema 2017-04-24 09:50:00 data.dropna() feed returned insufficient data
now 2017-04-24 11:50:00.686000 return data: last bar 2017-04-24 11:45:00 last processed bar 2017-04-24 11:40:00
2 bars requested 2 bars returned
start_idx [(0, Timestamp('2017-04-24 09:35:00'))]
start_ema 2017-04-24 09:50:00 data.dropna() feed returned insufficient data
now 2017-04-24 11:55:01.013000 return data: last bar 2017-04-24 11:50:00 last processed bar 2017-04-24 11:45:00
2 bars requested 2 bars returned
start_idx [(0, Timestamp('2017-04-24 09:35:00'))]
start_ema 2017-04-24 09:50:00 data.dropna() feed returned insufficient data
now 2017-04-24 12:00:00.707000 return data: last bar 2017-04-24 11:55:00 last processed bar 2017-04-24 11:50:00
2 bars requested 2 bars returned
start_idx [(0, Timestamp('2017-04-24 09:35:00'))]
start_ema 2017-04-24 09:50:00 data.dropna() feed returned insufficient data
now 2017-04-24 12:05:00.137000 return data: last bar 2017-04-24 12:00:00 last processed bar 2017-04-24 11:55:00
2 bars requested 2 bars returned
start_idx [(0, Timestamp('2017-04-24 09:35:00'))]
start_ema 2017-04-24 09:50:00 data.dropna() feed returned insufficient data
now 2017-04-24 12:10:00.417000 return data: last bar 2017-04-24 12:05:00 last processed bar 2017-04-24 12:00:00
2 bars requested 2 bars returned
start_idx [(0, Timestamp('2017-04-24 09:35:00'))]
start_ema 2017-04-24 09:50:00 data.dropna() feed returned insufficient data
now 2017-04-24 12:15:01.311000 return data: last bar 2017-04-24 12:10:00 last processed bar 2017-04-24 12:05:00
2 bars requested 2 bars returned
start_idx [(0, Timestamp('2017-04-24 09:35:00'))]
start_ema 2017-04-24 09:50:00 data.dropna() feed returned insufficient data
now 2017-04-24 12:20:00.925000 return data: last bar 2017-04-24 12:15:00 last processed bar 2017-04-24 12:10:00
2 bars requested 2 bars returned
start_idx [(0, Timestamp('2017-04-24 09:35:00'))]
start_ema 2017-04-24 09:50:00 data.dropna() feed returned insufficient data
now 2017-04-24 12:25:00.529000 return data: last bar 2017-04-24 12:20:00 last processed bar 2017-04-24 12:15:00
2 bars requested 2 bars returned
start_idx [(0, Timestamp('2017-04-24 09:35:00'))]
start_ema 2017-04-24 09:50:00 data.dropna() feed returned insufficient data
now 2017-04-24 12:30:00.834000 return data: last bar 2017-04-24 12:25:00 last processed bar 2017-04-24 12:20:00
2 bars requested 2 bars returned
start_idx [(0, Timestamp('2017-04-24 09:35:00'))]
start_ema 2017-04-24 09:50:00 data.dropna() feed returned insufficient data
now 2017-04-24 12:35:00.322000 return data: last bar 2017-04-24 12:30:00 last processed bar 2017-04-24 12:25:00
2 bars requested 2 bars returned
start_idx [(0, Timestamp('2017-04-24 09:35:00'))]
start_ema 2017-04-24 09:50:00 data.dropna() feed returned insufficient data
now 2017-04-24 12:40:00.221000 return data: last bar 2017-04-24 12:35:00 last processed bar 2017-04-24 12:30:00
2 bars requested 2 bars returned
start_idx [(0, Timestamp('2017-04-24 09:35:00'))]
start_ema 2017-04-24 09:50:00 data.dropna() feed returned insufficient data
now 2017-04-24 12:45:00.195000 return data: last bar 2017-04-24 12:40:00 last processed bar 2017-04-24 12:35:00
2 bars requested 2 bars returned
start_idx [(0, Timestamp('2017-04-24 09:35:00'))]
start_ema 2017-04-24 09:50:00 data.dropna() feed returned insufficient data
now 2017-04-24 12:50:00.922000 return data: last bar 2017-04-24 12:45:00 last processed bar 2017-04-24 12:40:00
2 bars requested 2 bars returned
start_idx [(0, Timestamp('2017-04-24 09:35:00'))]
start_ema 2017-04-24 09:50:00 data.dropna() feed returned insufficient data
now 2017-04-24 12:55:01.124000 return data: last bar 2017-04-24 12:50:00 last processed bar 2017-04-24 12:45:00
2 bars requested 2 bars returned
start_idx [(0, Timestamp('2017-04-24 09:35:00'))]
start_ema 2017-04-24 09:50:00 data.dropna() feed returned insufficient data
now 2017-04-24 13:00:00.648000 return data: last bar 2017-04-24 12:55:00 last processed bar 2017-04-24 12:50:00
2 bars requested 2 bars returned
start_idx [(0, Timestamp('2017-04-24 09:35:00'))]
start_ema 2017-04-24 09:50:00 data.dropna() feed returned insufficient data
now 2017-04-24 13:05:00.098000 return data: last bar 2017-04-24 13:00:00 last processed bar 2017-04-24 12:55:00
2 bars requested 2 bars returned
start_idx [(0, Timestamp('2017-04-24 09:35:00'))]
start_ema 2017-04-24 09:50:00 data.dropna() feed returned insufficient data
now 2017-04-24 13:10:00.906000 return data: last bar 2017-04-24 13:05:00 last processed bar 2017-04-24 13:00:00
2 bars requested 2 bars returned
start_idx [(0, Timestamp('2017-04-24 09:35:00'))]
start_ema 2017-04-24 09:50:00 data.dropna() feed returned insufficient data
now 2017-04-24 13:15:00.719000 return data: last bar 2017-04-24 13:10:00 last processed bar 2017-04-24 13:05:00
2 bars requested 2 bars returned
start_idx [(0, Timestamp('2017-04-24 09:35:00'))]
start_ema 2017-04-24 09:50:00 data.dropna() feed returned insufficient data
now 2017-04-24 13:20:00.669000 return data: last bar 2017-04-24 13:15:00 last processed bar 2017-04-24 13:10:00
2 bars requested 2 bars returned
start_idx [(0, Timestamp('2017-04-24 09:35:00'))]
start_ema 2017-04-24 09:50:00 data.dropna() feed returned insufficient data
now 2017-04-24 13:25:01.075000 return data: last bar 2017-04-24 13:20:00 last processed bar 2017-04-24 13:15:00
2 bars requested 2 bars returned
start_idx [(0, Timestamp('2017-04-24 09:35:00'))]
start_ema 2017-04-24 09:50:00 data.dropna() feed returned insufficient data
now 2017-04-24 13:30:00.747000 return data: last bar 2017-04-24 13:25:00 last processed bar 2017-04-24 13:20:00
2 bars requested 2 bars returned
start_idx [(0, Timestamp('2017-04-24 09:35:00'))]
start_ema 2017-04-24 09:50:00 data.dropna() feed returned insufficient data
now 2017-04-24 13:35:01.122000 return data: last bar 2017-04-24 13:30:00 last processed bar 2017-04-24 13:25:00
2 bars requested 2 bars returned
start_idx [(0, Timestamp('2017-04-24 09:35:00'))]
start_ema 2017-04-24 09:50:00 data.dropna() feed returned insufficient data
now 2017-04-24 13:40:00.327000 return data: last bar 2017-04-24 13:35:00 last processed bar 2017-04-24 13:30:00
2 bars requested 2 bars returned
start_idx [(0, Timestamp('2017-04-24 09:35:00'))]
start_ema 2017-04-24 09:50:00 data.dropna() feed returned insufficient data
now 2017-04-24 13:45:01.007000 return data: last bar 2017-04-24 13:40:00 last processed bar 2017-04-24 13:35:00
2 bars requested 2 bars returned
start_idx [(0, Timestamp('2017-04-24 09:35:00'))]
start_ema 2017-04-24 09:50:00 data.dropna() feed returned insufficient data
now 2017-04-24 13:50:00.519000 return data: last bar 2017-04-24 13:45:00 last processed bar 2017-04-24 13:40:00
2 bars requested 2 bars returned
start_idx [(0, Timestamp('2017-04-24 09:35:00'))]
start_ema 2017-04-24 09:50:00 data.dropna() feed returned insufficient data
now 2017-04-24 13:55:00.062000 return data: last bar 2017-04-24 13:50:00 last processed bar 2017-04-24 13:45:00
2 bars requested 2 bars returned
start_idx [(0, Timestamp('2017-04-24 09:35:00'))]
start_ema 2017-04-24 09:50:00 data.dropna() feed returned insufficient data
now 2017-04-24 14:00:00.178000 return data: last bar 2017-04-24 13:55:00 last processed bar 2017-04-24 13:50:00
2 bars requested 2 bars returned
start_idx [(0, Timestamp('2017-04-24 09:35:00'))]
start_ema 2017-04-24 09:50:00 data.dropna() feed returned insufficient data
now 2017-04-24 14:05:00.947000 return data: last bar 2017-04-24 14:00:00 last processed bar 2017-04-24 13:55:00
2 bars requested 2 bars returned
start_idx [(0, Timestamp('2017-04-24 09:35:00'))]
start_ema 2017-04-24 09:50:00 data.dropna() feed returned insufficient data
now 2017-04-24 14:10:01.087000 return data: last bar 2017-04-24 14:05:00 last processed bar 2017-04-24 14:00:00
2 bars requested 2 bars returned
start_idx [(0, Timestamp('2017-04-24 09:35:00'))]
start_ema 2017-04-24 09:50:00 data.dropna() feed returned insufficient data
now 2017-04-24 14:15:00.852000 return data: last bar 2017-04-24 14:10:00 last processed bar 2017-04-24 14:05:00
2 bars requested 2 bars returned
start_idx [(0, Timestamp('2017-04-24 09:35:00'))]
start_ema 2017-04-24 09:50:00 data.dropna() feed returned insufficient data
now 2017-04-24 14:20:01.093000 return data: last bar 2017-04-24 14:15:00 last processed bar 2017-04-24 14:10:00
2 bars requested 2 bars returned
start_idx [(0, Timestamp('2017-04-24 09:35:00'))]
start_ema 2017-04-24 09:50:00 data.dropna() feed returned insufficient data
now 2017-04-24 14:25:00.419000 return data: last bar 2017-04-24 14:20:00 last processed bar 2017-04-24 14:15:00
2 bars requested 2 bars returned
start_idx [(0, Timestamp('2017-04-24 09:35:00'))]
start_ema 2017-04-24 09:50:00 data.dropna() feed returned insufficient data
now 2017-04-24 14:30:00.093000 return data: last bar 2017-04-24 14:25:00 last processed bar 2017-04-24 14:20:00
2 bars requested 2 bars returned
start_idx [(0, Timestamp('2017-04-24 09:35:00'))]
start_ema 2017-04-24 09:50:00 data.dropna() feed returned insufficient data
now 2017-04-24 14:35:00.371000 return data: last bar 2017-04-24 14:30:00 last processed bar 2017-04-24 14:25:00
2 bars requested 2 bars returned
start_idx [(0, Timestamp('2017-04-24 09:35:00'))]
start_ema 2017-04-24 09:50:00 data.dropna() feed returned insufficient data
now 2017-04-24 14:40:00.952000 return data: last bar 2017-04-24 14:35:00 last processed bar 2017-04-24 14:30:00
2 bars requested 2 bars returned
start_idx [(0, Timestamp('2017-04-24 09:35:00'))]
start_ema 2017-04-24 09:50:00 data.dropna() feed returned insufficient data
now 2017-04-24 14:45:00.677000 return data: last bar 2017-04-24 14:40:00 last processed bar 2017-04-24 14:35:00
2 bars requested 2 bars returned
start_idx [(0, Timestamp('2017-04-24 09:35:00'))]
start_ema 2017-04-24 09:50:00 data.dropna() feed returned insufficient data
now 2017-04-24 14:50:00.768000 return data: last bar 2017-04-24 14:45:00 last processed bar 2017-04-24 14:40:00
2 bars requested 2 bars returned
start_idx [(0, Timestamp('2017-04-24 09:35:00'))]
start_ema 2017-04-24 09:50:00 data.dropna() feed returned insufficient data
now 2017-04-24 14:55:00.717000 return data: last bar 2017-04-24 14:50:00 last processed bar 2017-04-24 14:45:00
2 bars requested 2 bars returned
start_idx [(0, Timestamp('2017-04-24 09:35:00'))]
start_ema 2017-04-24 09:50:00 data.dropna() feed returned insufficient data
now 2017-04-24 15:00:00.264000 return data: last bar 2017-04-24 14:55:00 last processed bar 2017-04-24 14:50:00
2 bars requested 2 bars returned
start_idx [(0, Timestamp('2017-04-24 09:35:00'))]
start_ema 2017-04-24 09:50:00 data.dropna() feed returned insufficient data
now 2017-04-24 15:05:00.102000 return data: last bar 2017-04-24 15:00:00 last processed bar 2017-04-24 14:55:00
2 bars requested 2 bars returned
start_idx [(0, Timestamp('2017-04-24 09:35:00'))]
start_ema 2017-04-24 09:50:00 data.dropna() feed returned insufficient data
now 2017-04-24 15:10:00.321000 return data: last bar 2017-04-24 15:05:00 last processed bar 2017-04-24 15:00:00
2 bars requested 2 bars returned
start_idx [(0, Timestamp('2017-04-24 09:35:00'))]
start_ema 2017-04-24 09:50:00 data.dropna() feed returned insufficient data
now 2017-04-24 15:15:00.364000 return data: last bar 2017-04-24 15:10:00 last processed bar 2017-04-24 15:05:00
2 bars requested 2 bars returned
start_idx [(0, Timestamp('2017-04-24 09:35:00'))]
start_ema 2017-04-24 09:50:00 data.dropna() feed returned insufficient data
now 2017-04-24 15:20:00.806000 return data: last bar 2017-04-24 15:15:00 last processed bar 2017-04-24 15:10:00
2 bars requested 2 bars returned
start_idx [(0, Timestamp('2017-04-24 09:35:00'))]
start_ema 2017-04-24 09:50:00 data.dropna() feed returned insufficient data
now 2017-04-24 15:25:00.516000 return data: last bar 2017-04-24 15:20:00 last processed bar 2017-04-24 15:15:00
2 bars requested 2 bars returned
start_idx [(0, Timestamp('2017-04-24 09:35:00'))]
start_ema 2017-04-24 09:50:00 data.dropna() feed returned insufficient data
now 2017-04-24 15:30:00.189000 return data: last bar 2017-04-24 15:25:00 last processed bar 2017-04-24 15:20:00
2 bars requested 2 bars returned
start_idx [(0, Timestamp('2017-04-24 09:35:00'))]
start_ema 2017-04-24 09:50:00 data.dropna() feed returned insufficient data
now 2017-04-24 15:35:00.051000 return data: last bar 2017-04-24 15:30:00 last processed bar 2017-04-24 15:25:00
2 bars requested 2 bars returned
start_idx [(0, Timestamp('2017-04-24 09:35:00'))]
start_ema 2017-04-24 09:50:00 data.dropna() feed returned insufficient data
now 2017-04-24 15:40:00.184000 return data: last bar 2017-04-24 15:35:00 last processed bar 2017-04-24 15:30:00
2 bars requested 2 bars returned
start_idx [(0, Timestamp('2017-04-24 09:35:00'))]
start_ema 2017-04-24 09:50:00 data.dropna() feed returned insufficient data
now 2017-04-24 15:45:00.642000 return data: last bar 2017-04-24 15:40:00 last processed bar 2017-04-24 15:35:00
2 bars requested 2 bars returned
start_idx [(0, Timestamp('2017-04-24 09:35:00'))]
start_ema 2017-04-24 09:50:00 data.dropna() feed returned insufficient data
now 2017-04-24 15:50:00.236000 return data: last bar 2017-04-24 15:45:00 last processed bar 2017-04-24 15:40:00
2 bars requested 2 bars returned
start_idx [(0, Timestamp('2017-04-24 09:35:00'))]
start_ema 2017-04-24 09:50:00 data.dropna() feed returned insufficient data
now 2017-04-24 15:55:01.079000
