return data: last bar 2017-04-27 09:35:00 last processed bar 1000-01-01 00:00:00
SLM: Warning! 596 bars requested 176 bars returned.
start_idx [(175, Timestamp('2017-04-27 09:35:00'))]
start_ema 2017-04-27 08:00:00 start_vwap 2017-04-27 09:35:00 last_bar 2017-04-27 09:35:00 ET:  0.05  minutes
now 2017-04-27 09:45:00.032000 return None: last bar 2017-04-27 09:35:00 last processed bar 2017-04-27 09:35:00
SLM getFeed did not return any data! last bar: 2017-04-27 09:35:00 now: 09:45:00.270000
now 2017-04-27 09:50:00.700000 return data: last bar 2017-04-27 09:40:00 last processed bar 2017-04-27 09:35:00
SLM: Warning! 596 bars requested 177 bars returned.
start_idx [(175, Timestamp('2017-04-27 09:35:00'))]
start_ema 2017-04-27 08:00:00 start_vwap 2017-04-27 09:35:00 last_bar 2017-04-27 09:40:00 Writing to ./data/SLM_livesignals_20170427_09_40_27.csv ./data/SLM_last.csv
ET:  0.09  minutes
now 2017-04-27 09:55:00.477000 return data: last bar 2017-04-27 09:45:00 last processed bar 2017-04-27 09:40:00
SLM: Warning! 596 bars requested 178 bars returned.
start_idx [(175, Timestamp('2017-04-27 09:35:00'))]
start_ema 2017-04-27 08:00:00 start_vwap 2017-04-27 09:35:00 last_bar 2017-04-27 09:45:00 Writing to ./data/SLM_livesignals_20170427_09_40_27.csv ./data/SLM_last.csv
ET:  0.12  minutes
now 2017-04-27 10:00:01.524000 return data: last bar 2017-04-27 09:50:00 last processed bar 2017-04-27 09:45:00
SLM: Warning! 596 bars requested 179 bars returned.
start_idx [(175, Timestamp('2017-04-27 09:35:00'))]
start_ema 2017-04-27 08:00:00 start_vwap 2017-04-27 09:35:00 last_bar 2017-04-27 09:50:00 Writing to ./data/SLM_livesignals_20170427_09_40_27.csv ./data/SLM_last.csv
ET:  0.09  minutes
now 2017-04-27 10:05:02.559000 return data: last bar 2017-04-27 09:55:00 last processed bar 2017-04-27 09:50:00
SLM: Warning! 596 bars requested 180 bars returned.
start_idx [(175, Timestamp('2017-04-27 09:35:00'))]
start_ema 2017-04-27 08:00:00 start_vwap 2017-04-27 09:35:00 last_bar 2017-04-27 09:55:00 Writing to ./data/SLM_livesignals_20170427_09_40_27.csv ./data/SLM_last.csv
ET:  0.08  minutes
now 2017-04-27 10:10:00.810000 return data: last bar 2017-04-27 10:00:00 last processed bar 2017-04-27 09:55:00
SLM: Warning! 596 bars requested 181 bars returned.
start_idx [(175, Timestamp('2017-04-27 09:35:00'))]
start_ema 2017-04-27 08:00:00 start_vwap 2017-04-27 09:35:00 last_bar 2017-04-27 10:00:00 Writing to ./data/SLM_livesignals_20170427_09_40_27.csv ./data/SLM_last.csv
ET:  0.11  minutes
now 2017-04-27 10:15:00.697000 return data: last bar 2017-04-27 10:10:00 last processed bar 2017-04-27 10:00:00
SLM: Warning! 596 bars requested 183 bars returned.
start_idx [(175, Timestamp('2017-04-27 09:35:00'))]
start_ema 2017-04-27 08:00:00 start_vwap 2017-04-27 09:35:00 last_bar 2017-04-27 10:10:00 Writing to ./data/SLM_livesignals_20170427_09_40_27.csv ./data/SLM_last.csv
ET:  0.11  minutes
now 2017-04-27 10:20:00.276000 return data: last bar 2017-04-27 10:15:00 last processed bar 2017-04-27 10:10:00
SLM: Warning! 596 bars requested 184 bars returned.
start_idx [(175, Timestamp('2017-04-27 09:35:00'))]
start_ema 2017-04-27 08:00:00 start_vwap 2017-04-27 09:35:00 last_bar 2017-04-27 10:15:00 Writing to ./data/SLM_livesignals_20170427_09_40_27.csv ./data/SLM_last.csv
ET:  0.12  minutes
now 2017-04-27 10:25:00.650000 return data: last bar 2017-04-27 10:20:00 last processed bar 2017-04-27 10:15:00
SLM: Warning! 596 bars requested 185 bars returned.
start_idx [(175, Timestamp('2017-04-27 09:35:00'))]
start_ema 2017-04-27 08:00:00 start_vwap 2017-04-27 09:35:00 last_bar 2017-04-27 10:20:00 Writing to ./data/SLM_livesignals_20170427_09_40_27.csv ./data/SLM_last.csv
ET:  0.11  minutes
now 2017-04-27 10:30:00.080000 return data: last bar 2017-04-27 10:25:00 last processed bar 2017-04-27 10:20:00
SLM: Warning! 596 bars requested 186 bars returned.
start_idx [(175, Timestamp('2017-04-27 09:35:00'))]
start_ema 2017-04-27 08:00:00 start_vwap 2017-04-27 09:35:00 last_bar 2017-04-27 10:25:00 Writing to ./data/SLM_livesignals_20170427_09_40_27.csv ./data/SLM_last.csv
ET:  0.13  minutes
now 2017-04-27 10:35:00.861000 return data: last bar 2017-04-27 10:30:00 last processed bar 2017-04-27 10:25:00
SLM: Warning! 596 bars requested 187 bars returned.
start_idx [(175, Timestamp('2017-04-27 09:35:00'))]
start_ema 2017-04-27 08:00:00 start_vwap 2017-04-27 09:35:00 last_bar 2017-04-27 10:30:00 Writing to ./data/SLM_livesignals_20170427_09_40_27.csv ./data/SLM_last.csv
ET:  0.11  minutes
now 2017-04-27 10:40:00.469000 return data: last bar 2017-04-27 10:35:00 last processed bar 2017-04-27 10:30:00
SLM: Warning! 596 bars requested 188 bars returned.
start_idx [(175, Timestamp('2017-04-27 09:35:00'))]
start_ema 2017-04-27 08:00:00 start_vwap 2017-04-27 09:35:00 last_bar 2017-04-27 10:35:00 Writing to ./data/SLM_livesignals_20170427_09_40_27.csv ./data/SLM_last.csv
ET:  0.11  minutes
now 2017-04-27 10:45:02.108000 return data: last bar 2017-04-27 10:40:00 last processed bar 2017-04-27 10:35:00
SLM: Warning! 596 bars requested 189 bars returned.
start_idx [(175, Timestamp('2017-04-27 09:35:00'))]
start_ema 2017-04-27 08:00:00 start_vwap 2017-04-27 09:35:00 last_bar 2017-04-27 10:40:00 Writing to ./data/SLM_livesignals_20170427_09_40_27.csv ./data/SLM_last.csv
ET:  0.08  minutes
now 2017-04-27 10:50:03.218000 return data: last bar 2017-04-27 10:45:00 last processed bar 2017-04-27 10:40:00
SLM: Warning! 596 bars requested 190 bars returned.
start_idx [(175, Timestamp('2017-04-27 09:35:00'))]
start_ema 2017-04-27 08:00:00 start_vwap 2017-04-27 09:35:00 last_bar 2017-04-27 10:45:00 Writing to ./data/SLM_livesignals_20170427_09_40_27.csv ./data/SLM_last.csv
ET:  0.05  minutes
now 2017-04-27 10:55:00.829000 return data: last bar 2017-04-27 10:50:00 last processed bar 2017-04-27 10:45:00
SLM: Warning! 596 bars requested 191 bars returned.
start_idx [(175, Timestamp('2017-04-27 09:35:00'))]
start_ema 2017-04-27 08:00:00 start_vwap 2017-04-27 09:35:00 last_bar 2017-04-27 10:50:00 Writing to ./data/SLM_livesignals_20170427_09_40_27.csv ./data/SLM_last.csv
ET:  0.1  minutes
now 2017-04-27 11:00:00.662000 return data: last bar 2017-04-27 10:55:00 last processed bar 2017-04-27 10:50:00
SLM: Warning! 596 bars requested 192 bars returned.
start_idx [(175, Timestamp('2017-04-27 09:35:00'))]
start_ema 2017-04-27 08:00:00 start_vwap 2017-04-27 09:35:00 last_bar 2017-04-27 10:55:00 Writing to ./data/SLM_livesignals_20170427_09_40_27.csv ./data/SLM_last.csv
ET:  0.12  minutes
now 2017-04-27 11:05:01.101000 return data: last bar 2017-04-27 11:05:00 last processed bar 2017-04-27 10:55:00
SLM: Warning! 596 bars requested 194 bars returned.
start_idx [(175, Timestamp('2017-04-27 09:35:00'))]
start_ema 2017-04-27 08:00:00 start_vwap 2017-04-27 09:35:00 last_bar 2017-04-27 11:05:00 Writing to ./data/SLM_livesignals_20170427_09_40_27.csv ./data/SLM_last.csv
ET:  0.11  minutes
now 2017-04-27 11:10:00.945000 return None: last bar 2017-04-27 11:05:00 last processed bar 2017-04-27 11:05:00
SLM getFeed did not return any data! last bar: 2017-04-27 11:05:00 now: 11:10:03.281000
now 2017-04-27 11:15:01.243000 return data: last bar 2017-04-27 11:10:00 last processed bar 2017-04-27 11:05:00
SLM: Warning! 596 bars requested 195 bars returned.
start_idx [(175, Timestamp('2017-04-27 09:35:00'))]
start_ema 2017-04-27 08:00:00 start_vwap 2017-04-27 09:35:00 last_bar 2017-04-27 11:10:00 Writing to ./data/SLM_livesignals_20170427_09_40_27.csv ./data/SLM_last.csv
ET:  0.1  minutes
now 2017-04-27 11:20:01.467000 return data: last bar 2017-04-27 11:20:00 last processed bar 2017-04-27 11:10:00
SLM: Warning! 596 bars requested 197 bars returned.
start_idx [(175, Timestamp('2017-04-27 09:35:00'))]
start_ema 2017-04-27 08:00:00 start_vwap 2017-04-27 09:35:00 last_bar 2017-04-27 11:20:00 Writing to ./data/SLM_livesignals_20170427_09_40_27.csv ./data/SLM_last.csv
ET:  0.11  minutes
now 2017-04-27 11:25:01.197000 return data: last bar 2017-04-27 11:25:00 last processed bar 2017-04-27 11:20:00
SLM: Warning! 596 bars requested 198 bars returned.
start_idx [(175, Timestamp('2017-04-27 09:35:00'))]
start_ema 2017-04-27 08:00:00 start_vwap 2017-04-27 09:35:00 last_bar 2017-04-27 11:25:00 Writing to ./data/SLM_livesignals_20170427_09_40_27.csv ./data/SLM_last.csv
ET:  0.1  minutes
now 2017-04-27 11:30:00.024000 return None: last bar 2017-04-27 11:25:00 last processed bar 2017-04-27 11:25:00
SLM getFeed did not return any data! last bar: 2017-04-27 11:25:00 now: 11:30:00.399000
now 2017-04-27 11:35:01.143000 return data: last bar 2017-04-27 11:35:00 last processed bar 2017-04-27 11:25:00
SLM: Warning! 596 bars requested 200 bars returned.
start_idx [(175, Timestamp('2017-04-27 09:35:00'))]
start_ema 2017-04-27 08:00:00 start_vwap 2017-04-27 09:35:00 last_bar 2017-04-27 11:35:00 Writing to ./data/SLM_livesignals_20170427_09_40_27.csv ./data/SLM_last.csv
ET:  0.09  minutes
now 2017-04-27 11:40:00.873000 return None: last bar 2017-04-27 11:35:00 last processed bar 2017-04-27 11:35:00
SLM getFeed did not return any data! last bar: 2017-04-27 11:35:00 now: 11:40:01.466000
now 2017-04-27 11:45:00.363000 return data: last bar 2017-04-27 11:45:00 last processed bar 2017-04-27 11:35:00
SLM: Warning! 596 bars requested 202 bars returned.
start_idx [(175, Timestamp('2017-04-27 09:35:00'))]
start_ema 2017-04-27 08:00:00 start_vwap 2017-04-27 09:35:00 last_bar 2017-04-27 11:45:00 Writing to ./data/SLM_livesignals_20170427_09_40_27.csv ./data/SLM_last.csv
ET:  0.1  minutes
now 2017-04-27 11:50:00.620000 return None: last bar 2017-04-27 11:45:00 last processed bar 2017-04-27 11:45:00
SLM getFeed did not return any data! last bar: 2017-04-27 11:45:00 now: 11:50:01.976000
now 2017-04-27 11:55:00.741000 return data: last bar 2017-04-27 11:55:00 last processed bar 2017-04-27 11:45:00
SLM: Warning! 596 bars requested 204 bars returned.
start_idx [(175, Timestamp('2017-04-27 09:35:00'))]
start_ema 2017-04-27 08:00:00 start_vwap 2017-04-27 09:35:00 last_bar 2017-04-27 11:55:00 Writing to ./data/SLM_livesignals_20170427_09_40_27.csv ./data/SLM_last.csv
ET:  0.08  minutes
now 2017-04-27 12:00:00.693000 return data: last bar 2017-04-27 12:00:00 last processed bar 2017-04-27 11:55:00
SLM: Warning! 596 bars requested 205 bars returned.
start_idx [(175, Timestamp('2017-04-27 09:35:00'))]
start_ema 2017-04-27 08:00:00 start_vwap 2017-04-27 09:35:00 last_bar 2017-04-27 12:00:00 Writing to ./data/SLM_livesignals_20170427_09_40_27.csv ./data/SLM_last.csv
ET:  0.09  minutes
now 2017-04-27 12:05:00.510000 return data: last bar 2017-04-27 12:05:00 last processed bar 2017-04-27 12:00:00
SLM: Warning! 596 bars requested 206 bars returned.
start_idx [(175, Timestamp('2017-04-27 09:35:00'))]
start_ema 2017-04-27 08:00:00 start_vwap 2017-04-27 09:35:00 last_bar 2017-04-27 12:05:00 Writing to ./data/SLM_livesignals_20170427_09_40_27.csv ./data/SLM_last.csv
ET:  0.07  minutes
now 2017-04-27 12:10:00.924000 return data: last bar 2017-04-27 12:10:00 last processed bar 2017-04-27 12:05:00
SLM: Warning! 596 bars requested 207 bars returned.
start_idx [(175, Timestamp('2017-04-27 09:35:00'))]
start_ema 2017-04-27 08:00:00 start_vwap 2017-04-27 09:35:00 last_bar 2017-04-27 12:10:00 Writing to ./data/SLM_livesignals_20170427_09_40_27.csv ./data/SLM_last.csv
ET:  0.09  minutes
now 2017-04-27 12:15:00.313000 return data: last bar 2017-04-27 12:15:00 last processed bar 2017-04-27 12:10:00
SLM: Warning! 596 bars requested 208 bars returned.
start_idx [(175, Timestamp('2017-04-27 09:35:00'))]
start_ema 2017-04-27 08:00:00 start_vwap 2017-04-27 09:35:00 last_bar 2017-04-27 12:15:00 Writing to ./data/SLM_livesignals_20170427_09_40_27.csv ./data/SLM_last.csv
ET:  0.09  minutes
now 2017-04-27 12:20:01.388000 return data: last bar 2017-04-27 12:20:00 last processed bar 2017-04-27 12:15:00
SLM: Warning! 596 bars requested 209 bars returned.
start_idx [(175, Timestamp('2017-04-27 09:35:00'))]
start_ema 2017-04-27 08:00:00 start_vwap 2017-04-27 09:35:00 last_bar 2017-04-27 12:20:00 Writing to ./data/SLM_livesignals_20170427_09_40_27.csv ./data/SLM_last.csv
ET:  0.09  minutes
now 2017-04-27 12:25:00.612000 return None: last bar 2017-04-27 12:20:00 last processed bar 2017-04-27 12:20:00
SLM getFeed did not return any data! last bar: 2017-04-27 12:20:00 now: 12:25:02.022000
now 2017-04-27 12:30:00.854000 return data: last bar 2017-04-27 12:30:00 last processed bar 2017-04-27 12:20:00
SLM: Warning! 596 bars requested 211 bars returned.
start_idx [(175, Timestamp('2017-04-27 09:35:00'))]
start_ema 2017-04-27 08:00:00 start_vwap 2017-04-27 09:35:00 last_bar 2017-04-27 12:30:00 Writing to ./data/SLM_livesignals_20170427_09_40_27.csv ./data/SLM_last.csv
ET:  0.09  minutes
now 2017-04-27 12:35:00.410000 return data: last bar 2017-04-27 12:35:00 last processed bar 2017-04-27 12:30:00
SLM: Warning! 596 bars requested 212 bars returned.
start_idx [(175, Timestamp('2017-04-27 09:35:00'))]
start_ema 2017-04-27 08:00:00 start_vwap 2017-04-27 09:35:00 last_bar 2017-04-27 12:35:00 Writing to ./data/SLM_livesignals_20170427_09_40_27.csv ./data/SLM_last.csv
ET:  0.09  minutes
now 2017-04-27 12:40:00.784000 return data: last bar 2017-04-27 12:40:00 last processed bar 2017-04-27 12:35:00
SLM: Warning! 596 bars requested 213 bars returned.
start_idx [(175, Timestamp('2017-04-27 09:35:00'))]
start_ema 2017-04-27 08:00:00 start_vwap 2017-04-27 09:35:00 last_bar 2017-04-27 12:40:00 Writing to ./data/SLM_livesignals_20170427_09_40_27.csv ./data/SLM_last.csv
ET:  0.08  minutes
now 2017-04-27 12:45:01.564000 return data: last bar 2017-04-27 12:45:00 last processed bar 2017-04-27 12:40:00
SLM: Warning! 596 bars requested 214 bars returned.
start_idx [(175, Timestamp('2017-04-27 09:35:00'))]
start_ema 2017-04-27 08:00:00 start_vwap 2017-04-27 09:35:00 last_bar 2017-04-27 12:45:00 Writing to ./data/SLM_livesignals_20170427_09_40_27.csv ./data/SLM_last.csv
ET:  0.08  minutes
now 2017-04-27 12:50:00.156000 return data: last bar 2017-04-27 12:50:00 last processed bar 2017-04-27 12:45:00
SLM: Warning! 596 bars requested 215 bars returned.
start_idx [(175, Timestamp('2017-04-27 09:35:00'))]
start_ema 2017-04-27 08:00:00 start_vwap 2017-04-27 09:35:00 last_bar 2017-04-27 12:50:00 Writing to ./data/SLM_livesignals_20170427_09_40_27.csv ./data/SLM_last.csv
ET:  0.1  minutes
now 2017-04-27 12:55:00.028000 return data: last bar 2017-04-27 12:55:00 last processed bar 2017-04-27 12:50:00
SLM: Warning! 596 bars requested 216 bars returned.
start_idx [(175, Timestamp('2017-04-27 09:35:00'))]
start_ema 2017-04-27 08:00:00 start_vwap 2017-04-27 09:35:00 last_bar 2017-04-27 12:55:00 Writing to ./data/SLM_livesignals_20170427_09_40_27.csv ./data/SLM_last.csv
ET:  0.11  minutes
now 2017-04-27 13:00:04.835000 return data: last bar 2017-04-27 13:00:00 last processed bar 2017-04-27 12:55:00
SLM: Warning! 596 bars requested 217 bars returned.
start_idx [(175, Timestamp('2017-04-27 09:35:00'))]
start_ema 2017-04-27 08:00:00 start_vwap 2017-04-27 09:35:00 last_bar 2017-04-27 13:00:00 Writing to ./data/SLM_livesignals_20170427_09_40_27.csv ./data/SLM_last.csv
ET:  0.06  minutes
now 2017-04-27 13:05:00.192000 return None: last bar 2017-04-27 13:00:00 last processed bar 2017-04-27 13:00:00
SLM getFeed did not return any data! last bar: 2017-04-27 13:00:00 now: 13:05:00.938000
now 2017-04-27 13:10:00.493000 return data: last bar 2017-04-27 13:05:00 last processed bar 2017-04-27 13:00:00
SLM: Warning! 596 bars requested 218 bars returned.
start_idx [(175, Timestamp('2017-04-27 09:35:00'))]
start_ema 2017-04-27 08:00:00 start_vwap 2017-04-27 09:35:00 last_bar 2017-04-27 13:05:00 Writing to ./data/SLM_livesignals_20170427_09_40_27.csv ./data/SLM_last.csv
ET:  0.07  minutes
now 2017-04-27 13:15:02.201000 return data: last bar 2017-04-27 13:15:00 last processed bar 2017-04-27 13:05:00
SLM: Warning! 596 bars requested 220 bars returned.
start_idx [(175, Timestamp('2017-04-27 09:35:00'))]
start_ema 2017-04-27 08:00:00 start_vwap 2017-04-27 09:35:00 last_bar 2017-04-27 13:15:00 Writing to ./data/SLM_livesignals_20170427_09_40_27.csv ./data/SLM_last.csv
ET:  0.07  minutes
now 2017-04-27 13:20:00.979000 return data: last bar 2017-04-27 13:20:00 last processed bar 2017-04-27 13:15:00
SLM: Warning! 596 bars requested 221 bars returned.
start_idx [(175, Timestamp('2017-04-27 09:35:00'))]
start_ema 2017-04-27 08:00:00 start_vwap 2017-04-27 09:35:00 last_bar 2017-04-27 13:20:00 Writing to ./data/SLM_livesignals_20170427_09_40_27.csv ./data/SLM_last.csv
ET:  0.08  minutes
now 2017-04-27 13:25:01.293000 return data: last bar 2017-04-27 13:25:00 last processed bar 2017-04-27 13:20:00
SLM: Warning! 596 bars requested 222 bars returned.
start_idx [(175, Timestamp('2017-04-27 09:35:00'))]
start_ema 2017-04-27 08:00:00 start_vwap 2017-04-27 09:35:00 last_bar 2017-04-27 13:25:00 Writing to ./data/SLM_livesignals_20170427_09_40_27.csv ./data/SLM_last.csv
ET:  0.07  minutes
now 2017-04-27 13:30:00.600000 return data: last bar 2017-04-27 13:30:00 last processed bar 2017-04-27 13:25:00
SLM: Warning! 596 bars requested 223 bars returned.
start_idx [(175, Timestamp('2017-04-27 09:35:00'))]
start_ema 2017-04-27 08:00:00 start_vwap 2017-04-27 09:35:00 last_bar 2017-04-27 13:30:00 Writing to ./data/SLM_livesignals_20170427_09_40_27.csv ./data/SLM_last.csv
ET:  0.09  minutes
now 2017-04-27 13:35:01.507000 return data: last bar 2017-04-27 13:35:00 last processed bar 2017-04-27 13:30:00
SLM: Warning! 596 bars requested 224 bars returned.
start_idx [(175, Timestamp('2017-04-27 09:35:00'))]
start_ema 2017-04-27 08:00:00 start_vwap 2017-04-27 09:35:00 last_bar 2017-04-27 13:35:00 Writing to ./data/SLM_livesignals_20170427_09_40_27.csv ./data/SLM_last.csv
ET:  0.07  minutes
now 2017-04-27 13:40:01.098000 return data: last bar 2017-04-27 13:40:00 last processed bar 2017-04-27 13:35:00
SLM: Warning! 596 bars requested 225 bars returned.
start_idx [(175, Timestamp('2017-04-27 09:35:00'))]
start_ema 2017-04-27 08:00:00 start_vwap 2017-04-27 09:35:00 last_bar 2017-04-27 13:40:00 Writing to ./data/SLM_livesignals_20170427_09_40_27.csv ./data/SLM_last.csv
ET:  0.06  minutes
now 2017-04-27 13:45:00.692000 return data: last bar 2017-04-27 13:45:00 last processed bar 2017-04-27 13:40:00
SLM: Warning! 596 bars requested 226 bars returned.
start_idx [(175, Timestamp('2017-04-27 09:35:00'))]
start_ema 2017-04-27 08:00:00 start_vwap 2017-04-27 09:35:00 last_bar 2017-04-27 13:45:00 Writing to ./data/SLM_livesignals_20170427_09_40_27.csv ./data/SLM_last.csv
ET:  0.09  minutes
now 2017-04-27 13:50:00.486000 return data: last bar 2017-04-27 13:50:00 last processed bar 2017-04-27 13:45:00
SLM: Warning! 596 bars requested 227 bars returned.
start_idx [(175, Timestamp('2017-04-27 09:35:00'))]
start_ema 2017-04-27 08:00:00 start_vwap 2017-04-27 09:35:00 last_bar 2017-04-27 13:50:00 Writing to ./data/SLM_livesignals_20170427_09_40_27.csv ./data/SLM_last.csv
ET:  0.07  minutes
now 2017-04-27 13:55:01.589000 return data: last bar 2017-04-27 13:55:00 last processed bar 2017-04-27 13:50:00
SLM: Warning! 596 bars requested 228 bars returned.
start_idx [(175, Timestamp('2017-04-27 09:35:00'))]
start_ema 2017-04-27 08:00:00 start_vwap 2017-04-27 09:35:00 last_bar 2017-04-27 13:55:00 Writing to ./data/SLM_livesignals_20170427_09_40_27.csv ./data/SLM_last.csv
ET:  0.07  minutes
now 2017-04-27 14:00:01.235000 return data: last bar 2017-04-27 14:00:00 last processed bar 2017-04-27 13:55:00
SLM: Warning! 596 bars requested 229 bars returned.
start_idx [(175, Timestamp('2017-04-27 09:35:00'))]
start_ema 2017-04-27 08:00:00 start_vwap 2017-04-27 09:35:00 last_bar 2017-04-27 14:00:00 Writing to ./data/SLM_livesignals_20170427_09_40_27.csv ./data/SLM_last.csv
ET:  0.08  minutes
now 2017-04-27 14:05:00.129000 return data: last bar 2017-04-27 14:05:00 last processed bar 2017-04-27 14:00:00
SLM: Warning! 596 bars requested 230 bars returned.
start_idx [(175, Timestamp('2017-04-27 09:35:00'))]
start_ema 2017-04-27 08:00:00 start_vwap 2017-04-27 09:35:00 last_bar 2017-04-27 14:05:00 Writing to ./data/SLM_livesignals_20170427_09_40_27.csv ./data/SLM_last.csv
ET:  0.09  minutes
now 2017-04-27 14:10:01.143000 return data: last bar 2017-04-27 14:10:00 last processed bar 2017-04-27 14:05:00
SLM: Warning! 596 bars requested 231 bars returned.
start_idx [(175, Timestamp('2017-04-27 09:35:00'))]
start_ema 2017-04-27 08:00:00 start_vwap 2017-04-27 09:35:00 last_bar 2017-04-27 14:10:00 Writing to ./data/SLM_livesignals_20170427_09_40_27.csv ./data/SLM_last.csv
ET:  0.08  minutes
now 2017-04-27 14:15:00.024000 return None: last bar 2017-04-27 14:10:00 last processed bar 2017-04-27 14:10:00
SLM getFeed did not return any data! last bar: 2017-04-27 14:10:00 now: 14:15:00.684000
now 2017-04-27 14:20:00.886000 return data: last bar 2017-04-27 14:20:00 last processed bar 2017-04-27 14:10:00
SLM: Warning! 596 bars requested 233 bars returned.
start_idx [(175, Timestamp('2017-04-27 09:35:00'))]
start_ema 2017-04-27 08:00:00 start_vwap 2017-04-27 09:35:00 last_bar 2017-04-27 14:20:00 Writing to ./data/SLM_livesignals_20170427_09_40_27.csv ./data/SLM_last.csv
ET:  0.06  minutes
now 2017-04-27 14:25:03.414000 return data: last bar 2017-04-27 14:25:00 last processed bar 2017-04-27 14:20:00
SLM: Warning! 596 bars requested 234 bars returned.
start_idx [(175, Timestamp('2017-04-27 09:35:00'))]
start_ema 2017-04-27 08:00:00 start_vwap 2017-04-27 09:35:00 last_bar 2017-04-27 14:25:00 Writing to ./data/SLM_livesignals_20170427_09_40_27.csv ./data/SLM_last.csv
ET:  0.04  minutes
now 2017-04-27 14:30:00.661000 return data: last bar 2017-04-27 14:30:00 last processed bar 2017-04-27 14:25:00
SLM: Warning! 596 bars requested 235 bars returned.
start_idx [(175, Timestamp('2017-04-27 09:35:00'))]
start_ema 2017-04-27 08:00:00 start_vwap 2017-04-27 09:35:00 last_bar 2017-04-27 14:30:00 Writing to ./data/SLM_livesignals_20170427_09_40_27.csv ./data/SLM_last.csv
ET:  0.09  minutes
now 2017-04-27 14:35:01.412000 return data: last bar 2017-04-27 14:35:00 last processed bar 2017-04-27 14:30:00
SLM: Warning! 596 bars requested 236 bars returned.
start_idx [(175, Timestamp('2017-04-27 09:35:00'))]
start_ema 2017-04-27 08:00:00 start_vwap 2017-04-27 09:35:00 last_bar 2017-04-27 14:35:00 Writing to ./data/SLM_livesignals_20170427_09_40_27.csv ./data/SLM_last.csv
ET:  0.07  minutes
now 2017-04-27 14:40:01.053000 return data: last bar 2017-04-27 14:40:00 last processed bar 2017-04-27 14:35:00
SLM: Warning! 596 bars requested 237 bars returned.
start_idx [(175, Timestamp('2017-04-27 09:35:00'))]
start_ema 2017-04-27 08:00:00 start_vwap 2017-04-27 09:35:00 last_bar 2017-04-27 14:40:00 Writing to ./data/SLM_livesignals_20170427_09_40_27.csv ./data/SLM_last.csv
ET:  0.06  minutes
now 2017-04-27 14:45:00.451000 return data: last bar 2017-04-27 14:45:00 last processed bar 2017-04-27 14:40:00
SLM: Warning! 596 bars requested 238 bars returned.
start_idx [(175, Timestamp('2017-04-27 09:35:00'))]
start_ema 2017-04-27 08:00:00 start_vwap 2017-04-27 09:35:00 last_bar 2017-04-27 14:45:00 Writing to ./data/SLM_livesignals_20170427_09_40_27.csv ./data/SLM_last.csv
ET:  0.09  minutes
now 2017-04-27 14:50:01.721000 return data: last bar 2017-04-27 14:50:00 last processed bar 2017-04-27 14:45:00
SLM: Warning! 596 bars requested 239 bars returned.
start_idx [(175, Timestamp('2017-04-27 09:35:00'))]
start_ema 2017-04-27 08:00:00 start_vwap 2017-04-27 09:35:00 last_bar 2017-04-27 14:50:00 Writing to ./data/SLM_livesignals_20170427_09_40_27.csv ./data/SLM_last.csv
ET:  0.05  minutes
now 2017-04-27 14:55:02.152000 return data: last bar 2017-04-27 14:55:00 last processed bar 2017-04-27 14:50:00
SLM: Warning! 596 bars requested 240 bars returned.
start_idx [(175, Timestamp('2017-04-27 09:35:00'))]
start_ema 2017-04-27 08:00:00 start_vwap 2017-04-27 09:35:00 last_bar 2017-04-27 14:55:00 Writing to ./data/SLM_livesignals_20170427_09_40_27.csv ./data/SLM_last.csv
ET:  0.07  minutes
now 2017-04-27 15:00:01.422000 return data: last bar 2017-04-27 15:00:00 last processed bar 2017-04-27 14:55:00
SLM: Warning! 596 bars requested 241 bars returned.
start_idx [(175, Timestamp('2017-04-27 09:35:00'))]
start_ema 2017-04-27 08:00:00 start_vwap 2017-04-27 09:35:00 last_bar 2017-04-27 15:00:00 Writing to ./data/SLM_livesignals_20170427_09_40_27.csv ./data/SLM_last.csv
ET:  0.07  minutes
now 2017-04-27 15:05:00.540000 return data: last bar 2017-04-27 15:05:00 last processed bar 2017-04-27 15:00:00
SLM: Warning! 596 bars requested 242 bars returned.
start_idx [(175, Timestamp('2017-04-27 09:35:00'))]
start_ema 2017-04-27 08:00:00 start_vwap 2017-04-27 09:35:00 last_bar 2017-04-27 15:05:00 Writing to ./data/SLM_livesignals_20170427_09_40_27.csv ./data/SLM_last.csv
ET:  0.09  minutes
now 2017-04-27 15:10:03.456000 return data: last bar 2017-04-27 15:10:00 last processed bar 2017-04-27 15:05:00
SLM: Warning! 596 bars requested 243 bars returned.
start_idx [(175, Timestamp('2017-04-27 09:35:00'))]
start_ema 2017-04-27 08:00:00 start_vwap 2017-04-27 09:35:00 last_bar 2017-04-27 15:10:00 Writing to ./data/SLM_livesignals_20170427_09_40_27.csv ./data/SLM_last.csv
ET:  0.04  minutes
now 2017-04-27 15:15:02.137000 return data: last bar 2017-04-27 15:15:00 last processed bar 2017-04-27 15:10:00
SLM: Warning! 596 bars requested 244 bars returned.
start_idx [(175, Timestamp('2017-04-27 09:35:00'))]
start_ema 2017-04-27 08:00:00 start_vwap 2017-04-27 09:35:00 last_bar 2017-04-27 15:15:00 Writing to ./data/SLM_livesignals_20170427_09_40_27.csv ./data/SLM_last.csv
ET:  0.06  minutes
now 2017-04-27 15:20:02.365000 return data: last bar 2017-04-27 15:20:00 last processed bar 2017-04-27 15:15:00
SLM: Warning! 596 bars requested 245 bars returned.
start_idx [(175, Timestamp('2017-04-27 09:35:00'))]
start_ema 2017-04-27 08:00:00 start_vwap 2017-04-27 09:35:00 last_bar 2017-04-27 15:20:00 Writing to ./data/SLM_livesignals_20170427_09_40_27.csv ./data/SLM_last.csv
ET:  0.06  minutes
now 2017-04-27 15:25:00.244000 return None: last bar 2017-04-27 15:20:00 last processed bar 2017-04-27 15:20:00
SLM getFeed did not return any data! last bar: 2017-04-27 15:20:00 now: 15:25:01.375000
now 2017-04-27 15:30:01.127000 return data: last bar 2017-04-27 15:30:00 last processed bar 2017-04-27 15:20:00
SLM: Warning! 596 bars requested 247 bars returned.
start_idx [(175, Timestamp('2017-04-27 09:35:00'))]
start_ema 2017-04-27 08:00:00 start_vwap 2017-04-27 09:35:00 last_bar 2017-04-27 15:30:00 Writing to ./data/SLM_livesignals_20170427_09_40_27.csv ./data/SLM_last.csv
ET:  0.06  minutes
now 2017-04-27 15:35:02.284000 return data: last bar 2017-04-27 15:35:00 last processed bar 2017-04-27 15:30:00
SLM: Warning! 596 bars requested 248 bars returned.
start_idx [(175, Timestamp('2017-04-27 09:35:00'))]
start_ema 2017-04-27 08:00:00 start_vwap 2017-04-27 09:35:00 last_bar 2017-04-27 15:35:00 Writing to ./data/SLM_livesignals_20170427_09_40_27.csv ./data/SLM_last.csv
ET:  0.05  minutes
now 2017-04-27 15:40:01.477000 return data: last bar 2017-04-27 15:40:00 last processed bar 2017-04-27 15:35:00
SLM: Warning! 596 bars requested 249 bars returned.
start_idx [(175, Timestamp('2017-04-27 09:35:00'))]
start_ema 2017-04-27 08:00:00 start_vwap 2017-04-27 09:35:00 last_bar 2017-04-27 15:40:00 Writing to ./data/SLM_livesignals_20170427_09_40_27.csv ./data/SLM_last.csv
ET:  0.04  minutes
now 2017-04-27 15:45:01.763000 return data: last bar 2017-04-27 15:45:00 last processed bar 2017-04-27 15:40:00
SLM: Warning! 596 bars requested 250 bars returned.
start_idx [(175, Timestamp('2017-04-27 09:35:00'))]
start_ema 2017-04-27 08:00:00 start_vwap 2017-04-27 09:35:00 last_bar 2017-04-27 15:45:00 Writing to ./data/SLM_livesignals_20170427_09_40_27.csv ./data/SLM_last.csv
ET:  0.06  minutes
now 2017-04-27 15:50:00.508000 return None: last bar 2017-04-27 15:45:00 last processed bar 2017-04-27 15:45:00
SLM getFeed did not return any data! last bar: 2017-04-27 15:45:00 now: 15:50:01.753000
now 2017-04-27 15:55:00.789000
