last bar 2017-03-13 09:35:00 last processed bar 1000-01-01 00:00:00
start_ema 2017-03-13 08:00:00 start_vwap 2017-03-13 09:35:00 last_bar 2017-03-13 09:35:00 ET:  0.19  minutes
Writing to ./data/SNAP_livesignals_20170313_09_31_46.csv ./data/SNAP_last.csv
now 2017-03-13 09:31:57.398000 last bar 2017-03-13 09:35:00 last processed bar 2017-03-13 09:35:00
new bar not ready
now 2017-03-13 09:35:00.228000 last bar 2017-03-13 09:40:00 last processed bar 2017-03-13 09:35:00
start_ema 2017-03-13 08:00:00 start_vwap 2017-03-13 09:35:00 last_bar 2017-03-13 09:40:00 ET:  3.45  minutes
now 2017-03-13 09:40:00.224000 last bar 2017-03-13 09:45:00 last processed bar 2017-03-13 09:40:00
start_ema 2017-03-13 08:00:00 start_vwap 2017-03-13 09:35:00 last_bar 2017-03-13 09:45:00 ET:  8.35  minutes
now 2017-03-13 09:45:00.377000 last bar 2017-03-13 09:50:00 last processed bar 2017-03-13 09:45:00
start_ema 2017-03-13 08:00:00 start_vwap 2017-03-13 09:35:00 last_bar 2017-03-13 09:50:00 ET:  13.33  minutes
now 2017-03-13 09:50:00.032000 last bar 2017-03-13 09:55:00 last processed bar 2017-03-13 09:50:00
start_ema 2017-03-13 08:00:00 start_vwap 2017-03-13 09:35:00 last_bar 2017-03-13 09:55:00 ET:  18.36  minutes
now 2017-03-13 09:55:00.558000 last bar 2017-03-13 10:00:00 last processed bar 2017-03-13 09:55:00
start_ema 2017-03-13 08:00:00 start_vwap 2017-03-13 09:35:00 last_bar 2017-03-13 10:00:00 ET:  23.39  minutes
now 2017-03-13 10:00:00.316000 last bar 2017-03-13 10:05:00 last processed bar 2017-03-13 10:00:00
start_ema 2017-03-13 08:00:00 start_vwap 2017-03-13 09:35:00 last_bar 2017-03-13 10:05:00 ET:  28.36  minutes
now 2017-03-13 10:05:00.648000 last bar 2017-03-13 10:10:00 last processed bar 2017-03-13 10:05:00
start_ema 2017-03-13 08:00:00 start_vwap 2017-03-13 09:35:00 last_bar 2017-03-13 10:10:00 ET:  33.36  minutes
now 2017-03-13 10:10:00.927000
