return data: last bar 2017-04-21 09:45:00 last processed bar 1000-01-01 00:00:00
596 bars requested 596 bars returned
start_idx [(592, Timestamp('2017-04-21 09:35:00')), (593, Timestamp('2017-04-21 09:35:00'))]
start_ema 2017-04-20 15:25:00 start_vwap 2017-04-21 09:35:00 last_bar 2017-04-21 09:45:00 ET:  0.04  minutes
now 2017-04-21 09:50:00.446000 return None: last bar 2017-04-21 09:45:00 last processed bar 2017-04-21 09:45:00
SNGX getFeed did not return any data! last bar: 2017-04-21 09:45:00 now: 09:50:00.796000
now 2017-04-21 09:55:01.429000 return data: last bar 2017-04-21 09:50:00 last processed bar 2017-04-21 09:45:00
596 bars requested 596 bars returned
start_idx [(591, Timestamp('2017-04-21 09:35:00')), (592, Timestamp('2017-04-21 09:35:00'))]
start_ema 2017-04-20 15:25:00 start_vwap 2017-04-21 09:35:00 last_bar 2017-04-21 09:50:00 Writing to ./data/SNGX_livesignals_20170421_09_46_10.csv ./data/SNGX_last.csv
ET:  0.15  minutes
now 2017-04-21 10:00:00.525000 return data: last bar 2017-04-21 09:55:00 last processed bar 2017-04-21 09:50:00
596 bars requested 596 bars returned
start_idx [(590, Timestamp('2017-04-21 09:35:00')), (591, Timestamp('2017-04-21 09:35:00'))]
start_ema 2017-04-20 15:25:00 start_vwap 2017-04-21 09:35:00 last_bar 2017-04-21 09:55:00 Writing to ./data/SNGX_livesignals_20170421_09_46_10.csv ./data/SNGX_last.csv
ET:  0.18  minutes
now 2017-04-21 10:05:01.094000 return data: last bar 2017-04-21 10:00:00 last processed bar 2017-04-21 09:55:00
596 bars requested 596 bars returned
start_idx [(589, Timestamp('2017-04-21 09:35:00')), (590, Timestamp('2017-04-21 09:35:00'))]
start_ema 2017-04-20 15:25:00 start_vwap 2017-04-21 09:35:00 last_bar 2017-04-21 10:00:00 Writing to ./data/SNGX_livesignals_20170421_09_46_10.csv ./data/SNGX_last.csv
ET:  0.12  minutes
now 2017-04-21 10:10:00.975000 return data: last bar 2017-04-21 10:05:00 last processed bar 2017-04-21 10:00:00
596 bars requested 596 bars returned
start_idx [(588, Timestamp('2017-04-21 09:35:00')), (589, Timestamp('2017-04-21 09:35:00'))]
start_ema 2017-04-20 15:25:00 start_vwap 2017-04-21 09:35:00 last_bar 2017-04-21 10:05:00 Writing to ./data/SNGX_livesignals_20170421_09_46_10.csv ./data/SNGX_last.csv
ET:  0.18  minutes
now 2017-04-21 10:15:02.330000 return data: last bar 2017-04-21 10:10:00 last processed bar 2017-04-21 10:05:00
596 bars requested 596 bars returned
start_idx [(587, Timestamp('2017-04-21 09:35:00')), (588, Timestamp('2017-04-21 09:35:00'))]
start_ema 2017-04-20 15:25:00 start_vwap 2017-04-21 09:35:00 last_bar 2017-04-21 10:10:00 Writing to ./data/SNGX_livesignals_20170421_09_46_10.csv ./data/SNGX_last.csv
ET:  0.19  minutes
now 2017-04-21 10:20:01.126000 return data: last bar 2017-04-21 10:20:00 last processed bar 2017-04-21 10:10:00
596 bars requested 596 bars returned
start_idx [(585, Timestamp('2017-04-21 09:35:00')), (586, Timestamp('2017-04-21 09:35:00'))]
start_ema 2017-04-20 15:25:00 start_vwap 2017-04-21 09:35:00 last_bar 2017-04-21 10:20:00 Writing to ./data/SNGX_livesignals_20170421_09_46_10.csv ./data/SNGX_last.csv
ET:  0.19  minutes
now 2017-04-21 10:25:01.997000 return data: last bar 2017-04-21 10:25:00 last processed bar 2017-04-21 10:20:00
596 bars requested 596 bars returned
start_idx [(584, Timestamp('2017-04-21 09:35:00')), (585, Timestamp('2017-04-21 09:35:00'))]
start_ema 2017-04-20 15:25:00 start_vwap 2017-04-21 09:35:00 last_bar 2017-04-21 10:25:00 Writing to ./data/SNGX_livesignals_20170421_09_46_10.csv ./data/SNGX_last.csv
ET:  0.18  minutes
now 2017-04-21 10:30:01.229000 return data: last bar 2017-04-21 10:30:00 last processed bar 2017-04-21 10:25:00
596 bars requested 596 bars returned
start_idx [(583, Timestamp('2017-04-21 09:35:00')), (584, Timestamp('2017-04-21 09:35:00'))]
start_ema 2017-04-20 15:25:00 start_vwap 2017-04-21 09:35:00 last_bar 2017-04-21 10:30:00 Writing to ./data/SNGX_livesignals_20170421_09_46_10.csv ./data/SNGX_last.csv
ET:  0.2  minutes
now 2017-04-21 10:35:00.255000 return data: last bar 2017-04-21 10:35:00 last processed bar 2017-04-21 10:30:00
596 bars requested 596 bars returned
start_idx [(582, Timestamp('2017-04-21 09:35:00')), (583, Timestamp('2017-04-21 09:35:00'))]
start_ema 2017-04-20 15:25:00 start_vwap 2017-04-21 09:35:00 last_bar 2017-04-21 10:35:00 Writing to ./data/SNGX_livesignals_20170421_09_46_10.csv ./data/SNGX_last.csv
ET:  0.03  minutes
now 2017-04-21 10:40:01.455000 return data: last bar 2017-04-21 10:40:00 last processed bar 2017-04-21 10:35:00
596 bars requested 596 bars returned
start_idx [(581, Timestamp('2017-04-21 09:35:00')), (582, Timestamp('2017-04-21 09:35:00'))]
start_ema 2017-04-20 15:25:00 start_vwap 2017-04-21 09:35:00 last_bar 2017-04-21 10:40:00 Writing to ./data/SNGX_livesignals_20170421_09_46_10.csv ./data/SNGX_last.csv
ET:  0.18  minutes
now 2017-04-21 10:45:00.381000 return data: last bar 2017-04-21 10:45:00 last processed bar 2017-04-21 10:40:00
596 bars requested 596 bars returned
start_idx [(580, Timestamp('2017-04-21 09:35:00')), (581, Timestamp('2017-04-21 09:35:00'))]
start_ema 2017-04-20 15:25:00 start_vwap 2017-04-21 09:35:00 last_bar 2017-04-21 10:45:00 Writing to ./data/SNGX_livesignals_20170421_09_46_10.csv ./data/SNGX_last.csv
ET:  0.2  minutes
now 2017-04-21 10:50:00.697000 return data: last bar 2017-04-21 10:50:00 last processed bar 2017-04-21 10:45:00
596 bars requested 596 bars returned
start_idx [(579, Timestamp('2017-04-21 09:35:00')), (580, Timestamp('2017-04-21 09:35:00'))]
start_ema 2017-04-20 15:25:00 start_vwap 2017-04-21 09:35:00 last_bar 2017-04-21 10:50:00 Writing to ./data/SNGX_livesignals_20170421_09_46_10.csv ./data/SNGX_last.csv
ET:  0.2  minutes
now 2017-04-21 10:55:00.779000 return data: last bar 2017-04-21 10:55:00 last processed bar 2017-04-21 10:50:00
596 bars requested 596 bars returned
start_idx [(578, Timestamp('2017-04-21 09:35:00')), (579, Timestamp('2017-04-21 09:35:00'))]
start_ema 2017-04-20 15:25:00 start_vwap 2017-04-21 09:35:00 last_bar 2017-04-21 10:55:00 Writing to ./data/SNGX_livesignals_20170421_09_46_10.csv ./data/SNGX_last.csv
ET:  0.18  minutes
now 2017-04-21 11:00:01.484000 return data: last bar 2017-04-21 11:00:00 last processed bar 2017-04-21 10:55:00
596 bars requested 596 bars returned
start_idx [(577, Timestamp('2017-04-21 09:35:00')), (578, Timestamp('2017-04-21 09:35:00'))]
start_ema 2017-04-20 15:25:00 start_vwap 2017-04-21 09:35:00 last_bar 2017-04-21 11:00:00 Writing to ./data/SNGX_livesignals_20170421_09_46_10.csv ./data/SNGX_last.csv
ET:  0.2  minutes
now 2017-04-21 11:05:00.449000 return data: last bar 2017-04-21 11:05:00 last processed bar 2017-04-21 11:00:00
596 bars requested 596 bars returned
start_idx [(576, Timestamp('2017-04-21 09:35:00')), (577, Timestamp('2017-04-21 09:35:00'))]
start_ema 2017-04-20 15:25:00 start_vwap 2017-04-21 09:35:00 last_bar 2017-04-21 11:05:00 Writing to ./data/SNGX_livesignals_20170421_09_46_10.csv ./data/SNGX_last.csv
ET:  0.16  minutes
now 2017-04-21 11:10:00.405000 return data: last bar 2017-04-21 11:10:00 last processed bar 2017-04-21 11:05:00
596 bars requested 596 bars returned
start_idx [(575, Timestamp('2017-04-21 09:35:00')), (576, Timestamp('2017-04-21 09:35:00'))]
start_ema 2017-04-20 15:25:00 start_vwap 2017-04-21 09:35:00 last_bar 2017-04-21 11:10:00 Writing to ./data/SNGX_livesignals_20170421_09_46_10.csv ./data/SNGX_last.csv
ET:  0.08  minutes
now 2017-04-21 11:15:00.481000 return data: last bar 2017-04-21 11:15:00 last processed bar 2017-04-21 11:10:00
596 bars requested 596 bars returned
start_idx [(574, Timestamp('2017-04-21 09:35:00')), (575, Timestamp('2017-04-21 09:35:00'))]
start_ema 2017-04-20 15:25:00 start_vwap 2017-04-21 09:35:00 last_bar 2017-04-21 11:15:00 Writing to ./data/SNGX_livesignals_20170421_09_46_10.csv ./data/SNGX_last.csv
ET:  0.18  minutes
now 2017-04-21 11:20:02.102000 return data: last bar 2017-04-21 11:20:00 last processed bar 2017-04-21 11:15:00
596 bars requested 596 bars returned
start_idx [(573, Timestamp('2017-04-21 09:35:00')), (574, Timestamp('2017-04-21 09:35:00'))]
start_ema 2017-04-20 15:25:00 start_vwap 2017-04-21 09:35:00 last_bar 2017-04-21 11:20:00 Writing to ./data/SNGX_livesignals_20170421_09_46_10.csv ./data/SNGX_last.csv
ET:  0.15  minutes
now 2017-04-21 11:25:00.108000 return None: last bar 2017-04-21 09:35:00 last processed bar 2017-04-21 11:20:00
2 bars requested None returned
SNGX getFeed did not return any data! last bar: 2017-04-21 11:20:00 now: 11:25:00.194000
now 2017-04-21 11:30:01.346000 return None: last bar 2017-04-21 09:35:00 last processed bar 2017-04-21 11:20:00
2 bars requested None returned
SNGX getFeed did not return any data! last bar: 2017-04-21 11:20:00 now: 11:30:01.940000
now 2017-04-21 11:35:00.588000 return None: last bar 2017-04-21 09:35:00 last processed bar 2017-04-21 11:20:00
2 bars requested None returned
SNGX getFeed did not return any data! last bar: 2017-04-21 11:20:00 now: 11:35:01.437000
now 2017-04-21 11:40:00.399000 return None: last bar 2017-04-21 09:35:00 last processed bar 2017-04-21 11:20:00
2 bars requested None returned
SNGX getFeed did not return any data! last bar: 2017-04-21 11:20:00 now: 11:40:00.619000
now 2017-04-21 11:45:00.442000 return None: last bar 2017-04-21 09:35:00 last processed bar 2017-04-21 11:20:00
2 bars requested None returned
SNGX getFeed did not return any data! last bar: 2017-04-21 11:20:00 now: 11:45:00.762000
now 2017-04-21 11:50:00.166000 return None: last bar 2017-04-21 09:35:00 last processed bar 2017-04-21 11:20:00
2 bars requested None returned
SNGX getFeed did not return any data! last bar: 2017-04-21 11:20:00 now: 11:50:00.333000
now 2017-04-21 11:55:00.327000 return None: last bar 2017-04-21 09:35:00 last processed bar 2017-04-21 11:20:00
2 bars requested None returned
SNGX getFeed did not return any data! last bar: 2017-04-21 11:20:00 now: 11:55:00.388000
now 2017-04-21 12:00:00.388000 return None: last bar 2017-04-21 09:35:00 last processed bar 2017-04-21 11:20:00
2 bars requested None returned
SNGX getFeed did not return any data! last bar: 2017-04-21 11:20:00 now: 12:00:00.868000
now 2017-04-21 12:05:01.102000 return None: last bar 2017-04-21 09:35:00 last processed bar 2017-04-21 11:20:00
2 bars requested None returned
SNGX getFeed did not return any data! last bar: 2017-04-21 11:20:00 now: 12:05:01.118000
now 2017-04-21 12:10:01.279000 return None: last bar 2017-04-21 09:35:00 last processed bar 2017-04-21 11:20:00
2 bars requested None returned
SNGX getFeed did not return any data! last bar: 2017-04-21 11:20:00 now: 12:10:01.928000
now 2017-04-21 12:15:01.242000 return None: last bar 2017-04-21 09:35:00 last processed bar 2017-04-21 11:20:00
2 bars requested None returned
SNGX getFeed did not return any data! last bar: 2017-04-21 11:20:00 now: 12:15:01.354000
now 2017-04-21 12:20:00.617000 return None: last bar 2017-04-21 09:35:00 last processed bar 2017-04-21 11:20:00
2 bars requested None returned
SNGX getFeed did not return any data! last bar: 2017-04-21 11:20:00 now: 12:20:00.718000
now 2017-04-21 12:25:00.671000 return None: last bar 2017-04-21 09:35:00 last processed bar 2017-04-21 11:20:00
2 bars requested None returned
SNGX getFeed did not return any data! last bar: 2017-04-21 11:20:00 now: 12:25:00.685000
now 2017-04-21 12:30:00.460000 return None: last bar 2017-04-21 09:35:00 last processed bar 2017-04-21 11:20:00
2 bars requested None returned
SNGX getFeed did not return any data! last bar: 2017-04-21 11:20:00 now: 12:30:00.560000
now 2017-04-21 12:35:00.786000 return None: last bar 2017-04-21 09:35:00 last processed bar 2017-04-21 11:20:00
2 bars requested None returned
SNGX getFeed did not return any data! last bar: 2017-04-21 11:20:00 now: 12:35:00.814000
now 2017-04-21 12:40:00.027000 return None: last bar 2017-04-21 09:35:00 last processed bar 2017-04-21 11:20:00
2 bars requested None returned
SNGX getFeed did not return any data! last bar: 2017-04-21 11:20:00 now: 12:40:00.038000
now 2017-04-21 12:45:00.254000 return None: last bar 2017-04-21 09:35:00 last processed bar 2017-04-21 11:20:00
2 bars requested None returned
SNGX getFeed did not return any data! last bar: 2017-04-21 11:20:00 now: 12:45:00.283000
now 2017-04-21 12:50:00.135000 return None: last bar 2017-04-21 09:35:00 last processed bar 2017-04-21 11:20:00
2 bars requested None returned
SNGX getFeed did not return any data! last bar: 2017-04-21 11:20:00 now: 12:50:00.159000
now 2017-04-21 12:50:02.710000 return None: last bar 2017-04-21 09:35:00 last processed bar 2017-04-21 11:20:00
2 bars requested None returned
SNGX getFeed did not return any data! last bar: 2017-04-21 11:20:00 now: 12:50:02.724000
now 2017-04-21 12:55:00.060000 return None: last bar 2017-04-21 09:35:00 last processed bar 2017-04-21 11:20:00
2 bars requested None returned
SNGX getFeed did not return any data! last bar: 2017-04-21 11:20:00 now: 12:55:00.074000
now 2017-04-21 12:55:02.926000 return None: last bar 2017-04-21 09:35:00 last processed bar 2017-04-21 11:20:00
2 bars requested None returned
SNGX getFeed did not return any data! last bar: 2017-04-21 11:20:00 now: 12:55:02.940000
now 2017-04-21 13:00:00.478000 return None: last bar 2017-04-21 09:35:00 last processed bar 2017-04-21 11:20:00
2 bars requested None returned
SNGX getFeed did not return any data! last bar: 2017-04-21 11:20:00 now: 13:00:00.588000
now 2017-04-21 13:05:00.700000 return None: last bar 2017-04-21 09:35:00 last processed bar 2017-04-21 11:20:00
2 bars requested None returned
SNGX getFeed did not return any data! last bar: 2017-04-21 11:20:00 now: 13:05:01.112000
now 2017-04-21 13:10:00.522000 return None: last bar 2017-04-21 09:35:00 last processed bar 2017-04-21 11:20:00
2 bars requested None returned
SNGX getFeed did not return any data! last bar: 2017-04-21 11:20:00 now: 13:10:00.634000
now 2017-04-21 13:15:00.037000 return None: last bar 2017-04-21 09:35:00 last processed bar 2017-04-21 11:20:00
2 bars requested None returned
SNGX getFeed did not return any data! last bar: 2017-04-21 11:20:00 now: 13:15:00.058000
now 2017-04-21 13:20:00.483000 return None: last bar 2017-04-21 09:35:00 last processed bar 2017-04-21 11:20:00
2 bars requested None returned
SNGX getFeed did not return any data! last bar: 2017-04-21 11:20:00 now: 13:20:00.696000
now 2017-04-21 13:25:00.876000 return data: last bar 2017-04-21 13:25:00 last processed bar 2017-04-21 11:20:00
2 bars requested 2 bars returned
596 bars requested 22 bars returned
start_idx [(0, Timestamp('2017-04-21 09:35:00'))]
start_ema 2017-04-21 09:50:00 data.dropna() feed returned insufficient data
now 2017-04-21 13:30:00.160000 return data: last bar 2017-04-21 13:30:00 last processed bar 2017-04-21 13:25:00
2 bars requested 2 bars returned
596 bars requested 22 bars returned
start_idx [(0, Timestamp('2017-04-21 09:35:00'))]
start_ema 2017-04-21 09:50:00 data.dropna() feed returned insufficient data
now 2017-04-21 13:35:00.505000 return None: last bar 2017-04-21 13:30:00 last processed bar 2017-04-21 13:30:00
2 bars requested None returned
SNGX getFeed did not return any data! last bar: 2017-04-21 13:30:00 now: 13:35:00.519000
now 2017-04-21 13:40:00.482000 return data: last bar 2017-04-21 13:40:00 last processed bar 2017-04-21 13:30:00
2 bars requested 2 bars returned
596 bars requested 22 bars returned
start_idx [(0, Timestamp('2017-04-21 09:35:00'))]
start_ema 2017-04-21 09:50:00 data.dropna() feed returned insufficient data
now 2017-04-21 13:45:00.637000 return data: last bar 2017-04-21 13:45:00 last processed bar 2017-04-21 13:40:00
2 bars requested 2 bars returned
596 bars requested 22 bars returned
start_idx [(0, Timestamp('2017-04-21 09:35:00'))]
start_ema 2017-04-21 09:50:00 data.dropna() feed returned insufficient data
now 2017-04-21 13:50:00.970000 return data: last bar 2017-04-21 13:50:00 last processed bar 2017-04-21 13:45:00
2 bars requested 2 bars returned
596 bars requested 22 bars returned
start_idx [(0, Timestamp('2017-04-21 09:35:00'))]
start_ema 2017-04-21 09:50:00 data.dropna() feed returned insufficient data
now 2017-04-21 13:55:00.996000 return data: last bar 2017-04-21 13:55:00 last processed bar 2017-04-21 13:50:00
2 bars requested 2 bars returned
596 bars requested 22 bars returned
start_idx [(0, Timestamp('2017-04-21 09:35:00'))]
start_ema 2017-04-21 09:50:00 data.dropna() feed returned insufficient data
now 2017-04-21 14:00:00.543000 return data: last bar 2017-04-21 14:00:00 last processed bar 2017-04-21 13:55:00
2 bars requested 2 bars returned
596 bars requested 22 bars returned
start_idx [(0, Timestamp('2017-04-21 09:35:00'))]
start_ema 2017-04-21 09:50:00 data.dropna() feed returned insufficient data
now 2017-04-21 14:05:00.804000 return data: last bar 2017-04-21 14:05:00 last processed bar 2017-04-21 14:00:00
2 bars requested 2 bars returned
596 bars requested 22 bars returned
start_idx [(0, Timestamp('2017-04-21 09:35:00'))]
start_ema 2017-04-21 09:50:00 data.dropna() feed returned insufficient data
now 2017-04-21 14:10:00.648000 return data: last bar 2017-04-21 14:10:00 last processed bar 2017-04-21 14:05:00
2 bars requested 2 bars returned
596 bars requested 22 bars returned
start_idx [(0, Timestamp('2017-04-21 09:35:00'))]
start_ema 2017-04-21 09:50:00 data.dropna() feed returned insufficient data
now 2017-04-21 14:15:00.459000 return data: last bar 2017-04-21 14:15:00 last processed bar 2017-04-21 14:10:00
2 bars requested 2 bars returned
596 bars requested 22 bars returned
start_idx [(0, Timestamp('2017-04-21 09:35:00'))]
start_ema 2017-04-21 09:50:00 data.dropna() feed returned insufficient data
now 2017-04-21 14:20:00.893000 return data: last bar 2017-04-21 14:20:00 last processed bar 2017-04-21 14:15:00
2 bars requested 2 bars returned
596 bars requested 22 bars returned
start_idx [(0, Timestamp('2017-04-21 09:35:00'))]
start_ema 2017-04-21 09:50:00 data.dropna() feed returned insufficient data
now 2017-04-21 14:25:00.688000 return data: last bar 2017-04-21 14:25:00 last processed bar 2017-04-21 14:20:00
2 bars requested 2 bars returned
596 bars requested 22 bars returned
start_idx [(0, Timestamp('2017-04-21 09:35:00'))]
start_ema 2017-04-21 09:50:00 data.dropna() feed returned insufficient data
now 2017-04-21 14:30:00.081000 return data: last bar 2017-04-21 14:30:00 last processed bar 2017-04-21 14:25:00
2 bars requested 2 bars returned
596 bars requested 22 bars returned
start_idx [(0, Timestamp('2017-04-21 09:35:00'))]
start_ema 2017-04-21 09:50:00 data.dropna() feed returned insufficient data
now 2017-04-21 14:35:00.244000 return data: last bar 2017-04-21 14:35:00 last processed bar 2017-04-21 14:30:00
2 bars requested 2 bars returned
596 bars requested 22 bars returned
start_idx [(0, Timestamp('2017-04-21 09:35:00'))]
start_ema 2017-04-21 09:50:00 data.dropna() feed returned insufficient data
now 2017-04-21 14:40:00.594000 return data: last bar 2017-04-21 14:40:00 last processed bar 2017-04-21 14:35:00
2 bars requested 2 bars returned
596 bars requested 22 bars returned
start_idx [(0, Timestamp('2017-04-21 09:35:00'))]
start_ema 2017-04-21 09:50:00 data.dropna() feed returned insufficient data
now 2017-04-21 14:45:00.411000 return data: last bar 2017-04-21 14:45:00 last processed bar 2017-04-21 14:40:00
2 bars requested 2 bars returned
596 bars requested 22 bars returned
start_idx [(0, Timestamp('2017-04-21 09:35:00'))]
start_ema 2017-04-21 09:50:00 data.dropna() feed returned insufficient data
now 2017-04-21 14:50:00.648000 return data: last bar 2017-04-21 14:50:00 last processed bar 2017-04-21 14:45:00
2 bars requested 2 bars returned
596 bars requested 22 bars returned
start_idx [(0, Timestamp('2017-04-21 09:35:00'))]
start_ema 2017-04-21 09:50:00 data.dropna() feed returned insufficient data
now 2017-04-21 14:55:00.179000 return data: last bar 2017-04-21 14:55:00 last processed bar 2017-04-21 14:50:00
2 bars requested 2 bars returned
596 bars requested 22 bars returned
start_idx [(0, Timestamp('2017-04-21 09:35:00'))]
start_ema 2017-04-21 09:50:00 data.dropna() feed returned insufficient data
now 2017-04-21 15:00:00.680000 return data: last bar 2017-04-21 15:00:00 last processed bar 2017-04-21 14:55:00
2 bars requested 2 bars returned
596 bars requested 22 bars returned
start_idx [(0, Timestamp('2017-04-21 09:35:00'))]
start_ema 2017-04-21 09:50:00 data.dropna() feed returned insufficient data
now 2017-04-21 15:05:00.397000 return data: last bar 2017-04-21 15:05:00 last processed bar 2017-04-21 15:00:00
2 bars requested 2 bars returned
596 bars requested 22 bars returned
start_idx [(0, Timestamp('2017-04-21 09:35:00'))]
start_ema 2017-04-21 09:50:00 data.dropna() feed returned insufficient data
now 2017-04-21 15:10:00.325000 return data: last bar 2017-04-21 15:10:00 last processed bar 2017-04-21 15:05:00
2 bars requested 2 bars returned
596 bars requested 22 bars returned
start_idx [(0, Timestamp('2017-04-21 09:35:00'))]
start_ema 2017-04-21 09:50:00 data.dropna() feed returned insufficient data
now 2017-04-21 15:15:00.505000 return data: last bar 2017-04-21 15:15:00 last processed bar 2017-04-21 15:10:00
2 bars requested 2 bars returned
596 bars requested 22 bars returned
start_idx [(0, Timestamp('2017-04-21 09:35:00'))]
start_ema 2017-04-21 09:50:00 data.dropna() feed returned insufficient data
now 2017-04-21 15:20:00.231000 return data: last bar 2017-04-21 15:20:00 last processed bar 2017-04-21 15:15:00
2 bars requested 2 bars returned
596 bars requested 22 bars returned
start_idx [(0, Timestamp('2017-04-21 09:35:00'))]
start_ema 2017-04-21 09:50:00 data.dropna() feed returned insufficient data
now 2017-04-21 15:25:00.416000 return data: last bar 2017-04-21 15:25:00 last processed bar 2017-04-21 15:20:00
2 bars requested 2 bars returned
596 bars requested 22 bars returned
start_idx [(0, Timestamp('2017-04-21 09:35:00'))]
start_ema 2017-04-21 09:50:00 data.dropna() feed returned insufficient data
now 2017-04-21 15:30:00.663000 return data: last bar 2017-04-21 15:30:00 last processed bar 2017-04-21 15:25:00
2 bars requested 2 bars returned
596 bars requested 22 bars returned
start_idx [(0, Timestamp('2017-04-21 09:35:00'))]
start_ema 2017-04-21 09:50:00 data.dropna() feed returned insufficient data
now 2017-04-21 15:35:00.977000 return data: last bar 2017-04-21 15:35:00 last processed bar 2017-04-21 15:30:00
2 bars requested 2 bars returned
596 bars requested 22 bars returned
start_idx [(0, Timestamp('2017-04-21 09:35:00'))]
start_ema 2017-04-21 09:50:00 data.dropna() feed returned insufficient data
now 2017-04-21 15:40:00.023000 return data: last bar 2017-04-21 15:40:00 last processed bar 2017-04-21 15:35:00
2 bars requested 2 bars returned
596 bars requested 22 bars returned
start_idx [(0, Timestamp('2017-04-21 09:35:00'))]
start_ema 2017-04-21 09:50:00 data.dropna() feed returned insufficient data
now 2017-04-21 15:45:00.432000 return data: last bar 2017-04-21 15:45:00 last processed bar 2017-04-21 15:40:00
2 bars requested 2 bars returned
596 bars requested 22 bars returned
start_idx [(0, Timestamp('2017-04-21 09:35:00'))]
start_ema 2017-04-21 09:50:00 data.dropna() feed returned insufficient data
now 2017-04-21 15:50:00.265000 return None: last bar 2017-04-21 15:45:00 last processed bar 2017-04-21 15:45:00
2 bars requested None returned
SNGX getFeed did not return any data! last bar: 2017-04-21 15:45:00 now: 15:50:01.330000
now 2017-04-21 15:55:01.347000
