return data: last bar 2017-04-27 09:35:00 last processed bar 1000-01-01 00:00:00
SPLS: Warning! 596 bars requested 20 bars returned.
start_idx [(19, Timestamp('2017-04-27 09:35:00'))]
start_ema 2017-04-27 08:00:00 start_vwap 2017-04-27 09:35:00 last_bar 2017-04-27 09:35:00 ET:  0.04  minutes
now 2017-04-27 09:45:00.523000 return None: last bar 2017-04-27 09:35:00 last processed bar 2017-04-27 09:35:00
SPLS getFeed did not return any data! last bar: 2017-04-27 09:35:00 now: 09:45:00.884000
now 2017-04-27 09:50:00.273000 return data: last bar 2017-04-27 09:40:00 last processed bar 2017-04-27 09:35:00
SPLS: Warning! 596 bars requested 21 bars returned.
start_idx [(19, Timestamp('2017-04-27 09:35:00'))]
start_ema 2017-04-27 08:00:00 start_vwap 2017-04-27 09:35:00 last_bar 2017-04-27 09:40:00 Writing to ./data/SPLS_livesignals_20170427_09_40_51.csv ./data/SPLS_last.csv
ET:  0.07  minutes
now 2017-04-27 09:55:00.213000 return data: last bar 2017-04-27 09:45:00 last processed bar 2017-04-27 09:40:00
SPLS: Warning! 596 bars requested 22 bars returned.
start_idx [(19, Timestamp('2017-04-27 09:35:00'))]
start_ema 2017-04-27 08:00:00 start_vwap 2017-04-27 09:35:00 last_bar 2017-04-27 09:45:00 Writing to ./data/SPLS_livesignals_20170427_09_40_51.csv ./data/SPLS_last.csv
ET:  0.06  minutes
now 2017-04-27 10:00:00.901000 return data: last bar 2017-04-27 09:50:00 last processed bar 2017-04-27 09:45:00
SPLS: Warning! 596 bars requested 23 bars returned.
start_idx [(19, Timestamp('2017-04-27 09:35:00'))]
start_ema 2017-04-27 08:00:00 start_vwap 2017-04-27 09:35:00 last_bar 2017-04-27 09:50:00 Writing to ./data/SPLS_livesignals_20170427_09_40_51.csv ./data/SPLS_last.csv
ET:  0.07  minutes
now 2017-04-27 10:05:05.084000 return data: last bar 2017-04-27 09:55:00 last processed bar 2017-04-27 09:50:00
SPLS: Warning! 596 bars requested 24 bars returned.
start_idx [(19, Timestamp('2017-04-27 09:35:00'))]
start_ema 2017-04-27 08:00:00 start_vwap 2017-04-27 09:35:00 last_bar 2017-04-27 09:55:00 Writing to ./data/SPLS_livesignals_20170427_09_40_51.csv ./data/SPLS_last.csv
ET:  0.04  minutes
now 2017-04-27 10:10:01.199000 return data: last bar 2017-04-27 10:00:00 last processed bar 2017-04-27 09:55:00
SPLS: Warning! 596 bars requested 25 bars returned.
start_idx [(19, Timestamp('2017-04-27 09:35:00'))]
start_ema 2017-04-27 08:00:00 start_vwap 2017-04-27 09:35:00 last_bar 2017-04-27 10:00:00 Writing to ./data/SPLS_livesignals_20170427_09_40_51.csv ./data/SPLS_last.csv
ET:  0.06  minutes
now 2017-04-27 10:15:00.918000 return data: last bar 2017-04-27 10:10:00 last processed bar 2017-04-27 10:00:00
SPLS: Warning! 596 bars requested 27 bars returned.
start_idx [(19, Timestamp('2017-04-27 09:35:00'))]
start_ema 2017-04-27 08:00:00 start_vwap 2017-04-27 09:35:00 last_bar 2017-04-27 10:10:00 Writing to ./data/SPLS_livesignals_20170427_09_40_51.csv ./data/SPLS_last.csv
ET:  0.09  minutes
now 2017-04-27 10:20:00.089000 return data: last bar 2017-04-27 10:15:00 last processed bar 2017-04-27 10:10:00
SPLS: Warning! 596 bars requested 28 bars returned.
start_idx [(19, Timestamp('2017-04-27 09:35:00'))]
start_ema 2017-04-27 08:00:00 start_vwap 2017-04-27 09:35:00 last_bar 2017-04-27 10:15:00 Writing to ./data/SPLS_livesignals_20170427_09_40_51.csv ./data/SPLS_last.csv
ET:  0.06  minutes
now 2017-04-27 10:25:00.720000 return data: last bar 2017-04-27 10:20:00 last processed bar 2017-04-27 10:15:00
SPLS: Warning! 596 bars requested 29 bars returned.
start_idx [(19, Timestamp('2017-04-27 09:35:00'))]
start_ema 2017-04-27 08:00:00 start_vwap 2017-04-27 09:35:00 last_bar 2017-04-27 10:20:00 Writing to ./data/SPLS_livesignals_20170427_09_40_51.csv ./data/SPLS_last.csv
ET:  0.11  minutes
now 2017-04-27 10:30:00.554000 return data: last bar 2017-04-27 10:25:00 last processed bar 2017-04-27 10:20:00
SPLS: Warning! 596 bars requested 30 bars returned.
start_idx [(19, Timestamp('2017-04-27 09:35:00'))]
start_ema 2017-04-27 08:00:00 start_vwap 2017-04-27 09:35:00 last_bar 2017-04-27 10:25:00 Writing to ./data/SPLS_livesignals_20170427_09_40_51.csv ./data/SPLS_last.csv
ET:  0.08  minutes
now 2017-04-27 10:35:00.635000 return data: last bar 2017-04-27 10:30:00 last processed bar 2017-04-27 10:25:00
SPLS: Warning! 596 bars requested 31 bars returned.
start_idx [(19, Timestamp('2017-04-27 09:35:00'))]
start_ema 2017-04-27 08:00:00 start_vwap 2017-04-27 09:35:00 last_bar 2017-04-27 10:30:00 Writing to ./data/SPLS_livesignals_20170427_09_40_51.csv ./data/SPLS_last.csv
ET:  0.09  minutes
now 2017-04-27 10:40:01.172000 return data: last bar 2017-04-27 10:35:00 last processed bar 2017-04-27 10:30:00
SPLS: Warning! 596 bars requested 32 bars returned.
start_idx [(19, Timestamp('2017-04-27 09:35:00'))]
start_ema 2017-04-27 08:00:00 start_vwap 2017-04-27 09:35:00 last_bar 2017-04-27 10:35:00 Writing to ./data/SPLS_livesignals_20170427_09_40_51.csv ./data/SPLS_last.csv
ET:  0.05  minutes
now 2017-04-27 10:45:00.624000 return data: last bar 2017-04-27 10:40:00 last processed bar 2017-04-27 10:35:00
SPLS: Warning! 596 bars requested 33 bars returned.
start_idx [(19, Timestamp('2017-04-27 09:35:00'))]
start_ema 2017-04-27 08:00:00 start_vwap 2017-04-27 09:35:00 last_bar 2017-04-27 10:40:00 Writing to ./data/SPLS_livesignals_20170427_09_40_51.csv ./data/SPLS_last.csv
ET:  0.1  minutes
now 2017-04-27 10:50:01.583000 return data: last bar 2017-04-27 10:45:00 last processed bar 2017-04-27 10:40:00
SPLS: Warning! 596 bars requested 34 bars returned.
start_idx [(19, Timestamp('2017-04-27 09:35:00'))]
start_ema 2017-04-27 08:00:00 start_vwap 2017-04-27 09:35:00 last_bar 2017-04-27 10:45:00 Writing to ./data/SPLS_livesignals_20170427_09_40_51.csv ./data/SPLS_last.csv
ET:  0.08  minutes
now 2017-04-27 10:55:00.571000 return data: last bar 2017-04-27 10:50:00 last processed bar 2017-04-27 10:45:00
SPLS: Warning! 596 bars requested 35 bars returned.
start_idx [(19, Timestamp('2017-04-27 09:35:00'))]
start_ema 2017-04-27 08:00:00 start_vwap 2017-04-27 09:35:00 last_bar 2017-04-27 10:50:00 Writing to ./data/SPLS_livesignals_20170427_09_40_51.csv ./data/SPLS_last.csv
ET:  0.07  minutes
now 2017-04-27 11:00:00.643000 return data: last bar 2017-04-27 10:55:00 last processed bar 2017-04-27 10:50:00
SPLS: Warning! 596 bars requested 36 bars returned.
start_idx [(19, Timestamp('2017-04-27 09:35:00'))]
start_ema 2017-04-27 08:00:00 start_vwap 2017-04-27 09:35:00 last_bar 2017-04-27 10:55:00 Writing to ./data/SPLS_livesignals_20170427_09_40_51.csv ./data/SPLS_last.csv
ET:  0.08  minutes
now 2017-04-27 11:05:00.727000 return data: last bar 2017-04-27 11:00:00 last processed bar 2017-04-27 10:55:00
SPLS: Warning! 596 bars requested 37 bars returned.
start_idx [(19, Timestamp('2017-04-27 09:35:00'))]
start_ema 2017-04-27 08:00:00 start_vwap 2017-04-27 09:35:00 last_bar 2017-04-27 11:00:00 Writing to ./data/SPLS_livesignals_20170427_09_40_51.csv ./data/SPLS_last.csv
ET:  0.12  minutes
now 2017-04-27 11:10:02.185000 return data: last bar 2017-04-27 11:05:00 last processed bar 2017-04-27 11:00:00
SPLS: Warning! 596 bars requested 38 bars returned.
start_idx [(19, Timestamp('2017-04-27 09:35:00'))]
start_ema 2017-04-27 08:00:00 start_vwap 2017-04-27 09:35:00 last_bar 2017-04-27 11:05:00 Writing to ./data/SPLS_livesignals_20170427_09_40_51.csv ./data/SPLS_last.csv
ET:  0.08  minutes
now 2017-04-27 11:15:03.540000 return data: last bar 2017-04-27 11:10:00 last processed bar 2017-04-27 11:05:00
SPLS: Warning! 596 bars requested 39 bars returned.
start_idx [(19, Timestamp('2017-04-27 09:35:00'))]
start_ema 2017-04-27 08:00:00 start_vwap 2017-04-27 09:35:00 last_bar 2017-04-27 11:10:00 Writing to ./data/SPLS_livesignals_20170427_09_40_51.csv ./data/SPLS_last.csv
ET:  0.05  minutes
now 2017-04-27 11:20:00.971000 return data: last bar 2017-04-27 11:15:00 last processed bar 2017-04-27 11:10:00
SPLS: Warning! 596 bars requested 40 bars returned.
start_idx [(19, Timestamp('2017-04-27 09:35:00'))]
start_ema 2017-04-27 08:00:00 start_vwap 2017-04-27 09:35:00 last_bar 2017-04-27 11:15:00 Writing to ./data/SPLS_livesignals_20170427_09_40_51.csv ./data/SPLS_last.csv
ET:  0.12  minutes
now 2017-04-27 11:25:00.128000 return data: last bar 2017-04-27 11:20:00 last processed bar 2017-04-27 11:15:00
SPLS: Warning! 596 bars requested 41 bars returned.
start_idx [(19, Timestamp('2017-04-27 09:35:00'))]
start_ema 2017-04-27 08:00:00 start_vwap 2017-04-27 09:35:00 last_bar 2017-04-27 11:20:00 Writing to ./data/SPLS_livesignals_20170427_09_40_51.csv ./data/SPLS_last.csv
ET:  0.06  minutes
now 2017-04-27 11:30:00.609000 return data: last bar 2017-04-27 11:25:00 last processed bar 2017-04-27 11:20:00
SPLS: Warning! 596 bars requested 42 bars returned.
start_idx [(19, Timestamp('2017-04-27 09:35:00'))]
start_ema 2017-04-27 08:00:00 start_vwap 2017-04-27 09:35:00 last_bar 2017-04-27 11:25:00 Writing to ./data/SPLS_livesignals_20170427_09_40_51.csv ./data/SPLS_last.csv
ET:  0.08  minutes
now 2017-04-27 11:35:00.474000 return data: last bar 2017-04-27 11:35:00 last processed bar 2017-04-27 11:25:00
SPLS: Warning! 596 bars requested 44 bars returned.
start_idx [(19, Timestamp('2017-04-27 09:35:00'))]
start_ema 2017-04-27 08:00:00 start_vwap 2017-04-27 09:35:00 last_bar 2017-04-27 11:35:00 Writing to ./data/SPLS_livesignals_20170427_09_40_51.csv ./data/SPLS_last.csv
ET:  0.1  minutes
now 2017-04-27 11:40:00.554000 return None: last bar 2017-04-27 11:35:00 last processed bar 2017-04-27 11:35:00
SPLS getFeed did not return any data! last bar: 2017-04-27 11:35:00 now: 11:40:00.924000
now 2017-04-27 11:45:00.353000 return data: last bar 2017-04-27 11:40:00 last processed bar 2017-04-27 11:35:00
SPLS: Warning! 596 bars requested 45 bars returned.
start_idx [(19, Timestamp('2017-04-27 09:35:00'))]
start_ema 2017-04-27 08:00:00 start_vwap 2017-04-27 09:35:00 last_bar 2017-04-27 11:40:00 Writing to ./data/SPLS_livesignals_20170427_09_40_51.csv ./data/SPLS_last.csv
ET:  0.06  minutes
now 2017-04-27 11:50:00.303000 return data: last bar 2017-04-27 11:45:00 last processed bar 2017-04-27 11:40:00
SPLS: Warning! 596 bars requested 46 bars returned.
start_idx [(19, Timestamp('2017-04-27 09:35:00'))]
start_ema 2017-04-27 08:00:00 start_vwap 2017-04-27 09:35:00 last_bar 2017-04-27 11:45:00 Writing to ./data/SPLS_livesignals_20170427_09_40_51.csv ./data/SPLS_last.csv
ET:  0.07  minutes
now 2017-04-27 11:55:01.161000 return data: last bar 2017-04-27 11:50:00 last processed bar 2017-04-27 11:45:00
SPLS: Warning! 596 bars requested 47 bars returned.
start_idx [(19, Timestamp('2017-04-27 09:35:00'))]
start_ema 2017-04-27 08:00:00 start_vwap 2017-04-27 09:35:00 last_bar 2017-04-27 11:50:00 Writing to ./data/SPLS_livesignals_20170427_09_40_51.csv ./data/SPLS_last.csv
ET:  0.06  minutes
now 2017-04-27 12:00:00.006000 return data: last bar 2017-04-27 11:55:00 last processed bar 2017-04-27 11:50:00
SPLS: Warning! 596 bars requested 48 bars returned.
start_idx [(19, Timestamp('2017-04-27 09:35:00'))]
start_ema 2017-04-27 08:00:00 start_vwap 2017-04-27 09:35:00 last_bar 2017-04-27 11:55:00 Writing to ./data/SPLS_livesignals_20170427_09_40_51.csv ./data/SPLS_last.csv
ET:  0.08  minutes
now 2017-04-27 12:05:00.035000 return data: last bar 2017-04-27 12:00:00 last processed bar 2017-04-27 11:55:00
SPLS: Warning! 596 bars requested 49 bars returned.
start_idx [(19, Timestamp('2017-04-27 09:35:00'))]
start_ema 2017-04-27 08:00:00 start_vwap 2017-04-27 09:35:00 last_bar 2017-04-27 12:00:00 Writing to ./data/SPLS_livesignals_20170427_09_40_51.csv ./data/SPLS_last.csv
ET:  0.05  minutes
now 2017-04-27 12:10:01.411000 return data: last bar 2017-04-27 12:05:00 last processed bar 2017-04-27 12:00:00
SPLS: Warning! 596 bars requested 50 bars returned.
start_idx [(19, Timestamp('2017-04-27 09:35:00'))]
start_ema 2017-04-27 08:00:00 start_vwap 2017-04-27 09:35:00 last_bar 2017-04-27 12:05:00 Writing to ./data/SPLS_livesignals_20170427_09_40_51.csv ./data/SPLS_last.csv
ET:  0.06  minutes
now 2017-04-27 12:15:00.097000 return data: last bar 2017-04-27 12:10:00 last processed bar 2017-04-27 12:05:00
SPLS: Warning! 596 bars requested 51 bars returned.
start_idx [(19, Timestamp('2017-04-27 09:35:00'))]
start_ema 2017-04-27 08:00:00 start_vwap 2017-04-27 09:35:00 last_bar 2017-04-27 12:10:00 Writing to ./data/SPLS_livesignals_20170427_09_40_51.csv ./data/SPLS_last.csv
ET:  0.07  minutes
now 2017-04-27 12:20:00.886000 return data: last bar 2017-04-27 12:15:00 last processed bar 2017-04-27 12:10:00
SPLS: Warning! 596 bars requested 52 bars returned.
start_idx [(19, Timestamp('2017-04-27 09:35:00'))]
start_ema 2017-04-27 08:00:00 start_vwap 2017-04-27 09:35:00 last_bar 2017-04-27 12:15:00 Writing to ./data/SPLS_livesignals_20170427_09_40_51.csv ./data/SPLS_last.csv
ET:  0.09  minutes
now 2017-04-27 12:25:00.640000 return data: last bar 2017-04-27 12:20:00 last processed bar 2017-04-27 12:15:00
SPLS: Warning! 596 bars requested 53 bars returned.
start_idx [(19, Timestamp('2017-04-27 09:35:00'))]
start_ema 2017-04-27 08:00:00 start_vwap 2017-04-27 09:35:00 last_bar 2017-04-27 12:20:00 Writing to ./data/SPLS_livesignals_20170427_09_40_51.csv ./data/SPLS_last.csv
ET:  0.06  minutes
now 2017-04-27 12:30:00.191000 return data: last bar 2017-04-27 12:25:00 last processed bar 2017-04-27 12:20:00
SPLS: Warning! 596 bars requested 54 bars returned.
start_idx [(19, Timestamp('2017-04-27 09:35:00'))]
start_ema 2017-04-27 08:00:00 start_vwap 2017-04-27 09:35:00 last_bar 2017-04-27 12:25:00 Writing to ./data/SPLS_livesignals_20170427_09_40_51.csv ./data/SPLS_last.csv
ET:  0.08  minutes
now 2017-04-27 12:35:01.248000 return data: last bar 2017-04-27 12:30:00 last processed bar 2017-04-27 12:25:00
SPLS: Warning! 596 bars requested 55 bars returned.
start_idx [(19, Timestamp('2017-04-27 09:35:00'))]
start_ema 2017-04-27 08:00:00 start_vwap 2017-04-27 09:35:00 last_bar 2017-04-27 12:30:00 Writing to ./data/SPLS_livesignals_20170427_09_40_51.csv ./data/SPLS_last.csv
ET:  0.07  minutes
now 2017-04-27 12:40:00.750000 return data: last bar 2017-04-27 12:35:00 last processed bar 2017-04-27 12:30:00
SPLS: Warning! 596 bars requested 56 bars returned.
start_idx [(19, Timestamp('2017-04-27 09:35:00'))]
start_ema 2017-04-27 08:00:00 start_vwap 2017-04-27 09:35:00 last_bar 2017-04-27 12:35:00 Writing to ./data/SPLS_livesignals_20170427_09_40_51.csv ./data/SPLS_last.csv
ET:  0.08  minutes
now 2017-04-27 12:45:01.300000 return data: last bar 2017-04-27 12:40:00 last processed bar 2017-04-27 12:35:00
SPLS: Warning! 596 bars requested 57 bars returned.
start_idx [(19, Timestamp('2017-04-27 09:35:00'))]
start_ema 2017-04-27 08:00:00 start_vwap 2017-04-27 09:35:00 last_bar 2017-04-27 12:40:00 Writing to ./data/SPLS_livesignals_20170427_09_40_51.csv ./data/SPLS_last.csv
ET:  0.06  minutes
now 2017-04-27 12:50:01.226000 return data: last bar 2017-04-27 12:45:00 last processed bar 2017-04-27 12:40:00
SPLS: Warning! 596 bars requested 58 bars returned.
start_idx [(19, Timestamp('2017-04-27 09:35:00'))]
start_ema 2017-04-27 08:00:00 start_vwap 2017-04-27 09:35:00 last_bar 2017-04-27 12:45:00 Writing to ./data/SPLS_livesignals_20170427_09_40_51.csv ./data/SPLS_last.csv
ET:  0.08  minutes
now 2017-04-27 12:55:00.734000 return data: last bar 2017-04-27 12:50:00 last processed bar 2017-04-27 12:45:00
SPLS: Warning! 596 bars requested 59 bars returned.
start_idx [(19, Timestamp('2017-04-27 09:35:00'))]
start_ema 2017-04-27 08:00:00 start_vwap 2017-04-27 09:35:00 last_bar 2017-04-27 12:50:00 Writing to ./data/SPLS_livesignals_20170427_09_40_51.csv ./data/SPLS_last.csv
ET:  0.1  minutes
now 2017-04-27 13:00:00.827000 return data: last bar 2017-04-27 12:55:00 last processed bar 2017-04-27 12:50:00
SPLS: Warning! 596 bars requested 60 bars returned.
start_idx [(19, Timestamp('2017-04-27 09:35:00'))]
start_ema 2017-04-27 08:00:00 start_vwap 2017-04-27 09:35:00 last_bar 2017-04-27 12:55:00 Writing to ./data/SPLS_livesignals_20170427_09_40_51.csv ./data/SPLS_last.csv
ET:  0.05  minutes
now 2017-04-27 13:05:00.102000 return data: last bar 2017-04-27 13:00:00 last processed bar 2017-04-27 12:55:00
SPLS: Warning! 596 bars requested 61 bars returned.
start_idx [(19, Timestamp('2017-04-27 09:35:00'))]
start_ema 2017-04-27 08:00:00 start_vwap 2017-04-27 09:35:00 last_bar 2017-04-27 13:00:00 Writing to ./data/SPLS_livesignals_20170427_09_40_51.csv ./data/SPLS_last.csv
ET:  0.08  minutes
now 2017-04-27 13:10:01.332000 return data: last bar 2017-04-27 13:10:00 last processed bar 2017-04-27 13:00:00
SPLS: Warning! 596 bars requested 63 bars returned.
start_idx [(19, Timestamp('2017-04-27 09:35:00'))]
start_ema 2017-04-27 08:00:00 start_vwap 2017-04-27 09:35:00 last_bar 2017-04-27 13:10:00 Writing to ./data/SPLS_livesignals_20170427_09_40_51.csv ./data/SPLS_last.csv
ET:  0.06  minutes
now 2017-04-27 13:15:00.100000 return None: last bar 2017-04-27 13:10:00 last processed bar 2017-04-27 13:10:00
SPLS getFeed did not return any data! last bar: 2017-04-27 13:10:00 now: 13:15:00.491000
now 2017-04-27 13:20:00.032000 return data: last bar 2017-04-27 13:15:00 last processed bar 2017-04-27 13:10:00
SPLS: Warning! 596 bars requested 64 bars returned.
start_idx [(19, Timestamp('2017-04-27 09:35:00'))]
start_ema 2017-04-27 08:00:00 start_vwap 2017-04-27 09:35:00 last_bar 2017-04-27 13:15:00 Writing to ./data/SPLS_livesignals_20170427_09_40_51.csv ./data/SPLS_last.csv
ET:  0.09  minutes
now 2017-04-27 13:25:00.179000 return data: last bar 2017-04-27 13:20:00 last processed bar 2017-04-27 13:15:00
SPLS: Warning! 596 bars requested 65 bars returned.
start_idx [(19, Timestamp('2017-04-27 09:35:00'))]
start_ema 2017-04-27 08:00:00 start_vwap 2017-04-27 09:35:00 last_bar 2017-04-27 13:20:00 Writing to ./data/SPLS_livesignals_20170427_09_40_51.csv ./data/SPLS_last.csv
ET:  0.1  minutes
now 2017-04-27 13:30:00.034000 return data: last bar 2017-04-27 13:25:00 last processed bar 2017-04-27 13:20:00
SPLS: Warning! 596 bars requested 66 bars returned.
start_idx [(19, Timestamp('2017-04-27 09:35:00'))]
start_ema 2017-04-27 08:00:00 start_vwap 2017-04-27 09:35:00 last_bar 2017-04-27 13:25:00 Writing to ./data/SPLS_livesignals_20170427_09_40_51.csv ./data/SPLS_last.csv
ET:  0.06  minutes
now 2017-04-27 13:35:00.996000 return data: last bar 2017-04-27 13:30:00 last processed bar 2017-04-27 13:25:00
SPLS: Warning! 596 bars requested 67 bars returned.
start_idx [(19, Timestamp('2017-04-27 09:35:00'))]
start_ema 2017-04-27 08:00:00 start_vwap 2017-04-27 09:35:00 last_bar 2017-04-27 13:30:00 Writing to ./data/SPLS_livesignals_20170427_09_40_51.csv ./data/SPLS_last.csv
ET:  0.07  minutes
now 2017-04-27 13:40:01.060000 return data: last bar 2017-04-27 13:35:00 last processed bar 2017-04-27 13:30:00
SPLS: Warning! 596 bars requested 68 bars returned.
start_idx [(19, Timestamp('2017-04-27 09:35:00'))]
start_ema 2017-04-27 08:00:00 start_vwap 2017-04-27 09:35:00 last_bar 2017-04-27 13:35:00 Writing to ./data/SPLS_livesignals_20170427_09_40_51.csv ./data/SPLS_last.csv
ET:  0.1  minutes
now 2017-04-27 13:45:01.046000 return data: last bar 2017-04-27 13:40:00 last processed bar 2017-04-27 13:35:00
SPLS: Warning! 596 bars requested 69 bars returned.
start_idx [(19, Timestamp('2017-04-27 09:35:00'))]
start_ema 2017-04-27 08:00:00 start_vwap 2017-04-27 09:35:00 last_bar 2017-04-27 13:40:00 Writing to ./data/SPLS_livesignals_20170427_09_40_51.csv ./data/SPLS_last.csv
ET:  0.09  minutes
now 2017-04-27 13:50:00.306000 return data: last bar 2017-04-27 13:45:00 last processed bar 2017-04-27 13:40:00
SPLS: Warning! 596 bars requested 70 bars returned.
start_idx [(19, Timestamp('2017-04-27 09:35:00'))]
start_ema 2017-04-27 08:00:00 start_vwap 2017-04-27 09:35:00 last_bar 2017-04-27 13:45:00 Writing to ./data/SPLS_livesignals_20170427_09_40_51.csv ./data/SPLS_last.csv
ET:  0.07  minutes
now 2017-04-27 13:55:00.359000 return data: last bar 2017-04-27 13:50:00 last processed bar 2017-04-27 13:45:00
SPLS: Warning! 596 bars requested 71 bars returned.
start_idx [(19, Timestamp('2017-04-27 09:35:00'))]
start_ema 2017-04-27 08:00:00 start_vwap 2017-04-27 09:35:00 last_bar 2017-04-27 13:50:00 Writing to ./data/SPLS_livesignals_20170427_09_40_51.csv ./data/SPLS_last.csv
ET:  0.05  minutes
now 2017-04-27 14:00:00.656000 return data: last bar 2017-04-27 13:55:00 last processed bar 2017-04-27 13:50:00
SPLS: Warning! 596 bars requested 72 bars returned.
start_idx [(19, Timestamp('2017-04-27 09:35:00'))]
start_ema 2017-04-27 08:00:00 start_vwap 2017-04-27 09:35:00 last_bar 2017-04-27 13:55:00 Writing to ./data/SPLS_livesignals_20170427_09_40_51.csv ./data/SPLS_last.csv
ET:  0.07  minutes
now 2017-04-27 14:05:01.403000 return data: last bar 2017-04-27 14:00:00 last processed bar 2017-04-27 13:55:00
SPLS: Warning! 596 bars requested 73 bars returned.
start_idx [(19, Timestamp('2017-04-27 09:35:00'))]
start_ema 2017-04-27 08:00:00 start_vwap 2017-04-27 09:35:00 last_bar 2017-04-27 14:00:00 Writing to ./data/SPLS_livesignals_20170427_09_40_51.csv ./data/SPLS_last.csv
ET:  0.07  minutes
now 2017-04-27 14:10:00.570000 return data: last bar 2017-04-27 14:05:00 last processed bar 2017-04-27 14:00:00
SPLS: Warning! 596 bars requested 74 bars returned.
start_idx [(19, Timestamp('2017-04-27 09:35:00'))]
start_ema 2017-04-27 08:00:00 start_vwap 2017-04-27 09:35:00 last_bar 2017-04-27 14:05:00 Writing to ./data/SPLS_livesignals_20170427_09_40_51.csv ./data/SPLS_last.csv
ET:  0.05  minutes
now 2017-04-27 14:15:01.172000 return data: last bar 2017-04-27 14:10:00 last processed bar 2017-04-27 14:05:00
SPLS: Warning! 596 bars requested 75 bars returned.
start_idx [(19, Timestamp('2017-04-27 09:35:00'))]
start_ema 2017-04-27 08:00:00 start_vwap 2017-04-27 09:35:00 last_bar 2017-04-27 14:10:00 Writing to ./data/SPLS_livesignals_20170427_09_40_51.csv ./data/SPLS_last.csv
ET:  0.07  minutes
now 2017-04-27 14:20:00.812000 return data: last bar 2017-04-27 14:15:00 last processed bar 2017-04-27 14:10:00
SPLS: Warning! 596 bars requested 76 bars returned.
start_idx [(19, Timestamp('2017-04-27 09:35:00'))]
start_ema 2017-04-27 08:00:00 start_vwap 2017-04-27 09:35:00 last_bar 2017-04-27 14:15:00 Writing to ./data/SPLS_livesignals_20170427_09_40_51.csv ./data/SPLS_last.csv
ET:  0.08  minutes
now 2017-04-27 14:25:01.247000 return data: last bar 2017-04-27 14:20:00 last processed bar 2017-04-27 14:15:00
SPLS: Warning! 596 bars requested 77 bars returned.
start_idx [(19, Timestamp('2017-04-27 09:35:00'))]
start_ema 2017-04-27 08:00:00 start_vwap 2017-04-27 09:35:00 last_bar 2017-04-27 14:20:00 Writing to ./data/SPLS_livesignals_20170427_09_40_51.csv ./data/SPLS_last.csv
ET:  0.06  minutes
now 2017-04-27 14:30:00.854000 return data: last bar 2017-04-27 14:25:00 last processed bar 2017-04-27 14:20:00
SPLS: Warning! 596 bars requested 78 bars returned.
start_idx [(19, Timestamp('2017-04-27 09:35:00'))]
start_ema 2017-04-27 08:00:00 start_vwap 2017-04-27 09:35:00 last_bar 2017-04-27 14:25:00 Writing to ./data/SPLS_livesignals_20170427_09_40_51.csv ./data/SPLS_last.csv
ET:  0.03  minutes
now 2017-04-27 14:35:00.984000 return data: last bar 2017-04-27 14:30:00 last processed bar 2017-04-27 14:25:00
SPLS: Warning! 596 bars requested 79 bars returned.
start_idx [(19, Timestamp('2017-04-27 09:35:00'))]
start_ema 2017-04-27 08:00:00 start_vwap 2017-04-27 09:35:00 last_bar 2017-04-27 14:30:00 Writing to ./data/SPLS_livesignals_20170427_09_40_51.csv ./data/SPLS_last.csv
ET:  0.07  minutes
now 2017-04-27 14:40:00.024000 return data: last bar 2017-04-27 14:35:00 last processed bar 2017-04-27 14:30:00
SPLS: Warning! 596 bars requested 80 bars returned.
start_idx [(19, Timestamp('2017-04-27 09:35:00'))]
start_ema 2017-04-27 08:00:00 start_vwap 2017-04-27 09:35:00 last_bar 2017-04-27 14:35:00 Writing to ./data/SPLS_livesignals_20170427_09_40_51.csv ./data/SPLS_last.csv
ET:  0.05  minutes
now 2017-04-27 14:45:00.864000 return data: last bar 2017-04-27 14:45:00 last processed bar 2017-04-27 14:35:00
SPLS: Warning! 596 bars requested 82 bars returned.
start_idx [(19, Timestamp('2017-04-27 09:35:00'))]
start_ema 2017-04-27 08:00:00 start_vwap 2017-04-27 09:35:00 last_bar 2017-04-27 14:45:00 Writing to ./data/SPLS_livesignals_20170427_09_40_51.csv ./data/SPLS_last.csv
ET:  0.08  minutes
now 2017-04-27 14:50:01.187000 return None: last bar 2017-04-27 14:45:00 last processed bar 2017-04-27 14:45:00
SPLS getFeed did not return any data! last bar: 2017-04-27 14:45:00 now: 14:50:02.215000
now 2017-04-27 14:55:00.634000 return data: last bar 2017-04-27 14:50:00 last processed bar 2017-04-27 14:45:00
SPLS: Warning! 596 bars requested 83 bars returned.
start_idx [(19, Timestamp('2017-04-27 09:35:00'))]
start_ema 2017-04-27 08:00:00 start_vwap 2017-04-27 09:35:00 last_bar 2017-04-27 14:50:00 Writing to ./data/SPLS_livesignals_20170427_09_40_51.csv ./data/SPLS_last.csv
ET:  0.07  minutes
now 2017-04-27 15:00:00.732000 return data: last bar 2017-04-27 14:55:00 last processed bar 2017-04-27 14:50:00
SPLS: Warning! 596 bars requested 84 bars returned.
start_idx [(19, Timestamp('2017-04-27 09:35:00'))]
start_ema 2017-04-27 08:00:00 start_vwap 2017-04-27 09:35:00 last_bar 2017-04-27 14:55:00 Writing to ./data/SPLS_livesignals_20170427_09_40_51.csv ./data/SPLS_last.csv
ET:  0.06  minutes
now 2017-04-27 15:05:00.977000 return data: last bar 2017-04-27 15:00:00 last processed bar 2017-04-27 14:55:00
SPLS: Warning! 596 bars requested 85 bars returned.
start_idx [(19, Timestamp('2017-04-27 09:35:00'))]
start_ema 2017-04-27 08:00:00 start_vwap 2017-04-27 09:35:00 last_bar 2017-04-27 15:00:00 Writing to ./data/SPLS_livesignals_20170427_09_40_51.csv ./data/SPLS_last.csv
ET:  0.05  minutes
now 2017-04-27 15:10:02.159000 return data: last bar 2017-04-27 15:05:00 last processed bar 2017-04-27 15:00:00
SPLS: Warning! 596 bars requested 86 bars returned.
start_idx [(19, Timestamp('2017-04-27 09:35:00'))]
start_ema 2017-04-27 08:00:00 start_vwap 2017-04-27 09:35:00 last_bar 2017-04-27 15:05:00 Writing to ./data/SPLS_livesignals_20170427_09_40_51.csv ./data/SPLS_last.csv
ET:  0.05  minutes
now 2017-04-27 15:15:00.908000 return data: last bar 2017-04-27 15:10:00 last processed bar 2017-04-27 15:05:00
SPLS: Warning! 596 bars requested 87 bars returned.
start_idx [(19, Timestamp('2017-04-27 09:35:00'))]
start_ema 2017-04-27 08:00:00 start_vwap 2017-04-27 09:35:00 last_bar 2017-04-27 15:10:00 Writing to ./data/SPLS_livesignals_20170427_09_40_51.csv ./data/SPLS_last.csv
ET:  0.03  minutes
now 2017-04-27 15:20:01.618000 return data: last bar 2017-04-27 15:15:00 last processed bar 2017-04-27 15:10:00
SPLS: Warning! 596 bars requested 88 bars returned.
start_idx [(19, Timestamp('2017-04-27 09:35:00'))]
start_ema 2017-04-27 08:00:00 start_vwap 2017-04-27 09:35:00 last_bar 2017-04-27 15:15:00 Writing to ./data/SPLS_livesignals_20170427_09_40_51.csv ./data/SPLS_last.csv
ET:  0.06  minutes
now 2017-04-27 15:25:00.875000 return data: last bar 2017-04-27 15:20:00 last processed bar 2017-04-27 15:15:00
SPLS: Warning! 596 bars requested 89 bars returned.
start_idx [(19, Timestamp('2017-04-27 09:35:00'))]
start_ema 2017-04-27 08:00:00 start_vwap 2017-04-27 09:35:00 last_bar 2017-04-27 15:20:00 Writing to ./data/SPLS_livesignals_20170427_09_40_51.csv ./data/SPLS_last.csv
ET:  0.07  minutes
now 2017-04-27 15:30:03.472000 return data: last bar 2017-04-27 15:25:00 last processed bar 2017-04-27 15:20:00
SPLS: Warning! 596 bars requested 90 bars returned.
start_idx [(19, Timestamp('2017-04-27 09:35:00'))]
start_ema 2017-04-27 08:00:00 start_vwap 2017-04-27 09:35:00 last_bar 2017-04-27 15:25:00 Writing to ./data/SPLS_livesignals_20170427_09_40_51.csv ./data/SPLS_last.csv
ET:  0.03  minutes
now 2017-04-27 15:35:00.047000 return data: last bar 2017-04-27 15:30:00 last processed bar 2017-04-27 15:25:00
SPLS: Warning! 596 bars requested 91 bars returned.
start_idx [(19, Timestamp('2017-04-27 09:35:00'))]
start_ema 2017-04-27 08:00:00 start_vwap 2017-04-27 09:35:00 last_bar 2017-04-27 15:30:00 Writing to ./data/SPLS_livesignals_20170427_09_40_51.csv ./data/SPLS_last.csv
ET:  0.04  minutes
now 2017-04-27 15:40:00.560000 return data: last bar 2017-04-27 15:35:00 last processed bar 2017-04-27 15:30:00
SPLS: Warning! 596 bars requested 92 bars returned.
start_idx [(19, Timestamp('2017-04-27 09:35:00'))]
start_ema 2017-04-27 08:00:00 start_vwap 2017-04-27 09:35:00 last_bar 2017-04-27 15:35:00 Writing to ./data/SPLS_livesignals_20170427_09_40_51.csv ./data/SPLS_last.csv
ET:  0.08  minutes
now 2017-04-27 15:45:00.754000 return data: last bar 2017-04-27 15:40:00 last processed bar 2017-04-27 15:35:00
SPLS: Warning! 596 bars requested 93 bars returned.
start_idx [(19, Timestamp('2017-04-27 09:35:00'))]
start_ema 2017-04-27 08:00:00 start_vwap 2017-04-27 09:35:00 last_bar 2017-04-27 15:40:00 Writing to ./data/SPLS_livesignals_20170427_09_40_51.csv ./data/SPLS_last.csv
ET:  0.08  minutes
now 2017-04-27 15:50:01.114000 return data: last bar 2017-04-27 15:45:00 last processed bar 2017-04-27 15:40:00
SPLS: Warning! 596 bars requested 94 bars returned.
start_idx [(19, Timestamp('2017-04-27 09:35:00'))]
start_ema 2017-04-27 08:00:00 start_vwap 2017-04-27 09:35:00 last_bar 2017-04-27 15:45:00 Writing to ./data/SPLS_livesignals_20170427_09_40_51.csv ./data/SPLS_last.csv
ET:  0.07  minutes
now 2017-04-27 15:55:01.656000
