return data: last bar 2017-04-21 09:45:00 last processed bar 1000-01-01 00:00:00
596 bars requested 596 bars returned
start_idx [(593, Timestamp('2017-04-21 09:35:00'))]
start_ema 2017-04-19 12:20:00 start_vwap 2017-04-21 09:35:00 last_bar 2017-04-21 09:45:00 ET:  0.03  minutes
now 2017-04-21 09:50:01.292000 return None: last bar 2017-04-21 09:45:00 last processed bar 2017-04-21 09:45:00
SPU getFeed did not return any data! last bar: 2017-04-21 09:45:00 now: 09:50:05.266000
now 2017-04-21 09:55:00.933000 return data: last bar 2017-04-21 09:55:00 last processed bar 2017-04-21 09:45:00
596 bars requested 596 bars returned
start_idx [(587, Timestamp('2017-04-21 09:35:00')), (588, Timestamp('2017-04-21 09:35:00'))]
start_ema 2017-04-20 15:40:00 start_vwap 2017-04-21 09:35:00 last_bar 2017-04-21 09:55:00 Writing to ./data/SPU_livesignals_20170421_09_45_59.csv ./data/SPU_last.csv
ET:  0.16  minutes
now 2017-04-21 10:00:00.474000 return None: last bar 2017-04-21 09:55:00 last processed bar 2017-04-21 09:55:00
SPU getFeed did not return any data! last bar: 2017-04-21 09:55:00 now: 10:00:05.350000
now 2017-04-21 10:05:00.936000 return data: last bar 2017-04-21 10:00:00 last processed bar 2017-04-21 09:55:00
596 bars requested 596 bars returned
start_idx [(585, Timestamp('2017-04-21 09:35:00')), (586, Timestamp('2017-04-21 09:35:00'))]
start_ema 2017-04-20 15:40:00 start_vwap 2017-04-21 09:35:00 last_bar 2017-04-21 10:00:00 Writing to ./data/SPU_livesignals_20170421_09_45_59.csv ./data/SPU_last.csv
ET:  0.15  minutes
now 2017-04-21 10:10:00.987000 return data: last bar 2017-04-21 10:05:00 last processed bar 2017-04-21 10:00:00
596 bars requested 596 bars returned
start_idx [(584, Timestamp('2017-04-21 09:35:00')), (585, Timestamp('2017-04-21 09:35:00'))]
start_ema 2017-04-20 15:40:00 start_vwap 2017-04-21 09:35:00 last_bar 2017-04-21 10:05:00 Writing to ./data/SPU_livesignals_20170421_09_45_59.csv ./data/SPU_last.csv
ET:  0.18  minutes
now 2017-04-21 10:15:01.031000 return data: last bar 2017-04-21 10:10:00 last processed bar 2017-04-21 10:05:00
596 bars requested 596 bars returned
start_idx [(583, Timestamp('2017-04-21 09:35:00')), (584, Timestamp('2017-04-21 09:35:00'))]
start_ema 2017-04-20 15:40:00 start_vwap 2017-04-21 09:35:00 last_bar 2017-04-21 10:10:00 Writing to ./data/SPU_livesignals_20170421_09_45_59.csv ./data/SPU_last.csv
ET:  0.21  minutes
now 2017-04-21 10:20:00.762000 return data: last bar 2017-04-21 10:15:00 last processed bar 2017-04-21 10:10:00
596 bars requested 596 bars returned
start_idx [(582, Timestamp('2017-04-21 09:35:00')), (583, Timestamp('2017-04-21 09:35:00'))]
start_ema 2017-04-20 15:40:00 start_vwap 2017-04-21 09:35:00 last_bar 2017-04-21 10:15:00 Writing to ./data/SPU_livesignals_20170421_09_45_59.csv ./data/SPU_last.csv
ET:  0.19  minutes
now 2017-04-21 10:25:00.999000 return data: last bar 2017-04-21 10:25:00 last processed bar 2017-04-21 10:15:00
596 bars requested 596 bars returned
start_idx [(580, Timestamp('2017-04-21 09:35:00')), (581, Timestamp('2017-04-21 09:35:00'))]
start_ema 2017-04-20 15:40:00 start_vwap 2017-04-21 09:35:00 last_bar 2017-04-21 10:25:00 Close                         3.56
High                         3.575
Low                           3.51
Open                         3.565
Volume                        9688
ClosePC                -0.00140252
EMA9                       3.60273
EMA9PC                 -0.00295649
EMA20                      3.57695
EMA9XEMA20                       0
ClosePC>0.003                    0
EMA9PC>0.001                     0
EMA9>EMA20                       1
VP                         34376.3
TotalVP                1.74394e+06
TotalVolume                 486184
VWAP                       3.58699
EMA9>VWAP                        1
impulse                          0
state                            1
F                                1
_QTY                          3.56
QTY                           1388
value                      4941.28
timestamp        20170421 10:25:08
Name: 2017-04-21 10:25:00, dtype: object
Signal Found! Transmitting order: {'symbol': 'SPU', 'typeofsymbol': 'stock', 'quant': 1388}
Saved ./data/110064634/SPU.json
{
   "ok" : "1",
   "response" : [
      {
         "underlying" : null,
         "symbol" : "SPU",
         "putcall" : null,
         "strike" : null,
         "typeofsymbol" : "stock",
         "quant" : "1388",
         "expir" : null
      },
      {
         "underlying" : null,
         "symbol" : "DK",
         "putcall" : null,
         "strike" : null,
         "typeofsymbol" : "stock",
         "quant" : "226",
         "expir" : null
      },
      {
         "underlying" : null,
         "symbol" : "SAEX",
         "putcall" : null,
         "strike" : null,
         "typeofsymbol" : "stock",
         "quant" : "875",
         "expir" : null
      }
   ]
}

sent signal to broker
Writing to ./data/SPU_livesignals_20170421_09_45_59.csv ./data/SPU_last.csv
ET:  0.21  minutes
now 2017-04-21 10:30:00.957000 return data: last bar 2017-04-21 10:30:00 last processed bar 2017-04-21 10:25:00
596 bars requested 596 bars returned
start_idx [(579, Timestamp('2017-04-21 09:35:00')), (580, Timestamp('2017-04-21 09:35:00'))]
start_ema 2017-04-20 15:40:00 start_vwap 2017-04-21 09:35:00 last_bar 2017-04-21 10:30:00 Close                         3.59
High                         3.595
Low                          3.525
Open                          3.56
Volume                        6681
ClosePC                  0.0141243
EMA9                       3.59687
EMA9PC                -0.000477255
EMA20                      3.57632
EMA9XEMA20                       0
ClosePC>0.003                    1
EMA9PC>0.001                     0
EMA9>EMA20                       1
VP                         23851.2
TotalVP                1.76684e+06
TotalVolume                 492618
VWAP                       3.58663
EMA9>VWAP                        1
impulse                          0
state                            0
F                                1
_QTY                             0
QTY                              0
value                            0
timestamp        20170421 10:30:09
Name: 2017-04-21 10:30:00, dtype: object
Signal Found! Transmitting order: {'symbol': 'SPU', 'typeofsymbol': 'stock', 'quant': 0}
Saved ./data/110064634/SPU.json
{
   "ok" : "1",
   "response" : [
      {
         "underlying" : null,
         "symbol" : "SPU",
         "putcall" : null,
         "strike" : null,
         "typeofsymbol" : "stock",
         "quant" : "0",
         "expir" : null
      },
      {
         "underlying" : null,
         "symbol" : "DK",
         "putcall" : null,
         "strike" : null,
         "typeofsymbol" : "stock",
         "quant" : "0",
         "expir" : null
      },
      {
         "underlying" : null,
         "symbol" : "SAEX",
         "putcall" : null,
         "strike" : null,
         "typeofsymbol" : "stock",
         "quant" : "875",
         "expir" : null
      }
   ]
}

sent signal to broker
Writing to ./data/SPU_livesignals_20170421_09_45_59.csv ./data/SPU_last.csv
ET:  0.22  minutes
now 2017-04-21 10:35:00.582000 return data: last bar 2017-04-21 10:35:00 last processed bar 2017-04-21 10:30:00
596 bars requested 596 bars returned
start_idx [(578, Timestamp('2017-04-21 09:35:00')), (579, Timestamp('2017-04-21 09:35:00'))]
start_ema 2017-04-20 15:40:00 start_vwap 2017-04-21 09:35:00 last_bar 2017-04-21 10:35:00 Writing to ./data/SPU_livesignals_20170421_09_45_59.csv ./data/SPU_last.csv
ET:  0.21  minutes
now 2017-04-21 10:40:00.268000 return data: last bar 2017-04-21 10:40:00 last processed bar 2017-04-21 10:35:00
596 bars requested 596 bars returned
start_idx [(577, Timestamp('2017-04-21 09:35:00')), (578, Timestamp('2017-04-21 09:35:00'))]
start_ema 2017-04-20 15:40:00 start_vwap 2017-04-21 09:35:00 last_bar 2017-04-21 10:40:00 Writing to ./data/SPU_livesignals_20170421_09_45_59.csv ./data/SPU_last.csv
ET:  0.2  minutes
now 2017-04-21 10:45:00.183000 return data: last bar 2017-04-21 10:45:00 last processed bar 2017-04-21 10:40:00
596 bars requested 596 bars returned
start_idx [(576, Timestamp('2017-04-21 09:35:00')), (577, Timestamp('2017-04-21 09:35:00'))]
start_ema 2017-04-20 15:40:00 start_vwap 2017-04-21 09:35:00 last_bar 2017-04-21 10:45:00 Writing to ./data/SPU_livesignals_20170421_09_45_59.csv ./data/SPU_last.csv
ET:  0.1  minutes
now 2017-04-21 10:50:02.018000 return data: last bar 2017-04-21 10:50:00 last processed bar 2017-04-21 10:45:00
596 bars requested 596 bars returned
start_idx [(575, Timestamp('2017-04-21 09:35:00')), (576, Timestamp('2017-04-21 09:35:00'))]
start_ema 2017-04-20 15:40:00 start_vwap 2017-04-21 09:35:00 last_bar 2017-04-21 10:50:00 Writing to ./data/SPU_livesignals_20170421_09_45_59.csv ./data/SPU_last.csv
ET:  0.16  minutes
now 2017-04-21 10:55:00.893000 return data: last bar 2017-04-21 10:55:00 last processed bar 2017-04-21 10:50:00
596 bars requested 596 bars returned
start_idx [(574, Timestamp('2017-04-21 09:35:00')), (575, Timestamp('2017-04-21 09:35:00'))]
start_ema 2017-04-20 15:40:00 start_vwap 2017-04-21 09:35:00 last_bar 2017-04-21 10:55:00 Writing to ./data/SPU_livesignals_20170421_09_45_59.csv ./data/SPU_last.csv
ET:  0.18  minutes
now 2017-04-21 11:00:01.086000 return data: last bar 2017-04-21 11:00:00 last processed bar 2017-04-21 10:55:00
596 bars requested 596 bars returned
start_idx [(573, Timestamp('2017-04-21 09:35:00')), (574, Timestamp('2017-04-21 09:35:00'))]
start_ema 2017-04-20 15:40:00 start_vwap 2017-04-21 09:35:00 last_bar 2017-04-21 11:00:00 Writing to ./data/SPU_livesignals_20170421_09_45_59.csv ./data/SPU_last.csv
ET:  0.15  minutes
now 2017-04-21 11:05:00.742000 return data: last bar 2017-04-21 11:05:00 last processed bar 2017-04-21 11:00:00
596 bars requested 596 bars returned
start_idx [(572, Timestamp('2017-04-21 09:35:00')), (573, Timestamp('2017-04-21 09:35:00'))]
start_ema 2017-04-20 15:40:00 start_vwap 2017-04-21 09:35:00 last_bar 2017-04-21 11:05:00 Writing to ./data/SPU_livesignals_20170421_09_45_59.csv ./data/SPU_last.csv
ET:  0.16  minutes
now 2017-04-21 11:10:00.488000 return data: last bar 2017-04-21 11:10:00 last processed bar 2017-04-21 11:05:00
596 bars requested 596 bars returned
start_idx [(571, Timestamp('2017-04-21 09:35:00')), (572, Timestamp('2017-04-21 09:35:00'))]
start_ema 2017-04-20 15:40:00 start_vwap 2017-04-21 09:35:00 last_bar 2017-04-21 11:10:00 Writing to ./data/SPU_livesignals_20170421_09_45_59.csv ./data/SPU_last.csv
ET:  0.21  minutes
now 2017-04-21 11:15:00.233000 return data: last bar 2017-04-21 11:15:00 last processed bar 2017-04-21 11:10:00
596 bars requested 596 bars returned
start_idx [(570, Timestamp('2017-04-21 09:35:00')), (571, Timestamp('2017-04-21 09:35:00'))]
start_ema 2017-04-20 15:40:00 start_vwap 2017-04-21 09:35:00 last_bar 2017-04-21 11:15:00 Writing to ./data/SPU_livesignals_20170421_09_45_59.csv ./data/SPU_last.csv
ET:  0.16  minutes
now 2017-04-21 11:20:02.824000 return data: last bar 2017-04-21 11:20:00 last processed bar 2017-04-21 11:15:00
596 bars requested 596 bars returned
start_idx [(569, Timestamp('2017-04-21 09:35:00')), (570, Timestamp('2017-04-21 09:35:00'))]
start_ema 2017-04-20 15:40:00 start_vwap 2017-04-21 09:35:00 last_bar 2017-04-21 11:20:00 Writing to ./data/SPU_livesignals_20170421_09_45_59.csv ./data/SPU_last.csv
ET:  0.14  minutes
now 2017-04-21 11:25:00.214000 return data: last bar 2017-04-21 11:25:00 last processed bar 2017-04-21 11:20:00
596 bars requested 596 bars returned
start_idx [(568, Timestamp('2017-04-21 09:35:00')), (569, Timestamp('2017-04-21 09:35:00'))]
start_ema 2017-04-20 15:40:00 start_vwap 2017-04-21 09:35:00 last_bar 2017-04-21 11:25:00 Writing to ./data/SPU_livesignals_20170421_09_45_59.csv ./data/SPU_last.csv
ET:  0.06  minutes
now 2017-04-21 11:30:00.577000 return None: last bar 2017-04-21 09:55:00 last processed bar 2017-04-21 11:25:00
2 bars requested None returned
SPU getFeed did not return any data! last bar: 2017-04-21 11:25:00 now: 11:30:02.039000
now 2017-04-21 11:35:00.553000 return None: last bar 2017-04-21 09:55:00 last processed bar 2017-04-21 11:25:00
2 bars requested None returned
SPU getFeed did not return any data! last bar: 2017-04-21 11:25:00 now: 11:35:00.577000
now 2017-04-21 11:40:00.857000 return None: last bar 2017-04-21 09:55:00 last processed bar 2017-04-21 11:25:00
2 bars requested None returned
SPU getFeed did not return any data! last bar: 2017-04-21 11:25:00 now: 11:40:01.085000
now 2017-04-21 11:45:00.685000 return None: last bar 2017-04-21 09:55:00 last processed bar 2017-04-21 11:25:00
2 bars requested None returned
SPU getFeed did not return any data! last bar: 2017-04-21 11:25:00 now: 11:45:00.974000
now 2017-04-21 11:50:00.385000 return None: last bar 2017-04-21 09:55:00 last processed bar 2017-04-21 11:25:00
2 bars requested None returned
SPU getFeed did not return any data! last bar: 2017-04-21 11:25:00 now: 11:50:01.748000
now 2017-04-21 11:55:00.099000 return None: last bar 2017-04-21 09:55:00 last processed bar 2017-04-21 11:25:00
2 bars requested None returned
SPU getFeed did not return any data! last bar: 2017-04-21 11:25:00 now: 11:55:00.176000
now 2017-04-21 11:55:02.957000 return None: last bar 2017-04-21 09:55:00 last processed bar 2017-04-21 11:25:00
2 bars requested None returned
SPU getFeed did not return any data! last bar: 2017-04-21 11:25:00 now: 11:55:02.970000
now 2017-04-21 12:00:00.352000 return None: last bar 2017-04-21 09:55:00 last processed bar 2017-04-21 11:25:00
2 bars requested None returned
SPU getFeed did not return any data! last bar: 2017-04-21 11:25:00 now: 12:00:00.758000
now 2017-04-21 12:05:00.118000 return None: last bar 2017-04-21 09:55:00 last processed bar 2017-04-21 11:25:00
2 bars requested None returned
SPU getFeed did not return any data! last bar: 2017-04-21 11:25:00 now: 12:05:00.130000
now 2017-04-21 12:10:00.462000 return None: last bar 2017-04-21 09:55:00 last processed bar 2017-04-21 11:25:00
2 bars requested None returned
SPU getFeed did not return any data! last bar: 2017-04-21 11:25:00 now: 12:10:00.485000
now 2017-04-21 12:15:00.612000 return None: last bar 2017-04-21 09:55:00 last processed bar 2017-04-21 11:25:00
2 bars requested None returned
SPU getFeed did not return any data! last bar: 2017-04-21 11:25:00 now: 12:15:00.844000
now 2017-04-21 12:20:00.476000 return None: last bar 2017-04-21 09:55:00 last processed bar 2017-04-21 11:25:00
2 bars requested None returned
SPU getFeed did not return any data! last bar: 2017-04-21 11:25:00 now: 12:20:00.764000
now 2017-04-21 12:25:00.883000 return None: last bar 2017-04-21 09:55:00 last processed bar 2017-04-21 11:25:00
2 bars requested None returned
SPU getFeed did not return any data! last bar: 2017-04-21 11:25:00 now: 12:25:01.017000
now 2017-04-21 12:30:00.784000 return None: last bar 2017-04-21 09:55:00 last processed bar 2017-04-21 11:25:00
2 bars requested None returned
SPU getFeed did not return any data! last bar: 2017-04-21 11:25:00 now: 12:30:01.155000
now 2017-04-21 12:35:00.614000 return None: last bar 2017-04-21 09:55:00 last processed bar 2017-04-21 11:25:00
2 bars requested None returned
SPU getFeed did not return any data! last bar: 2017-04-21 11:25:00 now: 12:35:00.640000
now 2017-04-21 12:40:00.323000 return None: last bar 2017-04-21 09:55:00 last processed bar 2017-04-21 11:25:00
2 bars requested None returned
SPU getFeed did not return any data! last bar: 2017-04-21 11:25:00 now: 12:40:01.033000
now 2017-04-21 12:45:00.489000 return None: last bar 2017-04-21 09:55:00 last processed bar 2017-04-21 11:25:00
2 bars requested None returned
SPU getFeed did not return any data! last bar: 2017-04-21 11:25:00 now: 12:45:00.619000
now 2017-04-21 12:50:00.904000 return None: last bar 2017-04-21 09:55:00 last processed bar 2017-04-21 11:25:00
2 bars requested None returned
SPU getFeed did not return any data! last bar: 2017-04-21 11:25:00 now: 12:50:01.267000
now 2017-04-21 12:55:00.864000 return None: last bar 2017-04-21 09:55:00 last processed bar 2017-04-21 11:25:00
2 bars requested None returned
SPU getFeed did not return any data! last bar: 2017-04-21 11:25:00 now: 12:55:01.163000
now 2017-04-21 13:00:00.249000 return None: last bar 2017-04-21 09:55:00 last processed bar 2017-04-21 11:25:00
2 bars requested None returned
SPU getFeed did not return any data! last bar: 2017-04-21 11:25:00 now: 13:00:00.482000
now 2017-04-21 13:05:00.391000 return None: last bar 2017-04-21 09:55:00 last processed bar 2017-04-21 11:25:00
2 bars requested None returned
SPU getFeed did not return any data! last bar: 2017-04-21 11:25:00 now: 13:05:00.474000
now 2017-04-21 13:10:00.489000 return None: last bar 2017-04-21 09:55:00 last processed bar 2017-04-21 11:25:00
2 bars requested None returned
SPU getFeed did not return any data! last bar: 2017-04-21 11:25:00 now: 13:10:00.567000
now 2017-04-21 13:15:00.602000 return None: last bar 2017-04-21 09:55:00 last processed bar 2017-04-21 11:25:00
2 bars requested None returned
SPU getFeed did not return any data! last bar: 2017-04-21 11:25:00 now: 13:15:01.432000
now 2017-04-21 13:20:00.286000 return None: last bar 2017-04-21 09:55:00 last processed bar 2017-04-21 11:25:00
2 bars requested None returned
SPU getFeed did not return any data! last bar: 2017-04-21 11:25:00 now: 13:20:00.384000
now 2017-04-21 13:25:00.573000 return None: last bar 2017-04-21 09:55:00 last processed bar 2017-04-21 11:25:00
2 bars requested None returned
SPU getFeed did not return any data! last bar: 2017-04-21 11:25:00 now: 13:25:01.542000
now 2017-04-21 13:30:00.144000 return None: last bar 2017-04-21 09:55:00 last processed bar 2017-04-21 11:25:00
2 bars requested None returned
SPU getFeed did not return any data! last bar: 2017-04-21 11:25:00 now: 13:30:00.155000
now 2017-04-21 13:30:02.476000 return None: last bar 2017-04-21 09:55:00 last processed bar 2017-04-21 11:25:00
2 bars requested None returned
SPU getFeed did not return any data! last bar: 2017-04-21 11:25:00 now: 13:30:02.486000
now 2017-04-21 13:35:00.890000 return None: last bar 2017-04-21 09:55:00 last processed bar 2017-04-21 11:25:00
2 bars requested None returned
SPU getFeed did not return any data! last bar: 2017-04-21 11:25:00 now: 13:35:01.252000
now 2017-04-21 13:40:00.416000 return None: last bar 2017-04-21 09:55:00 last processed bar 2017-04-21 11:25:00
2 bars requested None returned
SPU getFeed did not return any data! last bar: 2017-04-21 11:25:00 now: 13:40:00.509000
now 2017-04-21 13:45:00.672000 return None: last bar 2017-04-21 09:55:00 last processed bar 2017-04-21 11:25:00
2 bars requested None returned
SPU getFeed did not return any data! last bar: 2017-04-21 11:25:00 now: 13:45:01.157000
now 2017-04-21 13:50:00.531000 return None: last bar 2017-04-21 09:55:00 last processed bar 2017-04-21 11:25:00
2 bars requested None returned
SPU getFeed did not return any data! last bar: 2017-04-21 11:25:00 now: 13:50:00.970000
now 2017-04-21 13:55:01.234000 return data: last bar 2017-04-21 13:50:00 last processed bar 2017-04-21 11:25:00
2 bars requested 2 bars returned
596 bars requested 22 bars returned
start_idx [(0, Timestamp('2017-04-21 09:35:00'))]
start_ema 2017-04-21 09:55:00 data.dropna() feed returned insufficient data
now 2017-04-21 14:00:00.835000 return data: last bar 2017-04-21 14:00:00 last processed bar 2017-04-21 13:50:00
2 bars requested 2 bars returned
596 bars requested 22 bars returned
start_idx [(0, Timestamp('2017-04-21 09:35:00'))]
start_ema 2017-04-21 09:55:00 data.dropna() feed returned insufficient data
now 2017-04-21 14:05:00.284000 return data: last bar 2017-04-21 14:05:00 last processed bar 2017-04-21 14:00:00
2 bars requested 2 bars returned
596 bars requested 22 bars returned
start_idx [(0, Timestamp('2017-04-21 09:35:00'))]
start_ema 2017-04-21 09:55:00 data.dropna() feed returned insufficient data
now 2017-04-21 14:10:00.058000 return None: last bar 2017-04-21 14:05:00 last processed bar 2017-04-21 14:05:00
2 bars requested None returned
SPU getFeed did not return any data! last bar: 2017-04-21 14:05:00 now: 14:10:00.075000
now 2017-04-21 14:15:00.051000 return None: last bar 2017-04-21 14:05:00 last processed bar 2017-04-21 14:05:00
2 bars requested None returned
SPU getFeed did not return any data! last bar: 2017-04-21 14:05:00 now: 14:15:00.077000
now 2017-04-21 14:20:00.141000 return None: last bar 2017-04-21 14:05:00 last processed bar 2017-04-21 14:05:00
2 bars requested None returned
SPU getFeed did not return any data! last bar: 2017-04-21 14:05:00 now: 14:20:00.155000
now 2017-04-21 14:25:00.473000 return None: last bar 2017-04-21 14:05:00 last processed bar 2017-04-21 14:05:00
2 bars requested None returned
SPU getFeed did not return any data! last bar: 2017-04-21 14:05:00 now: 14:25:00.532000
now 2017-04-21 14:30:00.613000 return None: last bar 2017-04-21 14:05:00 last processed bar 2017-04-21 14:05:00
2 bars requested None returned
SPU getFeed did not return any data! last bar: 2017-04-21 14:05:00 now: 14:30:01.037000
now 2017-04-21 14:35:00.862000 return None: last bar 2017-04-21 14:05:00 last processed bar 2017-04-21 14:05:00
2 bars requested None returned
SPU getFeed did not return any data! last bar: 2017-04-21 14:05:00 now: 14:35:01.137000
now 2017-04-21 14:40:00.537000 return None: last bar 2017-04-21 14:05:00 last processed bar 2017-04-21 14:05:00
2 bars requested None returned
SPU getFeed did not return any data! last bar: 2017-04-21 14:05:00 now: 14:40:00.561000
now 2017-04-21 14:45:00.921000 return None: last bar 2017-04-21 14:05:00 last processed bar 2017-04-21 14:05:00
2 bars requested None returned
SPU getFeed did not return any data! last bar: 2017-04-21 14:05:00 now: 14:45:01.386000
now 2017-04-21 14:50:00.162000 return None: last bar 2017-04-21 14:05:00 last processed bar 2017-04-21 14:05:00
2 bars requested None returned
SPU getFeed did not return any data! last bar: 2017-04-21 14:05:00 now: 14:50:00.259000
now 2017-04-21 14:55:00.422000 return None: last bar 2017-04-21 14:05:00 last processed bar 2017-04-21 14:05:00
2 bars requested None returned
SPU getFeed did not return any data! last bar: 2017-04-21 14:05:00 now: 14:55:00.696000
now 2017-04-21 15:00:00.570000 return None: last bar 2017-04-21 14:05:00 last processed bar 2017-04-21 14:05:00
2 bars requested None returned
SPU getFeed did not return any data! last bar: 2017-04-21 14:05:00 now: 15:00:00.587000
now 2017-04-21 15:05:00.073000 return None: last bar 2017-04-21 14:05:00 last processed bar 2017-04-21 14:05:00
2 bars requested None returned
SPU getFeed did not return any data! last bar: 2017-04-21 14:05:00 now: 15:05:00.099000
now 2017-04-21 15:10:00.127000 return None: last bar 2017-04-21 14:05:00 last processed bar 2017-04-21 14:05:00
2 bars requested None returned
SPU getFeed did not return any data! last bar: 2017-04-21 14:05:00 now: 15:10:00.142000
now 2017-04-21 15:15:00.255000 return None: last bar 2017-04-21 14:05:00 last processed bar 2017-04-21 14:05:00
2 bars requested None returned
SPU getFeed did not return any data! last bar: 2017-04-21 14:05:00 now: 15:15:01.644000
now 2017-04-21 15:20:00.402000 return None: last bar 2017-04-21 14:05:00 last processed bar 2017-04-21 14:05:00
2 bars requested None returned
SPU getFeed did not return any data! last bar: 2017-04-21 14:05:00 now: 15:20:00.733000
now 2017-04-21 15:25:01.060000 return None: last bar 2017-04-21 14:05:00 last processed bar 2017-04-21 14:05:00
2 bars requested None returned
SPU getFeed did not return any data! last bar: 2017-04-21 14:05:00 now: 15:25:01.641000
now 2017-04-21 15:30:00.156000 return None: last bar 2017-04-21 14:05:00 last processed bar 2017-04-21 14:05:00
2 bars requested None returned
SPU getFeed did not return any data! last bar: 2017-04-21 14:05:00 now: 15:30:00.331000
now 2017-04-21 15:35:00.636000 return None: last bar 2017-04-21 14:05:00 last processed bar 2017-04-21 14:05:00
2 bars requested None returned
SPU getFeed did not return any data! last bar: 2017-04-21 14:05:00 now: 15:35:01.171000
now 2017-04-21 15:40:00.017000 return None: last bar 2017-04-21 14:05:00 last processed bar 2017-04-21 14:05:00
2 bars requested None returned
SPU getFeed did not return any data! last bar: 2017-04-21 14:05:00 now: 15:40:00.381000
now 2017-04-21 15:45:00.449000 return None: last bar 2017-04-21 14:05:00 last processed bar 2017-04-21 14:05:00
2 bars requested None returned
SPU getFeed did not return any data! last bar: 2017-04-21 14:05:00 now: 15:45:01.347000
now 2017-04-21 15:50:00.591000 return None: last bar 2017-04-21 14:05:00 last processed bar 2017-04-21 14:05:00
2 bars requested None returned
SPU getFeed did not return any data! last bar: 2017-04-21 14:05:00 now: 15:50:01.511000
now 2017-04-21 15:55:00.320000
