return data: last bar 2017-04-24 10:30:00 last processed bar 1000-01-01 00:00:00
start_idx [(583, Timestamp('2017-04-24 09:35:00'))]
start_ema 2017-04-24 08:00:00 start_vwap 2017-04-24 09:35:00 last_bar 2017-04-24 10:30:00 ET:  0.02  minutes
now 2017-04-24 10:35:00.463000 return None: last bar 2017-04-24 10:30:00 last processed bar 2017-04-24 10:30:00
SSYS getFeed did not return any data! last bar: 2017-04-24 10:30:00 now: 10:35:07.663000
now 2017-04-24 10:40:00.837000 return data: last bar 2017-04-24 10:35:00 last processed bar 2017-04-24 10:30:00
start_idx [(582, Timestamp('2017-04-24 09:35:00'))]
start_ema 2017-04-24 08:00:00 start_vwap 2017-04-24 09:35:00 last_bar 2017-04-24 10:35:00 Writing to ./data/SSYS_livesignals_20170424_10_32_54.csv ./data/SSYS_last.csv
ET:  0.2  minutes
now 2017-04-24 10:45:00.809000 return data: last bar 2017-04-24 10:40:00 last processed bar 2017-04-24 10:35:00
start_idx [(581, Timestamp('2017-04-24 09:35:00'))]
start_ema 2017-04-24 08:00:00 start_vwap 2017-04-24 09:35:00 last_bar 2017-04-24 10:40:00 Writing to ./data/SSYS_livesignals_20170424_10_32_54.csv ./data/SSYS_last.csv
ET:  0.25  minutes
now 2017-04-24 10:50:00.711000 return data: last bar 2017-04-24 10:45:00 last processed bar 2017-04-24 10:40:00
start_idx [(580, Timestamp('2017-04-24 09:35:00'))]
start_ema 2017-04-24 08:00:00 start_vwap 2017-04-24 09:35:00 last_bar 2017-04-24 10:45:00 Writing to ./data/SSYS_livesignals_20170424_10_32_54.csv ./data/SSYS_last.csv
ET:  0.25  minutes
now 2017-04-24 10:55:00.769000 return data: last bar 2017-04-24 10:50:00 last processed bar 2017-04-24 10:45:00
start_idx [(579, Timestamp('2017-04-24 09:35:00'))]
start_ema 2017-04-24 08:00:00 start_vwap 2017-04-24 09:35:00 last_bar 2017-04-24 10:50:00 Writing to ./data/SSYS_livesignals_20170424_10_32_54.csv ./data/SSYS_last.csv
ET:  0.17  minutes
now 2017-04-24 11:00:01.593000 return data: last bar 2017-04-24 10:55:00 last processed bar 2017-04-24 10:50:00
start_idx [(578, Timestamp('2017-04-24 09:35:00'))]
start_ema 2017-04-24 08:00:00 start_vwap 2017-04-24 09:35:00 last_bar 2017-04-24 10:55:00 Writing to ./data/SSYS_livesignals_20170424_10_32_54.csv ./data/SSYS_last.csv
ET:  0.25  minutes
now 2017-04-24 11:05:00.749000 return data: last bar 2017-04-24 11:00:00 last processed bar 2017-04-24 10:55:00
start_idx [(577, Timestamp('2017-04-24 09:35:00'))]
start_ema 2017-04-24 08:00:00 start_vwap 2017-04-24 09:35:00 last_bar 2017-04-24 11:00:00 Writing to ./data/SSYS_livesignals_20170424_10_32_54.csv ./data/SSYS_last.csv
ET:  0.27  minutes
now 2017-04-24 11:10:01.288000 return data: last bar 2017-04-24 11:05:00 last processed bar 2017-04-24 11:00:00
start_idx [(576, Timestamp('2017-04-24 09:35:00'))]
start_ema 2017-04-24 08:00:00 start_vwap 2017-04-24 09:35:00 last_bar 2017-04-24 11:05:00 Writing to ./data/SSYS_livesignals_20170424_10_32_54.csv ./data/SSYS_last.csv
ET:  0.13  minutes
now 2017-04-24 11:15:00.896000 return data: last bar 2017-04-24 11:10:00 last processed bar 2017-04-24 11:05:00
start_idx [(575, Timestamp('2017-04-24 09:35:00'))]
start_ema 2017-04-24 08:00:00 start_vwap 2017-04-24 09:35:00 last_bar 2017-04-24 11:10:00 Writing to ./data/SSYS_livesignals_20170424_10_32_54.csv ./data/SSYS_last.csv
ET:  0.22  minutes
now 2017-04-24 11:20:00.501000 return data: last bar 2017-04-24 11:15:00 last processed bar 2017-04-24 11:10:00
2 bars requested 2 bars returned
start_idx [(0, Timestamp('2017-04-24 09:35:00'))]
start_ema 2017-04-24 09:50:00 data.dropna() feed returned insufficient data
now 2017-04-24 11:25:00.145000 return data: last bar 2017-04-24 11:20:00 last processed bar 2017-04-24 11:15:00
2 bars requested 2 bars returned
start_idx [(0, Timestamp('2017-04-24 09:35:00'))]
start_ema 2017-04-24 09:50:00 data.dropna() feed returned insufficient data
now 2017-04-24 11:30:00.126000 return data: last bar 2017-04-24 11:25:00 last processed bar 2017-04-24 11:20:00
2 bars requested 2 bars returned
start_idx [(0, Timestamp('2017-04-24 09:35:00'))]
start_ema 2017-04-24 09:50:00 data.dropna() feed returned insufficient data
now 2017-04-24 11:35:01.109000 return data: last bar 2017-04-24 11:30:00 last processed bar 2017-04-24 11:25:00
2 bars requested 2 bars returned
start_idx [(0, Timestamp('2017-04-24 09:35:00'))]
start_ema 2017-04-24 09:50:00 data.dropna() feed returned insufficient data
now 2017-04-24 11:40:00.899000 return data: last bar 2017-04-24 11:35:00 last processed bar 2017-04-24 11:30:00
2 bars requested 2 bars returned
start_idx [(0, Timestamp('2017-04-24 09:35:00'))]
start_ema 2017-04-24 09:50:00 data.dropna() feed returned insufficient data
now 2017-04-24 11:45:01.013000 return data: last bar 2017-04-24 11:40:00 last processed bar 2017-04-24 11:35:00
2 bars requested 2 bars returned
start_idx [(0, Timestamp('2017-04-24 09:35:00'))]
start_ema 2017-04-24 09:50:00 data.dropna() feed returned insufficient data
now 2017-04-24 11:50:00.066000 return data: last bar 2017-04-24 11:45:00 last processed bar 2017-04-24 11:40:00
2 bars requested 2 bars returned
start_idx [(0, Timestamp('2017-04-24 09:35:00'))]
start_ema 2017-04-24 09:50:00 data.dropna() feed returned insufficient data
now 2017-04-24 11:55:00.271000 return data: last bar 2017-04-24 11:50:00 last processed bar 2017-04-24 11:45:00
2 bars requested 2 bars returned
start_idx [(0, Timestamp('2017-04-24 09:35:00'))]
start_ema 2017-04-24 09:50:00 data.dropna() feed returned insufficient data
now 2017-04-24 12:00:00.564000 return data: last bar 2017-04-24 11:55:00 last processed bar 2017-04-24 11:50:00
2 bars requested 2 bars returned
start_idx [(0, Timestamp('2017-04-24 09:35:00'))]
start_ema 2017-04-24 09:50:00 data.dropna() feed returned insufficient data
now 2017-04-24 12:05:00.807000 return data: last bar 2017-04-24 12:00:00 last processed bar 2017-04-24 11:55:00
2 bars requested 2 bars returned
start_idx [(0, Timestamp('2017-04-24 09:35:00'))]
start_ema 2017-04-24 09:50:00 data.dropna() feed returned insufficient data
now 2017-04-24 12:10:00.082000 return data: last bar 2017-04-24 12:05:00 last processed bar 2017-04-24 12:00:00
2 bars requested 2 bars returned
start_idx [(0, Timestamp('2017-04-24 09:35:00'))]
start_ema 2017-04-24 09:50:00 data.dropna() feed returned insufficient data
now 2017-04-24 12:15:01.077000 return data: last bar 2017-04-24 12:10:00 last processed bar 2017-04-24 12:05:00
2 bars requested 2 bars returned
start_idx [(0, Timestamp('2017-04-24 09:35:00'))]
start_ema 2017-04-24 09:50:00 data.dropna() feed returned insufficient data
now 2017-04-24 12:20:00.886000 return data: last bar 2017-04-24 12:15:00 last processed bar 2017-04-24 12:10:00
2 bars requested 2 bars returned
start_idx [(0, Timestamp('2017-04-24 09:35:00'))]
start_ema 2017-04-24 09:50:00 data.dropna() feed returned insufficient data
now 2017-04-24 12:25:00.213000 return data: last bar 2017-04-24 12:20:00 last processed bar 2017-04-24 12:15:00
2 bars requested 2 bars returned
start_idx [(0, Timestamp('2017-04-24 09:35:00'))]
start_ema 2017-04-24 09:50:00 data.dropna() feed returned insufficient data
now 2017-04-24 12:30:00.480000 return data: last bar 2017-04-24 12:25:00 last processed bar 2017-04-24 12:20:00
2 bars requested 2 bars returned
start_idx [(0, Timestamp('2017-04-24 09:35:00'))]
start_ema 2017-04-24 09:50:00 data.dropna() feed returned insufficient data
now 2017-04-24 12:35:00.779000 return data: last bar 2017-04-24 12:30:00 last processed bar 2017-04-24 12:25:00
2 bars requested 2 bars returned
start_idx [(0, Timestamp('2017-04-24 09:35:00'))]
start_ema 2017-04-24 09:50:00 data.dropna() feed returned insufficient data
now 2017-04-24 12:40:00.899000 return data: last bar 2017-04-24 12:35:00 last processed bar 2017-04-24 12:30:00
2 bars requested 2 bars returned
start_idx [(0, Timestamp('2017-04-24 09:35:00'))]
start_ema 2017-04-24 09:50:00 data.dropna() feed returned insufficient data
now 2017-04-24 12:45:00.347000 return data: last bar 2017-04-24 12:40:00 last processed bar 2017-04-24 12:35:00
2 bars requested 2 bars returned
start_idx [(0, Timestamp('2017-04-24 09:35:00'))]
start_ema 2017-04-24 09:50:00 data.dropna() feed returned insufficient data
now 2017-04-24 12:50:00.081000 return data: last bar 2017-04-24 12:45:00 last processed bar 2017-04-24 12:40:00
2 bars requested 2 bars returned
start_idx [(0, Timestamp('2017-04-24 09:35:00'))]
start_ema 2017-04-24 09:50:00 data.dropna() feed returned insufficient data
now 2017-04-24 12:55:00.470000 return data: last bar 2017-04-24 12:50:00 last processed bar 2017-04-24 12:45:00
2 bars requested 2 bars returned
start_idx [(0, Timestamp('2017-04-24 09:35:00'))]
start_ema 2017-04-24 09:50:00 data.dropna() feed returned insufficient data
now 2017-04-24 13:00:00.024000 return data: last bar 2017-04-24 12:55:00 last processed bar 2017-04-24 12:50:00
2 bars requested 2 bars returned
start_idx [(0, Timestamp('2017-04-24 09:35:00'))]
start_ema 2017-04-24 09:50:00 data.dropna() feed returned insufficient data
now 2017-04-24 13:05:00.812000 return data: last bar 2017-04-24 13:00:00 last processed bar 2017-04-24 12:55:00
2 bars requested 2 bars returned
start_idx [(0, Timestamp('2017-04-24 09:35:00'))]
start_ema 2017-04-24 09:50:00 data.dropna() feed returned insufficient data
now 2017-04-24 13:10:00.095000 return data: last bar 2017-04-24 13:05:00 last processed bar 2017-04-24 13:00:00
2 bars requested 2 bars returned
start_idx [(0, Timestamp('2017-04-24 09:35:00'))]
start_ema 2017-04-24 09:50:00 data.dropna() feed returned insufficient data
now 2017-04-24 13:15:00.715000 return data: last bar 2017-04-24 13:10:00 last processed bar 2017-04-24 13:05:00
2 bars requested 2 bars returned
start_idx [(0, Timestamp('2017-04-24 09:35:00'))]
start_ema 2017-04-24 09:50:00 data.dropna() feed returned insufficient data
now 2017-04-24 13:20:00.498000 return data: last bar 2017-04-24 13:15:00 last processed bar 2017-04-24 13:10:00
2 bars requested 2 bars returned
start_idx [(0, Timestamp('2017-04-24 09:35:00'))]
start_ema 2017-04-24 09:50:00 data.dropna() feed returned insufficient data
now 2017-04-24 13:25:00.541000 return data: last bar 2017-04-24 13:20:00 last processed bar 2017-04-24 13:15:00
2 bars requested 2 bars returned
start_idx [(0, Timestamp('2017-04-24 09:35:00'))]
start_ema 2017-04-24 09:50:00 data.dropna() feed returned insufficient data
now 2017-04-24 13:30:01.334000 return data: last bar 2017-04-24 13:25:00 last processed bar 2017-04-24 13:20:00
2 bars requested 2 bars returned
start_idx [(0, Timestamp('2017-04-24 09:35:00'))]
start_ema 2017-04-24 09:50:00 data.dropna() feed returned insufficient data
now 2017-04-24 13:35:00.029000 return data: last bar 2017-04-24 13:30:00 last processed bar 2017-04-24 13:25:00
2 bars requested 2 bars returned
start_idx [(0, Timestamp('2017-04-24 09:35:00'))]
start_ema 2017-04-24 09:50:00 data.dropna() feed returned insufficient data
now 2017-04-24 13:40:00.501000 return data: last bar 2017-04-24 13:35:00 last processed bar 2017-04-24 13:30:00
2 bars requested 2 bars returned
start_idx [(0, Timestamp('2017-04-24 09:35:00'))]
start_ema 2017-04-24 09:50:00 data.dropna() feed returned insufficient data
now 2017-04-24 13:45:00.617000 return data: last bar 2017-04-24 13:40:00 last processed bar 2017-04-24 13:35:00
2 bars requested 2 bars returned
start_idx [(0, Timestamp('2017-04-24 09:35:00'))]
start_ema 2017-04-24 09:50:00 data.dropna() feed returned insufficient data
now 2017-04-24 13:50:00.456000 return data: last bar 2017-04-24 13:45:00 last processed bar 2017-04-24 13:40:00
2 bars requested 2 bars returned
start_idx [(0, Timestamp('2017-04-24 09:35:00'))]
start_ema 2017-04-24 09:50:00 data.dropna() feed returned insufficient data
now 2017-04-24 13:55:00.473000 return data: last bar 2017-04-24 13:50:00 last processed bar 2017-04-24 13:45:00
2 bars requested 2 bars returned
start_idx [(0, Timestamp('2017-04-24 09:35:00'))]
start_ema 2017-04-24 09:50:00 data.dropna() feed returned insufficient data
now 2017-04-24 14:00:00.582000 return data: last bar 2017-04-24 13:55:00 last processed bar 2017-04-24 13:50:00
2 bars requested 2 bars returned
start_idx [(0, Timestamp('2017-04-24 09:35:00'))]
start_ema 2017-04-24 09:50:00 data.dropna() feed returned insufficient data
now 2017-04-24 14:05:00.510000 return data: last bar 2017-04-24 14:00:00 last processed bar 2017-04-24 13:55:00
2 bars requested 2 bars returned
start_idx [(0, Timestamp('2017-04-24 09:35:00'))]
start_ema 2017-04-24 09:50:00 data.dropna() feed returned insufficient data
now 2017-04-24 14:10:00.230000 return data: last bar 2017-04-24 14:05:00 last processed bar 2017-04-24 14:00:00
2 bars requested 2 bars returned
start_idx [(0, Timestamp('2017-04-24 09:35:00'))]
start_ema 2017-04-24 09:50:00 data.dropna() feed returned insufficient data
now 2017-04-24 14:15:00.503000 return data: last bar 2017-04-24 14:10:00 last processed bar 2017-04-24 14:05:00
2 bars requested 2 bars returned
start_idx [(0, Timestamp('2017-04-24 09:35:00'))]
start_ema 2017-04-24 09:50:00 data.dropna() feed returned insufficient data
now 2017-04-24 14:20:00.481000 return data: last bar 2017-04-24 14:15:00 last processed bar 2017-04-24 14:10:00
2 bars requested 2 bars returned
start_idx [(0, Timestamp('2017-04-24 09:35:00'))]
start_ema 2017-04-24 09:50:00 data.dropna() feed returned insufficient data
now 2017-04-24 14:25:00.845000 return data: last bar 2017-04-24 14:20:00 last processed bar 2017-04-24 14:15:00
2 bars requested 2 bars returned
start_idx [(0, Timestamp('2017-04-24 09:35:00'))]
start_ema 2017-04-24 09:50:00 data.dropna() feed returned insufficient data
now 2017-04-24 14:30:00.458000 return data: last bar 2017-04-24 14:25:00 last processed bar 2017-04-24 14:20:00
2 bars requested 2 bars returned
start_idx [(0, Timestamp('2017-04-24 09:35:00'))]
start_ema 2017-04-24 09:50:00 data.dropna() feed returned insufficient data
now 2017-04-24 14:35:00.618000 return data: last bar 2017-04-24 14:30:00 last processed bar 2017-04-24 14:25:00
2 bars requested 2 bars returned
start_idx [(0, Timestamp('2017-04-24 09:35:00'))]
start_ema 2017-04-24 09:50:00 data.dropna() feed returned insufficient data
now 2017-04-24 14:40:00.924000 return data: last bar 2017-04-24 14:35:00 last processed bar 2017-04-24 14:30:00
2 bars requested 2 bars returned
start_idx [(0, Timestamp('2017-04-24 09:35:00'))]
start_ema 2017-04-24 09:50:00 data.dropna() feed returned insufficient data
now 2017-04-24 14:45:00.954000 return data: last bar 2017-04-24 14:40:00 last processed bar 2017-04-24 14:35:00
2 bars requested 2 bars returned
start_idx [(0, Timestamp('2017-04-24 09:35:00'))]
start_ema 2017-04-24 09:50:00 data.dropna() feed returned insufficient data
now 2017-04-24 14:50:00.399000 return data: last bar 2017-04-24 14:45:00 last processed bar 2017-04-24 14:40:00
2 bars requested 2 bars returned
start_idx [(0, Timestamp('2017-04-24 09:35:00'))]
start_ema 2017-04-24 09:50:00 data.dropna() feed returned insufficient data
now 2017-04-24 14:55:00.928000 return data: last bar 2017-04-24 14:50:00 last processed bar 2017-04-24 14:45:00
2 bars requested 2 bars returned
start_idx [(0, Timestamp('2017-04-24 09:35:00'))]
start_ema 2017-04-24 09:50:00 data.dropna() feed returned insufficient data
now 2017-04-24 15:00:00.789000 return data: last bar 2017-04-24 14:55:00 last processed bar 2017-04-24 14:50:00
2 bars requested 2 bars returned
start_idx [(0, Timestamp('2017-04-24 09:35:00'))]
start_ema 2017-04-24 09:50:00 data.dropna() feed returned insufficient data
now 2017-04-24 15:05:00.566000 return data: last bar 2017-04-24 15:00:00 last processed bar 2017-04-24 14:55:00
2 bars requested 2 bars returned
start_idx [(0, Timestamp('2017-04-24 09:35:00'))]
start_ema 2017-04-24 09:50:00 data.dropna() feed returned insufficient data
now 2017-04-24 15:10:00.398000 return data: last bar 2017-04-24 15:05:00 last processed bar 2017-04-24 15:00:00
2 bars requested 2 bars returned
start_idx [(0, Timestamp('2017-04-24 09:35:00'))]
start_ema 2017-04-24 09:50:00 data.dropna() feed returned insufficient data
now 2017-04-24 15:15:00.174000 return data: last bar 2017-04-24 15:10:00 last processed bar 2017-04-24 15:05:00
2 bars requested 2 bars returned
start_idx [(0, Timestamp('2017-04-24 09:35:00'))]
start_ema 2017-04-24 09:50:00 data.dropna() feed returned insufficient data
now 2017-04-24 15:20:00.647000 return data: last bar 2017-04-24 15:15:00 last processed bar 2017-04-24 15:10:00
2 bars requested 2 bars returned
start_idx [(0, Timestamp('2017-04-24 09:35:00'))]
start_ema 2017-04-24 09:50:00 data.dropna() feed returned insufficient data
now 2017-04-24 15:25:00.891000 return data: last bar 2017-04-24 15:20:00 last processed bar 2017-04-24 15:15:00
2 bars requested 2 bars returned
start_idx [(0, Timestamp('2017-04-24 09:35:00'))]
start_ema 2017-04-24 09:50:00 data.dropna() feed returned insufficient data
now 2017-04-24 15:30:00.476000 return data: last bar 2017-04-24 15:25:00 last processed bar 2017-04-24 15:20:00
2 bars requested 2 bars returned
start_idx [(0, Timestamp('2017-04-24 09:35:00'))]
start_ema 2017-04-24 09:50:00 data.dropna() feed returned insufficient data
now 2017-04-24 15:35:00.876000 return data: last bar 2017-04-24 15:30:00 last processed bar 2017-04-24 15:25:00
2 bars requested 2 bars returned
start_idx [(0, Timestamp('2017-04-24 09:35:00'))]
start_ema 2017-04-24 09:50:00 data.dropna() feed returned insufficient data
now 2017-04-24 15:40:00.047000 return data: last bar 2017-04-24 15:35:00 last processed bar 2017-04-24 15:30:00
2 bars requested 2 bars returned
start_idx [(0, Timestamp('2017-04-24 09:35:00'))]
start_ema 2017-04-24 09:50:00 data.dropna() feed returned insufficient data
now 2017-04-24 15:45:00.639000 return data: last bar 2017-04-24 15:40:00 last processed bar 2017-04-24 15:35:00
2 bars requested 2 bars returned
start_idx [(0, Timestamp('2017-04-24 09:35:00'))]
start_ema 2017-04-24 09:50:00 data.dropna() feed returned insufficient data
now 2017-04-24 15:50:01.129000 return data: last bar 2017-04-24 15:45:00 last processed bar 2017-04-24 15:40:00
2 bars requested 2 bars returned
start_idx [(0, Timestamp('2017-04-24 09:35:00'))]
start_ema 2017-04-24 09:50:00 data.dropna() feed returned insufficient data
now 2017-04-24 15:55:00.378000
