return data: last bar 2017-04-27 09:35:00 last processed bar 1000-01-01 00:00:00
596 bars requested 596 bars returned
start_idx [(595, Timestamp('2017-04-27 09:35:00'))]
start_ema 2017-04-27 08:00:00 start_vwap 2017-04-27 09:35:00 last_bar 2017-04-27 09:35:00 ET:  0.02  minutes
now 2017-04-27 09:45:01.514000 return None: last bar 2017-04-27 09:35:00 last processed bar 2017-04-27 09:35:00
SVU getFeed did not return any data! last bar: 2017-04-27 09:35:00 now: 09:45:04.720000
now 2017-04-27 09:50:02.211000 return data: last bar 2017-04-27 09:40:00 last processed bar 2017-04-27 09:35:00
596 bars requested 596 bars returned
start_idx [(594, Timestamp('2017-04-27 09:35:00'))]
start_ema 2017-04-27 08:00:00 start_vwap 2017-04-27 09:35:00 last_bar 2017-04-27 09:40:00 Writing to ./data/SVU_livesignals_20170427_09_40_49.csv ./data/SVU_last.csv
ET:  0.08  minutes
now 2017-04-27 09:55:02.212000 return data: last bar 2017-04-27 09:45:00 last processed bar 2017-04-27 09:40:00
596 bars requested 596 bars returned
start_idx [(593, Timestamp('2017-04-27 09:35:00'))]
start_ema 2017-04-27 08:00:00 start_vwap 2017-04-27 09:35:00 last_bar 2017-04-27 09:45:00 Writing to ./data/SVU_livesignals_20170427_09_40_49.csv ./data/SVU_last.csv
ET:  0.08  minutes
now 2017-04-27 10:00:00.101000 return data: last bar 2017-04-27 09:50:00 last processed bar 2017-04-27 09:45:00
596 bars requested 596 bars returned
start_idx [(592, Timestamp('2017-04-27 09:35:00'))]
start_ema 2017-04-27 08:00:00 start_vwap 2017-04-27 09:35:00 last_bar 2017-04-27 09:50:00 Writing to ./data/SVU_livesignals_20170427_09_40_49.csv ./data/SVU_last.csv
ET:  0.1  minutes
now 2017-04-27 10:05:00.541000 return data: last bar 2017-04-27 09:55:00 last processed bar 2017-04-27 09:50:00
596 bars requested 596 bars returned
start_idx [(591, Timestamp('2017-04-27 09:35:00'))]
start_ema 2017-04-27 08:00:00 start_vwap 2017-04-27 09:35:00 last_bar 2017-04-27 09:55:00 Writing to ./data/SVU_livesignals_20170427_09_40_49.csv ./data/SVU_last.csv
ET:  0.11  minutes
now 2017-04-27 10:10:00.742000 return data: last bar 2017-04-27 10:00:00 last processed bar 2017-04-27 09:55:00
596 bars requested 596 bars returned
start_idx [(590, Timestamp('2017-04-27 09:35:00'))]
start_ema 2017-04-27 08:00:00 start_vwap 2017-04-27 09:35:00 last_bar 2017-04-27 10:00:00 Writing to ./data/SVU_livesignals_20170427_09_40_49.csv ./data/SVU_last.csv
ET:  0.11  minutes
now 2017-04-27 10:15:00.399000 return data: last bar 2017-04-27 10:10:00 last processed bar 2017-04-27 10:00:00
596 bars requested 596 bars returned
start_idx [(588, Timestamp('2017-04-27 09:35:00'))]
start_ema 2017-04-27 08:00:00 start_vwap 2017-04-27 09:35:00 last_bar 2017-04-27 10:10:00 Writing to ./data/SVU_livesignals_20170427_09_40_49.csv ./data/SVU_last.csv
ET:  0.11  minutes
now 2017-04-27 10:20:02.230000 return data: last bar 2017-04-27 10:15:00 last processed bar 2017-04-27 10:10:00
596 bars requested 596 bars returned
start_idx [(587, Timestamp('2017-04-27 09:35:00'))]
start_ema 2017-04-27 08:00:00 start_vwap 2017-04-27 09:35:00 last_bar 2017-04-27 10:15:00 Writing to ./data/SVU_livesignals_20170427_09_40_49.csv ./data/SVU_last.csv
ET:  0.08  minutes
now 2017-04-27 10:25:00.515000 return data: last bar 2017-04-27 10:20:00 last processed bar 2017-04-27 10:15:00
596 bars requested 596 bars returned
start_idx [(586, Timestamp('2017-04-27 09:35:00'))]
start_ema 2017-04-27 08:00:00 start_vwap 2017-04-27 09:35:00 last_bar 2017-04-27 10:20:00 Writing to ./data/SVU_livesignals_20170427_09_40_49.csv ./data/SVU_last.csv
ET:  0.12  minutes
now 2017-04-27 10:30:02.796000 return data: last bar 2017-04-27 10:25:00 last processed bar 2017-04-27 10:20:00
596 bars requested 596 bars returned
start_idx [(585, Timestamp('2017-04-27 09:35:00'))]
start_ema 2017-04-27 08:00:00 start_vwap 2017-04-27 09:35:00 last_bar 2017-04-27 10:25:00 Writing to ./data/SVU_livesignals_20170427_09_40_49.csv ./data/SVU_last.csv
ET:  0.08  minutes
now 2017-04-27 10:35:00.842000 return data: last bar 2017-04-27 10:30:00 last processed bar 2017-04-27 10:25:00
596 bars requested 596 bars returned
start_idx [(584, Timestamp('2017-04-27 09:35:00'))]
start_ema 2017-04-27 08:00:00 start_vwap 2017-04-27 09:35:00 last_bar 2017-04-27 10:30:00 Writing to ./data/SVU_livesignals_20170427_09_40_49.csv ./data/SVU_last.csv
ET:  0.11  minutes
now 2017-04-27 10:40:01.223000 return data: last bar 2017-04-27 10:35:00 last processed bar 2017-04-27 10:30:00
596 bars requested 596 bars returned
start_idx [(583, Timestamp('2017-04-27 09:35:00'))]
start_ema 2017-04-27 08:00:00 start_vwap 2017-04-27 09:35:00 last_bar 2017-04-27 10:35:00 Writing to ./data/SVU_livesignals_20170427_09_40_49.csv ./data/SVU_last.csv
ET:  0.1  minutes
now 2017-04-27 10:45:00.154000 return data: last bar 2017-04-27 10:40:00 last processed bar 2017-04-27 10:35:00
596 bars requested 596 bars returned
start_idx [(582, Timestamp('2017-04-27 09:35:00'))]
start_ema 2017-04-27 08:00:00 start_vwap 2017-04-27 09:35:00 last_bar 2017-04-27 10:40:00 Writing to ./data/SVU_livesignals_20170427_09_40_49.csv ./data/SVU_last.csv
ET:  0.13  minutes
now 2017-04-27 10:50:00.547000 return data: last bar 2017-04-27 10:45:00 last processed bar 2017-04-27 10:40:00
596 bars requested 596 bars returned
start_idx [(581, Timestamp('2017-04-27 09:35:00'))]
start_ema 2017-04-27 08:00:00 start_vwap 2017-04-27 09:35:00 last_bar 2017-04-27 10:45:00 Writing to ./data/SVU_livesignals_20170427_09_40_49.csv ./data/SVU_last.csv
ET:  0.11  minutes
now 2017-04-27 10:55:00.820000 return data: last bar 2017-04-27 10:50:00 last processed bar 2017-04-27 10:45:00
596 bars requested 596 bars returned
start_idx [(580, Timestamp('2017-04-27 09:35:00'))]
start_ema 2017-04-27 08:00:00 start_vwap 2017-04-27 09:35:00 last_bar 2017-04-27 10:50:00 Writing to ./data/SVU_livesignals_20170427_09_40_49.csv ./data/SVU_last.csv
ET:  0.11  minutes
now 2017-04-27 11:00:00.413000 return data: last bar 2017-04-27 10:55:00 last processed bar 2017-04-27 10:50:00
596 bars requested 596 bars returned
start_idx [(579, Timestamp('2017-04-27 09:35:00'))]
start_ema 2017-04-27 08:00:00 start_vwap 2017-04-27 09:35:00 last_bar 2017-04-27 10:55:00 Writing to ./data/SVU_livesignals_20170427_09_40_49.csv ./data/SVU_last.csv
ET:  0.14  minutes
now 2017-04-27 11:05:02.346000 return data: last bar 2017-04-27 11:05:00 last processed bar 2017-04-27 10:55:00
596 bars requested 596 bars returned
start_idx [(577, Timestamp('2017-04-27 09:35:00'))]
start_ema 2017-04-27 08:00:00 start_vwap 2017-04-27 09:35:00 last_bar 2017-04-27 11:05:00 Writing to ./data/SVU_livesignals_20170427_09_40_49.csv ./data/SVU_last.csv
ET:  0.09  minutes
now 2017-04-27 11:10:01.450000 return data: last bar 2017-04-27 11:10:00 last processed bar 2017-04-27 11:05:00
596 bars requested 596 bars returned
start_idx [(576, Timestamp('2017-04-27 09:35:00'))]
start_ema 2017-04-27 08:00:00 start_vwap 2017-04-27 09:35:00 last_bar 2017-04-27 11:10:00 Writing to ./data/SVU_livesignals_20170427_09_40_49.csv ./data/SVU_last.csv
ET:  0.11  minutes
now 2017-04-27 11:15:00.143000 return None: last bar 2017-04-27 11:10:00 last processed bar 2017-04-27 11:10:00
SVU getFeed did not return any data! last bar: 2017-04-27 11:10:00 now: 11:15:05.580000
now 2017-04-27 11:20:03.303000 return data: last bar 2017-04-27 11:20:00 last processed bar 2017-04-27 11:10:00
596 bars requested 596 bars returned
start_idx [(574, Timestamp('2017-04-27 09:35:00'))]
start_ema 2017-04-27 08:00:00 start_vwap 2017-04-27 09:35:00 last_bar 2017-04-27 11:20:00 Writing to ./data/SVU_livesignals_20170427_09_40_49.csv ./data/SVU_last.csv
ET:  0.08  minutes
now 2017-04-27 11:25:00.448000 return None: last bar 2017-04-27 11:20:00 last processed bar 2017-04-27 11:20:00
SVU getFeed did not return any data! last bar: 2017-04-27 11:20:00 now: 11:25:05.266000
now 2017-04-27 11:30:01.593000 return data: last bar 2017-04-27 11:25:00 last processed bar 2017-04-27 11:20:00
596 bars requested 596 bars returned
start_idx [(573, Timestamp('2017-04-27 09:35:00'))]
start_ema 2017-04-27 08:00:00 start_vwap 2017-04-27 09:35:00 last_bar 2017-04-27 11:25:00 Writing to ./data/SVU_livesignals_20170427_09_40_49.csv ./data/SVU_last.csv
ET:  0.11  minutes
now 2017-04-27 11:35:01.139000 return data: last bar 2017-04-27 11:35:00 last processed bar 2017-04-27 11:25:00
596 bars requested 596 bars returned
start_idx [(571, Timestamp('2017-04-27 09:35:00'))]
start_ema 2017-04-27 08:00:00 start_vwap 2017-04-27 09:35:00 last_bar 2017-04-27 11:35:00 Writing to ./data/SVU_livesignals_20170427_09_40_49.csv ./data/SVU_last.csv
ET:  0.1  minutes
now 2017-04-27 11:40:00.055000 return None: last bar 2017-04-27 11:35:00 last processed bar 2017-04-27 11:35:00
2 bars requested None returned
SVU getFeed did not return any data! last bar: 2017-04-27 11:35:00 now: 11:40:00.081000
now 2017-04-27 11:45:01.512000 return data: last bar 2017-04-27 11:45:00 last processed bar 2017-04-27 11:35:00
596 bars requested 596 bars returned
start_idx [(569, Timestamp('2017-04-27 09:35:00'))]
start_ema 2017-04-27 08:00:00 start_vwap 2017-04-27 09:35:00 last_bar 2017-04-27 11:45:00 Writing to ./data/SVU_livesignals_20170427_09_40_49.csv ./data/SVU_last.csv
ET:  0.07  minutes
now 2017-04-27 11:50:01.390000 return None: last bar 2017-04-27 11:45:00 last processed bar 2017-04-27 11:45:00
2 bars requested None returned
SVU getFeed did not return any data! last bar: 2017-04-27 11:45:00 now: 11:50:01.643000
now 2017-04-27 11:55:00.734000 return data: last bar 2017-04-27 11:55:00 last processed bar 2017-04-27 11:45:00
596 bars requested 596 bars returned
start_idx [(567, Timestamp('2017-04-27 09:35:00'))]
start_ema 2017-04-27 08:00:00 start_vwap 2017-04-27 09:35:00 last_bar 2017-04-27 11:55:00 Writing to ./data/SVU_livesignals_20170427_09_40_49.csv ./data/SVU_last.csv
ET:  0.09  minutes
now 2017-04-27 12:00:01.494000 return data: last bar 2017-04-27 12:00:00 last processed bar 2017-04-27 11:55:00
2 bars requested 2 bars returned
start_idx [(0, Timestamp('2017-04-27 09:35:00'))]
start_ema 2017-04-27 10:00:00 data.dropna() feed returned insufficient data
now 2017-04-27 12:05:00.222000 return data: last bar 2017-04-27 12:05:00 last processed bar 2017-04-27 12:00:00
2 bars requested 2 bars returned
start_idx [(0, Timestamp('2017-04-27 09:35:00'))]
start_ema 2017-04-27 10:00:00 data.dropna() feed returned insufficient data
now 2017-04-27 12:10:00.921000 return data: last bar 2017-04-27 12:10:00 last processed bar 2017-04-27 12:05:00
2 bars requested 2 bars returned
start_idx [(0, Timestamp('2017-04-27 09:35:00'))]
start_ema 2017-04-27 10:00:00 data.dropna() feed returned insufficient data
now 2017-04-27 12:15:00.308000 return data: last bar 2017-04-27 12:15:00 last processed bar 2017-04-27 12:10:00
2 bars requested 2 bars returned
start_idx [(0, Timestamp('2017-04-27 09:35:00'))]
start_ema 2017-04-27 10:00:00 data.dropna() feed returned insufficient data
now 2017-04-27 12:20:01.397000 return data: last bar 2017-04-27 12:20:00 last processed bar 2017-04-27 12:15:00
2 bars requested 2 bars returned
start_idx [(0, Timestamp('2017-04-27 09:35:00'))]
start_ema 2017-04-27 10:00:00 data.dropna() feed returned insufficient data
now 2017-04-27 12:25:00.349000 return None: last bar 2017-04-27 12:20:00 last processed bar 2017-04-27 12:20:00
2 bars requested None returned
SVU getFeed did not return any data! last bar: 2017-04-27 12:20:00 now: 12:25:00.553000
now 2017-04-27 12:30:00.846000 return data: last bar 2017-04-27 12:30:00 last processed bar 2017-04-27 12:20:00
596 bars requested 596 bars returned
start_idx [(560, Timestamp('2017-04-27 09:35:00'))]
start_ema 2017-04-27 08:00:00 start_vwap 2017-04-27 09:35:00 last_bar 2017-04-27 12:30:00 Writing to ./data/SVU_livesignals_20170427_09_40_49.csv ./data/SVU_last.csv
ET:  0.08  minutes
now 2017-04-27 12:35:00.651000 return data: last bar 2017-04-27 12:35:00 last processed bar 2017-04-27 12:30:00
2 bars requested 2 bars returned
start_idx [(0, Timestamp('2017-04-27 09:35:00'))]
start_ema 2017-04-27 10:10:00 data.dropna() feed returned insufficient data
now 2017-04-27 12:40:00.789000 return data: last bar 2017-04-27 12:40:00 last processed bar 2017-04-27 12:35:00
2 bars requested 2 bars returned
start_idx [(0, Timestamp('2017-04-27 09:35:00'))]
start_ema 2017-04-27 10:10:00 data.dropna() feed returned insufficient data
now 2017-04-27 12:45:01.180000 return data: last bar 2017-04-27 12:45:00 last processed bar 2017-04-27 12:40:00
2 bars requested 2 bars returned
start_idx [(0, Timestamp('2017-04-27 09:35:00'))]
start_ema 2017-04-27 10:10:00 data.dropna() feed returned insufficient data
now 2017-04-27 12:50:00.960000 return data: last bar 2017-04-27 12:50:00 last processed bar 2017-04-27 12:45:00
2 bars requested 2 bars returned
start_idx [(0, Timestamp('2017-04-27 09:35:00'))]
start_ema 2017-04-27 10:10:00 data.dropna() feed returned insufficient data
now 2017-04-27 12:55:00.100000 return data: last bar 2017-04-27 12:55:00 last processed bar 2017-04-27 12:50:00
2 bars requested 2 bars returned
start_idx [(0, Timestamp('2017-04-27 09:35:00'))]
start_ema 2017-04-27 10:10:00 data.dropna() feed returned insufficient data
now 2017-04-27 13:00:00.183000 return None: last bar 2017-04-27 12:55:00 last processed bar 2017-04-27 12:55:00
2 bars requested None returned
SVU getFeed did not return any data! last bar: 2017-04-27 12:55:00 now: 13:00:00.202000
now 2017-04-27 13:05:01.323000 return data: last bar 2017-04-27 13:05:00 last processed bar 2017-04-27 12:55:00
596 bars requested 596 bars returned
start_idx [(553, Timestamp('2017-04-27 09:35:00'))]
start_ema 2017-04-27 08:00:00 start_vwap 2017-04-27 09:35:00 last_bar 2017-04-27 13:05:00 Writing to ./data/SVU_livesignals_20170427_09_40_49.csv ./data/SVU_last.csv
ET:  0.08  minutes
now 2017-04-27 13:10:00.050000 return None: last bar 2017-04-27 13:05:00 last processed bar 2017-04-27 13:05:00
2 bars requested None returned
SVU getFeed did not return any data! last bar: 2017-04-27 13:05:00 now: 13:10:00.126000
now 2017-04-27 13:15:00.821000 return data: last bar 2017-04-27 13:15:00 last processed bar 2017-04-27 13:05:00
596 bars requested 596 bars returned
start_idx [(551, Timestamp('2017-04-27 09:35:00'))]
start_ema 2017-04-27 08:00:00 start_vwap 2017-04-27 09:35:00 last_bar 2017-04-27 13:15:00 Writing to ./data/SVU_livesignals_20170427_09_40_49.csv ./data/SVU_last.csv
ET:  0.08  minutes
now 2017-04-27 13:20:01.696000 return data: last bar 2017-04-27 13:20:00 last processed bar 2017-04-27 13:15:00
2 bars requested 2 bars returned
start_idx [(0, Timestamp('2017-04-27 09:35:00'))]
start_ema 2017-04-27 10:20:00 data.dropna() feed returned insufficient data
now 2017-04-27 13:25:01.289000 return data: last bar 2017-04-27 13:25:00 last processed bar 2017-04-27 13:20:00
2 bars requested 2 bars returned
start_idx [(0, Timestamp('2017-04-27 09:35:00'))]
start_ema 2017-04-27 10:20:00 data.dropna() feed returned insufficient data
now 2017-04-27 13:30:00.395000 return data: last bar 2017-04-27 13:30:00 last processed bar 2017-04-27 13:25:00
2 bars requested 2 bars returned
start_idx [(0, Timestamp('2017-04-27 09:35:00'))]
start_ema 2017-04-27 10:20:00 data.dropna() feed returned insufficient data
now 2017-04-27 13:35:00.147000 return None: last bar 2017-04-27 13:30:00 last processed bar 2017-04-27 13:30:00
2 bars requested None returned
SVU getFeed did not return any data! last bar: 2017-04-27 13:30:00 now: 13:35:00.283000
now 2017-04-27 13:40:00.039000 return data: last bar 2017-04-27 13:35:00 last processed bar 2017-04-27 13:30:00
596 bars requested 596 bars returned
start_idx [(547, Timestamp('2017-04-27 09:35:00'))]
start_ema 2017-04-27 08:00:00 start_vwap 2017-04-27 09:35:00 last_bar 2017-04-27 13:35:00 Writing to ./data/SVU_livesignals_20170427_09_40_49.csv ./data/SVU_last.csv
ET:  0.09  minutes
now 2017-04-27 13:45:00.580000 return data: last bar 2017-04-27 13:45:00 last processed bar 2017-04-27 13:35:00
2 bars requested 2 bars returned
start_idx [(0, Timestamp('2017-04-27 09:35:00'))]
start_ema 2017-04-27 10:25:00 data.dropna() feed returned insufficient data
now 2017-04-27 13:50:00.484000 return data: last bar 2017-04-27 13:50:00 last processed bar 2017-04-27 13:45:00
2 bars requested 2 bars returned
start_idx [(0, Timestamp('2017-04-27 09:35:00'))]
start_ema 2017-04-27 10:25:00 data.dropna() feed returned insufficient data
now 2017-04-27 13:55:00.105000 return data: last bar 2017-04-27 13:55:00 last processed bar 2017-04-27 13:50:00
2 bars requested 2 bars returned
start_idx [(0, Timestamp('2017-04-27 09:35:00'))]
start_ema 2017-04-27 10:25:00 data.dropna() feed returned insufficient data
now 2017-04-27 14:00:00.344000 return None: last bar 2017-04-27 13:55:00 last processed bar 2017-04-27 13:55:00
2 bars requested None returned
SVU getFeed did not return any data! last bar: 2017-04-27 13:55:00 now: 14:00:00.375000
now 2017-04-27 14:05:01.159000 return data: last bar 2017-04-27 14:05:00 last processed bar 2017-04-27 13:55:00
596 bars requested 596 bars returned
start_idx [(541, Timestamp('2017-04-27 09:35:00'))]
start_ema 2017-04-27 08:00:00 start_vwap 2017-04-27 09:35:00 last_bar 2017-04-27 14:05:00 Writing to ./data/SVU_livesignals_20170427_09_40_49.csv ./data/SVU_last.csv
ET:  0.08  minutes
now 2017-04-27 14:10:00.239000 return data: last bar 2017-04-27 14:10:00 last processed bar 2017-04-27 14:05:00
2 bars requested 2 bars returned
start_idx [(0, Timestamp('2017-04-27 09:35:00'))]
start_ema 2017-04-27 10:30:00 data.dropna() feed returned insufficient data
now 2017-04-27 14:15:00.145000 return data: last bar 2017-04-27 14:15:00 last processed bar 2017-04-27 14:10:00
2 bars requested 2 bars returned
start_idx [(0, Timestamp('2017-04-27 09:35:00'))]
start_ema 2017-04-27 10:30:00 data.dropna() feed returned insufficient data
now 2017-04-27 14:20:01.546000 return data: last bar 2017-04-27 14:20:00 last processed bar 2017-04-27 14:15:00
2 bars requested 2 bars returned
start_idx [(0, Timestamp('2017-04-27 09:35:00'))]
start_ema 2017-04-27 10:30:00 data.dropna() feed returned insufficient data
now 2017-04-27 14:25:00.251000 return None: last bar 2017-04-27 14:20:00 last processed bar 2017-04-27 14:20:00
2 bars requested None returned
SVU getFeed did not return any data! last bar: 2017-04-27 14:20:00 now: 14:25:00.269000
now 2017-04-27 14:25:04.288000 return data: last bar 2017-04-27 14:25:00 last processed bar 2017-04-27 14:20:00
596 bars requested 596 bars returned
start_idx [(537, Timestamp('2017-04-27 09:35:00'))]
start_ema 2017-04-27 08:00:00 start_vwap 2017-04-27 09:35:00 last_bar 2017-04-27 14:25:00 Writing to ./data/SVU_livesignals_20170427_09_40_49.csv ./data/SVU_last.csv
ET:  0.04  minutes
now 2017-04-27 14:30:00.689000 return data: last bar 2017-04-27 14:30:00 last processed bar 2017-04-27 14:25:00
2 bars requested 2 bars returned
start_idx [(0, Timestamp('2017-04-27 09:35:00'))]
start_ema 2017-04-27 10:35:00 data.dropna() feed returned insufficient data
now 2017-04-27 14:35:00.457000 return data: last bar 2017-04-27 14:35:00 last processed bar 2017-04-27 14:30:00
2 bars requested 2 bars returned
start_idx [(0, Timestamp('2017-04-27 09:35:00'))]
start_ema 2017-04-27 10:35:00 data.dropna() feed returned insufficient data
now 2017-04-27 14:40:01.058000 return data: last bar 2017-04-27 14:40:00 last processed bar 2017-04-27 14:35:00
2 bars requested 2 bars returned
start_idx [(0, Timestamp('2017-04-27 09:35:00'))]
start_ema 2017-04-27 10:35:00 data.dropna() feed returned insufficient data
now 2017-04-27 14:45:01.279000 return data: last bar 2017-04-27 14:45:00 last processed bar 2017-04-27 14:40:00
2 bars requested 2 bars returned
start_idx [(0, Timestamp('2017-04-27 09:35:00'))]
start_ema 2017-04-27 10:35:00 data.dropna() feed returned insufficient data
now 2017-04-27 14:50:00.525000 return data: last bar 2017-04-27 14:50:00 last processed bar 2017-04-27 14:45:00
2 bars requested 2 bars returned
start_idx [(0, Timestamp('2017-04-27 09:35:00'))]
start_ema 2017-04-27 10:35:00 data.dropna() feed returned insufficient data
now 2017-04-27 14:55:00.267000 return data: last bar 2017-04-27 14:55:00 last processed bar 2017-04-27 14:50:00
2 bars requested 2 bars returned
start_idx [(0, Timestamp('2017-04-27 09:35:00'))]
start_ema 2017-04-27 10:35:00 data.dropna() feed returned insufficient data
now 2017-04-27 15:00:01.299000 return data: last bar 2017-04-27 15:00:00 last processed bar 2017-04-27 14:55:00
2 bars requested 2 bars returned
start_idx [(0, Timestamp('2017-04-27 09:35:00'))]
start_ema 2017-04-27 10:35:00 data.dropna() feed returned insufficient data
now 2017-04-27 15:05:01.135000 return data: last bar 2017-04-27 15:05:00 last processed bar 2017-04-27 15:00:00
2 bars requested 2 bars returned
start_idx [(0, Timestamp('2017-04-27 09:35:00'))]
start_ema 2017-04-27 10:35:00 data.dropna() feed returned insufficient data
now 2017-04-27 15:10:03.444000 return data: last bar 2017-04-27 15:10:00 last processed bar 2017-04-27 15:05:00
2 bars requested 2 bars returned
start_idx [(0, Timestamp('2017-04-27 09:35:00'))]
start_ema 2017-04-27 10:35:00 data.dropna() feed returned insufficient data
now 2017-04-27 15:15:00.671000 return data: last bar 2017-04-27 15:15:00 last processed bar 2017-04-27 15:10:00
2 bars requested 2 bars returned
start_idx [(0, Timestamp('2017-04-27 09:35:00'))]
start_ema 2017-04-27 10:35:00 data.dropna() feed returned insufficient data
now 2017-04-27 15:20:02.455000 return data: last bar 2017-04-27 15:20:00 last processed bar 2017-04-27 15:15:00
2 bars requested 2 bars returned
start_idx [(0, Timestamp('2017-04-27 09:35:00'))]
start_ema 2017-04-27 10:35:00 data.dropna() feed returned insufficient data
now 2017-04-27 15:25:01.191000 return data: last bar 2017-04-27 15:25:00 last processed bar 2017-04-27 15:20:00
2 bars requested 2 bars returned
start_idx [(0, Timestamp('2017-04-27 09:35:00'))]
start_ema 2017-04-27 10:35:00 data.dropna() feed returned insufficient data
now 2017-04-27 15:30:01.977000 return data: last bar 2017-04-27 15:30:00 last processed bar 2017-04-27 15:25:00
2 bars requested 2 bars returned
start_idx [(0, Timestamp('2017-04-27 09:35:00'))]
start_ema 2017-04-27 10:35:00 data.dropna() feed returned insufficient data
now 2017-04-27 15:35:01.530000 return data: last bar 2017-04-27 15:35:00 last processed bar 2017-04-27 15:30:00
2 bars requested 2 bars returned
start_idx [(0, Timestamp('2017-04-27 09:35:00'))]
start_ema 2017-04-27 10:35:00 data.dropna() feed returned insufficient data
now 2017-04-27 15:40:00.435000 return data: last bar 2017-04-27 15:40:00 last processed bar 2017-04-27 15:35:00
2 bars requested 2 bars returned
start_idx [(0, Timestamp('2017-04-27 09:35:00'))]
start_ema 2017-04-27 10:35:00 data.dropna() feed returned insufficient data
now 2017-04-27 15:45:00.641000 return data: last bar 2017-04-27 15:45:00 last processed bar 2017-04-27 15:40:00
2 bars requested 2 bars returned
start_idx [(0, Timestamp('2017-04-27 09:35:00'))]
start_ema 2017-04-27 10:35:00 data.dropna() feed returned insufficient data
now 2017-04-27 15:50:00.528000 return None: last bar 2017-04-27 15:45:00 last processed bar 2017-04-27 15:45:00
2 bars requested None returned
SVU getFeed did not return any data! last bar: 2017-04-27 15:45:00 now: 15:50:00.584000
now 2017-04-27 15:50:03.608000 return data: last bar 2017-04-27 15:50:00 last processed bar 2017-04-27 15:45:00
596 bars requested 596 bars returned
start_idx [(520, Timestamp('2017-04-27 09:35:00'))]
start_ema 2017-04-27 08:00:00 start_vwap 2017-04-27 09:35:00 last_bar 2017-04-27 15:50:00 Writing to ./data/SVU_livesignals_20170427_09_40_49.csv ./data/SVU_last.csv
ET:  0.05  minutes
now 2017-04-27 15:55:00.937000
