last bar 2017-03-13 09:35:00 last processed bar 1000-01-01 00:00:00
start_ema 2017-03-10 14:35:00 start_vwap 2017-03-13 09:35:00 last_bar 2017-03-13 09:35:00 ET:  0.17  minutes
Writing to ./data/TRUE_livesignals_20170313_09_31_45.csv ./data/TRUE_last.csv
now 2017-03-13 09:31:55.998000 last bar 2017-03-13 09:35:00 last processed bar 2017-03-13 09:35:00
new bar not ready
now 2017-03-13 09:35:00.001000 last bar 2017-03-13 09:35:00 last processed bar 2017-03-13 09:35:00
new bar not ready
now 2017-03-13 09:40:00.881000 last bar 2017-03-13 09:45:00 last processed bar 2017-03-13 09:35:00
start_ema 2017-03-10 14:35:00 start_vwap 2017-03-13 09:35:00 last_bar 2017-03-13 09:45:00 ET:  8.52  minutes
now 2017-03-13 09:45:00.485000 last bar 2017-03-13 09:45:00 last processed bar 2017-03-13 09:45:00
new bar not ready
now 2017-03-13 09:50:00.411000 last bar 2017-03-13 09:50:00 last processed bar 2017-03-13 09:45:00
start_ema 2017-03-10 14:35:00 start_vwap 2017-03-13 09:35:00 last_bar 2017-03-13 09:50:00 ET:  18.37  minutes
now 2017-03-13 09:55:00.464000 last bar 2017-03-13 09:55:00 last processed bar 2017-03-13 09:50:00
start_ema 2017-03-10 14:35:00 start_vwap 2017-03-13 09:35:00 last_bar 2017-03-13 09:55:00 ET:  23.34  minutes
now 2017-03-13 10:00:00.217000 last bar 2017-03-13 10:00:00 last processed bar 2017-03-13 09:55:00
start_ema 2017-03-10 14:35:00 start_vwap 2017-03-13 09:35:00 last_bar 2017-03-13 10:00:00 ET:  28.33  minutes
now 2017-03-13 10:05:00.944000 last bar 2017-03-13 10:05:00 last processed bar 2017-03-13 10:00:00
start_ema 2017-03-10 14:35:00 start_vwap 2017-03-13 09:35:00 last_bar 2017-03-13 10:05:00 ET:  33.35  minutes
now 2017-03-13 10:10:00.132000 last bar 2017-03-13 10:10:00 last processed bar 2017-03-13 10:05:00
start_ema 2017-03-10 14:35:00 start_vwap 2017-03-13 09:35:00 last_bar 2017-03-13 10:10:00 ET:  38.35  minutes
now 2017-03-13 10:15:00.048000 last bar 2017-03-13 10:15:00 last processed bar 2017-03-13 10:10:00
start_ema 2017-03-10 14:35:00 start_vwap 2017-03-13 09:35:00 last_bar 2017-03-13 10:15:00 ET:  43.29  minutes
now 2017-03-13 10:20:00.320000 last bar 2017-03-13 10:20:00 last processed bar 2017-03-13 10:15:00
start_ema 2017-03-10 14:35:00 start_vwap 2017-03-13 09:35:00 last_bar 2017-03-13 10:20:00 ET:  48.32  minutes
now 2017-03-13 10:25:00.462000 last bar 2017-03-13 10:25:00 last processed bar 2017-03-13 10:20:00
start_ema 2017-03-10 14:35:00 start_vwap 2017-03-13 09:35:00 last_bar 2017-03-13 10:25:00 ET:  53.34  minutes
now 2017-03-13 10:30:00.110000 last bar 2017-03-13 10:30:00 last processed bar 2017-03-13 10:25:00
start_ema 2017-03-10 14:35:00 start_vwap 2017-03-13 09:35:00 last_bar 2017-03-13 10:30:00 ET:  58.34  minutes
now 2017-03-13 10:35:00.610000 last bar 2017-03-13 10:35:00 last processed bar 2017-03-13 10:30:00
start_ema 2017-03-10 14:35:00 start_vwap 2017-03-13 09:35:00 last_bar 2017-03-13 10:35:00 ET:  63.35  minutes
now 2017-03-13 10:40:00.899000 last bar 2017-03-13 10:40:00 last processed bar 2017-03-13 10:35:00
start_ema 2017-03-10 14:35:00 start_vwap 2017-03-13 09:35:00 last_bar 2017-03-13 10:40:00 ET:  68.34  minutes
now 2017-03-13 10:45:00.091000 last bar 2017-03-13 10:45:00 last processed bar 2017-03-13 10:40:00
start_ema 2017-03-10 14:35:00 start_vwap 2017-03-13 09:35:00 last_bar 2017-03-13 10:45:00 ET:  73.33  minutes
now 2017-03-13 10:50:00.659000 last bar 2017-03-13 10:50:00 last processed bar 2017-03-13 10:45:00
start_ema 2017-03-10 14:35:00 start_vwap 2017-03-13 09:35:00 last_bar 2017-03-13 10:50:00 ET:  78.35  minutes
now 2017-03-13 10:55:00.998000 last bar 2017-03-13 11:00:00 last processed bar 2017-03-13 10:50:00
start_ema 2017-03-10 14:35:00 start_vwap 2017-03-13 09:35:00 last_bar 2017-03-13 11:00:00 ET:  83.34  minutes
now 2017-03-13 11:00:00.419000 last bar 2017-03-13 11:00:00 last processed bar 2017-03-13 11:00:00
new bar not ready
now 2017-03-13 11:05:00.484000 last bar 2017-03-13 11:05:00 last processed bar 2017-03-13 11:00:00
start_ema 2017-03-10 14:35:00 start_vwap 2017-03-13 09:35:00 last_bar 2017-03-13 11:05:00 ET:  93.33  minutes
now 2017-03-13 11:10:00.868000 last bar 2017-03-13 11:15:00 last processed bar 2017-03-13 11:05:00
start_ema 2017-03-10 14:35:00 start_vwap 2017-03-13 09:35:00 last_bar 2017-03-13 11:15:00 ET:  98.34  minutes
now 2017-03-13 11:15:00.194000 last bar 2017-03-13 11:20:00 last processed bar 2017-03-13 11:15:00
start_ema 2017-03-10 14:35:00 start_vwap 2017-03-13 09:35:00 last_bar 2017-03-13 11:20:00 ET:  103.35  minutes
now 2017-03-13 11:20:00.185000 last bar 2017-03-13 11:20:00 last processed bar 2017-03-13 11:20:00
new bar not ready
now 2017-03-13 11:25:00.949000 last bar 2017-03-13 11:25:00 last processed bar 2017-03-13 11:20:00
start_ema 2017-03-10 14:35:00 start_vwap 2017-03-13 09:35:00 last_bar 2017-03-13 11:25:00 ET:  113.35  minutes
now 2017-03-13 11:30:00.951000 last bar 2017-03-13 11:30:00 last processed bar 2017-03-13 11:25:00
start_ema 2017-03-10 14:35:00 start_vwap 2017-03-13 09:35:00 last_bar 2017-03-13 11:30:00 ET:  118.33  minutes
now 2017-03-13 11:35:00.809000 last bar 2017-03-13 11:40:00 last processed bar 2017-03-13 11:30:00
start_ema 2017-03-10 14:35:00 start_vwap 2017-03-13 09:35:00 last_bar 2017-03-13 11:40:00 ET:  123.35  minutes
now 2017-03-13 11:40:00.059000 last bar 2017-03-13 11:40:00 last processed bar 2017-03-13 11:40:00
new bar not ready
now 2017-03-13 11:45:00.709000 last bar 2017-03-13 11:45:00 last processed bar 2017-03-13 11:40:00
start_ema 2017-03-10 14:35:00 start_vwap 2017-03-13 09:35:00 last_bar 2017-03-13 11:45:00 ET:  133.35  minutes
now 2017-03-13 11:50:00.145000 last bar 2017-03-13 11:50:00 last processed bar 2017-03-13 11:45:00
start_ema 2017-03-10 14:35:00 start_vwap 2017-03-13 09:35:00 last_bar 2017-03-13 11:50:00 ET:  138.32  minutes
now 2017-03-13 11:55:00.051000 last bar 2017-03-13 11:55:00 last processed bar 2017-03-13 11:50:00
start_ema 2017-03-10 14:35:00 start_vwap 2017-03-13 09:35:00 last_bar 2017-03-13 11:55:00 ET:  143.31  minutes
now 2017-03-13 12:00:00.480000 last bar 2017-03-13 12:00:00 last processed bar 2017-03-13 11:55:00
start_ema 2017-03-10 14:35:00 start_vwap 2017-03-13 09:35:00 last_bar 2017-03-13 12:00:00 ET:  148.33  minutes
now 2017-03-13 12:05:00.868000 last bar 2017-03-13 12:10:00 last processed bar 2017-03-13 12:00:00
start_ema 2017-03-10 14:35:00 start_vwap 2017-03-13 09:35:00 last_bar 2017-03-13 12:10:00 ET:  153.33  minutes
now 2017-03-13 12:10:00.066000 last bar 2017-03-13 12:10:00 last processed bar 2017-03-13 12:10:00
new bar not ready
now 2017-03-13 12:15:00.804000 last bar 2017-03-13 12:15:00 last processed bar 2017-03-13 12:10:00
start_ema 2017-03-10 14:35:00 start_vwap 2017-03-13 09:35:00 last_bar 2017-03-13 12:15:00 ET:  163.34  minutes
now 2017-03-13 12:20:00.180000 last bar 2017-03-13 12:20:00 last processed bar 2017-03-13 12:15:00
start_ema 2017-03-10 14:35:00 start_vwap 2017-03-13 09:35:00 last_bar 2017-03-13 12:20:00 ET:  168.33  minutes
now 2017-03-13 12:25:00.071000 last bar 2017-03-13 12:25:00 last processed bar 2017-03-13 12:20:00
start_ema 2017-03-10 14:35:00 start_vwap 2017-03-13 09:35:00 last_bar 2017-03-13 12:25:00 ET:  173.38  minutes
now 2017-03-13 12:30:00.994000 last bar 2017-03-13 12:35:00 last processed bar 2017-03-13 12:25:00
start_ema 2017-03-10 14:35:00 start_vwap 2017-03-13 09:35:00 last_bar 2017-03-13 12:35:00 ET:  178.36  minutes
now 2017-03-13 12:35:00.755000 last bar 2017-03-13 12:35:00 last processed bar 2017-03-13 12:35:00
new bar not ready
now 2017-03-13 12:40:00.805000 last bar 2017-03-13 12:40:00 last processed bar 2017-03-13 12:35:00
start_ema 2017-03-10 14:35:00 start_vwap 2017-03-13 09:35:00 last_bar 2017-03-13 12:40:00 ET:  188.35  minutes
now 2017-03-13 12:45:00.219000 last bar 2017-03-13 12:50:00 last processed bar 2017-03-13 12:40:00
start_ema 2017-03-10 14:35:00 start_vwap 2017-03-13 09:35:00 last_bar 2017-03-13 12:50:00 ET:  193.34  minutes
now 2017-03-13 12:50:00.456000 last bar 2017-03-13 12:50:00 last processed bar 2017-03-13 12:50:00
new bar not ready
now 2017-03-13 12:55:00.107000 last bar 2017-03-13 13:00:00 last processed bar 2017-03-13 12:50:00
start_ema 2017-03-10 14:35:00 start_vwap 2017-03-13 09:35:00 last_bar 2017-03-13 13:00:00 ET:  203.36  minutes
now 2017-03-13 13:00:00.581000 last bar 2017-03-13 13:00:00 last processed bar 2017-03-13 13:00:00
new bar not ready
now 2017-03-13 13:05:00.124000 last bar 2017-03-13 13:05:00 last processed bar 2017-03-13 13:00:00
start_ema 2017-03-10 14:35:00 start_vwap 2017-03-13 09:35:00 last_bar 2017-03-13 13:05:00 ET:  213.34  minutes
now 2017-03-13 13:10:00.406000 last bar 2017-03-13 13:10:00 last processed bar 2017-03-13 13:05:00
start_ema 2017-03-10 14:35:00 start_vwap 2017-03-13 09:35:00 last_bar 2017-03-13 13:10:00 ET:  218.35  minutes
now 2017-03-13 13:15:00.233000 last bar 2017-03-13 13:15:00 last processed bar 2017-03-13 13:10:00
start_ema 2017-03-10 14:35:00 start_vwap 2017-03-13 09:35:00 last_bar 2017-03-13 13:15:00 ET:  223.35  minutes
now 2017-03-13 13:20:00.710000 last bar 2017-03-13 13:25:00 last processed bar 2017-03-13 13:15:00
start_ema 2017-03-10 14:35:00 start_vwap 2017-03-13 09:35:00 last_bar 2017-03-13 13:25:00 ET:  228.35  minutes
now 2017-03-13 13:25:00.092000 last bar 2017-03-13 13:30:00 last processed bar 2017-03-13 13:25:00
start_ema 2017-03-10 14:35:00 start_vwap 2017-03-13 09:35:00 last_bar 2017-03-13 13:30:00 ET:  233.34  minutes
now 2017-03-13 13:30:00.426000 last bar 2017-03-13 13:30:00 last processed bar 2017-03-13 13:30:00
new bar not ready
now 2017-03-13 13:35:00.184000 last bar 2017-03-13 13:35:00 last processed bar 2017-03-13 13:30:00
start_ema 2017-03-10 14:35:00 start_vwap 2017-03-13 09:35:00 last_bar 2017-03-13 13:35:00 ET:  243.33  minutes
now 2017-03-13 13:40:00.980000 last bar 2017-03-13 13:40:00 last processed bar 2017-03-13 13:35:00
start_ema 2017-03-10 14:35:00 start_vwap 2017-03-13 09:35:00 last_bar 2017-03-13 13:40:00 ET:  248.33  minutes
now 2017-03-13 13:45:00.945000 last bar 2017-03-13 13:45:00 last processed bar 2017-03-13 13:40:00
start_ema 2017-03-10 14:35:00 start_vwap 2017-03-13 09:35:00 last_bar 2017-03-13 13:45:00 ET:  253.35  minutes
now 2017-03-13 13:50:00.797000 last bar 2017-03-13 13:50:00 last processed bar 2017-03-13 13:45:00
start_ema 2017-03-10 14:35:00 start_vwap 2017-03-13 09:35:00 last_bar 2017-03-13 13:50:00 ET:  258.35  minutes
now 2017-03-13 13:55:00.214000 last bar 2017-03-13 13:55:00 last processed bar 2017-03-13 13:50:00
start_ema 2017-03-10 14:35:00 start_vwap 2017-03-13 09:35:00 last_bar 2017-03-13 13:55:00 ET:  263.33  minutes
now 2017-03-13 14:00:00.957000 last bar 2017-03-13 14:00:00 last processed bar 2017-03-13 13:55:00
start_ema 2017-03-10 14:35:00 start_vwap 2017-03-13 09:35:00 last_bar 2017-03-13 14:00:00 ET:  268.34  minutes
now 2017-03-13 14:05:00.396000 last bar 2017-03-13 14:05:00 last processed bar 2017-03-13 14:00:00
start_ema 2017-03-10 14:35:00 start_vwap 2017-03-13 09:35:00 last_bar 2017-03-13 14:05:00 ET:  273.34  minutes
now 2017-03-13 14:10:00.182000 last bar 2017-03-13 14:15:00 last processed bar 2017-03-13 14:05:00
start_ema 2017-03-10 14:35:00 start_vwap 2017-03-13 09:35:00 last_bar 2017-03-13 14:15:00 ET:  278.33  minutes
now 2017-03-13 14:15:00.808000 last bar 2017-03-13 14:15:00 last processed bar 2017-03-13 14:15:00
new bar not ready
now 2017-03-13 14:20:00.524000 last bar 2017-03-13 14:20:00 last processed bar 2017-03-13 14:15:00
start_ema 2017-03-10 14:35:00 start_vwap 2017-03-13 09:35:00 last_bar 2017-03-13 14:20:00 ET:  288.34  minutes
now 2017-03-13 14:25:00.228000 last bar 2017-03-13 14:25:00 last processed bar 2017-03-13 14:20:00
start_ema 2017-03-10 14:35:00 start_vwap 2017-03-13 09:35:00 last_bar 2017-03-13 14:25:00 ET:  293.35  minutes
now 2017-03-13 14:30:00.734000 last bar 2017-03-13 14:30:00 last processed bar 2017-03-13 14:25:00
start_ema 2017-03-10 14:35:00 start_vwap 2017-03-13 09:35:00 last_bar 2017-03-13 14:30:00 ET:  298.34  minutes
now 2017-03-13 14:35:00.556000 last bar 2017-03-13 14:35:00 last processed bar 2017-03-13 14:30:00
start_ema 2017-03-10 14:35:00 start_vwap 2017-03-13 09:35:00 last_bar 2017-03-13 14:35:00 ET:  303.34  minutes
now 2017-03-13 14:40:00.308000 last bar 2017-03-13 14:40:00 last processed bar 2017-03-13 14:35:00
start_ema 2017-03-10 14:35:00 start_vwap 2017-03-13 09:35:00 last_bar 2017-03-13 14:40:00 ET:  308.32  minutes
now 2017-03-13 14:45:00.045000 last bar 2017-03-13 14:45:00 last processed bar 2017-03-13 14:40:00
start_ema 2017-03-10 14:35:00 start_vwap 2017-03-13 09:35:00 last_bar 2017-03-13 14:45:00 ET:  313.37  minutes
now 2017-03-13 14:50:00.261000 last bar 2017-03-13 14:50:00 last processed bar 2017-03-13 14:45:00
start_ema 2017-03-10 14:35:00 start_vwap 2017-03-13 09:35:00 last_bar 2017-03-13 14:50:00 ET:  318.38  minutes
now 2017-03-13 14:55:00.602000 last bar 2017-03-13 14:55:00 last processed bar 2017-03-13 14:50:00
start_ema 2017-03-10 14:35:00 start_vwap 2017-03-13 09:35:00 last_bar 2017-03-13 14:55:00 ET:  323.32  minutes
now 2017-03-13 15:00:00.149000 last bar 2017-03-13 15:00:00 last processed bar 2017-03-13 14:55:00
start_ema 2017-03-10 14:35:00 start_vwap 2017-03-13 09:35:00 last_bar 2017-03-13 15:00:00 ET:  328.35  minutes
now 2017-03-13 15:05:00.137000 last bar 2017-03-13 15:05:00 last processed bar 2017-03-13 15:00:00
start_ema 2017-03-10 14:35:00 start_vwap 2017-03-13 09:35:00 last_bar 2017-03-13 15:05:00 ET:  333.33  minutes
now 2017-03-13 15:10:00.767000 last bar 2017-03-13 15:15:00 last processed bar 2017-03-13 15:05:00
start_ema 2017-03-10 14:35:00 start_vwap 2017-03-13 09:35:00 last_bar 2017-03-13 15:15:00 ET:  338.34  minutes
now 2017-03-13 15:15:00.404000 last bar 2017-03-13 15:15:00 last processed bar 2017-03-13 15:15:00
new bar not ready
now 2017-03-13 15:20:00.982000 last bar 2017-03-13 15:25:00 last processed bar 2017-03-13 15:15:00
start_ema 2017-03-10 14:35:00 start_vwap 2017-03-13 09:35:00 last_bar 2017-03-13 15:25:00 ET:  348.36  minutes
now 2017-03-13 15:25:00.662000 last bar 2017-03-13 15:25:00 last processed bar 2017-03-13 15:25:00
new bar not ready
now 2017-03-13 15:30:00.698000 last bar 2017-03-13 15:30:00 last processed bar 2017-03-13 15:25:00
start_ema 2017-03-10 14:35:00 start_vwap 2017-03-13 09:35:00 last_bar 2017-03-13 15:30:00 ET:  358.35  minutes
now 2017-03-13 15:35:00.141000 last bar 2017-03-13 15:35:00 last processed bar 2017-03-13 15:30:00
start_ema 2017-03-10 14:35:00 start_vwap 2017-03-13 09:35:00 last_bar 2017-03-13 15:35:00 ET:  363.33  minutes
now 2017-03-13 15:40:00.953000 last bar 2017-03-13 15:40:00 last processed bar 2017-03-13 15:35:00
start_ema 2017-03-10 14:35:00 start_vwap 2017-03-13 09:35:00 last_bar 2017-03-13 15:40:00 ET:  368.35  minutes
now 2017-03-13 15:45:00.726000 last bar 2017-03-13 15:50:00 last processed bar 2017-03-13 15:40:00
start_ema 2017-03-10 14:35:00 start_vwap 2017-03-13 09:35:00 last_bar 2017-03-13 15:50:00 ET:  373.36  minutes
now 2017-03-13 15:50:00.355000 last bar 2017-03-13 15:55:00 last processed bar 2017-03-13 15:50:00
start_ema 2017-03-10 14:35:00 start_vwap 2017-03-13 09:35:00 last_bar 2017-03-13 15:55:00 ET:  378.32  minutes
now 2017-03-13 15:55:00.274000
