last bar 2017-03-14 09:35:00 last processed bar 1000-01-01 00:00:00
start_ema 2017-03-13 14:35:00 start_vwap 2017-03-14 09:35:00 last_bar 2017-03-14 09:35:00 ET:  0.18  minutes
Writing to ./data/TTD_livesignals_20170314_09_31_35.csv ./data/TTD_last.csv
now 2017-03-14 09:31:46.506000 last bar 2017-03-14 09:35:00 last processed bar 2017-03-14 09:35:00
new bar not ready
now 2017-03-14 09:35:00.131000 last bar 2017-03-14 09:35:00 last processed bar 2017-03-14 09:35:00
new bar not ready
now 2017-03-14 09:40:00.263000 last bar 2017-03-14 09:40:00 last processed bar 2017-03-14 09:35:00
start_ema 2017-03-13 14:35:00 start_vwap 2017-03-14 09:35:00 last_bar 2017-03-14 09:40:00 ET:  0.2  minutes
now 2017-03-14 09:45:00.419000 last bar 2017-03-14 09:45:00 last processed bar 2017-03-14 09:40:00
start_ema 2017-03-13 14:35:00 start_vwap 2017-03-14 09:35:00 last_bar 2017-03-14 09:45:00 ET:  0.11  minutes
now 2017-03-14 09:50:00.131000 last bar 2017-03-14 09:50:00 last processed bar 2017-03-14 09:45:00
start_ema 2017-03-13 14:35:00 start_vwap 2017-03-14 09:35:00 last_bar 2017-03-14 09:50:00 ET:  0.1  minutes
now 2017-03-14 09:55:00.944000 last bar 2017-03-14 09:55:00 last processed bar 2017-03-14 09:50:00
start_ema 2017-03-13 14:35:00 start_vwap 2017-03-14 09:35:00 last_bar 2017-03-14 09:55:00 Transmitting {'symbol': 'TTD', 'typeofsymbol': 'stock', 'quant': 113}
Saved ./data/110064634/TTD.json
DEBUG:requests.packages.urllib3.connectionpool:Starting new HTTPS connection (1): collective2.com
DEBUG:requests.packages.urllib3.connectionpool:https://collective2.com:443 "POST /world/apiv3/setDesiredPositions HTTP/1.1" 200 None
{
   "ok" : "1",
   "response" : [
      {
         "underlying" : null,
         "symbol" : "ENDP",
         "putcall" : null,
         "strike" : null,
         "typeofsymbol" : "stock",
         "quant" : "467",
         "expir" : null
      },
      {
         "underlying" : null,
         "symbol" : "TTD",
         "putcall" : null,
         "strike" : null,
         "typeofsymbol" : "stock",
         "quant" : "113",
         "expir" : null
      }
   ]
}

sent signal to broker
ET:  0.12  minutes
now 2017-03-14 10:00:00.029000 Market Closed. Exiting.
