last bar 2016-08-01 16:05:00 last processed bar 1000-01-01 00:00:00
start_ema 2016-07-29 14:40:00 start_vwap 2016-08-01 09:35:00 last_bar 2016-08-01 16:05:00 ET:  0.21  minutes
Writing to ./data/TUMI_livesignals_20170313_09_31_46.csv ./data/TUMI_last.csv
now 2017-03-13 09:31:58.387000 last bar 2016-08-01 16:05:00 last processed bar 2016-08-01 16:05:00
new bar not ready
now 2017-03-13 09:35:00.874000 last bar 2016-08-01 16:05:00 last processed bar 2016-08-01 16:05:00
new bar not ready
now 2017-03-13 09:40:00.439000 last bar 2016-08-01 16:05:00 last processed bar 2016-08-01 16:05:00
new bar not ready
now 2017-03-13 09:45:00.410000 last bar 2016-08-01 16:05:00 last processed bar 2016-08-01 16:05:00
new bar not ready
now 2017-03-13 09:50:00.932000 last bar 2016-08-01 16:05:00 last processed bar 2016-08-01 16:05:00
new bar not ready
now 2017-03-13 09:55:00.234000 last bar 2016-08-01 16:05:00 last processed bar 2016-08-01 16:05:00
new bar not ready
now 2017-03-13 10:00:00.263000 last bar 2016-08-01 16:05:00 last processed bar 2016-08-01 16:05:00
new bar not ready
now 2017-03-13 10:05:00.576000 last bar 2016-08-01 16:05:00 last processed bar 2016-08-01 16:05:00
new bar not ready
now 2017-03-13 10:10:00.084000 last bar 2016-08-01 16:05:00 last processed bar 2016-08-01 16:05:00
new bar not ready
now 2017-03-13 10:15:00.264000 last bar 2016-08-01 16:05:00 last processed bar 2016-08-01 16:05:00
new bar not ready
now 2017-03-13 10:20:00.429000 last bar 2016-08-01 16:05:00 last processed bar 2016-08-01 16:05:00
new bar not ready
now 2017-03-13 10:25:00.752000 last bar 2016-08-01 16:05:00 last processed bar 2016-08-01 16:05:00
new bar not ready
now 2017-03-13 10:30:00.470000 last bar 2016-08-01 16:05:00 last processed bar 2016-08-01 16:05:00
new bar not ready
now 2017-03-13 10:35:00.829000 last bar 2016-08-01 16:05:00 last processed bar 2016-08-01 16:05:00
new bar not ready
now 2017-03-13 10:40:00.243000 last bar 2016-08-01 16:05:00 last processed bar 2016-08-01 16:05:00
new bar not ready
now 2017-03-13 10:45:00.001000 last bar 2016-08-01 16:05:00 last processed bar 2016-08-01 16:05:00
new bar not ready
now 2017-03-13 10:50:00.652000 last bar 2016-08-01 16:05:00 last processed bar 2016-08-01 16:05:00
new bar not ready
now 2017-03-13 10:55:00.411000 last bar 2016-08-01 16:05:00 last processed bar 2016-08-01 16:05:00
new bar not ready
now 2017-03-13 11:00:00.569000 last bar 2016-08-01 16:05:00 last processed bar 2016-08-01 16:05:00
new bar not ready
now 2017-03-13 11:05:00.604000 last bar 2016-08-01 16:05:00 last processed bar 2016-08-01 16:05:00
new bar not ready
now 2017-03-13 11:10:00.664000 last bar 2016-08-01 16:05:00 last processed bar 2016-08-01 16:05:00
new bar not ready
now 2017-03-13 11:15:00.684000 last bar 2016-08-01 16:05:00 last processed bar 2016-08-01 16:05:00
new bar not ready
now 2017-03-13 11:20:00.127000 last bar 2016-08-01 16:05:00 last processed bar 2016-08-01 16:05:00
new bar not ready
now 2017-03-13 11:25:00.165000 last bar 2016-08-01 16:05:00 last processed bar 2016-08-01 16:05:00
new bar not ready
now 2017-03-13 11:30:00.991000 last bar 2016-08-01 16:05:00 last processed bar 2016-08-01 16:05:00
new bar not ready
now 2017-03-13 11:35:00.739000 last bar 2016-08-01 16:05:00 last processed bar 2016-08-01 16:05:00
new bar not ready
now 2017-03-13 11:40:00.693000 last bar 2016-08-01 16:05:00 last processed bar 2016-08-01 16:05:00
new bar not ready
now 2017-03-13 11:45:00.552000 last bar 2016-08-01 16:05:00 last processed bar 2016-08-01 16:05:00
new bar not ready
now 2017-03-13 11:50:00.301000 last bar 2016-08-01 16:05:00 last processed bar 2016-08-01 16:05:00
new bar not ready
now 2017-03-13 11:55:00.730000 last bar 2016-08-01 16:05:00 last processed bar 2016-08-01 16:05:00
new bar not ready
now 2017-03-13 12:00:00.643000 last bar 2016-08-01 16:05:00 last processed bar 2016-08-01 16:05:00
new bar not ready
now 2017-03-13 12:05:00.161000 last bar 2016-08-01 16:05:00 last processed bar 2016-08-01 16:05:00
new bar not ready
now 2017-03-13 12:10:00.188000 last bar 2016-08-01 16:05:00 last processed bar 2016-08-01 16:05:00
new bar not ready
now 2017-03-13 12:15:00.114000 last bar 2016-08-01 16:05:00 last processed bar 2016-08-01 16:05:00
new bar not ready
now 2017-03-13 12:20:00.735000 last bar 2016-08-01 16:05:00 last processed bar 2016-08-01 16:05:00
new bar not ready
now 2017-03-13 12:25:00.080000 last bar 2016-08-01 16:05:00 last processed bar 2016-08-01 16:05:00
new bar not ready
now 2017-03-13 12:30:00.993000
