return data: last bar 2017-04-27 09:35:00 last processed bar 1000-01-01 00:00:00
TWO: Warning! 596 bars requested 20 bars returned.
start_idx [(19, Timestamp('2017-04-27 09:35:00'))]
start_ema 2017-04-27 08:00:00 start_vwap 2017-04-27 09:35:00 last_bar 2017-04-27 09:35:00 ET:  0.06  minutes
now 2017-04-27 09:45:00.688000 return None: last bar 2017-04-27 09:35:00 last processed bar 2017-04-27 09:35:00
TWO getFeed did not return any data! last bar: 2017-04-27 09:35:00 now: 09:45:00.779000
now 2017-04-27 09:50:00.858000 return data: last bar 2017-04-27 09:40:00 last processed bar 2017-04-27 09:35:00
TWO: Warning! 596 bars requested 21 bars returned.
start_idx [(19, Timestamp('2017-04-27 09:35:00'))]
start_ema 2017-04-27 08:00:00 start_vwap 2017-04-27 09:35:00 last_bar 2017-04-27 09:40:00 Writing to ./data/TWO_livesignals_20170427_09_40_54.csv ./data/TWO_last.csv
ET:  0.09  minutes
now 2017-04-27 09:55:01.169000 return data: last bar 2017-04-27 09:45:00 last processed bar 2017-04-27 09:40:00
TWO: Warning! 596 bars requested 22 bars returned.
start_idx [(19, Timestamp('2017-04-27 09:35:00'))]
start_ema 2017-04-27 08:00:00 start_vwap 2017-04-27 09:35:00 last_bar 2017-04-27 09:45:00 Writing to ./data/TWO_livesignals_20170427_09_40_54.csv ./data/TWO_last.csv
ET:  0.05  minutes
now 2017-04-27 10:00:00.236000 return data: last bar 2017-04-27 09:50:00 last processed bar 2017-04-27 09:45:00
TWO: Warning! 596 bars requested 23 bars returned.
start_idx [(19, Timestamp('2017-04-27 09:35:00'))]
start_ema 2017-04-27 08:00:00 start_vwap 2017-04-27 09:35:00 last_bar 2017-04-27 09:50:00 Writing to ./data/TWO_livesignals_20170427_09_40_54.csv ./data/TWO_last.csv
ET:  0.07  minutes
now 2017-04-27 10:05:00.533000 return data: last bar 2017-04-27 09:55:00 last processed bar 2017-04-27 09:50:00
TWO: Warning! 596 bars requested 24 bars returned.
start_idx [(19, Timestamp('2017-04-27 09:35:00'))]
start_ema 2017-04-27 08:00:00 start_vwap 2017-04-27 09:35:00 last_bar 2017-04-27 09:55:00 Writing to ./data/TWO_livesignals_20170427_09_40_54.csv ./data/TWO_last.csv
ET:  0.06  minutes
now 2017-04-27 10:10:00.873000 return data: last bar 2017-04-27 10:00:00 last processed bar 2017-04-27 09:55:00
TWO: Warning! 596 bars requested 25 bars returned.
start_idx [(19, Timestamp('2017-04-27 09:35:00'))]
start_ema 2017-04-27 08:00:00 start_vwap 2017-04-27 09:35:00 last_bar 2017-04-27 10:00:00 Writing to ./data/TWO_livesignals_20170427_09_40_54.csv ./data/TWO_last.csv
ET:  0.07  minutes
now 2017-04-27 10:15:00.301000 return data: last bar 2017-04-27 10:10:00 last processed bar 2017-04-27 10:00:00
TWO: Warning! 596 bars requested 27 bars returned.
start_idx [(19, Timestamp('2017-04-27 09:35:00'))]
start_ema 2017-04-27 08:00:00 start_vwap 2017-04-27 09:35:00 last_bar 2017-04-27 10:10:00 Writing to ./data/TWO_livesignals_20170427_09_40_54.csv ./data/TWO_last.csv
ET:  0.06  minutes
now 2017-04-27 10:20:01.370000 return data: last bar 2017-04-27 10:15:00 last processed bar 2017-04-27 10:10:00
TWO: Warning! 596 bars requested 28 bars returned.
start_idx [(19, Timestamp('2017-04-27 09:35:00'))]
start_ema 2017-04-27 08:00:00 start_vwap 2017-04-27 09:35:00 last_bar 2017-04-27 10:15:00 Writing to ./data/TWO_livesignals_20170427_09_40_54.csv ./data/TWO_last.csv
ET:  0.07  minutes
now 2017-04-27 10:25:00.436000 return data: last bar 2017-04-27 10:20:00 last processed bar 2017-04-27 10:15:00
TWO: Warning! 596 bars requested 29 bars returned.
start_idx [(19, Timestamp('2017-04-27 09:35:00'))]
start_ema 2017-04-27 08:00:00 start_vwap 2017-04-27 09:35:00 last_bar 2017-04-27 10:20:00 Writing to ./data/TWO_livesignals_20170427_09_40_54.csv ./data/TWO_last.csv
ET:  0.07  minutes
now 2017-04-27 10:30:01.609000 return data: last bar 2017-04-27 10:25:00 last processed bar 2017-04-27 10:20:00
TWO: Warning! 596 bars requested 30 bars returned.
start_idx [(19, Timestamp('2017-04-27 09:35:00'))]
start_ema 2017-04-27 08:00:00 start_vwap 2017-04-27 09:35:00 last_bar 2017-04-27 10:25:00 Writing to ./data/TWO_livesignals_20170427_09_40_54.csv ./data/TWO_last.csv
ET:  0.06  minutes
now 2017-04-27 10:35:00.075000 return data: last bar 2017-04-27 10:30:00 last processed bar 2017-04-27 10:25:00
TWO: Warning! 596 bars requested 31 bars returned.
start_idx [(19, Timestamp('2017-04-27 09:35:00'))]
start_ema 2017-04-27 08:00:00 start_vwap 2017-04-27 09:35:00 last_bar 2017-04-27 10:30:00 Writing to ./data/TWO_livesignals_20170427_09_40_54.csv ./data/TWO_last.csv
ET:  0.05  minutes
now 2017-04-27 10:40:02.948000 return data: last bar 2017-04-27 10:35:00 last processed bar 2017-04-27 10:30:00
TWO: Warning! 596 bars requested 32 bars returned.
start_idx [(19, Timestamp('2017-04-27 09:35:00'))]
start_ema 2017-04-27 08:00:00 start_vwap 2017-04-27 09:35:00 last_bar 2017-04-27 10:35:00 Writing to ./data/TWO_livesignals_20170427_09_40_54.csv ./data/TWO_last.csv
ET:  0.05  minutes
now 2017-04-27 10:45:00.215000 return data: last bar 2017-04-27 10:40:00 last processed bar 2017-04-27 10:35:00
TWO: Warning! 596 bars requested 33 bars returned.
start_idx [(19, Timestamp('2017-04-27 09:35:00'))]
start_ema 2017-04-27 08:00:00 start_vwap 2017-04-27 09:35:00 last_bar 2017-04-27 10:40:00 Writing to ./data/TWO_livesignals_20170427_09_40_54.csv ./data/TWO_last.csv
ET:  0.07  minutes
now 2017-04-27 10:50:00.838000 return data: last bar 2017-04-27 10:45:00 last processed bar 2017-04-27 10:40:00
TWO: Warning! 596 bars requested 34 bars returned.
start_idx [(19, Timestamp('2017-04-27 09:35:00'))]
start_ema 2017-04-27 08:00:00 start_vwap 2017-04-27 09:35:00 last_bar 2017-04-27 10:45:00 Writing to ./data/TWO_livesignals_20170427_09_40_54.csv ./data/TWO_last.csv
ET:  0.11  minutes
now 2017-04-27 10:55:01.816000 return data: last bar 2017-04-27 10:50:00 last processed bar 2017-04-27 10:45:00
TWO: Warning! 596 bars requested 35 bars returned.
start_idx [(19, Timestamp('2017-04-27 09:35:00'))]
start_ema 2017-04-27 08:00:00 start_vwap 2017-04-27 09:35:00 last_bar 2017-04-27 10:50:00 Writing to ./data/TWO_livesignals_20170427_09_40_54.csv ./data/TWO_last.csv
ET:  0.06  minutes
now 2017-04-27 11:00:00.796000 return data: last bar 2017-04-27 10:55:00 last processed bar 2017-04-27 10:50:00
TWO: Warning! 596 bars requested 36 bars returned.
start_idx [(19, Timestamp('2017-04-27 09:35:00'))]
start_ema 2017-04-27 08:00:00 start_vwap 2017-04-27 09:35:00 last_bar 2017-04-27 10:55:00 Writing to ./data/TWO_livesignals_20170427_09_40_54.csv ./data/TWO_last.csv
ET:  0.1  minutes
now 2017-04-27 11:05:01.679000 return data: last bar 2017-04-27 11:05:00 last processed bar 2017-04-27 10:55:00
TWO: Warning! 596 bars requested 38 bars returned.
start_idx [(19, Timestamp('2017-04-27 09:35:00'))]
start_ema 2017-04-27 08:00:00 start_vwap 2017-04-27 09:35:00 last_bar 2017-04-27 11:05:00 Writing to ./data/TWO_livesignals_20170427_09_40_54.csv ./data/TWO_last.csv
ET:  0.11  minutes
now 2017-04-27 11:10:00.371000 return data: last bar 2017-04-27 11:10:00 last processed bar 2017-04-27 11:05:00
TWO: Warning! 596 bars requested 39 bars returned.
start_idx [(19, Timestamp('2017-04-27 09:35:00'))]
start_ema 2017-04-27 08:00:00 start_vwap 2017-04-27 09:35:00 last_bar 2017-04-27 11:10:00 Writing to ./data/TWO_livesignals_20170427_09_40_54.csv ./data/TWO_last.csv
ET:  0.11  minutes
now 2017-04-27 11:15:00.715000 return None: last bar 2017-04-27 11:10:00 last processed bar 2017-04-27 11:10:00
TWO getFeed did not return any data! last bar: 2017-04-27 11:10:00 now: 11:15:00.779000
now 2017-04-27 11:20:00.471000 return data: last bar 2017-04-27 11:20:00 last processed bar 2017-04-27 11:10:00
TWO: Warning! 596 bars requested 41 bars returned.
start_idx [(19, Timestamp('2017-04-27 09:35:00'))]
start_ema 2017-04-27 08:00:00 start_vwap 2017-04-27 09:35:00 last_bar 2017-04-27 11:20:00 Writing to ./data/TWO_livesignals_20170427_09_40_54.csv ./data/TWO_last.csv
ET:  0.12  minutes
now 2017-04-27 11:25:01.731000 return data: last bar 2017-04-27 11:25:00 last processed bar 2017-04-27 11:20:00
TWO: Warning! 596 bars requested 42 bars returned.
start_idx [(19, Timestamp('2017-04-27 09:35:00'))]
start_ema 2017-04-27 08:00:00 start_vwap 2017-04-27 09:35:00 last_bar 2017-04-27 11:25:00 Writing to ./data/TWO_livesignals_20170427_09_40_54.csv ./data/TWO_last.csv
ET:  0.1  minutes
now 2017-04-27 11:30:03.640000 return data: last bar 2017-04-27 11:30:00 last processed bar 2017-04-27 11:25:00
TWO: Warning! 596 bars requested 43 bars returned.
start_idx [(19, Timestamp('2017-04-27 09:35:00'))]
start_ema 2017-04-27 08:00:00 start_vwap 2017-04-27 09:35:00 last_bar 2017-04-27 11:30:00 Writing to ./data/TWO_livesignals_20170427_09_40_54.csv ./data/TWO_last.csv
ET:  0.07  minutes
now 2017-04-27 11:35:01.438000 return data: last bar 2017-04-27 11:35:00 last processed bar 2017-04-27 11:30:00
TWO: Warning! 596 bars requested 44 bars returned.
start_idx [(19, Timestamp('2017-04-27 09:35:00'))]
start_ema 2017-04-27 08:00:00 start_vwap 2017-04-27 09:35:00 last_bar 2017-04-27 11:35:00 Writing to ./data/TWO_livesignals_20170427_09_40_54.csv ./data/TWO_last.csv
ET:  0.07  minutes
now 2017-04-27 11:40:00.689000 return data: last bar 2017-04-27 11:40:00 last processed bar 2017-04-27 11:35:00
TWO: Warning! 596 bars requested 45 bars returned.
start_idx [(19, Timestamp('2017-04-27 09:35:00'))]
start_ema 2017-04-27 08:00:00 start_vwap 2017-04-27 09:35:00 last_bar 2017-04-27 11:40:00 Writing to ./data/TWO_livesignals_20170427_09_40_54.csv ./data/TWO_last.csv
ET:  0.07  minutes
now 2017-04-27 11:45:03.473000 return data: last bar 2017-04-27 11:45:00 last processed bar 2017-04-27 11:40:00
TWO: Warning! 596 bars requested 46 bars returned.
start_idx [(19, Timestamp('2017-04-27 09:35:00'))]
start_ema 2017-04-27 08:00:00 start_vwap 2017-04-27 09:35:00 last_bar 2017-04-27 11:45:00 Writing to ./data/TWO_livesignals_20170427_09_40_54.csv ./data/TWO_last.csv
ET:  0.05  minutes
now 2017-04-27 11:50:00.844000 return data: last bar 2017-04-27 11:50:00 last processed bar 2017-04-27 11:45:00
TWO: Warning! 596 bars requested 47 bars returned.
start_idx [(19, Timestamp('2017-04-27 09:35:00'))]
start_ema 2017-04-27 08:00:00 start_vwap 2017-04-27 09:35:00 last_bar 2017-04-27 11:50:00 Writing to ./data/TWO_livesignals_20170427_09_40_54.csv ./data/TWO_last.csv
ET:  0.08  minutes
now 2017-04-27 11:55:02.849000 return data: last bar 2017-04-27 11:55:00 last processed bar 2017-04-27 11:50:00
TWO: Warning! 596 bars requested 48 bars returned.
start_idx [(19, Timestamp('2017-04-27 09:35:00'))]
start_ema 2017-04-27 08:00:00 start_vwap 2017-04-27 09:35:00 last_bar 2017-04-27 11:55:00 Writing to ./data/TWO_livesignals_20170427_09_40_54.csv ./data/TWO_last.csv
ET:  0.06  minutes
now 2017-04-27 12:00:00.179000 return data: last bar 2017-04-27 12:00:00 last processed bar 2017-04-27 11:55:00
TWO: Warning! 596 bars requested 49 bars returned.
start_idx [(19, Timestamp('2017-04-27 09:35:00'))]
start_ema 2017-04-27 08:00:00 start_vwap 2017-04-27 09:35:00 last_bar 2017-04-27 12:00:00 Writing to ./data/TWO_livesignals_20170427_09_40_54.csv ./data/TWO_last.csv
ET:  0.08  minutes
now 2017-04-27 12:05:00.272000 return data: last bar 2017-04-27 12:05:00 last processed bar 2017-04-27 12:00:00
TWO: Warning! 596 bars requested 50 bars returned.
start_idx [(19, Timestamp('2017-04-27 09:35:00'))]
start_ema 2017-04-27 08:00:00 start_vwap 2017-04-27 09:35:00 last_bar 2017-04-27 12:05:00 Writing to ./data/TWO_livesignals_20170427_09_40_54.csv ./data/TWO_last.csv
ET:  0.06  minutes
now 2017-04-27 12:10:02.238000 return data: last bar 2017-04-27 12:10:00 last processed bar 2017-04-27 12:05:00
TWO: Warning! 596 bars requested 51 bars returned.
start_idx [(19, Timestamp('2017-04-27 09:35:00'))]
start_ema 2017-04-27 08:00:00 start_vwap 2017-04-27 09:35:00 last_bar 2017-04-27 12:10:00 Writing to ./data/TWO_livesignals_20170427_09_40_54.csv ./data/TWO_last.csv
ET:  0.06  minutes
now 2017-04-27 12:15:00.021000 return data: last bar 2017-04-27 12:15:00 last processed bar 2017-04-27 12:10:00
TWO: Warning! 596 bars requested 52 bars returned.
start_idx [(19, Timestamp('2017-04-27 09:35:00'))]
start_ema 2017-04-27 08:00:00 start_vwap 2017-04-27 09:35:00 last_bar 2017-04-27 12:15:00 Writing to ./data/TWO_livesignals_20170427_09_40_54.csv ./data/TWO_last.csv
ET:  0.08  minutes
now 2017-04-27 12:20:01.827000 return data: last bar 2017-04-27 12:20:00 last processed bar 2017-04-27 12:15:00
TWO: Warning! 596 bars requested 53 bars returned.
start_idx [(19, Timestamp('2017-04-27 09:35:00'))]
start_ema 2017-04-27 08:00:00 start_vwap 2017-04-27 09:35:00 last_bar 2017-04-27 12:20:00 Writing to ./data/TWO_livesignals_20170427_09_40_54.csv ./data/TWO_last.csv
ET:  0.07  minutes
now 2017-04-27 12:25:00.147000 return data: last bar 2017-04-27 12:25:00 last processed bar 2017-04-27 12:20:00
TWO: Warning! 596 bars requested 54 bars returned.
start_idx [(19, Timestamp('2017-04-27 09:35:00'))]
start_ema 2017-04-27 08:00:00 start_vwap 2017-04-27 09:35:00 last_bar 2017-04-27 12:25:00 Writing to ./data/TWO_livesignals_20170427_09_40_54.csv ./data/TWO_last.csv
ET:  0.08  minutes
now 2017-04-27 12:30:00.945000 return data: last bar 2017-04-27 12:30:00 last processed bar 2017-04-27 12:25:00
TWO: Warning! 596 bars requested 55 bars returned.
start_idx [(19, Timestamp('2017-04-27 09:35:00'))]
start_ema 2017-04-27 08:00:00 start_vwap 2017-04-27 09:35:00 last_bar 2017-04-27 12:30:00 Writing to ./data/TWO_livesignals_20170427_09_40_54.csv ./data/TWO_last.csv
ET:  0.09  minutes
now 2017-04-27 12:35:01.005000 return data: last bar 2017-04-27 12:35:00 last processed bar 2017-04-27 12:30:00
TWO: Warning! 596 bars requested 56 bars returned.
start_idx [(19, Timestamp('2017-04-27 09:35:00'))]
start_ema 2017-04-27 08:00:00 start_vwap 2017-04-27 09:35:00 last_bar 2017-04-27 12:35:00 Writing to ./data/TWO_livesignals_20170427_09_40_54.csv ./data/TWO_last.csv
ET:  0.06  minutes
now 2017-04-27 12:40:01.345000 return data: last bar 2017-04-27 12:40:00 last processed bar 2017-04-27 12:35:00
TWO: Warning! 596 bars requested 57 bars returned.
start_idx [(19, Timestamp('2017-04-27 09:35:00'))]
start_ema 2017-04-27 08:00:00 start_vwap 2017-04-27 09:35:00 last_bar 2017-04-27 12:40:00 Writing to ./data/TWO_livesignals_20170427_09_40_54.csv ./data/TWO_last.csv
ET:  0.08  minutes
now 2017-04-27 12:45:01.011000 return data: last bar 2017-04-27 12:45:00 last processed bar 2017-04-27 12:40:00
TWO: Warning! 596 bars requested 58 bars returned.
start_idx [(19, Timestamp('2017-04-27 09:35:00'))]
start_ema 2017-04-27 08:00:00 start_vwap 2017-04-27 09:35:00 last_bar 2017-04-27 12:45:00 Writing to ./data/TWO_livesignals_20170427_09_40_54.csv ./data/TWO_last.csv
ET:  0.07  minutes
now 2017-04-27 12:50:00.295000 return data: last bar 2017-04-27 12:50:00 last processed bar 2017-04-27 12:45:00
TWO: Warning! 596 bars requested 59 bars returned.
start_idx [(19, Timestamp('2017-04-27 09:35:00'))]
start_ema 2017-04-27 08:00:00 start_vwap 2017-04-27 09:35:00 last_bar 2017-04-27 12:50:00 Writing to ./data/TWO_livesignals_20170427_09_40_54.csv ./data/TWO_last.csv
ET:  0.09  minutes
now 2017-04-27 12:55:01.012000 return data: last bar 2017-04-27 12:55:00 last processed bar 2017-04-27 12:50:00
TWO: Warning! 596 bars requested 60 bars returned.
start_idx [(19, Timestamp('2017-04-27 09:35:00'))]
start_ema 2017-04-27 08:00:00 start_vwap 2017-04-27 09:35:00 last_bar 2017-04-27 12:55:00 Writing to ./data/TWO_livesignals_20170427_09_40_54.csv ./data/TWO_last.csv
ET:  0.1  minutes
now 2017-04-27 13:00:01.637000 return data: last bar 2017-04-27 13:00:00 last processed bar 2017-04-27 12:55:00
TWO: Warning! 596 bars requested 61 bars returned.
start_idx [(19, Timestamp('2017-04-27 09:35:00'))]
start_ema 2017-04-27 08:00:00 start_vwap 2017-04-27 09:35:00 last_bar 2017-04-27 13:00:00 Writing to ./data/TWO_livesignals_20170427_09_40_54.csv ./data/TWO_last.csv
ET:  0.07  minutes
now 2017-04-27 13:05:01.896000 return data: last bar 2017-04-27 13:05:00 last processed bar 2017-04-27 13:00:00
TWO: Warning! 596 bars requested 62 bars returned.
start_idx [(19, Timestamp('2017-04-27 09:35:00'))]
start_ema 2017-04-27 08:00:00 start_vwap 2017-04-27 09:35:00 last_bar 2017-04-27 13:05:00 Writing to ./data/TWO_livesignals_20170427_09_40_54.csv ./data/TWO_last.csv
ET:  0.08  minutes
now 2017-04-27 13:10:03.455000 return data: last bar 2017-04-27 13:10:00 last processed bar 2017-04-27 13:05:00
TWO: Warning! 596 bars requested 63 bars returned.
start_idx [(19, Timestamp('2017-04-27 09:35:00'))]
start_ema 2017-04-27 08:00:00 start_vwap 2017-04-27 09:35:00 last_bar 2017-04-27 13:10:00 Writing to ./data/TWO_livesignals_20170427_09_40_54.csv ./data/TWO_last.csv
ET:  0.05  minutes
now 2017-04-27 13:15:00.331000 return data: last bar 2017-04-27 13:15:00 last processed bar 2017-04-27 13:10:00
TWO: Warning! 596 bars requested 64 bars returned.
start_idx [(19, Timestamp('2017-04-27 09:35:00'))]
start_ema 2017-04-27 08:00:00 start_vwap 2017-04-27 09:35:00 last_bar 2017-04-27 13:15:00 Writing to ./data/TWO_livesignals_20170427_09_40_54.csv ./data/TWO_last.csv
ET:  0.09  minutes
now 2017-04-27 13:20:02.530000 return data: last bar 2017-04-27 13:20:00 last processed bar 2017-04-27 13:15:00
TWO: Warning! 596 bars requested 65 bars returned.
start_idx [(19, Timestamp('2017-04-27 09:35:00'))]
start_ema 2017-04-27 08:00:00 start_vwap 2017-04-27 09:35:00 last_bar 2017-04-27 13:20:00 Writing to ./data/TWO_livesignals_20170427_09_40_54.csv ./data/TWO_last.csv
ET:  0.07  minutes
now 2017-04-27 13:25:00.709000 return data: last bar 2017-04-27 13:25:00 last processed bar 2017-04-27 13:20:00
TWO: Warning! 596 bars requested 66 bars returned.
start_idx [(19, Timestamp('2017-04-27 09:35:00'))]
start_ema 2017-04-27 08:00:00 start_vwap 2017-04-27 09:35:00 last_bar 2017-04-27 13:25:00 Writing to ./data/TWO_livesignals_20170427_09_40_54.csv ./data/TWO_last.csv
ET:  0.1  minutes
now 2017-04-27 13:30:02.393000 return data: last bar 2017-04-27 13:30:00 last processed bar 2017-04-27 13:25:00
TWO: Warning! 596 bars requested 67 bars returned.
start_idx [(19, Timestamp('2017-04-27 09:35:00'))]
start_ema 2017-04-27 08:00:00 start_vwap 2017-04-27 09:35:00 last_bar 2017-04-27 13:30:00 Writing to ./data/TWO_livesignals_20170427_09_40_54.csv ./data/TWO_last.csv
ET:  0.06  minutes
now 2017-04-27 13:35:00.034000 return data: last bar 2017-04-27 13:35:00 last processed bar 2017-04-27 13:30:00
TWO: Warning! 596 bars requested 68 bars returned.
start_idx [(19, Timestamp('2017-04-27 09:35:00'))]
start_ema 2017-04-27 08:00:00 start_vwap 2017-04-27 09:35:00 last_bar 2017-04-27 13:35:00 Writing to ./data/TWO_livesignals_20170427_09_40_54.csv ./data/TWO_last.csv
ET:  0.07  minutes
now 2017-04-27 13:40:01.042000 return data: last bar 2017-04-27 13:40:00 last processed bar 2017-04-27 13:35:00
TWO: Warning! 596 bars requested 69 bars returned.
start_idx [(19, Timestamp('2017-04-27 09:35:00'))]
start_ema 2017-04-27 08:00:00 start_vwap 2017-04-27 09:35:00 last_bar 2017-04-27 13:40:00 Writing to ./data/TWO_livesignals_20170427_09_40_54.csv ./data/TWO_last.csv
ET:  0.07  minutes
now 2017-04-27 13:45:00.288000 return data: last bar 2017-04-27 13:45:00 last processed bar 2017-04-27 13:40:00
TWO: Warning! 596 bars requested 70 bars returned.
start_idx [(19, Timestamp('2017-04-27 09:35:00'))]
start_ema 2017-04-27 08:00:00 start_vwap 2017-04-27 09:35:00 last_bar 2017-04-27 13:45:00 Writing to ./data/TWO_livesignals_20170427_09_40_54.csv ./data/TWO_last.csv
ET:  0.08  minutes
now 2017-04-27 13:50:01.969000 return data: last bar 2017-04-27 13:50:00 last processed bar 2017-04-27 13:45:00
TWO: Warning! 596 bars requested 71 bars returned.
start_idx [(19, Timestamp('2017-04-27 09:35:00'))]
start_ema 2017-04-27 08:00:00 start_vwap 2017-04-27 09:35:00 last_bar 2017-04-27 13:50:00 Writing to ./data/TWO_livesignals_20170427_09_40_54.csv ./data/TWO_last.csv
ET:  0.06  minutes
now 2017-04-27 13:55:00.496000 return data: last bar 2017-04-27 13:55:00 last processed bar 2017-04-27 13:50:00
TWO: Warning! 596 bars requested 72 bars returned.
start_idx [(19, Timestamp('2017-04-27 09:35:00'))]
start_ema 2017-04-27 08:00:00 start_vwap 2017-04-27 09:35:00 last_bar 2017-04-27 13:55:00 Writing to ./data/TWO_livesignals_20170427_09_40_54.csv ./data/TWO_last.csv
ET:  0.07  minutes
now 2017-04-27 14:00:02.972000 return data: last bar 2017-04-27 14:00:00 last processed bar 2017-04-27 13:55:00
TWO: Warning! 596 bars requested 73 bars returned.
start_idx [(19, Timestamp('2017-04-27 09:35:00'))]
start_ema 2017-04-27 08:00:00 start_vwap 2017-04-27 09:35:00 last_bar 2017-04-27 14:00:00 Writing to ./data/TWO_livesignals_20170427_09_40_54.csv ./data/TWO_last.csv
ET:  0.06  minutes
now 2017-04-27 14:05:02.384000 return data: last bar 2017-04-27 14:05:00 last processed bar 2017-04-27 14:00:00
TWO: Warning! 596 bars requested 74 bars returned.
start_idx [(19, Timestamp('2017-04-27 09:35:00'))]
start_ema 2017-04-27 08:00:00 start_vwap 2017-04-27 09:35:00 last_bar 2017-04-27 14:05:00 Writing to ./data/TWO_livesignals_20170427_09_40_54.csv ./data/TWO_last.csv
ET:  0.05  minutes
now 2017-04-27 14:10:00.502000 return data: last bar 2017-04-27 14:10:00 last processed bar 2017-04-27 14:05:00
TWO: Warning! 596 bars requested 75 bars returned.
start_idx [(19, Timestamp('2017-04-27 09:35:00'))]
start_ema 2017-04-27 08:00:00 start_vwap 2017-04-27 09:35:00 last_bar 2017-04-27 14:10:00 Writing to ./data/TWO_livesignals_20170427_09_40_54.csv ./data/TWO_last.csv
ET:  0.09  minutes
now 2017-04-27 14:15:00.179000 return data: last bar 2017-04-27 14:15:00 last processed bar 2017-04-27 14:10:00
TWO: Warning! 596 bars requested 76 bars returned.
start_idx [(19, Timestamp('2017-04-27 09:35:00'))]
start_ema 2017-04-27 08:00:00 start_vwap 2017-04-27 09:35:00 last_bar 2017-04-27 14:15:00 Writing to ./data/TWO_livesignals_20170427_09_40_54.csv ./data/TWO_last.csv
ET:  0.08  minutes
now 2017-04-27 14:20:00.326000 return data: last bar 2017-04-27 14:20:00 last processed bar 2017-04-27 14:15:00
TWO: Warning! 596 bars requested 77 bars returned.
start_idx [(19, Timestamp('2017-04-27 09:35:00'))]
start_ema 2017-04-27 08:00:00 start_vwap 2017-04-27 09:35:00 last_bar 2017-04-27 14:20:00 Writing to ./data/TWO_livesignals_20170427_09_40_54.csv ./data/TWO_last.csv
ET:  0.1  minutes
now 2017-04-27 14:25:00.059000 return data: last bar 2017-04-27 14:25:00 last processed bar 2017-04-27 14:20:00
TWO: Warning! 596 bars requested 78 bars returned.
start_idx [(19, Timestamp('2017-04-27 09:35:00'))]
start_ema 2017-04-27 08:00:00 start_vwap 2017-04-27 09:35:00 last_bar 2017-04-27 14:25:00 Writing to ./data/TWO_livesignals_20170427_09_40_54.csv ./data/TWO_last.csv
ET:  0.1  minutes
now 2017-04-27 14:30:04.715000 return data: last bar 2017-04-27 14:30:00 last processed bar 2017-04-27 14:25:00
TWO: Warning! 596 bars requested 79 bars returned.
start_idx [(19, Timestamp('2017-04-27 09:35:00'))]
start_ema 2017-04-27 08:00:00 start_vwap 2017-04-27 09:35:00 last_bar 2017-04-27 14:30:00 Writing to ./data/TWO_livesignals_20170427_09_40_54.csv ./data/TWO_last.csv
ET:  0.03  minutes
now 2017-04-27 14:35:00.713000 return data: last bar 2017-04-27 14:35:00 last processed bar 2017-04-27 14:30:00
TWO: Warning! 596 bars requested 80 bars returned.
start_idx [(19, Timestamp('2017-04-27 09:35:00'))]
start_ema 2017-04-27 08:00:00 start_vwap 2017-04-27 09:35:00 last_bar 2017-04-27 14:35:00 Writing to ./data/TWO_livesignals_20170427_09_40_54.csv ./data/TWO_last.csv
ET:  0.07  minutes
now 2017-04-27 14:40:00.591000 return data: last bar 2017-04-27 14:40:00 last processed bar 2017-04-27 14:35:00
TWO: Warning! 596 bars requested 81 bars returned.
start_idx [(19, Timestamp('2017-04-27 09:35:00'))]
start_ema 2017-04-27 08:00:00 start_vwap 2017-04-27 09:35:00 last_bar 2017-04-27 14:40:00 Writing to ./data/TWO_livesignals_20170427_09_40_54.csv ./data/TWO_last.csv
ET:  0.05  minutes
now 2017-04-27 14:45:02.305000 return data: last bar 2017-04-27 14:45:00 last processed bar 2017-04-27 14:40:00
TWO: Warning! 596 bars requested 82 bars returned.
start_idx [(19, Timestamp('2017-04-27 09:35:00'))]
start_ema 2017-04-27 08:00:00 start_vwap 2017-04-27 09:35:00 last_bar 2017-04-27 14:45:00 Writing to ./data/TWO_livesignals_20170427_09_40_54.csv ./data/TWO_last.csv
ET:  0.08  minutes
now 2017-04-27 14:50:03.833000 return data: last bar 2017-04-27 14:50:00 last processed bar 2017-04-27 14:45:00
TWO: Warning! 596 bars requested 83 bars returned.
start_idx [(19, Timestamp('2017-04-27 09:35:00'))]
start_ema 2017-04-27 08:00:00 start_vwap 2017-04-27 09:35:00 last_bar 2017-04-27 14:50:00 Writing to ./data/TWO_livesignals_20170427_09_40_54.csv ./data/TWO_last.csv
ET:  0.04  minutes
now 2017-04-27 14:55:00.486000 return data: last bar 2017-04-27 14:55:00 last processed bar 2017-04-27 14:50:00
TWO: Warning! 596 bars requested 84 bars returned.
start_idx [(19, Timestamp('2017-04-27 09:35:00'))]
start_ema 2017-04-27 08:00:00 start_vwap 2017-04-27 09:35:00 last_bar 2017-04-27 14:55:00 Writing to ./data/TWO_livesignals_20170427_09_40_54.csv ./data/TWO_last.csv
ET:  0.07  minutes
now 2017-04-27 15:00:02.877000 return data: last bar 2017-04-27 15:00:00 last processed bar 2017-04-27 14:55:00
TWO: Warning! 596 bars requested 85 bars returned.
start_idx [(19, Timestamp('2017-04-27 09:35:00'))]
start_ema 2017-04-27 08:00:00 start_vwap 2017-04-27 09:35:00 last_bar 2017-04-27 15:00:00 Writing to ./data/TWO_livesignals_20170427_09_40_54.csv ./data/TWO_last.csv
ET:  0.04  minutes
now 2017-04-27 15:05:00.895000 return data: last bar 2017-04-27 15:05:00 last processed bar 2017-04-27 15:00:00
TWO: Warning! 596 bars requested 86 bars returned.
start_idx [(19, Timestamp('2017-04-27 09:35:00'))]
start_ema 2017-04-27 08:00:00 start_vwap 2017-04-27 09:35:00 last_bar 2017-04-27 15:05:00 Writing to ./data/TWO_livesignals_20170427_09_40_54.csv ./data/TWO_last.csv
ET:  0.07  minutes
now 2017-04-27 15:10:03.920000 return data: last bar 2017-04-27 15:10:00 last processed bar 2017-04-27 15:05:00
TWO: Warning! 596 bars requested 87 bars returned.
start_idx [(19, Timestamp('2017-04-27 09:35:00'))]
start_ema 2017-04-27 08:00:00 start_vwap 2017-04-27 09:35:00 last_bar 2017-04-27 15:10:00 Writing to ./data/TWO_livesignals_20170427_09_40_54.csv ./data/TWO_last.csv
ET:  0.03  minutes
now 2017-04-27 15:15:01.912000 return data: last bar 2017-04-27 15:15:00 last processed bar 2017-04-27 15:10:00
TWO: Warning! 596 bars requested 88 bars returned.
start_idx [(19, Timestamp('2017-04-27 09:35:00'))]
start_ema 2017-04-27 08:00:00 start_vwap 2017-04-27 09:35:00 last_bar 2017-04-27 15:15:00 Writing to ./data/TWO_livesignals_20170427_09_40_54.csv ./data/TWO_last.csv
ET:  0.08  minutes
now 2017-04-27 15:20:04.865000 return data: last bar 2017-04-27 15:20:00 last processed bar 2017-04-27 15:15:00
TWO: Warning! 596 bars requested 89 bars returned.
start_idx [(19, Timestamp('2017-04-27 09:35:00'))]
start_ema 2017-04-27 08:00:00 start_vwap 2017-04-27 09:35:00 last_bar 2017-04-27 15:20:00 Writing to ./data/TWO_livesignals_20170427_09_40_54.csv ./data/TWO_last.csv
ET:  0.03  minutes
now 2017-04-27 15:25:01.382000 return data: last bar 2017-04-27 15:25:00 last processed bar 2017-04-27 15:20:00
TWO: Warning! 596 bars requested 90 bars returned.
start_idx [(19, Timestamp('2017-04-27 09:35:00'))]
start_ema 2017-04-27 08:00:00 start_vwap 2017-04-27 09:35:00 last_bar 2017-04-27 15:25:00 Writing to ./data/TWO_livesignals_20170427_09_40_54.csv ./data/TWO_last.csv
ET:  0.08  minutes
now 2017-04-27 15:30:00.333000 return data: last bar 2017-04-27 15:30:00 last processed bar 2017-04-27 15:25:00
TWO: Warning! 596 bars requested 91 bars returned.
start_idx [(19, Timestamp('2017-04-27 09:35:00'))]
start_ema 2017-04-27 08:00:00 start_vwap 2017-04-27 09:35:00 last_bar 2017-04-27 15:30:00 Writing to ./data/TWO_livesignals_20170427_09_40_54.csv ./data/TWO_last.csv
ET:  0.05  minutes
now 2017-04-27 15:35:00.069000 return data: last bar 2017-04-27 15:35:00 last processed bar 2017-04-27 15:30:00
TWO: Warning! 596 bars requested 92 bars returned.
start_idx [(19, Timestamp('2017-04-27 09:35:00'))]
start_ema 2017-04-27 08:00:00 start_vwap 2017-04-27 09:35:00 last_bar 2017-04-27 15:35:00 Writing to ./data/TWO_livesignals_20170427_09_40_54.csv ./data/TWO_last.csv
ET:  0.08  minutes
now 2017-04-27 15:40:03.029000 return data: last bar 2017-04-27 15:40:00 last processed bar 2017-04-27 15:35:00
TWO: Warning! 596 bars requested 93 bars returned.
start_idx [(19, Timestamp('2017-04-27 09:35:00'))]
start_ema 2017-04-27 08:00:00 start_vwap 2017-04-27 09:35:00 last_bar 2017-04-27 15:40:00 Writing to ./data/TWO_livesignals_20170427_09_40_54.csv ./data/TWO_last.csv
ET:  0.07  minutes
now 2017-04-27 15:45:02.088000 return data: last bar 2017-04-27 15:45:00 last processed bar 2017-04-27 15:40:00
TWO: Warning! 596 bars requested 94 bars returned.
start_idx [(19, Timestamp('2017-04-27 09:35:00'))]
start_ema 2017-04-27 08:00:00 start_vwap 2017-04-27 09:35:00 last_bar 2017-04-27 15:45:00 Writing to ./data/TWO_livesignals_20170427_09_40_54.csv ./data/TWO_last.csv
ET:  0.08  minutes
now 2017-04-27 15:50:00.782000 return data: last bar 2017-04-27 15:50:00 last processed bar 2017-04-27 15:45:00
TWO: Warning! 596 bars requested 95 bars returned.
start_idx [(19, Timestamp('2017-04-27 09:35:00'))]
start_ema 2017-04-27 08:00:00 start_vwap 2017-04-27 09:35:00 last_bar 2017-04-27 15:50:00 Writing to ./data/TWO_livesignals_20170427_09_40_54.csv ./data/TWO_last.csv
ET:  0.09  minutes
now 2017-04-27 15:55:02.227000
