return data: last bar 2017-04-21 09:45:00 last processed bar 1000-01-01 00:00:00
596 bars requested 596 bars returned
start_idx [(593, Timestamp('2017-04-21 09:35:00'))]
start_ema 2017-04-21 08:00:00 start_vwap 2017-04-21 09:35:00 last_bar 2017-04-21 09:45:00 ET:  0.02  minutes
now 2017-04-21 09:50:01.072000 return None: last bar 2017-04-21 09:45:00 last processed bar 2017-04-21 09:45:00
URBN getFeed did not return any data! last bar: 2017-04-21 09:45:00 now: 09:50:02.976000
now 2017-04-21 09:55:00.928000 return data: last bar 2017-04-21 09:50:00 last processed bar 2017-04-21 09:45:00
596 bars requested 596 bars returned
start_idx [(592, Timestamp('2017-04-21 09:35:00'))]
start_ema 2017-04-21 08:00:00 start_vwap 2017-04-21 09:35:00 last_bar 2017-04-21 09:50:00 Writing to ./data/URBN_livesignals_20170421_09_45_57.csv ./data/URBN_last.csv
ET:  0.16  minutes
now 2017-04-21 10:00:00.491000 return data: last bar 2017-04-21 09:55:00 last processed bar 2017-04-21 09:50:00
596 bars requested 596 bars returned
start_idx [(591, Timestamp('2017-04-21 09:35:00'))]
start_ema 2017-04-21 08:00:00 start_vwap 2017-04-21 09:35:00 last_bar 2017-04-21 09:55:00 Writing to ./data/URBN_livesignals_20170421_09_45_57.csv ./data/URBN_last.csv
ET:  0.18  minutes
now 2017-04-21 10:05:00.346000 return data: last bar 2017-04-21 10:00:00 last processed bar 2017-04-21 09:55:00
596 bars requested 596 bars returned
start_idx [(590, Timestamp('2017-04-21 09:35:00'))]
start_ema 2017-04-21 08:00:00 start_vwap 2017-04-21 09:35:00 last_bar 2017-04-21 10:00:00 Writing to ./data/URBN_livesignals_20170421_09_45_57.csv ./data/URBN_last.csv
ET:  0.14  minutes
now 2017-04-21 10:10:00.978000 return data: last bar 2017-04-21 10:05:00 last processed bar 2017-04-21 10:00:00
596 bars requested 596 bars returned
start_idx [(589, Timestamp('2017-04-21 09:35:00'))]
start_ema 2017-04-21 08:00:00 start_vwap 2017-04-21 09:35:00 last_bar 2017-04-21 10:05:00 Writing to ./data/URBN_livesignals_20170421_09_45_57.csv ./data/URBN_last.csv
ET:  0.18  minutes
now 2017-04-21 10:15:01.034000 return data: last bar 2017-04-21 10:10:00 last processed bar 2017-04-21 10:05:00
596 bars requested 596 bars returned
start_idx [(588, Timestamp('2017-04-21 09:35:00'))]
start_ema 2017-04-21 08:00:00 start_vwap 2017-04-21 09:35:00 last_bar 2017-04-21 10:10:00 Writing to ./data/URBN_livesignals_20170421_09_45_57.csv ./data/URBN_last.csv
ET:  0.21  minutes
now 2017-04-21 10:20:00.759000 return data: last bar 2017-04-21 10:15:00 last processed bar 2017-04-21 10:10:00
596 bars requested 596 bars returned
start_idx [(587, Timestamp('2017-04-21 09:35:00'))]
start_ema 2017-04-21 08:00:00 start_vwap 2017-04-21 09:35:00 last_bar 2017-04-21 10:15:00 Writing to ./data/URBN_livesignals_20170421_09_45_57.csv ./data/URBN_last.csv
ET:  0.19  minutes
now 2017-04-21 10:25:01.003000 return data: last bar 2017-04-21 10:25:00 last processed bar 2017-04-21 10:15:00
596 bars requested 596 bars returned
start_idx [(585, Timestamp('2017-04-21 09:35:00'))]
start_ema 2017-04-21 08:00:00 start_vwap 2017-04-21 09:35:00 last_bar 2017-04-21 10:25:00 Writing to ./data/URBN_livesignals_20170421_09_45_57.csv ./data/URBN_last.csv
ET:  0.18  minutes
now 2017-04-21 10:30:00.962000 return data: last bar 2017-04-21 10:30:00 last processed bar 2017-04-21 10:25:00
596 bars requested 596 bars returned
start_idx [(584, Timestamp('2017-04-21 09:35:00'))]
start_ema 2017-04-21 08:00:00 start_vwap 2017-04-21 09:35:00 last_bar 2017-04-21 10:30:00 Writing to ./data/URBN_livesignals_20170421_09_45_57.csv ./data/URBN_last.csv
ET:  0.2  minutes
now 2017-04-21 10:35:00.878000 return data: last bar 2017-04-21 10:35:00 last processed bar 2017-04-21 10:30:00
596 bars requested 596 bars returned
start_idx [(583, Timestamp('2017-04-21 09:35:00'))]
start_ema 2017-04-21 08:00:00 start_vwap 2017-04-21 09:35:00 last_bar 2017-04-21 10:35:00 Writing to ./data/URBN_livesignals_20170421_09_45_57.csv ./data/URBN_last.csv
ET:  0.21  minutes
now 2017-04-21 10:40:00.491000 return data: last bar 2017-04-21 10:40:00 last processed bar 2017-04-21 10:35:00
596 bars requested 596 bars returned
start_idx [(582, Timestamp('2017-04-21 09:35:00'))]
start_ema 2017-04-21 08:00:00 start_vwap 2017-04-21 09:35:00 last_bar 2017-04-21 10:40:00 Writing to ./data/URBN_livesignals_20170421_09_45_57.csv ./data/URBN_last.csv
ET:  0.2  minutes
now 2017-04-21 10:45:01.406000 return data: last bar 2017-04-21 10:45:00 last processed bar 2017-04-21 10:40:00
596 bars requested 596 bars returned
start_idx [(581, Timestamp('2017-04-21 09:35:00'))]
start_ema 2017-04-21 08:00:00 start_vwap 2017-04-21 09:35:00 last_bar 2017-04-21 10:45:00 Writing to ./data/URBN_livesignals_20170421_09_45_57.csv ./data/URBN_last.csv
ET:  0.18  minutes
now 2017-04-21 10:50:00.214000 return data: last bar 2017-04-21 10:50:00 last processed bar 2017-04-21 10:45:00
596 bars requested 596 bars returned
start_idx [(580, Timestamp('2017-04-21 09:35:00'))]
start_ema 2017-04-21 08:00:00 start_vwap 2017-04-21 09:35:00 last_bar 2017-04-21 10:50:00 Writing to ./data/URBN_livesignals_20170421_09_45_57.csv ./data/URBN_last.csv
ET:  0.13  minutes
now 2017-04-21 10:55:00.498000 return data: last bar 2017-04-21 10:55:00 last processed bar 2017-04-21 10:50:00
596 bars requested 596 bars returned
start_idx [(579, Timestamp('2017-04-21 09:35:00'))]
start_ema 2017-04-21 08:00:00 start_vwap 2017-04-21 09:35:00 last_bar 2017-04-21 10:55:00 Writing to ./data/URBN_livesignals_20170421_09_45_57.csv ./data/URBN_last.csv
ET:  0.19  minutes
now 2017-04-21 11:00:01.083000 return data: last bar 2017-04-21 11:00:00 last processed bar 2017-04-21 10:55:00
596 bars requested 596 bars returned
start_idx [(578, Timestamp('2017-04-21 09:35:00'))]
start_ema 2017-04-21 08:00:00 start_vwap 2017-04-21 09:35:00 last_bar 2017-04-21 11:00:00 Writing to ./data/URBN_livesignals_20170421_09_45_57.csv ./data/URBN_last.csv
ET:  0.15  minutes
now 2017-04-21 11:05:00.740000 return data: last bar 2017-04-21 11:05:00 last processed bar 2017-04-21 11:00:00
596 bars requested 596 bars returned
start_idx [(577, Timestamp('2017-04-21 09:35:00'))]
start_ema 2017-04-21 08:00:00 start_vwap 2017-04-21 09:35:00 last_bar 2017-04-21 11:05:00 Writing to ./data/URBN_livesignals_20170421_09_45_57.csv ./data/URBN_last.csv
ET:  0.2  minutes
now 2017-04-21 11:10:01.459000 return data: last bar 2017-04-21 11:10:00 last processed bar 2017-04-21 11:05:00
596 bars requested 596 bars returned
start_idx [(576, Timestamp('2017-04-21 09:35:00'))]
start_ema 2017-04-21 08:00:00 start_vwap 2017-04-21 09:35:00 last_bar 2017-04-21 11:10:00 Writing to ./data/URBN_livesignals_20170421_09_45_57.csv ./data/URBN_last.csv
ET:  0.07  minutes
now 2017-04-21 11:15:02.252000 return data: last bar 2017-04-21 11:15:00 last processed bar 2017-04-21 11:10:00
596 bars requested 596 bars returned
start_idx [(575, Timestamp('2017-04-21 09:35:00'))]
start_ema 2017-04-21 08:00:00 start_vwap 2017-04-21 09:35:00 last_bar 2017-04-21 11:15:00 Writing to ./data/URBN_livesignals_20170421_09_45_57.csv ./data/URBN_last.csv
ET:  0.12  minutes
now 2017-04-21 11:20:00.277000 return data: last bar 2017-04-21 11:20:00 last processed bar 2017-04-21 11:15:00
596 bars requested 596 bars returned
start_idx [(574, Timestamp('2017-04-21 09:35:00'))]
start_ema 2017-04-21 08:00:00 start_vwap 2017-04-21 09:35:00 last_bar 2017-04-21 11:20:00 Writing to ./data/URBN_livesignals_20170421_09_45_57.csv ./data/URBN_last.csv
ET:  0.18  minutes
now 2017-04-21 11:25:01.180000 return data: last bar 2017-04-21 11:25:00 last processed bar 2017-04-21 11:20:00
2 bars requested 2 bars returned
596 bars requested 22 bars returned
start_idx [(0, Timestamp('2017-04-21 09:35:00'))]
start_ema 2017-04-21 09:50:00 data.dropna() feed returned insufficient data
now 2017-04-21 11:30:00.575000 return data: last bar 2017-04-21 11:30:00 last processed bar 2017-04-21 11:25:00
2 bars requested 2 bars returned
596 bars requested 22 bars returned
start_idx [(0, Timestamp('2017-04-21 09:35:00'))]
start_ema 2017-04-21 09:50:00 data.dropna() feed returned insufficient data
now 2017-04-21 11:35:00.605000 return data: last bar 2017-04-21 11:35:00 last processed bar 2017-04-21 11:30:00
2 bars requested 2 bars returned
596 bars requested 22 bars returned
start_idx [(0, Timestamp('2017-04-21 09:35:00'))]
start_ema 2017-04-21 09:50:00 data.dropna() feed returned insufficient data
now 2017-04-21 11:40:00.664000 return data: last bar 2017-04-21 11:40:00 last processed bar 2017-04-21 11:35:00
2 bars requested 2 bars returned
596 bars requested 22 bars returned
start_idx [(0, Timestamp('2017-04-21 09:35:00'))]
start_ema 2017-04-21 09:50:00 data.dropna() feed returned insufficient data
now 2017-04-21 11:45:00.986000 return data: last bar 2017-04-21 11:45:00 last processed bar 2017-04-21 11:40:00
2 bars requested 2 bars returned
596 bars requested 22 bars returned
start_idx [(0, Timestamp('2017-04-21 09:35:00'))]
start_ema 2017-04-21 09:50:00 data.dropna() feed returned insufficient data
now 2017-04-21 11:50:00.724000 return data: last bar 2017-04-21 11:50:00 last processed bar 2017-04-21 11:45:00
2 bars requested 2 bars returned
596 bars requested 22 bars returned
start_idx [(0, Timestamp('2017-04-21 09:35:00'))]
start_ema 2017-04-21 09:50:00 data.dropna() feed returned insufficient data
now 2017-04-21 11:55:00.766000 return data: last bar 2017-04-21 11:55:00 last processed bar 2017-04-21 11:50:00
2 bars requested 2 bars returned
596 bars requested 22 bars returned
start_idx [(0, Timestamp('2017-04-21 09:35:00'))]
start_ema 2017-04-21 09:50:00 data.dropna() feed returned insufficient data
now 2017-04-21 12:00:00.182000 return data: last bar 2017-04-21 12:00:00 last processed bar 2017-04-21 11:55:00
2 bars requested 2 bars returned
596 bars requested 22 bars returned
start_idx [(0, Timestamp('2017-04-21 09:35:00'))]
start_ema 2017-04-21 09:50:00 data.dropna() feed returned insufficient data
now 2017-04-21 12:05:00.051000 return data: last bar 2017-04-21 12:05:00 last processed bar 2017-04-21 12:00:00
2 bars requested 2 bars returned
596 bars requested 22 bars returned
start_idx [(0, Timestamp('2017-04-21 09:35:00'))]
start_ema 2017-04-21 09:50:00 data.dropna() feed returned insufficient data
now 2017-04-21 12:05:02.493000 return None: last bar 2017-04-21 12:05:00 last processed bar 2017-04-21 12:05:00
2 bars requested None returned
URBN getFeed did not return any data! last bar: 2017-04-21 12:05:00 now: 12:05:02.508000
now 2017-04-21 12:10:01.081000 return data: last bar 2017-04-21 12:10:00 last processed bar 2017-04-21 12:05:00
2 bars requested 2 bars returned
596 bars requested 22 bars returned
start_idx [(0, Timestamp('2017-04-21 09:35:00'))]
start_ema 2017-04-21 09:50:00 data.dropna() feed returned insufficient data
now 2017-04-21 12:15:00.115000 return data: last bar 2017-04-21 12:15:00 last processed bar 2017-04-21 12:10:00
2 bars requested 2 bars returned
596 bars requested 22 bars returned
start_idx [(0, Timestamp('2017-04-21 09:35:00'))]
start_ema 2017-04-21 09:50:00 data.dropna() feed returned insufficient data
now 2017-04-21 12:15:02.944000 return None: last bar 2017-04-21 12:15:00 last processed bar 2017-04-21 12:15:00
2 bars requested None returned
URBN getFeed did not return any data! last bar: 2017-04-21 12:15:00 now: 12:15:02.958000
now 2017-04-21 12:20:00.303000 return data: last bar 2017-04-21 12:20:00 last processed bar 2017-04-21 12:15:00
2 bars requested 2 bars returned
596 bars requested 22 bars returned
start_idx [(0, Timestamp('2017-04-21 09:35:00'))]
start_ema 2017-04-21 09:50:00 data.dropna() feed returned insufficient data
now 2017-04-21 12:25:00.948000 return data: last bar 2017-04-21 12:25:00 last processed bar 2017-04-21 12:20:00
2 bars requested 2 bars returned
596 bars requested 22 bars returned
start_idx [(0, Timestamp('2017-04-21 09:35:00'))]
start_ema 2017-04-21 09:50:00 data.dropna() feed returned insufficient data
now 2017-04-21 12:30:00.466000 return data: last bar 2017-04-21 12:30:00 last processed bar 2017-04-21 12:25:00
2 bars requested 2 bars returned
596 bars requested 22 bars returned
start_idx [(0, Timestamp('2017-04-21 09:35:00'))]
start_ema 2017-04-21 09:50:00 data.dropna() feed returned insufficient data
now 2017-04-21 12:35:00.578000 return data: last bar 2017-04-21 12:35:00 last processed bar 2017-04-21 12:30:00
2 bars requested 2 bars returned
596 bars requested 22 bars returned
start_idx [(0, Timestamp('2017-04-21 09:35:00'))]
start_ema 2017-04-21 09:50:00 data.dropna() feed returned insufficient data
now 2017-04-21 12:40:00.814000 return data: last bar 2017-04-21 12:40:00 last processed bar 2017-04-21 12:35:00
2 bars requested 2 bars returned
596 bars requested 22 bars returned
start_idx [(0, Timestamp('2017-04-21 09:35:00'))]
start_ema 2017-04-21 09:50:00 data.dropna() feed returned insufficient data
now 2017-04-21 12:45:00.166000 return data: last bar 2017-04-21 12:45:00 last processed bar 2017-04-21 12:40:00
2 bars requested 2 bars returned
596 bars requested 22 bars returned
start_idx [(0, Timestamp('2017-04-21 09:35:00'))]
start_ema 2017-04-21 09:50:00 data.dropna() feed returned insufficient data
now 2017-04-21 12:50:00.141000 return data: last bar 2017-04-21 12:50:00 last processed bar 2017-04-21 12:45:00
2 bars requested 2 bars returned
596 bars requested 22 bars returned
start_idx [(0, Timestamp('2017-04-21 09:35:00'))]
start_ema 2017-04-21 09:50:00 data.dropna() feed returned insufficient data
now 2017-04-21 12:55:01.091000 return data: last bar 2017-04-21 12:55:00 last processed bar 2017-04-21 12:50:00
2 bars requested 2 bars returned
596 bars requested 22 bars returned
start_idx [(0, Timestamp('2017-04-21 09:35:00'))]
start_ema 2017-04-21 09:50:00 data.dropna() feed returned insufficient data
now 2017-04-21 13:00:00.638000 return data: last bar 2017-04-21 13:00:00 last processed bar 2017-04-21 12:55:00
2 bars requested 2 bars returned
596 bars requested 22 bars returned
start_idx [(0, Timestamp('2017-04-21 09:35:00'))]
start_ema 2017-04-21 09:50:00 data.dropna() feed returned insufficient data
now 2017-04-21 13:05:01.056000 return data: last bar 2017-04-21 13:05:00 last processed bar 2017-04-21 13:00:00
2 bars requested 2 bars returned
596 bars requested 22 bars returned
start_idx [(0, Timestamp('2017-04-21 09:35:00'))]
start_ema 2017-04-21 09:50:00 data.dropna() feed returned insufficient data
now 2017-04-21 13:10:00.801000 return data: last bar 2017-04-21 13:10:00 last processed bar 2017-04-21 13:05:00
2 bars requested 2 bars returned
596 bars requested 22 bars returned
start_idx [(0, Timestamp('2017-04-21 09:35:00'))]
start_ema 2017-04-21 09:50:00 data.dropna() feed returned insufficient data
now 2017-04-21 13:15:00.603000 return data: last bar 2017-04-21 13:15:00 last processed bar 2017-04-21 13:10:00
2 bars requested 2 bars returned
596 bars requested 22 bars returned
start_idx [(0, Timestamp('2017-04-21 09:35:00'))]
start_ema 2017-04-21 09:50:00 data.dropna() feed returned insufficient data
now 2017-04-21 13:20:00.768000 return data: last bar 2017-04-21 13:20:00 last processed bar 2017-04-21 13:15:00
2 bars requested 2 bars returned
596 bars requested 22 bars returned
start_idx [(0, Timestamp('2017-04-21 09:35:00'))]
start_ema 2017-04-21 09:50:00 data.dropna() feed returned insufficient data
now 2017-04-21 13:25:00.672000 return data: last bar 2017-04-21 13:25:00 last processed bar 2017-04-21 13:20:00
2 bars requested 2 bars returned
596 bars requested 22 bars returned
start_idx [(0, Timestamp('2017-04-21 09:35:00'))]
start_ema 2017-04-21 09:50:00 data.dropna() feed returned insufficient data
now 2017-04-21 13:30:00.844000 return data: last bar 2017-04-21 13:30:00 last processed bar 2017-04-21 13:25:00
2 bars requested 2 bars returned
596 bars requested 22 bars returned
start_idx [(0, Timestamp('2017-04-21 09:35:00'))]
start_ema 2017-04-21 09:50:00 data.dropna() feed returned insufficient data
now 2017-04-21 13:35:00.619000 return data: last bar 2017-04-21 13:35:00 last processed bar 2017-04-21 13:30:00
2 bars requested 2 bars returned
596 bars requested 22 bars returned
start_idx [(0, Timestamp('2017-04-21 09:35:00'))]
start_ema 2017-04-21 09:50:00 data.dropna() feed returned insufficient data
now 2017-04-21 13:40:01.007000 return data: last bar 2017-04-21 13:40:00 last processed bar 2017-04-21 13:35:00
2 bars requested 2 bars returned
596 bars requested 22 bars returned
start_idx [(0, Timestamp('2017-04-21 09:35:00'))]
start_ema 2017-04-21 09:50:00 data.dropna() feed returned insufficient data
now 2017-04-21 13:45:00.915000 return data: last bar 2017-04-21 13:45:00 last processed bar 2017-04-21 13:40:00
2 bars requested 2 bars returned
596 bars requested 22 bars returned
start_idx [(0, Timestamp('2017-04-21 09:35:00'))]
start_ema 2017-04-21 09:50:00 data.dropna() feed returned insufficient data
now 2017-04-21 13:50:00.845000 return data: last bar 2017-04-21 13:50:00 last processed bar 2017-04-21 13:45:00
2 bars requested 2 bars returned
596 bars requested 22 bars returned
start_idx [(0, Timestamp('2017-04-21 09:35:00'))]
start_ema 2017-04-21 09:50:00 data.dropna() feed returned insufficient data
now 2017-04-21 13:55:01.232000 return data: last bar 2017-04-21 13:55:00 last processed bar 2017-04-21 13:50:00
2 bars requested 2 bars returned
596 bars requested 22 bars returned
start_idx [(0, Timestamp('2017-04-21 09:35:00'))]
start_ema 2017-04-21 09:50:00 data.dropna() feed returned insufficient data
now 2017-04-21 14:00:00.733000 return data: last bar 2017-04-21 14:00:00 last processed bar 2017-04-21 13:55:00
2 bars requested 2 bars returned
596 bars requested 22 bars returned
start_idx [(0, Timestamp('2017-04-21 09:35:00'))]
start_ema 2017-04-21 09:50:00 data.dropna() feed returned insufficient data
now 2017-04-21 14:05:01.076000 return data: last bar 2017-04-21 14:05:00 last processed bar 2017-04-21 14:00:00
2 bars requested 2 bars returned
596 bars requested 22 bars returned
start_idx [(0, Timestamp('2017-04-21 09:35:00'))]
start_ema 2017-04-21 09:50:00 data.dropna() feed returned insufficient data
now 2017-04-21 14:10:01.041000 return data: last bar 2017-04-21 14:10:00 last processed bar 2017-04-21 14:05:00
2 bars requested 2 bars returned
596 bars requested 22 bars returned
start_idx [(0, Timestamp('2017-04-21 09:35:00'))]
start_ema 2017-04-21 09:50:00 data.dropna() feed returned insufficient data
now 2017-04-21 14:15:00.983000 return data: last bar 2017-04-21 14:15:00 last processed bar 2017-04-21 14:10:00
2 bars requested 2 bars returned
596 bars requested 22 bars returned
start_idx [(0, Timestamp('2017-04-21 09:35:00'))]
start_ema 2017-04-21 09:50:00 data.dropna() feed returned insufficient data
now 2017-04-21 14:20:00.831000 return data: last bar 2017-04-21 14:20:00 last processed bar 2017-04-21 14:15:00
2 bars requested 2 bars returned
596 bars requested 22 bars returned
start_idx [(0, Timestamp('2017-04-21 09:35:00'))]
start_ema 2017-04-21 09:50:00 data.dropna() feed returned insufficient data
now 2017-04-21 14:25:01.076000 return data: last bar 2017-04-21 14:25:00 last processed bar 2017-04-21 14:20:00
2 bars requested 2 bars returned
596 bars requested 22 bars returned
start_idx [(0, Timestamp('2017-04-21 09:35:00'))]
start_ema 2017-04-21 09:50:00 data.dropna() feed returned insufficient data
now 2017-04-21 14:30:00.038000 return data: last bar 2017-04-21 14:30:00 last processed bar 2017-04-21 14:25:00
2 bars requested 2 bars returned
596 bars requested 22 bars returned
start_idx [(0, Timestamp('2017-04-21 09:35:00'))]
start_ema 2017-04-21 09:50:00 data.dropna() feed returned insufficient data
now 2017-04-21 14:35:00.752000 return data: last bar 2017-04-21 14:35:00 last processed bar 2017-04-21 14:30:00
2 bars requested 2 bars returned
596 bars requested 22 bars returned
start_idx [(0, Timestamp('2017-04-21 09:35:00'))]
start_ema 2017-04-21 09:50:00 data.dropna() feed returned insufficient data
now 2017-04-21 14:40:01.136000 return data: last bar 2017-04-21 14:40:00 last processed bar 2017-04-21 14:35:00
2 bars requested 2 bars returned
596 bars requested 22 bars returned
start_idx [(0, Timestamp('2017-04-21 09:35:00'))]
start_ema 2017-04-21 09:50:00 data.dropna() feed returned insufficient data
now 2017-04-21 14:45:00.570000 return data: last bar 2017-04-21 14:45:00 last processed bar 2017-04-21 14:40:00
2 bars requested 2 bars returned
596 bars requested 22 bars returned
start_idx [(0, Timestamp('2017-04-21 09:35:00'))]
start_ema 2017-04-21 09:50:00 data.dropna() feed returned insufficient data
now 2017-04-21 14:50:00.916000 return data: last bar 2017-04-21 14:50:00 last processed bar 2017-04-21 14:45:00
2 bars requested 2 bars returned
596 bars requested 22 bars returned
start_idx [(0, Timestamp('2017-04-21 09:35:00'))]
start_ema 2017-04-21 09:50:00 data.dropna() feed returned insufficient data
now 2017-04-21 14:55:00.190000 return data: last bar 2017-04-21 14:55:00 last processed bar 2017-04-21 14:50:00
2 bars requested 2 bars returned
596 bars requested 22 bars returned
start_idx [(0, Timestamp('2017-04-21 09:35:00'))]
start_ema 2017-04-21 09:50:00 data.dropna() feed returned insufficient data
now 2017-04-21 15:00:00.857000 return data: last bar 2017-04-21 15:00:00 last processed bar 2017-04-21 14:55:00
2 bars requested 2 bars returned
596 bars requested 22 bars returned
start_idx [(0, Timestamp('2017-04-21 09:35:00'))]
start_ema 2017-04-21 09:50:00 data.dropna() feed returned insufficient data
now 2017-04-21 15:05:00.216000 return data: last bar 2017-04-21 15:05:00 last processed bar 2017-04-21 15:00:00
2 bars requested 2 bars returned
596 bars requested 22 bars returned
start_idx [(0, Timestamp('2017-04-21 09:35:00'))]
start_ema 2017-04-21 09:50:00 data.dropna() feed returned insufficient data
now 2017-04-21 15:10:00.074000 return data: last bar 2017-04-21 15:10:00 last processed bar 2017-04-21 15:05:00
2 bars requested 2 bars returned
596 bars requested 22 bars returned
start_idx [(0, Timestamp('2017-04-21 09:35:00'))]
start_ema 2017-04-21 09:50:00 data.dropna() feed returned insufficient data
now 2017-04-21 15:15:00.440000 return data: last bar 2017-04-21 15:15:00 last processed bar 2017-04-21 15:10:00
2 bars requested 2 bars returned
596 bars requested 22 bars returned
start_idx [(0, Timestamp('2017-04-21 09:35:00'))]
start_ema 2017-04-21 09:50:00 data.dropna() feed returned insufficient data
now 2017-04-21 15:20:00.243000 return data: last bar 2017-04-21 15:20:00 last processed bar 2017-04-21 15:15:00
2 bars requested 2 bars returned
596 bars requested 22 bars returned
start_idx [(0, Timestamp('2017-04-21 09:35:00'))]
start_ema 2017-04-21 09:50:00 data.dropna() feed returned insufficient data
now 2017-04-21 15:25:01.064000 return data: last bar 2017-04-21 15:25:00 last processed bar 2017-04-21 15:20:00
2 bars requested 2 bars returned
596 bars requested 22 bars returned
start_idx [(0, Timestamp('2017-04-21 09:35:00'))]
start_ema 2017-04-21 09:50:00 data.dropna() feed returned insufficient data
now 2017-04-21 15:30:00.223000 return data: last bar 2017-04-21 15:30:00 last processed bar 2017-04-21 15:25:00
2 bars requested 2 bars returned
596 bars requested 22 bars returned
start_idx [(0, Timestamp('2017-04-21 09:35:00'))]
start_ema 2017-04-21 09:50:00 data.dropna() feed returned insufficient data
now 2017-04-21 15:35:00.596000 return data: last bar 2017-04-21 15:35:00 last processed bar 2017-04-21 15:30:00
2 bars requested 2 bars returned
596 bars requested 22 bars returned
start_idx [(0, Timestamp('2017-04-21 09:35:00'))]
start_ema 2017-04-21 09:50:00 data.dropna() feed returned insufficient data
now 2017-04-21 15:40:00.795000 return data: last bar 2017-04-21 15:40:00 last processed bar 2017-04-21 15:35:00
2 bars requested 2 bars returned
596 bars requested 22 bars returned
start_idx [(0, Timestamp('2017-04-21 09:35:00'))]
start_ema 2017-04-21 09:50:00 data.dropna() feed returned insufficient data
now 2017-04-21 15:45:00.248000 return data: last bar 2017-04-21 15:45:00 last processed bar 2017-04-21 15:40:00
2 bars requested 2 bars returned
596 bars requested 22 bars returned
start_idx [(0, Timestamp('2017-04-21 09:35:00'))]
start_ema 2017-04-21 09:50:00 data.dropna() feed returned insufficient data
now 2017-04-21 15:50:00.540000 return data: last bar 2017-04-21 15:50:00 last processed bar 2017-04-21 15:45:00
2 bars requested 2 bars returned
596 bars requested 22 bars returned
start_idx [(0, Timestamp('2017-04-21 09:35:00'))]
start_ema 2017-04-21 09:50:00 data.dropna() feed returned insufficient data
now 2017-04-21 15:55:01.053000
