return data: last bar 2017-04-27 09:35:00 last processed bar 1000-01-01 00:00:00
596 bars requested 596 bars returned
start_idx [(595, Timestamp('2017-04-27 09:35:00'))]
start_ema 2017-04-27 08:00:00 start_vwap 2017-04-27 09:35:00 last_bar 2017-04-27 09:35:00 ET:  0.01  minutes
now 2017-04-27 09:45:00.407000 return None: last bar 2017-04-27 09:35:00 last processed bar 2017-04-27 09:35:00
VG getFeed did not return any data! last bar: 2017-04-27 09:35:00 now: 09:45:01.081000
now 2017-04-27 09:50:00.562000 return data: last bar 2017-04-27 09:40:00 last processed bar 2017-04-27 09:35:00
596 bars requested 596 bars returned
start_idx [(594, Timestamp('2017-04-27 09:35:00'))]
start_ema 2017-04-27 08:00:00 start_vwap 2017-04-27 09:35:00 last_bar 2017-04-27 09:40:00 Writing to ./data/VG_livesignals_20170427_09_40_51.csv ./data/VG_last.csv
ET:  0.1  minutes
now 2017-04-27 09:55:00.881000 return data: last bar 2017-04-27 09:45:00 last processed bar 2017-04-27 09:40:00
596 bars requested 596 bars returned
start_idx [(593, Timestamp('2017-04-27 09:35:00'))]
start_ema 2017-04-27 08:00:00 start_vwap 2017-04-27 09:35:00 last_bar 2017-04-27 09:45:00 Writing to ./data/VG_livesignals_20170427_09_40_51.csv ./data/VG_last.csv
ET:  0.09  minutes
now 2017-04-27 10:00:00.733000 return data: last bar 2017-04-27 09:50:00 last processed bar 2017-04-27 09:45:00
596 bars requested 596 bars returned
start_idx [(592, Timestamp('2017-04-27 09:35:00'))]
start_ema 2017-04-27 08:00:00 start_vwap 2017-04-27 09:35:00 last_bar 2017-04-27 09:50:00 Writing to ./data/VG_livesignals_20170427_09_40_51.csv ./data/VG_last.csv
ET:  0.1  minutes
now 2017-04-27 10:05:01.324000 return data: last bar 2017-04-27 09:55:00 last processed bar 2017-04-27 09:50:00
596 bars requested 596 bars returned
start_idx [(591, Timestamp('2017-04-27 09:35:00'))]
start_ema 2017-04-27 08:00:00 start_vwap 2017-04-27 09:35:00 last_bar 2017-04-27 09:55:00 Writing to ./data/VG_livesignals_20170427_09_40_51.csv ./data/VG_last.csv
ET:  0.07  minutes
now 2017-04-27 10:10:00.653000 return data: last bar 2017-04-27 10:00:00 last processed bar 2017-04-27 09:55:00
596 bars requested 596 bars returned
start_idx [(590, Timestamp('2017-04-27 09:35:00'))]
start_ema 2017-04-27 08:00:00 start_vwap 2017-04-27 09:35:00 last_bar 2017-04-27 10:00:00 Writing to ./data/VG_livesignals_20170427_09_40_51.csv ./data/VG_last.csv
ET:  0.08  minutes
now 2017-04-27 10:15:00.883000 return data: last bar 2017-04-27 10:10:00 last processed bar 2017-04-27 10:00:00
596 bars requested 596 bars returned
start_idx [(588, Timestamp('2017-04-27 09:35:00'))]
start_ema 2017-04-27 08:00:00 start_vwap 2017-04-27 09:35:00 last_bar 2017-04-27 10:10:00 Writing to ./data/VG_livesignals_20170427_09_40_51.csv ./data/VG_last.csv
ET:  0.09  minutes
now 2017-04-27 10:20:00.486000 return data: last bar 2017-04-27 10:15:00 last processed bar 2017-04-27 10:10:00
596 bars requested 596 bars returned
start_idx [(587, Timestamp('2017-04-27 09:35:00'))]
start_ema 2017-04-27 08:00:00 start_vwap 2017-04-27 09:35:00 last_bar 2017-04-27 10:15:00 Writing to ./data/VG_livesignals_20170427_09_40_51.csv ./data/VG_last.csv
ET:  0.09  minutes
now 2017-04-27 10:25:02.389000 return data: last bar 2017-04-27 10:20:00 last processed bar 2017-04-27 10:15:00
596 bars requested 596 bars returned
start_idx [(586, Timestamp('2017-04-27 09:35:00'))]
start_ema 2017-04-27 08:00:00 start_vwap 2017-04-27 09:35:00 last_bar 2017-04-27 10:20:00 Writing to ./data/VG_livesignals_20170427_09_40_51.csv ./data/VG_last.csv
ET:  0.08  minutes
now 2017-04-27 10:30:00.191000 return data: last bar 2017-04-27 10:25:00 last processed bar 2017-04-27 10:20:00
596 bars requested 596 bars returned
start_idx [(585, Timestamp('2017-04-27 09:35:00'))]
start_ema 2017-04-27 08:00:00 start_vwap 2017-04-27 09:35:00 last_bar 2017-04-27 10:25:00 Writing to ./data/VG_livesignals_20170427_09_40_51.csv ./data/VG_last.csv
ET:  0.11  minutes
now 2017-04-27 10:35:02.193000 return data: last bar 2017-04-27 10:30:00 last processed bar 2017-04-27 10:25:00
596 bars requested 596 bars returned
start_idx [(584, Timestamp('2017-04-27 09:35:00'))]
start_ema 2017-04-27 08:00:00 start_vwap 2017-04-27 09:35:00 last_bar 2017-04-27 10:30:00 Writing to ./data/VG_livesignals_20170427_09_40_51.csv ./data/VG_last.csv
ET:  0.1  minutes
now 2017-04-27 10:40:01.479000 return data: last bar 2017-04-27 10:35:00 last processed bar 2017-04-27 10:30:00
596 bars requested 596 bars returned
start_idx [(583, Timestamp('2017-04-27 09:35:00'))]
start_ema 2017-04-27 08:00:00 start_vwap 2017-04-27 09:35:00 last_bar 2017-04-27 10:35:00 Writing to ./data/VG_livesignals_20170427_09_40_51.csv ./data/VG_last.csv
ET:  0.09  minutes
now 2017-04-27 10:45:02.937000 return data: last bar 2017-04-27 10:40:00 last processed bar 2017-04-27 10:35:00
596 bars requested 596 bars returned
start_idx [(582, Timestamp('2017-04-27 09:35:00'))]
start_ema 2017-04-27 08:00:00 start_vwap 2017-04-27 09:35:00 last_bar 2017-04-27 10:40:00 Writing to ./data/VG_livesignals_20170427_09_40_51.csv ./data/VG_last.csv
ET:  0.08  minutes
now 2017-04-27 10:50:00.725000 return data: last bar 2017-04-27 10:45:00 last processed bar 2017-04-27 10:40:00
596 bars requested 596 bars returned
start_idx [(581, Timestamp('2017-04-27 09:35:00'))]
start_ema 2017-04-27 08:00:00 start_vwap 2017-04-27 09:35:00 last_bar 2017-04-27 10:45:00 Writing to ./data/VG_livesignals_20170427_09_40_51.csv ./data/VG_last.csv
ET:  0.1  minutes
now 2017-04-27 10:55:00.996000 return data: last bar 2017-04-27 10:50:00 last processed bar 2017-04-27 10:45:00
596 bars requested 596 bars returned
start_idx [(580, Timestamp('2017-04-27 09:35:00'))]
start_ema 2017-04-27 08:00:00 start_vwap 2017-04-27 09:35:00 last_bar 2017-04-27 10:50:00 Writing to ./data/VG_livesignals_20170427_09_40_51.csv ./data/VG_last.csv
ET:  0.1  minutes
now 2017-04-27 11:00:01.133000 return data: last bar 2017-04-27 10:55:00 last processed bar 2017-04-27 10:50:00
596 bars requested 596 bars returned
start_idx [(579, Timestamp('2017-04-27 09:35:00'))]
start_ema 2017-04-27 08:00:00 start_vwap 2017-04-27 09:35:00 last_bar 2017-04-27 10:55:00 Writing to ./data/VG_livesignals_20170427_09_40_51.csv ./data/VG_last.csv
ET:  0.09  minutes
now 2017-04-27 11:05:00.559000 return data: last bar 2017-04-27 11:05:00 last processed bar 2017-04-27 10:55:00
596 bars requested 596 bars returned
start_idx [(577, Timestamp('2017-04-27 09:35:00'))]
start_ema 2017-04-27 08:00:00 start_vwap 2017-04-27 09:35:00 last_bar 2017-04-27 11:05:00 Writing to ./data/VG_livesignals_20170427_09_40_51.csv ./data/VG_last.csv
ET:  0.08  minutes
now 2017-04-27 11:10:02.327000 return data: last bar 2017-04-27 11:10:00 last processed bar 2017-04-27 11:05:00
596 bars requested 596 bars returned
start_idx [(576, Timestamp('2017-04-27 09:35:00'))]
start_ema 2017-04-27 08:00:00 start_vwap 2017-04-27 09:35:00 last_bar 2017-04-27 11:10:00 Writing to ./data/VG_livesignals_20170427_09_40_51.csv ./data/VG_last.csv
ET:  0.08  minutes
now 2017-04-27 11:15:00.275000 return None: last bar 2017-04-27 11:10:00 last processed bar 2017-04-27 11:10:00
VG getFeed did not return any data! last bar: 2017-04-27 11:10:00 now: 11:15:01.825000
now 2017-04-27 11:20:02.032000 return data: last bar 2017-04-27 11:20:00 last processed bar 2017-04-27 11:10:00
596 bars requested 596 bars returned
start_idx [(574, Timestamp('2017-04-27 09:35:00'))]
start_ema 2017-04-27 08:00:00 start_vwap 2017-04-27 09:35:00 last_bar 2017-04-27 11:20:00 Writing to ./data/VG_livesignals_20170427_09_40_51.csv ./data/VG_last.csv
ET:  0.09  minutes
now 2017-04-27 11:25:00.446000 return None: last bar 2017-04-27 11:20:00 last processed bar 2017-04-27 11:20:00
VG getFeed did not return any data! last bar: 2017-04-27 11:20:00 now: 11:25:01.829000
now 2017-04-27 11:30:00.839000 return data: last bar 2017-04-27 11:25:00 last processed bar 2017-04-27 11:20:00
596 bars requested 596 bars returned
start_idx [(573, Timestamp('2017-04-27 09:35:00'))]
start_ema 2017-04-27 08:00:00 start_vwap 2017-04-27 09:35:00 last_bar 2017-04-27 11:25:00 Writing to ./data/VG_livesignals_20170427_09_40_51.csv ./data/VG_last.csv
ET:  0.11  minutes
now 2017-04-27 11:35:00.927000 return data: last bar 2017-04-27 11:35:00 last processed bar 2017-04-27 11:25:00
596 bars requested 596 bars returned
start_idx [(571, Timestamp('2017-04-27 09:35:00'))]
start_ema 2017-04-27 08:00:00 start_vwap 2017-04-27 09:35:00 last_bar 2017-04-27 11:35:00 Writing to ./data/VG_livesignals_20170427_09_40_51.csv ./data/VG_last.csv
ET:  0.07  minutes
now 2017-04-27 11:40:00.401000 return None: last bar 2017-04-27 11:35:00 last processed bar 2017-04-27 11:35:00
2 bars requested None returned
VG getFeed did not return any data! last bar: 2017-04-27 11:35:00 now: 11:40:00.585000
now 2017-04-27 11:45:01.258000 return data: last bar 2017-04-27 11:40:00 last processed bar 2017-04-27 11:35:00
596 bars requested 596 bars returned
start_idx [(570, Timestamp('2017-04-27 09:35:00'))]
start_ema 2017-04-27 08:00:00 start_vwap 2017-04-27 09:35:00 last_bar 2017-04-27 11:40:00 Writing to ./data/VG_livesignals_20170427_09_40_51.csv ./data/VG_last.csv
ET:  0.07  minutes
now 2017-04-27 11:50:00.220000 return data: last bar 2017-04-27 11:45:00 last processed bar 2017-04-27 11:40:00
2 bars requested 2 bars returned
start_idx [(0, Timestamp('2017-04-27 09:35:00'))]
start_ema 2017-04-27 09:55:00 data.dropna() feed returned insufficient data
now 2017-04-27 11:55:00.683000 return data: last bar 2017-04-27 11:50:00 last processed bar 2017-04-27 11:45:00
2 bars requested 2 bars returned
start_idx [(0, Timestamp('2017-04-27 09:35:00'))]
start_ema 2017-04-27 09:55:00 data.dropna() feed returned insufficient data
now 2017-04-27 12:00:00.145000 return data: last bar 2017-04-27 11:55:00 last processed bar 2017-04-27 11:50:00
2 bars requested 2 bars returned
start_idx [(0, Timestamp('2017-04-27 09:35:00'))]
start_ema 2017-04-27 09:55:00 data.dropna() feed returned insufficient data
now 2017-04-27 12:05:00.001000 return data: last bar 2017-04-27 12:00:00 last processed bar 2017-04-27 11:55:00
2 bars requested 2 bars returned
start_idx [(0, Timestamp('2017-04-27 09:35:00'))]
start_ema 2017-04-27 09:55:00 data.dropna() feed returned insufficient data
now 2017-04-27 12:10:00.434000 return data: last bar 2017-04-27 12:10:00 last processed bar 2017-04-27 12:00:00
2 bars requested 2 bars returned
start_idx [(0, Timestamp('2017-04-27 09:35:00'))]
start_ema 2017-04-27 09:55:00 data.dropna() feed returned insufficient data
now 2017-04-27 12:15:00.462000 return None: last bar 2017-04-27 12:10:00 last processed bar 2017-04-27 12:10:00
2 bars requested None returned
VG getFeed did not return any data! last bar: 2017-04-27 12:10:00 now: 12:15:00.557000
now 2017-04-27 12:20:01.091000 return data: last bar 2017-04-27 12:20:00 last processed bar 2017-04-27 12:10:00
596 bars requested 596 bars returned
start_idx [(562, Timestamp('2017-04-27 09:35:00'))]
start_ema 2017-04-27 08:00:00 start_vwap 2017-04-27 09:35:00 last_bar 2017-04-27 12:20:00 Writing to ./data/VG_livesignals_20170427_09_40_51.csv ./data/VG_last.csv
ET:  0.07  minutes
now 2017-04-27 12:25:00.861000 return data: last bar 2017-04-27 12:25:00 last processed bar 2017-04-27 12:20:00
2 bars requested 2 bars returned
start_idx [(0, Timestamp('2017-04-27 09:35:00'))]
start_ema 2017-04-27 10:00:00 data.dropna() feed returned insufficient data
now 2017-04-27 12:30:01.409000 return None: last bar 2017-04-27 12:25:00 last processed bar 2017-04-27 12:25:00
2 bars requested None returned
VG getFeed did not return any data! last bar: 2017-04-27 12:25:00 now: 12:30:02.146000
now 2017-04-27 12:35:00.508000 return data: last bar 2017-04-27 12:30:00 last processed bar 2017-04-27 12:25:00
596 bars requested 596 bars returned
start_idx [(560, Timestamp('2017-04-27 09:35:00'))]
start_ema 2017-04-27 08:00:00 start_vwap 2017-04-27 09:35:00 last_bar 2017-04-27 12:30:00 Writing to ./data/VG_livesignals_20170427_09_40_51.csv ./data/VG_last.csv
ET:  0.08  minutes
now 2017-04-27 12:40:00.333000 return data: last bar 2017-04-27 12:35:00 last processed bar 2017-04-27 12:30:00
2 bars requested 2 bars returned
start_idx [(0, Timestamp('2017-04-27 09:35:00'))]
start_ema 2017-04-27 10:10:00 data.dropna() feed returned insufficient data
now 2017-04-27 12:45:01.155000 return data: last bar 2017-04-27 12:45:00 last processed bar 2017-04-27 12:35:00
2 bars requested 2 bars returned
start_idx [(0, Timestamp('2017-04-27 09:35:00'))]
start_ema 2017-04-27 10:10:00 data.dropna() feed returned insufficient data
now 2017-04-27 12:50:00.599000 return None: last bar 2017-04-27 12:45:00 last processed bar 2017-04-27 12:45:00
2 bars requested None returned
VG getFeed did not return any data! last bar: 2017-04-27 12:45:00 now: 12:50:00.716000
now 2017-04-27 12:55:00.881000 return data: last bar 2017-04-27 12:50:00 last processed bar 2017-04-27 12:45:00
596 bars requested 596 bars returned
start_idx [(556, Timestamp('2017-04-27 09:35:00'))]
start_ema 2017-04-27 08:00:00 start_vwap 2017-04-27 09:35:00 last_bar 2017-04-27 12:50:00 Writing to ./data/VG_livesignals_20170427_09_40_51.csv ./data/VG_last.csv
ET:  0.05  minutes
now 2017-04-27 13:00:01.447000 return data: last bar 2017-04-27 13:00:00 last processed bar 2017-04-27 12:50:00
2 bars requested 2 bars returned
start_idx [(0, Timestamp('2017-04-27 09:35:00'))]
start_ema 2017-04-27 10:15:00 data.dropna() feed returned insufficient data
now 2017-04-27 13:05:00.597000 return data: last bar 2017-04-27 13:05:00 last processed bar 2017-04-27 13:00:00
2 bars requested 2 bars returned
start_idx [(0, Timestamp('2017-04-27 09:35:00'))]
start_ema 2017-04-27 10:15:00 data.dropna() feed returned insufficient data
now 2017-04-27 13:10:01.766000 return data: last bar 2017-04-27 13:10:00 last processed bar 2017-04-27 13:05:00
2 bars requested 2 bars returned
start_idx [(0, Timestamp('2017-04-27 09:35:00'))]
start_ema 2017-04-27 10:15:00 data.dropna() feed returned insufficient data
now 2017-04-27 13:15:01.270000 return data: last bar 2017-04-27 13:15:00 last processed bar 2017-04-27 13:10:00
2 bars requested 2 bars returned
start_idx [(0, Timestamp('2017-04-27 09:35:00'))]
start_ema 2017-04-27 10:15:00 data.dropna() feed returned insufficient data
now 2017-04-27 13:20:01.375000 return data: last bar 2017-04-27 13:20:00 last processed bar 2017-04-27 13:15:00
2 bars requested 2 bars returned
start_idx [(0, Timestamp('2017-04-27 09:35:00'))]
start_ema 2017-04-27 10:15:00 data.dropna() feed returned insufficient data
now 2017-04-27 13:25:00.820000 return data: last bar 2017-04-27 13:25:00 last processed bar 2017-04-27 13:20:00
2 bars requested 2 bars returned
start_idx [(0, Timestamp('2017-04-27 09:35:00'))]
start_ema 2017-04-27 10:15:00 data.dropna() feed returned insufficient data
now 2017-04-27 13:30:01.469000 return data: last bar 2017-04-27 13:30:00 last processed bar 2017-04-27 13:25:00
2 bars requested 2 bars returned
start_idx [(0, Timestamp('2017-04-27 09:35:00'))]
start_ema 2017-04-27 10:15:00 data.dropna() feed returned insufficient data
now 2017-04-27 13:35:00.066000 return None: last bar 2017-04-27 13:30:00 last processed bar 2017-04-27 13:30:00
2 bars requested None returned
VG getFeed did not return any data! last bar: 2017-04-27 13:30:00 now: 13:35:00.086000
now 2017-04-27 13:40:00.701000 return data: last bar 2017-04-27 13:40:00 last processed bar 2017-04-27 13:30:00
596 bars requested 596 bars returned
start_idx [(546, Timestamp('2017-04-27 09:35:00'))]
start_ema 2017-04-27 08:00:00 start_vwap 2017-04-27 09:35:00 last_bar 2017-04-27 13:40:00 Writing to ./data/VG_livesignals_20170427_09_40_51.csv ./data/VG_last.csv
ET:  0.04  minutes
now 2017-04-27 13:45:00.236000 return data: last bar 2017-04-27 13:45:00 last processed bar 2017-04-27 13:40:00
2 bars requested 2 bars returned
start_idx [(0, Timestamp('2017-04-27 09:35:00'))]
start_ema 2017-04-27 10:20:00 data.dropna() feed returned insufficient data
now 2017-04-27 13:50:01.919000 return data: last bar 2017-04-27 13:50:00 last processed bar 2017-04-27 13:45:00
2 bars requested 2 bars returned
start_idx [(0, Timestamp('2017-04-27 09:35:00'))]
start_ema 2017-04-27 10:20:00 data.dropna() feed returned insufficient data
now 2017-04-27 13:55:00.567000 return data: last bar 2017-04-27 13:55:00 last processed bar 2017-04-27 13:50:00
2 bars requested 2 bars returned
start_idx [(0, Timestamp('2017-04-27 09:35:00'))]
start_ema 2017-04-27 10:20:00 data.dropna() feed returned insufficient data
now 2017-04-27 14:00:00.110000 return None: last bar 2017-04-27 13:55:00 last processed bar 2017-04-27 13:55:00
2 bars requested None returned
VG getFeed did not return any data! last bar: 2017-04-27 13:55:00 now: 14:00:00.140000
now 2017-04-27 14:05:01.004000 return data: last bar 2017-04-27 14:05:00 last processed bar 2017-04-27 13:55:00
596 bars requested 596 bars returned
start_idx [(541, Timestamp('2017-04-27 09:35:00'))]
start_ema 2017-04-27 08:00:00 start_vwap 2017-04-27 09:35:00 last_bar 2017-04-27 14:05:00 Writing to ./data/VG_livesignals_20170427_09_40_51.csv ./data/VG_last.csv
ET:  0.08  minutes
now 2017-04-27 14:10:00.572000 return data: last bar 2017-04-27 14:10:00 last processed bar 2017-04-27 14:05:00
2 bars requested 2 bars returned
start_idx [(0, Timestamp('2017-04-27 09:35:00'))]
start_ema 2017-04-27 10:25:00 data.dropna() feed returned insufficient data
now 2017-04-27 14:15:00.610000 return data: last bar 2017-04-27 14:15:00 last processed bar 2017-04-27 14:10:00
2 bars requested 2 bars returned
start_idx [(0, Timestamp('2017-04-27 09:35:00'))]
start_ema 2017-04-27 10:25:00 data.dropna() feed returned insufficient data
now 2017-04-27 14:20:00.213000 return None: last bar 2017-04-27 14:15:00 last processed bar 2017-04-27 14:15:00
2 bars requested None returned
VG getFeed did not return any data! last bar: 2017-04-27 14:15:00 now: 14:20:00.685000
now 2017-04-27 14:25:01.474000 return data: last bar 2017-04-27 14:25:00 last processed bar 2017-04-27 14:15:00
596 bars requested 596 bars returned
start_idx [(537, Timestamp('2017-04-27 09:35:00'))]
start_ema 2017-04-27 08:00:00 start_vwap 2017-04-27 09:35:00 last_bar 2017-04-27 14:25:00 Writing to ./data/VG_livesignals_20170427_09_40_51.csv ./data/VG_last.csv
ET:  0.06  minutes
now 2017-04-27 14:30:02.487000 return data: last bar 2017-04-27 14:30:00 last processed bar 2017-04-27 14:25:00
2 bars requested 2 bars returned
start_idx [(0, Timestamp('2017-04-27 09:35:00'))]
start_ema 2017-04-27 10:30:00 data.dropna() feed returned insufficient data
now 2017-04-27 14:35:00.722000 return data: last bar 2017-04-27 14:35:00 last processed bar 2017-04-27 14:30:00
2 bars requested 2 bars returned
start_idx [(0, Timestamp('2017-04-27 09:35:00'))]
start_ema 2017-04-27 10:30:00 data.dropna() feed returned insufficient data
now 2017-04-27 14:40:02.054000 return data: last bar 2017-04-27 14:40:00 last processed bar 2017-04-27 14:35:00
2 bars requested 2 bars returned
start_idx [(0, Timestamp('2017-04-27 09:35:00'))]
start_ema 2017-04-27 10:30:00 data.dropna() feed returned insufficient data
now 2017-04-27 14:45:02.065000 return data: last bar 2017-04-27 14:45:00 last processed bar 2017-04-27 14:40:00
2 bars requested 2 bars returned
start_idx [(0, Timestamp('2017-04-27 09:35:00'))]
start_ema 2017-04-27 10:30:00 data.dropna() feed returned insufficient data
now 2017-04-27 14:50:01.221000 return data: last bar 2017-04-27 14:50:00 last processed bar 2017-04-27 14:45:00
2 bars requested 2 bars returned
start_idx [(0, Timestamp('2017-04-27 09:35:00'))]
start_ema 2017-04-27 10:30:00 data.dropna() feed returned insufficient data
now 2017-04-27 14:55:00.478000 return data: last bar 2017-04-27 14:55:00 last processed bar 2017-04-27 14:50:00
2 bars requested 2 bars returned
start_idx [(0, Timestamp('2017-04-27 09:35:00'))]
start_ema 2017-04-27 10:30:00 data.dropna() feed returned insufficient data
now 2017-04-27 15:00:00.572000 return data: last bar 2017-04-27 15:00:00 last processed bar 2017-04-27 14:55:00
2 bars requested 2 bars returned
start_idx [(0, Timestamp('2017-04-27 09:35:00'))]
start_ema 2017-04-27 10:30:00 data.dropna() feed returned insufficient data
now 2017-04-27 15:05:00.462000 return None: last bar 2017-04-27 15:00:00 last processed bar 2017-04-27 15:00:00
2 bars requested None returned
VG getFeed did not return any data! last bar: 2017-04-27 15:00:00 now: 15:05:00.610000
now 2017-04-27 15:10:02.953000 return data: last bar 2017-04-27 15:10:00 last processed bar 2017-04-27 15:00:00
596 bars requested 596 bars returned
start_idx [(528, Timestamp('2017-04-27 09:35:00'))]
start_ema 2017-04-27 08:00:00 start_vwap 2017-04-27 09:35:00 last_bar 2017-04-27 15:10:00 Writing to ./data/VG_livesignals_20170427_09_40_51.csv ./data/VG_last.csv
ET:  0.04  minutes
now 2017-04-27 15:15:00.723000 return None: last bar 2017-04-27 15:10:00 last processed bar 2017-04-27 15:10:00
2 bars requested None returned
VG getFeed did not return any data! last bar: 2017-04-27 15:10:00 now: 15:15:01.587000
now 2017-04-27 15:20:00.288000 return data: last bar 2017-04-27 15:20:00 last processed bar 2017-04-27 15:10:00
596 bars requested 596 bars returned
start_idx [(526, Timestamp('2017-04-27 09:35:00'))]
start_ema 2017-04-27 08:00:00 start_vwap 2017-04-27 09:35:00 last_bar 2017-04-27 15:20:00 Writing to ./data/VG_livesignals_20170427_09_40_51.csv ./data/VG_last.csv
ET:  0.09  minutes
now 2017-04-27 15:25:02.486000 return data: last bar 2017-04-27 15:25:00 last processed bar 2017-04-27 15:20:00
2 bars requested 2 bars returned
start_idx [(0, Timestamp('2017-04-27 09:35:00'))]
start_ema 2017-04-27 10:40:00 data.dropna() feed returned insufficient data
now 2017-04-27 15:30:00.325000 return None: last bar 2017-04-27 15:25:00 last processed bar 2017-04-27 15:25:00
2 bars requested None returned
VG getFeed did not return any data! last bar: 2017-04-27 15:25:00 now: 15:30:00.401000
now 2017-04-27 15:30:04.084000 return data: last bar 2017-04-27 15:30:00 last processed bar 2017-04-27 15:25:00
596 bars requested 596 bars returned
start_idx [(524, Timestamp('2017-04-27 09:35:00'))]
start_ema 2017-04-27 08:00:00 start_vwap 2017-04-27 09:35:00 last_bar 2017-04-27 15:30:00 Writing to ./data/VG_livesignals_20170427_09_40_51.csv ./data/VG_last.csv
ET:  0.03  minutes
now 2017-04-27 15:35:00.055000 return None: last bar 2017-04-27 15:30:00 last processed bar 2017-04-27 15:30:00
2 bars requested None returned
VG getFeed did not return any data! last bar: 2017-04-27 15:30:00 now: 15:35:00.074000
now 2017-04-27 15:40:00.110000 return data: last bar 2017-04-27 15:35:00 last processed bar 2017-04-27 15:30:00
596 bars requested 596 bars returned
start_idx [(523, Timestamp('2017-04-27 09:35:00'))]
start_ema 2017-04-27 08:00:00 start_vwap 2017-04-27 09:35:00 last_bar 2017-04-27 15:35:00 Writing to ./data/VG_livesignals_20170427_09_40_51.csv ./data/VG_last.csv
ET:  0.1  minutes
now 2017-04-27 15:45:00.142000 return data: last bar 2017-04-27 15:45:00 last processed bar 2017-04-27 15:35:00
2 bars requested 2 bars returned
start_idx [(0, Timestamp('2017-04-27 09:35:00'))]
start_ema 2017-04-27 10:50:00 data.dropna() feed returned insufficient data
now 2017-04-27 15:50:00.739000 return None: last bar 2017-04-27 15:45:00 last processed bar 2017-04-27 15:45:00
2 bars requested None returned
VG getFeed did not return any data! last bar: 2017-04-27 15:45:00 now: 15:50:00.868000
now 2017-04-27 15:55:01.449000
