return data: last bar 2017-04-27 09:35:00 last processed bar 1000-01-01 00:00:00
VIAV: Warning! 596 bars requested 20 bars returned.
start_idx [(19, Timestamp('2017-04-27 09:35:00'))]
start_ema 2017-04-27 08:00:00 start_vwap 2017-04-27 09:35:00 last_bar 2017-04-27 09:35:00 ET:  0.04  minutes
now 2017-04-27 09:45:00.805000 return None: last bar 2017-04-27 09:35:00 last processed bar 2017-04-27 09:35:00
VIAV getFeed did not return any data! last bar: 2017-04-27 09:35:00 now: 09:45:01.508000
now 2017-04-27 09:50:00.855000 return data: last bar 2017-04-27 09:40:00 last processed bar 2017-04-27 09:35:00
VIAV: Warning! 596 bars requested 21 bars returned.
start_idx [(19, Timestamp('2017-04-27 09:35:00'))]
start_ema 2017-04-27 08:00:00 start_vwap 2017-04-27 09:35:00 last_bar 2017-04-27 09:40:00 Writing to ./data/VIAV_livesignals_20170427_09_40_36.csv ./data/VIAV_last.csv
ET:  0.04  minutes
now 2017-04-27 09:55:00.256000 return None: last bar 2017-04-27 09:40:00 last processed bar 2017-04-27 09:40:00
VIAV getFeed did not return any data! last bar: 2017-04-27 09:40:00 now: 09:55:00.292000
now 2017-04-27 10:00:00.233000 return data: last bar 2017-04-27 09:50:00 last processed bar 2017-04-27 09:40:00
VIAV: Warning! 596 bars requested 23 bars returned.
start_idx [(19, Timestamp('2017-04-27 09:35:00'))]
start_ema 2017-04-27 08:00:00 start_vwap 2017-04-27 09:35:00 last_bar 2017-04-27 09:50:00 Writing to ./data/VIAV_livesignals_20170427_09_40_36.csv ./data/VIAV_last.csv
ET:  0.06  minutes
now 2017-04-27 10:05:03.336000 return data: last bar 2017-04-27 09:55:00 last processed bar 2017-04-27 09:50:00
VIAV: Warning! 596 bars requested 24 bars returned.
start_idx [(19, Timestamp('2017-04-27 09:35:00'))]
start_ema 2017-04-27 08:00:00 start_vwap 2017-04-27 09:35:00 last_bar 2017-04-27 09:55:00 Writing to ./data/VIAV_livesignals_20170427_09_40_36.csv ./data/VIAV_last.csv
ET:  0.05  minutes
now 2017-04-27 10:10:00.401000 return data: last bar 2017-04-27 10:00:00 last processed bar 2017-04-27 09:55:00
VIAV: Warning! 596 bars requested 25 bars returned.
start_idx [(19, Timestamp('2017-04-27 09:35:00'))]
start_ema 2017-04-27 08:00:00 start_vwap 2017-04-27 09:35:00 last_bar 2017-04-27 10:00:00 Writing to ./data/VIAV_livesignals_20170427_09_40_36.csv ./data/VIAV_last.csv
ET:  0.06  minutes
now 2017-04-27 10:15:02.905000 return data: last bar 2017-04-27 10:10:00 last processed bar 2017-04-27 10:00:00
VIAV: Warning! 596 bars requested 27 bars returned.
start_idx [(19, Timestamp('2017-04-27 09:35:00'))]
start_ema 2017-04-27 08:00:00 start_vwap 2017-04-27 09:35:00 last_bar 2017-04-27 10:10:00 Writing to ./data/VIAV_livesignals_20170427_09_40_36.csv ./data/VIAV_last.csv
ET:  0.06  minutes
now 2017-04-27 10:20:01.310000 return data: last bar 2017-04-27 10:15:00 last processed bar 2017-04-27 10:10:00
VIAV: Warning! 596 bars requested 28 bars returned.
start_idx [(19, Timestamp('2017-04-27 09:35:00'))]
start_ema 2017-04-27 08:00:00 start_vwap 2017-04-27 09:35:00 last_bar 2017-04-27 10:15:00 Writing to ./data/VIAV_livesignals_20170427_09_40_36.csv ./data/VIAV_last.csv
ET:  0.1  minutes
now 2017-04-27 10:25:00.084000 return data: last bar 2017-04-27 10:20:00 last processed bar 2017-04-27 10:15:00
VIAV: Warning! 596 bars requested 29 bars returned.
start_idx [(19, Timestamp('2017-04-27 09:35:00'))]
start_ema 2017-04-27 08:00:00 start_vwap 2017-04-27 09:35:00 last_bar 2017-04-27 10:20:00 Writing to ./data/VIAV_livesignals_20170427_09_40_36.csv ./data/VIAV_last.csv
ET:  0.08  minutes
now 2017-04-27 10:30:01.613000 return data: last bar 2017-04-27 10:25:00 last processed bar 2017-04-27 10:20:00
VIAV: Warning! 596 bars requested 30 bars returned.
start_idx [(19, Timestamp('2017-04-27 09:35:00'))]
start_ema 2017-04-27 08:00:00 start_vwap 2017-04-27 09:35:00 last_bar 2017-04-27 10:25:00 Writing to ./data/VIAV_livesignals_20170427_09_40_36.csv ./data/VIAV_last.csv
ET:  0.06  minutes
now 2017-04-27 10:35:01.967000 return data: last bar 2017-04-27 10:30:00 last processed bar 2017-04-27 10:25:00
VIAV: Warning! 596 bars requested 31 bars returned.
start_idx [(19, Timestamp('2017-04-27 09:35:00'))]
start_ema 2017-04-27 08:00:00 start_vwap 2017-04-27 09:35:00 last_bar 2017-04-27 10:30:00 Writing to ./data/VIAV_livesignals_20170427_09_40_36.csv ./data/VIAV_last.csv
ET:  0.08  minutes
now 2017-04-27 10:40:00.590000 return data: last bar 2017-04-27 10:35:00 last processed bar 2017-04-27 10:30:00
VIAV: Warning! 596 bars requested 32 bars returned.
start_idx [(19, Timestamp('2017-04-27 09:35:00'))]
start_ema 2017-04-27 08:00:00 start_vwap 2017-04-27 09:35:00 last_bar 2017-04-27 10:35:00 Writing to ./data/VIAV_livesignals_20170427_09_40_36.csv ./data/VIAV_last.csv
ET:  0.11  minutes
now 2017-04-27 10:45:00.708000 return data: last bar 2017-04-27 10:40:00 last processed bar 2017-04-27 10:35:00
VIAV: Warning! 596 bars requested 33 bars returned.
start_idx [(19, Timestamp('2017-04-27 09:35:00'))]
start_ema 2017-04-27 08:00:00 start_vwap 2017-04-27 09:35:00 last_bar 2017-04-27 10:40:00 Writing to ./data/VIAV_livesignals_20170427_09_40_36.csv ./data/VIAV_last.csv
ET:  0.07  minutes
now 2017-04-27 10:50:00.081000 return data: last bar 2017-04-27 10:45:00 last processed bar 2017-04-27 10:40:00
VIAV: Warning! 596 bars requested 34 bars returned.
start_idx [(19, Timestamp('2017-04-27 09:35:00'))]
start_ema 2017-04-27 08:00:00 start_vwap 2017-04-27 09:35:00 last_bar 2017-04-27 10:45:00 Writing to ./data/VIAV_livesignals_20170427_09_40_36.csv ./data/VIAV_last.csv
ET:  0.12  minutes
now 2017-04-27 10:55:00.773000 return data: last bar 2017-04-27 10:50:00 last processed bar 2017-04-27 10:45:00
VIAV: Warning! 596 bars requested 35 bars returned.
start_idx [(19, Timestamp('2017-04-27 09:35:00'))]
start_ema 2017-04-27 08:00:00 start_vwap 2017-04-27 09:35:00 last_bar 2017-04-27 10:50:00 Writing to ./data/VIAV_livesignals_20170427_09_40_36.csv ./data/VIAV_last.csv
ET:  0.09  minutes
now 2017-04-27 11:00:01.846000 return data: last bar 2017-04-27 10:55:00 last processed bar 2017-04-27 10:50:00
VIAV: Warning! 596 bars requested 36 bars returned.
start_idx [(19, Timestamp('2017-04-27 09:35:00'))]
start_ema 2017-04-27 08:00:00 start_vwap 2017-04-27 09:35:00 last_bar 2017-04-27 10:55:00 Writing to ./data/VIAV_livesignals_20170427_09_40_36.csv ./data/VIAV_last.csv
ET:  0.08  minutes
now 2017-04-27 11:05:01.768000 return data: last bar 2017-04-27 11:00:00 last processed bar 2017-04-27 10:55:00
VIAV: Warning! 596 bars requested 37 bars returned.
start_idx [(19, Timestamp('2017-04-27 09:35:00'))]
start_ema 2017-04-27 08:00:00 start_vwap 2017-04-27 09:35:00 last_bar 2017-04-27 11:00:00 Writing to ./data/VIAV_livesignals_20170427_09_40_36.csv ./data/VIAV_last.csv
ET:  0.11  minutes
now 2017-04-27 11:10:00.139000 return data: last bar 2017-04-27 11:05:00 last processed bar 2017-04-27 11:00:00
VIAV: Warning! 596 bars requested 38 bars returned.
start_idx [(19, Timestamp('2017-04-27 09:35:00'))]
start_ema 2017-04-27 08:00:00 start_vwap 2017-04-27 09:35:00 last_bar 2017-04-27 11:05:00 Writing to ./data/VIAV_livesignals_20170427_09_40_36.csv ./data/VIAV_last.csv
ET:  0.1  minutes
now 2017-04-27 11:15:05.396000 return data: last bar 2017-04-27 11:10:00 last processed bar 2017-04-27 11:05:00
VIAV: Warning! 596 bars requested 39 bars returned.
start_idx [(19, Timestamp('2017-04-27 09:35:00'))]
start_ema 2017-04-27 08:00:00 start_vwap 2017-04-27 09:35:00 last_bar 2017-04-27 11:10:00 Writing to ./data/VIAV_livesignals_20170427_09_40_36.csv ./data/VIAV_last.csv
ET:  0.06  minutes
now 2017-04-27 11:20:03.067000 return data: last bar 2017-04-27 11:15:00 last processed bar 2017-04-27 11:10:00
VIAV: Warning! 596 bars requested 40 bars returned.
start_idx [(19, Timestamp('2017-04-27 09:35:00'))]
start_ema 2017-04-27 08:00:00 start_vwap 2017-04-27 09:35:00 last_bar 2017-04-27 11:15:00 Writing to ./data/VIAV_livesignals_20170427_09_40_36.csv ./data/VIAV_last.csv
ET:  0.07  minutes
now 2017-04-27 11:25:01.723000 return data: last bar 2017-04-27 11:20:00 last processed bar 2017-04-27 11:15:00
VIAV: Warning! 596 bars requested 41 bars returned.
start_idx [(19, Timestamp('2017-04-27 09:35:00'))]
start_ema 2017-04-27 08:00:00 start_vwap 2017-04-27 09:35:00 last_bar 2017-04-27 11:20:00 Writing to ./data/VIAV_livesignals_20170427_09_40_36.csv ./data/VIAV_last.csv
ET:  0.1  minutes
now 2017-04-27 11:30:02.919000 return data: last bar 2017-04-27 11:25:00 last processed bar 2017-04-27 11:20:00
VIAV: Warning! 596 bars requested 42 bars returned.
start_idx [(19, Timestamp('2017-04-27 09:35:00'))]
start_ema 2017-04-27 08:00:00 start_vwap 2017-04-27 09:35:00 last_bar 2017-04-27 11:25:00 Writing to ./data/VIAV_livesignals_20170427_09_40_36.csv ./data/VIAV_last.csv
ET:  0.06  minutes
now 2017-04-27 11:35:02.358000 return data: last bar 2017-04-27 11:30:00 last processed bar 2017-04-27 11:25:00
VIAV: Warning! 596 bars requested 43 bars returned.
start_idx [(19, Timestamp('2017-04-27 09:35:00'))]
start_ema 2017-04-27 08:00:00 start_vwap 2017-04-27 09:35:00 last_bar 2017-04-27 11:30:00 Writing to ./data/VIAV_livesignals_20170427_09_40_36.csv ./data/VIAV_last.csv
ET:  0.07  minutes
now 2017-04-27 11:40:01.015000 return data: last bar 2017-04-27 11:35:00 last processed bar 2017-04-27 11:30:00
VIAV: Warning! 596 bars requested 44 bars returned.
start_idx [(19, Timestamp('2017-04-27 09:35:00'))]
start_ema 2017-04-27 08:00:00 start_vwap 2017-04-27 09:35:00 last_bar 2017-04-27 11:35:00 Writing to ./data/VIAV_livesignals_20170427_09_40_36.csv ./data/VIAV_last.csv
ET:  0.06  minutes
now 2017-04-27 11:45:03.607000 return data: last bar 2017-04-27 11:40:00 last processed bar 2017-04-27 11:35:00
VIAV: Warning! 596 bars requested 45 bars returned.
start_idx [(19, Timestamp('2017-04-27 09:35:00'))]
start_ema 2017-04-27 08:00:00 start_vwap 2017-04-27 09:35:00 last_bar 2017-04-27 11:40:00 Writing to ./data/VIAV_livesignals_20170427_09_40_36.csv ./data/VIAV_last.csv
ET:  0.05  minutes
now 2017-04-27 11:50:01.033000 return data: last bar 2017-04-27 11:45:00 last processed bar 2017-04-27 11:40:00
VIAV: Warning! 596 bars requested 46 bars returned.
start_idx [(19, Timestamp('2017-04-27 09:35:00'))]
start_ema 2017-04-27 08:00:00 start_vwap 2017-04-27 09:35:00 last_bar 2017-04-27 11:45:00 Writing to ./data/VIAV_livesignals_20170427_09_40_36.csv ./data/VIAV_last.csv
ET:  0.07  minutes
now 2017-04-27 11:55:02.841000 return data: last bar 2017-04-27 11:50:00 last processed bar 2017-04-27 11:45:00
VIAV: Warning! 596 bars requested 47 bars returned.
start_idx [(19, Timestamp('2017-04-27 09:35:00'))]
start_ema 2017-04-27 08:00:00 start_vwap 2017-04-27 09:35:00 last_bar 2017-04-27 11:50:00 Writing to ./data/VIAV_livesignals_20170427_09_40_36.csv ./data/VIAV_last.csv
ET:  0.05  minutes
now 2017-04-27 12:00:02.612000 return data: last bar 2017-04-27 11:55:00 last processed bar 2017-04-27 11:50:00
VIAV: Warning! 596 bars requested 48 bars returned.
start_idx [(19, Timestamp('2017-04-27 09:35:00'))]
start_ema 2017-04-27 08:00:00 start_vwap 2017-04-27 09:35:00 last_bar 2017-04-27 11:55:00 Writing to ./data/VIAV_livesignals_20170427_09_40_36.csv ./data/VIAV_last.csv
ET:  0.06  minutes
now 2017-04-27 12:05:01.091000 return data: last bar 2017-04-27 12:00:00 last processed bar 2017-04-27 11:55:00
VIAV: Warning! 596 bars requested 49 bars returned.
start_idx [(19, Timestamp('2017-04-27 09:35:00'))]
start_ema 2017-04-27 08:00:00 start_vwap 2017-04-27 09:35:00 last_bar 2017-04-27 12:00:00 Writing to ./data/VIAV_livesignals_20170427_09_40_36.csv ./data/VIAV_last.csv
ET:  0.06  minutes
now 2017-04-27 12:10:02.003000 return data: last bar 2017-04-27 12:05:00 last processed bar 2017-04-27 12:00:00
VIAV: Warning! 596 bars requested 50 bars returned.
start_idx [(19, Timestamp('2017-04-27 09:35:00'))]
start_ema 2017-04-27 08:00:00 start_vwap 2017-04-27 09:35:00 last_bar 2017-04-27 12:05:00 Writing to ./data/VIAV_livesignals_20170427_09_40_36.csv ./data/VIAV_last.csv
ET:  0.06  minutes
now 2017-04-27 12:15:01.258000 return data: last bar 2017-04-27 12:10:00 last processed bar 2017-04-27 12:05:00
VIAV: Warning! 596 bars requested 51 bars returned.
start_idx [(19, Timestamp('2017-04-27 09:35:00'))]
start_ema 2017-04-27 08:00:00 start_vwap 2017-04-27 09:35:00 last_bar 2017-04-27 12:10:00 Writing to ./data/VIAV_livesignals_20170427_09_40_36.csv ./data/VIAV_last.csv
ET:  0.07  minutes
now 2017-04-27 12:20:00.721000 return data: last bar 2017-04-27 12:15:00 last processed bar 2017-04-27 12:10:00
VIAV: Warning! 596 bars requested 52 bars returned.
start_idx [(19, Timestamp('2017-04-27 09:35:00'))]
start_ema 2017-04-27 08:00:00 start_vwap 2017-04-27 09:35:00 last_bar 2017-04-27 12:15:00 Writing to ./data/VIAV_livesignals_20170427_09_40_36.csv ./data/VIAV_last.csv
ET:  0.08  minutes
now 2017-04-27 12:25:00.928000 return data: last bar 2017-04-27 12:20:00 last processed bar 2017-04-27 12:15:00
VIAV: Warning! 596 bars requested 53 bars returned.
start_idx [(19, Timestamp('2017-04-27 09:35:00'))]
start_ema 2017-04-27 08:00:00 start_vwap 2017-04-27 09:35:00 last_bar 2017-04-27 12:20:00 Writing to ./data/VIAV_livesignals_20170427_09_40_36.csv ./data/VIAV_last.csv
ET:  0.08  minutes
now 2017-04-27 12:30:00.927000 return data: last bar 2017-04-27 12:25:00 last processed bar 2017-04-27 12:20:00
VIAV: Warning! 596 bars requested 54 bars returned.
start_idx [(19, Timestamp('2017-04-27 09:35:00'))]
start_ema 2017-04-27 08:00:00 start_vwap 2017-04-27 09:35:00 last_bar 2017-04-27 12:25:00 Writing to ./data/VIAV_livesignals_20170427_09_40_36.csv ./data/VIAV_last.csv
ET:  0.09  minutes
now 2017-04-27 12:35:00.365000 return data: last bar 2017-04-27 12:30:00 last processed bar 2017-04-27 12:25:00
VIAV: Warning! 596 bars requested 55 bars returned.
start_idx [(19, Timestamp('2017-04-27 09:35:00'))]
start_ema 2017-04-27 08:00:00 start_vwap 2017-04-27 09:35:00 last_bar 2017-04-27 12:30:00 Writing to ./data/VIAV_livesignals_20170427_09_40_36.csv ./data/VIAV_last.csv
ET:  0.09  minutes
now 2017-04-27 12:40:01.351000 return data: last bar 2017-04-27 12:35:00 last processed bar 2017-04-27 12:30:00
VIAV: Warning! 596 bars requested 56 bars returned.
start_idx [(19, Timestamp('2017-04-27 09:35:00'))]
start_ema 2017-04-27 08:00:00 start_vwap 2017-04-27 09:35:00 last_bar 2017-04-27 12:35:00 Writing to ./data/VIAV_livesignals_20170427_09_40_36.csv ./data/VIAV_last.csv
ET:  0.09  minutes
now 2017-04-27 12:45:02.757000 return data: last bar 2017-04-27 12:40:00 last processed bar 2017-04-27 12:35:00
VIAV: Warning! 596 bars requested 57 bars returned.
start_idx [(19, Timestamp('2017-04-27 09:35:00'))]
start_ema 2017-04-27 08:00:00 start_vwap 2017-04-27 09:35:00 last_bar 2017-04-27 12:40:00 Writing to ./data/VIAV_livesignals_20170427_09_40_36.csv ./data/VIAV_last.csv
ET:  0.06  minutes
now 2017-04-27 12:50:01.714000 return data: last bar 2017-04-27 12:45:00 last processed bar 2017-04-27 12:40:00
VIAV: Warning! 596 bars requested 58 bars returned.
start_idx [(19, Timestamp('2017-04-27 09:35:00'))]
start_ema 2017-04-27 08:00:00 start_vwap 2017-04-27 09:35:00 last_bar 2017-04-27 12:45:00 Writing to ./data/VIAV_livesignals_20170427_09_40_36.csv ./data/VIAV_last.csv
ET:  0.06  minutes
now 2017-04-27 12:55:00.627000 return data: last bar 2017-04-27 12:50:00 last processed bar 2017-04-27 12:45:00
VIAV: Warning! 596 bars requested 59 bars returned.
start_idx [(19, Timestamp('2017-04-27 09:35:00'))]
start_ema 2017-04-27 08:00:00 start_vwap 2017-04-27 09:35:00 last_bar 2017-04-27 12:50:00 Writing to ./data/VIAV_livesignals_20170427_09_40_36.csv ./data/VIAV_last.csv
ET:  0.06  minutes
now 2017-04-27 13:00:00.505000 return data: last bar 2017-04-27 12:55:00 last processed bar 2017-04-27 12:50:00
VIAV: Warning! 596 bars requested 60 bars returned.
start_idx [(19, Timestamp('2017-04-27 09:35:00'))]
start_ema 2017-04-27 08:00:00 start_vwap 2017-04-27 09:35:00 last_bar 2017-04-27 12:55:00 Writing to ./data/VIAV_livesignals_20170427_09_40_36.csv ./data/VIAV_last.csv
ET:  0.12  minutes
now 2017-04-27 13:05:00.775000 return data: last bar 2017-04-27 13:00:00 last processed bar 2017-04-27 12:55:00
VIAV: Warning! 596 bars requested 61 bars returned.
start_idx [(19, Timestamp('2017-04-27 09:35:00'))]
start_ema 2017-04-27 08:00:00 start_vwap 2017-04-27 09:35:00 last_bar 2017-04-27 13:00:00 Writing to ./data/VIAV_livesignals_20170427_09_40_36.csv ./data/VIAV_last.csv
ET:  0.07  minutes
now 2017-04-27 13:10:00.317000 return data: last bar 2017-04-27 13:05:00 last processed bar 2017-04-27 13:00:00
VIAV: Warning! 596 bars requested 62 bars returned.
start_idx [(19, Timestamp('2017-04-27 09:35:00'))]
start_ema 2017-04-27 08:00:00 start_vwap 2017-04-27 09:35:00 last_bar 2017-04-27 13:05:00 Writing to ./data/VIAV_livesignals_20170427_09_40_36.csv ./data/VIAV_last.csv
ET:  0.08  minutes
now 2017-04-27 13:15:01.937000 return data: last bar 2017-04-27 13:10:00 last processed bar 2017-04-27 13:05:00
VIAV: Warning! 596 bars requested 63 bars returned.
start_idx [(19, Timestamp('2017-04-27 09:35:00'))]
start_ema 2017-04-27 08:00:00 start_vwap 2017-04-27 09:35:00 last_bar 2017-04-27 13:10:00 Writing to ./data/VIAV_livesignals_20170427_09_40_36.csv ./data/VIAV_last.csv
ET:  0.08  minutes
now 2017-04-27 13:20:00.774000 return data: last bar 2017-04-27 13:15:00 last processed bar 2017-04-27 13:10:00
VIAV: Warning! 596 bars requested 64 bars returned.
start_idx [(19, Timestamp('2017-04-27 09:35:00'))]
start_ema 2017-04-27 08:00:00 start_vwap 2017-04-27 09:35:00 last_bar 2017-04-27 13:15:00 Writing to ./data/VIAV_livesignals_20170427_09_40_36.csv ./data/VIAV_last.csv
ET:  0.08  minutes
now 2017-04-27 13:25:01.367000 return data: last bar 2017-04-27 13:20:00 last processed bar 2017-04-27 13:15:00
VIAV: Warning! 596 bars requested 65 bars returned.
start_idx [(19, Timestamp('2017-04-27 09:35:00'))]
start_ema 2017-04-27 08:00:00 start_vwap 2017-04-27 09:35:00 last_bar 2017-04-27 13:20:00 Writing to ./data/VIAV_livesignals_20170427_09_40_36.csv ./data/VIAV_last.csv
ET:  0.07  minutes
now 2017-04-27 13:30:00.330000 return data: last bar 2017-04-27 13:25:00 last processed bar 2017-04-27 13:20:00
VIAV: Warning! 596 bars requested 66 bars returned.
start_idx [(19, Timestamp('2017-04-27 09:35:00'))]
start_ema 2017-04-27 08:00:00 start_vwap 2017-04-27 09:35:00 last_bar 2017-04-27 13:25:00 Writing to ./data/VIAV_livesignals_20170427_09_40_36.csv ./data/VIAV_last.csv
ET:  0.1  minutes
now 2017-04-27 13:35:00.121000 return data: last bar 2017-04-27 13:30:00 last processed bar 2017-04-27 13:25:00
VIAV: Warning! 596 bars requested 67 bars returned.
start_idx [(19, Timestamp('2017-04-27 09:35:00'))]
start_ema 2017-04-27 08:00:00 start_vwap 2017-04-27 09:35:00 last_bar 2017-04-27 13:30:00 Writing to ./data/VIAV_livesignals_20170427_09_40_36.csv ./data/VIAV_last.csv
ET:  0.07  minutes
now 2017-04-27 13:40:00.855000 return data: last bar 2017-04-27 13:35:00 last processed bar 2017-04-27 13:30:00
VIAV: Warning! 596 bars requested 68 bars returned.
start_idx [(19, Timestamp('2017-04-27 09:35:00'))]
start_ema 2017-04-27 08:00:00 start_vwap 2017-04-27 09:35:00 last_bar 2017-04-27 13:35:00 Writing to ./data/VIAV_livesignals_20170427_09_40_36.csv ./data/VIAV_last.csv
ET:  0.11  minutes
now 2017-04-27 13:45:00.936000 return data: last bar 2017-04-27 13:40:00 last processed bar 2017-04-27 13:35:00
VIAV: Warning! 596 bars requested 69 bars returned.
start_idx [(19, Timestamp('2017-04-27 09:35:00'))]
start_ema 2017-04-27 08:00:00 start_vwap 2017-04-27 09:35:00 last_bar 2017-04-27 13:40:00 Writing to ./data/VIAV_livesignals_20170427_09_40_36.csv ./data/VIAV_last.csv
ET:  0.1  minutes
now 2017-04-27 13:50:03.616000 return data: last bar 2017-04-27 13:45:00 last processed bar 2017-04-27 13:40:00
VIAV: Warning! 596 bars requested 70 bars returned.
start_idx [(19, Timestamp('2017-04-27 09:35:00'))]
start_ema 2017-04-27 08:00:00 start_vwap 2017-04-27 09:35:00 last_bar 2017-04-27 13:45:00 Writing to ./data/VIAV_livesignals_20170427_09_40_36.csv ./data/VIAV_last.csv
ET:  0.05  minutes
now 2017-04-27 13:55:03.579000 return data: last bar 2017-04-27 13:50:00 last processed bar 2017-04-27 13:45:00
VIAV: Warning! 596 bars requested 71 bars returned.
start_idx [(19, Timestamp('2017-04-27 09:35:00'))]
start_ema 2017-04-27 08:00:00 start_vwap 2017-04-27 09:35:00 last_bar 2017-04-27 13:50:00 Writing to ./data/VIAV_livesignals_20170427_09_40_36.csv ./data/VIAV_last.csv
ET:  0.05  minutes
now 2017-04-27 14:00:02.436000 return data: last bar 2017-04-27 13:55:00 last processed bar 2017-04-27 13:50:00
VIAV: Warning! 596 bars requested 72 bars returned.
start_idx [(19, Timestamp('2017-04-27 09:35:00'))]
start_ema 2017-04-27 08:00:00 start_vwap 2017-04-27 09:35:00 last_bar 2017-04-27 13:55:00 Writing to ./data/VIAV_livesignals_20170427_09_40_36.csv ./data/VIAV_last.csv
ET:  0.06  minutes
now 2017-04-27 14:05:03.327000 return data: last bar 2017-04-27 14:00:00 last processed bar 2017-04-27 13:55:00
VIAV: Warning! 596 bars requested 73 bars returned.
start_idx [(19, Timestamp('2017-04-27 09:35:00'))]
start_ema 2017-04-27 08:00:00 start_vwap 2017-04-27 09:35:00 last_bar 2017-04-27 14:00:00 Writing to ./data/VIAV_livesignals_20170427_09_40_36.csv ./data/VIAV_last.csv
ET:  0.03  minutes
now 2017-04-27 14:10:00.499000 return data: last bar 2017-04-27 14:05:00 last processed bar 2017-04-27 14:00:00
VIAV: Warning! 596 bars requested 74 bars returned.
start_idx [(19, Timestamp('2017-04-27 09:35:00'))]
start_ema 2017-04-27 08:00:00 start_vwap 2017-04-27 09:35:00 last_bar 2017-04-27 14:05:00 Writing to ./data/VIAV_livesignals_20170427_09_40_36.csv ./data/VIAV_last.csv
ET:  0.09  minutes
now 2017-04-27 14:15:00.877000 return data: last bar 2017-04-27 14:10:00 last processed bar 2017-04-27 14:05:00
VIAV: Warning! 596 bars requested 75 bars returned.
start_idx [(19, Timestamp('2017-04-27 09:35:00'))]
start_ema 2017-04-27 08:00:00 start_vwap 2017-04-27 09:35:00 last_bar 2017-04-27 14:10:00 Writing to ./data/VIAV_livesignals_20170427_09_40_36.csv ./data/VIAV_last.csv
ET:  0.09  minutes
now 2017-04-27 14:20:00.796000 return data: last bar 2017-04-27 14:15:00 last processed bar 2017-04-27 14:10:00
VIAV: Warning! 596 bars requested 76 bars returned.
start_idx [(19, Timestamp('2017-04-27 09:35:00'))]
start_ema 2017-04-27 08:00:00 start_vwap 2017-04-27 09:35:00 last_bar 2017-04-27 14:15:00 Writing to ./data/VIAV_livesignals_20170427_09_40_36.csv ./data/VIAV_last.csv
ET:  0.09  minutes
now 2017-04-27 14:25:05.702000 return data: last bar 2017-04-27 14:20:00 last processed bar 2017-04-27 14:15:00
VIAV: Warning! 596 bars requested 77 bars returned.
start_idx [(19, Timestamp('2017-04-27 09:35:00'))]
start_ema 2017-04-27 08:00:00 start_vwap 2017-04-27 09:35:00 last_bar 2017-04-27 14:20:00 Writing to ./data/VIAV_livesignals_20170427_09_40_36.csv ./data/VIAV_last.csv
ET:  0.02  minutes
now 2017-04-27 14:30:00.091000 return data: last bar 2017-04-27 14:25:00 last processed bar 2017-04-27 14:20:00
VIAV: Warning! 596 bars requested 78 bars returned.
start_idx [(19, Timestamp('2017-04-27 09:35:00'))]
start_ema 2017-04-27 08:00:00 start_vwap 2017-04-27 09:35:00 last_bar 2017-04-27 14:25:00 Writing to ./data/VIAV_livesignals_20170427_09_40_36.csv ./data/VIAV_last.csv
ET:  0.1  minutes
now 2017-04-27 14:35:02.844000 return data: last bar 2017-04-27 14:30:00 last processed bar 2017-04-27 14:25:00
VIAV: Warning! 596 bars requested 79 bars returned.
start_idx [(19, Timestamp('2017-04-27 09:35:00'))]
start_ema 2017-04-27 08:00:00 start_vwap 2017-04-27 09:35:00 last_bar 2017-04-27 14:30:00 Writing to ./data/VIAV_livesignals_20170427_09_40_36.csv ./data/VIAV_last.csv
ET:  0.06  minutes
now 2017-04-27 14:40:00.755000 return data: last bar 2017-04-27 14:35:00 last processed bar 2017-04-27 14:30:00
VIAV: Warning! 596 bars requested 80 bars returned.
start_idx [(19, Timestamp('2017-04-27 09:35:00'))]
start_ema 2017-04-27 08:00:00 start_vwap 2017-04-27 09:35:00 last_bar 2017-04-27 14:35:00 Writing to ./data/VIAV_livesignals_20170427_09_40_36.csv ./data/VIAV_last.csv
ET:  0.03  minutes
now 2017-04-27 14:45:02.328000 return data: last bar 2017-04-27 14:40:00 last processed bar 2017-04-27 14:35:00
VIAV: Warning! 596 bars requested 81 bars returned.
start_idx [(19, Timestamp('2017-04-27 09:35:00'))]
start_ema 2017-04-27 08:00:00 start_vwap 2017-04-27 09:35:00 last_bar 2017-04-27 14:40:00 Writing to ./data/VIAV_livesignals_20170427_09_40_36.csv ./data/VIAV_last.csv
ET:  0.06  minutes
now 2017-04-27 14:50:00.382000 return data: last bar 2017-04-27 14:45:00 last processed bar 2017-04-27 14:40:00
VIAV: Warning! 596 bars requested 82 bars returned.
start_idx [(19, Timestamp('2017-04-27 09:35:00'))]
start_ema 2017-04-27 08:00:00 start_vwap 2017-04-27 09:35:00 last_bar 2017-04-27 14:45:00 Writing to ./data/VIAV_livesignals_20170427_09_40_36.csv ./data/VIAV_last.csv
ET:  0.09  minutes
now 2017-04-27 14:55:00.020000 return data: last bar 2017-04-27 14:50:00 last processed bar 2017-04-27 14:45:00
VIAV: Warning! 596 bars requested 83 bars returned.
start_idx [(19, Timestamp('2017-04-27 09:35:00'))]
start_ema 2017-04-27 08:00:00 start_vwap 2017-04-27 09:35:00 last_bar 2017-04-27 14:50:00 Writing to ./data/VIAV_livesignals_20170427_09_40_36.csv ./data/VIAV_last.csv
ET:  0.07  minutes
now 2017-04-27 15:00:00.086000 return data: last bar 2017-04-27 14:55:00 last processed bar 2017-04-27 14:50:00
VIAV: Warning! 596 bars requested 84 bars returned.
start_idx [(19, Timestamp('2017-04-27 09:35:00'))]
start_ema 2017-04-27 08:00:00 start_vwap 2017-04-27 09:35:00 last_bar 2017-04-27 14:55:00 Writing to ./data/VIAV_livesignals_20170427_09_40_36.csv ./data/VIAV_last.csv
ET:  0.09  minutes
now 2017-04-27 15:05:04.609000 return data: last bar 2017-04-27 15:00:00 last processed bar 2017-04-27 14:55:00
VIAV: Warning! 596 bars requested 85 bars returned.
start_idx [(19, Timestamp('2017-04-27 09:35:00'))]
start_ema 2017-04-27 08:00:00 start_vwap 2017-04-27 09:35:00 last_bar 2017-04-27 15:00:00 Writing to ./data/VIAV_livesignals_20170427_09_40_36.csv ./data/VIAV_last.csv
ET:  0.03  minutes
now 2017-04-27 15:10:01.458000 return data: last bar 2017-04-27 15:05:00 last processed bar 2017-04-27 15:00:00
VIAV: Warning! 596 bars requested 86 bars returned.
start_idx [(19, Timestamp('2017-04-27 09:35:00'))]
start_ema 2017-04-27 08:00:00 start_vwap 2017-04-27 09:35:00 last_bar 2017-04-27 15:05:00 Writing to ./data/VIAV_livesignals_20170427_09_40_36.csv ./data/VIAV_last.csv
ET:  0.07  minutes
now 2017-04-27 15:15:00.580000 return data: last bar 2017-04-27 15:10:00 last processed bar 2017-04-27 15:05:00
VIAV: Warning! 596 bars requested 87 bars returned.
start_idx [(19, Timestamp('2017-04-27 09:35:00'))]
start_ema 2017-04-27 08:00:00 start_vwap 2017-04-27 09:35:00 last_bar 2017-04-27 15:10:00 Writing to ./data/VIAV_livesignals_20170427_09_40_36.csv ./data/VIAV_last.csv
ET:  0.1  minutes
now 2017-04-27 15:20:00.849000 return data: last bar 2017-04-27 15:15:00 last processed bar 2017-04-27 15:10:00
VIAV: Warning! 596 bars requested 88 bars returned.
start_idx [(19, Timestamp('2017-04-27 09:35:00'))]
start_ema 2017-04-27 08:00:00 start_vwap 2017-04-27 09:35:00 last_bar 2017-04-27 15:15:00 Writing to ./data/VIAV_livesignals_20170427_09_40_36.csv ./data/VIAV_last.csv
ET:  0.08  minutes
now 2017-04-27 15:25:00.393000 return data: last bar 2017-04-27 15:20:00 last processed bar 2017-04-27 15:15:00
VIAV: Warning! 596 bars requested 89 bars returned.
start_idx [(19, Timestamp('2017-04-27 09:35:00'))]
start_ema 2017-04-27 08:00:00 start_vwap 2017-04-27 09:35:00 last_bar 2017-04-27 15:20:00 Writing to ./data/VIAV_livesignals_20170427_09_40_36.csv ./data/VIAV_last.csv
ET:  0.09  minutes
now 2017-04-27 15:30:01.727000 return data: last bar 2017-04-27 15:25:00 last processed bar 2017-04-27 15:20:00
VIAV: Warning! 596 bars requested 90 bars returned.
start_idx [(19, Timestamp('2017-04-27 09:35:00'))]
start_ema 2017-04-27 08:00:00 start_vwap 2017-04-27 09:35:00 last_bar 2017-04-27 15:25:00 Writing to ./data/VIAV_livesignals_20170427_09_40_36.csv ./data/VIAV_last.csv
ET:  0.09  minutes
now 2017-04-27 15:35:00.516000 return data: last bar 2017-04-27 15:30:00 last processed bar 2017-04-27 15:25:00
VIAV: Warning! 596 bars requested 91 bars returned.
start_idx [(19, Timestamp('2017-04-27 09:35:00'))]
start_ema 2017-04-27 08:00:00 start_vwap 2017-04-27 09:35:00 last_bar 2017-04-27 15:30:00 Writing to ./data/VIAV_livesignals_20170427_09_40_36.csv ./data/VIAV_last.csv
ET:  0.08  minutes
now 2017-04-27 15:40:00.859000 return data: last bar 2017-04-27 15:35:00 last processed bar 2017-04-27 15:30:00
VIAV: Warning! 596 bars requested 92 bars returned.
start_idx [(19, Timestamp('2017-04-27 09:35:00'))]
start_ema 2017-04-27 08:00:00 start_vwap 2017-04-27 09:35:00 last_bar 2017-04-27 15:35:00 Writing to ./data/VIAV_livesignals_20170427_09_40_36.csv ./data/VIAV_last.csv
ET:  0.07  minutes
now 2017-04-27 15:45:00.008000 return data: last bar 2017-04-27 15:40:00 last processed bar 2017-04-27 15:35:00
VIAV: Warning! 596 bars requested 93 bars returned.
start_idx [(19, Timestamp('2017-04-27 09:35:00'))]
start_ema 2017-04-27 08:00:00 start_vwap 2017-04-27 09:35:00 last_bar 2017-04-27 15:40:00 Writing to ./data/VIAV_livesignals_20170427_09_40_36.csv ./data/VIAV_last.csv
ET:  0.1  minutes
now 2017-04-27 15:50:00.238000 return data: last bar 2017-04-27 15:45:00 last processed bar 2017-04-27 15:40:00
VIAV: Warning! 596 bars requested 94 bars returned.
start_idx [(19, Timestamp('2017-04-27 09:35:00'))]
start_ema 2017-04-27 08:00:00 start_vwap 2017-04-27 09:35:00 last_bar 2017-04-27 15:45:00 Writing to ./data/VIAV_livesignals_20170427_09_40_36.csv ./data/VIAV_last.csv
ET:  0.06  minutes
now 2017-04-27 15:55:00.003000
