Traceback (most recent call last):
  File "./frankenstein.py", line 3, in <module>
    import requests
  File "e:\anaconda2\lib\site-packages\requests\__init__.py", line 52, in <module>
    from .packages.urllib3.contrib import pyopenssl
  File "e:\anaconda2\lib\site-packages\requests\packages\__init__.py", line 27, in <module>
    from . import urllib3
  File "e:\anaconda2\lib\site-packages\requests\packages\urllib3\__init__.py", line 8, in <module>
    from .connectionpool import (
  File "e:\anaconda2\lib\site-packages\requests\packages\urllib3\connectionpool.py", line 28, in <module>
    from .packages.six.moves.queue import LifoQueue, Empty, Full
  File "e:\anaconda2\lib\site-packages\requests\packages\urllib3\packages\six.py", line 203, in load_module
    mod = mod._resolve()
  File "e:\anaconda2\lib\site-packages\requests\packages\urllib3\packages\six.py", line 115, in _resolve
    return _import_module(self.mod)
  File "e:\anaconda2\lib\site-packages\requests\packages\urllib3\packages\six.py", line 82, in _import_module
    __import__(name)
  File "e:\anaconda2\lib\Queue.py", line 1, in <module>
    """A multi-producer, multi-consumer queue."""
KeyboardInterrupt
