return data: last bar 2017-04-27 09:35:00 last processed bar 1000-01-01 00:00:00
VLY: Warning! 596 bars requested 18 bars returned.
start_idx [(17, Timestamp('2017-04-27 09:35:00'))]
start_ema 2017-04-27 09:30:00 data.dropna() feed returned insufficient data
now 2017-04-27 09:45:00.009000 return None: last bar 2017-04-27 09:35:00 last processed bar 2017-04-27 09:35:00
VLY getFeed did not return any data! last bar: 2017-04-27 09:35:00 now: 09:45:00.049000
now 2017-04-27 09:50:00.349000 return data: last bar 2017-04-27 09:40:00 last processed bar 2017-04-27 09:35:00
VLY: Warning! 596 bars requested 19 bars returned.
start_idx [(17, Timestamp('2017-04-27 09:35:00'))]
start_ema 2017-04-27 09:35:00 data.dropna() feed returned insufficient data
now 2017-04-27 09:55:00.588000 return data: last bar 2017-04-27 09:45:00 last processed bar 2017-04-27 09:40:00
VLY: Warning! 596 bars requested 20 bars returned.
start_idx [(17, Timestamp('2017-04-27 09:35:00'))]
start_ema 2017-04-27 09:40:00 data.dropna() feed returned insufficient data
now 2017-04-27 10:00:00.337000 return data: last bar 2017-04-27 09:50:00 last processed bar 2017-04-27 09:45:00
VLY: Warning! 596 bars requested 21 bars returned.
start_idx [(17, Timestamp('2017-04-27 09:35:00'))]
start_ema 2017-04-27 09:45:00 data.dropna() feed returned insufficient data
now 2017-04-27 10:05:00.001000 return data: last bar 2017-04-27 09:55:00 last processed bar 2017-04-27 09:50:00
VLY: Warning! 596 bars requested 22 bars returned.
start_idx [(17, Timestamp('2017-04-27 09:35:00'))]
start_ema 2017-04-27 09:50:00 data.dropna() feed returned insufficient data
now 2017-04-27 10:10:01.446000 return data: last bar 2017-04-27 10:00:00 last processed bar 2017-04-27 09:55:00
VLY: Warning! 596 bars requested 23 bars returned.
start_idx [(17, Timestamp('2017-04-27 09:35:00'))]
start_ema 2017-04-27 09:55:00 data.dropna() feed returned insufficient data
now 2017-04-27 10:15:02.422000 return data: last bar 2017-04-27 10:10:00 last processed bar 2017-04-27 10:00:00
VLY: Warning! 596 bars requested 25 bars returned.
start_idx [(17, Timestamp('2017-04-27 09:35:00'))]
start_ema 2017-04-27 10:05:00 data.dropna() feed returned insufficient data
now 2017-04-27 10:20:00.202000 return data: last bar 2017-04-27 10:15:00 last processed bar 2017-04-27 10:10:00
VLY: Warning! 596 bars requested 26 bars returned.
start_idx [(17, Timestamp('2017-04-27 09:35:00'))]
start_ema 2017-04-27 10:10:00 data.dropna() feed returned insufficient data
now 2017-04-27 10:25:00.101000 return data: last bar 2017-04-27 10:20:00 last processed bar 2017-04-27 10:15:00
VLY: Warning! 596 bars requested 27 bars returned.
start_idx [(17, Timestamp('2017-04-27 09:35:00'))]
start_ema 2017-04-27 10:15:00 data.dropna() feed returned insufficient data
now 2017-04-27 10:30:00.087000 return data: last bar 2017-04-27 10:25:00 last processed bar 2017-04-27 10:20:00
VLY: Warning! 596 bars requested 28 bars returned.
start_idx [(17, Timestamp('2017-04-27 09:35:00'))]
start_ema 2017-04-27 10:20:00 data.dropna() feed returned insufficient data
now 2017-04-27 10:35:00.389000 return data: last bar 2017-04-27 10:30:00 last processed bar 2017-04-27 10:25:00
VLY: Warning! 596 bars requested 29 bars returned.
start_idx [(17, Timestamp('2017-04-27 09:35:00'))]
start_ema 2017-04-27 10:25:00 data.dropna() feed returned insufficient data
now 2017-04-27 10:40:00.241000 return data: last bar 2017-04-27 10:35:00 last processed bar 2017-04-27 10:30:00
VLY: Warning! 596 bars requested 30 bars returned.
start_idx [(17, Timestamp('2017-04-27 09:35:00'))]
start_ema 2017-04-27 10:30:00 data.dropna() feed returned insufficient data
now 2017-04-27 10:45:01.109000 return data: last bar 2017-04-27 10:40:00 last processed bar 2017-04-27 10:35:00
VLY: Warning! 596 bars requested 31 bars returned.
start_idx [(17, Timestamp('2017-04-27 09:35:00'))]
start_ema 2017-04-27 10:35:00 data.dropna() feed returned insufficient data
now 2017-04-27 10:50:01.914000 return data: last bar 2017-04-27 10:45:00 last processed bar 2017-04-27 10:40:00
VLY: Warning! 596 bars requested 32 bars returned.
start_idx [(17, Timestamp('2017-04-27 09:35:00'))]
start_ema 2017-04-27 10:40:00 data.dropna() feed returned insufficient data
now 2017-04-27 10:55:00.548000 return data: last bar 2017-04-27 10:50:00 last processed bar 2017-04-27 10:45:00
VLY: Warning! 596 bars requested 33 bars returned.
start_idx [(17, Timestamp('2017-04-27 09:35:00'))]
start_ema 2017-04-27 10:45:00 data.dropna() feed returned insufficient data
now 2017-04-27 11:00:00.429000 return data: last bar 2017-04-27 10:55:00 last processed bar 2017-04-27 10:50:00
VLY: Warning! 596 bars requested 34 bars returned.
start_idx [(17, Timestamp('2017-04-27 09:35:00'))]
start_ema 2017-04-27 10:50:00 data.dropna() feed returned insufficient data
now 2017-04-27 11:05:00.265000 return data: last bar 2017-04-27 11:00:00 last processed bar 2017-04-27 10:55:00
VLY: Warning! 596 bars requested 35 bars returned.
start_idx [(17, Timestamp('2017-04-27 09:35:00'))]
start_ema 2017-04-27 10:55:00 data.dropna() feed returned insufficient data
now 2017-04-27 11:10:01.444000 return data: last bar 2017-04-27 11:10:00 last processed bar 2017-04-27 11:00:00
VLY: Warning! 596 bars requested 37 bars returned.
start_idx [(17, Timestamp('2017-04-27 09:35:00'))]
start_ema 2017-04-27 11:05:00 data.dropna() feed returned insufficient data
now 2017-04-27 11:15:01.484000 return None: last bar 2017-04-27 11:10:00 last processed bar 2017-04-27 11:10:00
VLY getFeed did not return any data! last bar: 2017-04-27 11:10:00 now: 11:15:02.305000
now 2017-04-27 11:20:03.220000 return data: last bar 2017-04-27 11:20:00 last processed bar 2017-04-27 11:10:00
VLY: Warning! 596 bars requested 39 bars returned.
start_idx [(17, Timestamp('2017-04-27 09:35:00'))]
start_ema 2017-04-27 11:15:00 data.dropna() feed returned insufficient data
now 2017-04-27 11:25:00.059000 return None: last bar 2017-04-27 11:20:00 last processed bar 2017-04-27 11:20:00
VLY getFeed did not return any data! last bar: 2017-04-27 11:20:00 now: 11:25:00.130000
now 2017-04-27 11:30:00.812000 return data: last bar 2017-04-27 11:25:00 last processed bar 2017-04-27 11:20:00
VLY: Warning! 596 bars requested 40 bars returned.
start_idx [(17, Timestamp('2017-04-27 09:35:00'))]
start_ema 2017-04-27 11:20:00 data.dropna() feed returned insufficient data
now 2017-04-27 11:35:00.266000 return data: last bar 2017-04-27 11:35:00 last processed bar 2017-04-27 11:25:00
VLY: Warning! 596 bars requested 42 bars returned.
start_idx [(17, Timestamp('2017-04-27 09:35:00'))]
start_ema 2017-04-27 11:30:00 data.dropna() feed returned insufficient data
now 2017-04-27 11:40:01.272000 return None: last bar 2017-04-27 11:35:00 last processed bar 2017-04-27 11:35:00
VLY getFeed did not return any data! last bar: 2017-04-27 11:35:00 now: 11:40:01.411000
now 2017-04-27 11:45:00.360000 return data: last bar 2017-04-27 11:40:00 last processed bar 2017-04-27 11:35:00
VLY: Warning! 596 bars requested 43 bars returned.
start_idx [(17, Timestamp('2017-04-27 09:35:00'))]
start_ema 2017-04-27 11:35:00 data.dropna() feed returned insufficient data
now 2017-04-27 11:50:01.220000 return data: last bar 2017-04-27 11:45:00 last processed bar 2017-04-27 11:40:00
VLY: Warning! 596 bars requested 44 bars returned.
start_idx [(17, Timestamp('2017-04-27 09:35:00'))]
start_ema 2017-04-27 11:40:00 data.dropna() feed returned insufficient data
now 2017-04-27 11:55:00.291000 return data: last bar 2017-04-27 11:50:00 last processed bar 2017-04-27 11:45:00
VLY: Warning! 596 bars requested 45 bars returned.
start_idx [(17, Timestamp('2017-04-27 09:35:00'))]
start_ema 2017-04-27 11:45:00 data.dropna() feed returned insufficient data
now 2017-04-27 12:00:01.490000 return data: last bar 2017-04-27 11:55:00 last processed bar 2017-04-27 11:50:00
VLY: Warning! 596 bars requested 46 bars returned.
start_idx [(17, Timestamp('2017-04-27 09:35:00'))]
start_ema 2017-04-27 11:50:00 data.dropna() feed returned insufficient data
now 2017-04-27 12:05:00.313000 return data: last bar 2017-04-27 12:00:00 last processed bar 2017-04-27 11:55:00
VLY: Warning! 596 bars requested 47 bars returned.
start_idx [(17, Timestamp('2017-04-27 09:35:00'))]
start_ema 2017-04-27 11:55:00 data.dropna() feed returned insufficient data
now 2017-04-27 12:10:00.398000 return data: last bar 2017-04-27 12:10:00 last processed bar 2017-04-27 12:00:00
VLY: Warning! 596 bars requested 49 bars returned.
start_idx [(17, Timestamp('2017-04-27 09:35:00'))]
start_ema 2017-04-27 12:05:00 data.dropna() feed returned insufficient data
now 2017-04-27 12:15:00.057000 return None: last bar 2017-04-27 12:10:00 last processed bar 2017-04-27 12:10:00
VLY getFeed did not return any data! last bar: 2017-04-27 12:10:00 now: 12:15:00.195000
now 2017-04-27 12:20:01.400000 return data: last bar 2017-04-27 12:20:00 last processed bar 2017-04-27 12:10:00
VLY: Warning! 596 bars requested 51 bars returned.
start_idx [(17, Timestamp('2017-04-27 09:35:00'))]
start_ema 2017-04-27 12:15:00 data.dropna() feed returned insufficient data
now 2017-04-27 12:25:01.325000 return data: last bar 2017-04-27 12:25:00 last processed bar 2017-04-27 12:20:00
VLY: Warning! 596 bars requested 52 bars returned.
start_idx [(17, Timestamp('2017-04-27 09:35:00'))]
start_ema 2017-04-27 12:20:00 data.dropna() feed returned insufficient data
now 2017-04-27 12:30:00.948000 return None: last bar 2017-04-27 12:25:00 last processed bar 2017-04-27 12:25:00
VLY getFeed did not return any data! last bar: 2017-04-27 12:25:00 now: 12:30:01.324000
now 2017-04-27 12:35:00.644000 return data: last bar 2017-04-27 12:30:00 last processed bar 2017-04-27 12:25:00
VLY: Warning! 596 bars requested 53 bars returned.
start_idx [(17, Timestamp('2017-04-27 09:35:00'))]
start_ema 2017-04-27 12:25:00 data.dropna() feed returned insufficient data
now 2017-04-27 12:40:00.158000 return data: last bar 2017-04-27 12:35:00 last processed bar 2017-04-27 12:30:00
VLY: Warning! 596 bars requested 54 bars returned.
start_idx [(17, Timestamp('2017-04-27 09:35:00'))]
start_ema 2017-04-27 12:30:00 data.dropna() feed returned insufficient data
now 2017-04-27 12:45:03.105000 return data: last bar 2017-04-27 12:45:00 last processed bar 2017-04-27 12:35:00
VLY: Warning! 596 bars requested 56 bars returned.
start_idx [(17, Timestamp('2017-04-27 09:35:00'))]
start_ema 2017-04-27 12:40:00 data.dropna() feed returned insufficient data
now 2017-04-27 12:50:01.170000 return None: last bar 2017-04-27 12:45:00 last processed bar 2017-04-27 12:45:00
VLY getFeed did not return any data! last bar: 2017-04-27 12:45:00 now: 12:50:01.716000
now 2017-04-27 12:55:00.900000 return data: last bar 2017-04-27 12:50:00 last processed bar 2017-04-27 12:45:00
VLY: Warning! 596 bars requested 57 bars returned.
start_idx [(17, Timestamp('2017-04-27 09:35:00'))]
start_ema 2017-04-27 12:45:00 data.dropna() feed returned insufficient data
now 2017-04-27 13:00:00.360000 return data: last bar 2017-04-27 12:55:00 last processed bar 2017-04-27 12:50:00
VLY: Warning! 596 bars requested 58 bars returned.
start_idx [(17, Timestamp('2017-04-27 09:35:00'))]
start_ema 2017-04-27 12:50:00 data.dropna() feed returned insufficient data
now 2017-04-27 13:05:01.144000 return data: last bar 2017-04-27 13:05:00 last processed bar 2017-04-27 12:55:00
VLY: Warning! 596 bars requested 60 bars returned.
start_idx [(17, Timestamp('2017-04-27 09:35:00'))]
start_ema 2017-04-27 13:00:00 data.dropna() feed returned insufficient data
now 2017-04-27 13:10:01.222000 return data: last bar 2017-04-27 13:10:00 last processed bar 2017-04-27 13:05:00
VLY: Warning! 596 bars requested 61 bars returned.
start_idx [(17, Timestamp('2017-04-27 09:35:00'))]
start_ema 2017-04-27 13:05:00 data.dropna() feed returned insufficient data
now 2017-04-27 13:15:01.618000 return data: last bar 2017-04-27 13:15:00 last processed bar 2017-04-27 13:10:00
VLY: Warning! 596 bars requested 62 bars returned.
start_idx [(17, Timestamp('2017-04-27 09:35:00'))]
start_ema 2017-04-27 13:10:00 data.dropna() feed returned insufficient data
now 2017-04-27 13:20:01.698000 return None: last bar 2017-04-27 13:15:00 last processed bar 2017-04-27 13:15:00
VLY getFeed did not return any data! last bar: 2017-04-27 13:15:00 now: 13:20:01.981000
now 2017-04-27 13:25:00.249000 return data: last bar 2017-04-27 13:25:00 last processed bar 2017-04-27 13:15:00
VLY: Warning! 596 bars requested 64 bars returned.
start_idx [(17, Timestamp('2017-04-27 09:35:00'))]
start_ema 2017-04-27 13:20:00 data.dropna() feed returned insufficient data
now 2017-04-27 13:30:00.594000 return data: last bar 2017-04-27 13:30:00 last processed bar 2017-04-27 13:25:00
VLY: Warning! 596 bars requested 65 bars returned.
start_idx [(17, Timestamp('2017-04-27 09:35:00'))]
start_ema 2017-04-27 13:25:00 data.dropna() feed returned insufficient data
now 2017-04-27 13:35:00.041000 return None: last bar 2017-04-27 13:30:00 last processed bar 2017-04-27 13:30:00
VLY getFeed did not return any data! last bar: 2017-04-27 13:30:00 now: 13:35:00.186000
now 2017-04-27 13:40:00.654000 return data: last bar 2017-04-27 13:35:00 last processed bar 2017-04-27 13:30:00
VLY: Warning! 596 bars requested 66 bars returned.
start_idx [(17, Timestamp('2017-04-27 09:35:00'))]
start_ema 2017-04-27 13:30:00 data.dropna() feed returned insufficient data
now 2017-04-27 13:45:02.494000 return data: last bar 2017-04-27 13:45:00 last processed bar 2017-04-27 13:35:00
VLY: Warning! 596 bars requested 68 bars returned.
start_idx [(17, Timestamp('2017-04-27 09:35:00'))]
start_ema 2017-04-27 13:40:00 data.dropna() feed returned insufficient data
now 2017-04-27 13:50:00.474000 return data: last bar 2017-04-27 13:50:00 last processed bar 2017-04-27 13:45:00
VLY: Warning! 596 bars requested 69 bars returned.
start_idx [(17, Timestamp('2017-04-27 09:35:00'))]
start_ema 2017-04-27 13:45:00 data.dropna() feed returned insufficient data
now 2017-04-27 13:55:00.024000 return None: last bar 2017-04-27 13:50:00 last processed bar 2017-04-27 13:50:00
VLY getFeed did not return any data! last bar: 2017-04-27 13:50:00 now: 13:55:00.342000
now 2017-04-27 14:00:01.733000 return data: last bar 2017-04-27 14:00:00 last processed bar 2017-04-27 13:50:00
VLY: Warning! 596 bars requested 71 bars returned.
start_idx [(17, Timestamp('2017-04-27 09:35:00'))]
start_ema 2017-04-27 13:55:00 data.dropna() feed returned insufficient data
now 2017-04-27 14:05:00.119000 return None: last bar 2017-04-27 14:00:00 last processed bar 2017-04-27 14:00:00
VLY getFeed did not return any data! last bar: 2017-04-27 14:00:00 now: 14:05:00.693000
now 2017-04-27 14:10:00.915000 return data: last bar 2017-04-27 14:10:00 last processed bar 2017-04-27 14:00:00
VLY: Warning! 596 bars requested 73 bars returned.
start_idx [(17, Timestamp('2017-04-27 09:35:00'))]
start_ema 2017-04-27 14:05:00 data.dropna() feed returned insufficient data
now 2017-04-27 14:15:00.137000 return data: last bar 2017-04-27 14:15:00 last processed bar 2017-04-27 14:10:00
VLY: Warning! 596 bars requested 74 bars returned.
start_idx [(17, Timestamp('2017-04-27 09:35:00'))]
start_ema 2017-04-27 14:10:00 data.dropna() feed returned insufficient data
now 2017-04-27 14:20:02.075000 return data: last bar 2017-04-27 14:20:00 last processed bar 2017-04-27 14:15:00
VLY: Warning! 596 bars requested 75 bars returned.
start_idx [(17, Timestamp('2017-04-27 09:35:00'))]
start_ema 2017-04-27 14:15:00 data.dropna() feed returned insufficient data
now 2017-04-27 14:25:03.279000 return data: last bar 2017-04-27 14:25:00 last processed bar 2017-04-27 14:20:00
VLY: Warning! 596 bars requested 76 bars returned.
start_idx [(17, Timestamp('2017-04-27 09:35:00'))]
start_ema 2017-04-27 14:20:00 data.dropna() feed returned insufficient data
now 2017-04-27 14:30:00.057000 return None: last bar 2017-04-27 14:25:00 last processed bar 2017-04-27 14:25:00
VLY getFeed did not return any data! last bar: 2017-04-27 14:25:00 now: 14:30:00.197000
now 2017-04-27 14:35:00.596000 return data: last bar 2017-04-27 14:30:00 last processed bar 2017-04-27 14:25:00
VLY: Warning! 596 bars requested 77 bars returned.
start_idx [(17, Timestamp('2017-04-27 09:35:00'))]
start_ema 2017-04-27 14:25:00 data.dropna() feed returned insufficient data
now 2017-04-27 14:40:00.912000 return data: last bar 2017-04-27 14:35:00 last processed bar 2017-04-27 14:30:00
VLY: Warning! 596 bars requested 78 bars returned.
start_idx [(17, Timestamp('2017-04-27 09:35:00'))]
start_ema 2017-04-27 14:30:00 data.dropna() feed returned insufficient data
now 2017-04-27 14:45:01.724000 return data: last bar 2017-04-27 14:45:00 last processed bar 2017-04-27 14:35:00
VLY: Warning! 596 bars requested 80 bars returned.
start_idx [(17, Timestamp('2017-04-27 09:35:00'))]
start_ema 2017-04-27 14:40:00 data.dropna() feed returned insufficient data
now 2017-04-27 14:50:01.299000 return None: last bar 2017-04-27 14:45:00 last processed bar 2017-04-27 14:45:00
VLY getFeed did not return any data! last bar: 2017-04-27 14:45:00 now: 14:50:01.712000
now 2017-04-27 14:55:00.345000 return data: last bar 2017-04-27 14:55:00 last processed bar 2017-04-27 14:45:00
VLY: Warning! 596 bars requested 82 bars returned.
start_idx [(17, Timestamp('2017-04-27 09:35:00'))]
start_ema 2017-04-27 14:50:00 data.dropna() feed returned insufficient data
now 2017-04-27 15:00:02.394000 return None: last bar 2017-04-27 14:55:00 last processed bar 2017-04-27 14:55:00
VLY getFeed did not return any data! last bar: 2017-04-27 14:55:00 now: 15:00:03.835000
now 2017-04-27 15:05:00.050000 return data: last bar 2017-04-27 15:00:00 last processed bar 2017-04-27 14:55:00
VLY: Warning! 596 bars requested 83 bars returned.
start_idx [(17, Timestamp('2017-04-27 09:35:00'))]
start_ema 2017-04-27 14:55:00 data.dropna() feed returned insufficient data
now 2017-04-27 15:10:04.249000 return data: last bar 2017-04-27 15:10:00 last processed bar 2017-04-27 15:00:00
VLY: Warning! 596 bars requested 85 bars returned.
start_idx [(17, Timestamp('2017-04-27 09:35:00'))]
start_ema 2017-04-27 15:05:00 data.dropna() feed returned insufficient data
now 2017-04-27 15:15:01.206000 return None: last bar 2017-04-27 15:10:00 last processed bar 2017-04-27 15:10:00
VLY getFeed did not return any data! last bar: 2017-04-27 15:10:00 now: 15:15:01.311000
now 2017-04-27 15:20:00.045000 return data: last bar 2017-04-27 15:15:00 last processed bar 2017-04-27 15:10:00
VLY: Warning! 596 bars requested 86 bars returned.
start_idx [(17, Timestamp('2017-04-27 09:35:00'))]
start_ema 2017-04-27 15:10:00 data.dropna() feed returned insufficient data
now 2017-04-27 15:25:00.255000 return data: last bar 2017-04-27 15:20:00 last processed bar 2017-04-27 15:15:00
VLY: Warning! 596 bars requested 87 bars returned.
start_idx [(17, Timestamp('2017-04-27 09:35:00'))]
start_ema 2017-04-27 15:15:00 data.dropna() feed returned insufficient data
now 2017-04-27 15:30:01.982000 return data: last bar 2017-04-27 15:30:00 last processed bar 2017-04-27 15:20:00
VLY: Warning! 596 bars requested 89 bars returned.
start_idx [(17, Timestamp('2017-04-27 09:35:00'))]
start_ema 2017-04-27 15:25:00 data.dropna() feed returned insufficient data
now 2017-04-27 15:35:00.221000 return data: last bar 2017-04-27 15:35:00 last processed bar 2017-04-27 15:30:00
VLY: Warning! 596 bars requested 90 bars returned.
start_idx [(17, Timestamp('2017-04-27 09:35:00'))]
start_ema 2017-04-27 15:30:00 data.dropna() feed returned insufficient data
now 2017-04-27 15:40:00.848000 return None: last bar 2017-04-27 15:35:00 last processed bar 2017-04-27 15:35:00
VLY getFeed did not return any data! last bar: 2017-04-27 15:35:00 now: 15:40:04.181000
now 2017-04-27 15:45:01.476000 return data: last bar 2017-04-27 15:40:00 last processed bar 2017-04-27 15:35:00
VLY: Warning! 596 bars requested 91 bars returned.
start_idx [(17, Timestamp('2017-04-27 09:35:00'))]
start_ema 2017-04-27 15:35:00 data.dropna() feed returned insufficient data
now 2017-04-27 15:50:00.537000 return data: last bar 2017-04-27 15:45:00 last processed bar 2017-04-27 15:40:00
VLY: Warning! 596 bars requested 92 bars returned.
start_idx [(17, Timestamp('2017-04-27 09:35:00'))]
start_ema 2017-04-27 15:40:00 data.dropna() feed returned insufficient data
now 2017-04-27 15:55:01.402000
