last bar 2017-03-13 09:35:00 last processed bar 1000-01-01 00:00:00
start_ema 2017-03-10 14:35:00 start_vwap 2017-03-13 09:35:00 last_bar 2017-03-13 09:35:00 ET:  0.2  minutes
Writing to ./data/VREX_livesignals_20170313_09_31_46.csv ./data/VREX_last.csv
now 2017-03-13 09:31:58.047000 last bar 2017-03-13 09:35:00 last processed bar 2017-03-13 09:35:00
new bar not ready
now 2017-03-13 09:35:00.180000 last bar 2017-03-13 09:35:00 last processed bar 2017-03-13 09:35:00
new bar not ready
now 2017-03-13 09:40:00.635000 last bar 2017-03-13 09:40:00 last processed bar 2017-03-13 09:35:00
start_ema 2017-03-10 14:35:00 start_vwap 2017-03-13 09:35:00 last_bar 2017-03-13 09:40:00 ET:  8.54  minutes
now 2017-03-13 09:45:00.406000 last bar 2017-03-13 09:45:00 last processed bar 2017-03-13 09:40:00
start_ema 2017-03-10 14:35:00 start_vwap 2017-03-13 09:35:00 last_bar 2017-03-13 09:45:00 ET:  13.48  minutes
now 2017-03-13 09:50:00.872000 last bar 2017-03-13 09:50:00 last processed bar 2017-03-13 09:45:00
start_ema 2017-03-10 14:35:00 start_vwap 2017-03-13 09:35:00 last_bar 2017-03-13 09:50:00 ET:  18.42  minutes
now 2017-03-13 09:55:00.119000 last bar 2017-03-13 09:55:00 last processed bar 2017-03-13 09:50:00
start_ema 2017-03-10 14:35:00 start_vwap 2017-03-13 09:35:00 last_bar 2017-03-13 09:55:00 ET:  23.38  minutes
now 2017-03-13 10:00:00.142000 last bar 2017-03-13 10:00:00 last processed bar 2017-03-13 09:55:00
start_ema 2017-03-10 14:35:00 start_vwap 2017-03-13 09:35:00 last_bar 2017-03-13 10:00:00 ET:  28.35  minutes
now 2017-03-13 10:05:00.385000 last bar 2017-03-13 10:05:00 last processed bar 2017-03-13 10:00:00
start_ema 2017-03-10 14:35:00 start_vwap 2017-03-13 09:35:00 last_bar 2017-03-13 10:05:00 ET:  33.39  minutes
now 2017-03-13 10:10:00.752000 last bar 2017-03-13 10:10:00 last processed bar 2017-03-13 10:05:00
start_ema 2017-03-10 14:35:00 start_vwap 2017-03-13 09:35:00 last_bar 2017-03-13 10:10:00 ET:  38.4  minutes
now 2017-03-13 10:15:00.019000 last bar 2017-03-13 10:15:00 last processed bar 2017-03-13 10:10:00
start_ema 2017-03-10 14:35:00 start_vwap 2017-03-13 09:35:00 last_bar 2017-03-13 10:15:00 ET:  43.36  minutes
now 2017-03-13 10:20:00.920000 last bar 2017-03-13 10:20:00 last processed bar 2017-03-13 10:15:00
start_ema 2017-03-10 14:35:00 start_vwap 2017-03-13 09:35:00 last_bar 2017-03-13 10:20:00 ET:  48.35  minutes
now 2017-03-13 10:25:00.288000 last bar 2017-03-13 10:30:00 last processed bar 2017-03-13 10:20:00
start_ema 2017-03-10 14:35:00 start_vwap 2017-03-13 09:35:00 last_bar 2017-03-13 10:30:00 ET:  53.39  minutes
now 2017-03-13 10:30:00.457000 last bar 2017-03-13 10:30:00 last processed bar 2017-03-13 10:30:00
new bar not ready
now 2017-03-13 10:35:00.047000 last bar 2017-03-13 10:40:00 last processed bar 2017-03-13 10:30:00
start_ema 2017-03-10 14:35:00 start_vwap 2017-03-13 09:35:00 last_bar 2017-03-13 10:40:00 ET:  63.28  minutes
now 2017-03-13 10:40:00.084000 last bar 2017-03-13 10:45:00 last processed bar 2017-03-13 10:40:00
start_ema 2017-03-10 14:35:00 start_vwap 2017-03-13 09:35:00 last_bar 2017-03-13 10:45:00 ET:  68.37  minutes
now 2017-03-13 10:45:00.581000 last bar 2017-03-13 10:45:00 last processed bar 2017-03-13 10:45:00
new bar not ready
now 2017-03-13 10:50:00.980000 last bar 2017-03-13 10:50:00 last processed bar 2017-03-13 10:45:00
start_ema 2017-03-10 14:35:00 start_vwap 2017-03-13 09:35:00 last_bar 2017-03-13 10:50:00 ET:  78.39  minutes
now 2017-03-13 10:55:00.256000 last bar 2017-03-13 11:00:00 last processed bar 2017-03-13 10:50:00
start_ema 2017-03-10 14:35:00 start_vwap 2017-03-13 09:35:00 last_bar 2017-03-13 11:00:00 ET:  83.37  minutes
now 2017-03-13 11:00:00.163000 last bar 2017-03-13 11:00:00 last processed bar 2017-03-13 11:00:00
new bar not ready
now 2017-03-13 11:05:00.432000 last bar 2017-03-13 11:05:00 last processed bar 2017-03-13 11:00:00
start_ema 2017-03-10 14:35:00 start_vwap 2017-03-13 09:35:00 last_bar 2017-03-13 11:05:00 ET:  93.37  minutes
now 2017-03-13 11:10:00.157000 last bar 2017-03-13 11:10:00 last processed bar 2017-03-13 11:05:00
start_ema 2017-03-10 14:35:00 start_vwap 2017-03-13 09:35:00 last_bar 2017-03-13 11:10:00 ET:  98.39  minutes
now 2017-03-13 11:15:00.444000 last bar 2017-03-13 11:20:00 last processed bar 2017-03-13 11:10:00
start_ema 2017-03-10 14:35:00 start_vwap 2017-03-13 09:35:00 last_bar 2017-03-13 11:20:00 ET:  103.38  minutes
now 2017-03-13 11:20:00.965000 last bar 2017-03-13 11:25:00 last processed bar 2017-03-13 11:20:00
start_ema 2017-03-10 14:35:00 start_vwap 2017-03-13 09:35:00 last_bar 2017-03-13 11:25:00 ET:  108.39  minutes
now 2017-03-13 11:25:00.307000 last bar 2017-03-13 11:25:00 last processed bar 2017-03-13 11:25:00
new bar not ready
now 2017-03-13 11:30:00.296000 last bar 2017-03-13 11:30:00 last processed bar 2017-03-13 11:25:00
start_ema 2017-03-10 14:35:00 start_vwap 2017-03-13 09:35:00 last_bar 2017-03-13 11:30:00 ET:  118.35  minutes
now 2017-03-13 11:35:00.934000 last bar 2017-03-13 11:35:00 last processed bar 2017-03-13 11:30:00
start_ema 2017-03-10 14:35:00 start_vwap 2017-03-13 09:35:00 last_bar 2017-03-13 11:35:00 ET:  123.38  minutes
now 2017-03-13 11:40:00.973000 last bar 2017-03-13 11:40:00 last processed bar 2017-03-13 11:35:00
start_ema 2017-03-10 14:35:00 start_vwap 2017-03-13 09:35:00 last_bar 2017-03-13 11:40:00 ET:  128.38  minutes
now 2017-03-13 11:45:00.201000 last bar 2017-03-13 11:45:00 last processed bar 2017-03-13 11:40:00
start_ema 2017-03-10 14:35:00 start_vwap 2017-03-13 09:35:00 last_bar 2017-03-13 11:45:00 ET:  133.39  minutes
now 2017-03-13 11:50:00.295000 last bar 2017-03-13 11:55:00 last processed bar 2017-03-13 11:45:00
start_ema 2017-03-10 14:35:00 start_vwap 2017-03-13 09:35:00 last_bar 2017-03-13 11:55:00 ET:  138.37  minutes
now 2017-03-13 11:55:00.264000 last bar 2017-03-13 11:55:00 last processed bar 2017-03-13 11:55:00
new bar not ready
now 2017-03-13 12:00:00.480000 last bar 2017-03-13 12:00:00 last processed bar 2017-03-13 11:55:00
start_ema 2017-03-10 14:35:00 start_vwap 2017-03-13 09:35:00 last_bar 2017-03-13 12:00:00 ET:  148.36  minutes
now 2017-03-13 12:05:00.773000 last bar 2017-03-13 12:10:00 last processed bar 2017-03-13 12:00:00
start_ema 2017-03-10 14:35:00 start_vwap 2017-03-13 09:35:00 last_bar 2017-03-13 12:10:00 ET:  153.38  minutes
now 2017-03-13 12:10:00.175000 last bar 2017-03-13 12:15:00 last processed bar 2017-03-13 12:10:00
start_ema 2017-03-10 14:35:00 start_vwap 2017-03-13 09:35:00 last_bar 2017-03-13 12:15:00 ET:  158.33  minutes
now 2017-03-13 12:15:00.050000 last bar 2017-03-13 12:15:00 last processed bar 2017-03-13 12:15:00
new bar not ready
now 2017-03-13 12:20:00.254000 last bar 2017-03-13 12:20:00 last processed bar 2017-03-13 12:15:00
start_ema 2017-03-10 14:35:00 start_vwap 2017-03-13 09:35:00 last_bar 2017-03-13 12:20:00 ET:  168.35  minutes
now 2017-03-13 12:25:00.992000 last bar 2017-03-13 12:25:00 last processed bar 2017-03-13 12:20:00
start_ema 2017-03-10 14:35:00 start_vwap 2017-03-13 09:35:00 last_bar 2017-03-13 12:25:00 ET:  173.37  minutes
now 2017-03-13 12:30:00.293000 last bar 2017-03-13 12:30:00 last processed bar 2017-03-13 12:25:00
start_ema 2017-03-10 14:35:00 start_vwap 2017-03-13 09:35:00 last_bar 2017-03-13 12:30:00 ET:  178.37  minutes
now 2017-03-13 12:35:00.343000 last bar 2017-03-13 12:35:00 last processed bar 2017-03-13 12:30:00
start_ema 2017-03-10 14:35:00 start_vwap 2017-03-13 09:35:00 last_bar 2017-03-13 12:35:00 ET:  183.29  minutes
now 2017-03-13 12:40:00.341000 last bar 2017-03-13 12:40:00 last processed bar 2017-03-13 12:35:00
start_ema 2017-03-10 14:35:00 start_vwap 2017-03-13 09:35:00 last_bar 2017-03-13 12:40:00 ET:  188.36  minutes
now 2017-03-13 12:45:00.724000 last bar 2017-03-13 12:50:00 last processed bar 2017-03-13 12:40:00
start_ema 2017-03-10 14:35:00 start_vwap 2017-03-13 09:35:00 last_bar 2017-03-13 12:50:00 ET:  193.36  minutes
now 2017-03-13 12:50:00.815000 last bar 2017-03-13 12:55:00 last processed bar 2017-03-13 12:50:00
start_ema 2017-03-10 14:35:00 start_vwap 2017-03-13 09:35:00 last_bar 2017-03-13 12:55:00 ET:  198.38  minutes
now 2017-03-13 12:55:00.852000 last bar 2017-03-13 12:55:00 last processed bar 2017-03-13 12:55:00
new bar not ready
now 2017-03-13 13:00:00.917000 last bar 2017-03-13 13:00:00 last processed bar 2017-03-13 12:55:00
start_ema 2017-03-10 14:35:00 start_vwap 2017-03-13 09:35:00 last_bar 2017-03-13 13:00:00 ET:  208.38  minutes
now 2017-03-13 13:05:00.806000 last bar 2017-03-13 13:05:00 last processed bar 2017-03-13 13:00:00
start_ema 2017-03-10 14:35:00 start_vwap 2017-03-13 09:35:00 last_bar 2017-03-13 13:05:00 ET:  213.38  minutes
now 2017-03-13 13:10:00.970000 last bar 2017-03-13 13:10:00 last processed bar 2017-03-13 13:05:00
start_ema 2017-03-10 14:35:00 start_vwap 2017-03-13 09:35:00 last_bar 2017-03-13 13:10:00 ET:  218.38  minutes
now 2017-03-13 13:15:00.086000 last bar 2017-03-13 13:15:00 last processed bar 2017-03-13 13:10:00
start_ema 2017-03-10 14:35:00 start_vwap 2017-03-13 09:35:00 last_bar 2017-03-13 13:15:00 ET:  223.37  minutes
now 2017-03-13 13:20:00.430000 last bar 2017-03-13 13:20:00 last processed bar 2017-03-13 13:15:00
start_ema 2017-03-10 14:35:00 start_vwap 2017-03-13 09:35:00 last_bar 2017-03-13 13:20:00 ET:  228.37  minutes
now 2017-03-13 13:25:00.500000 last bar 2017-03-13 13:25:00 last processed bar 2017-03-13 13:20:00
start_ema 2017-03-10 14:35:00 start_vwap 2017-03-13 09:35:00 last_bar 2017-03-13 13:25:00 ET:  233.38  minutes
now 2017-03-13 13:30:00.663000 last bar 2017-03-13 13:30:00 last processed bar 2017-03-13 13:25:00
start_ema 2017-03-10 14:35:00 start_vwap 2017-03-13 09:35:00 last_bar 2017-03-13 13:30:00 ET:  238.33  minutes
now 2017-03-13 13:35:00.874000 last bar 2017-03-13 13:35:00 last processed bar 2017-03-13 13:30:00
start_ema 2017-03-10 14:35:00 start_vwap 2017-03-13 09:35:00 last_bar 2017-03-13 13:35:00 ET:  243.37  minutes
now 2017-03-13 13:40:00.543000 last bar 2017-03-13 13:45:00 last processed bar 2017-03-13 13:35:00
start_ema 2017-03-10 14:35:00 start_vwap 2017-03-13 09:35:00 last_bar 2017-03-13 13:45:00 ET:  248.37  minutes
now 2017-03-13 13:45:00.071000 last bar 2017-03-13 13:45:00 last processed bar 2017-03-13 13:45:00
new bar not ready
now 2017-03-13 13:50:00.631000 last bar 2017-03-13 13:45:00 last processed bar 2017-03-13 13:45:00
new bar not ready
now 2017-03-13 13:55:00.752000 last bar 2017-03-13 13:55:00 last processed bar 2017-03-13 13:45:00
start_ema 2017-03-10 14:35:00 start_vwap 2017-03-13 09:35:00 last_bar 2017-03-13 13:55:00 ET:  263.38  minutes
now 2017-03-13 14:00:00.061000 last bar 2017-03-13 14:00:00 last processed bar 2017-03-13 13:55:00
start_ema 2017-03-10 14:35:00 start_vwap 2017-03-13 09:35:00 last_bar 2017-03-13 14:00:00 ET:  268.38  minutes
now 2017-03-13 14:05:00.922000 last bar 2017-03-13 14:05:00 last processed bar 2017-03-13 14:00:00
start_ema 2017-03-10 14:35:00 start_vwap 2017-03-13 09:35:00 last_bar 2017-03-13 14:05:00 ET:  273.35  minutes
now 2017-03-13 14:10:00.174000 last bar 2017-03-13 14:15:00 last processed bar 2017-03-13 14:05:00
start_ema 2017-03-10 14:35:00 start_vwap 2017-03-13 09:35:00 last_bar 2017-03-13 14:15:00 ET:  278.37  minutes
now 2017-03-13 14:15:00.484000 last bar 2017-03-13 14:15:00 last processed bar 2017-03-13 14:15:00
new bar not ready
now 2017-03-13 14:20:00.733000 last bar 2017-03-13 14:20:00 last processed bar 2017-03-13 14:15:00
start_ema 2017-03-10 14:35:00 start_vwap 2017-03-13 09:35:00 last_bar 2017-03-13 14:20:00 Transmitting {'symbol': 'VREX', 'typeofsymbol': 'stock', 'quant': 158}
Saved ./data/110064634/VREX.json
DEBUG:requests.packages.urllib3.connectionpool:Starting new HTTPS connection (1): collective2.com
DEBUG:requests.packages.urllib3.connectionpool:https://collective2.com:443 "POST /world/apiv3/setDesiredPositions HTTP/1.1" 200 None
{
   "ok" : "1",
   "response" : [
      {
         "underlying" : null,
         "symbol" : "TGTX",
         "putcall" : null,
         "strike" : null,
         "typeofsymbol" : "stock",
         "quant" : "429",
         "expir" : null
      },
      {
         "underlying" : null,
         "symbol" : "KERX",
         "putcall" : null,
         "strike" : null,
         "typeofsymbol" : "stock",
         "quant" : "907",
         "expir" : null
      },
      {
         "underlying" : null,
         "symbol" : "GSM",
         "putcall" : null,
         "strike" : null,
         "typeofsymbol" : "stock",
         "quant" : "487",
         "expir" : null
      },
      {
         "underlying" : null,
         "symbol" : "AMD",
         "putcall" : null,
         "strike" : null,
         "typeofsymbol" : "stock",
         "quant" : "348",
         "expir" : null
      },
      {
         "underlying" : null,
         "symbol" : "ZAGG",
         "putcall" : null,
         "strike" : null,
         "typeofsymbol" : "stock",
         "quant" : "714",
         "expir" : null
      },
      {
         "underlying" : null,
         "symbol" : "QBAK",
         "putcall" : null,
         "strike" : null,
         "typeofsymbol" : "stock",
         "quant" : "600",
         "expir" : null
      },
      {
         "underlying" : null,
         "symbol" : "IONS",
         "putcall" : null,
         "strike" : null,
         "typeofsymbol" : "stock",
         "quant" : "120",
         "expir" : null
      },
      {
         "underlying" : null,
         "symbol" : "ZFGN",
         "putcall" : null,
         "strike" : null,
         "typeofsymbol" : "stock",
         "quant" : "1146",
         "expir" : null
      },
      {
         "underlying" : null,
         "symbol" : "ENPH",
         "putcall" : null,
         "strike" : null,
         "typeofsymbol" : "stock",
         "quant" : "3937",
         "expir" : null
      },
      {
         "underlying" : null,
         "symbol" : "OAS",
         "putcall" : null,
         "strike" : null,
         "typeofsymbol" : "stock",
         "quant" : "378",
         "expir" : null
      },
      {
         "underlying" : null,
         "symbol" : "AAOI",
         "putcall" : null,
         "strike" : null,
         "typeofsymbol" : "stock",
         "quant" : "98",
         "expir" : null
      },
      {
         "underlying" : null,
         "symbol" : "ZUMZ",
         "putcall" : null,
         "strike" : null,
         "typeofsymbol" : "stock",
         "quant" : "280",
         "expir" : null
      },
      {
         "underlying" : null,
         "symbol" : "GPRE",
         "putcall" : null,
         "strike" : null,
         "typeofsymbol" : "stock",
         "quant" : "214",
         "expir" : null
      },
      {
         "underlying" : null,
         "symbol" : "ZGNX",
         "putcall" : null,
         "strike" : null,
         "typeofsymbol" : "stock",
         "quant" : "495",
         "expir" : null
      },
      {
         "underlying" : null,
         "symbol" : "CARA",
         "putcall" : null,
         "strike" : null,
         "typeofsymbol" : "stock",
         "quant" : "323",
         "expir" : null
      },
      {
         "underlying" : null,
         "symbol" : "CENX",
         "putcall" : null,
         "strike" : null,
         "typeofsymbol" : "stock",
         "quant" : "402",
         "expir" : null
      },
      {
         "underlying" : null,
         "symbol" : "REN",
         "putcall" : null,
         "strike" : null,
         "typeofsymbol" : "stock",
         "quant" : "137",
         "expir" : null
      },
      {
         "underlying" : null,
         "symbol" : "AKAO",
         "putcall" : null,
         "strike" : null,
         "typeofsymbol" : "stock",
         "quant" : "182",
         "expir" : null
      },
      {
         "underlying" : null,
         "symbol" : "FTK",
         "putcall" : null,
         "strike" : null,
         "typeofsymbol" : "stock",
         "quant" : "412",
         "expir" : null
      },
      {
         "underlying" : null,
         "symbol" : "CARB",
         "putcall" : null,
         "strike" : null,
         "typeofsymbol" : "stock",
         "quant" : "247",
         "expir" : null
      },
      {
         "underlying" : null,
         "symbol" : "VREX",
         "putcall" : null,
         "strike" : null,
         "typeofsymbol" : "stock",
         "quant" : "158",
         "expir" : null
      },
      {
         "underlying" : null,
         "symbol" : "EYEG",
         "putcall" : null,
         "strike" : null,
         "typeofsymbol" : "stock",
         "quant" : "1872",
         "expir" : null
      },
      {
         "underlying" : null,
         "symbol" : "CAR",
         "putcall" : null,
         "strike" : null,
         "typeofsymbol" : "stock",
         "quant" : "151",
         "expir" : null
      },
      {
         "underlying" : null,
         "symbol" : "AEZS",
         "putcall" : null,
         "strike" : null,
         "typeofsymbol" : "stock",
         "quant" : "1597",
         "expir" : null
      },
      {
         "underlying" : null,
         "symbol" : "WTI",
         "putcall" : null,
         "strike" : null,
         "typeofsymbol" : "stock",
         "quant" : "1851",
         "expir" : null
      },
      {
         "underlying" : null,
         "symbol" : "TROX",
         "putcall" : null,
         "strike" : null,
         "typeofsymbol" : "stock",
         "quant" : "312",
         "expir" : null
      },
      {
         "underlying" : null,
         "symbol" : "SWM",
         "putcall" : null,
         "strike" : null,
         "typeofsymbol" : "stock",
         "quant" : "123",
         "expir" : null
      },
      {
         "underlying" : null,
         "symbol" : "NVDA",
         "putcall" : null,
         "strike" : null,
         "typeofsymbol" : "stock",
         "quant" : "49",
         "expir" : null
      },
      {
         "underlying" : null,
         "symbol" : "PANW",
         "putcall" : null,
         "strike" : null,
         "typeofsymbol" : "stock",
         "quant" : "42",
         "expir" : null
      },
      {
         "underlying" : null,
         "symbol" : "TELL",
         "putcall" : null,
         "strike" : null,
         "typeofsymbol" : "stock",
         "quant" : "469",
         "expir" : null
      },
      {
         "underlying" : null,
         "symbol" : "X",
         "putcall" : null,
         "strike" : null,
         "typeofsymbol" : "stock",
         "quant" : "140",
         "expir" : null
      },
      {
         "underlying" : null,
         "symbol" : "SRPT",
         "putcall" : null,
         "strike" : null,
         "typeofsymbol" : "stock",
         "quant" : "157",
         "expir" : null
      },
      {
         "underlying" : null,
         "symbol" : "ANET",
         "putcall" : null,
         "strike" : null,
         "typeofsymbol" : "stock",
         "quant" : "39",
         "expir" : null
      },
      {
         "underlying" : null,
         "symbol" : "GRUB",
         "putcall" : null,
         "strike" : null,
         "typeofsymbol" : "stock",
         "quant" : "145",
         "expir" : null
      },
      {
         "underlying" : null,
         "symbol" : "FSLR",
         "putcall" : null,
         "strike" : null,
         "typeofsymbol" : "stock",
         "quant" : "155",
         "expir" : null
      },
      {
         "underlying" : null,
         "symbol" : "AUPH",
         "putcall" : null,
         "strike" : null,
         "typeofsymbol" : "stock",
         "quant" : "1",
         "expir" : null
      },
      {
         "underlying" : null,
         "symbol" : "TTPH",
         "putcall" : null,
         "strike" : null,
         "typeofsymbol" : "stock",
         "quant" : "646",
         "expir" : null
      },
      {
         "underlying" : null,
         "symbol" : "WB",
         "putcall" : null,
         "strike" : null,
         "typeofsymbol" : "stock",
         "quant" : "102",
         "expir" : null
      },
      {
         "underlying" : null,
         "symbol" : "AVXL",
         "putcall" : null,
         "strike" : null,
         "typeofsymbol" : "stock",
         "quant" : "868",
         "expir" : null
      },
      {
         "underlying" : null,
         "symbol" : "CLF",
         "putcall" : null,
         "strike" : null,
         "typeofsymbol" : "stock",
         "quant" : "558",
         "expir" : null
      },
      {
         "underlying" : null,
         "symbol" : "KITE",
         "putcall" : null,
         "strike" : null,
         "typeofsymbol" : "stock",
         "quant" : "59",
         "expir" : null
      },
      {
         "underlying" : null,
         "symbol" : "SHLD",
         "putcall" : null,
         "strike" : null,
         "typeofsymbol" : "stock",
         "quant" : "528",
         "expir" : null
      }
   ]
}

sent signal to broker
ET:  288.39  minutes
now 2017-03-13 14:25:00.308000 last bar 2017-03-13 14:25:00 last processed bar 2017-03-13 14:20:00
start_ema 2017-03-10 14:35:00 start_vwap 2017-03-13 09:35:00 last_bar 2017-03-13 14:25:00 ET:  293.36  minutes
now 2017-03-13 14:30:00.810000 last bar 2017-03-13 14:30:00 last processed bar 2017-03-13 14:25:00
start_ema 2017-03-10 14:35:00 start_vwap 2017-03-13 09:35:00 last_bar 2017-03-13 14:30:00 ET:  298.38  minutes
now 2017-03-13 14:35:00.759000 last bar 2017-03-13 14:35:00 last processed bar 2017-03-13 14:30:00
start_ema 2017-03-10 14:35:00 start_vwap 2017-03-13 09:35:00 last_bar 2017-03-13 14:35:00 ET:  303.35  minutes
now 2017-03-13 14:40:00.210000 last bar 2017-03-13 14:40:00 last processed bar 2017-03-13 14:35:00
start_ema 2017-03-10 14:35:00 start_vwap 2017-03-13 09:35:00 last_bar 2017-03-13 14:40:00 ET:  308.37  minutes
now 2017-03-13 14:45:00.544000 last bar 2017-03-13 14:45:00 last processed bar 2017-03-13 14:40:00
start_ema 2017-03-10 14:35:00 start_vwap 2017-03-13 09:35:00 last_bar 2017-03-13 14:45:00 ET:  313.33  minutes
now 2017-03-13 14:50:00.779000 last bar 2017-03-13 14:50:00 last processed bar 2017-03-13 14:45:00
start_ema 2017-03-10 14:35:00 start_vwap 2017-03-13 09:35:00 last_bar 2017-03-13 14:50:00 ET:  318.36  minutes
now 2017-03-13 14:55:00.948000 last bar 2017-03-13 14:55:00 last processed bar 2017-03-13 14:50:00
start_ema 2017-03-10 14:35:00 start_vwap 2017-03-13 09:35:00 last_bar 2017-03-13 14:55:00 ET:  323.33  minutes
now 2017-03-13 15:00:00.994000 last bar 2017-03-13 15:00:00 last processed bar 2017-03-13 14:55:00
start_ema 2017-03-10 14:35:00 start_vwap 2017-03-13 09:35:00 last_bar 2017-03-13 15:00:00 ET:  328.38  minutes
now 2017-03-13 15:05:00.622000 last bar 2017-03-13 15:05:00 last processed bar 2017-03-13 15:00:00
start_ema 2017-03-10 14:35:00 start_vwap 2017-03-13 09:35:00 last_bar 2017-03-13 15:05:00 Transmitting {'symbol': 'VREX', 'typeofsymbol': 'stock', 'quant': 157}
Saved ./data/110064634/VREX.json
DEBUG:requests.packages.urllib3.connectionpool:Starting new HTTPS connection (1): collective2.com
DEBUG:requests.packages.urllib3.connectionpool:https://collective2.com:443 "POST /world/apiv3/setDesiredPositions HTTP/1.1" 200 None
{
   "ok" : "1",
   "response" : [
      {
         "underlying" : null,
         "symbol" : "TGTX",
         "putcall" : null,
         "strike" : null,
         "typeofsymbol" : "stock",
         "quant" : "429",
         "expir" : null
      },
      {
         "underlying" : null,
         "symbol" : "KERX",
         "putcall" : null,
         "strike" : null,
         "typeofsymbol" : "stock",
         "quant" : "902",
         "expir" : null
      },
      {
         "underlying" : null,
         "symbol" : "GSM",
         "putcall" : null,
         "strike" : null,
         "typeofsymbol" : "stock",
         "quant" : "485",
         "expir" : null
      },
      {
         "underlying" : null,
         "symbol" : "AMD",
         "putcall" : null,
         "strike" : null,
         "typeofsymbol" : "stock",
         "quant" : "348",
         "expir" : null
      },
      {
         "underlying" : null,
         "symbol" : "ZAGG",
         "putcall" : null,
         "strike" : null,
         "typeofsymbol" : "stock",
         "quant" : "714",
         "expir" : null
      },
      {
         "underlying" : null,
         "symbol" : "QBAK",
         "putcall" : null,
         "strike" : null,
         "typeofsymbol" : "stock",
         "quant" : "604",
         "expir" : null
      },
      {
         "underlying" : null,
         "symbol" : "IONS",
         "putcall" : null,
         "strike" : null,
         "typeofsymbol" : "stock",
         "quant" : "119",
         "expir" : null
      },
      {
         "underlying" : null,
         "symbol" : "ZFGN",
         "putcall" : null,
         "strike" : null,
         "typeofsymbol" : "stock",
         "quant" : "1152",
         "expir" : null
      },
      {
         "underlying" : null,
         "symbol" : "ENPH",
         "putcall" : null,
         "strike" : null,
         "typeofsymbol" : "stock",
         "quant" : "4079",
         "expir" : null
      },
      {
         "underlying" : null,
         "symbol" : "OAS",
         "putcall" : null,
         "strike" : null,
         "typeofsymbol" : "stock",
         "quant" : "378",
         "expir" : null
      },
      {
         "underlying" : null,
         "symbol" : "AAOI",
         "putcall" : null,
         "strike" : null,
         "typeofsymbol" : "stock",
         "quant" : "98",
         "expir" : null
      },
      {
         "underlying" : null,
         "symbol" : "ZUMZ",
         "putcall" : null,
         "strike" : null,
         "typeofsymbol" : "stock",
         "quant" : "279",
         "expir" : null
      },
      {
         "underlying" : null,
         "symbol" : "GPRE",
         "putcall" : null,
         "strike" : null,
         "typeofsymbol" : "stock",
         "quant" : "214",
         "expir" : null
      },
      {
         "underlying" : null,
         "symbol" : "ZGNX",
         "putcall" : null,
         "strike" : null,
         "typeofsymbol" : "stock",
         "quant" : "496",
         "expir" : null
      },
      {
         "underlying" : null,
         "symbol" : "CARA",
         "putcall" : null,
         "strike" : null,
         "typeofsymbol" : "stock",
         "quant" : "325",
         "expir" : null
      },
      {
         "underlying" : null,
         "symbol" : "CENX",
         "putcall" : null,
         "strike" : null,
         "typeofsymbol" : "stock",
         "quant" : "400",
         "expir" : null
      },
      {
         "underlying" : null,
         "symbol" : "REN",
         "putcall" : null,
         "strike" : null,
         "typeofsymbol" : "stock",
         "quant" : "138",
         "expir" : null
      },
      {
         "underlying" : null,
         "symbol" : "AKAO",
         "putcall" : null,
         "strike" : null,
         "typeofsymbol" : "stock",
         "quant" : "182",
         "expir" : null
      },
      {
         "underlying" : null,
         "symbol" : "FTK",
         "putcall" : null,
         "strike" : null,
         "typeofsymbol" : "stock",
         "quant" : "412",
         "expir" : null
      },
      {
         "underlying" : null,
         "symbol" : "CARB",
         "putcall" : null,
         "strike" : null,
         "typeofsymbol" : "stock",
         "quant" : "247",
         "expir" : null
      },
      {
         "underlying" : null,
         "symbol" : "VREX",
         "putcall" : null,
         "strike" : null,
         "typeofsymbol" : "stock",
         "quant" : "157",
         "expir" : null
      },
      {
         "underlying" : null,
         "symbol" : "EYEG",
         "putcall" : null,
         "strike" : null,
         "typeofsymbol" : "stock",
         "quant" : "1851",
         "expir" : null
      },
      {
         "underlying" : null,
         "symbol" : "CAR",
         "putcall" : null,
         "strike" : null,
         "typeofsymbol" : "stock",
         "quant" : "151",
         "expir" : null
      },
      {
         "underlying" : null,
         "symbol" : "AEZS",
         "putcall" : null,
         "strike" : null,
         "typeofsymbol" : "stock",
         "quant" : "1597",
         "expir" : null
      },
      {
         "underlying" : null,
         "symbol" : "WTI",
         "putcall" : null,
         "strike" : null,
         "typeofsymbol" : "stock",
         "quant" : "1865",
         "expir" : null
      },
      {
         "underlying" : null,
         "symbol" : "TROX",
         "putcall" : null,
         "strike" : null,
         "typeofsymbol" : "stock",
         "quant" : "311",
         "expir" : null
      },
      {
         "underlying" : null,
         "symbol" : "SWM",
         "putcall" : null,
         "strike" : null,
         "typeofsymbol" : "stock",
         "quant" : "123",
         "expir" : null
      },
      {
         "underlying" : null,
         "symbol" : "NVDA",
         "putcall" : null,
         "strike" : null,
         "typeofsymbol" : "stock",
         "quant" : "49",
         "expir" : null
      },
      {
         "underlying" : null,
         "symbol" : "PANW",
         "putcall" : null,
         "strike" : null,
         "typeofsymbol" : "stock",
         "quant" : "42",
         "expir" : null
      },
      {
         "underlying" : null,
         "symbol" : "TELL",
         "putcall" : null,
         "strike" : null,
         "typeofsymbol" : "stock",
         "quant" : "469",
         "expir" : null
      },
      {
         "underlying" : null,
         "symbol" : "X",
         "putcall" : null,
         "strike" : null,
         "typeofsymbol" : "stock",
         "quant" : "140",
         "expir" : null
      },
      {
         "underlying" : null,
         "symbol" : "SRPT",
         "putcall" : null,
         "strike" : null,
         "typeofsymbol" : "stock",
         "quant" : "157",
         "expir" : null
      },
      {
         "underlying" : null,
         "symbol" : "ANET",
         "putcall" : null,
         "strike" : null,
         "typeofsymbol" : "stock",
         "quant" : "39",
         "expir" : null
      },
      {
         "underlying" : null,
         "symbol" : "GRUB",
         "putcall" : null,
         "strike" : null,
         "typeofsymbol" : "stock",
         "quant" : "145",
         "expir" : null
      },
      {
         "underlying" : null,
         "symbol" : "FSLR",
         "putcall" : null,
         "strike" : null,
         "typeofsymbol" : "stock",
         "quant" : "155",
         "expir" : null
      },
      {
         "underlying" : null,
         "symbol" : "AUPH",
         "putcall" : null,
         "strike" : null,
         "typeofsymbol" : "stock",
         "quant" : "1",
         "expir" : null
      },
      {
         "underlying" : null,
         "symbol" : "TTPH",
         "putcall" : null,
         "strike" : null,
         "typeofsymbol" : "stock",
         "quant" : "645",
         "expir" : null
      },
      {
         "underlying" : null,
         "symbol" : "WB",
         "putcall" : null,
         "strike" : null,
         "typeofsymbol" : "stock",
         "quant" : "102",
         "expir" : null
      },
      {
         "underlying" : null,
         "symbol" : "AVXL",
         "putcall" : null,
         "strike" : null,
         "typeofsymbol" : "stock",
         "quant" : "865",
         "expir" : null
      },
      {
         "underlying" : null,
         "symbol" : "CLF",
         "putcall" : null,
         "strike" : null,
         "typeofsymbol" : "stock",
         "quant" : "556",
         "expir" : null
      },
      {
         "underlying" : null,
         "symbol" : "KITE",
         "putcall" : null,
         "strike" : null,
         "typeofsymbol" : "stock",
         "quant" : "59",
         "expir" : null
      },
      {
         "underlying" : null,
         "symbol" : "SHLD",
         "putcall" : null,
         "strike" : null,
         "typeofsymbol" : "stock",
         "quant" : "528",
         "expir" : null
      }
   ]
}

sent signal to broker
ET:  333.35  minutes
now 2017-03-13 15:10:00.222000 last bar 2017-03-13 15:15:00 last processed bar 2017-03-13 15:05:00
start_ema 2017-03-10 14:35:00 start_vwap 2017-03-13 09:35:00 last_bar 2017-03-13 15:15:00 ET:  338.37  minutes
now 2017-03-13 15:15:00.342000 last bar 2017-03-13 15:15:00 last processed bar 2017-03-13 15:15:00
new bar not ready
now 2017-03-13 15:20:00.421000 last bar 2017-03-13 15:20:00 last processed bar 2017-03-13 15:15:00
start_ema 2017-03-10 14:35:00 start_vwap 2017-03-13 09:35:00 last_bar 2017-03-13 15:20:00 ET:  348.37  minutes
now 2017-03-13 15:25:00.343000 last bar 2017-03-13 15:25:00 last processed bar 2017-03-13 15:20:00
start_ema 2017-03-10 14:35:00 start_vwap 2017-03-13 09:35:00 last_bar 2017-03-13 15:25:00 ET:  353.35  minutes
now 2017-03-13 15:30:00.363000 last bar 2017-03-13 15:30:00 last processed bar 2017-03-13 15:25:00
start_ema 2017-03-10 14:35:00 start_vwap 2017-03-13 09:35:00 last_bar 2017-03-13 15:30:00 ET:  358.36  minutes
now 2017-03-13 15:35:00.977000 last bar 2017-03-13 15:35:00 last processed bar 2017-03-13 15:30:00
start_ema 2017-03-10 14:35:00 start_vwap 2017-03-13 09:35:00 last_bar 2017-03-13 15:35:00 ET:  363.38  minutes
now 2017-03-13 15:40:00.809000 last bar 2017-03-13 15:40:00 last processed bar 2017-03-13 15:35:00
start_ema 2017-03-10 14:35:00 start_vwap 2017-03-13 09:35:00 last_bar 2017-03-13 15:40:00 ET:  368.37  minutes
now 2017-03-13 15:45:00.361000 last bar 2017-03-13 15:45:00 last processed bar 2017-03-13 15:40:00
start_ema 2017-03-10 14:35:00 start_vwap 2017-03-13 09:35:00 last_bar 2017-03-13 15:45:00 ET:  373.37  minutes
now 2017-03-13 15:50:00.276000 last bar 2017-03-13 15:55:00 last processed bar 2017-03-13 15:45:00
start_ema 2017-03-10 14:35:00 start_vwap 2017-03-13 09:35:00 last_bar 2017-03-13 15:55:00 ET:  378.34  minutes
now 2017-03-13 15:55:00.548000
