last bar 2017-03-13 09:35:00 last processed bar 1000-01-01 00:00:00
start_ema 2017-03-10 14:50:00 start_vwap 2017-03-13 09:35:00 last_bar 2017-03-13 09:35:00 ET:  0.16  minutes
Writing to ./data/WB_livesignals_20170313_09_31_46.csv ./data/WB_last.csv
now 2017-03-13 09:31:56.078000 last bar 2017-03-13 09:35:00 last processed bar 2017-03-13 09:35:00
new bar not ready
now 2017-03-13 09:35:00.004000 last bar 2017-03-13 09:40:00 last processed bar 2017-03-13 09:35:00
start_ema 2017-03-10 14:50:00 start_vwap 2017-03-13 09:35:00 last_bar 2017-03-13 09:40:00 ET:  3.45  minutes
now 2017-03-13 09:40:00.328000 last bar 2017-03-13 09:40:00 last processed bar 2017-03-13 09:40:00
new bar not ready
now 2017-03-13 09:45:00.307000 last bar 2017-03-13 09:45:00 last processed bar 2017-03-13 09:40:00
start_ema 2017-03-10 14:50:00 start_vwap 2017-03-13 09:35:00 last_bar 2017-03-13 09:45:00 Transmitting {'symbol': 'WB', 'typeofsymbol': 'stock', 'quant': 103}
Saved ./data/110064634/WB.json
DEBUG:requests.packages.urllib3.connectionpool:Starting new HTTPS connection (1): collective2.com
DEBUG:requests.packages.urllib3.connectionpool:https://collective2.com:443 "POST /world/apiv3/setDesiredPositions HTTP/1.1" 200 None
{
   "ok" : "1",
   "response" : [
      {
         "underlying" : null,
         "symbol" : "FTK",
         "putcall" : null,
         "strike" : null,
         "typeofsymbol" : "stock",
         "quant" : "412",
         "expir" : null
      },
      {
         "underlying" : null,
         "symbol" : "AKAO",
         "putcall" : null,
         "strike" : null,
         "typeofsymbol" : "stock",
         "quant" : "182",
         "expir" : null
      },
      {
         "underlying" : null,
         "symbol" : "CAR",
         "putcall" : null,
         "strike" : null,
         "typeofsymbol" : "stock",
         "quant" : "150",
         "expir" : null
      },
      {
         "underlying" : null,
         "symbol" : "AEZS",
         "putcall" : null,
         "strike" : null,
         "typeofsymbol" : "stock",
         "quant" : "1597",
         "expir" : null
      },
      {
         "underlying" : null,
         "symbol" : "GSM",
         "putcall" : null,
         "strike" : null,
         "typeofsymbol" : "stock",
         "quant" : "485",
         "expir" : null
      },
      {
         "underlying" : null,
         "symbol" : "ZAGG",
         "putcall" : null,
         "strike" : null,
         "typeofsymbol" : "stock",
         "quant" : "714",
         "expir" : null
      },
      {
         "underlying" : null,
         "symbol" : "SWM",
         "putcall" : null,
         "strike" : null,
         "typeofsymbol" : "stock",
         "quant" : "122",
         "expir" : null
      },
      {
         "underlying" : null,
         "symbol" : "NVDA",
         "putcall" : null,
         "strike" : null,
         "typeofsymbol" : "stock",
         "quant" : "49",
         "expir" : null
      },
      {
         "underlying" : null,
         "symbol" : "TELL",
         "putcall" : null,
         "strike" : null,
         "typeofsymbol" : "stock",
         "quant" : "456",
         "expir" : null
      },
      {
         "underlying" : null,
         "symbol" : "OAS",
         "putcall" : null,
         "strike" : null,
         "typeofsymbol" : "stock",
         "quant" : "381",
         "expir" : null
      },
      {
         "underlying" : null,
         "symbol" : "FSLR",
         "putcall" : null,
         "strike" : null,
         "typeofsymbol" : "stock",
         "quant" : "154",
         "expir" : null
      },
      {
         "underlying" : null,
         "symbol" : "AUPH",
         "putcall" : null,
         "strike" : null,
         "typeofsymbol" : "stock",
         "quant" : "1",
         "expir" : null
      },
      {
         "underlying" : null,
         "symbol" : "GPRE",
         "putcall" : null,
         "strike" : null,
         "typeofsymbol" : "stock",
         "quant" : "214",
         "expir" : null
      },
      {
         "underlying" : null,
         "symbol" : "TTPH",
         "putcall" : null,
         "strike" : null,
         "typeofsymbol" : "stock",
         "quant" : "699",
         "expir" : null
      },
      {
         "underlying" : null,
         "symbol" : "WB",
         "putcall" : null,
         "strike" : null,
         "typeofsymbol" : "stock",
         "quant" : "103",
         "expir" : null
      },
      {
         "underlying" : null,
         "symbol" : "CENX",
         "putcall" : null,
         "strike" : null,
         "typeofsymbol" : "stock",
         "quant" : "398",
         "expir" : null
      },
      {
         "underlying" : null,
         "symbol" : "KITE",
         "putcall" : null,
         "strike" : null,
         "typeofsymbol" : "stock",
         "quant" : "59",
         "expir" : null
      },
      {
         "underlying" : null,
         "symbol" : "SHLD",
         "putcall" : null,
         "strike" : null,
         "typeofsymbol" : "stock",
         "quant" : "528",
         "expir" : null
      }
   ]
}

sent signal to broker
ET:  13.43  minutes
now 2017-03-13 09:50:00.179000 last bar 2017-03-13 09:50:00 last processed bar 2017-03-13 09:45:00
start_ema 2017-03-10 14:50:00 start_vwap 2017-03-13 09:35:00 last_bar 2017-03-13 09:50:00 Transmitting {'symbol': 'WB', 'typeofsymbol': 'stock', 'quant': 102}
Saved ./data/110064634/WB.json
DEBUG:requests.packages.urllib3.connectionpool:Starting new HTTPS connection (1): collective2.com
DEBUG:requests.packages.urllib3.connectionpool:https://collective2.com:443 "POST /world/apiv3/setDesiredPositions HTTP/1.1" 200 None
{
   "ok" : "1",
   "response" : [
      {
         "underlying" : null,
         "symbol" : "TGTX",
         "putcall" : null,
         "strike" : null,
         "typeofsymbol" : "stock",
         "quant" : "429",
         "expir" : null
      },
      {
         "underlying" : null,
         "symbol" : "FTK",
         "putcall" : null,
         "strike" : null,
         "typeofsymbol" : "stock",
         "quant" : "412",
         "expir" : null
      },
      {
         "underlying" : null,
         "symbol" : "AKAO",
         "putcall" : null,
         "strike" : null,
         "typeofsymbol" : "stock",
         "quant" : "182",
         "expir" : null
      },
      {
         "underlying" : null,
         "symbol" : "CAR",
         "putcall" : null,
         "strike" : null,
         "typeofsymbol" : "stock",
         "quant" : "150",
         "expir" : null
      },
      {
         "underlying" : null,
         "symbol" : "AEZS",
         "putcall" : null,
         "strike" : null,
         "typeofsymbol" : "stock",
         "quant" : "1597",
         "expir" : null
      },
      {
         "underlying" : null,
         "symbol" : "GSM",
         "putcall" : null,
         "strike" : null,
         "typeofsymbol" : "stock",
         "quant" : "490",
         "expir" : null
      },
      {
         "underlying" : null,
         "symbol" : "ZAGG",
         "putcall" : null,
         "strike" : null,
         "typeofsymbol" : "stock",
         "quant" : "714",
         "expir" : null
      },
      {
         "underlying" : null,
         "symbol" : "SWM",
         "putcall" : null,
         "strike" : null,
         "typeofsymbol" : "stock",
         "quant" : "122",
         "expir" : null
      },
      {
         "underlying" : null,
         "symbol" : "TELL",
         "putcall" : null,
         "strike" : null,
         "typeofsymbol" : "stock",
         "quant" : "472",
         "expir" : null
      },
      {
         "underlying" : null,
         "symbol" : "NVDA",
         "putcall" : null,
         "strike" : null,
         "typeofsymbol" : "stock",
         "quant" : "49",
         "expir" : null
      },
      {
         "underlying" : null,
         "symbol" : "X",
         "putcall" : null,
         "strike" : null,
         "typeofsymbol" : "stock",
         "quant" : "138",
         "expir" : null
      },
      {
         "underlying" : null,
         "symbol" : "OAS",
         "putcall" : null,
         "strike" : null,
         "typeofsymbol" : "stock",
         "quant" : "379",
         "expir" : null
      },
      {
         "underlying" : null,
         "symbol" : "ANET",
         "putcall" : null,
         "strike" : null,
         "typeofsymbol" : "stock",
         "quant" : "39",
         "expir" : null
      },
      {
         "underlying" : null,
         "symbol" : "FSLR",
         "putcall" : null,
         "strike" : null,
         "typeofsymbol" : "stock",
         "quant" : "154",
         "expir" : null
      },
      {
         "underlying" : null,
         "symbol" : "AUPH",
         "putcall" : null,
         "strike" : null,
         "typeofsymbol" : "stock",
         "quant" : "1",
         "expir" : null
      },
      {
         "underlying" : null,
         "symbol" : "GPRE",
         "putcall" : null,
         "strike" : null,
         "typeofsymbol" : "stock",
         "quant" : "214",
         "expir" : null
      },
      {
         "underlying" : null,
         "symbol" : "TTPH",
         "putcall" : null,
         "strike" : null,
         "typeofsymbol" : "stock",
         "quant" : "704",
         "expir" : null
      },
      {
         "underlying" : null,
         "symbol" : "WB",
         "putcall" : null,
         "strike" : null,
         "typeofsymbol" : "stock",
         "quant" : "102",
         "expir" : null
      },
      {
         "underlying" : null,
         "symbol" : "AVXL",
         "putcall" : null,
         "strike" : null,
         "typeofsymbol" : "stock",
         "quant" : "928",
         "expir" : null
      },
      {
         "underlying" : null,
         "symbol" : "CLF",
         "putcall" : null,
         "strike" : null,
         "typeofsymbol" : "stock",
         "quant" : "549",
         "expir" : null
      },
      {
         "underlying" : null,
         "symbol" : "CENX",
         "putcall" : null,
         "strike" : null,
         "typeofsymbol" : "stock",
         "quant" : "398",
         "expir" : null
      },
      {
         "underlying" : null,
         "symbol" : "KITE",
         "putcall" : null,
         "strike" : null,
         "typeofsymbol" : "stock",
         "quant" : "59",
         "expir" : null
      },
      {
         "underlying" : null,
         "symbol" : "SHLD",
         "putcall" : null,
         "strike" : null,
         "typeofsymbol" : "stock",
         "quant" : "528",
         "expir" : null
      }
   ]
}

sent signal to broker
ET:  18.38  minutes
now 2017-03-13 09:55:00.904000
