return data: last bar 2017-04-27 09:35:00 last processed bar 1000-01-01 00:00:00
WEN: Warning! 596 bars requested 20 bars returned.
start_idx [(19, Timestamp('2017-04-27 09:35:00'))]
start_ema 2017-04-27 08:00:00 start_vwap 2017-04-27 09:35:00 last_bar 2017-04-27 09:35:00 ET:  0.04  minutes
now 2017-04-27 09:45:00.530000 return None: last bar 2017-04-27 09:35:00 last processed bar 2017-04-27 09:35:00
WEN getFeed did not return any data! last bar: 2017-04-27 09:35:00 now: 09:45:00.574000
now 2017-04-27 09:50:00.221000 return data: last bar 2017-04-27 09:40:00 last processed bar 2017-04-27 09:35:00
WEN: Warning! 596 bars requested 21 bars returned.
start_idx [(19, Timestamp('2017-04-27 09:35:00'))]
start_ema 2017-04-27 08:00:00 start_vwap 2017-04-27 09:35:00 last_bar 2017-04-27 09:40:00 Writing to ./data/WEN_livesignals_20170427_09_40_45.csv ./data/WEN_last.csv
ET:  0.07  minutes
now 2017-04-27 09:55:00.142000 return data: last bar 2017-04-27 09:45:00 last processed bar 2017-04-27 09:40:00
WEN: Warning! 596 bars requested 22 bars returned.
start_idx [(19, Timestamp('2017-04-27 09:35:00'))]
start_ema 2017-04-27 08:00:00 start_vwap 2017-04-27 09:35:00 last_bar 2017-04-27 09:45:00 Writing to ./data/WEN_livesignals_20170427_09_40_45.csv ./data/WEN_last.csv
ET:  0.05  minutes
now 2017-04-27 10:00:00.142000 return data: last bar 2017-04-27 09:50:00 last processed bar 2017-04-27 09:45:00
WEN: Warning! 596 bars requested 23 bars returned.
start_idx [(19, Timestamp('2017-04-27 09:35:00'))]
start_ema 2017-04-27 08:00:00 start_vwap 2017-04-27 09:35:00 last_bar 2017-04-27 09:50:00 Writing to ./data/WEN_livesignals_20170427_09_40_45.csv ./data/WEN_last.csv
ET:  0.07  minutes
now 2017-04-27 10:05:00.585000 return data: last bar 2017-04-27 09:55:00 last processed bar 2017-04-27 09:50:00
WEN: Warning! 596 bars requested 24 bars returned.
start_idx [(19, Timestamp('2017-04-27 09:35:00'))]
start_ema 2017-04-27 08:00:00 start_vwap 2017-04-27 09:35:00 last_bar 2017-04-27 09:55:00 Writing to ./data/WEN_livesignals_20170427_09_40_45.csv ./data/WEN_last.csv
ET:  0.06  minutes
now 2017-04-27 10:10:00.404000 return data: last bar 2017-04-27 10:00:00 last processed bar 2017-04-27 09:55:00
WEN: Warning! 596 bars requested 25 bars returned.
start_idx [(19, Timestamp('2017-04-27 09:35:00'))]
start_ema 2017-04-27 08:00:00 start_vwap 2017-04-27 09:35:00 last_bar 2017-04-27 10:00:00 Writing to ./data/WEN_livesignals_20170427_09_40_45.csv ./data/WEN_last.csv
ET:  0.05  minutes
now 2017-04-27 10:15:02.026000 return data: last bar 2017-04-27 10:10:00 last processed bar 2017-04-27 10:00:00
WEN: Warning! 596 bars requested 27 bars returned.
start_idx [(19, Timestamp('2017-04-27 09:35:00'))]
start_ema 2017-04-27 08:00:00 start_vwap 2017-04-27 09:35:00 last_bar 2017-04-27 10:10:00 Writing to ./data/WEN_livesignals_20170427_09_40_45.csv ./data/WEN_last.csv
ET:  0.06  minutes
now 2017-04-27 10:20:00.531000 return data: last bar 2017-04-27 10:15:00 last processed bar 2017-04-27 10:10:00
WEN: Warning! 596 bars requested 28 bars returned.
start_idx [(19, Timestamp('2017-04-27 09:35:00'))]
start_ema 2017-04-27 08:00:00 start_vwap 2017-04-27 09:35:00 last_bar 2017-04-27 10:15:00 Writing to ./data/WEN_livesignals_20170427_09_40_45.csv ./data/WEN_last.csv
ET:  0.09  minutes
now 2017-04-27 10:25:04.035000 return data: last bar 2017-04-27 10:20:00 last processed bar 2017-04-27 10:15:00
WEN: Warning! 596 bars requested 29 bars returned.
start_idx [(19, Timestamp('2017-04-27 09:35:00'))]
start_ema 2017-04-27 08:00:00 start_vwap 2017-04-27 09:35:00 last_bar 2017-04-27 10:20:00 Writing to ./data/WEN_livesignals_20170427_09_40_45.csv ./data/WEN_last.csv
ET:  0.06  minutes
now 2017-04-27 10:30:01.629000 return data: last bar 2017-04-27 10:25:00 last processed bar 2017-04-27 10:20:00
WEN: Warning! 596 bars requested 30 bars returned.
start_idx [(19, Timestamp('2017-04-27 09:35:00'))]
start_ema 2017-04-27 08:00:00 start_vwap 2017-04-27 09:35:00 last_bar 2017-04-27 10:25:00 Writing to ./data/WEN_livesignals_20170427_09_40_45.csv ./data/WEN_last.csv
ET:  0.06  minutes
now 2017-04-27 10:35:00.437000 return data: last bar 2017-04-27 10:30:00 last processed bar 2017-04-27 10:25:00
WEN: Warning! 596 bars requested 31 bars returned.
start_idx [(19, Timestamp('2017-04-27 09:35:00'))]
start_ema 2017-04-27 08:00:00 start_vwap 2017-04-27 09:35:00 last_bar 2017-04-27 10:30:00 Writing to ./data/WEN_livesignals_20170427_09_40_45.csv ./data/WEN_last.csv
ET:  0.1  minutes
now 2017-04-27 10:40:02.358000 return data: last bar 2017-04-27 10:35:00 last processed bar 2017-04-27 10:30:00
WEN: Warning! 596 bars requested 32 bars returned.
start_idx [(19, Timestamp('2017-04-27 09:35:00'))]
start_ema 2017-04-27 08:00:00 start_vwap 2017-04-27 09:35:00 last_bar 2017-04-27 10:35:00 Writing to ./data/WEN_livesignals_20170427_09_40_45.csv ./data/WEN_last.csv
ET:  0.06  minutes
now 2017-04-27 10:45:01.557000 return data: last bar 2017-04-27 10:40:00 last processed bar 2017-04-27 10:35:00
WEN: Warning! 596 bars requested 33 bars returned.
start_idx [(19, Timestamp('2017-04-27 09:35:00'))]
start_ema 2017-04-27 08:00:00 start_vwap 2017-04-27 09:35:00 last_bar 2017-04-27 10:40:00 Writing to ./data/WEN_livesignals_20170427_09_40_45.csv ./data/WEN_last.csv
ET:  0.1  minutes
now 2017-04-27 10:50:01.827000 return data: last bar 2017-04-27 10:45:00 last processed bar 2017-04-27 10:40:00
WEN: Warning! 596 bars requested 34 bars returned.
start_idx [(19, Timestamp('2017-04-27 09:35:00'))]
start_ema 2017-04-27 08:00:00 start_vwap 2017-04-27 09:35:00 last_bar 2017-04-27 10:45:00 Writing to ./data/WEN_livesignals_20170427_09_40_45.csv ./data/WEN_last.csv
ET:  0.1  minutes
now 2017-04-27 10:55:01.052000 return data: last bar 2017-04-27 10:50:00 last processed bar 2017-04-27 10:45:00
WEN: Warning! 596 bars requested 35 bars returned.
start_idx [(19, Timestamp('2017-04-27 09:35:00'))]
start_ema 2017-04-27 08:00:00 start_vwap 2017-04-27 09:35:00 last_bar 2017-04-27 10:50:00 Writing to ./data/WEN_livesignals_20170427_09_40_45.csv ./data/WEN_last.csv
ET:  0.11  minutes
now 2017-04-27 11:00:02.894000 return data: last bar 2017-04-27 10:55:00 last processed bar 2017-04-27 10:50:00
WEN: Warning! 596 bars requested 36 bars returned.
start_idx [(19, Timestamp('2017-04-27 09:35:00'))]
start_ema 2017-04-27 08:00:00 start_vwap 2017-04-27 09:35:00 last_bar 2017-04-27 10:55:00 Writing to ./data/WEN_livesignals_20170427_09_40_45.csv ./data/WEN_last.csv
ET:  0.08  minutes
now 2017-04-27 11:05:03.499000 return data: last bar 2017-04-27 11:00:00 last processed bar 2017-04-27 10:55:00
WEN: Warning! 596 bars requested 37 bars returned.
start_idx [(19, Timestamp('2017-04-27 09:35:00'))]
start_ema 2017-04-27 08:00:00 start_vwap 2017-04-27 09:35:00 last_bar 2017-04-27 11:00:00 Writing to ./data/WEN_livesignals_20170427_09_40_45.csv ./data/WEN_last.csv
ET:  0.06  minutes
now 2017-04-27 11:10:01.695000 return data: last bar 2017-04-27 11:05:00 last processed bar 2017-04-27 11:00:00
WEN: Warning! 596 bars requested 38 bars returned.
start_idx [(19, Timestamp('2017-04-27 09:35:00'))]
start_ema 2017-04-27 08:00:00 start_vwap 2017-04-27 09:35:00 last_bar 2017-04-27 11:05:00 Writing to ./data/WEN_livesignals_20170427_09_40_45.csv ./data/WEN_last.csv
ET:  0.11  minutes
now 2017-04-27 11:15:01.992000 return data: last bar 2017-04-27 11:10:00 last processed bar 2017-04-27 11:05:00
WEN: Warning! 596 bars requested 39 bars returned.
start_idx [(19, Timestamp('2017-04-27 09:35:00'))]
start_ema 2017-04-27 08:00:00 start_vwap 2017-04-27 09:35:00 last_bar 2017-04-27 11:10:00 Writing to ./data/WEN_livesignals_20170427_09_40_45.csv ./data/WEN_last.csv
ET:  0.08  minutes
now 2017-04-27 11:20:01.524000 return data: last bar 2017-04-27 11:15:00 last processed bar 2017-04-27 11:10:00
WEN: Warning! 596 bars requested 40 bars returned.
start_idx [(19, Timestamp('2017-04-27 09:35:00'))]
start_ema 2017-04-27 08:00:00 start_vwap 2017-04-27 09:35:00 last_bar 2017-04-27 11:15:00 Writing to ./data/WEN_livesignals_20170427_09_40_45.csv ./data/WEN_last.csv
ET:  0.1  minutes
now 2017-04-27 11:25:00.362000 return data: last bar 2017-04-27 11:20:00 last processed bar 2017-04-27 11:15:00
WEN: Warning! 596 bars requested 41 bars returned.
start_idx [(19, Timestamp('2017-04-27 09:35:00'))]
start_ema 2017-04-27 08:00:00 start_vwap 2017-04-27 09:35:00 last_bar 2017-04-27 11:20:00 Writing to ./data/WEN_livesignals_20170427_09_40_45.csv ./data/WEN_last.csv
ET:  0.13  minutes
now 2017-04-27 11:30:03.643000 return data: last bar 2017-04-27 11:25:00 last processed bar 2017-04-27 11:20:00
WEN: Warning! 596 bars requested 42 bars returned.
start_idx [(19, Timestamp('2017-04-27 09:35:00'))]
start_ema 2017-04-27 08:00:00 start_vwap 2017-04-27 09:35:00 last_bar 2017-04-27 11:25:00 Writing to ./data/WEN_livesignals_20170427_09_40_45.csv ./data/WEN_last.csv
ET:  0.09  minutes
now 2017-04-27 11:35:00.005000 return data: last bar 2017-04-27 11:30:00 last processed bar 2017-04-27 11:25:00
WEN: Warning! 596 bars requested 43 bars returned.
start_idx [(19, Timestamp('2017-04-27 09:35:00'))]
start_ema 2017-04-27 08:00:00 start_vwap 2017-04-27 09:35:00 last_bar 2017-04-27 11:30:00 Writing to ./data/WEN_livesignals_20170427_09_40_45.csv ./data/WEN_last.csv
ET:  0.06  minutes
now 2017-04-27 11:40:02.539000 return data: last bar 2017-04-27 11:35:00 last processed bar 2017-04-27 11:30:00
WEN: Warning! 596 bars requested 44 bars returned.
start_idx [(19, Timestamp('2017-04-27 09:35:00'))]
start_ema 2017-04-27 08:00:00 start_vwap 2017-04-27 09:35:00 last_bar 2017-04-27 11:35:00 Writing to ./data/WEN_livesignals_20170427_09_40_45.csv ./data/WEN_last.csv
ET:  0.06  minutes
now 2017-04-27 11:45:00.328000 return data: last bar 2017-04-27 11:40:00 last processed bar 2017-04-27 11:35:00
WEN: Warning! 596 bars requested 45 bars returned.
start_idx [(19, Timestamp('2017-04-27 09:35:00'))]
start_ema 2017-04-27 08:00:00 start_vwap 2017-04-27 09:35:00 last_bar 2017-04-27 11:40:00 Writing to ./data/WEN_livesignals_20170427_09_40_45.csv ./data/WEN_last.csv
ET:  0.1  minutes
now 2017-04-27 11:50:00.248000 return data: last bar 2017-04-27 11:45:00 last processed bar 2017-04-27 11:40:00
WEN: Warning! 596 bars requested 46 bars returned.
start_idx [(19, Timestamp('2017-04-27 09:35:00'))]
start_ema 2017-04-27 08:00:00 start_vwap 2017-04-27 09:35:00 last_bar 2017-04-27 11:45:00 Writing to ./data/WEN_livesignals_20170427_09_40_45.csv ./data/WEN_last.csv
ET:  0.07  minutes
now 2017-04-27 11:55:00.323000 return data: last bar 2017-04-27 11:50:00 last processed bar 2017-04-27 11:45:00
WEN: Warning! 596 bars requested 47 bars returned.
start_idx [(19, Timestamp('2017-04-27 09:35:00'))]
start_ema 2017-04-27 08:00:00 start_vwap 2017-04-27 09:35:00 last_bar 2017-04-27 11:50:00 Writing to ./data/WEN_livesignals_20170427_09_40_45.csv ./data/WEN_last.csv
ET:  0.1  minutes
now 2017-04-27 12:00:00.626000 return data: last bar 2017-04-27 11:55:00 last processed bar 2017-04-27 11:50:00
WEN: Warning! 596 bars requested 48 bars returned.
start_idx [(19, Timestamp('2017-04-27 09:35:00'))]
start_ema 2017-04-27 08:00:00 start_vwap 2017-04-27 09:35:00 last_bar 2017-04-27 11:55:00 Writing to ./data/WEN_livesignals_20170427_09_40_45.csv ./data/WEN_last.csv
ET:  0.08  minutes
now 2017-04-27 12:05:00.593000 return data: last bar 2017-04-27 12:00:00 last processed bar 2017-04-27 11:55:00
WEN: Warning! 596 bars requested 49 bars returned.
start_idx [(19, Timestamp('2017-04-27 09:35:00'))]
start_ema 2017-04-27 08:00:00 start_vwap 2017-04-27 09:35:00 last_bar 2017-04-27 12:00:00 Writing to ./data/WEN_livesignals_20170427_09_40_45.csv ./data/WEN_last.csv
ET:  0.06  minutes
now 2017-04-27 12:10:02.241000 return data: last bar 2017-04-27 12:05:00 last processed bar 2017-04-27 12:00:00
WEN: Warning! 596 bars requested 50 bars returned.
start_idx [(19, Timestamp('2017-04-27 09:35:00'))]
start_ema 2017-04-27 08:00:00 start_vwap 2017-04-27 09:35:00 last_bar 2017-04-27 12:05:00 Writing to ./data/WEN_livesignals_20170427_09_40_45.csv ./data/WEN_last.csv
ET:  0.07  minutes
now 2017-04-27 12:15:00.491000 return data: last bar 2017-04-27 12:10:00 last processed bar 2017-04-27 12:05:00
WEN: Warning! 596 bars requested 51 bars returned.
start_idx [(19, Timestamp('2017-04-27 09:35:00'))]
start_ema 2017-04-27 08:00:00 start_vwap 2017-04-27 09:35:00 last_bar 2017-04-27 12:10:00 Writing to ./data/WEN_livesignals_20170427_09_40_45.csv ./data/WEN_last.csv
ET:  0.07  minutes
now 2017-04-27 12:20:00.821000 return data: last bar 2017-04-27 12:15:00 last processed bar 2017-04-27 12:10:00
WEN: Warning! 596 bars requested 52 bars returned.
start_idx [(19, Timestamp('2017-04-27 09:35:00'))]
start_ema 2017-04-27 08:00:00 start_vwap 2017-04-27 09:35:00 last_bar 2017-04-27 12:15:00 Writing to ./data/WEN_livesignals_20170427_09_40_45.csv ./data/WEN_last.csv
ET:  0.1  minutes
now 2017-04-27 12:25:00.939000 return data: last bar 2017-04-27 12:20:00 last processed bar 2017-04-27 12:15:00
WEN: Warning! 596 bars requested 53 bars returned.
start_idx [(19, Timestamp('2017-04-27 09:35:00'))]
start_ema 2017-04-27 08:00:00 start_vwap 2017-04-27 09:35:00 last_bar 2017-04-27 12:20:00 Writing to ./data/WEN_livesignals_20170427_09_40_45.csv ./data/WEN_last.csv
ET:  0.08  minutes
now 2017-04-27 12:30:00.920000 return data: last bar 2017-04-27 12:25:00 last processed bar 2017-04-27 12:20:00
WEN: Warning! 596 bars requested 54 bars returned.
start_idx [(19, Timestamp('2017-04-27 09:35:00'))]
start_ema 2017-04-27 08:00:00 start_vwap 2017-04-27 09:35:00 last_bar 2017-04-27 12:25:00 Writing to ./data/WEN_livesignals_20170427_09_40_45.csv ./data/WEN_last.csv
ET:  0.09  minutes
now 2017-04-27 12:35:00.362000 return data: last bar 2017-04-27 12:30:00 last processed bar 2017-04-27 12:25:00
WEN: Warning! 596 bars requested 55 bars returned.
start_idx [(19, Timestamp('2017-04-27 09:35:00'))]
start_ema 2017-04-27 08:00:00 start_vwap 2017-04-27 09:35:00 last_bar 2017-04-27 12:30:00 Writing to ./data/WEN_livesignals_20170427_09_40_45.csv ./data/WEN_last.csv
ET:  0.08  minutes
now 2017-04-27 12:40:00.830000 return data: last bar 2017-04-27 12:35:00 last processed bar 2017-04-27 12:30:00
WEN: Warning! 596 bars requested 56 bars returned.
start_idx [(19, Timestamp('2017-04-27 09:35:00'))]
start_ema 2017-04-27 08:00:00 start_vwap 2017-04-27 09:35:00 last_bar 2017-04-27 12:35:00 Writing to ./data/WEN_livesignals_20170427_09_40_45.csv ./data/WEN_last.csv
ET:  0.09  minutes
now 2017-04-27 12:45:00.323000 return data: last bar 2017-04-27 12:40:00 last processed bar 2017-04-27 12:35:00
WEN: Warning! 596 bars requested 57 bars returned.
start_idx [(19, Timestamp('2017-04-27 09:35:00'))]
start_ema 2017-04-27 08:00:00 start_vwap 2017-04-27 09:35:00 last_bar 2017-04-27 12:40:00 Writing to ./data/WEN_livesignals_20170427_09_40_45.csv ./data/WEN_last.csv
ET:  0.08  minutes
now 2017-04-27 12:50:00.304000 return data: last bar 2017-04-27 12:45:00 last processed bar 2017-04-27 12:40:00
WEN: Warning! 596 bars requested 58 bars returned.
start_idx [(19, Timestamp('2017-04-27 09:35:00'))]
start_ema 2017-04-27 08:00:00 start_vwap 2017-04-27 09:35:00 last_bar 2017-04-27 12:45:00 Writing to ./data/WEN_livesignals_20170427_09_40_45.csv ./data/WEN_last.csv
ET:  0.08  minutes
now 2017-04-27 12:55:01.028000 return data: last bar 2017-04-27 12:50:00 last processed bar 2017-04-27 12:45:00
WEN: Warning! 596 bars requested 59 bars returned.
start_idx [(19, Timestamp('2017-04-27 09:35:00'))]
start_ema 2017-04-27 08:00:00 start_vwap 2017-04-27 09:35:00 last_bar 2017-04-27 12:50:00 Writing to ./data/WEN_livesignals_20170427_09_40_45.csv ./data/WEN_last.csv
ET:  0.1  minutes
now 2017-04-27 13:00:00.777000 return data: last bar 2017-04-27 12:55:00 last processed bar 2017-04-27 12:50:00
WEN: Warning! 596 bars requested 60 bars returned.
start_idx [(19, Timestamp('2017-04-27 09:35:00'))]
start_ema 2017-04-27 08:00:00 start_vwap 2017-04-27 09:35:00 last_bar 2017-04-27 12:55:00 Writing to ./data/WEN_livesignals_20170427_09_40_45.csv ./data/WEN_last.csv
ET:  0.1  minutes
now 2017-04-27 13:05:01.078000 return data: last bar 2017-04-27 13:00:00 last processed bar 2017-04-27 12:55:00
WEN: Warning! 596 bars requested 61 bars returned.
start_idx [(19, Timestamp('2017-04-27 09:35:00'))]
start_ema 2017-04-27 08:00:00 start_vwap 2017-04-27 09:35:00 last_bar 2017-04-27 13:00:00 Writing to ./data/WEN_livesignals_20170427_09_40_45.csv ./data/WEN_last.csv
ET:  0.08  minutes
now 2017-04-27 13:10:00.939000 return data: last bar 2017-04-27 13:05:00 last processed bar 2017-04-27 13:00:00
WEN: Warning! 596 bars requested 62 bars returned.
start_idx [(19, Timestamp('2017-04-27 09:35:00'))]
start_ema 2017-04-27 08:00:00 start_vwap 2017-04-27 09:35:00 last_bar 2017-04-27 13:05:00 Writing to ./data/WEN_livesignals_20170427_09_40_45.csv ./data/WEN_last.csv
ET:  0.07  minutes
now 2017-04-27 13:15:02.308000 return data: last bar 2017-04-27 13:10:00 last processed bar 2017-04-27 13:05:00
WEN: Warning! 596 bars requested 63 bars returned.
start_idx [(19, Timestamp('2017-04-27 09:35:00'))]
start_ema 2017-04-27 08:00:00 start_vwap 2017-04-27 09:35:00 last_bar 2017-04-27 13:10:00 Writing to ./data/WEN_livesignals_20170427_09_40_45.csv ./data/WEN_last.csv
ET:  0.07  minutes
now 2017-04-27 13:20:00.766000 return data: last bar 2017-04-27 13:15:00 last processed bar 2017-04-27 13:10:00
WEN: Warning! 596 bars requested 64 bars returned.
start_idx [(19, Timestamp('2017-04-27 09:35:00'))]
start_ema 2017-04-27 08:00:00 start_vwap 2017-04-27 09:35:00 last_bar 2017-04-27 13:15:00 Writing to ./data/WEN_livesignals_20170427_09_40_45.csv ./data/WEN_last.csv
ET:  0.08  minutes
now 2017-04-27 13:25:02.435000 return data: last bar 2017-04-27 13:25:00 last processed bar 2017-04-27 13:15:00
WEN: Warning! 596 bars requested 66 bars returned.
start_idx [(19, Timestamp('2017-04-27 09:35:00'))]
start_ema 2017-04-27 08:00:00 start_vwap 2017-04-27 09:35:00 last_bar 2017-04-27 13:25:00 Writing to ./data/WEN_livesignals_20170427_09_40_45.csv ./data/WEN_last.csv
ET:  0.07  minutes
now 2017-04-27 13:30:00.684000 return None: last bar 2017-04-27 13:25:00 last processed bar 2017-04-27 13:25:00
WEN getFeed did not return any data! last bar: 2017-04-27 13:25:00 now: 13:30:01.616000
now 2017-04-27 13:35:00.546000 return data: last bar 2017-04-27 13:30:00 last processed bar 2017-04-27 13:25:00
WEN: Warning! 596 bars requested 67 bars returned.
start_idx [(19, Timestamp('2017-04-27 09:35:00'))]
start_ema 2017-04-27 08:00:00 start_vwap 2017-04-27 09:35:00 last_bar 2017-04-27 13:30:00 Writing to ./data/WEN_livesignals_20170427_09_40_45.csv ./data/WEN_last.csv
ET:  0.08  minutes
now 2017-04-27 13:40:02.362000 return data: last bar 2017-04-27 13:35:00 last processed bar 2017-04-27 13:30:00
WEN: Warning! 596 bars requested 68 bars returned.
start_idx [(19, Timestamp('2017-04-27 09:35:00'))]
start_ema 2017-04-27 08:00:00 start_vwap 2017-04-27 09:35:00 last_bar 2017-04-27 13:35:00 Writing to ./data/WEN_livesignals_20170427_09_40_45.csv ./data/WEN_last.csv
ET:  0.09  minutes
now 2017-04-27 13:45:01.933000 return data: last bar 2017-04-27 13:40:00 last processed bar 2017-04-27 13:35:00
WEN: Warning! 596 bars requested 69 bars returned.
start_idx [(19, Timestamp('2017-04-27 09:35:00'))]
start_ema 2017-04-27 08:00:00 start_vwap 2017-04-27 09:35:00 last_bar 2017-04-27 13:40:00 Writing to ./data/WEN_livesignals_20170427_09_40_45.csv ./data/WEN_last.csv
ET:  0.08  minutes
now 2017-04-27 13:50:00.789000 return data: last bar 2017-04-27 13:45:00 last processed bar 2017-04-27 13:40:00
WEN: Warning! 596 bars requested 70 bars returned.
start_idx [(19, Timestamp('2017-04-27 09:35:00'))]
start_ema 2017-04-27 08:00:00 start_vwap 2017-04-27 09:35:00 last_bar 2017-04-27 13:45:00 Writing to ./data/WEN_livesignals_20170427_09_40_45.csv ./data/WEN_last.csv
ET:  0.07  minutes
now 2017-04-27 13:55:03.582000 return data: last bar 2017-04-27 13:50:00 last processed bar 2017-04-27 13:45:00
WEN: Warning! 596 bars requested 71 bars returned.
start_idx [(19, Timestamp('2017-04-27 09:35:00'))]
start_ema 2017-04-27 08:00:00 start_vwap 2017-04-27 09:35:00 last_bar 2017-04-27 13:50:00 Writing to ./data/WEN_livesignals_20170427_09_40_45.csv ./data/WEN_last.csv
ET:  0.05  minutes
now 2017-04-27 14:00:02.754000 return data: last bar 2017-04-27 13:55:00 last processed bar 2017-04-27 13:50:00
WEN: Warning! 596 bars requested 72 bars returned.
start_idx [(19, Timestamp('2017-04-27 09:35:00'))]
start_ema 2017-04-27 08:00:00 start_vwap 2017-04-27 09:35:00 last_bar 2017-04-27 13:55:00 Writing to ./data/WEN_livesignals_20170427_09_40_45.csv ./data/WEN_last.csv
ET:  0.05  minutes
now 2017-04-27 14:05:02.387000 return data: last bar 2017-04-27 14:00:00 last processed bar 2017-04-27 13:55:00
WEN: Warning! 596 bars requested 73 bars returned.
start_idx [(19, Timestamp('2017-04-27 09:35:00'))]
start_ema 2017-04-27 08:00:00 start_vwap 2017-04-27 09:35:00 last_bar 2017-04-27 14:00:00 Writing to ./data/WEN_livesignals_20170427_09_40_45.csv ./data/WEN_last.csv
ET:  0.05  minutes
now 2017-04-27 14:10:00.195000 return data: last bar 2017-04-27 14:05:00 last processed bar 2017-04-27 14:00:00
WEN: Warning! 596 bars requested 74 bars returned.
start_idx [(19, Timestamp('2017-04-27 09:35:00'))]
start_ema 2017-04-27 08:00:00 start_vwap 2017-04-27 09:35:00 last_bar 2017-04-27 14:05:00 Writing to ./data/WEN_livesignals_20170427_09_40_45.csv ./data/WEN_last.csv
ET:  0.09  minutes
now 2017-04-27 14:15:00.712000 return data: last bar 2017-04-27 14:10:00 last processed bar 2017-04-27 14:05:00
WEN: Warning! 596 bars requested 75 bars returned.
start_idx [(19, Timestamp('2017-04-27 09:35:00'))]
start_ema 2017-04-27 08:00:00 start_vwap 2017-04-27 09:35:00 last_bar 2017-04-27 14:10:00 Writing to ./data/WEN_livesignals_20170427_09_40_45.csv ./data/WEN_last.csv
ET:  0.1  minutes
now 2017-04-27 14:20:01.489000 return data: last bar 2017-04-27 14:15:00 last processed bar 2017-04-27 14:10:00
WEN: Warning! 596 bars requested 76 bars returned.
start_idx [(19, Timestamp('2017-04-27 09:35:00'))]
start_ema 2017-04-27 08:00:00 start_vwap 2017-04-27 09:35:00 last_bar 2017-04-27 14:15:00 Writing to ./data/WEN_livesignals_20170427_09_40_45.csv ./data/WEN_last.csv
ET:  0.07  minutes
now 2017-04-27 14:25:05.421000 return data: last bar 2017-04-27 14:25:00 last processed bar 2017-04-27 14:15:00
WEN: Warning! 596 bars requested 78 bars returned.
start_idx [(19, Timestamp('2017-04-27 09:35:00'))]
start_ema 2017-04-27 08:00:00 start_vwap 2017-04-27 09:35:00 last_bar 2017-04-27 14:25:00 Writing to ./data/WEN_livesignals_20170427_09_40_45.csv ./data/WEN_last.csv
ET:  0.02  minutes
now 2017-04-27 14:30:00.766000 return None: last bar 2017-04-27 14:25:00 last processed bar 2017-04-27 14:25:00
WEN getFeed did not return any data! last bar: 2017-04-27 14:25:00 now: 14:30:00.883000
now 2017-04-27 14:35:01.039000 return data: last bar 2017-04-27 14:30:00 last processed bar 2017-04-27 14:25:00
WEN: Warning! 596 bars requested 79 bars returned.
start_idx [(19, Timestamp('2017-04-27 09:35:00'))]
start_ema 2017-04-27 08:00:00 start_vwap 2017-04-27 09:35:00 last_bar 2017-04-27 14:30:00 Writing to ./data/WEN_livesignals_20170427_09_40_45.csv ./data/WEN_last.csv
ET:  0.07  minutes
now 2017-04-27 14:40:02.765000 return data: last bar 2017-04-27 14:35:00 last processed bar 2017-04-27 14:30:00
WEN: Warning! 596 bars requested 80 bars returned.
start_idx [(19, Timestamp('2017-04-27 09:35:00'))]
start_ema 2017-04-27 08:00:00 start_vwap 2017-04-27 09:35:00 last_bar 2017-04-27 14:35:00 Writing to ./data/WEN_livesignals_20170427_09_40_45.csv ./data/WEN_last.csv
ET:  0.03  minutes
now 2017-04-27 14:45:02.325000 return data: last bar 2017-04-27 14:40:00 last processed bar 2017-04-27 14:35:00
WEN: Warning! 596 bars requested 81 bars returned.
start_idx [(19, Timestamp('2017-04-27 09:35:00'))]
start_ema 2017-04-27 08:00:00 start_vwap 2017-04-27 09:35:00 last_bar 2017-04-27 14:40:00 Writing to ./data/WEN_livesignals_20170427_09_40_45.csv ./data/WEN_last.csv
ET:  0.06  minutes
now 2017-04-27 14:50:01.552000 return data: last bar 2017-04-27 14:45:00 last processed bar 2017-04-27 14:40:00
WEN: Warning! 596 bars requested 82 bars returned.
start_idx [(19, Timestamp('2017-04-27 09:35:00'))]
start_ema 2017-04-27 08:00:00 start_vwap 2017-04-27 09:35:00 last_bar 2017-04-27 14:45:00 Writing to ./data/WEN_livesignals_20170427_09_40_45.csv ./data/WEN_last.csv
ET:  0.06  minutes
now 2017-04-27 14:55:01.989000 return data: last bar 2017-04-27 14:50:00 last processed bar 2017-04-27 14:45:00
WEN: Warning! 596 bars requested 83 bars returned.
start_idx [(19, Timestamp('2017-04-27 09:35:00'))]
start_ema 2017-04-27 08:00:00 start_vwap 2017-04-27 09:35:00 last_bar 2017-04-27 14:50:00 Writing to ./data/WEN_livesignals_20170427_09_40_45.csv ./data/WEN_last.csv
ET:  0.08  minutes
now 2017-04-27 15:00:02.476000 return data: last bar 2017-04-27 14:55:00 last processed bar 2017-04-27 14:50:00
WEN: Warning! 596 bars requested 84 bars returned.
start_idx [(19, Timestamp('2017-04-27 09:35:00'))]
start_ema 2017-04-27 08:00:00 start_vwap 2017-04-27 09:35:00 last_bar 2017-04-27 14:55:00 Writing to ./data/WEN_livesignals_20170427_09_40_45.csv ./data/WEN_last.csv
ET:  0.04  minutes
now 2017-04-27 15:05:04.610000 return data: last bar 2017-04-27 15:00:00 last processed bar 2017-04-27 14:55:00
WEN: Warning! 596 bars requested 85 bars returned.
start_idx [(19, Timestamp('2017-04-27 09:35:00'))]
start_ema 2017-04-27 08:00:00 start_vwap 2017-04-27 09:35:00 last_bar 2017-04-27 15:00:00 Writing to ./data/WEN_livesignals_20170427_09_40_45.csv ./data/WEN_last.csv
ET:  0.04  minutes
now 2017-04-27 15:10:00.343000 return data: last bar 2017-04-27 15:05:00 last processed bar 2017-04-27 15:00:00
WEN: Warning! 596 bars requested 86 bars returned.
start_idx [(19, Timestamp('2017-04-27 09:35:00'))]
start_ema 2017-04-27 08:00:00 start_vwap 2017-04-27 09:35:00 last_bar 2017-04-27 15:05:00 Writing to ./data/WEN_livesignals_20170427_09_40_45.csv ./data/WEN_last.csv
ET:  0.09  minutes
now 2017-04-27 15:15:00.576000 return data: last bar 2017-04-27 15:10:00 last processed bar 2017-04-27 15:05:00
WEN: Warning! 596 bars requested 87 bars returned.
start_idx [(19, Timestamp('2017-04-27 09:35:00'))]
start_ema 2017-04-27 08:00:00 start_vwap 2017-04-27 09:35:00 last_bar 2017-04-27 15:10:00 Writing to ./data/WEN_livesignals_20170427_09_40_45.csv ./data/WEN_last.csv
ET:  0.09  minutes
now 2017-04-27 15:20:00.057000 return data: last bar 2017-04-27 15:15:00 last processed bar 2017-04-27 15:10:00
WEN: Warning! 596 bars requested 88 bars returned.
start_idx [(19, Timestamp('2017-04-27 09:35:00'))]
start_ema 2017-04-27 08:00:00 start_vwap 2017-04-27 09:35:00 last_bar 2017-04-27 15:15:00 Writing to ./data/WEN_livesignals_20170427_09_40_45.csv ./data/WEN_last.csv
ET:  0.1  minutes
now 2017-04-27 15:25:00.250000 return data: last bar 2017-04-27 15:20:00 last processed bar 2017-04-27 15:15:00
WEN: Warning! 596 bars requested 89 bars returned.
start_idx [(19, Timestamp('2017-04-27 09:35:00'))]
start_ema 2017-04-27 08:00:00 start_vwap 2017-04-27 09:35:00 last_bar 2017-04-27 15:20:00 Writing to ./data/WEN_livesignals_20170427_09_40_45.csv ./data/WEN_last.csv
ET:  0.09  minutes
now 2017-04-27 15:30:02.670000 return data: last bar 2017-04-27 15:25:00 last processed bar 2017-04-27 15:20:00
WEN: Warning! 596 bars requested 90 bars returned.
start_idx [(19, Timestamp('2017-04-27 09:35:00'))]
start_ema 2017-04-27 08:00:00 start_vwap 2017-04-27 09:35:00 last_bar 2017-04-27 15:25:00 Writing to ./data/WEN_livesignals_20170427_09_40_45.csv ./data/WEN_last.csv
ET:  0.07  minutes
now 2017-04-27 15:35:02.084000 return data: last bar 2017-04-27 15:30:00 last processed bar 2017-04-27 15:25:00
WEN: Warning! 596 bars requested 91 bars returned.
start_idx [(19, Timestamp('2017-04-27 09:35:00'))]
start_ema 2017-04-27 08:00:00 start_vwap 2017-04-27 09:35:00 last_bar 2017-04-27 15:30:00 Writing to ./data/WEN_livesignals_20170427_09_40_45.csv ./data/WEN_last.csv
ET:  0.06  minutes
now 2017-04-27 15:40:00.926000 return data: last bar 2017-04-27 15:35:00 last processed bar 2017-04-27 15:30:00
WEN: Warning! 596 bars requested 92 bars returned.
start_idx [(19, Timestamp('2017-04-27 09:35:00'))]
start_ema 2017-04-27 08:00:00 start_vwap 2017-04-27 09:35:00 last_bar 2017-04-27 15:35:00 Writing to ./data/WEN_livesignals_20170427_09_40_45.csv ./data/WEN_last.csv
ET:  0.09  minutes
now 2017-04-27 15:45:02.062000 return data: last bar 2017-04-27 15:40:00 last processed bar 2017-04-27 15:35:00
WEN: Warning! 596 bars requested 93 bars returned.
start_idx [(19, Timestamp('2017-04-27 09:35:00'))]
start_ema 2017-04-27 08:00:00 start_vwap 2017-04-27 09:35:00 last_bar 2017-04-27 15:40:00 Writing to ./data/WEN_livesignals_20170427_09_40_45.csv ./data/WEN_last.csv
ET:  0.07  minutes
now 2017-04-27 15:50:00.934000 return data: last bar 2017-04-27 15:45:00 last processed bar 2017-04-27 15:40:00
WEN: Warning! 596 bars requested 94 bars returned.
start_idx [(19, Timestamp('2017-04-27 09:35:00'))]
start_ema 2017-04-27 08:00:00 start_vwap 2017-04-27 09:35:00 last_bar 2017-04-27 15:45:00 Writing to ./data/WEN_livesignals_20170427_09_40_45.csv ./data/WEN_last.csv
ET:  0.07  minutes
now 2017-04-27 15:55:02.376000
