Traceback (most recent call last):
  File "./frankenstein.py", line 16, in <module>
    import scripts.iqfeed.dbhist as dbhist
  File "E:\Frankenstein\scripts\iqfeed\dbhist.py", line 28, in <module>
    import beCOMPANY.settings as settings
  File "E:\Frankenstein\beCOMPANY\settings.py", line 128, in <module>
    django.setup()
  File "d:\anaconda2\lib\site-packages\django\__init__.py", line 18, in setup
    apps.populate(settings.INSTALLED_APPS)
  File "d:\anaconda2\lib\site-packages\django\apps\registry.py", line 108, in populate
    app_config.import_models(all_models)
  File "d:\anaconda2\lib\site-packages\django\apps\config.py", line 202, in import_models
    self.models_module = import_module(models_module_name)
  File "d:\anaconda2\lib\importlib\__init__.py", line 37, in import_module
    __import__(name)
  File "E:\Frankenstein\main\models.py", line 215, in <module>
    class Company(models.Model):
  File "E:\Frankenstein\main\models.py", line 348, in Company
    default=2006, blank=True, null=True, db_index=True)
  File "d:\anaconda2\lib\site-packages\django\db\models\fields\__init__.py", line 167, in __init__
    self.auto_created = auto_created
MemoryError
