return data: last bar 2017-04-21 09:45:00 last processed bar 1000-01-01 00:00:00
596 bars requested 7 bars returned
start_idx [(4, Timestamp('2017-04-21 09:35:00'))]
start_ema 2017-04-20 15:55:00 data.dropna() feed returned insufficient data
now 2017-04-21 09:50:00.442000 return None: last bar 2017-04-21 09:45:00 last processed bar 2017-04-21 09:45:00
WRD getFeed did not return any data! last bar: 2017-04-21 09:45:00 now: 09:50:01.147000
now 2017-04-21 09:55:00.112000 return data: last bar 2017-04-21 09:50:00 last processed bar 2017-04-21 09:45:00
596 bars requested 8 bars returned
start_idx [(4, Timestamp('2017-04-21 09:35:00'))]
start_ema 2017-04-20 15:55:00 data.dropna() feed returned insufficient data
now 2017-04-21 10:00:01.986000 return data: last bar 2017-04-21 09:55:00 last processed bar 2017-04-21 09:50:00
596 bars requested 9 bars returned
start_idx [(4, Timestamp('2017-04-21 09:35:00'))]
start_ema 2017-04-20 15:55:00 data.dropna() feed returned insufficient data
now 2017-04-21 10:05:00.271000 return data: last bar 2017-04-21 10:00:00 last processed bar 2017-04-21 09:55:00
596 bars requested 10 bars returned
start_idx [(4, Timestamp('2017-04-21 09:35:00'))]
start_ema 2017-04-20 15:55:00 data.dropna() feed returned insufficient data
now 2017-04-21 10:10:00.272000 return data: last bar 2017-04-21 10:05:00 last processed bar 2017-04-21 10:00:00
596 bars requested 596 bars returned
start_idx [(589, Timestamp('2017-04-21 09:35:00'))]
start_ema 2017-04-20 14:40:00 start_vwap 2017-04-21 09:35:00 last_bar 2017-04-21 10:05:00 ET:  0.04  minutes
now 2017-04-21 10:15:03.938000 return data: last bar 2017-04-21 10:10:00 last processed bar 2017-04-21 10:05:00
596 bars requested 596 bars returned
start_idx [(588, Timestamp('2017-04-21 09:35:00'))]
start_ema 2017-04-20 14:40:00 start_vwap 2017-04-21 09:35:00 last_bar 2017-04-21 10:10:00 Writing to ./data/WRD_livesignals_20170421_09_46_05.csv ./data/WRD_last.csv
ET:  0.16  minutes
now 2017-04-21 10:20:01.109000 return data: last bar 2017-04-21 10:15:00 last processed bar 2017-04-21 10:10:00
596 bars requested 596 bars returned
start_idx [(587, Timestamp('2017-04-21 09:35:00'))]
start_ema 2017-04-20 14:40:00 start_vwap 2017-04-21 09:35:00 last_bar 2017-04-21 10:15:00 Writing to ./data/WRD_livesignals_20170421_09_46_05.csv ./data/WRD_last.csv
ET:  0.19  minutes
now 2017-04-21 10:25:00.795000 return data: last bar 2017-04-21 10:25:00 last processed bar 2017-04-21 10:15:00
596 bars requested 596 bars returned
start_idx [(585, Timestamp('2017-04-21 09:35:00'))]
start_ema 2017-04-20 14:40:00 start_vwap 2017-04-21 09:35:00 last_bar 2017-04-21 10:25:00 Writing to ./data/WRD_livesignals_20170421_09_46_05.csv ./data/WRD_last.csv
ET:  0.06  minutes
now 2017-04-21 10:30:00.878000 return data: last bar 2017-04-21 10:30:00 last processed bar 2017-04-21 10:25:00
596 bars requested 596 bars returned
start_idx [(584, Timestamp('2017-04-21 09:35:00'))]
start_ema 2017-04-20 14:40:00 start_vwap 2017-04-21 09:35:00 last_bar 2017-04-21 10:30:00 Writing to ./data/WRD_livesignals_20170421_09_46_05.csv ./data/WRD_last.csv
ET:  0.2  minutes
now 2017-04-21 10:35:00.857000 return data: last bar 2017-04-21 10:35:00 last processed bar 2017-04-21 10:30:00
596 bars requested 596 bars returned
start_idx [(583, Timestamp('2017-04-21 09:35:00'))]
start_ema 2017-04-20 14:40:00 start_vwap 2017-04-21 09:35:00 last_bar 2017-04-21 10:35:00 Writing to ./data/WRD_livesignals_20170421_09_46_05.csv ./data/WRD_last.csv
ET:  0.21  minutes
now 2017-04-21 10:40:00.849000 return data: last bar 2017-04-21 10:40:00 last processed bar 2017-04-21 10:35:00
596 bars requested 596 bars returned
start_idx [(582, Timestamp('2017-04-21 09:35:00'))]
start_ema 2017-04-20 14:40:00 start_vwap 2017-04-21 09:35:00 last_bar 2017-04-21 10:40:00 Close                       10.785
High                         10.83
Low                           10.7
Open                         10.74
Volume                      108670
ClosePC                 0.00418994
EMA9                       10.6887
EMA9PC                  0.00225804
EMA20                      10.6873
EMA9XEMA20                       1
ClosePC>0.003                    1
EMA9PC>0.001                     1
EMA9>EMA20                       1
VP                     1.17056e+06
TotalVP                3.33195e+06
TotalVolume                 311952
VWAP                        10.681
EMA9>VWAP                        1
impulse                          1
state                            1
F                                1
_QTY                        10.785
QTY                            463
value                      4993.45
timestamp        20170421 10:40:09
Name: 2017-04-21 10:40:00, dtype: object
Signal Found! Transmitting order: {'symbol': 'WRD', 'typeofsymbol': 'stock', 'quant': 463}
Saved ./data/110064634/WRD.json
{
   "ok" : "1",
   "response" : [
      {
         "underlying" : null,
         "symbol" : "SPU",
         "putcall" : null,
         "strike" : null,
         "typeofsymbol" : "stock",
         "quant" : "0",
         "expir" : null
      },
      {
         "underlying" : null,
         "symbol" : "DK",
         "putcall" : null,
         "strike" : null,
         "typeofsymbol" : "stock",
         "quant" : "0",
         "expir" : null
      },
      {
         "underlying" : null,
         "symbol" : "HTZ",
         "putcall" : null,
         "strike" : null,
         "typeofsymbol" : "stock",
         "quant" : "313",
         "expir" : null
      },
      {
         "underlying" : null,
         "symbol" : "WRD",
         "putcall" : null,
         "strike" : null,
         "typeofsymbol" : "stock",
         "quant" : "463",
         "expir" : null
      },
      {
         "underlying" : null,
         "symbol" : "SAEX",
         "putcall" : null,
         "strike" : null,
         "typeofsymbol" : "stock",
         "quant" : "875",
         "expir" : null
      }
   ]
}

sent signal to broker
Writing to ./data/WRD_livesignals_20170421_09_46_05.csv ./data/WRD_last.csv
ET:  0.22  minutes
now 2017-04-21 10:45:00.389000 return data: last bar 2017-04-21 10:45:00 last processed bar 2017-04-21 10:40:00
596 bars requested 596 bars returned
start_idx [(581, Timestamp('2017-04-21 09:35:00'))]
start_ema 2017-04-20 14:40:00 start_vwap 2017-04-21 09:35:00 last_bar 2017-04-21 10:45:00 Writing to ./data/WRD_livesignals_20170421_09_46_05.csv ./data/WRD_last.csv
ET:  0.2  minutes
now 2017-04-21 10:50:00.699000 return data: last bar 2017-04-21 10:50:00 last processed bar 2017-04-21 10:45:00
596 bars requested 596 bars returned
start_idx [(580, Timestamp('2017-04-21 09:35:00'))]
start_ema 2017-04-20 14:40:00 start_vwap 2017-04-21 09:35:00 last_bar 2017-04-21 10:50:00 Writing to ./data/WRD_livesignals_20170421_09_46_05.csv ./data/WRD_last.csv
ET:  0.19  minutes
now 2017-04-21 10:55:01.004000 return data: last bar 2017-04-21 10:55:00 last processed bar 2017-04-21 10:50:00
596 bars requested 596 bars returned
start_idx [(579, Timestamp('2017-04-21 09:35:00'))]
start_ema 2017-04-20 14:40:00 start_vwap 2017-04-21 09:35:00 last_bar 2017-04-21 10:55:00 Writing to ./data/WRD_livesignals_20170421_09_46_05.csv ./data/WRD_last.csv
ET:  0.17  minutes
now 2017-04-21 11:00:00.303000 return data: last bar 2017-04-21 11:00:00 last processed bar 2017-04-21 10:55:00
596 bars requested 596 bars returned
start_idx [(578, Timestamp('2017-04-21 09:35:00'))]
start_ema 2017-04-20 14:40:00 start_vwap 2017-04-21 09:35:00 last_bar 2017-04-21 11:00:00 Writing to ./data/WRD_livesignals_20170421_09_46_05.csv ./data/WRD_last.csv
ET:  0.1  minutes
now 2017-04-21 11:05:00.449000 return data: last bar 2017-04-21 11:05:00 last processed bar 2017-04-21 11:00:00
596 bars requested 596 bars returned
start_idx [(577, Timestamp('2017-04-21 09:35:00'))]
start_ema 2017-04-20 14:40:00 start_vwap 2017-04-21 09:35:00 last_bar 2017-04-21 11:05:00 Writing to ./data/WRD_livesignals_20170421_09_46_05.csv ./data/WRD_last.csv
ET:  0.16  minutes
now 2017-04-21 11:10:00.408000 return data: last bar 2017-04-21 11:10:00 last processed bar 2017-04-21 11:05:00
596 bars requested 596 bars returned
start_idx [(576, Timestamp('2017-04-21 09:35:00'))]
start_ema 2017-04-20 14:40:00 start_vwap 2017-04-21 09:35:00 last_bar 2017-04-21 11:10:00 Writing to ./data/WRD_livesignals_20170421_09_46_05.csv ./data/WRD_last.csv
ET:  0.08  minutes
now 2017-04-21 11:15:01.491000 return data: last bar 2017-04-21 11:15:00 last processed bar 2017-04-21 11:10:00
596 bars requested 596 bars returned
start_idx [(575, Timestamp('2017-04-21 09:35:00'))]
start_ema 2017-04-20 14:40:00 start_vwap 2017-04-21 09:35:00 last_bar 2017-04-21 11:15:00 Writing to ./data/WRD_livesignals_20170421_09_46_05.csv ./data/WRD_last.csv
ET:  0.17  minutes
now 2017-04-21 11:20:02.305000 return data: last bar 2017-04-21 11:20:00 last processed bar 2017-04-21 11:15:00
596 bars requested 596 bars returned
start_idx [(574, Timestamp('2017-04-21 09:35:00'))]
start_ema 2017-04-20 14:40:00 start_vwap 2017-04-21 09:35:00 last_bar 2017-04-21 11:20:00 Writing to ./data/WRD_livesignals_20170421_09_46_05.csv ./data/WRD_last.csv
ET:  0.16  minutes
now 2017-04-21 11:25:00.179000 return data: last bar 2017-04-21 11:25:00 last processed bar 2017-04-21 11:20:00
2 bars requested 2 bars returned
596 bars requested 22 bars returned
start_idx [(0, Timestamp('2017-04-21 09:35:00'))]
start_ema 2017-04-21 09:50:00 data.dropna() feed returned insufficient data
now 2017-04-21 11:30:00.298000 return data: last bar 2017-04-21 11:30:00 last processed bar 2017-04-21 11:25:00
2 bars requested 2 bars returned
596 bars requested 22 bars returned
start_idx [(0, Timestamp('2017-04-21 09:35:00'))]
start_ema 2017-04-21 09:50:00 data.dropna() feed returned insufficient data
now 2017-04-21 11:35:00.587000 return data: last bar 2017-04-21 11:35:00 last processed bar 2017-04-21 11:30:00
2 bars requested 2 bars returned
596 bars requested 22 bars returned
start_idx [(0, Timestamp('2017-04-21 09:35:00'))]
start_ema 2017-04-21 09:50:00 data.dropna() feed returned insufficient data
now 2017-04-21 11:40:00.013000 return data: last bar 2017-04-21 11:40:00 last processed bar 2017-04-21 11:35:00
2 bars requested 2 bars returned
596 bars requested 22 bars returned
start_idx [(0, Timestamp('2017-04-21 09:35:00'))]
start_ema 2017-04-21 09:50:00 data.dropna() feed returned insufficient data
now 2017-04-21 11:40:02.898000 return None: last bar 2017-04-21 11:40:00 last processed bar 2017-04-21 11:40:00
2 bars requested None returned
WRD getFeed did not return any data! last bar: 2017-04-21 11:40:00 now: 11:40:02.912000
now 2017-04-21 11:45:00.245000 return data: last bar 2017-04-21 11:45:00 last processed bar 2017-04-21 11:40:00
2 bars requested 2 bars returned
596 bars requested 22 bars returned
start_idx [(0, Timestamp('2017-04-21 09:35:00'))]
start_ema 2017-04-21 09:50:00 data.dropna() feed returned insufficient data
now 2017-04-21 11:50:00.020000 return data: last bar 2017-04-21 11:50:00 last processed bar 2017-04-21 11:45:00
2 bars requested 2 bars returned
596 bars requested 22 bars returned
start_idx [(0, Timestamp('2017-04-21 09:35:00'))]
start_ema 2017-04-21 09:50:00 data.dropna() feed returned insufficient data
now 2017-04-21 11:55:00.084000 return data: last bar 2017-04-21 11:55:00 last processed bar 2017-04-21 11:50:00
2 bars requested 2 bars returned
596 bars requested 22 bars returned
start_idx [(0, Timestamp('2017-04-21 09:35:00'))]
start_ema 2017-04-21 09:50:00 data.dropna() feed returned insufficient data
now 2017-04-21 12:00:00.321000 return data: last bar 2017-04-21 12:00:00 last processed bar 2017-04-21 11:55:00
2 bars requested 2 bars returned
596 bars requested 22 bars returned
start_idx [(0, Timestamp('2017-04-21 09:35:00'))]
start_ema 2017-04-21 09:50:00 data.dropna() feed returned insufficient data
now 2017-04-21 12:05:00.859000 return data: last bar 2017-04-21 12:05:00 last processed bar 2017-04-21 12:00:00
2 bars requested 2 bars returned
596 bars requested 22 bars returned
start_idx [(0, Timestamp('2017-04-21 09:35:00'))]
start_ema 2017-04-21 09:50:00 data.dropna() feed returned insufficient data
now 2017-04-21 12:10:00.826000 return data: last bar 2017-04-21 12:10:00 last processed bar 2017-04-21 12:05:00
2 bars requested 2 bars returned
596 bars requested 22 bars returned
start_idx [(0, Timestamp('2017-04-21 09:35:00'))]
start_ema 2017-04-21 09:50:00 data.dropna() feed returned insufficient data
now 2017-04-21 12:15:00.305000 return data: last bar 2017-04-21 12:15:00 last processed bar 2017-04-21 12:10:00
2 bars requested 2 bars returned
596 bars requested 22 bars returned
start_idx [(0, Timestamp('2017-04-21 09:35:00'))]
start_ema 2017-04-21 09:50:00 data.dropna() feed returned insufficient data
now 2017-04-21 12:20:00.623000 return data: last bar 2017-04-21 12:20:00 last processed bar 2017-04-21 12:15:00
2 bars requested 2 bars returned
596 bars requested 22 bars returned
start_idx [(0, Timestamp('2017-04-21 09:35:00'))]
start_ema 2017-04-21 09:50:00 data.dropna() feed returned insufficient data
now 2017-04-21 12:25:00.666000 return data: last bar 2017-04-21 12:25:00 last processed bar 2017-04-21 12:20:00
2 bars requested 2 bars returned
596 bars requested 22 bars returned
start_idx [(0, Timestamp('2017-04-21 09:35:00'))]
start_ema 2017-04-21 09:50:00 data.dropna() feed returned insufficient data
now 2017-04-21 12:30:00.600000 return data: last bar 2017-04-21 12:30:00 last processed bar 2017-04-21 12:25:00
2 bars requested 2 bars returned
596 bars requested 22 bars returned
start_idx [(0, Timestamp('2017-04-21 09:35:00'))]
start_ema 2017-04-21 09:50:00 data.dropna() feed returned insufficient data
now 2017-04-21 12:35:00.753000 return data: last bar 2017-04-21 12:35:00 last processed bar 2017-04-21 12:30:00
2 bars requested 2 bars returned
596 bars requested 22 bars returned
start_idx [(0, Timestamp('2017-04-21 09:35:00'))]
start_ema 2017-04-21 09:50:00 data.dropna() feed returned insufficient data
now 2017-04-21 12:40:00.086000 return data: last bar 2017-04-21 12:40:00 last processed bar 2017-04-21 12:35:00
2 bars requested 2 bars returned
596 bars requested 22 bars returned
start_idx [(0, Timestamp('2017-04-21 09:35:00'))]
start_ema 2017-04-21 09:50:00 data.dropna() feed returned insufficient data
now 2017-04-21 12:45:00.381000 return data: last bar 2017-04-21 12:45:00 last processed bar 2017-04-21 12:40:00
2 bars requested 2 bars returned
596 bars requested 22 bars returned
start_idx [(0, Timestamp('2017-04-21 09:35:00'))]
start_ema 2017-04-21 09:50:00 data.dropna() feed returned insufficient data
now 2017-04-21 12:50:00.291000 return data: last bar 2017-04-21 12:50:00 last processed bar 2017-04-21 12:45:00
2 bars requested 2 bars returned
596 bars requested 22 bars returned
start_idx [(0, Timestamp('2017-04-21 09:35:00'))]
start_ema 2017-04-21 09:50:00 data.dropna() feed returned insufficient data
now 2017-04-21 12:55:00.223000 return data: last bar 2017-04-21 12:55:00 last processed bar 2017-04-21 12:50:00
2 bars requested 2 bars returned
596 bars requested 22 bars returned
start_idx [(0, Timestamp('2017-04-21 09:35:00'))]
start_ema 2017-04-21 09:50:00 data.dropna() feed returned insufficient data
now 2017-04-21 13:00:00.185000 return data: last bar 2017-04-21 13:00:00 last processed bar 2017-04-21 12:55:00
2 bars requested 2 bars returned
596 bars requested 22 bars returned
start_idx [(0, Timestamp('2017-04-21 09:35:00'))]
start_ema 2017-04-21 09:50:00 data.dropna() feed returned insufficient data
now 2017-04-21 13:05:00.479000 return data: last bar 2017-04-21 13:05:00 last processed bar 2017-04-21 13:00:00
2 bars requested 2 bars returned
596 bars requested 22 bars returned
start_idx [(0, Timestamp('2017-04-21 09:35:00'))]
start_ema 2017-04-21 09:50:00 data.dropna() feed returned insufficient data
now 2017-04-21 13:10:00.529000 return data: last bar 2017-04-21 13:10:00 last processed bar 2017-04-21 13:05:00
2 bars requested 2 bars returned
596 bars requested 22 bars returned
start_idx [(0, Timestamp('2017-04-21 09:35:00'))]
start_ema 2017-04-21 09:50:00 data.dropna() feed returned insufficient data
now 2017-04-21 13:15:00.665000 return data: last bar 2017-04-21 13:15:00 last processed bar 2017-04-21 13:10:00
2 bars requested 2 bars returned
596 bars requested 22 bars returned
start_idx [(0, Timestamp('2017-04-21 09:35:00'))]
start_ema 2017-04-21 09:50:00 data.dropna() feed returned insufficient data
now 2017-04-21 13:20:00.601000 return data: last bar 2017-04-21 13:20:00 last processed bar 2017-04-21 13:15:00
2 bars requested 2 bars returned
596 bars requested 22 bars returned
start_idx [(0, Timestamp('2017-04-21 09:35:00'))]
start_ema 2017-04-21 09:50:00 data.dropna() feed returned insufficient data
now 2017-04-21 13:25:00.380000 return data: last bar 2017-04-21 13:25:00 last processed bar 2017-04-21 13:20:00
2 bars requested 2 bars returned
596 bars requested 22 bars returned
start_idx [(0, Timestamp('2017-04-21 09:35:00'))]
start_ema 2017-04-21 09:50:00 data.dropna() feed returned insufficient data
now 2017-04-21 13:30:00.727000 return data: last bar 2017-04-21 13:30:00 last processed bar 2017-04-21 13:25:00
2 bars requested 2 bars returned
596 bars requested 22 bars returned
start_idx [(0, Timestamp('2017-04-21 09:35:00'))]
start_ema 2017-04-21 09:50:00 data.dropna() feed returned insufficient data
now 2017-04-21 13:35:00.042000 return data: last bar 2017-04-21 13:35:00 last processed bar 2017-04-21 13:30:00
2 bars requested 2 bars returned
596 bars requested 22 bars returned
start_idx [(0, Timestamp('2017-04-21 09:35:00'))]
start_ema 2017-04-21 09:50:00 data.dropna() feed returned insufficient data
now 2017-04-21 13:40:00.236000 return data: last bar 2017-04-21 13:40:00 last processed bar 2017-04-21 13:35:00
2 bars requested 2 bars returned
596 bars requested 22 bars returned
start_idx [(0, Timestamp('2017-04-21 09:35:00'))]
start_ema 2017-04-21 09:50:00 data.dropna() feed returned insufficient data
now 2017-04-21 13:45:00.528000 return data: last bar 2017-04-21 13:45:00 last processed bar 2017-04-21 13:40:00
2 bars requested 2 bars returned
596 bars requested 22 bars returned
start_idx [(0, Timestamp('2017-04-21 09:35:00'))]
start_ema 2017-04-21 09:50:00 data.dropna() feed returned insufficient data
now 2017-04-21 13:50:00.743000 return data: last bar 2017-04-21 13:50:00 last processed bar 2017-04-21 13:45:00
2 bars requested 2 bars returned
596 bars requested 22 bars returned
start_idx [(0, Timestamp('2017-04-21 09:35:00'))]
start_ema 2017-04-21 09:50:00 data.dropna() feed returned insufficient data
now 2017-04-21 13:55:00.919000 return data: last bar 2017-04-21 13:55:00 last processed bar 2017-04-21 13:50:00
2 bars requested 2 bars returned
596 bars requested 22 bars returned
start_idx [(0, Timestamp('2017-04-21 09:35:00'))]
start_ema 2017-04-21 09:50:00 data.dropna() feed returned insufficient data
now 2017-04-21 14:00:00.954000 return data: last bar 2017-04-21 14:00:00 last processed bar 2017-04-21 13:55:00
2 bars requested 2 bars returned
596 bars requested 22 bars returned
start_idx [(0, Timestamp('2017-04-21 09:35:00'))]
start_ema 2017-04-21 09:50:00 data.dropna() feed returned insufficient data
now 2017-04-21 14:05:00.191000 return data: last bar 2017-04-21 14:05:00 last processed bar 2017-04-21 14:00:00
2 bars requested 2 bars returned
596 bars requested 22 bars returned
start_idx [(0, Timestamp('2017-04-21 09:35:00'))]
start_ema 2017-04-21 09:50:00 data.dropna() feed returned insufficient data
now 2017-04-21 14:10:00.007000 return data: last bar 2017-04-21 14:10:00 last processed bar 2017-04-21 14:05:00
2 bars requested 2 bars returned
596 bars requested 22 bars returned
start_idx [(0, Timestamp('2017-04-21 09:35:00'))]
start_ema 2017-04-21 09:50:00 data.dropna() feed returned insufficient data
now 2017-04-21 14:15:00.596000 return data: last bar 2017-04-21 14:15:00 last processed bar 2017-04-21 14:10:00
2 bars requested 2 bars returned
596 bars requested 22 bars returned
start_idx [(0, Timestamp('2017-04-21 09:35:00'))]
start_ema 2017-04-21 09:50:00 data.dropna() feed returned insufficient data
now 2017-04-21 14:20:00.892000 return data: last bar 2017-04-21 14:20:00 last processed bar 2017-04-21 14:15:00
2 bars requested 2 bars returned
596 bars requested 22 bars returned
start_idx [(0, Timestamp('2017-04-21 09:35:00'))]
start_ema 2017-04-21 09:50:00 data.dropna() feed returned insufficient data
now 2017-04-21 14:25:01.327000 return None: last bar 2017-04-21 14:20:00 last processed bar 2017-04-21 14:20:00
2 bars requested None returned
WRD getFeed did not return any data! last bar: 2017-04-21 14:20:00 now: 14:25:01.640000
now 2017-04-21 14:30:00.124000 return None: last bar 2017-04-21 14:20:00 last processed bar 2017-04-21 14:20:00
2 bars requested None returned
WRD getFeed did not return any data! last bar: 2017-04-21 14:20:00 now: 14:30:00.557000
now 2017-04-21 14:35:00.765000 return None: last bar 2017-04-21 14:20:00 last processed bar 2017-04-21 14:20:00
2 bars requested None returned
WRD getFeed did not return any data! last bar: 2017-04-21 14:20:00 now: 14:35:00.902000
now 2017-04-21 14:40:00.688000 return None: last bar 2017-04-21 14:20:00 last processed bar 2017-04-21 14:20:00
2 bars requested None returned
WRD getFeed did not return any data! last bar: 2017-04-21 14:20:00 now: 14:40:00.976000
now 2017-04-21 14:45:00.825000 return None: last bar 2017-04-21 14:20:00 last processed bar 2017-04-21 14:20:00
2 bars requested None returned
WRD getFeed did not return any data! last bar: 2017-04-21 14:20:00 now: 14:45:01.041000
now 2017-04-21 14:50:00.313000 return None: last bar 2017-04-21 14:20:00 last processed bar 2017-04-21 14:20:00
2 bars requested None returned
WRD getFeed did not return any data! last bar: 2017-04-21 14:20:00 now: 14:50:00.347000
now 2017-04-21 14:55:00.093000 return None: last bar 2017-04-21 14:20:00 last processed bar 2017-04-21 14:20:00
2 bars requested None returned
WRD getFeed did not return any data! last bar: 2017-04-21 14:20:00 now: 14:55:00.286000
now 2017-04-21 15:00:00.679000 return None: last bar 2017-04-21 14:20:00 last processed bar 2017-04-21 14:20:00
2 bars requested None returned
WRD getFeed did not return any data! last bar: 2017-04-21 14:20:00 now: 15:00:00.889000
now 2017-04-21 15:05:00.871000 return None: last bar 2017-04-21 14:20:00 last processed bar 2017-04-21 14:20:00
2 bars requested None returned
WRD getFeed did not return any data! last bar: 2017-04-21 14:20:00 now: 15:05:01.391000
now 2017-04-21 15:10:00.499000 return None: last bar 2017-04-21 14:20:00 last processed bar 2017-04-21 14:20:00
2 bars requested None returned
WRD getFeed did not return any data! last bar: 2017-04-21 14:20:00 now: 15:10:00.682000
now 2017-04-21 15:15:01.031000 return None: last bar 2017-04-21 14:20:00 last processed bar 2017-04-21 14:20:00
2 bars requested None returned
WRD getFeed did not return any data! last bar: 2017-04-21 14:20:00 now: 15:15:01.381000
now 2017-04-21 15:20:00.681000 return None: last bar 2017-04-21 14:20:00 last processed bar 2017-04-21 14:20:00
2 bars requested None returned
WRD getFeed did not return any data! last bar: 2017-04-21 14:20:00 now: 15:20:00.914000
now 2017-04-21 15:25:00.417000 return None: last bar 2017-04-21 14:20:00 last processed bar 2017-04-21 14:20:00
2 bars requested None returned
WRD getFeed did not return any data! last bar: 2017-04-21 14:20:00 now: 15:25:00.653000
now 2017-04-21 15:30:01.190000 return None: last bar 2017-04-21 14:20:00 last processed bar 2017-04-21 14:20:00
2 bars requested None returned
WRD getFeed did not return any data! last bar: 2017-04-21 14:20:00 now: 15:30:01.519000
now 2017-04-21 15:35:00.424000 return None: last bar 2017-04-21 14:20:00 last processed bar 2017-04-21 14:20:00
2 bars requested None returned
WRD getFeed did not return any data! last bar: 2017-04-21 14:20:00 now: 15:35:00.774000
now 2017-04-21 15:40:00.800000 return None: last bar 2017-04-21 14:20:00 last processed bar 2017-04-21 14:20:00
2 bars requested None returned
WRD getFeed did not return any data! last bar: 2017-04-21 14:20:00 now: 15:40:01.208000
now 2017-04-21 15:45:00.535000 return None: last bar 2017-04-21 14:20:00 last processed bar 2017-04-21 14:20:00
2 bars requested None returned
WRD getFeed did not return any data! last bar: 2017-04-21 14:20:00 now: 15:45:01.575000
now 2017-04-21 15:50:00.590000 return None: last bar 2017-04-21 14:20:00 last processed bar 2017-04-21 14:20:00
2 bars requested None returned
WRD getFeed did not return any data! last bar: 2017-04-21 14:20:00 now: 15:50:00.753000
now 2017-04-21 15:55:00.043000
