return data: last bar 2017-04-27 09:35:00 last processed bar 1000-01-01 00:00:00
XRX: Warning! 596 bars requested 20 bars returned.
start_idx [(19, Timestamp('2017-04-27 09:35:00'))]
start_ema 2017-04-27 08:00:00 start_vwap 2017-04-27 09:35:00 last_bar 2017-04-27 09:35:00 ET:  0.04  minutes
now 2017-04-27 09:45:00.425000 return None: last bar 2017-04-27 09:35:00 last processed bar 2017-04-27 09:35:00
XRX getFeed did not return any data! last bar: 2017-04-27 09:35:00 now: 09:45:00.517000
now 2017-04-27 09:50:01.678000 return data: last bar 2017-04-27 09:40:00 last processed bar 2017-04-27 09:35:00
XRX: Warning! 596 bars requested 21 bars returned.
start_idx [(19, Timestamp('2017-04-27 09:35:00'))]
start_ema 2017-04-27 08:00:00 start_vwap 2017-04-27 09:35:00 last_bar 2017-04-27 09:40:00 Writing to ./data/XRX_livesignals_20170427_09_40_52.csv ./data/XRX_last.csv
ET:  0.1  minutes
now 2017-04-27 09:55:00.396000 return data: last bar 2017-04-27 09:45:00 last processed bar 2017-04-27 09:40:00
XRX: Warning! 596 bars requested 22 bars returned.
start_idx [(19, Timestamp('2017-04-27 09:35:00'))]
start_ema 2017-04-27 08:00:00 start_vwap 2017-04-27 09:35:00 last_bar 2017-04-27 09:45:00 Writing to ./data/XRX_livesignals_20170427_09_40_52.csv ./data/XRX_last.csv
ET:  0.06  minutes
now 2017-04-27 10:00:00.421000 return data: last bar 2017-04-27 09:50:00 last processed bar 2017-04-27 09:45:00
XRX: Warning! 596 bars requested 23 bars returned.
start_idx [(19, Timestamp('2017-04-27 09:35:00'))]
start_ema 2017-04-27 08:00:00 start_vwap 2017-04-27 09:35:00 last_bar 2017-04-27 09:50:00 Writing to ./data/XRX_livesignals_20170427_09_40_52.csv ./data/XRX_last.csv
ET:  0.06  minutes
now 2017-04-27 10:05:02.480000 return data: last bar 2017-04-27 09:55:00 last processed bar 2017-04-27 09:50:00
XRX: Warning! 596 bars requested 24 bars returned.
start_idx [(19, Timestamp('2017-04-27 09:35:00'))]
start_ema 2017-04-27 08:00:00 start_vwap 2017-04-27 09:35:00 last_bar 2017-04-27 09:55:00 Writing to ./data/XRX_livesignals_20170427_09_40_52.csv ./data/XRX_last.csv
ET:  0.06  minutes
now 2017-04-27 10:10:01.436000 return data: last bar 2017-04-27 10:00:00 last processed bar 2017-04-27 09:55:00
XRX: Warning! 596 bars requested 25 bars returned.
start_idx [(19, Timestamp('2017-04-27 09:35:00'))]
start_ema 2017-04-27 08:00:00 start_vwap 2017-04-27 09:35:00 last_bar 2017-04-27 10:00:00 Writing to ./data/XRX_livesignals_20170427_09_40_52.csv ./data/XRX_last.csv
ET:  0.1  minutes
now 2017-04-27 10:15:00.539000 return data: last bar 2017-04-27 10:10:00 last processed bar 2017-04-27 10:00:00
XRX: Warning! 596 bars requested 27 bars returned.
start_idx [(19, Timestamp('2017-04-27 09:35:00'))]
start_ema 2017-04-27 08:00:00 start_vwap 2017-04-27 09:35:00 last_bar 2017-04-27 10:10:00 Writing to ./data/XRX_livesignals_20170427_09_40_52.csv ./data/XRX_last.csv
ET:  0.06  minutes
now 2017-04-27 10:20:00.197000 return data: last bar 2017-04-27 10:15:00 last processed bar 2017-04-27 10:10:00
XRX: Warning! 596 bars requested 28 bars returned.
start_idx [(19, Timestamp('2017-04-27 09:35:00'))]
start_ema 2017-04-27 08:00:00 start_vwap 2017-04-27 09:35:00 last_bar 2017-04-27 10:15:00 Writing to ./data/XRX_livesignals_20170427_09_40_52.csv ./data/XRX_last.csv
ET:  0.06  minutes
now 2017-04-27 10:25:00.202000 return data: last bar 2017-04-27 10:20:00 last processed bar 2017-04-27 10:15:00
XRX: Warning! 596 bars requested 29 bars returned.
start_idx [(19, Timestamp('2017-04-27 09:35:00'))]
start_ema 2017-04-27 08:00:00 start_vwap 2017-04-27 09:35:00 last_bar 2017-04-27 10:20:00 Writing to ./data/XRX_livesignals_20170427_09_40_52.csv ./data/XRX_last.csv
ET:  0.07  minutes
now 2017-04-27 10:30:00.560000 return data: last bar 2017-04-27 10:25:00 last processed bar 2017-04-27 10:20:00
XRX: Warning! 596 bars requested 30 bars returned.
start_idx [(19, Timestamp('2017-04-27 09:35:00'))]
start_ema 2017-04-27 08:00:00 start_vwap 2017-04-27 09:35:00 last_bar 2017-04-27 10:25:00 Writing to ./data/XRX_livesignals_20170427_09_40_52.csv ./data/XRX_last.csv
ET:  0.08  minutes
now 2017-04-27 10:35:00.558000 return data: last bar 2017-04-27 10:30:00 last processed bar 2017-04-27 10:25:00
XRX: Warning! 596 bars requested 31 bars returned.
start_idx [(19, Timestamp('2017-04-27 09:35:00'))]
start_ema 2017-04-27 08:00:00 start_vwap 2017-04-27 09:35:00 last_bar 2017-04-27 10:30:00 Writing to ./data/XRX_livesignals_20170427_09_40_52.csv ./data/XRX_last.csv
ET:  0.1  minutes
now 2017-04-27 10:40:01.175000 return data: last bar 2017-04-27 10:35:00 last processed bar 2017-04-27 10:30:00
XRX: Warning! 596 bars requested 32 bars returned.
start_idx [(19, Timestamp('2017-04-27 09:35:00'))]
start_ema 2017-04-27 08:00:00 start_vwap 2017-04-27 09:35:00 last_bar 2017-04-27 10:35:00 Writing to ./data/XRX_livesignals_20170427_09_40_52.csv ./data/XRX_last.csv
ET:  0.05  minutes
now 2017-04-27 10:45:00.356000 return data: last bar 2017-04-27 10:40:00 last processed bar 2017-04-27 10:35:00
XRX: Warning! 596 bars requested 33 bars returned.
start_idx [(19, Timestamp('2017-04-27 09:35:00'))]
start_ema 2017-04-27 08:00:00 start_vwap 2017-04-27 09:35:00 last_bar 2017-04-27 10:40:00 Writing to ./data/XRX_livesignals_20170427_09_40_52.csv ./data/XRX_last.csv
ET:  0.06  minutes
now 2017-04-27 10:50:00.478000 return data: last bar 2017-04-27 10:45:00 last processed bar 2017-04-27 10:40:00
XRX: Warning! 596 bars requested 34 bars returned.
start_idx [(19, Timestamp('2017-04-27 09:35:00'))]
start_ema 2017-04-27 08:00:00 start_vwap 2017-04-27 09:35:00 last_bar 2017-04-27 10:45:00 Writing to ./data/XRX_livesignals_20170427_09_40_52.csv ./data/XRX_last.csv
ET:  0.11  minutes
now 2017-04-27 10:55:03.277000 return data: last bar 2017-04-27 10:50:00 last processed bar 2017-04-27 10:45:00
XRX: Warning! 596 bars requested 35 bars returned.
start_idx [(19, Timestamp('2017-04-27 09:35:00'))]
start_ema 2017-04-27 08:00:00 start_vwap 2017-04-27 09:35:00 last_bar 2017-04-27 10:50:00 Writing to ./data/XRX_livesignals_20170427_09_40_52.csv ./data/XRX_last.csv
ET:  0.05  minutes
now 2017-04-27 11:00:00.213000 return data: last bar 2017-04-27 10:55:00 last processed bar 2017-04-27 10:50:00
XRX: Warning! 596 bars requested 36 bars returned.
start_idx [(19, Timestamp('2017-04-27 09:35:00'))]
start_ema 2017-04-27 08:00:00 start_vwap 2017-04-27 09:35:00 last_bar 2017-04-27 10:55:00 Writing to ./data/XRX_livesignals_20170427_09_40_52.csv ./data/XRX_last.csv
ET:  0.07  minutes
now 2017-04-27 11:05:01.446000 return data: last bar 2017-04-27 11:00:00 last processed bar 2017-04-27 10:55:00
XRX: Warning! 596 bars requested 37 bars returned.
start_idx [(19, Timestamp('2017-04-27 09:35:00'))]
start_ema 2017-04-27 08:00:00 start_vwap 2017-04-27 09:35:00 last_bar 2017-04-27 11:00:00 Writing to ./data/XRX_livesignals_20170427_09_40_52.csv ./data/XRX_last.csv
ET:  0.05  minutes
now 2017-04-27 11:10:01.383000 return data: last bar 2017-04-27 11:05:00 last processed bar 2017-04-27 11:00:00
XRX: Warning! 596 bars requested 38 bars returned.
start_idx [(19, Timestamp('2017-04-27 09:35:00'))]
start_ema 2017-04-27 08:00:00 start_vwap 2017-04-27 09:35:00 last_bar 2017-04-27 11:05:00 Writing to ./data/XRX_livesignals_20170427_09_40_52.csv ./data/XRX_last.csv
ET:  0.06  minutes
now 2017-04-27 11:15:01.510000 return data: last bar 2017-04-27 11:10:00 last processed bar 2017-04-27 11:05:00
XRX: Warning! 596 bars requested 39 bars returned.
start_idx [(19, Timestamp('2017-04-27 09:35:00'))]
start_ema 2017-04-27 08:00:00 start_vwap 2017-04-27 09:35:00 last_bar 2017-04-27 11:10:00 Writing to ./data/XRX_livesignals_20170427_09_40_52.csv ./data/XRX_last.csv
ET:  0.1  minutes
now 2017-04-27 11:20:01.197000 return data: last bar 2017-04-27 11:15:00 last processed bar 2017-04-27 11:10:00
XRX: Warning! 596 bars requested 40 bars returned.
start_idx [(19, Timestamp('2017-04-27 09:35:00'))]
start_ema 2017-04-27 08:00:00 start_vwap 2017-04-27 09:35:00 last_bar 2017-04-27 11:15:00 Writing to ./data/XRX_livesignals_20170427_09_40_52.csv ./data/XRX_last.csv
ET:  0.12  minutes
now 2017-04-27 11:25:00.332000 return data: last bar 2017-04-27 11:20:00 last processed bar 2017-04-27 11:15:00
XRX: Warning! 596 bars requested 41 bars returned.
start_idx [(19, Timestamp('2017-04-27 09:35:00'))]
start_ema 2017-04-27 08:00:00 start_vwap 2017-04-27 09:35:00 last_bar 2017-04-27 11:20:00 Writing to ./data/XRX_livesignals_20170427_09_40_52.csv ./data/XRX_last.csv
ET:  0.12  minutes
now 2017-04-27 11:30:00.422000 return data: last bar 2017-04-27 11:25:00 last processed bar 2017-04-27 11:20:00
XRX: Warning! 596 bars requested 42 bars returned.
start_idx [(19, Timestamp('2017-04-27 09:35:00'))]
start_ema 2017-04-27 08:00:00 start_vwap 2017-04-27 09:35:00 last_bar 2017-04-27 11:25:00 Writing to ./data/XRX_livesignals_20170427_09_40_52.csv ./data/XRX_last.csv
ET:  0.07  minutes
now 2017-04-27 11:35:00.670000 return data: last bar 2017-04-27 11:30:00 last processed bar 2017-04-27 11:25:00
XRX: Warning! 596 bars requested 43 bars returned.
start_idx [(19, Timestamp('2017-04-27 09:35:00'))]
start_ema 2017-04-27 08:00:00 start_vwap 2017-04-27 09:35:00 last_bar 2017-04-27 11:30:00 Writing to ./data/XRX_livesignals_20170427_09_40_52.csv ./data/XRX_last.csv
ET:  0.07  minutes
now 2017-04-27 11:40:01.538000 return data: last bar 2017-04-27 11:35:00 last processed bar 2017-04-27 11:30:00
XRX: Warning! 596 bars requested 44 bars returned.
start_idx [(19, Timestamp('2017-04-27 09:35:00'))]
start_ema 2017-04-27 08:00:00 start_vwap 2017-04-27 09:35:00 last_bar 2017-04-27 11:35:00 Writing to ./data/XRX_livesignals_20170427_09_40_52.csv ./data/XRX_last.csv
ET:  0.07  minutes
now 2017-04-27 11:45:01.445000 return data: last bar 2017-04-27 11:40:00 last processed bar 2017-04-27 11:35:00
XRX: Warning! 596 bars requested 45 bars returned.
start_idx [(19, Timestamp('2017-04-27 09:35:00'))]
start_ema 2017-04-27 08:00:00 start_vwap 2017-04-27 09:35:00 last_bar 2017-04-27 11:40:00 Writing to ./data/XRX_livesignals_20170427_09_40_52.csv ./data/XRX_last.csv
ET:  0.07  minutes
now 2017-04-27 11:50:01.049000 return data: last bar 2017-04-27 11:45:00 last processed bar 2017-04-27 11:40:00
XRX: Warning! 596 bars requested 46 bars returned.
start_idx [(19, Timestamp('2017-04-27 09:35:00'))]
start_ema 2017-04-27 08:00:00 start_vwap 2017-04-27 09:35:00 last_bar 2017-04-27 11:45:00 Writing to ./data/XRX_livesignals_20170427_09_40_52.csv ./data/XRX_last.csv
ET:  0.06  minutes
now 2017-04-27 11:55:00.784000 return data: last bar 2017-04-27 11:50:00 last processed bar 2017-04-27 11:45:00
XRX: Warning! 596 bars requested 47 bars returned.
start_idx [(19, Timestamp('2017-04-27 09:35:00'))]
start_ema 2017-04-27 08:00:00 start_vwap 2017-04-27 09:35:00 last_bar 2017-04-27 11:50:00 Writing to ./data/XRX_livesignals_20170427_09_40_52.csv ./data/XRX_last.csv
ET:  0.08  minutes
now 2017-04-27 12:00:00.885000 return data: last bar 2017-04-27 11:55:00 last processed bar 2017-04-27 11:50:00
XRX: Warning! 596 bars requested 48 bars returned.
start_idx [(19, Timestamp('2017-04-27 09:35:00'))]
start_ema 2017-04-27 08:00:00 start_vwap 2017-04-27 09:35:00 last_bar 2017-04-27 11:55:00 Writing to ./data/XRX_livesignals_20170427_09_40_52.csv ./data/XRX_last.csv
ET:  0.09  minutes
now 2017-04-27 12:05:00.471000 return data: last bar 2017-04-27 12:00:00 last processed bar 2017-04-27 11:55:00
XRX: Warning! 596 bars requested 49 bars returned.
start_idx [(19, Timestamp('2017-04-27 09:35:00'))]
start_ema 2017-04-27 08:00:00 start_vwap 2017-04-27 09:35:00 last_bar 2017-04-27 12:00:00 Writing to ./data/XRX_livesignals_20170427_09_40_52.csv ./data/XRX_last.csv
ET:  0.09  minutes
now 2017-04-27 12:10:00.907000 return data: last bar 2017-04-27 12:05:00 last processed bar 2017-04-27 12:00:00
XRX: Warning! 596 bars requested 50 bars returned.
start_idx [(19, Timestamp('2017-04-27 09:35:00'))]
start_ema 2017-04-27 08:00:00 start_vwap 2017-04-27 09:35:00 last_bar 2017-04-27 12:05:00 Writing to ./data/XRX_livesignals_20170427_09_40_52.csv ./data/XRX_last.csv
ET:  0.08  minutes
now 2017-04-27 12:15:00.989000 return data: last bar 2017-04-27 12:10:00 last processed bar 2017-04-27 12:05:00
XRX: Warning! 596 bars requested 51 bars returned.
start_idx [(19, Timestamp('2017-04-27 09:35:00'))]
start_ema 2017-04-27 08:00:00 start_vwap 2017-04-27 09:35:00 last_bar 2017-04-27 12:10:00 Writing to ./data/XRX_livesignals_20170427_09_40_52.csv ./data/XRX_last.csv
ET:  0.08  minutes
now 2017-04-27 12:20:01.183000 return data: last bar 2017-04-27 12:15:00 last processed bar 2017-04-27 12:10:00
XRX: Warning! 596 bars requested 52 bars returned.
start_idx [(19, Timestamp('2017-04-27 09:35:00'))]
start_ema 2017-04-27 08:00:00 start_vwap 2017-04-27 09:35:00 last_bar 2017-04-27 12:15:00 Writing to ./data/XRX_livesignals_20170427_09_40_52.csv ./data/XRX_last.csv
ET:  0.09  minutes
now 2017-04-27 12:25:01.146000 return data: last bar 2017-04-27 12:20:00 last processed bar 2017-04-27 12:15:00
XRX: Warning! 596 bars requested 53 bars returned.
start_idx [(19, Timestamp('2017-04-27 09:35:00'))]
start_ema 2017-04-27 08:00:00 start_vwap 2017-04-27 09:35:00 last_bar 2017-04-27 12:20:00 Writing to ./data/XRX_livesignals_20170427_09_40_52.csv ./data/XRX_last.csv
ET:  0.06  minutes
now 2017-04-27 12:30:00.962000 return data: last bar 2017-04-27 12:25:00 last processed bar 2017-04-27 12:20:00
XRX: Warning! 596 bars requested 54 bars returned.
start_idx [(19, Timestamp('2017-04-27 09:35:00'))]
start_ema 2017-04-27 08:00:00 start_vwap 2017-04-27 09:35:00 last_bar 2017-04-27 12:25:00 Writing to ./data/XRX_livesignals_20170427_09_40_52.csv ./data/XRX_last.csv
ET:  0.08  minutes
now 2017-04-27 12:35:00.791000 return data: last bar 2017-04-27 12:30:00 last processed bar 2017-04-27 12:25:00
XRX: Warning! 596 bars requested 55 bars returned.
start_idx [(19, Timestamp('2017-04-27 09:35:00'))]
start_ema 2017-04-27 08:00:00 start_vwap 2017-04-27 09:35:00 last_bar 2017-04-27 12:30:00 Writing to ./data/XRX_livesignals_20170427_09_40_52.csv ./data/XRX_last.csv
ET:  0.07  minutes
now 2017-04-27 12:40:00.270000 return data: last bar 2017-04-27 12:35:00 last processed bar 2017-04-27 12:30:00
XRX: Warning! 596 bars requested 56 bars returned.
start_idx [(19, Timestamp('2017-04-27 09:35:00'))]
start_ema 2017-04-27 08:00:00 start_vwap 2017-04-27 09:35:00 last_bar 2017-04-27 12:35:00 Writing to ./data/XRX_livesignals_20170427_09_40_52.csv ./data/XRX_last.csv
ET:  0.08  minutes
now 2017-04-27 12:45:00.032000 return data: last bar 2017-04-27 12:40:00 last processed bar 2017-04-27 12:35:00
XRX: Warning! 596 bars requested 57 bars returned.
start_idx [(19, Timestamp('2017-04-27 09:35:00'))]
start_ema 2017-04-27 08:00:00 start_vwap 2017-04-27 09:35:00 last_bar 2017-04-27 12:40:00 Writing to ./data/XRX_livesignals_20170427_09_40_52.csv ./data/XRX_last.csv
ET:  0.06  minutes
now 2017-04-27 12:50:00.652000 return data: last bar 2017-04-27 12:45:00 last processed bar 2017-04-27 12:40:00
XRX: Warning! 596 bars requested 58 bars returned.
start_idx [(19, Timestamp('2017-04-27 09:35:00'))]
start_ema 2017-04-27 08:00:00 start_vwap 2017-04-27 09:35:00 last_bar 2017-04-27 12:45:00 Writing to ./data/XRX_livesignals_20170427_09_40_52.csv ./data/XRX_last.csv
ET:  0.05  minutes
now 2017-04-27 12:55:00.946000 return data: last bar 2017-04-27 12:50:00 last processed bar 2017-04-27 12:45:00
XRX: Warning! 596 bars requested 59 bars returned.
start_idx [(19, Timestamp('2017-04-27 09:35:00'))]
start_ema 2017-04-27 08:00:00 start_vwap 2017-04-27 09:35:00 last_bar 2017-04-27 12:50:00 Writing to ./data/XRX_livesignals_20170427_09_40_52.csv ./data/XRX_last.csv
ET:  0.08  minutes
now 2017-04-27 13:00:00.523000 return data: last bar 2017-04-27 12:55:00 last processed bar 2017-04-27 12:50:00
XRX: Warning! 596 bars requested 60 bars returned.
start_idx [(19, Timestamp('2017-04-27 09:35:00'))]
start_ema 2017-04-27 08:00:00 start_vwap 2017-04-27 09:35:00 last_bar 2017-04-27 12:55:00 Writing to ./data/XRX_livesignals_20170427_09_40_52.csv ./data/XRX_last.csv
ET:  0.07  minutes
now 2017-04-27 13:05:01.399000 return data: last bar 2017-04-27 13:00:00 last processed bar 2017-04-27 12:55:00
XRX: Warning! 596 bars requested 61 bars returned.
start_idx [(19, Timestamp('2017-04-27 09:35:00'))]
start_ema 2017-04-27 08:00:00 start_vwap 2017-04-27 09:35:00 last_bar 2017-04-27 13:00:00 Writing to ./data/XRX_livesignals_20170427_09_40_52.csv ./data/XRX_last.csv
ET:  0.08  minutes
now 2017-04-27 13:10:01.187000 return data: last bar 2017-04-27 13:05:00 last processed bar 2017-04-27 13:00:00
XRX: Warning! 596 bars requested 62 bars returned.
start_idx [(19, Timestamp('2017-04-27 09:35:00'))]
start_ema 2017-04-27 08:00:00 start_vwap 2017-04-27 09:35:00 last_bar 2017-04-27 13:05:00 Writing to ./data/XRX_livesignals_20170427_09_40_52.csv ./data/XRX_last.csv
ET:  0.07  minutes
now 2017-04-27 13:15:00.199000 return data: last bar 2017-04-27 13:10:00 last processed bar 2017-04-27 13:05:00
XRX: Warning! 596 bars requested 63 bars returned.
start_idx [(19, Timestamp('2017-04-27 09:35:00'))]
start_ema 2017-04-27 08:00:00 start_vwap 2017-04-27 09:35:00 last_bar 2017-04-27 13:10:00 Writing to ./data/XRX_livesignals_20170427_09_40_52.csv ./data/XRX_last.csv
ET:  0.08  minutes
now 2017-04-27 13:20:00.119000 return data: last bar 2017-04-27 13:15:00 last processed bar 2017-04-27 13:10:00
XRX: Warning! 596 bars requested 64 bars returned.
start_idx [(19, Timestamp('2017-04-27 09:35:00'))]
start_ema 2017-04-27 08:00:00 start_vwap 2017-04-27 09:35:00 last_bar 2017-04-27 13:15:00 Writing to ./data/XRX_livesignals_20170427_09_40_52.csv ./data/XRX_last.csv
ET:  0.08  minutes
now 2017-04-27 13:25:00.174000 return data: last bar 2017-04-27 13:20:00 last processed bar 2017-04-27 13:15:00
XRX: Warning! 596 bars requested 65 bars returned.
start_idx [(19, Timestamp('2017-04-27 09:35:00'))]
start_ema 2017-04-27 08:00:00 start_vwap 2017-04-27 09:35:00 last_bar 2017-04-27 13:20:00 Writing to ./data/XRX_livesignals_20170427_09_40_52.csv ./data/XRX_last.csv
ET:  0.08  minutes
now 2017-04-27 13:30:00.245000 return data: last bar 2017-04-27 13:25:00 last processed bar 2017-04-27 13:20:00
XRX: Warning! 596 bars requested 66 bars returned.
start_idx [(19, Timestamp('2017-04-27 09:35:00'))]
start_ema 2017-04-27 08:00:00 start_vwap 2017-04-27 09:35:00 last_bar 2017-04-27 13:25:00 Writing to ./data/XRX_livesignals_20170427_09_40_52.csv ./data/XRX_last.csv
ET:  0.06  minutes
now 2017-04-27 13:35:00.151000 return data: last bar 2017-04-27 13:30:00 last processed bar 2017-04-27 13:25:00
XRX: Warning! 596 bars requested 67 bars returned.
start_idx [(19, Timestamp('2017-04-27 09:35:00'))]
start_ema 2017-04-27 08:00:00 start_vwap 2017-04-27 09:35:00 last_bar 2017-04-27 13:30:00 Writing to ./data/XRX_livesignals_20170427_09_40_52.csv ./data/XRX_last.csv
ET:  0.06  minutes
now 2017-04-27 13:40:01.331000 return data: last bar 2017-04-27 13:35:00 last processed bar 2017-04-27 13:30:00
XRX: Warning! 596 bars requested 68 bars returned.
start_idx [(19, Timestamp('2017-04-27 09:35:00'))]
start_ema 2017-04-27 08:00:00 start_vwap 2017-04-27 09:35:00 last_bar 2017-04-27 13:35:00 Writing to ./data/XRX_livesignals_20170427_09_40_52.csv ./data/XRX_last.csv
ET:  0.09  minutes
now 2017-04-27 13:45:00.008000 return data: last bar 2017-04-27 13:40:00 last processed bar 2017-04-27 13:35:00
XRX: Warning! 596 bars requested 69 bars returned.
start_idx [(19, Timestamp('2017-04-27 09:35:00'))]
start_ema 2017-04-27 08:00:00 start_vwap 2017-04-27 09:35:00 last_bar 2017-04-27 13:40:00 Writing to ./data/XRX_livesignals_20170427_09_40_52.csv ./data/XRX_last.csv
ET:  0.07  minutes
now 2017-04-27 13:50:00.113000 return data: last bar 2017-04-27 13:45:00 last processed bar 2017-04-27 13:40:00
XRX: Warning! 596 bars requested 70 bars returned.
start_idx [(19, Timestamp('2017-04-27 09:35:00'))]
start_ema 2017-04-27 08:00:00 start_vwap 2017-04-27 09:35:00 last_bar 2017-04-27 13:45:00 Writing to ./data/XRX_livesignals_20170427_09_40_52.csv ./data/XRX_last.csv
ET:  0.07  minutes
now 2017-04-27 13:55:00.231000 return data: last bar 2017-04-27 13:50:00 last processed bar 2017-04-27 13:45:00
XRX: Warning! 596 bars requested 71 bars returned.
start_idx [(19, Timestamp('2017-04-27 09:35:00'))]
start_ema 2017-04-27 08:00:00 start_vwap 2017-04-27 09:35:00 last_bar 2017-04-27 13:50:00 Writing to ./data/XRX_livesignals_20170427_09_40_52.csv ./data/XRX_last.csv
ET:  0.06  minutes
now 2017-04-27 14:00:01.635000 return data: last bar 2017-04-27 13:55:00 last processed bar 2017-04-27 13:50:00
XRX: Warning! 596 bars requested 72 bars returned.
start_idx [(19, Timestamp('2017-04-27 09:35:00'))]
start_ema 2017-04-27 08:00:00 start_vwap 2017-04-27 09:35:00 last_bar 2017-04-27 13:55:00 Writing to ./data/XRX_livesignals_20170427_09_40_52.csv ./data/XRX_last.csv
ET:  0.06  minutes
now 2017-04-27 14:05:00.490000 return data: last bar 2017-04-27 14:00:00 last processed bar 2017-04-27 13:55:00
XRX: Warning! 596 bars requested 73 bars returned.
start_idx [(19, Timestamp('2017-04-27 09:35:00'))]
start_ema 2017-04-27 08:00:00 start_vwap 2017-04-27 09:35:00 last_bar 2017-04-27 14:00:00 Writing to ./data/XRX_livesignals_20170427_09_40_52.csv ./data/XRX_last.csv
ET:  0.08  minutes
now 2017-04-27 14:10:01.024000 return data: last bar 2017-04-27 14:05:00 last processed bar 2017-04-27 14:00:00
XRX: Warning! 596 bars requested 74 bars returned.
start_idx [(19, Timestamp('2017-04-27 09:35:00'))]
start_ema 2017-04-27 08:00:00 start_vwap 2017-04-27 09:35:00 last_bar 2017-04-27 14:05:00 Writing to ./data/XRX_livesignals_20170427_09_40_52.csv ./data/XRX_last.csv
ET:  0.08  minutes
now 2017-04-27 14:15:01.199000 return data: last bar 2017-04-27 14:10:00 last processed bar 2017-04-27 14:05:00
XRX: Warning! 596 bars requested 75 bars returned.
start_idx [(19, Timestamp('2017-04-27 09:35:00'))]
start_ema 2017-04-27 08:00:00 start_vwap 2017-04-27 09:35:00 last_bar 2017-04-27 14:10:00 Writing to ./data/XRX_livesignals_20170427_09_40_52.csv ./data/XRX_last.csv
ET:  0.04  minutes
now 2017-04-27 14:20:00.554000 return data: last bar 2017-04-27 14:15:00 last processed bar 2017-04-27 14:10:00
XRX: Warning! 596 bars requested 76 bars returned.
start_idx [(19, Timestamp('2017-04-27 09:35:00'))]
start_ema 2017-04-27 08:00:00 start_vwap 2017-04-27 09:35:00 last_bar 2017-04-27 14:15:00 Writing to ./data/XRX_livesignals_20170427_09_40_52.csv ./data/XRX_last.csv
ET:  0.08  minutes
now 2017-04-27 14:25:00.776000 return data: last bar 2017-04-27 14:20:00 last processed bar 2017-04-27 14:15:00
XRX: Warning! 596 bars requested 77 bars returned.
start_idx [(19, Timestamp('2017-04-27 09:35:00'))]
start_ema 2017-04-27 08:00:00 start_vwap 2017-04-27 09:35:00 last_bar 2017-04-27 14:20:00 Writing to ./data/XRX_livesignals_20170427_09_40_52.csv ./data/XRX_last.csv
ET:  0.07  minutes
now 2017-04-27 14:30:00.083000 return data: last bar 2017-04-27 14:25:00 last processed bar 2017-04-27 14:20:00
XRX: Warning! 596 bars requested 78 bars returned.
start_idx [(19, Timestamp('2017-04-27 09:35:00'))]
start_ema 2017-04-27 08:00:00 start_vwap 2017-04-27 09:35:00 last_bar 2017-04-27 14:25:00 Writing to ./data/XRX_livesignals_20170427_09_40_52.csv ./data/XRX_last.csv
ET:  0.08  minutes
now 2017-04-27 14:35:01.477000 return data: last bar 2017-04-27 14:30:00 last processed bar 2017-04-27 14:25:00
XRX: Warning! 596 bars requested 79 bars returned.
start_idx [(19, Timestamp('2017-04-27 09:35:00'))]
start_ema 2017-04-27 08:00:00 start_vwap 2017-04-27 09:35:00 last_bar 2017-04-27 14:30:00 Writing to ./data/XRX_livesignals_20170427_09_40_52.csv ./data/XRX_last.csv
ET:  0.06  minutes
now 2017-04-27 14:40:00.241000 return data: last bar 2017-04-27 14:35:00 last processed bar 2017-04-27 14:30:00
XRX: Warning! 596 bars requested 80 bars returned.
start_idx [(19, Timestamp('2017-04-27 09:35:00'))]
start_ema 2017-04-27 08:00:00 start_vwap 2017-04-27 09:35:00 last_bar 2017-04-27 14:35:00 Writing to ./data/XRX_livesignals_20170427_09_40_52.csv ./data/XRX_last.csv
ET:  0.05  minutes
now 2017-04-27 14:45:00.705000 return data: last bar 2017-04-27 14:40:00 last processed bar 2017-04-27 14:35:00
XRX: Warning! 596 bars requested 81 bars returned.
start_idx [(19, Timestamp('2017-04-27 09:35:00'))]
start_ema 2017-04-27 08:00:00 start_vwap 2017-04-27 09:35:00 last_bar 2017-04-27 14:40:00 Writing to ./data/XRX_livesignals_20170427_09_40_52.csv ./data/XRX_last.csv
ET:  0.08  minutes
now 2017-04-27 14:50:00.584000 return data: last bar 2017-04-27 14:45:00 last processed bar 2017-04-27 14:40:00
XRX: Warning! 596 bars requested 82 bars returned.
start_idx [(19, Timestamp('2017-04-27 09:35:00'))]
start_ema 2017-04-27 08:00:00 start_vwap 2017-04-27 09:35:00 last_bar 2017-04-27 14:45:00 Writing to ./data/XRX_livesignals_20170427_09_40_52.csv ./data/XRX_last.csv
ET:  0.08  minutes
now 2017-04-27 14:55:00.638000 return data: last bar 2017-04-27 14:50:00 last processed bar 2017-04-27 14:45:00
XRX: Warning! 596 bars requested 83 bars returned.
start_idx [(19, Timestamp('2017-04-27 09:35:00'))]
start_ema 2017-04-27 08:00:00 start_vwap 2017-04-27 09:35:00 last_bar 2017-04-27 14:50:00 Writing to ./data/XRX_livesignals_20170427_09_40_52.csv ./data/XRX_last.csv
ET:  0.07  minutes
now 2017-04-27 15:00:01.615000 return data: last bar 2017-04-27 14:55:00 last processed bar 2017-04-27 14:50:00
XRX: Warning! 596 bars requested 84 bars returned.
start_idx [(19, Timestamp('2017-04-27 09:35:00'))]
start_ema 2017-04-27 08:00:00 start_vwap 2017-04-27 09:35:00 last_bar 2017-04-27 14:55:00 Writing to ./data/XRX_livesignals_20170427_09_40_52.csv ./data/XRX_last.csv
ET:  0.07  minutes
now 2017-04-27 15:05:01.425000 return data: last bar 2017-04-27 15:00:00 last processed bar 2017-04-27 14:55:00
XRX: Warning! 596 bars requested 85 bars returned.
start_idx [(19, Timestamp('2017-04-27 09:35:00'))]
start_ema 2017-04-27 08:00:00 start_vwap 2017-04-27 09:35:00 last_bar 2017-04-27 15:00:00 Writing to ./data/XRX_livesignals_20170427_09_40_52.csv ./data/XRX_last.csv
ET:  0.04  minutes
now 2017-04-27 15:10:01.375000 return data: last bar 2017-04-27 15:05:00 last processed bar 2017-04-27 15:00:00
XRX: Warning! 596 bars requested 86 bars returned.
start_idx [(19, Timestamp('2017-04-27 09:35:00'))]
start_ema 2017-04-27 08:00:00 start_vwap 2017-04-27 09:35:00 last_bar 2017-04-27 15:05:00 Writing to ./data/XRX_livesignals_20170427_09_40_52.csv ./data/XRX_last.csv
ET:  0.06  minutes
now 2017-04-27 15:15:00.200000 return data: last bar 2017-04-27 15:10:00 last processed bar 2017-04-27 15:05:00
XRX: Warning! 596 bars requested 87 bars returned.
start_idx [(19, Timestamp('2017-04-27 09:35:00'))]
start_ema 2017-04-27 08:00:00 start_vwap 2017-04-27 09:35:00 last_bar 2017-04-27 15:10:00 Writing to ./data/XRX_livesignals_20170427_09_40_52.csv ./data/XRX_last.csv
ET:  0.08  minutes
now 2017-04-27 15:20:00.785000 return data: last bar 2017-04-27 15:15:00 last processed bar 2017-04-27 15:10:00
XRX: Warning! 596 bars requested 88 bars returned.
start_idx [(19, Timestamp('2017-04-27 09:35:00'))]
start_ema 2017-04-27 08:00:00 start_vwap 2017-04-27 09:35:00 last_bar 2017-04-27 15:15:00 Writing to ./data/XRX_livesignals_20170427_09_40_52.csv ./data/XRX_last.csv
ET:  0.07  minutes
now 2017-04-27 15:25:00.155000 return data: last bar 2017-04-27 15:20:00 last processed bar 2017-04-27 15:15:00
XRX: Warning! 596 bars requested 89 bars returned.
start_idx [(19, Timestamp('2017-04-27 09:35:00'))]
start_ema 2017-04-27 08:00:00 start_vwap 2017-04-27 09:35:00 last_bar 2017-04-27 15:20:00 Writing to ./data/XRX_livesignals_20170427_09_40_52.csv ./data/XRX_last.csv
ET:  0.04  minutes
now 2017-04-27 15:30:00.383000 return data: last bar 2017-04-27 15:25:00 last processed bar 2017-04-27 15:20:00
XRX: Warning! 596 bars requested 90 bars returned.
start_idx [(19, Timestamp('2017-04-27 09:35:00'))]
start_ema 2017-04-27 08:00:00 start_vwap 2017-04-27 09:35:00 last_bar 2017-04-27 15:25:00 Writing to ./data/XRX_livesignals_20170427_09_40_52.csv ./data/XRX_last.csv
ET:  0.05  minutes
now 2017-04-27 15:35:00.338000 return data: last bar 2017-04-27 15:30:00 last processed bar 2017-04-27 15:25:00
XRX: Warning! 596 bars requested 91 bars returned.
start_idx [(19, Timestamp('2017-04-27 09:35:00'))]
start_ema 2017-04-27 08:00:00 start_vwap 2017-04-27 09:35:00 last_bar 2017-04-27 15:30:00 Writing to ./data/XRX_livesignals_20170427_09_40_52.csv ./data/XRX_last.csv
ET:  0.07  minutes
now 2017-04-27 15:40:01.527000 return data: last bar 2017-04-27 15:35:00 last processed bar 2017-04-27 15:30:00
XRX: Warning! 596 bars requested 92 bars returned.
start_idx [(19, Timestamp('2017-04-27 09:35:00'))]
start_ema 2017-04-27 08:00:00 start_vwap 2017-04-27 09:35:00 last_bar 2017-04-27 15:35:00 Writing to ./data/XRX_livesignals_20170427_09_40_52.csv ./data/XRX_last.csv
ET:  0.04  minutes
now 2017-04-27 15:45:00.089000 return data: last bar 2017-04-27 15:40:00 last processed bar 2017-04-27 15:35:00
XRX: Warning! 596 bars requested 93 bars returned.
start_idx [(19, Timestamp('2017-04-27 09:35:00'))]
start_ema 2017-04-27 08:00:00 start_vwap 2017-04-27 09:35:00 last_bar 2017-04-27 15:40:00 Writing to ./data/XRX_livesignals_20170427_09_40_52.csv ./data/XRX_last.csv
ET:  0.09  minutes
now 2017-04-27 15:50:01.105000 return data: last bar 2017-04-27 15:45:00 last processed bar 2017-04-27 15:40:00
XRX: Warning! 596 bars requested 94 bars returned.
start_idx [(19, Timestamp('2017-04-27 09:35:00'))]
start_ema 2017-04-27 08:00:00 start_vwap 2017-04-27 09:35:00 last_bar 2017-04-27 15:45:00 Writing to ./data/XRX_livesignals_20170427_09_40_52.csv ./data/XRX_last.csv
ET:  0.08  minutes
now 2017-04-27 15:55:02.228000
